[2021-11-28 09:45:03,727] {processor.py:163} INFO - Started process (PID=308) to work on /home/airflow/.local/lib/python3.7/site-packages/airflow/example_dags/example_trigger_target_dag.py
[2021-11-28 09:45:03,727] {processor.py:625} INFO - Processing file /home/airflow/.local/lib/python3.7/site-packages/airflow/example_dags/example_trigger_target_dag.py for tasks to queue
[2021-11-28 09:45:03,728] {logging_mixin.py:109} INFO - [2021-11-28 09:45:03,727] {dagbag.py:500} INFO - Filling up the DagBag from /home/airflow/.local/lib/python3.7/site-packages/airflow/example_dags/example_trigger_target_dag.py
[2021-11-28 09:45:03,746] {processor.py:637} INFO - DAG(s) dict_keys(['example_trigger_target_dag']) retrieved from /home/airflow/.local/lib/python3.7/site-packages/airflow/example_dags/example_trigger_target_dag.py
[2021-11-28 09:45:04,741] {logging_mixin.py:109} INFO - [2021-11-28 09:45:04,741] {providers_manager.py:156} WARNING - Exception when importing 'airflow.providers.google.leveldb.hooks.leveldb.LevelDBHook' from 'apache-airflow-providers-google' package: No module named 'plyvel'
[2021-11-28 09:45:04,984] {logging_mixin.py:109} INFO - [2021-11-28 09:45:04,984] {providers_manager.py:156} WARNING - Exception when importing 'airflow.providers.google.leveldb.hooks.leveldb.LevelDBHook' from 'apache-airflow-providers-google' package: No module named 'plyvel'
[2021-11-28 09:45:05,004] {logging_mixin.py:109} INFO - [2021-11-28 09:45:05,004] {manager.py:496} INFO - Created Permission View: can read on DAG:example_trigger_target_dag
[2021-11-28 09:45:05,011] {logging_mixin.py:109} INFO - [2021-11-28 09:45:05,011] {manager.py:496} INFO - Created Permission View: can edit on DAG:example_trigger_target_dag
[2021-11-28 09:45:05,012] {logging_mixin.py:109} INFO - [2021-11-28 09:45:05,011] {dag.py:2396} INFO - Sync 1 DAGs
[2021-11-28 09:45:05,017] {logging_mixin.py:109} INFO - [2021-11-28 09:45:05,017] {dag.py:2415} INFO - Creating ORM DAG for example_trigger_target_dag
[2021-11-28 09:45:05,023] {logging_mixin.py:109} INFO - [2021-11-28 09:45:05,023] {dag.py:2928} INFO - Setting next_dagrun for example_trigger_target_dag to None
[2021-11-28 09:45:05,035] {processor.py:171} INFO - Processing /home/airflow/.local/lib/python3.7/site-packages/airflow/example_dags/example_trigger_target_dag.py took 1.310 seconds
[2021-11-28 09:45:35,751] {processor.py:163} INFO - Started process (PID=501) to work on /home/airflow/.local/lib/python3.7/site-packages/airflow/example_dags/example_trigger_target_dag.py
[2021-11-28 09:45:35,752] {processor.py:625} INFO - Processing file /home/airflow/.local/lib/python3.7/site-packages/airflow/example_dags/example_trigger_target_dag.py for tasks to queue
[2021-11-28 09:45:35,753] {logging_mixin.py:109} INFO - [2021-11-28 09:45:35,753] {dagbag.py:500} INFO - Filling up the DagBag from /home/airflow/.local/lib/python3.7/site-packages/airflow/example_dags/example_trigger_target_dag.py
[2021-11-28 09:45:35,775] {processor.py:637} INFO - DAG(s) dict_keys(['example_trigger_target_dag']) retrieved from /home/airflow/.local/lib/python3.7/site-packages/airflow/example_dags/example_trigger_target_dag.py
[2021-11-28 09:45:35,783] {logging_mixin.py:109} INFO - [2021-11-28 09:45:35,783] {dag.py:2396} INFO - Sync 1 DAGs
[2021-11-28 09:45:35,798] {logging_mixin.py:109} INFO - [2021-11-28 09:45:35,798] {dag.py:2928} INFO - Setting next_dagrun for example_trigger_target_dag to None
[2021-11-28 09:45:35,810] {processor.py:171} INFO - Processing /home/airflow/.local/lib/python3.7/site-packages/airflow/example_dags/example_trigger_target_dag.py took 0.061 seconds
[2021-11-28 09:46:06,401] {processor.py:163} INFO - Started process (PID=552) to work on /home/airflow/.local/lib/python3.7/site-packages/airflow/example_dags/example_trigger_target_dag.py
[2021-11-28 09:46:06,402] {processor.py:625} INFO - Processing file /home/airflow/.local/lib/python3.7/site-packages/airflow/example_dags/example_trigger_target_dag.py for tasks to queue
[2021-11-28 09:46:06,403] {logging_mixin.py:109} INFO - [2021-11-28 09:46:06,402] {dagbag.py:500} INFO - Filling up the DagBag from /home/airflow/.local/lib/python3.7/site-packages/airflow/example_dags/example_trigger_target_dag.py
[2021-11-28 09:46:06,426] {processor.py:637} INFO - DAG(s) dict_keys(['example_trigger_target_dag']) retrieved from /home/airflow/.local/lib/python3.7/site-packages/airflow/example_dags/example_trigger_target_dag.py
[2021-11-28 09:46:06,432] {logging_mixin.py:109} INFO - [2021-11-28 09:46:06,432] {dag.py:2396} INFO - Sync 1 DAGs
[2021-11-28 09:46:06,448] {logging_mixin.py:109} INFO - [2021-11-28 09:46:06,448] {dag.py:2928} INFO - Setting next_dagrun for example_trigger_target_dag to None
[2021-11-28 09:46:06,457] {processor.py:171} INFO - Processing /home/airflow/.local/lib/python3.7/site-packages/airflow/example_dags/example_trigger_target_dag.py took 0.059 seconds
[2021-11-28 09:46:36,619] {processor.py:163} INFO - Started process (PID=612) to work on /home/airflow/.local/lib/python3.7/site-packages/airflow/example_dags/example_trigger_target_dag.py
[2021-11-28 09:46:36,621] {processor.py:625} INFO - Processing file /home/airflow/.local/lib/python3.7/site-packages/airflow/example_dags/example_trigger_target_dag.py for tasks to queue
[2021-11-28 09:46:36,621] {logging_mixin.py:109} INFO - [2021-11-28 09:46:36,621] {dagbag.py:500} INFO - Filling up the DagBag from /home/airflow/.local/lib/python3.7/site-packages/airflow/example_dags/example_trigger_target_dag.py
[2021-11-28 09:46:36,649] {processor.py:637} INFO - DAG(s) dict_keys(['example_trigger_target_dag']) retrieved from /home/airflow/.local/lib/python3.7/site-packages/airflow/example_dags/example_trigger_target_dag.py
[2021-11-28 09:46:36,660] {logging_mixin.py:109} INFO - [2021-11-28 09:46:36,660] {dag.py:2396} INFO - Sync 1 DAGs
[2021-11-28 09:46:36,680] {logging_mixin.py:109} INFO - [2021-11-28 09:46:36,680] {dag.py:2928} INFO - Setting next_dagrun for example_trigger_target_dag to None
[2021-11-28 09:46:36,688] {processor.py:171} INFO - Processing /home/airflow/.local/lib/python3.7/site-packages/airflow/example_dags/example_trigger_target_dag.py took 0.071 seconds
[2021-11-28 09:48:49,990] {processor.py:163} INFO - Started process (PID=50) to work on /home/airflow/.local/lib/python3.7/site-packages/airflow/example_dags/example_trigger_target_dag.py
[2021-11-28 09:48:49,991] {processor.py:625} INFO - Processing file /home/airflow/.local/lib/python3.7/site-packages/airflow/example_dags/example_trigger_target_dag.py for tasks to queue
[2021-11-28 09:48:49,991] {logging_mixin.py:109} INFO - [2021-11-28 09:48:49,991] {dagbag.py:500} INFO - Filling up the DagBag from /home/airflow/.local/lib/python3.7/site-packages/airflow/example_dags/example_trigger_target_dag.py
[2021-11-28 09:48:50,012] {processor.py:637} INFO - DAG(s) dict_keys(['example_trigger_target_dag']) retrieved from /home/airflow/.local/lib/python3.7/site-packages/airflow/example_dags/example_trigger_target_dag.py
[2021-11-28 09:48:50,021] {logging_mixin.py:109} INFO - [2021-11-28 09:48:50,021] {dag.py:2396} INFO - Sync 1 DAGs
[2021-11-28 09:48:50,038] {logging_mixin.py:109} INFO - [2021-11-28 09:48:50,038] {dag.py:2928} INFO - Setting next_dagrun for example_trigger_target_dag to None
[2021-11-28 09:48:50,051] {processor.py:171} INFO - Processing /home/airflow/.local/lib/python3.7/site-packages/airflow/example_dags/example_trigger_target_dag.py took 0.063 seconds
[2021-11-28 09:49:21,366] {processor.py:163} INFO - Started process (PID=110) to work on /home/airflow/.local/lib/python3.7/site-packages/airflow/example_dags/example_trigger_target_dag.py
[2021-11-28 09:49:21,367] {processor.py:625} INFO - Processing file /home/airflow/.local/lib/python3.7/site-packages/airflow/example_dags/example_trigger_target_dag.py for tasks to queue
[2021-11-28 09:49:21,367] {logging_mixin.py:109} INFO - [2021-11-28 09:49:21,367] {dagbag.py:500} INFO - Filling up the DagBag from /home/airflow/.local/lib/python3.7/site-packages/airflow/example_dags/example_trigger_target_dag.py
[2021-11-28 09:49:21,385] {processor.py:637} INFO - DAG(s) dict_keys(['example_trigger_target_dag']) retrieved from /home/airflow/.local/lib/python3.7/site-packages/airflow/example_dags/example_trigger_target_dag.py
[2021-11-28 09:49:21,391] {logging_mixin.py:109} INFO - [2021-11-28 09:49:21,391] {dag.py:2396} INFO - Sync 1 DAGs
[2021-11-28 09:49:21,402] {logging_mixin.py:109} INFO - [2021-11-28 09:49:21,402] {dag.py:2928} INFO - Setting next_dagrun for example_trigger_target_dag to None
[2021-11-28 09:49:21,409] {processor.py:171} INFO - Processing /home/airflow/.local/lib/python3.7/site-packages/airflow/example_dags/example_trigger_target_dag.py took 0.045 seconds
[2021-11-28 09:49:52,237] {processor.py:163} INFO - Started process (PID=167) to work on /home/airflow/.local/lib/python3.7/site-packages/airflow/example_dags/example_trigger_target_dag.py
[2021-11-28 09:49:52,238] {processor.py:625} INFO - Processing file /home/airflow/.local/lib/python3.7/site-packages/airflow/example_dags/example_trigger_target_dag.py for tasks to queue
[2021-11-28 09:49:52,238] {logging_mixin.py:109} INFO - [2021-11-28 09:49:52,238] {dagbag.py:500} INFO - Filling up the DagBag from /home/airflow/.local/lib/python3.7/site-packages/airflow/example_dags/example_trigger_target_dag.py
[2021-11-28 09:49:52,265] {processor.py:637} INFO - DAG(s) dict_keys(['example_trigger_target_dag']) retrieved from /home/airflow/.local/lib/python3.7/site-packages/airflow/example_dags/example_trigger_target_dag.py
[2021-11-28 09:49:52,275] {logging_mixin.py:109} INFO - [2021-11-28 09:49:52,275] {dag.py:2396} INFO - Sync 1 DAGs
[2021-11-28 09:49:52,294] {logging_mixin.py:109} INFO - [2021-11-28 09:49:52,294] {dag.py:2928} INFO - Setting next_dagrun for example_trigger_target_dag to None
[2021-11-28 09:49:52,307] {processor.py:171} INFO - Processing /home/airflow/.local/lib/python3.7/site-packages/airflow/example_dags/example_trigger_target_dag.py took 0.072 seconds
[2021-11-28 09:50:23,190] {processor.py:163} INFO - Started process (PID=221) to work on /home/airflow/.local/lib/python3.7/site-packages/airflow/example_dags/example_trigger_target_dag.py
[2021-11-28 09:50:23,191] {processor.py:625} INFO - Processing file /home/airflow/.local/lib/python3.7/site-packages/airflow/example_dags/example_trigger_target_dag.py for tasks to queue
[2021-11-28 09:50:23,191] {logging_mixin.py:109} INFO - [2021-11-28 09:50:23,191] {dagbag.py:500} INFO - Filling up the DagBag from /home/airflow/.local/lib/python3.7/site-packages/airflow/example_dags/example_trigger_target_dag.py
[2021-11-28 09:50:23,210] {processor.py:637} INFO - DAG(s) dict_keys(['example_trigger_target_dag']) retrieved from /home/airflow/.local/lib/python3.7/site-packages/airflow/example_dags/example_trigger_target_dag.py
[2021-11-28 09:50:23,216] {logging_mixin.py:109} INFO - [2021-11-28 09:50:23,216] {dag.py:2396} INFO - Sync 1 DAGs
[2021-11-28 09:50:23,228] {logging_mixin.py:109} INFO - [2021-11-28 09:50:23,228] {dag.py:2928} INFO - Setting next_dagrun for example_trigger_target_dag to None
[2021-11-28 09:50:23,236] {processor.py:171} INFO - Processing /home/airflow/.local/lib/python3.7/site-packages/airflow/example_dags/example_trigger_target_dag.py took 0.048 seconds
[2021-11-28 09:50:54,179] {processor.py:163} INFO - Started process (PID=280) to work on /home/airflow/.local/lib/python3.7/site-packages/airflow/example_dags/example_trigger_target_dag.py
[2021-11-28 09:50:54,180] {processor.py:625} INFO - Processing file /home/airflow/.local/lib/python3.7/site-packages/airflow/example_dags/example_trigger_target_dag.py for tasks to queue
[2021-11-28 09:50:54,181] {logging_mixin.py:109} INFO - [2021-11-28 09:50:54,181] {dagbag.py:500} INFO - Filling up the DagBag from /home/airflow/.local/lib/python3.7/site-packages/airflow/example_dags/example_trigger_target_dag.py
[2021-11-28 09:50:54,199] {processor.py:637} INFO - DAG(s) dict_keys(['example_trigger_target_dag']) retrieved from /home/airflow/.local/lib/python3.7/site-packages/airflow/example_dags/example_trigger_target_dag.py
[2021-11-28 09:50:54,207] {logging_mixin.py:109} INFO - [2021-11-28 09:50:54,207] {dag.py:2396} INFO - Sync 1 DAGs
[2021-11-28 09:50:54,220] {logging_mixin.py:109} INFO - [2021-11-28 09:50:54,220] {dag.py:2928} INFO - Setting next_dagrun for example_trigger_target_dag to None
[2021-11-28 09:50:54,230] {processor.py:171} INFO - Processing /home/airflow/.local/lib/python3.7/site-packages/airflow/example_dags/example_trigger_target_dag.py took 0.052 seconds
[2021-11-28 09:51:48,597] {processor.py:163} INFO - Started process (PID=49) to work on /home/airflow/.local/lib/python3.7/site-packages/airflow/example_dags/example_trigger_target_dag.py
[2021-11-28 09:51:48,599] {processor.py:625} INFO - Processing file /home/airflow/.local/lib/python3.7/site-packages/airflow/example_dags/example_trigger_target_dag.py for tasks to queue
[2021-11-28 09:51:48,600] {logging_mixin.py:109} INFO - [2021-11-28 09:51:48,600] {dagbag.py:500} INFO - Filling up the DagBag from /home/airflow/.local/lib/python3.7/site-packages/airflow/example_dags/example_trigger_target_dag.py
[2021-11-28 09:51:48,624] {processor.py:637} INFO - DAG(s) dict_keys(['example_trigger_target_dag']) retrieved from /home/airflow/.local/lib/python3.7/site-packages/airflow/example_dags/example_trigger_target_dag.py
[2021-11-28 09:51:48,637] {logging_mixin.py:109} INFO - [2021-11-28 09:51:48,637] {dag.py:2396} INFO - Sync 1 DAGs
[2021-11-28 09:51:48,659] {logging_mixin.py:109} INFO - [2021-11-28 09:51:48,659] {dag.py:2928} INFO - Setting next_dagrun for example_trigger_target_dag to None
[2021-11-28 09:51:48,671] {processor.py:171} INFO - Processing /home/airflow/.local/lib/python3.7/site-packages/airflow/example_dags/example_trigger_target_dag.py took 0.077 seconds
[2021-11-28 09:52:19,069] {processor.py:163} INFO - Started process (PID=111) to work on /home/airflow/.local/lib/python3.7/site-packages/airflow/example_dags/example_trigger_target_dag.py
[2021-11-28 09:52:19,069] {processor.py:625} INFO - Processing file /home/airflow/.local/lib/python3.7/site-packages/airflow/example_dags/example_trigger_target_dag.py for tasks to queue
[2021-11-28 09:52:19,070] {logging_mixin.py:109} INFO - [2021-11-28 09:52:19,070] {dagbag.py:500} INFO - Filling up the DagBag from /home/airflow/.local/lib/python3.7/site-packages/airflow/example_dags/example_trigger_target_dag.py
[2021-11-28 09:52:19,087] {processor.py:637} INFO - DAG(s) dict_keys(['example_trigger_target_dag']) retrieved from /home/airflow/.local/lib/python3.7/site-packages/airflow/example_dags/example_trigger_target_dag.py
[2021-11-28 09:52:19,093] {logging_mixin.py:109} INFO - [2021-11-28 09:52:19,093] {dag.py:2396} INFO - Sync 1 DAGs
[2021-11-28 09:52:19,104] {logging_mixin.py:109} INFO - [2021-11-28 09:52:19,104] {dag.py:2928} INFO - Setting next_dagrun for example_trigger_target_dag to None
[2021-11-28 09:52:19,112] {processor.py:171} INFO - Processing /home/airflow/.local/lib/python3.7/site-packages/airflow/example_dags/example_trigger_target_dag.py took 0.045 seconds
[2021-11-28 09:52:49,882] {processor.py:163} INFO - Started process (PID=162) to work on /home/airflow/.local/lib/python3.7/site-packages/airflow/example_dags/example_trigger_target_dag.py
[2021-11-28 09:52:49,883] {processor.py:625} INFO - Processing file /home/airflow/.local/lib/python3.7/site-packages/airflow/example_dags/example_trigger_target_dag.py for tasks to queue
[2021-11-28 09:52:49,884] {logging_mixin.py:109} INFO - [2021-11-28 09:52:49,884] {dagbag.py:500} INFO - Filling up the DagBag from /home/airflow/.local/lib/python3.7/site-packages/airflow/example_dags/example_trigger_target_dag.py
[2021-11-28 09:52:49,909] {processor.py:637} INFO - DAG(s) dict_keys(['example_trigger_target_dag']) retrieved from /home/airflow/.local/lib/python3.7/site-packages/airflow/example_dags/example_trigger_target_dag.py
[2021-11-28 09:52:49,919] {logging_mixin.py:109} INFO - [2021-11-28 09:52:49,919] {dag.py:2396} INFO - Sync 1 DAGs
[2021-11-28 09:52:49,936] {logging_mixin.py:109} INFO - [2021-11-28 09:52:49,936] {dag.py:2928} INFO - Setting next_dagrun for example_trigger_target_dag to None
[2021-11-28 09:52:49,947] {processor.py:171} INFO - Processing /home/airflow/.local/lib/python3.7/site-packages/airflow/example_dags/example_trigger_target_dag.py took 0.067 seconds
[2021-11-28 09:58:34,241] {processor.py:163} INFO - Started process (PID=49) to work on /home/airflow/.local/lib/python3.7/site-packages/airflow/example_dags/example_trigger_target_dag.py
[2021-11-28 09:58:34,242] {processor.py:625} INFO - Processing file /home/airflow/.local/lib/python3.7/site-packages/airflow/example_dags/example_trigger_target_dag.py for tasks to queue
[2021-11-28 09:58:34,242] {logging_mixin.py:109} INFO - [2021-11-28 09:58:34,242] {dagbag.py:500} INFO - Filling up the DagBag from /home/airflow/.local/lib/python3.7/site-packages/airflow/example_dags/example_trigger_target_dag.py
[2021-11-28 09:58:34,262] {processor.py:637} INFO - DAG(s) dict_keys(['example_trigger_target_dag']) retrieved from /home/airflow/.local/lib/python3.7/site-packages/airflow/example_dags/example_trigger_target_dag.py
[2021-11-28 09:58:34,270] {logging_mixin.py:109} INFO - [2021-11-28 09:58:34,270] {dag.py:2396} INFO - Sync 1 DAGs
[2021-11-28 09:58:34,283] {logging_mixin.py:109} INFO - [2021-11-28 09:58:34,283] {dag.py:2928} INFO - Setting next_dagrun for example_trigger_target_dag to None
[2021-11-28 09:58:34,293] {processor.py:171} INFO - Processing /home/airflow/.local/lib/python3.7/site-packages/airflow/example_dags/example_trigger_target_dag.py took 0.054 seconds
[2021-11-28 09:59:05,156] {processor.py:163} INFO - Started process (PID=109) to work on /home/airflow/.local/lib/python3.7/site-packages/airflow/example_dags/example_trigger_target_dag.py
[2021-11-28 09:59:05,158] {processor.py:625} INFO - Processing file /home/airflow/.local/lib/python3.7/site-packages/airflow/example_dags/example_trigger_target_dag.py for tasks to queue
[2021-11-28 09:59:05,159] {logging_mixin.py:109} INFO - [2021-11-28 09:59:05,159] {dagbag.py:500} INFO - Filling up the DagBag from /home/airflow/.local/lib/python3.7/site-packages/airflow/example_dags/example_trigger_target_dag.py
[2021-11-28 09:59:05,185] {processor.py:637} INFO - DAG(s) dict_keys(['example_trigger_target_dag']) retrieved from /home/airflow/.local/lib/python3.7/site-packages/airflow/example_dags/example_trigger_target_dag.py
[2021-11-28 09:59:05,192] {logging_mixin.py:109} INFO - [2021-11-28 09:59:05,191] {dag.py:2396} INFO - Sync 1 DAGs
[2021-11-28 09:59:05,203] {logging_mixin.py:109} INFO - [2021-11-28 09:59:05,203] {dag.py:2928} INFO - Setting next_dagrun for example_trigger_target_dag to None
[2021-11-28 09:59:05,213] {processor.py:171} INFO - Processing /home/airflow/.local/lib/python3.7/site-packages/airflow/example_dags/example_trigger_target_dag.py took 0.059 seconds
[2021-11-28 09:59:35,994] {processor.py:163} INFO - Started process (PID=169) to work on /home/airflow/.local/lib/python3.7/site-packages/airflow/example_dags/example_trigger_target_dag.py
[2021-11-28 09:59:35,995] {processor.py:625} INFO - Processing file /home/airflow/.local/lib/python3.7/site-packages/airflow/example_dags/example_trigger_target_dag.py for tasks to queue
[2021-11-28 09:59:35,995] {logging_mixin.py:109} INFO - [2021-11-28 09:59:35,995] {dagbag.py:500} INFO - Filling up the DagBag from /home/airflow/.local/lib/python3.7/site-packages/airflow/example_dags/example_trigger_target_dag.py
[2021-11-28 09:59:36,021] {processor.py:637} INFO - DAG(s) dict_keys(['example_trigger_target_dag']) retrieved from /home/airflow/.local/lib/python3.7/site-packages/airflow/example_dags/example_trigger_target_dag.py
[2021-11-28 09:59:36,029] {logging_mixin.py:109} INFO - [2021-11-28 09:59:36,029] {dag.py:2396} INFO - Sync 1 DAGs
[2021-11-28 09:59:36,041] {logging_mixin.py:109} INFO - [2021-11-28 09:59:36,041] {dag.py:2928} INFO - Setting next_dagrun for example_trigger_target_dag to None
[2021-11-28 09:59:36,050] {processor.py:171} INFO - Processing /home/airflow/.local/lib/python3.7/site-packages/airflow/example_dags/example_trigger_target_dag.py took 0.059 seconds
[2021-11-28 10:00:06,950] {processor.py:163} INFO - Started process (PID=220) to work on /home/airflow/.local/lib/python3.7/site-packages/airflow/example_dags/example_trigger_target_dag.py
[2021-11-28 10:00:06,952] {processor.py:625} INFO - Processing file /home/airflow/.local/lib/python3.7/site-packages/airflow/example_dags/example_trigger_target_dag.py for tasks to queue
[2021-11-28 10:00:06,952] {logging_mixin.py:109} INFO - [2021-11-28 10:00:06,952] {dagbag.py:500} INFO - Filling up the DagBag from /home/airflow/.local/lib/python3.7/site-packages/airflow/example_dags/example_trigger_target_dag.py
[2021-11-28 10:00:07,000] {processor.py:637} INFO - DAG(s) dict_keys(['example_trigger_target_dag']) retrieved from /home/airflow/.local/lib/python3.7/site-packages/airflow/example_dags/example_trigger_target_dag.py
[2021-11-28 10:00:07,009] {logging_mixin.py:109} INFO - [2021-11-28 10:00:07,009] {dag.py:2396} INFO - Sync 1 DAGs
[2021-11-28 10:00:07,021] {logging_mixin.py:109} INFO - [2021-11-28 10:00:07,021] {dag.py:2928} INFO - Setting next_dagrun for example_trigger_target_dag to None
[2021-11-28 10:00:07,029] {processor.py:171} INFO - Processing /home/airflow/.local/lib/python3.7/site-packages/airflow/example_dags/example_trigger_target_dag.py took 0.081 seconds
[2021-11-28 10:00:37,753] {processor.py:163} INFO - Started process (PID=280) to work on /home/airflow/.local/lib/python3.7/site-packages/airflow/example_dags/example_trigger_target_dag.py
[2021-11-28 10:00:37,754] {processor.py:625} INFO - Processing file /home/airflow/.local/lib/python3.7/site-packages/airflow/example_dags/example_trigger_target_dag.py for tasks to queue
[2021-11-28 10:00:37,755] {logging_mixin.py:109} INFO - [2021-11-28 10:00:37,755] {dagbag.py:500} INFO - Filling up the DagBag from /home/airflow/.local/lib/python3.7/site-packages/airflow/example_dags/example_trigger_target_dag.py
[2021-11-28 10:00:37,781] {processor.py:637} INFO - DAG(s) dict_keys(['example_trigger_target_dag']) retrieved from /home/airflow/.local/lib/python3.7/site-packages/airflow/example_dags/example_trigger_target_dag.py
[2021-11-28 10:00:37,791] {logging_mixin.py:109} INFO - [2021-11-28 10:00:37,790] {dag.py:2396} INFO - Sync 1 DAGs
[2021-11-28 10:00:37,809] {logging_mixin.py:109} INFO - [2021-11-28 10:00:37,809] {dag.py:2928} INFO - Setting next_dagrun for example_trigger_target_dag to None
[2021-11-28 10:00:37,820] {processor.py:171} INFO - Processing /home/airflow/.local/lib/python3.7/site-packages/airflow/example_dags/example_trigger_target_dag.py took 0.070 seconds
[2021-11-28 10:01:08,745] {processor.py:163} INFO - Started process (PID=331) to work on /home/airflow/.local/lib/python3.7/site-packages/airflow/example_dags/example_trigger_target_dag.py
[2021-11-28 10:01:08,746] {processor.py:625} INFO - Processing file /home/airflow/.local/lib/python3.7/site-packages/airflow/example_dags/example_trigger_target_dag.py for tasks to queue
[2021-11-28 10:01:08,747] {logging_mixin.py:109} INFO - [2021-11-28 10:01:08,747] {dagbag.py:500} INFO - Filling up the DagBag from /home/airflow/.local/lib/python3.7/site-packages/airflow/example_dags/example_trigger_target_dag.py
[2021-11-28 10:01:08,782] {processor.py:637} INFO - DAG(s) dict_keys(['example_trigger_target_dag']) retrieved from /home/airflow/.local/lib/python3.7/site-packages/airflow/example_dags/example_trigger_target_dag.py
[2021-11-28 10:01:08,793] {logging_mixin.py:109} INFO - [2021-11-28 10:01:08,793] {dag.py:2396} INFO - Sync 1 DAGs
[2021-11-28 10:01:08,806] {logging_mixin.py:109} INFO - [2021-11-28 10:01:08,806] {dag.py:2928} INFO - Setting next_dagrun for example_trigger_target_dag to None
[2021-11-28 10:01:08,814] {processor.py:171} INFO - Processing /home/airflow/.local/lib/python3.7/site-packages/airflow/example_dags/example_trigger_target_dag.py took 0.073 seconds
[2021-11-28 10:01:39,644] {processor.py:163} INFO - Started process (PID=391) to work on /home/airflow/.local/lib/python3.7/site-packages/airflow/example_dags/example_trigger_target_dag.py
[2021-11-28 10:01:39,646] {processor.py:625} INFO - Processing file /home/airflow/.local/lib/python3.7/site-packages/airflow/example_dags/example_trigger_target_dag.py for tasks to queue
[2021-11-28 10:01:39,646] {logging_mixin.py:109} INFO - [2021-11-28 10:01:39,646] {dagbag.py:500} INFO - Filling up the DagBag from /home/airflow/.local/lib/python3.7/site-packages/airflow/example_dags/example_trigger_target_dag.py
[2021-11-28 10:01:39,673] {processor.py:637} INFO - DAG(s) dict_keys(['example_trigger_target_dag']) retrieved from /home/airflow/.local/lib/python3.7/site-packages/airflow/example_dags/example_trigger_target_dag.py
[2021-11-28 10:01:39,683] {logging_mixin.py:109} INFO - [2021-11-28 10:01:39,683] {dag.py:2396} INFO - Sync 1 DAGs
[2021-11-28 10:01:39,701] {logging_mixin.py:109} INFO - [2021-11-28 10:01:39,701] {dag.py:2928} INFO - Setting next_dagrun for example_trigger_target_dag to None
[2021-11-28 10:01:39,712] {processor.py:171} INFO - Processing /home/airflow/.local/lib/python3.7/site-packages/airflow/example_dags/example_trigger_target_dag.py took 0.070 seconds
[2021-11-28 10:02:10,541] {processor.py:163} INFO - Started process (PID=451) to work on /home/airflow/.local/lib/python3.7/site-packages/airflow/example_dags/example_trigger_target_dag.py
[2021-11-28 10:02:10,542] {processor.py:625} INFO - Processing file /home/airflow/.local/lib/python3.7/site-packages/airflow/example_dags/example_trigger_target_dag.py for tasks to queue
[2021-11-28 10:02:10,543] {logging_mixin.py:109} INFO - [2021-11-28 10:02:10,543] {dagbag.py:500} INFO - Filling up the DagBag from /home/airflow/.local/lib/python3.7/site-packages/airflow/example_dags/example_trigger_target_dag.py
[2021-11-28 10:02:10,567] {processor.py:637} INFO - DAG(s) dict_keys(['example_trigger_target_dag']) retrieved from /home/airflow/.local/lib/python3.7/site-packages/airflow/example_dags/example_trigger_target_dag.py
[2021-11-28 10:02:10,576] {logging_mixin.py:109} INFO - [2021-11-28 10:02:10,576] {dag.py:2396} INFO - Sync 1 DAGs
[2021-11-28 10:02:10,594] {logging_mixin.py:109} INFO - [2021-11-28 10:02:10,594] {dag.py:2928} INFO - Setting next_dagrun for example_trigger_target_dag to None
[2021-11-28 10:02:10,606] {processor.py:171} INFO - Processing /home/airflow/.local/lib/python3.7/site-packages/airflow/example_dags/example_trigger_target_dag.py took 0.067 seconds
[2021-11-28 10:02:41,539] {processor.py:163} INFO - Started process (PID=502) to work on /home/airflow/.local/lib/python3.7/site-packages/airflow/example_dags/example_trigger_target_dag.py
[2021-11-28 10:02:41,540] {processor.py:625} INFO - Processing file /home/airflow/.local/lib/python3.7/site-packages/airflow/example_dags/example_trigger_target_dag.py for tasks to queue
[2021-11-28 10:02:41,541] {logging_mixin.py:109} INFO - [2021-11-28 10:02:41,540] {dagbag.py:500} INFO - Filling up the DagBag from /home/airflow/.local/lib/python3.7/site-packages/airflow/example_dags/example_trigger_target_dag.py
[2021-11-28 10:02:41,567] {processor.py:637} INFO - DAG(s) dict_keys(['example_trigger_target_dag']) retrieved from /home/airflow/.local/lib/python3.7/site-packages/airflow/example_dags/example_trigger_target_dag.py
[2021-11-28 10:02:41,573] {logging_mixin.py:109} INFO - [2021-11-28 10:02:41,573] {dag.py:2396} INFO - Sync 1 DAGs
[2021-11-28 10:02:41,584] {logging_mixin.py:109} INFO - [2021-11-28 10:02:41,584] {dag.py:2928} INFO - Setting next_dagrun for example_trigger_target_dag to None
[2021-11-28 10:02:41,594] {processor.py:171} INFO - Processing /home/airflow/.local/lib/python3.7/site-packages/airflow/example_dags/example_trigger_target_dag.py took 0.058 seconds
[2021-11-28 10:03:12,482] {processor.py:163} INFO - Started process (PID=562) to work on /home/airflow/.local/lib/python3.7/site-packages/airflow/example_dags/example_trigger_target_dag.py
[2021-11-28 10:03:12,482] {processor.py:625} INFO - Processing file /home/airflow/.local/lib/python3.7/site-packages/airflow/example_dags/example_trigger_target_dag.py for tasks to queue
[2021-11-28 10:03:12,483] {logging_mixin.py:109} INFO - [2021-11-28 10:03:12,483] {dagbag.py:500} INFO - Filling up the DagBag from /home/airflow/.local/lib/python3.7/site-packages/airflow/example_dags/example_trigger_target_dag.py
[2021-11-28 10:03:12,504] {processor.py:637} INFO - DAG(s) dict_keys(['example_trigger_target_dag']) retrieved from /home/airflow/.local/lib/python3.7/site-packages/airflow/example_dags/example_trigger_target_dag.py
[2021-11-28 10:03:12,514] {logging_mixin.py:109} INFO - [2021-11-28 10:03:12,514] {dag.py:2396} INFO - Sync 1 DAGs
[2021-11-28 10:03:12,533] {logging_mixin.py:109} INFO - [2021-11-28 10:03:12,533] {dag.py:2928} INFO - Setting next_dagrun for example_trigger_target_dag to None
[2021-11-28 10:03:12,545] {processor.py:171} INFO - Processing /home/airflow/.local/lib/python3.7/site-packages/airflow/example_dags/example_trigger_target_dag.py took 0.065 seconds
[2021-11-28 10:03:43,414] {processor.py:163} INFO - Started process (PID=613) to work on /home/airflow/.local/lib/python3.7/site-packages/airflow/example_dags/example_trigger_target_dag.py
[2021-11-28 10:03:43,415] {processor.py:625} INFO - Processing file /home/airflow/.local/lib/python3.7/site-packages/airflow/example_dags/example_trigger_target_dag.py for tasks to queue
[2021-11-28 10:03:43,415] {logging_mixin.py:109} INFO - [2021-11-28 10:03:43,415] {dagbag.py:500} INFO - Filling up the DagBag from /home/airflow/.local/lib/python3.7/site-packages/airflow/example_dags/example_trigger_target_dag.py
[2021-11-28 10:03:43,442] {processor.py:637} INFO - DAG(s) dict_keys(['example_trigger_target_dag']) retrieved from /home/airflow/.local/lib/python3.7/site-packages/airflow/example_dags/example_trigger_target_dag.py
[2021-11-28 10:03:43,452] {logging_mixin.py:109} INFO - [2021-11-28 10:03:43,452] {dag.py:2396} INFO - Sync 1 DAGs
[2021-11-28 10:03:43,471] {logging_mixin.py:109} INFO - [2021-11-28 10:03:43,471] {dag.py:2928} INFO - Setting next_dagrun for example_trigger_target_dag to None
[2021-11-28 10:03:43,483] {processor.py:171} INFO - Processing /home/airflow/.local/lib/python3.7/site-packages/airflow/example_dags/example_trigger_target_dag.py took 0.072 seconds
[2021-11-28 10:04:14,408] {processor.py:163} INFO - Started process (PID=673) to work on /home/airflow/.local/lib/python3.7/site-packages/airflow/example_dags/example_trigger_target_dag.py
[2021-11-28 10:04:14,409] {processor.py:625} INFO - Processing file /home/airflow/.local/lib/python3.7/site-packages/airflow/example_dags/example_trigger_target_dag.py for tasks to queue
[2021-11-28 10:04:14,409] {logging_mixin.py:109} INFO - [2021-11-28 10:04:14,409] {dagbag.py:500} INFO - Filling up the DagBag from /home/airflow/.local/lib/python3.7/site-packages/airflow/example_dags/example_trigger_target_dag.py
[2021-11-28 10:04:14,436] {processor.py:637} INFO - DAG(s) dict_keys(['example_trigger_target_dag']) retrieved from /home/airflow/.local/lib/python3.7/site-packages/airflow/example_dags/example_trigger_target_dag.py
[2021-11-28 10:04:14,448] {logging_mixin.py:109} INFO - [2021-11-28 10:04:14,447] {dag.py:2396} INFO - Sync 1 DAGs
[2021-11-28 10:04:14,466] {logging_mixin.py:109} INFO - [2021-11-28 10:04:14,466] {dag.py:2928} INFO - Setting next_dagrun for example_trigger_target_dag to None
[2021-11-28 10:04:14,477] {processor.py:171} INFO - Processing /home/airflow/.local/lib/python3.7/site-packages/airflow/example_dags/example_trigger_target_dag.py took 0.072 seconds
[2021-11-28 10:04:45,450] {processor.py:163} INFO - Started process (PID=733) to work on /home/airflow/.local/lib/python3.7/site-packages/airflow/example_dags/example_trigger_target_dag.py
[2021-11-28 10:04:45,452] {processor.py:625} INFO - Processing file /home/airflow/.local/lib/python3.7/site-packages/airflow/example_dags/example_trigger_target_dag.py for tasks to queue
[2021-11-28 10:04:45,452] {logging_mixin.py:109} INFO - [2021-11-28 10:04:45,452] {dagbag.py:500} INFO - Filling up the DagBag from /home/airflow/.local/lib/python3.7/site-packages/airflow/example_dags/example_trigger_target_dag.py
[2021-11-28 10:04:45,478] {processor.py:637} INFO - DAG(s) dict_keys(['example_trigger_target_dag']) retrieved from /home/airflow/.local/lib/python3.7/site-packages/airflow/example_dags/example_trigger_target_dag.py
[2021-11-28 10:04:45,487] {logging_mixin.py:109} INFO - [2021-11-28 10:04:45,487] {dag.py:2396} INFO - Sync 1 DAGs
[2021-11-28 10:04:45,504] {logging_mixin.py:109} INFO - [2021-11-28 10:04:45,504] {dag.py:2928} INFO - Setting next_dagrun for example_trigger_target_dag to None
[2021-11-28 10:04:45,514] {processor.py:171} INFO - Processing /home/airflow/.local/lib/python3.7/site-packages/airflow/example_dags/example_trigger_target_dag.py took 0.067 seconds
[2021-11-28 10:05:16,610] {processor.py:163} INFO - Started process (PID=784) to work on /home/airflow/.local/lib/python3.7/site-packages/airflow/example_dags/example_trigger_target_dag.py
[2021-11-28 10:05:16,611] {processor.py:625} INFO - Processing file /home/airflow/.local/lib/python3.7/site-packages/airflow/example_dags/example_trigger_target_dag.py for tasks to queue
[2021-11-28 10:05:16,612] {logging_mixin.py:109} INFO - [2021-11-28 10:05:16,612] {dagbag.py:500} INFO - Filling up the DagBag from /home/airflow/.local/lib/python3.7/site-packages/airflow/example_dags/example_trigger_target_dag.py
[2021-11-28 10:05:16,637] {processor.py:637} INFO - DAG(s) dict_keys(['example_trigger_target_dag']) retrieved from /home/airflow/.local/lib/python3.7/site-packages/airflow/example_dags/example_trigger_target_dag.py
[2021-11-28 10:05:16,648] {logging_mixin.py:109} INFO - [2021-11-28 10:05:16,648] {dag.py:2396} INFO - Sync 1 DAGs
[2021-11-28 10:05:16,669] {logging_mixin.py:109} INFO - [2021-11-28 10:05:16,668] {dag.py:2928} INFO - Setting next_dagrun for example_trigger_target_dag to None
[2021-11-28 10:05:16,680] {processor.py:171} INFO - Processing /home/airflow/.local/lib/python3.7/site-packages/airflow/example_dags/example_trigger_target_dag.py took 0.072 seconds
[2021-11-28 10:05:47,632] {processor.py:163} INFO - Started process (PID=844) to work on /home/airflow/.local/lib/python3.7/site-packages/airflow/example_dags/example_trigger_target_dag.py
[2021-11-28 10:05:47,634] {processor.py:625} INFO - Processing file /home/airflow/.local/lib/python3.7/site-packages/airflow/example_dags/example_trigger_target_dag.py for tasks to queue
[2021-11-28 10:05:47,634] {logging_mixin.py:109} INFO - [2021-11-28 10:05:47,634] {dagbag.py:500} INFO - Filling up the DagBag from /home/airflow/.local/lib/python3.7/site-packages/airflow/example_dags/example_trigger_target_dag.py
[2021-11-28 10:05:47,665] {processor.py:637} INFO - DAG(s) dict_keys(['example_trigger_target_dag']) retrieved from /home/airflow/.local/lib/python3.7/site-packages/airflow/example_dags/example_trigger_target_dag.py
[2021-11-28 10:05:47,675] {logging_mixin.py:109} INFO - [2021-11-28 10:05:47,675] {dag.py:2396} INFO - Sync 1 DAGs
[2021-11-28 10:05:47,688] {logging_mixin.py:109} INFO - [2021-11-28 10:05:47,687] {dag.py:2928} INFO - Setting next_dagrun for example_trigger_target_dag to None
[2021-11-28 10:05:47,700] {processor.py:171} INFO - Processing /home/airflow/.local/lib/python3.7/site-packages/airflow/example_dags/example_trigger_target_dag.py took 0.071 seconds
[2021-11-28 10:06:17,970] {processor.py:163} INFO - Started process (PID=895) to work on /home/airflow/.local/lib/python3.7/site-packages/airflow/example_dags/example_trigger_target_dag.py
[2021-11-28 10:06:17,971] {processor.py:625} INFO - Processing file /home/airflow/.local/lib/python3.7/site-packages/airflow/example_dags/example_trigger_target_dag.py for tasks to queue
[2021-11-28 10:06:17,972] {logging_mixin.py:109} INFO - [2021-11-28 10:06:17,971] {dagbag.py:500} INFO - Filling up the DagBag from /home/airflow/.local/lib/python3.7/site-packages/airflow/example_dags/example_trigger_target_dag.py
[2021-11-28 10:06:17,996] {processor.py:637} INFO - DAG(s) dict_keys(['example_trigger_target_dag']) retrieved from /home/airflow/.local/lib/python3.7/site-packages/airflow/example_dags/example_trigger_target_dag.py
[2021-11-28 10:06:18,003] {logging_mixin.py:109} INFO - [2021-11-28 10:06:18,003] {dag.py:2396} INFO - Sync 1 DAGs
[2021-11-28 10:06:18,086] {logging_mixin.py:109} INFO - [2021-11-28 10:06:18,086] {dag.py:2928} INFO - Setting next_dagrun for example_trigger_target_dag to None
[2021-11-28 10:06:18,094] {processor.py:171} INFO - Processing /home/airflow/.local/lib/python3.7/site-packages/airflow/example_dags/example_trigger_target_dag.py took 0.127 seconds
[2021-11-28 10:06:48,640] {processor.py:163} INFO - Started process (PID=955) to work on /home/airflow/.local/lib/python3.7/site-packages/airflow/example_dags/example_trigger_target_dag.py
[2021-11-28 10:06:48,641] {processor.py:625} INFO - Processing file /home/airflow/.local/lib/python3.7/site-packages/airflow/example_dags/example_trigger_target_dag.py for tasks to queue
[2021-11-28 10:06:48,642] {logging_mixin.py:109} INFO - [2021-11-28 10:06:48,642] {dagbag.py:500} INFO - Filling up the DagBag from /home/airflow/.local/lib/python3.7/site-packages/airflow/example_dags/example_trigger_target_dag.py
[2021-11-28 10:06:48,669] {processor.py:637} INFO - DAG(s) dict_keys(['example_trigger_target_dag']) retrieved from /home/airflow/.local/lib/python3.7/site-packages/airflow/example_dags/example_trigger_target_dag.py
[2021-11-28 10:06:48,680] {logging_mixin.py:109} INFO - [2021-11-28 10:06:48,679] {dag.py:2396} INFO - Sync 1 DAGs
[2021-11-28 10:06:48,764] {logging_mixin.py:109} INFO - [2021-11-28 10:06:48,764] {dag.py:2928} INFO - Setting next_dagrun for example_trigger_target_dag to None
[2021-11-28 10:06:48,774] {processor.py:171} INFO - Processing /home/airflow/.local/lib/python3.7/site-packages/airflow/example_dags/example_trigger_target_dag.py took 0.136 seconds
[2021-11-28 10:07:19,407] {processor.py:163} INFO - Started process (PID=1006) to work on /home/airflow/.local/lib/python3.7/site-packages/airflow/example_dags/example_trigger_target_dag.py
[2021-11-28 10:07:19,408] {processor.py:625} INFO - Processing file /home/airflow/.local/lib/python3.7/site-packages/airflow/example_dags/example_trigger_target_dag.py for tasks to queue
[2021-11-28 10:07:19,408] {logging_mixin.py:109} INFO - [2021-11-28 10:07:19,408] {dagbag.py:500} INFO - Filling up the DagBag from /home/airflow/.local/lib/python3.7/site-packages/airflow/example_dags/example_trigger_target_dag.py
[2021-11-28 10:07:19,432] {processor.py:637} INFO - DAG(s) dict_keys(['example_trigger_target_dag']) retrieved from /home/airflow/.local/lib/python3.7/site-packages/airflow/example_dags/example_trigger_target_dag.py
[2021-11-28 10:07:19,439] {logging_mixin.py:109} INFO - [2021-11-28 10:07:19,439] {dag.py:2396} INFO - Sync 1 DAGs
[2021-11-28 10:07:19,516] {logging_mixin.py:109} INFO - [2021-11-28 10:07:19,516] {dag.py:2928} INFO - Setting next_dagrun for example_trigger_target_dag to None
[2021-11-28 10:07:19,524] {processor.py:171} INFO - Processing /home/airflow/.local/lib/python3.7/site-packages/airflow/example_dags/example_trigger_target_dag.py took 0.120 seconds
[2021-11-28 10:07:50,243] {processor.py:163} INFO - Started process (PID=1066) to work on /home/airflow/.local/lib/python3.7/site-packages/airflow/example_dags/example_trigger_target_dag.py
[2021-11-28 10:07:50,244] {processor.py:625} INFO - Processing file /home/airflow/.local/lib/python3.7/site-packages/airflow/example_dags/example_trigger_target_dag.py for tasks to queue
[2021-11-28 10:07:50,245] {logging_mixin.py:109} INFO - [2021-11-28 10:07:50,244] {dagbag.py:500} INFO - Filling up the DagBag from /home/airflow/.local/lib/python3.7/site-packages/airflow/example_dags/example_trigger_target_dag.py
[2021-11-28 10:07:50,267] {processor.py:637} INFO - DAG(s) dict_keys(['example_trigger_target_dag']) retrieved from /home/airflow/.local/lib/python3.7/site-packages/airflow/example_dags/example_trigger_target_dag.py
[2021-11-28 10:07:50,276] {logging_mixin.py:109} INFO - [2021-11-28 10:07:50,276] {dag.py:2396} INFO - Sync 1 DAGs
[2021-11-28 10:07:50,368] {logging_mixin.py:109} INFO - [2021-11-28 10:07:50,368] {dag.py:2928} INFO - Setting next_dagrun for example_trigger_target_dag to None
[2021-11-28 10:07:50,377] {processor.py:171} INFO - Processing /home/airflow/.local/lib/python3.7/site-packages/airflow/example_dags/example_trigger_target_dag.py took 0.135 seconds
[2021-11-28 10:08:21,039] {processor.py:163} INFO - Started process (PID=1126) to work on /home/airflow/.local/lib/python3.7/site-packages/airflow/example_dags/example_trigger_target_dag.py
[2021-11-28 10:08:21,040] {processor.py:625} INFO - Processing file /home/airflow/.local/lib/python3.7/site-packages/airflow/example_dags/example_trigger_target_dag.py for tasks to queue
[2021-11-28 10:08:21,040] {logging_mixin.py:109} INFO - [2021-11-28 10:08:21,040] {dagbag.py:500} INFO - Filling up the DagBag from /home/airflow/.local/lib/python3.7/site-packages/airflow/example_dags/example_trigger_target_dag.py
[2021-11-28 10:08:21,057] {processor.py:637} INFO - DAG(s) dict_keys(['example_trigger_target_dag']) retrieved from /home/airflow/.local/lib/python3.7/site-packages/airflow/example_dags/example_trigger_target_dag.py
[2021-11-28 10:08:21,066] {logging_mixin.py:109} INFO - [2021-11-28 10:08:21,065] {dag.py:2396} INFO - Sync 1 DAGs
[2021-11-28 10:08:21,152] {logging_mixin.py:109} INFO - [2021-11-28 10:08:21,152] {dag.py:2928} INFO - Setting next_dagrun for example_trigger_target_dag to None
[2021-11-28 10:08:21,164] {processor.py:171} INFO - Processing /home/airflow/.local/lib/python3.7/site-packages/airflow/example_dags/example_trigger_target_dag.py took 0.127 seconds
[2021-11-28 10:08:51,879] {processor.py:163} INFO - Started process (PID=1177) to work on /home/airflow/.local/lib/python3.7/site-packages/airflow/example_dags/example_trigger_target_dag.py
[2021-11-28 10:08:51,880] {processor.py:625} INFO - Processing file /home/airflow/.local/lib/python3.7/site-packages/airflow/example_dags/example_trigger_target_dag.py for tasks to queue
[2021-11-28 10:08:51,881] {logging_mixin.py:109} INFO - [2021-11-28 10:08:51,881] {dagbag.py:500} INFO - Filling up the DagBag from /home/airflow/.local/lib/python3.7/site-packages/airflow/example_dags/example_trigger_target_dag.py
[2021-11-28 10:08:51,982] {processor.py:637} INFO - DAG(s) dict_keys(['example_trigger_target_dag']) retrieved from /home/airflow/.local/lib/python3.7/site-packages/airflow/example_dags/example_trigger_target_dag.py
[2021-11-28 10:08:51,987] {logging_mixin.py:109} INFO - [2021-11-28 10:08:51,987] {dag.py:2396} INFO - Sync 1 DAGs
[2021-11-28 10:08:51,998] {logging_mixin.py:109} INFO - [2021-11-28 10:08:51,998] {dag.py:2928} INFO - Setting next_dagrun for example_trigger_target_dag to None
[2021-11-28 10:08:52,006] {processor.py:171} INFO - Processing /home/airflow/.local/lib/python3.7/site-packages/airflow/example_dags/example_trigger_target_dag.py took 0.130 seconds
[2021-11-28 10:09:22,625] {processor.py:163} INFO - Started process (PID=1237) to work on /home/airflow/.local/lib/python3.7/site-packages/airflow/example_dags/example_trigger_target_dag.py
[2021-11-28 10:09:22,627] {processor.py:625} INFO - Processing file /home/airflow/.local/lib/python3.7/site-packages/airflow/example_dags/example_trigger_target_dag.py for tasks to queue
[2021-11-28 10:09:22,627] {logging_mixin.py:109} INFO - [2021-11-28 10:09:22,627] {dagbag.py:500} INFO - Filling up the DagBag from /home/airflow/.local/lib/python3.7/site-packages/airflow/example_dags/example_trigger_target_dag.py
[2021-11-28 10:09:22,712] {processor.py:637} INFO - DAG(s) dict_keys(['example_trigger_target_dag']) retrieved from /home/airflow/.local/lib/python3.7/site-packages/airflow/example_dags/example_trigger_target_dag.py
[2021-11-28 10:09:22,718] {logging_mixin.py:109} INFO - [2021-11-28 10:09:22,717] {dag.py:2396} INFO - Sync 1 DAGs
[2021-11-28 10:09:22,727] {logging_mixin.py:109} INFO - [2021-11-28 10:09:22,727] {dag.py:2928} INFO - Setting next_dagrun for example_trigger_target_dag to None
[2021-11-28 10:09:22,736] {processor.py:171} INFO - Processing /home/airflow/.local/lib/python3.7/site-packages/airflow/example_dags/example_trigger_target_dag.py took 0.115 seconds
[2021-11-28 10:09:53,286] {processor.py:163} INFO - Started process (PID=1288) to work on /home/airflow/.local/lib/python3.7/site-packages/airflow/example_dags/example_trigger_target_dag.py
[2021-11-28 10:09:53,287] {processor.py:625} INFO - Processing file /home/airflow/.local/lib/python3.7/site-packages/airflow/example_dags/example_trigger_target_dag.py for tasks to queue
[2021-11-28 10:09:53,288] {logging_mixin.py:109} INFO - [2021-11-28 10:09:53,288] {dagbag.py:500} INFO - Filling up the DagBag from /home/airflow/.local/lib/python3.7/site-packages/airflow/example_dags/example_trigger_target_dag.py
[2021-11-28 10:09:53,375] {processor.py:637} INFO - DAG(s) dict_keys(['example_trigger_target_dag']) retrieved from /home/airflow/.local/lib/python3.7/site-packages/airflow/example_dags/example_trigger_target_dag.py
[2021-11-28 10:09:53,381] {logging_mixin.py:109} INFO - [2021-11-28 10:09:53,381] {dag.py:2396} INFO - Sync 1 DAGs
[2021-11-28 10:09:53,392] {logging_mixin.py:109} INFO - [2021-11-28 10:09:53,392] {dag.py:2928} INFO - Setting next_dagrun for example_trigger_target_dag to None
[2021-11-28 10:09:53,401] {processor.py:171} INFO - Processing /home/airflow/.local/lib/python3.7/site-packages/airflow/example_dags/example_trigger_target_dag.py took 0.118 seconds
[2021-11-28 10:10:24,078] {processor.py:163} INFO - Started process (PID=1348) to work on /home/airflow/.local/lib/python3.7/site-packages/airflow/example_dags/example_trigger_target_dag.py
[2021-11-28 10:10:24,079] {processor.py:625} INFO - Processing file /home/airflow/.local/lib/python3.7/site-packages/airflow/example_dags/example_trigger_target_dag.py for tasks to queue
[2021-11-28 10:10:24,080] {logging_mixin.py:109} INFO - [2021-11-28 10:10:24,080] {dagbag.py:500} INFO - Filling up the DagBag from /home/airflow/.local/lib/python3.7/site-packages/airflow/example_dags/example_trigger_target_dag.py
[2021-11-28 10:10:24,170] {processor.py:637} INFO - DAG(s) dict_keys(['example_trigger_target_dag']) retrieved from /home/airflow/.local/lib/python3.7/site-packages/airflow/example_dags/example_trigger_target_dag.py
[2021-11-28 10:10:24,176] {logging_mixin.py:109} INFO - [2021-11-28 10:10:24,176] {dag.py:2396} INFO - Sync 1 DAGs
[2021-11-28 10:10:24,187] {logging_mixin.py:109} INFO - [2021-11-28 10:10:24,187] {dag.py:2928} INFO - Setting next_dagrun for example_trigger_target_dag to None
[2021-11-28 10:10:24,196] {processor.py:171} INFO - Processing /home/airflow/.local/lib/python3.7/site-packages/airflow/example_dags/example_trigger_target_dag.py took 0.120 seconds
[2021-11-28 10:10:54,290] {processor.py:163} INFO - Started process (PID=1408) to work on /home/airflow/.local/lib/python3.7/site-packages/airflow/example_dags/example_trigger_target_dag.py
[2021-11-28 10:10:54,291] {processor.py:625} INFO - Processing file /home/airflow/.local/lib/python3.7/site-packages/airflow/example_dags/example_trigger_target_dag.py for tasks to queue
[2021-11-28 10:10:54,291] {logging_mixin.py:109} INFO - [2021-11-28 10:10:54,291] {dagbag.py:500} INFO - Filling up the DagBag from /home/airflow/.local/lib/python3.7/site-packages/airflow/example_dags/example_trigger_target_dag.py
[2021-11-28 10:10:54,317] {processor.py:637} INFO - DAG(s) dict_keys(['example_trigger_target_dag']) retrieved from /home/airflow/.local/lib/python3.7/site-packages/airflow/example_dags/example_trigger_target_dag.py
[2021-11-28 10:10:54,324] {logging_mixin.py:109} INFO - [2021-11-28 10:10:54,324] {dag.py:2396} INFO - Sync 1 DAGs
[2021-11-28 10:10:54,336] {logging_mixin.py:109} INFO - [2021-11-28 10:10:54,336] {dag.py:2928} INFO - Setting next_dagrun for example_trigger_target_dag to None
[2021-11-28 10:10:54,345] {processor.py:171} INFO - Processing /home/airflow/.local/lib/python3.7/site-packages/airflow/example_dags/example_trigger_target_dag.py took 0.058 seconds
[2021-11-28 10:11:25,012] {processor.py:163} INFO - Started process (PID=1459) to work on /home/airflow/.local/lib/python3.7/site-packages/airflow/example_dags/example_trigger_target_dag.py
[2021-11-28 10:11:25,013] {processor.py:625} INFO - Processing file /home/airflow/.local/lib/python3.7/site-packages/airflow/example_dags/example_trigger_target_dag.py for tasks to queue
[2021-11-28 10:11:25,014] {logging_mixin.py:109} INFO - [2021-11-28 10:11:25,013] {dagbag.py:500} INFO - Filling up the DagBag from /home/airflow/.local/lib/python3.7/site-packages/airflow/example_dags/example_trigger_target_dag.py
[2021-11-28 10:11:25,039] {processor.py:637} INFO - DAG(s) dict_keys(['example_trigger_target_dag']) retrieved from /home/airflow/.local/lib/python3.7/site-packages/airflow/example_dags/example_trigger_target_dag.py
[2021-11-28 10:11:25,049] {logging_mixin.py:109} INFO - [2021-11-28 10:11:25,049] {dag.py:2396} INFO - Sync 1 DAGs
[2021-11-28 10:11:25,068] {logging_mixin.py:109} INFO - [2021-11-28 10:11:25,068] {dag.py:2928} INFO - Setting next_dagrun for example_trigger_target_dag to None
[2021-11-28 10:11:25,081] {processor.py:171} INFO - Processing /home/airflow/.local/lib/python3.7/site-packages/airflow/example_dags/example_trigger_target_dag.py took 0.072 seconds
[2021-11-28 10:11:55,769] {processor.py:163} INFO - Started process (PID=1519) to work on /home/airflow/.local/lib/python3.7/site-packages/airflow/example_dags/example_trigger_target_dag.py
[2021-11-28 10:11:55,771] {processor.py:625} INFO - Processing file /home/airflow/.local/lib/python3.7/site-packages/airflow/example_dags/example_trigger_target_dag.py for tasks to queue
[2021-11-28 10:11:55,772] {logging_mixin.py:109} INFO - [2021-11-28 10:11:55,772] {dagbag.py:500} INFO - Filling up the DagBag from /home/airflow/.local/lib/python3.7/site-packages/airflow/example_dags/example_trigger_target_dag.py
[2021-11-28 10:11:55,801] {processor.py:637} INFO - DAG(s) dict_keys(['example_trigger_target_dag']) retrieved from /home/airflow/.local/lib/python3.7/site-packages/airflow/example_dags/example_trigger_target_dag.py
[2021-11-28 10:11:55,808] {logging_mixin.py:109} INFO - [2021-11-28 10:11:55,808] {dag.py:2396} INFO - Sync 1 DAGs
[2021-11-28 10:11:55,821] {logging_mixin.py:109} INFO - [2021-11-28 10:11:55,821] {dag.py:2928} INFO - Setting next_dagrun for example_trigger_target_dag to None
[2021-11-28 10:11:55,830] {processor.py:171} INFO - Processing /home/airflow/.local/lib/python3.7/site-packages/airflow/example_dags/example_trigger_target_dag.py took 0.064 seconds
[2021-11-28 10:12:26,499] {processor.py:163} INFO - Started process (PID=1570) to work on /home/airflow/.local/lib/python3.7/site-packages/airflow/example_dags/example_trigger_target_dag.py
[2021-11-28 10:12:26,500] {processor.py:625} INFO - Processing file /home/airflow/.local/lib/python3.7/site-packages/airflow/example_dags/example_trigger_target_dag.py for tasks to queue
[2021-11-28 10:12:26,501] {logging_mixin.py:109} INFO - [2021-11-28 10:12:26,501] {dagbag.py:500} INFO - Filling up the DagBag from /home/airflow/.local/lib/python3.7/site-packages/airflow/example_dags/example_trigger_target_dag.py
[2021-11-28 10:12:26,527] {processor.py:637} INFO - DAG(s) dict_keys(['example_trigger_target_dag']) retrieved from /home/airflow/.local/lib/python3.7/site-packages/airflow/example_dags/example_trigger_target_dag.py
[2021-11-28 10:12:26,537] {logging_mixin.py:109} INFO - [2021-11-28 10:12:26,537] {dag.py:2396} INFO - Sync 1 DAGs
[2021-11-28 10:12:26,551] {logging_mixin.py:109} INFO - [2021-11-28 10:12:26,551] {dag.py:2928} INFO - Setting next_dagrun for example_trigger_target_dag to None
[2021-11-28 10:12:26,561] {processor.py:171} INFO - Processing /home/airflow/.local/lib/python3.7/site-packages/airflow/example_dags/example_trigger_target_dag.py took 0.065 seconds
[2021-11-28 10:12:57,330] {processor.py:163} INFO - Started process (PID=1630) to work on /home/airflow/.local/lib/python3.7/site-packages/airflow/example_dags/example_trigger_target_dag.py
[2021-11-28 10:12:57,331] {processor.py:625} INFO - Processing file /home/airflow/.local/lib/python3.7/site-packages/airflow/example_dags/example_trigger_target_dag.py for tasks to queue
[2021-11-28 10:12:57,332] {logging_mixin.py:109} INFO - [2021-11-28 10:12:57,332] {dagbag.py:500} INFO - Filling up the DagBag from /home/airflow/.local/lib/python3.7/site-packages/airflow/example_dags/example_trigger_target_dag.py
[2021-11-28 10:12:57,356] {processor.py:637} INFO - DAG(s) dict_keys(['example_trigger_target_dag']) retrieved from /home/airflow/.local/lib/python3.7/site-packages/airflow/example_dags/example_trigger_target_dag.py
[2021-11-28 10:12:57,362] {logging_mixin.py:109} INFO - [2021-11-28 10:12:57,362] {dag.py:2396} INFO - Sync 1 DAGs
[2021-11-28 10:12:57,374] {logging_mixin.py:109} INFO - [2021-11-28 10:12:57,374] {dag.py:2928} INFO - Setting next_dagrun for example_trigger_target_dag to None
[2021-11-28 10:12:57,385] {processor.py:171} INFO - Processing /home/airflow/.local/lib/python3.7/site-packages/airflow/example_dags/example_trigger_target_dag.py took 0.058 seconds
[2021-11-28 10:13:28,031] {processor.py:163} INFO - Started process (PID=1687) to work on /home/airflow/.local/lib/python3.7/site-packages/airflow/example_dags/example_trigger_target_dag.py
[2021-11-28 10:13:28,032] {processor.py:625} INFO - Processing file /home/airflow/.local/lib/python3.7/site-packages/airflow/example_dags/example_trigger_target_dag.py for tasks to queue
[2021-11-28 10:13:28,033] {logging_mixin.py:109} INFO - [2021-11-28 10:13:28,033] {dagbag.py:500} INFO - Filling up the DagBag from /home/airflow/.local/lib/python3.7/site-packages/airflow/example_dags/example_trigger_target_dag.py
[2021-11-28 10:13:28,049] {processor.py:637} INFO - DAG(s) dict_keys(['example_trigger_target_dag']) retrieved from /home/airflow/.local/lib/python3.7/site-packages/airflow/example_dags/example_trigger_target_dag.py
[2021-11-28 10:13:28,055] {logging_mixin.py:109} INFO - [2021-11-28 10:13:28,055] {dag.py:2396} INFO - Sync 1 DAGs
[2021-11-28 10:13:28,069] {logging_mixin.py:109} INFO - [2021-11-28 10:13:28,069] {dag.py:2928} INFO - Setting next_dagrun for example_trigger_target_dag to None
[2021-11-28 10:13:28,080] {processor.py:171} INFO - Processing /home/airflow/.local/lib/python3.7/site-packages/airflow/example_dags/example_trigger_target_dag.py took 0.051 seconds
[2021-11-28 10:13:58,883] {processor.py:163} INFO - Started process (PID=1741) to work on /home/airflow/.local/lib/python3.7/site-packages/airflow/example_dags/example_trigger_target_dag.py
[2021-11-28 10:13:58,884] {processor.py:625} INFO - Processing file /home/airflow/.local/lib/python3.7/site-packages/airflow/example_dags/example_trigger_target_dag.py for tasks to queue
[2021-11-28 10:13:58,884] {logging_mixin.py:109} INFO - [2021-11-28 10:13:58,884] {dagbag.py:500} INFO - Filling up the DagBag from /home/airflow/.local/lib/python3.7/site-packages/airflow/example_dags/example_trigger_target_dag.py
[2021-11-28 10:13:58,906] {processor.py:637} INFO - DAG(s) dict_keys(['example_trigger_target_dag']) retrieved from /home/airflow/.local/lib/python3.7/site-packages/airflow/example_dags/example_trigger_target_dag.py
[2021-11-28 10:13:58,915] {logging_mixin.py:109} INFO - [2021-11-28 10:13:58,915] {dag.py:2396} INFO - Sync 1 DAGs
[2021-11-28 10:13:58,933] {logging_mixin.py:109} INFO - [2021-11-28 10:13:58,933] {dag.py:2928} INFO - Setting next_dagrun for example_trigger_target_dag to None
[2021-11-28 10:13:58,943] {processor.py:171} INFO - Processing /home/airflow/.local/lib/python3.7/site-packages/airflow/example_dags/example_trigger_target_dag.py took 0.062 seconds
[2021-11-28 10:14:29,661] {processor.py:163} INFO - Started process (PID=1802) to work on /home/airflow/.local/lib/python3.7/site-packages/airflow/example_dags/example_trigger_target_dag.py
[2021-11-28 10:14:29,666] {processor.py:625} INFO - Processing file /home/airflow/.local/lib/python3.7/site-packages/airflow/example_dags/example_trigger_target_dag.py for tasks to queue
[2021-11-28 10:14:29,666] {logging_mixin.py:109} INFO - [2021-11-28 10:14:29,666] {dagbag.py:500} INFO - Filling up the DagBag from /home/airflow/.local/lib/python3.7/site-packages/airflow/example_dags/example_trigger_target_dag.py
[2021-11-28 10:14:29,684] {processor.py:637} INFO - DAG(s) dict_keys(['example_trigger_target_dag']) retrieved from /home/airflow/.local/lib/python3.7/site-packages/airflow/example_dags/example_trigger_target_dag.py
[2021-11-28 10:14:29,691] {logging_mixin.py:109} INFO - [2021-11-28 10:14:29,691] {dag.py:2396} INFO - Sync 1 DAGs
[2021-11-28 10:14:29,704] {logging_mixin.py:109} INFO - [2021-11-28 10:14:29,704] {dag.py:2928} INFO - Setting next_dagrun for example_trigger_target_dag to None
[2021-11-28 10:14:29,712] {processor.py:171} INFO - Processing /home/airflow/.local/lib/python3.7/site-packages/airflow/example_dags/example_trigger_target_dag.py took 0.053 seconds
[2021-11-28 10:15:00,389] {processor.py:163} INFO - Started process (PID=1853) to work on /home/airflow/.local/lib/python3.7/site-packages/airflow/example_dags/example_trigger_target_dag.py
[2021-11-28 10:15:00,390] {processor.py:625} INFO - Processing file /home/airflow/.local/lib/python3.7/site-packages/airflow/example_dags/example_trigger_target_dag.py for tasks to queue
[2021-11-28 10:15:00,391] {logging_mixin.py:109} INFO - [2021-11-28 10:15:00,391] {dagbag.py:500} INFO - Filling up the DagBag from /home/airflow/.local/lib/python3.7/site-packages/airflow/example_dags/example_trigger_target_dag.py
[2021-11-28 10:15:00,418] {processor.py:637} INFO - DAG(s) dict_keys(['example_trigger_target_dag']) retrieved from /home/airflow/.local/lib/python3.7/site-packages/airflow/example_dags/example_trigger_target_dag.py
[2021-11-28 10:15:00,428] {logging_mixin.py:109} INFO - [2021-11-28 10:15:00,428] {dag.py:2396} INFO - Sync 1 DAGs
[2021-11-28 10:15:00,447] {logging_mixin.py:109} INFO - [2021-11-28 10:15:00,447] {dag.py:2928} INFO - Setting next_dagrun for example_trigger_target_dag to None
[2021-11-28 10:15:00,458] {processor.py:171} INFO - Processing /home/airflow/.local/lib/python3.7/site-packages/airflow/example_dags/example_trigger_target_dag.py took 0.072 seconds
[2021-11-28 10:15:31,109] {processor.py:163} INFO - Started process (PID=1913) to work on /home/airflow/.local/lib/python3.7/site-packages/airflow/example_dags/example_trigger_target_dag.py
[2021-11-28 10:15:31,110] {processor.py:625} INFO - Processing file /home/airflow/.local/lib/python3.7/site-packages/airflow/example_dags/example_trigger_target_dag.py for tasks to queue
[2021-11-28 10:15:31,111] {logging_mixin.py:109} INFO - [2021-11-28 10:15:31,111] {dagbag.py:500} INFO - Filling up the DagBag from /home/airflow/.local/lib/python3.7/site-packages/airflow/example_dags/example_trigger_target_dag.py
[2021-11-28 10:15:31,140] {processor.py:637} INFO - DAG(s) dict_keys(['example_trigger_target_dag']) retrieved from /home/airflow/.local/lib/python3.7/site-packages/airflow/example_dags/example_trigger_target_dag.py
[2021-11-28 10:15:31,146] {logging_mixin.py:109} INFO - [2021-11-28 10:15:31,146] {dag.py:2396} INFO - Sync 1 DAGs
[2021-11-28 10:15:31,157] {logging_mixin.py:109} INFO - [2021-11-28 10:15:31,157] {dag.py:2928} INFO - Setting next_dagrun for example_trigger_target_dag to None
[2021-11-28 10:15:31,167] {processor.py:171} INFO - Processing /home/airflow/.local/lib/python3.7/site-packages/airflow/example_dags/example_trigger_target_dag.py took 0.062 seconds
[2021-11-28 10:16:01,830] {processor.py:163} INFO - Started process (PID=1964) to work on /home/airflow/.local/lib/python3.7/site-packages/airflow/example_dags/example_trigger_target_dag.py
[2021-11-28 10:16:01,831] {processor.py:625} INFO - Processing file /home/airflow/.local/lib/python3.7/site-packages/airflow/example_dags/example_trigger_target_dag.py for tasks to queue
[2021-11-28 10:16:01,831] {logging_mixin.py:109} INFO - [2021-11-28 10:16:01,831] {dagbag.py:500} INFO - Filling up the DagBag from /home/airflow/.local/lib/python3.7/site-packages/airflow/example_dags/example_trigger_target_dag.py
[2021-11-28 10:16:01,849] {processor.py:637} INFO - DAG(s) dict_keys(['example_trigger_target_dag']) retrieved from /home/airflow/.local/lib/python3.7/site-packages/airflow/example_dags/example_trigger_target_dag.py
[2021-11-28 10:16:01,855] {logging_mixin.py:109} INFO - [2021-11-28 10:16:01,855] {dag.py:2396} INFO - Sync 1 DAGs
[2021-11-28 10:16:01,866] {logging_mixin.py:109} INFO - [2021-11-28 10:16:01,866] {dag.py:2928} INFO - Setting next_dagrun for example_trigger_target_dag to None
[2021-11-28 10:16:01,874] {processor.py:171} INFO - Processing /home/airflow/.local/lib/python3.7/site-packages/airflow/example_dags/example_trigger_target_dag.py took 0.046 seconds
[2021-11-28 10:16:32,526] {processor.py:163} INFO - Started process (PID=2025) to work on /home/airflow/.local/lib/python3.7/site-packages/airflow/example_dags/example_trigger_target_dag.py
[2021-11-28 10:16:32,527] {processor.py:625} INFO - Processing file /home/airflow/.local/lib/python3.7/site-packages/airflow/example_dags/example_trigger_target_dag.py for tasks to queue
[2021-11-28 10:16:32,527] {logging_mixin.py:109} INFO - [2021-11-28 10:16:32,527] {dagbag.py:500} INFO - Filling up the DagBag from /home/airflow/.local/lib/python3.7/site-packages/airflow/example_dags/example_trigger_target_dag.py
[2021-11-28 10:16:32,545] {processor.py:637} INFO - DAG(s) dict_keys(['example_trigger_target_dag']) retrieved from /home/airflow/.local/lib/python3.7/site-packages/airflow/example_dags/example_trigger_target_dag.py
[2021-11-28 10:16:32,551] {logging_mixin.py:109} INFO - [2021-11-28 10:16:32,551] {dag.py:2396} INFO - Sync 1 DAGs
[2021-11-28 10:16:32,562] {logging_mixin.py:109} INFO - [2021-11-28 10:16:32,562] {dag.py:2928} INFO - Setting next_dagrun for example_trigger_target_dag to None
[2021-11-28 10:16:32,570] {processor.py:171} INFO - Processing /home/airflow/.local/lib/python3.7/site-packages/airflow/example_dags/example_trigger_target_dag.py took 0.046 seconds
[2021-11-28 10:17:03,403] {processor.py:163} INFO - Started process (PID=2085) to work on /home/airflow/.local/lib/python3.7/site-packages/airflow/example_dags/example_trigger_target_dag.py
[2021-11-28 10:17:03,403] {processor.py:625} INFO - Processing file /home/airflow/.local/lib/python3.7/site-packages/airflow/example_dags/example_trigger_target_dag.py for tasks to queue
[2021-11-28 10:17:03,404] {logging_mixin.py:109} INFO - [2021-11-28 10:17:03,404] {dagbag.py:500} INFO - Filling up the DagBag from /home/airflow/.local/lib/python3.7/site-packages/airflow/example_dags/example_trigger_target_dag.py
[2021-11-28 10:17:03,423] {processor.py:637} INFO - DAG(s) dict_keys(['example_trigger_target_dag']) retrieved from /home/airflow/.local/lib/python3.7/site-packages/airflow/example_dags/example_trigger_target_dag.py
[2021-11-28 10:17:03,434] {logging_mixin.py:109} INFO - [2021-11-28 10:17:03,434] {dag.py:2396} INFO - Sync 1 DAGs
[2021-11-28 10:17:03,453] {logging_mixin.py:109} INFO - [2021-11-28 10:17:03,453] {dag.py:2928} INFO - Setting next_dagrun for example_trigger_target_dag to None
[2021-11-28 10:17:03,465] {processor.py:171} INFO - Processing /home/airflow/.local/lib/python3.7/site-packages/airflow/example_dags/example_trigger_target_dag.py took 0.064 seconds
[2021-11-28 10:17:33,979] {processor.py:163} INFO - Started process (PID=2136) to work on /home/airflow/.local/lib/python3.7/site-packages/airflow/example_dags/example_trigger_target_dag.py
[2021-11-28 10:17:33,980] {processor.py:625} INFO - Processing file /home/airflow/.local/lib/python3.7/site-packages/airflow/example_dags/example_trigger_target_dag.py for tasks to queue
[2021-11-28 10:17:33,981] {logging_mixin.py:109} INFO - [2021-11-28 10:17:33,981] {dagbag.py:500} INFO - Filling up the DagBag from /home/airflow/.local/lib/python3.7/site-packages/airflow/example_dags/example_trigger_target_dag.py
[2021-11-28 10:17:34,005] {processor.py:637} INFO - DAG(s) dict_keys(['example_trigger_target_dag']) retrieved from /home/airflow/.local/lib/python3.7/site-packages/airflow/example_dags/example_trigger_target_dag.py
[2021-11-28 10:17:34,015] {logging_mixin.py:109} INFO - [2021-11-28 10:17:34,015] {dag.py:2396} INFO - Sync 1 DAGs
[2021-11-28 10:17:34,029] {logging_mixin.py:109} INFO - [2021-11-28 10:17:34,029] {dag.py:2928} INFO - Setting next_dagrun for example_trigger_target_dag to None
[2021-11-28 10:17:34,037] {processor.py:171} INFO - Processing /home/airflow/.local/lib/python3.7/site-packages/airflow/example_dags/example_trigger_target_dag.py took 0.061 seconds
