[2021-11-28 09:45:07,908] {processor.py:163} INFO - Started process (PID=386) to work on /home/airflow/.local/lib/python3.7/site-packages/airflow/example_dags/example_nested_branch_dag.py
[2021-11-28 09:45:07,909] {processor.py:625} INFO - Processing file /home/airflow/.local/lib/python3.7/site-packages/airflow/example_dags/example_nested_branch_dag.py for tasks to queue
[2021-11-28 09:45:07,910] {logging_mixin.py:109} INFO - [2021-11-28 09:45:07,910] {dagbag.py:500} INFO - Filling up the DagBag from /home/airflow/.local/lib/python3.7/site-packages/airflow/example_dags/example_nested_branch_dag.py
[2021-11-28 09:45:07,929] {processor.py:637} INFO - DAG(s) dict_keys(['example_nested_branch_dag']) retrieved from /home/airflow/.local/lib/python3.7/site-packages/airflow/example_dags/example_nested_branch_dag.py
[2021-11-28 09:45:08,941] {logging_mixin.py:109} INFO - [2021-11-28 09:45:08,941] {providers_manager.py:156} WARNING - Exception when importing 'airflow.providers.google.leveldb.hooks.leveldb.LevelDBHook' from 'apache-airflow-providers-google' package: No module named 'plyvel'
[2021-11-28 09:45:09,192] {logging_mixin.py:109} INFO - [2021-11-28 09:45:09,192] {providers_manager.py:156} WARNING - Exception when importing 'airflow.providers.google.leveldb.hooks.leveldb.LevelDBHook' from 'apache-airflow-providers-google' package: No module named 'plyvel'
[2021-11-28 09:45:09,212] {logging_mixin.py:109} INFO - [2021-11-28 09:45:09,212] {manager.py:496} INFO - Created Permission View: can read on DAG:example_nested_branch_dag
[2021-11-28 09:45:09,220] {logging_mixin.py:109} INFO - [2021-11-28 09:45:09,220] {manager.py:496} INFO - Created Permission View: can edit on DAG:example_nested_branch_dag
[2021-11-28 09:45:09,220] {logging_mixin.py:109} INFO - [2021-11-28 09:45:09,220] {dag.py:2396} INFO - Sync 1 DAGs
[2021-11-28 09:45:09,226] {logging_mixin.py:109} INFO - [2021-11-28 09:45:09,226] {dag.py:2415} INFO - Creating ORM DAG for example_nested_branch_dag
[2021-11-28 09:45:09,234] {logging_mixin.py:109} INFO - [2021-11-28 09:45:09,234] {dag.py:2928} INFO - Setting next_dagrun for example_nested_branch_dag to 2021-11-27 00:00:00+00:00
[2021-11-28 09:45:09,244] {processor.py:171} INFO - Processing /home/airflow/.local/lib/python3.7/site-packages/airflow/example_dags/example_nested_branch_dag.py took 1.338 seconds
[2021-11-28 09:45:39,384] {processor.py:163} INFO - Started process (PID=507) to work on /home/airflow/.local/lib/python3.7/site-packages/airflow/example_dags/example_nested_branch_dag.py
[2021-11-28 09:45:39,385] {processor.py:625} INFO - Processing file /home/airflow/.local/lib/python3.7/site-packages/airflow/example_dags/example_nested_branch_dag.py for tasks to queue
[2021-11-28 09:45:39,386] {logging_mixin.py:109} INFO - [2021-11-28 09:45:39,386] {dagbag.py:500} INFO - Filling up the DagBag from /home/airflow/.local/lib/python3.7/site-packages/airflow/example_dags/example_nested_branch_dag.py
[2021-11-28 09:45:39,414] {processor.py:637} INFO - DAG(s) dict_keys(['example_nested_branch_dag']) retrieved from /home/airflow/.local/lib/python3.7/site-packages/airflow/example_dags/example_nested_branch_dag.py
[2021-11-28 09:45:39,425] {logging_mixin.py:109} INFO - [2021-11-28 09:45:39,425] {dag.py:2396} INFO - Sync 1 DAGs
[2021-11-28 09:45:39,445] {logging_mixin.py:109} INFO - [2021-11-28 09:45:39,445] {dag.py:2928} INFO - Setting next_dagrun for example_nested_branch_dag to 2021-11-27 00:00:00+00:00
[2021-11-28 09:45:39,456] {processor.py:171} INFO - Processing /home/airflow/.local/lib/python3.7/site-packages/airflow/example_dags/example_nested_branch_dag.py took 0.074 seconds
[2021-11-28 09:46:09,641] {processor.py:163} INFO - Started process (PID=558) to work on /home/airflow/.local/lib/python3.7/site-packages/airflow/example_dags/example_nested_branch_dag.py
[2021-11-28 09:46:09,643] {processor.py:625} INFO - Processing file /home/airflow/.local/lib/python3.7/site-packages/airflow/example_dags/example_nested_branch_dag.py for tasks to queue
[2021-11-28 09:46:09,643] {logging_mixin.py:109} INFO - [2021-11-28 09:46:09,643] {dagbag.py:500} INFO - Filling up the DagBag from /home/airflow/.local/lib/python3.7/site-packages/airflow/example_dags/example_nested_branch_dag.py
[2021-11-28 09:46:09,667] {processor.py:637} INFO - DAG(s) dict_keys(['example_nested_branch_dag']) retrieved from /home/airflow/.local/lib/python3.7/site-packages/airflow/example_dags/example_nested_branch_dag.py
[2021-11-28 09:46:09,677] {logging_mixin.py:109} INFO - [2021-11-28 09:46:09,677] {dag.py:2396} INFO - Sync 1 DAGs
[2021-11-28 09:46:09,692] {logging_mixin.py:109} INFO - [2021-11-28 09:46:09,692] {dag.py:2928} INFO - Setting next_dagrun for example_nested_branch_dag to 2021-11-27 00:00:00+00:00
[2021-11-28 09:46:09,700] {processor.py:171} INFO - Processing /home/airflow/.local/lib/python3.7/site-packages/airflow/example_dags/example_nested_branch_dag.py took 0.061 seconds
[2021-11-28 09:46:39,857] {processor.py:163} INFO - Started process (PID=618) to work on /home/airflow/.local/lib/python3.7/site-packages/airflow/example_dags/example_nested_branch_dag.py
[2021-11-28 09:46:39,858] {processor.py:625} INFO - Processing file /home/airflow/.local/lib/python3.7/site-packages/airflow/example_dags/example_nested_branch_dag.py for tasks to queue
[2021-11-28 09:46:39,858] {logging_mixin.py:109} INFO - [2021-11-28 09:46:39,858] {dagbag.py:500} INFO - Filling up the DagBag from /home/airflow/.local/lib/python3.7/site-packages/airflow/example_dags/example_nested_branch_dag.py
[2021-11-28 09:46:39,878] {processor.py:637} INFO - DAG(s) dict_keys(['example_nested_branch_dag']) retrieved from /home/airflow/.local/lib/python3.7/site-packages/airflow/example_dags/example_nested_branch_dag.py
[2021-11-28 09:46:39,890] {logging_mixin.py:109} INFO - [2021-11-28 09:46:39,890] {dag.py:2396} INFO - Sync 1 DAGs
[2021-11-28 09:46:39,910] {logging_mixin.py:109} INFO - [2021-11-28 09:46:39,910] {dag.py:2928} INFO - Setting next_dagrun for example_nested_branch_dag to 2021-11-27 00:00:00+00:00
[2021-11-28 09:46:39,922] {processor.py:171} INFO - Processing /home/airflow/.local/lib/python3.7/site-packages/airflow/example_dags/example_nested_branch_dag.py took 0.068 seconds
[2021-11-28 09:48:50,566] {processor.py:163} INFO - Started process (PID=56) to work on /home/airflow/.local/lib/python3.7/site-packages/airflow/example_dags/example_nested_branch_dag.py
[2021-11-28 09:48:50,567] {processor.py:625} INFO - Processing file /home/airflow/.local/lib/python3.7/site-packages/airflow/example_dags/example_nested_branch_dag.py for tasks to queue
[2021-11-28 09:48:50,568] {logging_mixin.py:109} INFO - [2021-11-28 09:48:50,568] {dagbag.py:500} INFO - Filling up the DagBag from /home/airflow/.local/lib/python3.7/site-packages/airflow/example_dags/example_nested_branch_dag.py
[2021-11-28 09:48:50,590] {processor.py:637} INFO - DAG(s) dict_keys(['example_nested_branch_dag']) retrieved from /home/airflow/.local/lib/python3.7/site-packages/airflow/example_dags/example_nested_branch_dag.py
[2021-11-28 09:48:50,599] {logging_mixin.py:109} INFO - [2021-11-28 09:48:50,599] {dag.py:2396} INFO - Sync 1 DAGs
[2021-11-28 09:48:50,613] {logging_mixin.py:109} INFO - [2021-11-28 09:48:50,613] {dag.py:2928} INFO - Setting next_dagrun for example_nested_branch_dag to 2021-11-27 00:00:00+00:00
[2021-11-28 09:48:50,623] {processor.py:171} INFO - Processing /home/airflow/.local/lib/python3.7/site-packages/airflow/example_dags/example_nested_branch_dag.py took 0.060 seconds
[2021-11-28 09:49:21,748] {processor.py:163} INFO - Started process (PID=116) to work on /home/airflow/.local/lib/python3.7/site-packages/airflow/example_dags/example_nested_branch_dag.py
[2021-11-28 09:49:21,749] {processor.py:625} INFO - Processing file /home/airflow/.local/lib/python3.7/site-packages/airflow/example_dags/example_nested_branch_dag.py for tasks to queue
[2021-11-28 09:49:21,750] {logging_mixin.py:109} INFO - [2021-11-28 09:49:21,750] {dagbag.py:500} INFO - Filling up the DagBag from /home/airflow/.local/lib/python3.7/site-packages/airflow/example_dags/example_nested_branch_dag.py
[2021-11-28 09:49:21,766] {processor.py:637} INFO - DAG(s) dict_keys(['example_nested_branch_dag']) retrieved from /home/airflow/.local/lib/python3.7/site-packages/airflow/example_dags/example_nested_branch_dag.py
[2021-11-28 09:49:21,775] {logging_mixin.py:109} INFO - [2021-11-28 09:49:21,775] {dag.py:2396} INFO - Sync 1 DAGs
[2021-11-28 09:49:21,788] {logging_mixin.py:109} INFO - [2021-11-28 09:49:21,788] {dag.py:2928} INFO - Setting next_dagrun for example_nested_branch_dag to 2021-11-27 00:00:00+00:00
[2021-11-28 09:49:21,797] {processor.py:171} INFO - Processing /home/airflow/.local/lib/python3.7/site-packages/airflow/example_dags/example_nested_branch_dag.py took 0.050 seconds
[2021-11-28 09:49:52,681] {processor.py:163} INFO - Started process (PID=176) to work on /home/airflow/.local/lib/python3.7/site-packages/airflow/example_dags/example_nested_branch_dag.py
[2021-11-28 09:49:52,683] {processor.py:625} INFO - Processing file /home/airflow/.local/lib/python3.7/site-packages/airflow/example_dags/example_nested_branch_dag.py for tasks to queue
[2021-11-28 09:49:52,683] {logging_mixin.py:109} INFO - [2021-11-28 09:49:52,683] {dagbag.py:500} INFO - Filling up the DagBag from /home/airflow/.local/lib/python3.7/site-packages/airflow/example_dags/example_nested_branch_dag.py
[2021-11-28 09:49:52,703] {processor.py:637} INFO - DAG(s) dict_keys(['example_nested_branch_dag']) retrieved from /home/airflow/.local/lib/python3.7/site-packages/airflow/example_dags/example_nested_branch_dag.py
[2021-11-28 09:49:52,715] {logging_mixin.py:109} INFO - [2021-11-28 09:49:52,715] {dag.py:2396} INFO - Sync 1 DAGs
[2021-11-28 09:49:52,737] {logging_mixin.py:109} INFO - [2021-11-28 09:49:52,736] {dag.py:2928} INFO - Setting next_dagrun for example_nested_branch_dag to 2021-11-27 00:00:00+00:00
[2021-11-28 09:49:52,750] {processor.py:171} INFO - Processing /home/airflow/.local/lib/python3.7/site-packages/airflow/example_dags/example_nested_branch_dag.py took 0.070 seconds
[2021-11-28 09:50:23,764] {processor.py:163} INFO - Started process (PID=227) to work on /home/airflow/.local/lib/python3.7/site-packages/airflow/example_dags/example_nested_branch_dag.py
[2021-11-28 09:50:23,765] {processor.py:625} INFO - Processing file /home/airflow/.local/lib/python3.7/site-packages/airflow/example_dags/example_nested_branch_dag.py for tasks to queue
[2021-11-28 09:50:23,766] {logging_mixin.py:109} INFO - [2021-11-28 09:50:23,766] {dagbag.py:500} INFO - Filling up the DagBag from /home/airflow/.local/lib/python3.7/site-packages/airflow/example_dags/example_nested_branch_dag.py
[2021-11-28 09:50:23,793] {processor.py:637} INFO - DAG(s) dict_keys(['example_nested_branch_dag']) retrieved from /home/airflow/.local/lib/python3.7/site-packages/airflow/example_dags/example_nested_branch_dag.py
[2021-11-28 09:50:23,806] {logging_mixin.py:109} INFO - [2021-11-28 09:50:23,805] {dag.py:2396} INFO - Sync 1 DAGs
[2021-11-28 09:50:23,825] {logging_mixin.py:109} INFO - [2021-11-28 09:50:23,825] {dag.py:2928} INFO - Setting next_dagrun for example_nested_branch_dag to 2021-11-27 00:00:00+00:00
[2021-11-28 09:50:23,834] {processor.py:171} INFO - Processing /home/airflow/.local/lib/python3.7/site-packages/airflow/example_dags/example_nested_branch_dag.py took 0.073 seconds
[2021-11-28 09:50:54,647] {processor.py:163} INFO - Started process (PID=287) to work on /home/airflow/.local/lib/python3.7/site-packages/airflow/example_dags/example_nested_branch_dag.py
[2021-11-28 09:50:54,648] {processor.py:625} INFO - Processing file /home/airflow/.local/lib/python3.7/site-packages/airflow/example_dags/example_nested_branch_dag.py for tasks to queue
[2021-11-28 09:50:54,649] {logging_mixin.py:109} INFO - [2021-11-28 09:50:54,649] {dagbag.py:500} INFO - Filling up the DagBag from /home/airflow/.local/lib/python3.7/site-packages/airflow/example_dags/example_nested_branch_dag.py
[2021-11-28 09:50:54,676] {processor.py:637} INFO - DAG(s) dict_keys(['example_nested_branch_dag']) retrieved from /home/airflow/.local/lib/python3.7/site-packages/airflow/example_dags/example_nested_branch_dag.py
[2021-11-28 09:50:54,688] {logging_mixin.py:109} INFO - [2021-11-28 09:50:54,688] {dag.py:2396} INFO - Sync 1 DAGs
[2021-11-28 09:50:54,709] {logging_mixin.py:109} INFO - [2021-11-28 09:50:54,709] {dag.py:2928} INFO - Setting next_dagrun for example_nested_branch_dag to 2021-11-27 00:00:00+00:00
[2021-11-28 09:50:54,719] {processor.py:171} INFO - Processing /home/airflow/.local/lib/python3.7/site-packages/airflow/example_dags/example_nested_branch_dag.py took 0.075 seconds
[2021-11-28 09:51:49,144] {processor.py:163} INFO - Started process (PID=55) to work on /home/airflow/.local/lib/python3.7/site-packages/airflow/example_dags/example_nested_branch_dag.py
[2021-11-28 09:51:49,146] {processor.py:625} INFO - Processing file /home/airflow/.local/lib/python3.7/site-packages/airflow/example_dags/example_nested_branch_dag.py for tasks to queue
[2021-11-28 09:51:49,146] {logging_mixin.py:109} INFO - [2021-11-28 09:51:49,146] {dagbag.py:500} INFO - Filling up the DagBag from /home/airflow/.local/lib/python3.7/site-packages/airflow/example_dags/example_nested_branch_dag.py
[2021-11-28 09:51:49,175] {processor.py:637} INFO - DAG(s) dict_keys(['example_nested_branch_dag']) retrieved from /home/airflow/.local/lib/python3.7/site-packages/airflow/example_dags/example_nested_branch_dag.py
[2021-11-28 09:51:49,186] {logging_mixin.py:109} INFO - [2021-11-28 09:51:49,186] {dag.py:2396} INFO - Sync 1 DAGs
[2021-11-28 09:51:49,206] {logging_mixin.py:109} INFO - [2021-11-28 09:51:49,205] {dag.py:2928} INFO - Setting next_dagrun for example_nested_branch_dag to 2021-11-27 00:00:00+00:00
[2021-11-28 09:51:49,218] {processor.py:171} INFO - Processing /home/airflow/.local/lib/python3.7/site-packages/airflow/example_dags/example_nested_branch_dag.py took 0.076 seconds
[2021-11-28 09:52:19,454] {processor.py:163} INFO - Started process (PID=117) to work on /home/airflow/.local/lib/python3.7/site-packages/airflow/example_dags/example_nested_branch_dag.py
[2021-11-28 09:52:19,455] {processor.py:625} INFO - Processing file /home/airflow/.local/lib/python3.7/site-packages/airflow/example_dags/example_nested_branch_dag.py for tasks to queue
[2021-11-28 09:52:19,455] {logging_mixin.py:109} INFO - [2021-11-28 09:52:19,455] {dagbag.py:500} INFO - Filling up the DagBag from /home/airflow/.local/lib/python3.7/site-packages/airflow/example_dags/example_nested_branch_dag.py
[2021-11-28 09:52:19,476] {processor.py:637} INFO - DAG(s) dict_keys(['example_nested_branch_dag']) retrieved from /home/airflow/.local/lib/python3.7/site-packages/airflow/example_dags/example_nested_branch_dag.py
[2021-11-28 09:52:19,488] {logging_mixin.py:109} INFO - [2021-11-28 09:52:19,488] {dag.py:2396} INFO - Sync 1 DAGs
[2021-11-28 09:52:19,509] {logging_mixin.py:109} INFO - [2021-11-28 09:52:19,509] {dag.py:2928} INFO - Setting next_dagrun for example_nested_branch_dag to 2021-11-27 00:00:00+00:00
[2021-11-28 09:52:19,521] {processor.py:171} INFO - Processing /home/airflow/.local/lib/python3.7/site-packages/airflow/example_dags/example_nested_branch_dag.py took 0.068 seconds
[2021-11-28 09:52:50,372] {processor.py:163} INFO - Started process (PID=168) to work on /home/airflow/.local/lib/python3.7/site-packages/airflow/example_dags/example_nested_branch_dag.py
[2021-11-28 09:52:50,373] {processor.py:625} INFO - Processing file /home/airflow/.local/lib/python3.7/site-packages/airflow/example_dags/example_nested_branch_dag.py for tasks to queue
[2021-11-28 09:52:50,374] {logging_mixin.py:109} INFO - [2021-11-28 09:52:50,374] {dagbag.py:500} INFO - Filling up the DagBag from /home/airflow/.local/lib/python3.7/site-packages/airflow/example_dags/example_nested_branch_dag.py
[2021-11-28 09:52:50,403] {processor.py:637} INFO - DAG(s) dict_keys(['example_nested_branch_dag']) retrieved from /home/airflow/.local/lib/python3.7/site-packages/airflow/example_dags/example_nested_branch_dag.py
[2021-11-28 09:52:50,411] {logging_mixin.py:109} INFO - [2021-11-28 09:52:50,411] {dag.py:2396} INFO - Sync 1 DAGs
[2021-11-28 09:52:50,426] {logging_mixin.py:109} INFO - [2021-11-28 09:52:50,426] {dag.py:2928} INFO - Setting next_dagrun for example_nested_branch_dag to 2021-11-27 00:00:00+00:00
[2021-11-28 09:52:50,440] {processor.py:171} INFO - Processing /home/airflow/.local/lib/python3.7/site-packages/airflow/example_dags/example_nested_branch_dag.py took 0.072 seconds
[2021-11-28 09:58:34,754] {processor.py:163} INFO - Started process (PID=55) to work on /home/airflow/.local/lib/python3.7/site-packages/airflow/example_dags/example_nested_branch_dag.py
[2021-11-28 09:58:34,755] {processor.py:625} INFO - Processing file /home/airflow/.local/lib/python3.7/site-packages/airflow/example_dags/example_nested_branch_dag.py for tasks to queue
[2021-11-28 09:58:34,756] {logging_mixin.py:109} INFO - [2021-11-28 09:58:34,756] {dagbag.py:500} INFO - Filling up the DagBag from /home/airflow/.local/lib/python3.7/site-packages/airflow/example_dags/example_nested_branch_dag.py
[2021-11-28 09:58:34,778] {processor.py:637} INFO - DAG(s) dict_keys(['example_nested_branch_dag']) retrieved from /home/airflow/.local/lib/python3.7/site-packages/airflow/example_dags/example_nested_branch_dag.py
[2021-11-28 09:58:34,786] {logging_mixin.py:109} INFO - [2021-11-28 09:58:34,786] {dag.py:2396} INFO - Sync 1 DAGs
[2021-11-28 09:58:34,808] {logging_mixin.py:109} INFO - [2021-11-28 09:58:34,808] {dag.py:2928} INFO - Setting next_dagrun for example_nested_branch_dag to 2021-11-27 00:00:00+00:00
[2021-11-28 09:58:34,822] {processor.py:171} INFO - Processing /home/airflow/.local/lib/python3.7/site-packages/airflow/example_dags/example_nested_branch_dag.py took 0.070 seconds
[2021-11-28 09:59:05,632] {processor.py:163} INFO - Started process (PID=115) to work on /home/airflow/.local/lib/python3.7/site-packages/airflow/example_dags/example_nested_branch_dag.py
[2021-11-28 09:59:05,632] {processor.py:625} INFO - Processing file /home/airflow/.local/lib/python3.7/site-packages/airflow/example_dags/example_nested_branch_dag.py for tasks to queue
[2021-11-28 09:59:05,633] {logging_mixin.py:109} INFO - [2021-11-28 09:59:05,633] {dagbag.py:500} INFO - Filling up the DagBag from /home/airflow/.local/lib/python3.7/site-packages/airflow/example_dags/example_nested_branch_dag.py
[2021-11-28 09:59:05,651] {processor.py:637} INFO - DAG(s) dict_keys(['example_nested_branch_dag']) retrieved from /home/airflow/.local/lib/python3.7/site-packages/airflow/example_dags/example_nested_branch_dag.py
[2021-11-28 09:59:05,663] {logging_mixin.py:109} INFO - [2021-11-28 09:59:05,663] {dag.py:2396} INFO - Sync 1 DAGs
[2021-11-28 09:59:05,683] {logging_mixin.py:109} INFO - [2021-11-28 09:59:05,683] {dag.py:2928} INFO - Setting next_dagrun for example_nested_branch_dag to 2021-11-27 00:00:00+00:00
[2021-11-28 09:59:05,694] {processor.py:171} INFO - Processing /home/airflow/.local/lib/python3.7/site-packages/airflow/example_dags/example_nested_branch_dag.py took 0.064 seconds
[2021-11-28 09:59:36,496] {processor.py:163} INFO - Started process (PID=175) to work on /home/airflow/.local/lib/python3.7/site-packages/airflow/example_dags/example_nested_branch_dag.py
[2021-11-28 09:59:36,497] {processor.py:625} INFO - Processing file /home/airflow/.local/lib/python3.7/site-packages/airflow/example_dags/example_nested_branch_dag.py for tasks to queue
[2021-11-28 09:59:36,497] {logging_mixin.py:109} INFO - [2021-11-28 09:59:36,497] {dagbag.py:500} INFO - Filling up the DagBag from /home/airflow/.local/lib/python3.7/site-packages/airflow/example_dags/example_nested_branch_dag.py
[2021-11-28 09:59:36,541] {processor.py:637} INFO - DAG(s) dict_keys(['example_nested_branch_dag']) retrieved from /home/airflow/.local/lib/python3.7/site-packages/airflow/example_dags/example_nested_branch_dag.py
[2021-11-28 09:59:36,549] {logging_mixin.py:109} INFO - [2021-11-28 09:59:36,549] {dag.py:2396} INFO - Sync 1 DAGs
[2021-11-28 09:59:36,562] {logging_mixin.py:109} INFO - [2021-11-28 09:59:36,562] {dag.py:2928} INFO - Setting next_dagrun for example_nested_branch_dag to 2021-11-27 00:00:00+00:00
[2021-11-28 09:59:36,571] {processor.py:171} INFO - Processing /home/airflow/.local/lib/python3.7/site-packages/airflow/example_dags/example_nested_branch_dag.py took 0.078 seconds
[2021-11-28 10:00:07,402] {processor.py:163} INFO - Started process (PID=226) to work on /home/airflow/.local/lib/python3.7/site-packages/airflow/example_dags/example_nested_branch_dag.py
[2021-11-28 10:00:07,403] {processor.py:625} INFO - Processing file /home/airflow/.local/lib/python3.7/site-packages/airflow/example_dags/example_nested_branch_dag.py for tasks to queue
[2021-11-28 10:00:07,403] {logging_mixin.py:109} INFO - [2021-11-28 10:00:07,403] {dagbag.py:500} INFO - Filling up the DagBag from /home/airflow/.local/lib/python3.7/site-packages/airflow/example_dags/example_nested_branch_dag.py
[2021-11-28 10:00:07,421] {processor.py:637} INFO - DAG(s) dict_keys(['example_nested_branch_dag']) retrieved from /home/airflow/.local/lib/python3.7/site-packages/airflow/example_dags/example_nested_branch_dag.py
[2021-11-28 10:00:07,427] {logging_mixin.py:109} INFO - [2021-11-28 10:00:07,427] {dag.py:2396} INFO - Sync 1 DAGs
[2021-11-28 10:00:07,439] {logging_mixin.py:109} INFO - [2021-11-28 10:00:07,439] {dag.py:2928} INFO - Setting next_dagrun for example_nested_branch_dag to 2021-11-27 00:00:00+00:00
[2021-11-28 10:00:07,447] {processor.py:171} INFO - Processing /home/airflow/.local/lib/python3.7/site-packages/airflow/example_dags/example_nested_branch_dag.py took 0.047 seconds
[2021-11-28 10:00:38,289] {processor.py:163} INFO - Started process (PID=286) to work on /home/airflow/.local/lib/python3.7/site-packages/airflow/example_dags/example_nested_branch_dag.py
[2021-11-28 10:00:38,291] {processor.py:625} INFO - Processing file /home/airflow/.local/lib/python3.7/site-packages/airflow/example_dags/example_nested_branch_dag.py for tasks to queue
[2021-11-28 10:00:38,291] {logging_mixin.py:109} INFO - [2021-11-28 10:00:38,291] {dagbag.py:500} INFO - Filling up the DagBag from /home/airflow/.local/lib/python3.7/site-packages/airflow/example_dags/example_nested_branch_dag.py
[2021-11-28 10:00:38,318] {processor.py:637} INFO - DAG(s) dict_keys(['example_nested_branch_dag']) retrieved from /home/airflow/.local/lib/python3.7/site-packages/airflow/example_dags/example_nested_branch_dag.py
[2021-11-28 10:00:38,329] {logging_mixin.py:109} INFO - [2021-11-28 10:00:38,329] {dag.py:2396} INFO - Sync 1 DAGs
[2021-11-28 10:00:38,349] {logging_mixin.py:109} INFO - [2021-11-28 10:00:38,349] {dag.py:2928} INFO - Setting next_dagrun for example_nested_branch_dag to 2021-11-27 00:00:00+00:00
[2021-11-28 10:00:38,361] {processor.py:171} INFO - Processing /home/airflow/.local/lib/python3.7/site-packages/airflow/example_dags/example_nested_branch_dag.py took 0.074 seconds
[2021-11-28 10:01:09,192] {processor.py:163} INFO - Started process (PID=337) to work on /home/airflow/.local/lib/python3.7/site-packages/airflow/example_dags/example_nested_branch_dag.py
[2021-11-28 10:01:09,193] {processor.py:625} INFO - Processing file /home/airflow/.local/lib/python3.7/site-packages/airflow/example_dags/example_nested_branch_dag.py for tasks to queue
[2021-11-28 10:01:09,193] {logging_mixin.py:109} INFO - [2021-11-28 10:01:09,193] {dagbag.py:500} INFO - Filling up the DagBag from /home/airflow/.local/lib/python3.7/site-packages/airflow/example_dags/example_nested_branch_dag.py
[2021-11-28 10:01:09,218] {processor.py:637} INFO - DAG(s) dict_keys(['example_nested_branch_dag']) retrieved from /home/airflow/.local/lib/python3.7/site-packages/airflow/example_dags/example_nested_branch_dag.py
[2021-11-28 10:01:09,230] {logging_mixin.py:109} INFO - [2021-11-28 10:01:09,230] {dag.py:2396} INFO - Sync 1 DAGs
[2021-11-28 10:01:09,250] {logging_mixin.py:109} INFO - [2021-11-28 10:01:09,250] {dag.py:2928} INFO - Setting next_dagrun for example_nested_branch_dag to 2021-11-27 00:00:00+00:00
[2021-11-28 10:01:09,261] {processor.py:171} INFO - Processing /home/airflow/.local/lib/python3.7/site-packages/airflow/example_dags/example_nested_branch_dag.py took 0.071 seconds
[2021-11-28 10:01:40,148] {processor.py:163} INFO - Started process (PID=397) to work on /home/airflow/.local/lib/python3.7/site-packages/airflow/example_dags/example_nested_branch_dag.py
[2021-11-28 10:01:40,149] {processor.py:625} INFO - Processing file /home/airflow/.local/lib/python3.7/site-packages/airflow/example_dags/example_nested_branch_dag.py for tasks to queue
[2021-11-28 10:01:40,149] {logging_mixin.py:109} INFO - [2021-11-28 10:01:40,149] {dagbag.py:500} INFO - Filling up the DagBag from /home/airflow/.local/lib/python3.7/site-packages/airflow/example_dags/example_nested_branch_dag.py
[2021-11-28 10:01:40,168] {processor.py:637} INFO - DAG(s) dict_keys(['example_nested_branch_dag']) retrieved from /home/airflow/.local/lib/python3.7/site-packages/airflow/example_dags/example_nested_branch_dag.py
[2021-11-28 10:01:40,175] {logging_mixin.py:109} INFO - [2021-11-28 10:01:40,175] {dag.py:2396} INFO - Sync 1 DAGs
[2021-11-28 10:01:40,187] {logging_mixin.py:109} INFO - [2021-11-28 10:01:40,187] {dag.py:2928} INFO - Setting next_dagrun for example_nested_branch_dag to 2021-11-27 00:00:00+00:00
[2021-11-28 10:01:40,196] {processor.py:171} INFO - Processing /home/airflow/.local/lib/python3.7/site-packages/airflow/example_dags/example_nested_branch_dag.py took 0.049 seconds
[2021-11-28 10:02:11,047] {processor.py:163} INFO - Started process (PID=457) to work on /home/airflow/.local/lib/python3.7/site-packages/airflow/example_dags/example_nested_branch_dag.py
[2021-11-28 10:02:11,048] {processor.py:625} INFO - Processing file /home/airflow/.local/lib/python3.7/site-packages/airflow/example_dags/example_nested_branch_dag.py for tasks to queue
[2021-11-28 10:02:11,048] {logging_mixin.py:109} INFO - [2021-11-28 10:02:11,048] {dagbag.py:500} INFO - Filling up the DagBag from /home/airflow/.local/lib/python3.7/site-packages/airflow/example_dags/example_nested_branch_dag.py
[2021-11-28 10:02:11,078] {processor.py:637} INFO - DAG(s) dict_keys(['example_nested_branch_dag']) retrieved from /home/airflow/.local/lib/python3.7/site-packages/airflow/example_dags/example_nested_branch_dag.py
[2021-11-28 10:02:11,091] {logging_mixin.py:109} INFO - [2021-11-28 10:02:11,090] {dag.py:2396} INFO - Sync 1 DAGs
[2021-11-28 10:02:11,115] {logging_mixin.py:109} INFO - [2021-11-28 10:02:11,114] {dag.py:2928} INFO - Setting next_dagrun for example_nested_branch_dag to 2021-11-27 00:00:00+00:00
[2021-11-28 10:02:11,125] {processor.py:171} INFO - Processing /home/airflow/.local/lib/python3.7/site-packages/airflow/example_dags/example_nested_branch_dag.py took 0.081 seconds
[2021-11-28 10:02:41,982] {processor.py:163} INFO - Started process (PID=508) to work on /home/airflow/.local/lib/python3.7/site-packages/airflow/example_dags/example_nested_branch_dag.py
[2021-11-28 10:02:41,983] {processor.py:625} INFO - Processing file /home/airflow/.local/lib/python3.7/site-packages/airflow/example_dags/example_nested_branch_dag.py for tasks to queue
[2021-11-28 10:02:41,983] {logging_mixin.py:109} INFO - [2021-11-28 10:02:41,983] {dagbag.py:500} INFO - Filling up the DagBag from /home/airflow/.local/lib/python3.7/site-packages/airflow/example_dags/example_nested_branch_dag.py
[2021-11-28 10:02:42,005] {processor.py:637} INFO - DAG(s) dict_keys(['example_nested_branch_dag']) retrieved from /home/airflow/.local/lib/python3.7/site-packages/airflow/example_dags/example_nested_branch_dag.py
[2021-11-28 10:02:42,013] {logging_mixin.py:109} INFO - [2021-11-28 10:02:42,013] {dag.py:2396} INFO - Sync 1 DAGs
[2021-11-28 10:02:42,026] {logging_mixin.py:109} INFO - [2021-11-28 10:02:42,026] {dag.py:2928} INFO - Setting next_dagrun for example_nested_branch_dag to 2021-11-27 00:00:00+00:00
[2021-11-28 10:02:42,036] {processor.py:171} INFO - Processing /home/airflow/.local/lib/python3.7/site-packages/airflow/example_dags/example_nested_branch_dag.py took 0.057 seconds
[2021-11-28 10:03:12,966] {processor.py:163} INFO - Started process (PID=568) to work on /home/airflow/.local/lib/python3.7/site-packages/airflow/example_dags/example_nested_branch_dag.py
[2021-11-28 10:03:12,967] {processor.py:625} INFO - Processing file /home/airflow/.local/lib/python3.7/site-packages/airflow/example_dags/example_nested_branch_dag.py for tasks to queue
[2021-11-28 10:03:12,967] {logging_mixin.py:109} INFO - [2021-11-28 10:03:12,967] {dagbag.py:500} INFO - Filling up the DagBag from /home/airflow/.local/lib/python3.7/site-packages/airflow/example_dags/example_nested_branch_dag.py
[2021-11-28 10:03:12,988] {processor.py:637} INFO - DAG(s) dict_keys(['example_nested_branch_dag']) retrieved from /home/airflow/.local/lib/python3.7/site-packages/airflow/example_dags/example_nested_branch_dag.py
[2021-11-28 10:03:13,002] {logging_mixin.py:109} INFO - [2021-11-28 10:03:13,002] {dag.py:2396} INFO - Sync 1 DAGs
[2021-11-28 10:03:13,023] {logging_mixin.py:109} INFO - [2021-11-28 10:03:13,023] {dag.py:2928} INFO - Setting next_dagrun for example_nested_branch_dag to 2021-11-27 00:00:00+00:00
[2021-11-28 10:03:13,035] {processor.py:171} INFO - Processing /home/airflow/.local/lib/python3.7/site-packages/airflow/example_dags/example_nested_branch_dag.py took 0.071 seconds
[2021-11-28 10:03:43,887] {processor.py:163} INFO - Started process (PID=619) to work on /home/airflow/.local/lib/python3.7/site-packages/airflow/example_dags/example_nested_branch_dag.py
[2021-11-28 10:03:43,889] {processor.py:625} INFO - Processing file /home/airflow/.local/lib/python3.7/site-packages/airflow/example_dags/example_nested_branch_dag.py for tasks to queue
[2021-11-28 10:03:43,889] {logging_mixin.py:109} INFO - [2021-11-28 10:03:43,889] {dagbag.py:500} INFO - Filling up the DagBag from /home/airflow/.local/lib/python3.7/site-packages/airflow/example_dags/example_nested_branch_dag.py
[2021-11-28 10:03:43,918] {processor.py:637} INFO - DAG(s) dict_keys(['example_nested_branch_dag']) retrieved from /home/airflow/.local/lib/python3.7/site-packages/airflow/example_dags/example_nested_branch_dag.py
[2021-11-28 10:03:43,930] {logging_mixin.py:109} INFO - [2021-11-28 10:03:43,930] {dag.py:2396} INFO - Sync 1 DAGs
[2021-11-28 10:03:43,951] {logging_mixin.py:109} INFO - [2021-11-28 10:03:43,951] {dag.py:2928} INFO - Setting next_dagrun for example_nested_branch_dag to 2021-11-27 00:00:00+00:00
[2021-11-28 10:03:43,962] {processor.py:171} INFO - Processing /home/airflow/.local/lib/python3.7/site-packages/airflow/example_dags/example_nested_branch_dag.py took 0.078 seconds
[2021-11-28 10:04:14,900] {processor.py:163} INFO - Started process (PID=679) to work on /home/airflow/.local/lib/python3.7/site-packages/airflow/example_dags/example_nested_branch_dag.py
[2021-11-28 10:04:14,901] {processor.py:625} INFO - Processing file /home/airflow/.local/lib/python3.7/site-packages/airflow/example_dags/example_nested_branch_dag.py for tasks to queue
[2021-11-28 10:04:14,902] {logging_mixin.py:109} INFO - [2021-11-28 10:04:14,902] {dagbag.py:500} INFO - Filling up the DagBag from /home/airflow/.local/lib/python3.7/site-packages/airflow/example_dags/example_nested_branch_dag.py
[2021-11-28 10:04:14,929] {processor.py:637} INFO - DAG(s) dict_keys(['example_nested_branch_dag']) retrieved from /home/airflow/.local/lib/python3.7/site-packages/airflow/example_dags/example_nested_branch_dag.py
[2021-11-28 10:04:14,941] {logging_mixin.py:109} INFO - [2021-11-28 10:04:14,941] {dag.py:2396} INFO - Sync 1 DAGs
[2021-11-28 10:04:14,960] {logging_mixin.py:109} INFO - [2021-11-28 10:04:14,960] {dag.py:2928} INFO - Setting next_dagrun for example_nested_branch_dag to 2021-11-27 00:00:00+00:00
[2021-11-28 10:04:14,971] {processor.py:171} INFO - Processing /home/airflow/.local/lib/python3.7/site-packages/airflow/example_dags/example_nested_branch_dag.py took 0.073 seconds
[2021-11-28 10:04:45,935] {processor.py:163} INFO - Started process (PID=739) to work on /home/airflow/.local/lib/python3.7/site-packages/airflow/example_dags/example_nested_branch_dag.py
[2021-11-28 10:04:45,936] {processor.py:625} INFO - Processing file /home/airflow/.local/lib/python3.7/site-packages/airflow/example_dags/example_nested_branch_dag.py for tasks to queue
[2021-11-28 10:04:45,937] {logging_mixin.py:109} INFO - [2021-11-28 10:04:45,937] {dagbag.py:500} INFO - Filling up the DagBag from /home/airflow/.local/lib/python3.7/site-packages/airflow/example_dags/example_nested_branch_dag.py
[2021-11-28 10:04:45,969] {processor.py:637} INFO - DAG(s) dict_keys(['example_nested_branch_dag']) retrieved from /home/airflow/.local/lib/python3.7/site-packages/airflow/example_dags/example_nested_branch_dag.py
[2021-11-28 10:04:45,983] {logging_mixin.py:109} INFO - [2021-11-28 10:04:45,982] {dag.py:2396} INFO - Sync 1 DAGs
[2021-11-28 10:04:46,007] {logging_mixin.py:109} INFO - [2021-11-28 10:04:46,007] {dag.py:2928} INFO - Setting next_dagrun for example_nested_branch_dag to 2021-11-27 00:00:00+00:00
[2021-11-28 10:04:46,021] {processor.py:171} INFO - Processing /home/airflow/.local/lib/python3.7/site-packages/airflow/example_dags/example_nested_branch_dag.py took 0.089 seconds
[2021-11-28 10:05:17,004] {processor.py:163} INFO - Started process (PID=790) to work on /home/airflow/.local/lib/python3.7/site-packages/airflow/example_dags/example_nested_branch_dag.py
[2021-11-28 10:05:17,005] {processor.py:625} INFO - Processing file /home/airflow/.local/lib/python3.7/site-packages/airflow/example_dags/example_nested_branch_dag.py for tasks to queue
[2021-11-28 10:05:17,005] {logging_mixin.py:109} INFO - [2021-11-28 10:05:17,005] {dagbag.py:500} INFO - Filling up the DagBag from /home/airflow/.local/lib/python3.7/site-packages/airflow/example_dags/example_nested_branch_dag.py
[2021-11-28 10:05:17,025] {processor.py:637} INFO - DAG(s) dict_keys(['example_nested_branch_dag']) retrieved from /home/airflow/.local/lib/python3.7/site-packages/airflow/example_dags/example_nested_branch_dag.py
[2021-11-28 10:05:17,037] {logging_mixin.py:109} INFO - [2021-11-28 10:05:17,037] {dag.py:2396} INFO - Sync 1 DAGs
[2021-11-28 10:05:17,059] {logging_mixin.py:109} INFO - [2021-11-28 10:05:17,059] {dag.py:2928} INFO - Setting next_dagrun for example_nested_branch_dag to 2021-11-27 00:00:00+00:00
[2021-11-28 10:05:17,071] {processor.py:171} INFO - Processing /home/airflow/.local/lib/python3.7/site-packages/airflow/example_dags/example_nested_branch_dag.py took 0.069 seconds
[2021-11-28 10:05:48,080] {processor.py:163} INFO - Started process (PID=850) to work on /home/airflow/.local/lib/python3.7/site-packages/airflow/example_dags/example_nested_branch_dag.py
[2021-11-28 10:05:48,081] {processor.py:625} INFO - Processing file /home/airflow/.local/lib/python3.7/site-packages/airflow/example_dags/example_nested_branch_dag.py for tasks to queue
[2021-11-28 10:05:48,082] {logging_mixin.py:109} INFO - [2021-11-28 10:05:48,082] {dagbag.py:500} INFO - Filling up the DagBag from /home/airflow/.local/lib/python3.7/site-packages/airflow/example_dags/example_nested_branch_dag.py
[2021-11-28 10:05:48,104] {processor.py:637} INFO - DAG(s) dict_keys(['example_nested_branch_dag']) retrieved from /home/airflow/.local/lib/python3.7/site-packages/airflow/example_dags/example_nested_branch_dag.py
[2021-11-28 10:05:48,117] {logging_mixin.py:109} INFO - [2021-11-28 10:05:48,116] {dag.py:2396} INFO - Sync 1 DAGs
[2021-11-28 10:05:48,137] {logging_mixin.py:109} INFO - [2021-11-28 10:05:48,137] {dag.py:2928} INFO - Setting next_dagrun for example_nested_branch_dag to 2021-11-27 00:00:00+00:00
[2021-11-28 10:05:48,219] {processor.py:171} INFO - Processing /home/airflow/.local/lib/python3.7/site-packages/airflow/example_dags/example_nested_branch_dag.py took 0.141 seconds
[2021-11-28 10:06:18,525] {processor.py:163} INFO - Started process (PID=901) to work on /home/airflow/.local/lib/python3.7/site-packages/airflow/example_dags/example_nested_branch_dag.py
[2021-11-28 10:06:18,526] {processor.py:625} INFO - Processing file /home/airflow/.local/lib/python3.7/site-packages/airflow/example_dags/example_nested_branch_dag.py for tasks to queue
[2021-11-28 10:06:18,527] {logging_mixin.py:109} INFO - [2021-11-28 10:06:18,527] {dagbag.py:500} INFO - Filling up the DagBag from /home/airflow/.local/lib/python3.7/site-packages/airflow/example_dags/example_nested_branch_dag.py
[2021-11-28 10:06:18,556] {processor.py:637} INFO - DAG(s) dict_keys(['example_nested_branch_dag']) retrieved from /home/airflow/.local/lib/python3.7/site-packages/airflow/example_dags/example_nested_branch_dag.py
[2021-11-28 10:06:18,567] {logging_mixin.py:109} INFO - [2021-11-28 10:06:18,567] {dag.py:2396} INFO - Sync 1 DAGs
[2021-11-28 10:06:18,643] {logging_mixin.py:109} INFO - [2021-11-28 10:06:18,643] {dag.py:2928} INFO - Setting next_dagrun for example_nested_branch_dag to 2021-11-27 00:00:00+00:00
[2021-11-28 10:06:18,651] {processor.py:171} INFO - Processing /home/airflow/.local/lib/python3.7/site-packages/airflow/example_dags/example_nested_branch_dag.py took 0.128 seconds
[2021-11-28 10:06:49,130] {processor.py:163} INFO - Started process (PID=961) to work on /home/airflow/.local/lib/python3.7/site-packages/airflow/example_dags/example_nested_branch_dag.py
[2021-11-28 10:06:49,131] {processor.py:625} INFO - Processing file /home/airflow/.local/lib/python3.7/site-packages/airflow/example_dags/example_nested_branch_dag.py for tasks to queue
[2021-11-28 10:06:49,131] {logging_mixin.py:109} INFO - [2021-11-28 10:06:49,131] {dagbag.py:500} INFO - Filling up the DagBag from /home/airflow/.local/lib/python3.7/site-packages/airflow/example_dags/example_nested_branch_dag.py
[2021-11-28 10:06:49,159] {processor.py:637} INFO - DAG(s) dict_keys(['example_nested_branch_dag']) retrieved from /home/airflow/.local/lib/python3.7/site-packages/airflow/example_dags/example_nested_branch_dag.py
[2021-11-28 10:06:49,175] {logging_mixin.py:109} INFO - [2021-11-28 10:06:49,175] {dag.py:2396} INFO - Sync 1 DAGs
[2021-11-28 10:06:49,245] {logging_mixin.py:109} INFO - [2021-11-28 10:06:49,245] {dag.py:2928} INFO - Setting next_dagrun for example_nested_branch_dag to 2021-11-27 00:00:00+00:00
[2021-11-28 10:06:49,253] {processor.py:171} INFO - Processing /home/airflow/.local/lib/python3.7/site-packages/airflow/example_dags/example_nested_branch_dag.py took 0.126 seconds
[2021-11-28 10:07:19,961] {processor.py:163} INFO - Started process (PID=1021) to work on /home/airflow/.local/lib/python3.7/site-packages/airflow/example_dags/example_nested_branch_dag.py
[2021-11-28 10:07:19,962] {processor.py:625} INFO - Processing file /home/airflow/.local/lib/python3.7/site-packages/airflow/example_dags/example_nested_branch_dag.py for tasks to queue
[2021-11-28 10:07:19,962] {logging_mixin.py:109} INFO - [2021-11-28 10:07:19,962] {dagbag.py:500} INFO - Filling up the DagBag from /home/airflow/.local/lib/python3.7/site-packages/airflow/example_dags/example_nested_branch_dag.py
[2021-11-28 10:07:19,984] {processor.py:637} INFO - DAG(s) dict_keys(['example_nested_branch_dag']) retrieved from /home/airflow/.local/lib/python3.7/site-packages/airflow/example_dags/example_nested_branch_dag.py
[2021-11-28 10:07:19,992] {logging_mixin.py:109} INFO - [2021-11-28 10:07:19,992] {dag.py:2396} INFO - Sync 1 DAGs
[2021-11-28 10:07:20,065] {logging_mixin.py:109} INFO - [2021-11-28 10:07:20,065] {dag.py:2928} INFO - Setting next_dagrun for example_nested_branch_dag to 2021-11-27 00:00:00+00:00
[2021-11-28 10:07:20,074] {processor.py:171} INFO - Processing /home/airflow/.local/lib/python3.7/site-packages/airflow/example_dags/example_nested_branch_dag.py took 0.115 seconds
[2021-11-28 10:07:50,757] {processor.py:163} INFO - Started process (PID=1072) to work on /home/airflow/.local/lib/python3.7/site-packages/airflow/example_dags/example_nested_branch_dag.py
[2021-11-28 10:07:50,759] {processor.py:625} INFO - Processing file /home/airflow/.local/lib/python3.7/site-packages/airflow/example_dags/example_nested_branch_dag.py for tasks to queue
[2021-11-28 10:07:50,759] {logging_mixin.py:109} INFO - [2021-11-28 10:07:50,759] {dagbag.py:500} INFO - Filling up the DagBag from /home/airflow/.local/lib/python3.7/site-packages/airflow/example_dags/example_nested_branch_dag.py
[2021-11-28 10:07:50,788] {processor.py:637} INFO - DAG(s) dict_keys(['example_nested_branch_dag']) retrieved from /home/airflow/.local/lib/python3.7/site-packages/airflow/example_dags/example_nested_branch_dag.py
[2021-11-28 10:07:50,799] {logging_mixin.py:109} INFO - [2021-11-28 10:07:50,799] {dag.py:2396} INFO - Sync 1 DAGs
[2021-11-28 10:07:50,880] {logging_mixin.py:109} INFO - [2021-11-28 10:07:50,880] {dag.py:2928} INFO - Setting next_dagrun for example_nested_branch_dag to 2021-11-27 00:00:00+00:00
[2021-11-28 10:07:50,890] {processor.py:171} INFO - Processing /home/airflow/.local/lib/python3.7/site-packages/airflow/example_dags/example_nested_branch_dag.py took 0.136 seconds
[2021-11-28 10:08:21,613] {processor.py:163} INFO - Started process (PID=1132) to work on /home/airflow/.local/lib/python3.7/site-packages/airflow/example_dags/example_nested_branch_dag.py
[2021-11-28 10:08:21,614] {processor.py:625} INFO - Processing file /home/airflow/.local/lib/python3.7/site-packages/airflow/example_dags/example_nested_branch_dag.py for tasks to queue
[2021-11-28 10:08:21,614] {logging_mixin.py:109} INFO - [2021-11-28 10:08:21,614] {dagbag.py:500} INFO - Filling up the DagBag from /home/airflow/.local/lib/python3.7/site-packages/airflow/example_dags/example_nested_branch_dag.py
[2021-11-28 10:08:21,637] {processor.py:637} INFO - DAG(s) dict_keys(['example_nested_branch_dag']) retrieved from /home/airflow/.local/lib/python3.7/site-packages/airflow/example_dags/example_nested_branch_dag.py
[2021-11-28 10:08:21,646] {logging_mixin.py:109} INFO - [2021-11-28 10:08:21,646] {dag.py:2396} INFO - Sync 1 DAGs
[2021-11-28 10:08:21,723] {logging_mixin.py:109} INFO - [2021-11-28 10:08:21,723] {dag.py:2928} INFO - Setting next_dagrun for example_nested_branch_dag to 2021-11-27 00:00:00+00:00
[2021-11-28 10:08:21,731] {processor.py:171} INFO - Processing /home/airflow/.local/lib/python3.7/site-packages/airflow/example_dags/example_nested_branch_dag.py took 0.120 seconds
[2021-11-28 10:08:52,437] {processor.py:163} INFO - Started process (PID=1183) to work on /home/airflow/.local/lib/python3.7/site-packages/airflow/example_dags/example_nested_branch_dag.py
[2021-11-28 10:08:52,438] {processor.py:625} INFO - Processing file /home/airflow/.local/lib/python3.7/site-packages/airflow/example_dags/example_nested_branch_dag.py for tasks to queue
[2021-11-28 10:08:52,439] {logging_mixin.py:109} INFO - [2021-11-28 10:08:52,439] {dagbag.py:500} INFO - Filling up the DagBag from /home/airflow/.local/lib/python3.7/site-packages/airflow/example_dags/example_nested_branch_dag.py
[2021-11-28 10:08:52,533] {processor.py:637} INFO - DAG(s) dict_keys(['example_nested_branch_dag']) retrieved from /home/airflow/.local/lib/python3.7/site-packages/airflow/example_dags/example_nested_branch_dag.py
[2021-11-28 10:08:52,541] {logging_mixin.py:109} INFO - [2021-11-28 10:08:52,541] {dag.py:2396} INFO - Sync 1 DAGs
[2021-11-28 10:08:52,553] {logging_mixin.py:109} INFO - [2021-11-28 10:08:52,553] {dag.py:2928} INFO - Setting next_dagrun for example_nested_branch_dag to 2021-11-27 00:00:00+00:00
[2021-11-28 10:08:52,560] {processor.py:171} INFO - Processing /home/airflow/.local/lib/python3.7/site-packages/airflow/example_dags/example_nested_branch_dag.py took 0.126 seconds
[2021-11-28 10:09:23,252] {processor.py:163} INFO - Started process (PID=1243) to work on /home/airflow/.local/lib/python3.7/site-packages/airflow/example_dags/example_nested_branch_dag.py
[2021-11-28 10:09:23,253] {processor.py:625} INFO - Processing file /home/airflow/.local/lib/python3.7/site-packages/airflow/example_dags/example_nested_branch_dag.py for tasks to queue
[2021-11-28 10:09:23,254] {logging_mixin.py:109} INFO - [2021-11-28 10:09:23,254] {dagbag.py:500} INFO - Filling up the DagBag from /home/airflow/.local/lib/python3.7/site-packages/airflow/example_dags/example_nested_branch_dag.py
[2021-11-28 10:09:23,356] {processor.py:637} INFO - DAG(s) dict_keys(['example_nested_branch_dag']) retrieved from /home/airflow/.local/lib/python3.7/site-packages/airflow/example_dags/example_nested_branch_dag.py
[2021-11-28 10:09:23,363] {logging_mixin.py:109} INFO - [2021-11-28 10:09:23,363] {dag.py:2396} INFO - Sync 1 DAGs
[2021-11-28 10:09:23,375] {logging_mixin.py:109} INFO - [2021-11-28 10:09:23,375] {dag.py:2928} INFO - Setting next_dagrun for example_nested_branch_dag to 2021-11-27 00:00:00+00:00
[2021-11-28 10:09:23,384] {processor.py:171} INFO - Processing /home/airflow/.local/lib/python3.7/site-packages/airflow/example_dags/example_nested_branch_dag.py took 0.135 seconds
[2021-11-28 10:09:53,835] {processor.py:163} INFO - Started process (PID=1294) to work on /home/airflow/.local/lib/python3.7/site-packages/airflow/example_dags/example_nested_branch_dag.py
[2021-11-28 10:09:53,837] {processor.py:625} INFO - Processing file /home/airflow/.local/lib/python3.7/site-packages/airflow/example_dags/example_nested_branch_dag.py for tasks to queue
[2021-11-28 10:09:53,837] {logging_mixin.py:109} INFO - [2021-11-28 10:09:53,837] {dagbag.py:500} INFO - Filling up the DagBag from /home/airflow/.local/lib/python3.7/site-packages/airflow/example_dags/example_nested_branch_dag.py
[2021-11-28 10:09:53,933] {processor.py:637} INFO - DAG(s) dict_keys(['example_nested_branch_dag']) retrieved from /home/airflow/.local/lib/python3.7/site-packages/airflow/example_dags/example_nested_branch_dag.py
[2021-11-28 10:09:53,941] {logging_mixin.py:109} INFO - [2021-11-28 10:09:53,940] {dag.py:2396} INFO - Sync 1 DAGs
[2021-11-28 10:09:53,954] {logging_mixin.py:109} INFO - [2021-11-28 10:09:53,954] {dag.py:2928} INFO - Setting next_dagrun for example_nested_branch_dag to 2021-11-27 00:00:00+00:00
[2021-11-28 10:09:53,963] {processor.py:171} INFO - Processing /home/airflow/.local/lib/python3.7/site-packages/airflow/example_dags/example_nested_branch_dag.py took 0.130 seconds
[2021-11-28 10:10:24,597] {processor.py:163} INFO - Started process (PID=1354) to work on /home/airflow/.local/lib/python3.7/site-packages/airflow/example_dags/example_nested_branch_dag.py
[2021-11-28 10:10:24,598] {processor.py:625} INFO - Processing file /home/airflow/.local/lib/python3.7/site-packages/airflow/example_dags/example_nested_branch_dag.py for tasks to queue
[2021-11-28 10:10:24,599] {logging_mixin.py:109} INFO - [2021-11-28 10:10:24,599] {dagbag.py:500} INFO - Filling up the DagBag from /home/airflow/.local/lib/python3.7/site-packages/airflow/example_dags/example_nested_branch_dag.py
[2021-11-28 10:10:24,699] {processor.py:637} INFO - DAG(s) dict_keys(['example_nested_branch_dag']) retrieved from /home/airflow/.local/lib/python3.7/site-packages/airflow/example_dags/example_nested_branch_dag.py
[2021-11-28 10:10:24,706] {logging_mixin.py:109} INFO - [2021-11-28 10:10:24,706] {dag.py:2396} INFO - Sync 1 DAGs
[2021-11-28 10:10:24,719] {logging_mixin.py:109} INFO - [2021-11-28 10:10:24,719] {dag.py:2928} INFO - Setting next_dagrun for example_nested_branch_dag to 2021-11-27 00:00:00+00:00
[2021-11-28 10:10:24,727] {processor.py:171} INFO - Processing /home/airflow/.local/lib/python3.7/site-packages/airflow/example_dags/example_nested_branch_dag.py took 0.133 seconds
[2021-11-28 10:10:55,714] {processor.py:163} INFO - Started process (PID=1414) to work on /home/airflow/.local/lib/python3.7/site-packages/airflow/example_dags/example_nested_branch_dag.py
[2021-11-28 10:10:55,716] {processor.py:625} INFO - Processing file /home/airflow/.local/lib/python3.7/site-packages/airflow/example_dags/example_nested_branch_dag.py for tasks to queue
[2021-11-28 10:10:55,716] {logging_mixin.py:109} INFO - [2021-11-28 10:10:55,716] {dagbag.py:500} INFO - Filling up the DagBag from /home/airflow/.local/lib/python3.7/site-packages/airflow/example_dags/example_nested_branch_dag.py
[2021-11-28 10:10:55,744] {processor.py:637} INFO - DAG(s) dict_keys(['example_nested_branch_dag']) retrieved from /home/airflow/.local/lib/python3.7/site-packages/airflow/example_dags/example_nested_branch_dag.py
[2021-11-28 10:10:55,757] {logging_mixin.py:109} INFO - [2021-11-28 10:10:55,757] {dag.py:2396} INFO - Sync 1 DAGs
[2021-11-28 10:10:55,775] {logging_mixin.py:109} INFO - [2021-11-28 10:10:55,775] {dag.py:2928} INFO - Setting next_dagrun for example_nested_branch_dag to 2021-11-27 00:00:00+00:00
[2021-11-28 10:10:55,784] {processor.py:171} INFO - Processing /home/airflow/.local/lib/python3.7/site-packages/airflow/example_dags/example_nested_branch_dag.py took 0.073 seconds
[2021-11-28 10:11:26,379] {processor.py:163} INFO - Started process (PID=1465) to work on /home/airflow/.local/lib/python3.7/site-packages/airflow/example_dags/example_nested_branch_dag.py
[2021-11-28 10:11:26,380] {processor.py:625} INFO - Processing file /home/airflow/.local/lib/python3.7/site-packages/airflow/example_dags/example_nested_branch_dag.py for tasks to queue
[2021-11-28 10:11:26,381] {logging_mixin.py:109} INFO - [2021-11-28 10:11:26,381] {dagbag.py:500} INFO - Filling up the DagBag from /home/airflow/.local/lib/python3.7/site-packages/airflow/example_dags/example_nested_branch_dag.py
[2021-11-28 10:11:26,408] {processor.py:637} INFO - DAG(s) dict_keys(['example_nested_branch_dag']) retrieved from /home/airflow/.local/lib/python3.7/site-packages/airflow/example_dags/example_nested_branch_dag.py
[2021-11-28 10:11:26,420] {logging_mixin.py:109} INFO - [2021-11-28 10:11:26,420] {dag.py:2396} INFO - Sync 1 DAGs
[2021-11-28 10:11:26,440] {logging_mixin.py:109} INFO - [2021-11-28 10:11:26,440] {dag.py:2928} INFO - Setting next_dagrun for example_nested_branch_dag to 2021-11-27 00:00:00+00:00
[2021-11-28 10:11:26,452] {processor.py:171} INFO - Processing /home/airflow/.local/lib/python3.7/site-packages/airflow/example_dags/example_nested_branch_dag.py took 0.075 seconds
[2021-11-28 10:11:57,196] {processor.py:163} INFO - Started process (PID=1525) to work on /home/airflow/.local/lib/python3.7/site-packages/airflow/example_dags/example_nested_branch_dag.py
[2021-11-28 10:11:57,197] {processor.py:625} INFO - Processing file /home/airflow/.local/lib/python3.7/site-packages/airflow/example_dags/example_nested_branch_dag.py for tasks to queue
[2021-11-28 10:11:57,198] {logging_mixin.py:109} INFO - [2021-11-28 10:11:57,198] {dagbag.py:500} INFO - Filling up the DagBag from /home/airflow/.local/lib/python3.7/site-packages/airflow/example_dags/example_nested_branch_dag.py
[2021-11-28 10:11:57,225] {processor.py:637} INFO - DAG(s) dict_keys(['example_nested_branch_dag']) retrieved from /home/airflow/.local/lib/python3.7/site-packages/airflow/example_dags/example_nested_branch_dag.py
[2021-11-28 10:11:57,232] {logging_mixin.py:109} INFO - [2021-11-28 10:11:57,232] {dag.py:2396} INFO - Sync 1 DAGs
[2021-11-28 10:11:57,243] {logging_mixin.py:109} INFO - [2021-11-28 10:11:57,243] {dag.py:2928} INFO - Setting next_dagrun for example_nested_branch_dag to 2021-11-27 00:00:00+00:00
[2021-11-28 10:11:57,251] {processor.py:171} INFO - Processing /home/airflow/.local/lib/python3.7/site-packages/airflow/example_dags/example_nested_branch_dag.py took 0.058 seconds
[2021-11-28 10:12:27,864] {processor.py:163} INFO - Started process (PID=1576) to work on /home/airflow/.local/lib/python3.7/site-packages/airflow/example_dags/example_nested_branch_dag.py
[2021-11-28 10:12:27,865] {processor.py:625} INFO - Processing file /home/airflow/.local/lib/python3.7/site-packages/airflow/example_dags/example_nested_branch_dag.py for tasks to queue
[2021-11-28 10:12:27,865] {logging_mixin.py:109} INFO - [2021-11-28 10:12:27,865] {dagbag.py:500} INFO - Filling up the DagBag from /home/airflow/.local/lib/python3.7/site-packages/airflow/example_dags/example_nested_branch_dag.py
[2021-11-28 10:12:27,886] {processor.py:637} INFO - DAG(s) dict_keys(['example_nested_branch_dag']) retrieved from /home/airflow/.local/lib/python3.7/site-packages/airflow/example_dags/example_nested_branch_dag.py
[2021-11-28 10:12:27,892] {logging_mixin.py:109} INFO - [2021-11-28 10:12:27,892] {dag.py:2396} INFO - Sync 1 DAGs
[2021-11-28 10:12:27,905] {logging_mixin.py:109} INFO - [2021-11-28 10:12:27,905] {dag.py:2928} INFO - Setting next_dagrun for example_nested_branch_dag to 2021-11-27 00:00:00+00:00
[2021-11-28 10:12:27,915] {processor.py:171} INFO - Processing /home/airflow/.local/lib/python3.7/site-packages/airflow/example_dags/example_nested_branch_dag.py took 0.053 seconds
[2021-11-28 10:12:58,722] {processor.py:163} INFO - Started process (PID=1636) to work on /home/airflow/.local/lib/python3.7/site-packages/airflow/example_dags/example_nested_branch_dag.py
[2021-11-28 10:12:58,723] {processor.py:625} INFO - Processing file /home/airflow/.local/lib/python3.7/site-packages/airflow/example_dags/example_nested_branch_dag.py for tasks to queue
[2021-11-28 10:12:58,724] {logging_mixin.py:109} INFO - [2021-11-28 10:12:58,724] {dagbag.py:500} INFO - Filling up the DagBag from /home/airflow/.local/lib/python3.7/site-packages/airflow/example_dags/example_nested_branch_dag.py
[2021-11-28 10:12:58,754] {processor.py:637} INFO - DAG(s) dict_keys(['example_nested_branch_dag']) retrieved from /home/airflow/.local/lib/python3.7/site-packages/airflow/example_dags/example_nested_branch_dag.py
[2021-11-28 10:12:58,765] {logging_mixin.py:109} INFO - [2021-11-28 10:12:58,765] {dag.py:2396} INFO - Sync 1 DAGs
[2021-11-28 10:12:58,785] {logging_mixin.py:109} INFO - [2021-11-28 10:12:58,784] {dag.py:2928} INFO - Setting next_dagrun for example_nested_branch_dag to 2021-11-27 00:00:00+00:00
[2021-11-28 10:12:58,795] {processor.py:171} INFO - Processing /home/airflow/.local/lib/python3.7/site-packages/airflow/example_dags/example_nested_branch_dag.py took 0.076 seconds
[2021-11-28 10:13:29,451] {processor.py:163} INFO - Started process (PID=1696) to work on /home/airflow/.local/lib/python3.7/site-packages/airflow/example_dags/example_nested_branch_dag.py
[2021-11-28 10:13:29,453] {processor.py:625} INFO - Processing file /home/airflow/.local/lib/python3.7/site-packages/airflow/example_dags/example_nested_branch_dag.py for tasks to queue
[2021-11-28 10:13:29,453] {logging_mixin.py:109} INFO - [2021-11-28 10:13:29,453] {dagbag.py:500} INFO - Filling up the DagBag from /home/airflow/.local/lib/python3.7/site-packages/airflow/example_dags/example_nested_branch_dag.py
[2021-11-28 10:13:29,483] {processor.py:637} INFO - DAG(s) dict_keys(['example_nested_branch_dag']) retrieved from /home/airflow/.local/lib/python3.7/site-packages/airflow/example_dags/example_nested_branch_dag.py
[2021-11-28 10:13:29,499] {logging_mixin.py:109} INFO - [2021-11-28 10:13:29,499] {dag.py:2396} INFO - Sync 1 DAGs
[2021-11-28 10:13:29,518] {logging_mixin.py:109} INFO - [2021-11-28 10:13:29,518] {dag.py:2928} INFO - Setting next_dagrun for example_nested_branch_dag to 2021-11-27 00:00:00+00:00
[2021-11-28 10:13:29,527] {processor.py:171} INFO - Processing /home/airflow/.local/lib/python3.7/site-packages/airflow/example_dags/example_nested_branch_dag.py took 0.078 seconds
[2021-11-28 10:14:00,304] {processor.py:163} INFO - Started process (PID=1747) to work on /home/airflow/.local/lib/python3.7/site-packages/airflow/example_dags/example_nested_branch_dag.py
[2021-11-28 10:14:00,305] {processor.py:625} INFO - Processing file /home/airflow/.local/lib/python3.7/site-packages/airflow/example_dags/example_nested_branch_dag.py for tasks to queue
[2021-11-28 10:14:00,306] {logging_mixin.py:109} INFO - [2021-11-28 10:14:00,305] {dagbag.py:500} INFO - Filling up the DagBag from /home/airflow/.local/lib/python3.7/site-packages/airflow/example_dags/example_nested_branch_dag.py
[2021-11-28 10:14:00,326] {processor.py:637} INFO - DAG(s) dict_keys(['example_nested_branch_dag']) retrieved from /home/airflow/.local/lib/python3.7/site-packages/airflow/example_dags/example_nested_branch_dag.py
[2021-11-28 10:14:00,333] {logging_mixin.py:109} INFO - [2021-11-28 10:14:00,333] {dag.py:2396} INFO - Sync 1 DAGs
[2021-11-28 10:14:00,344] {logging_mixin.py:109} INFO - [2021-11-28 10:14:00,344] {dag.py:2928} INFO - Setting next_dagrun for example_nested_branch_dag to 2021-11-27 00:00:00+00:00
[2021-11-28 10:14:00,352] {processor.py:171} INFO - Processing /home/airflow/.local/lib/python3.7/site-packages/airflow/example_dags/example_nested_branch_dag.py took 0.050 seconds
[2021-11-28 10:14:31,061] {processor.py:163} INFO - Started process (PID=1808) to work on /home/airflow/.local/lib/python3.7/site-packages/airflow/example_dags/example_nested_branch_dag.py
[2021-11-28 10:14:31,062] {processor.py:625} INFO - Processing file /home/airflow/.local/lib/python3.7/site-packages/airflow/example_dags/example_nested_branch_dag.py for tasks to queue
[2021-11-28 10:14:31,063] {logging_mixin.py:109} INFO - [2021-11-28 10:14:31,063] {dagbag.py:500} INFO - Filling up the DagBag from /home/airflow/.local/lib/python3.7/site-packages/airflow/example_dags/example_nested_branch_dag.py
[2021-11-28 10:14:31,092] {processor.py:637} INFO - DAG(s) dict_keys(['example_nested_branch_dag']) retrieved from /home/airflow/.local/lib/python3.7/site-packages/airflow/example_dags/example_nested_branch_dag.py
[2021-11-28 10:14:31,104] {logging_mixin.py:109} INFO - [2021-11-28 10:14:31,104] {dag.py:2396} INFO - Sync 1 DAGs
[2021-11-28 10:14:31,119] {logging_mixin.py:109} INFO - [2021-11-28 10:14:31,119] {dag.py:2928} INFO - Setting next_dagrun for example_nested_branch_dag to 2021-11-27 00:00:00+00:00
[2021-11-28 10:14:31,127] {processor.py:171} INFO - Processing /home/airflow/.local/lib/python3.7/site-packages/airflow/example_dags/example_nested_branch_dag.py took 0.067 seconds
[2021-11-28 10:15:01,807] {processor.py:163} INFO - Started process (PID=1859) to work on /home/airflow/.local/lib/python3.7/site-packages/airflow/example_dags/example_nested_branch_dag.py
[2021-11-28 10:15:01,808] {processor.py:625} INFO - Processing file /home/airflow/.local/lib/python3.7/site-packages/airflow/example_dags/example_nested_branch_dag.py for tasks to queue
[2021-11-28 10:15:01,808] {logging_mixin.py:109} INFO - [2021-11-28 10:15:01,808] {dagbag.py:500} INFO - Filling up the DagBag from /home/airflow/.local/lib/python3.7/site-packages/airflow/example_dags/example_nested_branch_dag.py
[2021-11-28 10:15:01,835] {processor.py:637} INFO - DAG(s) dict_keys(['example_nested_branch_dag']) retrieved from /home/airflow/.local/lib/python3.7/site-packages/airflow/example_dags/example_nested_branch_dag.py
[2021-11-28 10:15:01,847] {logging_mixin.py:109} INFO - [2021-11-28 10:15:01,847] {dag.py:2396} INFO - Sync 1 DAGs
[2021-11-28 10:15:01,866] {logging_mixin.py:109} INFO - [2021-11-28 10:15:01,866] {dag.py:2928} INFO - Setting next_dagrun for example_nested_branch_dag to 2021-11-27 00:00:00+00:00
[2021-11-28 10:15:01,877] {processor.py:171} INFO - Processing /home/airflow/.local/lib/python3.7/site-packages/airflow/example_dags/example_nested_branch_dag.py took 0.072 seconds
[2021-11-28 10:15:32,522] {processor.py:163} INFO - Started process (PID=1919) to work on /home/airflow/.local/lib/python3.7/site-packages/airflow/example_dags/example_nested_branch_dag.py
[2021-11-28 10:15:32,523] {processor.py:625} INFO - Processing file /home/airflow/.local/lib/python3.7/site-packages/airflow/example_dags/example_nested_branch_dag.py for tasks to queue
[2021-11-28 10:15:32,524] {logging_mixin.py:109} INFO - [2021-11-28 10:15:32,524] {dagbag.py:500} INFO - Filling up the DagBag from /home/airflow/.local/lib/python3.7/site-packages/airflow/example_dags/example_nested_branch_dag.py
[2021-11-28 10:15:32,549] {processor.py:637} INFO - DAG(s) dict_keys(['example_nested_branch_dag']) retrieved from /home/airflow/.local/lib/python3.7/site-packages/airflow/example_dags/example_nested_branch_dag.py
[2021-11-28 10:15:32,556] {logging_mixin.py:109} INFO - [2021-11-28 10:15:32,556] {dag.py:2396} INFO - Sync 1 DAGs
[2021-11-28 10:15:32,568] {logging_mixin.py:109} INFO - [2021-11-28 10:15:32,568] {dag.py:2928} INFO - Setting next_dagrun for example_nested_branch_dag to 2021-11-27 00:00:00+00:00
[2021-11-28 10:15:32,577] {processor.py:171} INFO - Processing /home/airflow/.local/lib/python3.7/site-packages/airflow/example_dags/example_nested_branch_dag.py took 0.058 seconds
[2021-11-28 10:16:03,244] {processor.py:163} INFO - Started process (PID=1980) to work on /home/airflow/.local/lib/python3.7/site-packages/airflow/example_dags/example_nested_branch_dag.py
[2021-11-28 10:16:03,244] {processor.py:625} INFO - Processing file /home/airflow/.local/lib/python3.7/site-packages/airflow/example_dags/example_nested_branch_dag.py for tasks to queue
[2021-11-28 10:16:03,245] {logging_mixin.py:109} INFO - [2021-11-28 10:16:03,245] {dagbag.py:500} INFO - Filling up the DagBag from /home/airflow/.local/lib/python3.7/site-packages/airflow/example_dags/example_nested_branch_dag.py
[2021-11-28 10:16:03,263] {processor.py:637} INFO - DAG(s) dict_keys(['example_nested_branch_dag']) retrieved from /home/airflow/.local/lib/python3.7/site-packages/airflow/example_dags/example_nested_branch_dag.py
[2021-11-28 10:16:03,274] {logging_mixin.py:109} INFO - [2021-11-28 10:16:03,274] {dag.py:2396} INFO - Sync 1 DAGs
[2021-11-28 10:16:03,288] {logging_mixin.py:109} INFO - [2021-11-28 10:16:03,288] {dag.py:2928} INFO - Setting next_dagrun for example_nested_branch_dag to 2021-11-27 00:00:00+00:00
[2021-11-28 10:16:03,297] {processor.py:171} INFO - Processing /home/airflow/.local/lib/python3.7/site-packages/airflow/example_dags/example_nested_branch_dag.py took 0.055 seconds
[2021-11-28 10:16:33,986] {processor.py:163} INFO - Started process (PID=2031) to work on /home/airflow/.local/lib/python3.7/site-packages/airflow/example_dags/example_nested_branch_dag.py
[2021-11-28 10:16:33,987] {processor.py:625} INFO - Processing file /home/airflow/.local/lib/python3.7/site-packages/airflow/example_dags/example_nested_branch_dag.py for tasks to queue
[2021-11-28 10:16:33,988] {logging_mixin.py:109} INFO - [2021-11-28 10:16:33,987] {dagbag.py:500} INFO - Filling up the DagBag from /home/airflow/.local/lib/python3.7/site-packages/airflow/example_dags/example_nested_branch_dag.py
[2021-11-28 10:16:34,014] {processor.py:637} INFO - DAG(s) dict_keys(['example_nested_branch_dag']) retrieved from /home/airflow/.local/lib/python3.7/site-packages/airflow/example_dags/example_nested_branch_dag.py
[2021-11-28 10:16:34,022] {logging_mixin.py:109} INFO - [2021-11-28 10:16:34,022] {dag.py:2396} INFO - Sync 1 DAGs
[2021-11-28 10:16:34,036] {logging_mixin.py:109} INFO - [2021-11-28 10:16:34,036] {dag.py:2928} INFO - Setting next_dagrun for example_nested_branch_dag to 2021-11-27 00:00:00+00:00
[2021-11-28 10:16:34,045] {processor.py:171} INFO - Processing /home/airflow/.local/lib/python3.7/site-packages/airflow/example_dags/example_nested_branch_dag.py took 0.062 seconds
[2021-11-28 10:17:04,622] {processor.py:163} INFO - Started process (PID=2091) to work on /home/airflow/.local/lib/python3.7/site-packages/airflow/example_dags/example_nested_branch_dag.py
[2021-11-28 10:17:04,624] {processor.py:625} INFO - Processing file /home/airflow/.local/lib/python3.7/site-packages/airflow/example_dags/example_nested_branch_dag.py for tasks to queue
[2021-11-28 10:17:04,624] {logging_mixin.py:109} INFO - [2021-11-28 10:17:04,624] {dagbag.py:500} INFO - Filling up the DagBag from /home/airflow/.local/lib/python3.7/site-packages/airflow/example_dags/example_nested_branch_dag.py
[2021-11-28 10:17:04,654] {processor.py:637} INFO - DAG(s) dict_keys(['example_nested_branch_dag']) retrieved from /home/airflow/.local/lib/python3.7/site-packages/airflow/example_dags/example_nested_branch_dag.py
[2021-11-28 10:17:04,667] {logging_mixin.py:109} INFO - [2021-11-28 10:17:04,667] {dag.py:2396} INFO - Sync 1 DAGs
[2021-11-28 10:17:04,690] {logging_mixin.py:109} INFO - [2021-11-28 10:17:04,690] {dag.py:2928} INFO - Setting next_dagrun for example_nested_branch_dag to 2021-11-27 00:00:00+00:00
[2021-11-28 10:17:04,700] {processor.py:171} INFO - Processing /home/airflow/.local/lib/python3.7/site-packages/airflow/example_dags/example_nested_branch_dag.py took 0.081 seconds
[2021-11-28 10:17:35,369] {processor.py:163} INFO - Started process (PID=2142) to work on /home/airflow/.local/lib/python3.7/site-packages/airflow/example_dags/example_nested_branch_dag.py
[2021-11-28 10:17:35,370] {processor.py:625} INFO - Processing file /home/airflow/.local/lib/python3.7/site-packages/airflow/example_dags/example_nested_branch_dag.py for tasks to queue
[2021-11-28 10:17:35,371] {logging_mixin.py:109} INFO - [2021-11-28 10:17:35,371] {dagbag.py:500} INFO - Filling up the DagBag from /home/airflow/.local/lib/python3.7/site-packages/airflow/example_dags/example_nested_branch_dag.py
[2021-11-28 10:17:35,397] {processor.py:637} INFO - DAG(s) dict_keys(['example_nested_branch_dag']) retrieved from /home/airflow/.local/lib/python3.7/site-packages/airflow/example_dags/example_nested_branch_dag.py
[2021-11-28 10:17:35,409] {logging_mixin.py:109} INFO - [2021-11-28 10:17:35,409] {dag.py:2396} INFO - Sync 1 DAGs
[2021-11-28 10:17:35,428] {logging_mixin.py:109} INFO - [2021-11-28 10:17:35,428] {dag.py:2928} INFO - Setting next_dagrun for example_nested_branch_dag to 2021-11-27 00:00:00+00:00
[2021-11-28 10:17:35,439] {processor.py:171} INFO - Processing /home/airflow/.local/lib/python3.7/site-packages/airflow/example_dags/example_nested_branch_dag.py took 0.073 seconds
