[2021-11-28 09:44:53,692] {processor.py:163} INFO - Started process (PID=117) to work on /home/airflow/.local/lib/python3.7/site-packages/airflow/example_dags/example_branch_datetime_operator.py
[2021-11-28 09:44:53,693] {processor.py:625} INFO - Processing file /home/airflow/.local/lib/python3.7/site-packages/airflow/example_dags/example_branch_datetime_operator.py for tasks to queue
[2021-11-28 09:44:53,693] {logging_mixin.py:109} INFO - [2021-11-28 09:44:53,693] {dagbag.py:500} INFO - Filling up the DagBag from /home/airflow/.local/lib/python3.7/site-packages/airflow/example_dags/example_branch_datetime_operator.py
[2021-11-28 09:44:53,716] {processor.py:637} INFO - DAG(s) dict_keys(['example_branch_datetime_operator_2']) retrieved from /home/airflow/.local/lib/python3.7/site-packages/airflow/example_dags/example_branch_datetime_operator.py
[2021-11-28 09:44:54,836] {logging_mixin.py:109} INFO - [2021-11-28 09:44:54,835] {providers_manager.py:156} WARNING - Exception when importing 'airflow.providers.google.leveldb.hooks.leveldb.LevelDBHook' from 'apache-airflow-providers-google' package: No module named 'plyvel'
[2021-11-28 09:44:55,147] {logging_mixin.py:109} INFO - [2021-11-28 09:44:55,147] {providers_manager.py:156} WARNING - Exception when importing 'airflow.providers.google.leveldb.hooks.leveldb.LevelDBHook' from 'apache-airflow-providers-google' package: No module named 'plyvel'
[2021-11-28 09:44:55,187] {logging_mixin.py:109} INFO - [2021-11-28 09:44:55,187] {manager.py:496} INFO - Created Permission View: can read on DAG:example_branch_datetime_operator_2
[2021-11-28 09:44:55,210] {logging_mixin.py:109} INFO - [2021-11-28 09:44:55,210] {manager.py:496} INFO - Created Permission View: can edit on DAG:example_branch_datetime_operator_2
[2021-11-28 09:44:55,211] {logging_mixin.py:109} INFO - [2021-11-28 09:44:55,210] {dag.py:2396} INFO - Sync 1 DAGs
[2021-11-28 09:44:55,218] {logging_mixin.py:109} INFO - [2021-11-28 09:44:55,218] {dag.py:2415} INFO - Creating ORM DAG for example_branch_datetime_operator_2
[2021-11-28 09:44:55,228] {logging_mixin.py:109} INFO - [2021-11-28 09:44:55,228] {dag.py:2928} INFO - Setting next_dagrun for example_branch_datetime_operator_2 to 2021-11-27 00:00:00+00:00
[2021-11-28 09:44:55,254] {processor.py:171} INFO - Processing /home/airflow/.local/lib/python3.7/site-packages/airflow/example_dags/example_branch_datetime_operator.py took 1.565 seconds
[2021-11-28 09:45:26,053] {processor.py:163} INFO - Started process (PID=478) to work on /home/airflow/.local/lib/python3.7/site-packages/airflow/example_dags/example_branch_datetime_operator.py
[2021-11-28 09:45:26,055] {processor.py:625} INFO - Processing file /home/airflow/.local/lib/python3.7/site-packages/airflow/example_dags/example_branch_datetime_operator.py for tasks to queue
[2021-11-28 09:45:26,055] {logging_mixin.py:109} INFO - [2021-11-28 09:45:26,055] {dagbag.py:500} INFO - Filling up the DagBag from /home/airflow/.local/lib/python3.7/site-packages/airflow/example_dags/example_branch_datetime_operator.py
[2021-11-28 09:45:26,080] {processor.py:637} INFO - DAG(s) dict_keys(['example_branch_datetime_operator_2']) retrieved from /home/airflow/.local/lib/python3.7/site-packages/airflow/example_dags/example_branch_datetime_operator.py
[2021-11-28 09:45:26,091] {logging_mixin.py:109} INFO - [2021-11-28 09:45:26,091] {dag.py:2396} INFO - Sync 1 DAGs
[2021-11-28 09:45:26,113] {logging_mixin.py:109} INFO - [2021-11-28 09:45:26,113] {dag.py:2928} INFO - Setting next_dagrun for example_branch_datetime_operator_2 to 2021-11-27 00:00:00+00:00
[2021-11-28 09:45:26,126] {processor.py:171} INFO - Processing /home/airflow/.local/lib/python3.7/site-packages/airflow/example_dags/example_branch_datetime_operator.py took 0.075 seconds
[2021-11-28 09:45:56,838] {processor.py:163} INFO - Started process (PID=529) to work on /home/airflow/.local/lib/python3.7/site-packages/airflow/example_dags/example_branch_datetime_operator.py
[2021-11-28 09:45:56,839] {processor.py:625} INFO - Processing file /home/airflow/.local/lib/python3.7/site-packages/airflow/example_dags/example_branch_datetime_operator.py for tasks to queue
[2021-11-28 09:45:56,840] {logging_mixin.py:109} INFO - [2021-11-28 09:45:56,840] {dagbag.py:500} INFO - Filling up the DagBag from /home/airflow/.local/lib/python3.7/site-packages/airflow/example_dags/example_branch_datetime_operator.py
[2021-11-28 09:45:56,867] {processor.py:637} INFO - DAG(s) dict_keys(['example_branch_datetime_operator_2']) retrieved from /home/airflow/.local/lib/python3.7/site-packages/airflow/example_dags/example_branch_datetime_operator.py
[2021-11-28 09:45:56,877] {logging_mixin.py:109} INFO - [2021-11-28 09:45:56,877] {dag.py:2396} INFO - Sync 1 DAGs
[2021-11-28 09:45:56,898] {logging_mixin.py:109} INFO - [2021-11-28 09:45:56,898] {dag.py:2928} INFO - Setting next_dagrun for example_branch_datetime_operator_2 to 2021-11-27 00:00:00+00:00
[2021-11-28 09:45:56,909] {processor.py:171} INFO - Processing /home/airflow/.local/lib/python3.7/site-packages/airflow/example_dags/example_branch_datetime_operator.py took 0.074 seconds
[2021-11-28 09:46:27,118] {processor.py:163} INFO - Started process (PID=589) to work on /home/airflow/.local/lib/python3.7/site-packages/airflow/example_dags/example_branch_datetime_operator.py
[2021-11-28 09:46:27,119] {processor.py:625} INFO - Processing file /home/airflow/.local/lib/python3.7/site-packages/airflow/example_dags/example_branch_datetime_operator.py for tasks to queue
[2021-11-28 09:46:27,120] {logging_mixin.py:109} INFO - [2021-11-28 09:46:27,120] {dagbag.py:500} INFO - Filling up the DagBag from /home/airflow/.local/lib/python3.7/site-packages/airflow/example_dags/example_branch_datetime_operator.py
[2021-11-28 09:46:27,146] {processor.py:637} INFO - DAG(s) dict_keys(['example_branch_datetime_operator_2']) retrieved from /home/airflow/.local/lib/python3.7/site-packages/airflow/example_dags/example_branch_datetime_operator.py
[2021-11-28 09:46:27,157] {logging_mixin.py:109} INFO - [2021-11-28 09:46:27,157] {dag.py:2396} INFO - Sync 1 DAGs
[2021-11-28 09:46:27,172] {logging_mixin.py:109} INFO - [2021-11-28 09:46:27,172] {dag.py:2928} INFO - Setting next_dagrun for example_branch_datetime_operator_2 to 2021-11-27 00:00:00+00:00
[2021-11-28 09:46:27,181] {processor.py:171} INFO - Processing /home/airflow/.local/lib/python3.7/site-packages/airflow/example_dags/example_branch_datetime_operator.py took 0.065 seconds
[2021-11-28 09:48:49,196] {processor.py:163} INFO - Started process (PID=36) to work on /home/airflow/.local/lib/python3.7/site-packages/airflow/example_dags/example_branch_datetime_operator.py
[2021-11-28 09:48:49,196] {processor.py:625} INFO - Processing file /home/airflow/.local/lib/python3.7/site-packages/airflow/example_dags/example_branch_datetime_operator.py for tasks to queue
[2021-11-28 09:48:49,197] {logging_mixin.py:109} INFO - [2021-11-28 09:48:49,197] {dagbag.py:500} INFO - Filling up the DagBag from /home/airflow/.local/lib/python3.7/site-packages/airflow/example_dags/example_branch_datetime_operator.py
[2021-11-28 09:48:49,216] {processor.py:637} INFO - DAG(s) dict_keys(['example_branch_datetime_operator_2']) retrieved from /home/airflow/.local/lib/python3.7/site-packages/airflow/example_dags/example_branch_datetime_operator.py
[2021-11-28 09:48:49,230] {logging_mixin.py:109} INFO - [2021-11-28 09:48:49,229] {dag.py:2396} INFO - Sync 1 DAGs
[2021-11-28 09:48:49,249] {logging_mixin.py:109} INFO - [2021-11-28 09:48:49,248] {dag.py:2928} INFO - Setting next_dagrun for example_branch_datetime_operator_2 to 2021-11-27 00:00:00+00:00
[2021-11-28 09:48:49,258] {processor.py:171} INFO - Processing /home/airflow/.local/lib/python3.7/site-packages/airflow/example_dags/example_branch_datetime_operator.py took 0.064 seconds
[2021-11-28 09:49:20,406] {processor.py:163} INFO - Started process (PID=96) to work on /home/airflow/.local/lib/python3.7/site-packages/airflow/example_dags/example_branch_datetime_operator.py
[2021-11-28 09:49:20,407] {processor.py:625} INFO - Processing file /home/airflow/.local/lib/python3.7/site-packages/airflow/example_dags/example_branch_datetime_operator.py for tasks to queue
[2021-11-28 09:49:20,408] {logging_mixin.py:109} INFO - [2021-11-28 09:49:20,408] {dagbag.py:500} INFO - Filling up the DagBag from /home/airflow/.local/lib/python3.7/site-packages/airflow/example_dags/example_branch_datetime_operator.py
[2021-11-28 09:49:20,434] {processor.py:637} INFO - DAG(s) dict_keys(['example_branch_datetime_operator_2']) retrieved from /home/airflow/.local/lib/python3.7/site-packages/airflow/example_dags/example_branch_datetime_operator.py
[2021-11-28 09:49:20,445] {logging_mixin.py:109} INFO - [2021-11-28 09:49:20,445] {dag.py:2396} INFO - Sync 1 DAGs
[2021-11-28 09:49:20,457] {logging_mixin.py:109} INFO - [2021-11-28 09:49:20,457] {dag.py:2928} INFO - Setting next_dagrun for example_branch_datetime_operator_2 to 2021-11-27 00:00:00+00:00
[2021-11-28 09:49:20,465] {processor.py:171} INFO - Processing /home/airflow/.local/lib/python3.7/site-packages/airflow/example_dags/example_branch_datetime_operator.py took 0.061 seconds
[2021-11-28 09:49:51,456] {processor.py:163} INFO - Started process (PID=147) to work on /home/airflow/.local/lib/python3.7/site-packages/airflow/example_dags/example_branch_datetime_operator.py
[2021-11-28 09:49:51,457] {processor.py:625} INFO - Processing file /home/airflow/.local/lib/python3.7/site-packages/airflow/example_dags/example_branch_datetime_operator.py for tasks to queue
[2021-11-28 09:49:51,458] {logging_mixin.py:109} INFO - [2021-11-28 09:49:51,458] {dagbag.py:500} INFO - Filling up the DagBag from /home/airflow/.local/lib/python3.7/site-packages/airflow/example_dags/example_branch_datetime_operator.py
[2021-11-28 09:49:51,481] {processor.py:637} INFO - DAG(s) dict_keys(['example_branch_datetime_operator_2']) retrieved from /home/airflow/.local/lib/python3.7/site-packages/airflow/example_dags/example_branch_datetime_operator.py
[2021-11-28 09:49:51,488] {logging_mixin.py:109} INFO - [2021-11-28 09:49:51,488] {dag.py:2396} INFO - Sync 1 DAGs
[2021-11-28 09:49:51,501] {logging_mixin.py:109} INFO - [2021-11-28 09:49:51,501] {dag.py:2928} INFO - Setting next_dagrun for example_branch_datetime_operator_2 to 2021-11-27 00:00:00+00:00
[2021-11-28 09:49:51,510] {processor.py:171} INFO - Processing /home/airflow/.local/lib/python3.7/site-packages/airflow/example_dags/example_branch_datetime_operator.py took 0.056 seconds
[2021-11-28 09:50:22,403] {processor.py:163} INFO - Started process (PID=207) to work on /home/airflow/.local/lib/python3.7/site-packages/airflow/example_dags/example_branch_datetime_operator.py
[2021-11-28 09:50:22,404] {processor.py:625} INFO - Processing file /home/airflow/.local/lib/python3.7/site-packages/airflow/example_dags/example_branch_datetime_operator.py for tasks to queue
[2021-11-28 09:50:22,404] {logging_mixin.py:109} INFO - [2021-11-28 09:50:22,404] {dagbag.py:500} INFO - Filling up the DagBag from /home/airflow/.local/lib/python3.7/site-packages/airflow/example_dags/example_branch_datetime_operator.py
[2021-11-28 09:50:22,422] {processor.py:637} INFO - DAG(s) dict_keys(['example_branch_datetime_operator_2']) retrieved from /home/airflow/.local/lib/python3.7/site-packages/airflow/example_dags/example_branch_datetime_operator.py
[2021-11-28 09:50:22,432] {logging_mixin.py:109} INFO - [2021-11-28 09:50:22,431] {dag.py:2396} INFO - Sync 1 DAGs
[2021-11-28 09:50:22,451] {logging_mixin.py:109} INFO - [2021-11-28 09:50:22,451] {dag.py:2928} INFO - Setting next_dagrun for example_branch_datetime_operator_2 to 2021-11-27 00:00:00+00:00
[2021-11-28 09:50:22,462] {processor.py:171} INFO - Processing /home/airflow/.local/lib/python3.7/site-packages/airflow/example_dags/example_branch_datetime_operator.py took 0.061 seconds
[2021-11-28 09:50:53,397] {processor.py:163} INFO - Started process (PID=267) to work on /home/airflow/.local/lib/python3.7/site-packages/airflow/example_dags/example_branch_datetime_operator.py
[2021-11-28 09:50:53,398] {processor.py:625} INFO - Processing file /home/airflow/.local/lib/python3.7/site-packages/airflow/example_dags/example_branch_datetime_operator.py for tasks to queue
[2021-11-28 09:50:53,399] {logging_mixin.py:109} INFO - [2021-11-28 09:50:53,399] {dagbag.py:500} INFO - Filling up the DagBag from /home/airflow/.local/lib/python3.7/site-packages/airflow/example_dags/example_branch_datetime_operator.py
[2021-11-28 09:50:53,426] {processor.py:637} INFO - DAG(s) dict_keys(['example_branch_datetime_operator_2']) retrieved from /home/airflow/.local/lib/python3.7/site-packages/airflow/example_dags/example_branch_datetime_operator.py
[2021-11-28 09:50:53,436] {logging_mixin.py:109} INFO - [2021-11-28 09:50:53,436] {dag.py:2396} INFO - Sync 1 DAGs
[2021-11-28 09:50:53,450] {logging_mixin.py:109} INFO - [2021-11-28 09:50:53,450] {dag.py:2928} INFO - Setting next_dagrun for example_branch_datetime_operator_2 to 2021-11-27 00:00:00+00:00
[2021-11-28 09:50:53,459] {processor.py:171} INFO - Processing /home/airflow/.local/lib/python3.7/site-packages/airflow/example_dags/example_branch_datetime_operator.py took 0.065 seconds
[2021-11-28 09:51:47,754] {processor.py:163} INFO - Started process (PID=35) to work on /home/airflow/.local/lib/python3.7/site-packages/airflow/example_dags/example_branch_datetime_operator.py
[2021-11-28 09:51:47,755] {processor.py:625} INFO - Processing file /home/airflow/.local/lib/python3.7/site-packages/airflow/example_dags/example_branch_datetime_operator.py for tasks to queue
[2021-11-28 09:51:47,756] {logging_mixin.py:109} INFO - [2021-11-28 09:51:47,756] {dagbag.py:500} INFO - Filling up the DagBag from /home/airflow/.local/lib/python3.7/site-packages/airflow/example_dags/example_branch_datetime_operator.py
[2021-11-28 09:51:47,776] {processor.py:637} INFO - DAG(s) dict_keys(['example_branch_datetime_operator_2']) retrieved from /home/airflow/.local/lib/python3.7/site-packages/airflow/example_dags/example_branch_datetime_operator.py
[2021-11-28 09:51:47,784] {logging_mixin.py:109} INFO - [2021-11-28 09:51:47,784] {dag.py:2396} INFO - Sync 1 DAGs
[2021-11-28 09:51:47,800] {logging_mixin.py:109} INFO - [2021-11-28 09:51:47,800] {dag.py:2928} INFO - Setting next_dagrun for example_branch_datetime_operator_2 to 2021-11-27 00:00:00+00:00
[2021-11-28 09:51:47,810] {processor.py:171} INFO - Processing /home/airflow/.local/lib/python3.7/site-packages/airflow/example_dags/example_branch_datetime_operator.py took 0.058 seconds
[2021-11-28 09:52:17,851] {processor.py:163} INFO - Started process (PID=96) to work on /home/airflow/.local/lib/python3.7/site-packages/airflow/example_dags/example_branch_datetime_operator.py
[2021-11-28 09:52:17,852] {processor.py:625} INFO - Processing file /home/airflow/.local/lib/python3.7/site-packages/airflow/example_dags/example_branch_datetime_operator.py for tasks to queue
[2021-11-28 09:52:17,852] {logging_mixin.py:109} INFO - [2021-11-28 09:52:17,852] {dagbag.py:500} INFO - Filling up the DagBag from /home/airflow/.local/lib/python3.7/site-packages/airflow/example_dags/example_branch_datetime_operator.py
[2021-11-28 09:52:17,868] {processor.py:637} INFO - DAG(s) dict_keys(['example_branch_datetime_operator_2']) retrieved from /home/airflow/.local/lib/python3.7/site-packages/airflow/example_dags/example_branch_datetime_operator.py
[2021-11-28 09:52:17,873] {logging_mixin.py:109} INFO - [2021-11-28 09:52:17,873] {dag.py:2396} INFO - Sync 1 DAGs
[2021-11-28 09:52:17,885] {logging_mixin.py:109} INFO - [2021-11-28 09:52:17,885] {dag.py:2928} INFO - Setting next_dagrun for example_branch_datetime_operator_2 to 2021-11-27 00:00:00+00:00
[2021-11-28 09:52:17,893] {processor.py:171} INFO - Processing /home/airflow/.local/lib/python3.7/site-packages/airflow/example_dags/example_branch_datetime_operator.py took 0.045 seconds
[2021-11-28 09:52:48,019] {processor.py:163} INFO - Started process (PID=147) to work on /home/airflow/.local/lib/python3.7/site-packages/airflow/example_dags/example_branch_datetime_operator.py
[2021-11-28 09:52:48,020] {processor.py:625} INFO - Processing file /home/airflow/.local/lib/python3.7/site-packages/airflow/example_dags/example_branch_datetime_operator.py for tasks to queue
[2021-11-28 09:52:48,020] {logging_mixin.py:109} INFO - [2021-11-28 09:52:48,020] {dagbag.py:500} INFO - Filling up the DagBag from /home/airflow/.local/lib/python3.7/site-packages/airflow/example_dags/example_branch_datetime_operator.py
[2021-11-28 09:52:48,044] {processor.py:637} INFO - DAG(s) dict_keys(['example_branch_datetime_operator_2']) retrieved from /home/airflow/.local/lib/python3.7/site-packages/airflow/example_dags/example_branch_datetime_operator.py
[2021-11-28 09:52:48,052] {logging_mixin.py:109} INFO - [2021-11-28 09:52:48,052] {dag.py:2396} INFO - Sync 1 DAGs
[2021-11-28 09:52:48,069] {logging_mixin.py:109} INFO - [2021-11-28 09:52:48,069] {dag.py:2928} INFO - Setting next_dagrun for example_branch_datetime_operator_2 to 2021-11-27 00:00:00+00:00
[2021-11-28 09:52:48,079] {processor.py:171} INFO - Processing /home/airflow/.local/lib/python3.7/site-packages/airflow/example_dags/example_branch_datetime_operator.py took 0.062 seconds
[2021-11-28 09:53:18,924] {processor.py:163} INFO - Started process (PID=207) to work on /home/airflow/.local/lib/python3.7/site-packages/airflow/example_dags/example_branch_datetime_operator.py
[2021-11-28 09:53:18,925] {processor.py:625} INFO - Processing file /home/airflow/.local/lib/python3.7/site-packages/airflow/example_dags/example_branch_datetime_operator.py for tasks to queue
[2021-11-28 09:53:18,926] {logging_mixin.py:109} INFO - [2021-11-28 09:53:18,926] {dagbag.py:500} INFO - Filling up the DagBag from /home/airflow/.local/lib/python3.7/site-packages/airflow/example_dags/example_branch_datetime_operator.py
[2021-11-28 09:53:18,951] {processor.py:637} INFO - DAG(s) dict_keys(['example_branch_datetime_operator_2']) retrieved from /home/airflow/.local/lib/python3.7/site-packages/airflow/example_dags/example_branch_datetime_operator.py
[2021-11-28 09:53:18,960] {logging_mixin.py:109} INFO - [2021-11-28 09:53:18,959] {dag.py:2396} INFO - Sync 1 DAGs
[2021-11-28 09:53:18,976] {logging_mixin.py:109} INFO - [2021-11-28 09:53:18,976] {dag.py:2928} INFO - Setting next_dagrun for example_branch_datetime_operator_2 to 2021-11-27 00:00:00+00:00
[2021-11-28 09:53:18,985] {processor.py:171} INFO - Processing /home/airflow/.local/lib/python3.7/site-packages/airflow/example_dags/example_branch_datetime_operator.py took 0.064 seconds
[2021-11-28 09:58:33,429] {processor.py:163} INFO - Started process (PID=35) to work on /home/airflow/.local/lib/python3.7/site-packages/airflow/example_dags/example_branch_datetime_operator.py
[2021-11-28 09:58:33,429] {processor.py:625} INFO - Processing file /home/airflow/.local/lib/python3.7/site-packages/airflow/example_dags/example_branch_datetime_operator.py for tasks to queue
[2021-11-28 09:58:33,430] {logging_mixin.py:109} INFO - [2021-11-28 09:58:33,430] {dagbag.py:500} INFO - Filling up the DagBag from /home/airflow/.local/lib/python3.7/site-packages/airflow/example_dags/example_branch_datetime_operator.py
[2021-11-28 09:58:33,447] {processor.py:637} INFO - DAG(s) dict_keys(['example_branch_datetime_operator_2']) retrieved from /home/airflow/.local/lib/python3.7/site-packages/airflow/example_dags/example_branch_datetime_operator.py
[2021-11-28 09:58:33,454] {logging_mixin.py:109} INFO - [2021-11-28 09:58:33,454] {dag.py:2396} INFO - Sync 1 DAGs
[2021-11-28 09:58:33,467] {logging_mixin.py:109} INFO - [2021-11-28 09:58:33,467] {dag.py:2928} INFO - Setting next_dagrun for example_branch_datetime_operator_2 to 2021-11-27 00:00:00+00:00
[2021-11-28 09:58:33,476] {processor.py:171} INFO - Processing /home/airflow/.local/lib/python3.7/site-packages/airflow/example_dags/example_branch_datetime_operator.py took 0.050 seconds
[2021-11-28 09:59:04,446] {processor.py:163} INFO - Started process (PID=95) to work on /home/airflow/.local/lib/python3.7/site-packages/airflow/example_dags/example_branch_datetime_operator.py
[2021-11-28 09:59:04,447] {processor.py:625} INFO - Processing file /home/airflow/.local/lib/python3.7/site-packages/airflow/example_dags/example_branch_datetime_operator.py for tasks to queue
[2021-11-28 09:59:04,448] {logging_mixin.py:109} INFO - [2021-11-28 09:59:04,448] {dagbag.py:500} INFO - Filling up the DagBag from /home/airflow/.local/lib/python3.7/site-packages/airflow/example_dags/example_branch_datetime_operator.py
[2021-11-28 09:59:04,475] {processor.py:637} INFO - DAG(s) dict_keys(['example_branch_datetime_operator_2']) retrieved from /home/airflow/.local/lib/python3.7/site-packages/airflow/example_dags/example_branch_datetime_operator.py
[2021-11-28 09:59:04,487] {logging_mixin.py:109} INFO - [2021-11-28 09:59:04,486] {dag.py:2396} INFO - Sync 1 DAGs
[2021-11-28 09:59:04,508] {logging_mixin.py:109} INFO - [2021-11-28 09:59:04,508] {dag.py:2928} INFO - Setting next_dagrun for example_branch_datetime_operator_2 to 2021-11-27 00:00:00+00:00
[2021-11-28 09:59:04,517] {processor.py:171} INFO - Processing /home/airflow/.local/lib/python3.7/site-packages/airflow/example_dags/example_branch_datetime_operator.py took 0.073 seconds
[2021-11-28 09:59:35,243] {processor.py:163} INFO - Started process (PID=146) to work on /home/airflow/.local/lib/python3.7/site-packages/airflow/example_dags/example_branch_datetime_operator.py
[2021-11-28 09:59:35,244] {processor.py:625} INFO - Processing file /home/airflow/.local/lib/python3.7/site-packages/airflow/example_dags/example_branch_datetime_operator.py for tasks to queue
[2021-11-28 09:59:35,245] {logging_mixin.py:109} INFO - [2021-11-28 09:59:35,244] {dagbag.py:500} INFO - Filling up the DagBag from /home/airflow/.local/lib/python3.7/site-packages/airflow/example_dags/example_branch_datetime_operator.py
[2021-11-28 09:59:35,264] {processor.py:637} INFO - DAG(s) dict_keys(['example_branch_datetime_operator_2']) retrieved from /home/airflow/.local/lib/python3.7/site-packages/airflow/example_dags/example_branch_datetime_operator.py
[2021-11-28 09:59:35,271] {logging_mixin.py:109} INFO - [2021-11-28 09:59:35,271] {dag.py:2396} INFO - Sync 1 DAGs
[2021-11-28 09:59:35,287] {logging_mixin.py:109} INFO - [2021-11-28 09:59:35,287] {dag.py:2928} INFO - Setting next_dagrun for example_branch_datetime_operator_2 to 2021-11-27 00:00:00+00:00
[2021-11-28 09:59:35,296] {processor.py:171} INFO - Processing /home/airflow/.local/lib/python3.7/site-packages/airflow/example_dags/example_branch_datetime_operator.py took 0.054 seconds
[2021-11-28 10:00:06,176] {processor.py:163} INFO - Started process (PID=206) to work on /home/airflow/.local/lib/python3.7/site-packages/airflow/example_dags/example_branch_datetime_operator.py
[2021-11-28 10:00:06,177] {processor.py:625} INFO - Processing file /home/airflow/.local/lib/python3.7/site-packages/airflow/example_dags/example_branch_datetime_operator.py for tasks to queue
[2021-11-28 10:00:06,177] {logging_mixin.py:109} INFO - [2021-11-28 10:00:06,177] {dagbag.py:500} INFO - Filling up the DagBag from /home/airflow/.local/lib/python3.7/site-packages/airflow/example_dags/example_branch_datetime_operator.py
[2021-11-28 10:00:06,202] {processor.py:637} INFO - DAG(s) dict_keys(['example_branch_datetime_operator_2']) retrieved from /home/airflow/.local/lib/python3.7/site-packages/airflow/example_dags/example_branch_datetime_operator.py
[2021-11-28 10:00:06,212] {logging_mixin.py:109} INFO - [2021-11-28 10:00:06,212] {dag.py:2396} INFO - Sync 1 DAGs
[2021-11-28 10:00:06,231] {logging_mixin.py:109} INFO - [2021-11-28 10:00:06,231] {dag.py:2928} INFO - Setting next_dagrun for example_branch_datetime_operator_2 to 2021-11-27 00:00:00+00:00
[2021-11-28 10:00:06,241] {processor.py:171} INFO - Processing /home/airflow/.local/lib/python3.7/site-packages/airflow/example_dags/example_branch_datetime_operator.py took 0.068 seconds
[2021-11-28 10:00:37,040] {processor.py:163} INFO - Started process (PID=266) to work on /home/airflow/.local/lib/python3.7/site-packages/airflow/example_dags/example_branch_datetime_operator.py
[2021-11-28 10:00:37,041] {processor.py:625} INFO - Processing file /home/airflow/.local/lib/python3.7/site-packages/airflow/example_dags/example_branch_datetime_operator.py for tasks to queue
[2021-11-28 10:00:37,041] {logging_mixin.py:109} INFO - [2021-11-28 10:00:37,041] {dagbag.py:500} INFO - Filling up the DagBag from /home/airflow/.local/lib/python3.7/site-packages/airflow/example_dags/example_branch_datetime_operator.py
[2021-11-28 10:00:37,059] {processor.py:637} INFO - DAG(s) dict_keys(['example_branch_datetime_operator_2']) retrieved from /home/airflow/.local/lib/python3.7/site-packages/airflow/example_dags/example_branch_datetime_operator.py
[2021-11-28 10:00:37,066] {logging_mixin.py:109} INFO - [2021-11-28 10:00:37,066] {dag.py:2396} INFO - Sync 1 DAGs
[2021-11-28 10:00:37,084] {logging_mixin.py:109} INFO - [2021-11-28 10:00:37,084] {dag.py:2928} INFO - Setting next_dagrun for example_branch_datetime_operator_2 to 2021-11-27 00:00:00+00:00
[2021-11-28 10:00:37,095] {processor.py:171} INFO - Processing /home/airflow/.local/lib/python3.7/site-packages/airflow/example_dags/example_branch_datetime_operator.py took 0.057 seconds
[2021-11-28 10:01:07,964] {processor.py:163} INFO - Started process (PID=317) to work on /home/airflow/.local/lib/python3.7/site-packages/airflow/example_dags/example_branch_datetime_operator.py
[2021-11-28 10:01:07,965] {processor.py:625} INFO - Processing file /home/airflow/.local/lib/python3.7/site-packages/airflow/example_dags/example_branch_datetime_operator.py for tasks to queue
[2021-11-28 10:01:07,966] {logging_mixin.py:109} INFO - [2021-11-28 10:01:07,966] {dagbag.py:500} INFO - Filling up the DagBag from /home/airflow/.local/lib/python3.7/site-packages/airflow/example_dags/example_branch_datetime_operator.py
[2021-11-28 10:01:07,994] {processor.py:637} INFO - DAG(s) dict_keys(['example_branch_datetime_operator_2']) retrieved from /home/airflow/.local/lib/python3.7/site-packages/airflow/example_dags/example_branch_datetime_operator.py
[2021-11-28 10:01:08,003] {logging_mixin.py:109} INFO - [2021-11-28 10:01:08,002] {dag.py:2396} INFO - Sync 1 DAGs
[2021-11-28 10:01:08,016] {logging_mixin.py:109} INFO - [2021-11-28 10:01:08,016] {dag.py:2928} INFO - Setting next_dagrun for example_branch_datetime_operator_2 to 2021-11-27 00:00:00+00:00
[2021-11-28 10:01:08,025] {processor.py:171} INFO - Processing /home/airflow/.local/lib/python3.7/site-packages/airflow/example_dags/example_branch_datetime_operator.py took 0.064 seconds
[2021-11-28 10:01:38,862] {processor.py:163} INFO - Started process (PID=377) to work on /home/airflow/.local/lib/python3.7/site-packages/airflow/example_dags/example_branch_datetime_operator.py
[2021-11-28 10:01:38,863] {processor.py:625} INFO - Processing file /home/airflow/.local/lib/python3.7/site-packages/airflow/example_dags/example_branch_datetime_operator.py for tasks to queue
[2021-11-28 10:01:38,864] {logging_mixin.py:109} INFO - [2021-11-28 10:01:38,864] {dagbag.py:500} INFO - Filling up the DagBag from /home/airflow/.local/lib/python3.7/site-packages/airflow/example_dags/example_branch_datetime_operator.py
[2021-11-28 10:01:38,887] {processor.py:637} INFO - DAG(s) dict_keys(['example_branch_datetime_operator_2']) retrieved from /home/airflow/.local/lib/python3.7/site-packages/airflow/example_dags/example_branch_datetime_operator.py
[2021-11-28 10:01:38,897] {logging_mixin.py:109} INFO - [2021-11-28 10:01:38,897] {dag.py:2396} INFO - Sync 1 DAGs
[2021-11-28 10:01:38,919] {logging_mixin.py:109} INFO - [2021-11-28 10:01:38,919] {dag.py:2928} INFO - Setting next_dagrun for example_branch_datetime_operator_2 to 2021-11-27 00:00:00+00:00
[2021-11-28 10:01:38,931] {processor.py:171} INFO - Processing /home/airflow/.local/lib/python3.7/site-packages/airflow/example_dags/example_branch_datetime_operator.py took 0.071 seconds
[2021-11-28 10:02:09,864] {processor.py:163} INFO - Started process (PID=434) to work on /home/airflow/.local/lib/python3.7/site-packages/airflow/example_dags/example_branch_datetime_operator.py
[2021-11-28 10:02:09,865] {processor.py:625} INFO - Processing file /home/airflow/.local/lib/python3.7/site-packages/airflow/example_dags/example_branch_datetime_operator.py for tasks to queue
[2021-11-28 10:02:09,865] {logging_mixin.py:109} INFO - [2021-11-28 10:02:09,865] {dagbag.py:500} INFO - Filling up the DagBag from /home/airflow/.local/lib/python3.7/site-packages/airflow/example_dags/example_branch_datetime_operator.py
[2021-11-28 10:02:09,892] {processor.py:637} INFO - DAG(s) dict_keys(['example_branch_datetime_operator_2']) retrieved from /home/airflow/.local/lib/python3.7/site-packages/airflow/example_dags/example_branch_datetime_operator.py
[2021-11-28 10:02:09,898] {logging_mixin.py:109} INFO - [2021-11-28 10:02:09,897] {dag.py:2396} INFO - Sync 1 DAGs
[2021-11-28 10:02:09,917] {logging_mixin.py:109} INFO - [2021-11-28 10:02:09,917] {dag.py:2928} INFO - Setting next_dagrun for example_branch_datetime_operator_2 to 2021-11-27 00:00:00+00:00
[2021-11-28 10:02:09,929] {processor.py:171} INFO - Processing /home/airflow/.local/lib/python3.7/site-packages/airflow/example_dags/example_branch_datetime_operator.py took 0.067 seconds
[2021-11-28 10:02:40,780] {processor.py:163} INFO - Started process (PID=488) to work on /home/airflow/.local/lib/python3.7/site-packages/airflow/example_dags/example_branch_datetime_operator.py
[2021-11-28 10:02:40,781] {processor.py:625} INFO - Processing file /home/airflow/.local/lib/python3.7/site-packages/airflow/example_dags/example_branch_datetime_operator.py for tasks to queue
[2021-11-28 10:02:40,781] {logging_mixin.py:109} INFO - [2021-11-28 10:02:40,781] {dagbag.py:500} INFO - Filling up the DagBag from /home/airflow/.local/lib/python3.7/site-packages/airflow/example_dags/example_branch_datetime_operator.py
[2021-11-28 10:02:40,803] {processor.py:637} INFO - DAG(s) dict_keys(['example_branch_datetime_operator_2']) retrieved from /home/airflow/.local/lib/python3.7/site-packages/airflow/example_dags/example_branch_datetime_operator.py
[2021-11-28 10:02:40,814] {logging_mixin.py:109} INFO - [2021-11-28 10:02:40,814] {dag.py:2396} INFO - Sync 1 DAGs
[2021-11-28 10:02:40,833] {logging_mixin.py:109} INFO - [2021-11-28 10:02:40,833] {dag.py:2928} INFO - Setting next_dagrun for example_branch_datetime_operator_2 to 2021-11-27 00:00:00+00:00
[2021-11-28 10:02:40,842] {processor.py:171} INFO - Processing /home/airflow/.local/lib/python3.7/site-packages/airflow/example_dags/example_branch_datetime_operator.py took 0.063 seconds
[2021-11-28 10:03:11,669] {processor.py:163} INFO - Started process (PID=548) to work on /home/airflow/.local/lib/python3.7/site-packages/airflow/example_dags/example_branch_datetime_operator.py
[2021-11-28 10:03:11,670] {processor.py:625} INFO - Processing file /home/airflow/.local/lib/python3.7/site-packages/airflow/example_dags/example_branch_datetime_operator.py for tasks to queue
[2021-11-28 10:03:11,671] {logging_mixin.py:109} INFO - [2021-11-28 10:03:11,671] {dagbag.py:500} INFO - Filling up the DagBag from /home/airflow/.local/lib/python3.7/site-packages/airflow/example_dags/example_branch_datetime_operator.py
[2021-11-28 10:03:11,699] {processor.py:637} INFO - DAG(s) dict_keys(['example_branch_datetime_operator_2']) retrieved from /home/airflow/.local/lib/python3.7/site-packages/airflow/example_dags/example_branch_datetime_operator.py
[2021-11-28 10:03:11,709] {logging_mixin.py:109} INFO - [2021-11-28 10:03:11,709] {dag.py:2396} INFO - Sync 1 DAGs
[2021-11-28 10:03:11,729] {logging_mixin.py:109} INFO - [2021-11-28 10:03:11,728] {dag.py:2928} INFO - Setting next_dagrun for example_branch_datetime_operator_2 to 2021-11-27 00:00:00+00:00
[2021-11-28 10:03:11,740] {processor.py:171} INFO - Processing /home/airflow/.local/lib/python3.7/site-packages/airflow/example_dags/example_branch_datetime_operator.py took 0.074 seconds
[2021-11-28 10:03:42,624] {processor.py:163} INFO - Started process (PID=599) to work on /home/airflow/.local/lib/python3.7/site-packages/airflow/example_dags/example_branch_datetime_operator.py
[2021-11-28 10:03:42,625] {processor.py:625} INFO - Processing file /home/airflow/.local/lib/python3.7/site-packages/airflow/example_dags/example_branch_datetime_operator.py for tasks to queue
[2021-11-28 10:03:42,626] {logging_mixin.py:109} INFO - [2021-11-28 10:03:42,626] {dagbag.py:500} INFO - Filling up the DagBag from /home/airflow/.local/lib/python3.7/site-packages/airflow/example_dags/example_branch_datetime_operator.py
[2021-11-28 10:03:42,651] {processor.py:637} INFO - DAG(s) dict_keys(['example_branch_datetime_operator_2']) retrieved from /home/airflow/.local/lib/python3.7/site-packages/airflow/example_dags/example_branch_datetime_operator.py
[2021-11-28 10:03:42,662] {logging_mixin.py:109} INFO - [2021-11-28 10:03:42,662] {dag.py:2396} INFO - Sync 1 DAGs
[2021-11-28 10:03:42,684] {logging_mixin.py:109} INFO - [2021-11-28 10:03:42,684] {dag.py:2928} INFO - Setting next_dagrun for example_branch_datetime_operator_2 to 2021-11-27 00:00:00+00:00
[2021-11-28 10:03:42,696] {processor.py:171} INFO - Processing /home/airflow/.local/lib/python3.7/site-packages/airflow/example_dags/example_branch_datetime_operator.py took 0.075 seconds
[2021-11-28 10:04:13,579] {processor.py:163} INFO - Started process (PID=659) to work on /home/airflow/.local/lib/python3.7/site-packages/airflow/example_dags/example_branch_datetime_operator.py
[2021-11-28 10:04:13,580] {processor.py:625} INFO - Processing file /home/airflow/.local/lib/python3.7/site-packages/airflow/example_dags/example_branch_datetime_operator.py for tasks to queue
[2021-11-28 10:04:13,581] {logging_mixin.py:109} INFO - [2021-11-28 10:04:13,581] {dagbag.py:500} INFO - Filling up the DagBag from /home/airflow/.local/lib/python3.7/site-packages/airflow/example_dags/example_branch_datetime_operator.py
[2021-11-28 10:04:13,606] {processor.py:637} INFO - DAG(s) dict_keys(['example_branch_datetime_operator_2']) retrieved from /home/airflow/.local/lib/python3.7/site-packages/airflow/example_dags/example_branch_datetime_operator.py
[2021-11-28 10:04:13,616] {logging_mixin.py:109} INFO - [2021-11-28 10:04:13,616] {dag.py:2396} INFO - Sync 1 DAGs
[2021-11-28 10:04:13,635] {logging_mixin.py:109} INFO - [2021-11-28 10:04:13,635] {dag.py:2928} INFO - Setting next_dagrun for example_branch_datetime_operator_2 to 2021-11-27 00:00:00+00:00
[2021-11-28 10:04:13,647] {processor.py:171} INFO - Processing /home/airflow/.local/lib/python3.7/site-packages/airflow/example_dags/example_branch_datetime_operator.py took 0.070 seconds
[2021-11-28 10:04:44,637] {processor.py:163} INFO - Started process (PID=719) to work on /home/airflow/.local/lib/python3.7/site-packages/airflow/example_dags/example_branch_datetime_operator.py
[2021-11-28 10:04:44,638] {processor.py:625} INFO - Processing file /home/airflow/.local/lib/python3.7/site-packages/airflow/example_dags/example_branch_datetime_operator.py for tasks to queue
[2021-11-28 10:04:44,638] {logging_mixin.py:109} INFO - [2021-11-28 10:04:44,638] {dagbag.py:500} INFO - Filling up the DagBag from /home/airflow/.local/lib/python3.7/site-packages/airflow/example_dags/example_branch_datetime_operator.py
[2021-11-28 10:04:44,656] {processor.py:637} INFO - DAG(s) dict_keys(['example_branch_datetime_operator_2']) retrieved from /home/airflow/.local/lib/python3.7/site-packages/airflow/example_dags/example_branch_datetime_operator.py
[2021-11-28 10:04:44,663] {logging_mixin.py:109} INFO - [2021-11-28 10:04:44,663] {dag.py:2396} INFO - Sync 1 DAGs
[2021-11-28 10:04:44,677] {logging_mixin.py:109} INFO - [2021-11-28 10:04:44,677] {dag.py:2928} INFO - Setting next_dagrun for example_branch_datetime_operator_2 to 2021-11-27 00:00:00+00:00
[2021-11-28 10:04:44,686] {processor.py:171} INFO - Processing /home/airflow/.local/lib/python3.7/site-packages/airflow/example_dags/example_branch_datetime_operator.py took 0.052 seconds
[2021-11-28 10:05:15,665] {processor.py:163} INFO - Started process (PID=770) to work on /home/airflow/.local/lib/python3.7/site-packages/airflow/example_dags/example_branch_datetime_operator.py
[2021-11-28 10:05:15,666] {processor.py:625} INFO - Processing file /home/airflow/.local/lib/python3.7/site-packages/airflow/example_dags/example_branch_datetime_operator.py for tasks to queue
[2021-11-28 10:05:15,667] {logging_mixin.py:109} INFO - [2021-11-28 10:05:15,667] {dagbag.py:500} INFO - Filling up the DagBag from /home/airflow/.local/lib/python3.7/site-packages/airflow/example_dags/example_branch_datetime_operator.py
[2021-11-28 10:05:15,685] {processor.py:637} INFO - DAG(s) dict_keys(['example_branch_datetime_operator_2']) retrieved from /home/airflow/.local/lib/python3.7/site-packages/airflow/example_dags/example_branch_datetime_operator.py
[2021-11-28 10:05:15,695] {logging_mixin.py:109} INFO - [2021-11-28 10:05:15,695] {dag.py:2396} INFO - Sync 1 DAGs
[2021-11-28 10:05:15,715] {logging_mixin.py:109} INFO - [2021-11-28 10:05:15,715] {dag.py:2928} INFO - Setting next_dagrun for example_branch_datetime_operator_2 to 2021-11-27 00:00:00+00:00
[2021-11-28 10:05:15,729] {processor.py:171} INFO - Processing /home/airflow/.local/lib/python3.7/site-packages/airflow/example_dags/example_branch_datetime_operator.py took 0.066 seconds
[2021-11-28 10:05:46,697] {processor.py:163} INFO - Started process (PID=830) to work on /home/airflow/.local/lib/python3.7/site-packages/airflow/example_dags/example_branch_datetime_operator.py
[2021-11-28 10:05:46,699] {processor.py:625} INFO - Processing file /home/airflow/.local/lib/python3.7/site-packages/airflow/example_dags/example_branch_datetime_operator.py for tasks to queue
[2021-11-28 10:05:46,699] {logging_mixin.py:109} INFO - [2021-11-28 10:05:46,699] {dagbag.py:500} INFO - Filling up the DagBag from /home/airflow/.local/lib/python3.7/site-packages/airflow/example_dags/example_branch_datetime_operator.py
[2021-11-28 10:05:46,726] {processor.py:637} INFO - DAG(s) dict_keys(['example_branch_datetime_operator_2']) retrieved from /home/airflow/.local/lib/python3.7/site-packages/airflow/example_dags/example_branch_datetime_operator.py
[2021-11-28 10:05:46,735] {logging_mixin.py:109} INFO - [2021-11-28 10:05:46,735] {dag.py:2396} INFO - Sync 1 DAGs
[2021-11-28 10:05:46,749] {logging_mixin.py:109} INFO - [2021-11-28 10:05:46,749] {dag.py:2928} INFO - Setting next_dagrun for example_branch_datetime_operator_2 to 2021-11-27 00:00:00+00:00
[2021-11-28 10:05:46,757] {processor.py:171} INFO - Processing /home/airflow/.local/lib/python3.7/site-packages/airflow/example_dags/example_branch_datetime_operator.py took 0.062 seconds
[2021-11-28 10:06:16,963] {processor.py:163} INFO - Started process (PID=881) to work on /home/airflow/.local/lib/python3.7/site-packages/airflow/example_dags/example_branch_datetime_operator.py
[2021-11-28 10:06:16,965] {processor.py:625} INFO - Processing file /home/airflow/.local/lib/python3.7/site-packages/airflow/example_dags/example_branch_datetime_operator.py for tasks to queue
[2021-11-28 10:06:16,966] {logging_mixin.py:109} INFO - [2021-11-28 10:06:16,966] {dagbag.py:500} INFO - Filling up the DagBag from /home/airflow/.local/lib/python3.7/site-packages/airflow/example_dags/example_branch_datetime_operator.py
[2021-11-28 10:06:16,996] {processor.py:637} INFO - DAG(s) dict_keys(['example_branch_datetime_operator_2']) retrieved from /home/airflow/.local/lib/python3.7/site-packages/airflow/example_dags/example_branch_datetime_operator.py
[2021-11-28 10:06:17,002] {logging_mixin.py:109} INFO - [2021-11-28 10:06:17,002] {dag.py:2396} INFO - Sync 1 DAGs
[2021-11-28 10:06:17,015] {logging_mixin.py:109} INFO - [2021-11-28 10:06:17,015] {dag.py:2928} INFO - Setting next_dagrun for example_branch_datetime_operator_2 to 2021-11-27 00:00:00+00:00
[2021-11-28 10:06:17,087] {processor.py:171} INFO - Processing /home/airflow/.local/lib/python3.7/site-packages/airflow/example_dags/example_branch_datetime_operator.py took 0.127 seconds
[2021-11-28 10:06:47,461] {processor.py:163} INFO - Started process (PID=941) to work on /home/airflow/.local/lib/python3.7/site-packages/airflow/example_dags/example_branch_datetime_operator.py
[2021-11-28 10:06:47,462] {processor.py:625} INFO - Processing file /home/airflow/.local/lib/python3.7/site-packages/airflow/example_dags/example_branch_datetime_operator.py for tasks to queue
[2021-11-28 10:06:47,463] {logging_mixin.py:109} INFO - [2021-11-28 10:06:47,463] {dagbag.py:500} INFO - Filling up the DagBag from /home/airflow/.local/lib/python3.7/site-packages/airflow/example_dags/example_branch_datetime_operator.py
[2021-11-28 10:06:47,490] {processor.py:637} INFO - DAG(s) dict_keys(['example_branch_datetime_operator_2']) retrieved from /home/airflow/.local/lib/python3.7/site-packages/airflow/example_dags/example_branch_datetime_operator.py
[2021-11-28 10:06:47,498] {logging_mixin.py:109} INFO - [2021-11-28 10:06:47,498] {dag.py:2396} INFO - Sync 1 DAGs
[2021-11-28 10:06:47,578] {logging_mixin.py:109} INFO - [2021-11-28 10:06:47,578] {dag.py:2928} INFO - Setting next_dagrun for example_branch_datetime_operator_2 to 2021-11-27 00:00:00+00:00
[2021-11-28 10:06:47,588] {processor.py:171} INFO - Processing /home/airflow/.local/lib/python3.7/site-packages/airflow/example_dags/example_branch_datetime_operator.py took 0.130 seconds
[2021-11-28 10:07:18,262] {processor.py:163} INFO - Started process (PID=992) to work on /home/airflow/.local/lib/python3.7/site-packages/airflow/example_dags/example_branch_datetime_operator.py
[2021-11-28 10:07:18,263] {processor.py:625} INFO - Processing file /home/airflow/.local/lib/python3.7/site-packages/airflow/example_dags/example_branch_datetime_operator.py for tasks to queue
[2021-11-28 10:07:18,264] {logging_mixin.py:109} INFO - [2021-11-28 10:07:18,264] {dagbag.py:500} INFO - Filling up the DagBag from /home/airflow/.local/lib/python3.7/site-packages/airflow/example_dags/example_branch_datetime_operator.py
[2021-11-28 10:07:18,292] {processor.py:637} INFO - DAG(s) dict_keys(['example_branch_datetime_operator_2']) retrieved from /home/airflow/.local/lib/python3.7/site-packages/airflow/example_dags/example_branch_datetime_operator.py
[2021-11-28 10:07:18,303] {logging_mixin.py:109} INFO - [2021-11-28 10:07:18,303] {dag.py:2396} INFO - Sync 1 DAGs
[2021-11-28 10:07:18,384] {logging_mixin.py:109} INFO - [2021-11-28 10:07:18,384] {dag.py:2928} INFO - Setting next_dagrun for example_branch_datetime_operator_2 to 2021-11-27 00:00:00+00:00
[2021-11-28 10:07:18,392] {processor.py:171} INFO - Processing /home/airflow/.local/lib/python3.7/site-packages/airflow/example_dags/example_branch_datetime_operator.py took 0.134 seconds
[2021-11-28 10:07:48,949] {processor.py:163} INFO - Started process (PID=1052) to work on /home/airflow/.local/lib/python3.7/site-packages/airflow/example_dags/example_branch_datetime_operator.py
[2021-11-28 10:07:48,950] {processor.py:625} INFO - Processing file /home/airflow/.local/lib/python3.7/site-packages/airflow/example_dags/example_branch_datetime_operator.py for tasks to queue
[2021-11-28 10:07:48,950] {logging_mixin.py:109} INFO - [2021-11-28 10:07:48,950] {dagbag.py:500} INFO - Filling up the DagBag from /home/airflow/.local/lib/python3.7/site-packages/airflow/example_dags/example_branch_datetime_operator.py
[2021-11-28 10:07:48,972] {processor.py:637} INFO - DAG(s) dict_keys(['example_branch_datetime_operator_2']) retrieved from /home/airflow/.local/lib/python3.7/site-packages/airflow/example_dags/example_branch_datetime_operator.py
[2021-11-28 10:07:48,979] {logging_mixin.py:109} INFO - [2021-11-28 10:07:48,979] {dag.py:2396} INFO - Sync 1 DAGs
[2021-11-28 10:07:49,067] {logging_mixin.py:109} INFO - [2021-11-28 10:07:49,067] {dag.py:2928} INFO - Setting next_dagrun for example_branch_datetime_operator_2 to 2021-11-27 00:00:00+00:00
[2021-11-28 10:07:49,076] {processor.py:171} INFO - Processing /home/airflow/.local/lib/python3.7/site-packages/airflow/example_dags/example_branch_datetime_operator.py took 0.128 seconds
[2021-11-28 10:08:19,785] {processor.py:163} INFO - Started process (PID=1112) to work on /home/airflow/.local/lib/python3.7/site-packages/airflow/example_dags/example_branch_datetime_operator.py
[2021-11-28 10:08:19,786] {processor.py:625} INFO - Processing file /home/airflow/.local/lib/python3.7/site-packages/airflow/example_dags/example_branch_datetime_operator.py for tasks to queue
[2021-11-28 10:08:19,787] {logging_mixin.py:109} INFO - [2021-11-28 10:08:19,787] {dagbag.py:500} INFO - Filling up the DagBag from /home/airflow/.local/lib/python3.7/site-packages/airflow/example_dags/example_branch_datetime_operator.py
[2021-11-28 10:08:19,807] {processor.py:637} INFO - DAG(s) dict_keys(['example_branch_datetime_operator_2']) retrieved from /home/airflow/.local/lib/python3.7/site-packages/airflow/example_dags/example_branch_datetime_operator.py
[2021-11-28 10:08:19,818] {logging_mixin.py:109} INFO - [2021-11-28 10:08:19,818] {dag.py:2396} INFO - Sync 1 DAGs
[2021-11-28 10:08:19,904] {logging_mixin.py:109} INFO - [2021-11-28 10:08:19,904] {dag.py:2928} INFO - Setting next_dagrun for example_branch_datetime_operator_2 to 2021-11-27 00:00:00+00:00
[2021-11-28 10:08:19,912] {processor.py:171} INFO - Processing /home/airflow/.local/lib/python3.7/site-packages/airflow/example_dags/example_branch_datetime_operator.py took 0.128 seconds
[2021-11-28 10:08:50,680] {processor.py:163} INFO - Started process (PID=1163) to work on /home/airflow/.local/lib/python3.7/site-packages/airflow/example_dags/example_branch_datetime_operator.py
[2021-11-28 10:08:50,682] {processor.py:625} INFO - Processing file /home/airflow/.local/lib/python3.7/site-packages/airflow/example_dags/example_branch_datetime_operator.py for tasks to queue
[2021-11-28 10:08:50,682] {logging_mixin.py:109} INFO - [2021-11-28 10:08:50,682] {dagbag.py:500} INFO - Filling up the DagBag from /home/airflow/.local/lib/python3.7/site-packages/airflow/example_dags/example_branch_datetime_operator.py
[2021-11-28 10:08:50,781] {processor.py:637} INFO - DAG(s) dict_keys(['example_branch_datetime_operator_2']) retrieved from /home/airflow/.local/lib/python3.7/site-packages/airflow/example_dags/example_branch_datetime_operator.py
[2021-11-28 10:08:50,788] {logging_mixin.py:109} INFO - [2021-11-28 10:08:50,788] {dag.py:2396} INFO - Sync 1 DAGs
[2021-11-28 10:08:50,803] {logging_mixin.py:109} INFO - [2021-11-28 10:08:50,803] {dag.py:2928} INFO - Setting next_dagrun for example_branch_datetime_operator_2 to 2021-11-27 00:00:00+00:00
[2021-11-28 10:08:50,813] {processor.py:171} INFO - Processing /home/airflow/.local/lib/python3.7/site-packages/airflow/example_dags/example_branch_datetime_operator.py took 0.135 seconds
[2021-11-28 10:09:21,358] {processor.py:163} INFO - Started process (PID=1223) to work on /home/airflow/.local/lib/python3.7/site-packages/airflow/example_dags/example_branch_datetime_operator.py
[2021-11-28 10:09:21,360] {processor.py:625} INFO - Processing file /home/airflow/.local/lib/python3.7/site-packages/airflow/example_dags/example_branch_datetime_operator.py for tasks to queue
[2021-11-28 10:09:21,360] {logging_mixin.py:109} INFO - [2021-11-28 10:09:21,360] {dagbag.py:500} INFO - Filling up the DagBag from /home/airflow/.local/lib/python3.7/site-packages/airflow/example_dags/example_branch_datetime_operator.py
[2021-11-28 10:09:21,453] {processor.py:637} INFO - DAG(s) dict_keys(['example_branch_datetime_operator_2']) retrieved from /home/airflow/.local/lib/python3.7/site-packages/airflow/example_dags/example_branch_datetime_operator.py
[2021-11-28 10:09:21,461] {logging_mixin.py:109} INFO - [2021-11-28 10:09:21,461] {dag.py:2396} INFO - Sync 1 DAGs
[2021-11-28 10:09:21,476] {logging_mixin.py:109} INFO - [2021-11-28 10:09:21,476] {dag.py:2928} INFO - Setting next_dagrun for example_branch_datetime_operator_2 to 2021-11-27 00:00:00+00:00
[2021-11-28 10:09:21,485] {processor.py:171} INFO - Processing /home/airflow/.local/lib/python3.7/site-packages/airflow/example_dags/example_branch_datetime_operator.py took 0.130 seconds
[2021-11-28 10:09:52,132] {processor.py:163} INFO - Started process (PID=1274) to work on /home/airflow/.local/lib/python3.7/site-packages/airflow/example_dags/example_branch_datetime_operator.py
[2021-11-28 10:09:52,132] {processor.py:625} INFO - Processing file /home/airflow/.local/lib/python3.7/site-packages/airflow/example_dags/example_branch_datetime_operator.py for tasks to queue
[2021-11-28 10:09:52,133] {logging_mixin.py:109} INFO - [2021-11-28 10:09:52,133] {dagbag.py:500} INFO - Filling up the DagBag from /home/airflow/.local/lib/python3.7/site-packages/airflow/example_dags/example_branch_datetime_operator.py
[2021-11-28 10:09:52,230] {processor.py:637} INFO - DAG(s) dict_keys(['example_branch_datetime_operator_2']) retrieved from /home/airflow/.local/lib/python3.7/site-packages/airflow/example_dags/example_branch_datetime_operator.py
[2021-11-28 10:09:52,235] {logging_mixin.py:109} INFO - [2021-11-28 10:09:52,235] {dag.py:2396} INFO - Sync 1 DAGs
[2021-11-28 10:09:52,248] {logging_mixin.py:109} INFO - [2021-11-28 10:09:52,248] {dag.py:2928} INFO - Setting next_dagrun for example_branch_datetime_operator_2 to 2021-11-27 00:00:00+00:00
[2021-11-28 10:09:52,257] {processor.py:171} INFO - Processing /home/airflow/.local/lib/python3.7/site-packages/airflow/example_dags/example_branch_datetime_operator.py took 0.127 seconds
[2021-11-28 10:10:22,803] {processor.py:163} INFO - Started process (PID=1334) to work on /home/airflow/.local/lib/python3.7/site-packages/airflow/example_dags/example_branch_datetime_operator.py
[2021-11-28 10:10:22,805] {processor.py:625} INFO - Processing file /home/airflow/.local/lib/python3.7/site-packages/airflow/example_dags/example_branch_datetime_operator.py for tasks to queue
[2021-11-28 10:10:22,805] {logging_mixin.py:109} INFO - [2021-11-28 10:10:22,805] {dagbag.py:500} INFO - Filling up the DagBag from /home/airflow/.local/lib/python3.7/site-packages/airflow/example_dags/example_branch_datetime_operator.py
[2021-11-28 10:10:22,891] {processor.py:637} INFO - DAG(s) dict_keys(['example_branch_datetime_operator_2']) retrieved from /home/airflow/.local/lib/python3.7/site-packages/airflow/example_dags/example_branch_datetime_operator.py
[2021-11-28 10:10:22,896] {logging_mixin.py:109} INFO - [2021-11-28 10:10:22,896] {dag.py:2396} INFO - Sync 1 DAGs
[2021-11-28 10:10:22,907] {logging_mixin.py:109} INFO - [2021-11-28 10:10:22,907] {dag.py:2928} INFO - Setting next_dagrun for example_branch_datetime_operator_2 to 2021-11-27 00:00:00+00:00
[2021-11-28 10:10:22,915] {processor.py:171} INFO - Processing /home/airflow/.local/lib/python3.7/site-packages/airflow/example_dags/example_branch_datetime_operator.py took 0.115 seconds
[2021-11-28 10:10:53,452] {processor.py:163} INFO - Started process (PID=1392) to work on /home/airflow/.local/lib/python3.7/site-packages/airflow/example_dags/example_branch_datetime_operator.py
[2021-11-28 10:10:53,453] {processor.py:625} INFO - Processing file /home/airflow/.local/lib/python3.7/site-packages/airflow/example_dags/example_branch_datetime_operator.py for tasks to queue
[2021-11-28 10:10:53,453] {logging_mixin.py:109} INFO - [2021-11-28 10:10:53,453] {dagbag.py:500} INFO - Filling up the DagBag from /home/airflow/.local/lib/python3.7/site-packages/airflow/example_dags/example_branch_datetime_operator.py
[2021-11-28 10:10:53,478] {processor.py:637} INFO - DAG(s) dict_keys(['example_branch_datetime_operator_2']) retrieved from /home/airflow/.local/lib/python3.7/site-packages/airflow/example_dags/example_branch_datetime_operator.py
[2021-11-28 10:10:53,487] {logging_mixin.py:109} INFO - [2021-11-28 10:10:53,487] {dag.py:2396} INFO - Sync 1 DAGs
[2021-11-28 10:10:53,506] {logging_mixin.py:109} INFO - [2021-11-28 10:10:53,506] {dag.py:2928} INFO - Setting next_dagrun for example_branch_datetime_operator_2 to 2021-11-27 00:00:00+00:00
[2021-11-28 10:10:53,518] {processor.py:171} INFO - Processing /home/airflow/.local/lib/python3.7/site-packages/airflow/example_dags/example_branch_datetime_operator.py took 0.068 seconds
[2021-11-28 10:11:24,347] {processor.py:163} INFO - Started process (PID=1445) to work on /home/airflow/.local/lib/python3.7/site-packages/airflow/example_dags/example_branch_datetime_operator.py
[2021-11-28 10:11:24,350] {processor.py:625} INFO - Processing file /home/airflow/.local/lib/python3.7/site-packages/airflow/example_dags/example_branch_datetime_operator.py for tasks to queue
[2021-11-28 10:11:24,351] {logging_mixin.py:109} INFO - [2021-11-28 10:11:24,351] {dagbag.py:500} INFO - Filling up the DagBag from /home/airflow/.local/lib/python3.7/site-packages/airflow/example_dags/example_branch_datetime_operator.py
[2021-11-28 10:11:24,376] {processor.py:637} INFO - DAG(s) dict_keys(['example_branch_datetime_operator_2']) retrieved from /home/airflow/.local/lib/python3.7/site-packages/airflow/example_dags/example_branch_datetime_operator.py
[2021-11-28 10:11:24,386] {logging_mixin.py:109} INFO - [2021-11-28 10:11:24,385] {dag.py:2396} INFO - Sync 1 DAGs
[2021-11-28 10:11:24,405] {logging_mixin.py:109} INFO - [2021-11-28 10:11:24,405] {dag.py:2928} INFO - Setting next_dagrun for example_branch_datetime_operator_2 to 2021-11-27 00:00:00+00:00
[2021-11-28 10:11:24,416] {processor.py:171} INFO - Processing /home/airflow/.local/lib/python3.7/site-packages/airflow/example_dags/example_branch_datetime_operator.py took 0.072 seconds
[2021-11-28 10:11:55,082] {processor.py:163} INFO - Started process (PID=1505) to work on /home/airflow/.local/lib/python3.7/site-packages/airflow/example_dags/example_branch_datetime_operator.py
[2021-11-28 10:11:55,083] {processor.py:625} INFO - Processing file /home/airflow/.local/lib/python3.7/site-packages/airflow/example_dags/example_branch_datetime_operator.py for tasks to queue
[2021-11-28 10:11:55,083] {logging_mixin.py:109} INFO - [2021-11-28 10:11:55,083] {dagbag.py:500} INFO - Filling up the DagBag from /home/airflow/.local/lib/python3.7/site-packages/airflow/example_dags/example_branch_datetime_operator.py
[2021-11-28 10:11:55,103] {processor.py:637} INFO - DAG(s) dict_keys(['example_branch_datetime_operator_2']) retrieved from /home/airflow/.local/lib/python3.7/site-packages/airflow/example_dags/example_branch_datetime_operator.py
[2021-11-28 10:11:55,110] {logging_mixin.py:109} INFO - [2021-11-28 10:11:55,110] {dag.py:2396} INFO - Sync 1 DAGs
[2021-11-28 10:11:55,124] {logging_mixin.py:109} INFO - [2021-11-28 10:11:55,124] {dag.py:2928} INFO - Setting next_dagrun for example_branch_datetime_operator_2 to 2021-11-27 00:00:00+00:00
[2021-11-28 10:11:55,133] {processor.py:171} INFO - Processing /home/airflow/.local/lib/python3.7/site-packages/airflow/example_dags/example_branch_datetime_operator.py took 0.052 seconds
[2021-11-28 10:12:25,750] {processor.py:163} INFO - Started process (PID=1556) to work on /home/airflow/.local/lib/python3.7/site-packages/airflow/example_dags/example_branch_datetime_operator.py
[2021-11-28 10:12:25,752] {processor.py:625} INFO - Processing file /home/airflow/.local/lib/python3.7/site-packages/airflow/example_dags/example_branch_datetime_operator.py for tasks to queue
[2021-11-28 10:12:25,752] {logging_mixin.py:109} INFO - [2021-11-28 10:12:25,752] {dagbag.py:500} INFO - Filling up the DagBag from /home/airflow/.local/lib/python3.7/site-packages/airflow/example_dags/example_branch_datetime_operator.py
[2021-11-28 10:12:25,777] {processor.py:637} INFO - DAG(s) dict_keys(['example_branch_datetime_operator_2']) retrieved from /home/airflow/.local/lib/python3.7/site-packages/airflow/example_dags/example_branch_datetime_operator.py
[2021-11-28 10:12:25,783] {logging_mixin.py:109} INFO - [2021-11-28 10:12:25,783] {dag.py:2396} INFO - Sync 1 DAGs
[2021-11-28 10:12:25,797] {logging_mixin.py:109} INFO - [2021-11-28 10:12:25,797] {dag.py:2928} INFO - Setting next_dagrun for example_branch_datetime_operator_2 to 2021-11-27 00:00:00+00:00
[2021-11-28 10:12:25,806] {processor.py:171} INFO - Processing /home/airflow/.local/lib/python3.7/site-packages/airflow/example_dags/example_branch_datetime_operator.py took 0.058 seconds
[2021-11-28 10:12:56,507] {processor.py:163} INFO - Started process (PID=1616) to work on /home/airflow/.local/lib/python3.7/site-packages/airflow/example_dags/example_branch_datetime_operator.py
[2021-11-28 10:12:56,508] {processor.py:625} INFO - Processing file /home/airflow/.local/lib/python3.7/site-packages/airflow/example_dags/example_branch_datetime_operator.py for tasks to queue
[2021-11-28 10:12:56,508] {logging_mixin.py:109} INFO - [2021-11-28 10:12:56,508] {dagbag.py:500} INFO - Filling up the DagBag from /home/airflow/.local/lib/python3.7/site-packages/airflow/example_dags/example_branch_datetime_operator.py
[2021-11-28 10:12:56,526] {processor.py:637} INFO - DAG(s) dict_keys(['example_branch_datetime_operator_2']) retrieved from /home/airflow/.local/lib/python3.7/site-packages/airflow/example_dags/example_branch_datetime_operator.py
[2021-11-28 10:12:56,532] {logging_mixin.py:109} INFO - [2021-11-28 10:12:56,532] {dag.py:2396} INFO - Sync 1 DAGs
[2021-11-28 10:12:56,545] {logging_mixin.py:109} INFO - [2021-11-28 10:12:56,544] {dag.py:2928} INFO - Setting next_dagrun for example_branch_datetime_operator_2 to 2021-11-27 00:00:00+00:00
[2021-11-28 10:12:56,553] {processor.py:171} INFO - Processing /home/airflow/.local/lib/python3.7/site-packages/airflow/example_dags/example_branch_datetime_operator.py took 0.048 seconds
[2021-11-28 10:13:27,284] {processor.py:163} INFO - Started process (PID=1667) to work on /home/airflow/.local/lib/python3.7/site-packages/airflow/example_dags/example_branch_datetime_operator.py
[2021-11-28 10:13:27,286] {processor.py:625} INFO - Processing file /home/airflow/.local/lib/python3.7/site-packages/airflow/example_dags/example_branch_datetime_operator.py for tasks to queue
[2021-11-28 10:13:27,286] {logging_mixin.py:109} INFO - [2021-11-28 10:13:27,286] {dagbag.py:500} INFO - Filling up the DagBag from /home/airflow/.local/lib/python3.7/site-packages/airflow/example_dags/example_branch_datetime_operator.py
[2021-11-28 10:13:27,311] {processor.py:637} INFO - DAG(s) dict_keys(['example_branch_datetime_operator_2']) retrieved from /home/airflow/.local/lib/python3.7/site-packages/airflow/example_dags/example_branch_datetime_operator.py
[2021-11-28 10:13:27,321] {logging_mixin.py:109} INFO - [2021-11-28 10:13:27,320] {dag.py:2396} INFO - Sync 1 DAGs
[2021-11-28 10:13:27,340] {logging_mixin.py:109} INFO - [2021-11-28 10:13:27,340] {dag.py:2928} INFO - Setting next_dagrun for example_branch_datetime_operator_2 to 2021-11-27 00:00:00+00:00
[2021-11-28 10:13:27,351] {processor.py:171} INFO - Processing /home/airflow/.local/lib/python3.7/site-packages/airflow/example_dags/example_branch_datetime_operator.py took 0.069 seconds
[2021-11-28 10:13:58,162] {processor.py:163} INFO - Started process (PID=1727) to work on /home/airflow/.local/lib/python3.7/site-packages/airflow/example_dags/example_branch_datetime_operator.py
[2021-11-28 10:13:58,163] {processor.py:625} INFO - Processing file /home/airflow/.local/lib/python3.7/site-packages/airflow/example_dags/example_branch_datetime_operator.py for tasks to queue
[2021-11-28 10:13:58,164] {logging_mixin.py:109} INFO - [2021-11-28 10:13:58,164] {dagbag.py:500} INFO - Filling up the DagBag from /home/airflow/.local/lib/python3.7/site-packages/airflow/example_dags/example_branch_datetime_operator.py
[2021-11-28 10:13:58,183] {processor.py:637} INFO - DAG(s) dict_keys(['example_branch_datetime_operator_2']) retrieved from /home/airflow/.local/lib/python3.7/site-packages/airflow/example_dags/example_branch_datetime_operator.py
[2021-11-28 10:13:58,189] {logging_mixin.py:109} INFO - [2021-11-28 10:13:58,189] {dag.py:2396} INFO - Sync 1 DAGs
[2021-11-28 10:13:58,202] {logging_mixin.py:109} INFO - [2021-11-28 10:13:58,202] {dag.py:2928} INFO - Setting next_dagrun for example_branch_datetime_operator_2 to 2021-11-27 00:00:00+00:00
[2021-11-28 10:13:58,211] {processor.py:171} INFO - Processing /home/airflow/.local/lib/python3.7/site-packages/airflow/example_dags/example_branch_datetime_operator.py took 0.051 seconds
[2021-11-28 10:14:28,937] {processor.py:163} INFO - Started process (PID=1788) to work on /home/airflow/.local/lib/python3.7/site-packages/airflow/example_dags/example_branch_datetime_operator.py
[2021-11-28 10:14:28,938] {processor.py:625} INFO - Processing file /home/airflow/.local/lib/python3.7/site-packages/airflow/example_dags/example_branch_datetime_operator.py for tasks to queue
[2021-11-28 10:14:28,939] {logging_mixin.py:109} INFO - [2021-11-28 10:14:28,938] {dagbag.py:500} INFO - Filling up the DagBag from /home/airflow/.local/lib/python3.7/site-packages/airflow/example_dags/example_branch_datetime_operator.py
[2021-11-28 10:14:28,966] {processor.py:637} INFO - DAG(s) dict_keys(['example_branch_datetime_operator_2']) retrieved from /home/airflow/.local/lib/python3.7/site-packages/airflow/example_dags/example_branch_datetime_operator.py
[2021-11-28 10:14:28,976] {logging_mixin.py:109} INFO - [2021-11-28 10:14:28,976] {dag.py:2396} INFO - Sync 1 DAGs
[2021-11-28 10:14:28,996] {logging_mixin.py:109} INFO - [2021-11-28 10:14:28,996] {dag.py:2928} INFO - Setting next_dagrun for example_branch_datetime_operator_2 to 2021-11-27 00:00:00+00:00
[2021-11-28 10:14:29,008] {processor.py:171} INFO - Processing /home/airflow/.local/lib/python3.7/site-packages/airflow/example_dags/example_branch_datetime_operator.py took 0.075 seconds
[2021-11-28 10:14:59,699] {processor.py:163} INFO - Started process (PID=1839) to work on /home/airflow/.local/lib/python3.7/site-packages/airflow/example_dags/example_branch_datetime_operator.py
[2021-11-28 10:14:59,700] {processor.py:625} INFO - Processing file /home/airflow/.local/lib/python3.7/site-packages/airflow/example_dags/example_branch_datetime_operator.py for tasks to queue
[2021-11-28 10:14:59,700] {logging_mixin.py:109} INFO - [2021-11-28 10:14:59,700] {dagbag.py:500} INFO - Filling up the DagBag from /home/airflow/.local/lib/python3.7/site-packages/airflow/example_dags/example_branch_datetime_operator.py
[2021-11-28 10:14:59,728] {processor.py:637} INFO - DAG(s) dict_keys(['example_branch_datetime_operator_2']) retrieved from /home/airflow/.local/lib/python3.7/site-packages/airflow/example_dags/example_branch_datetime_operator.py
[2021-11-28 10:14:59,735] {logging_mixin.py:109} INFO - [2021-11-28 10:14:59,735] {dag.py:2396} INFO - Sync 1 DAGs
[2021-11-28 10:14:59,752] {logging_mixin.py:109} INFO - [2021-11-28 10:14:59,752] {dag.py:2928} INFO - Setting next_dagrun for example_branch_datetime_operator_2 to 2021-11-27 00:00:00+00:00
[2021-11-28 10:14:59,763] {processor.py:171} INFO - Processing /home/airflow/.local/lib/python3.7/site-packages/airflow/example_dags/example_branch_datetime_operator.py took 0.067 seconds
[2021-11-28 10:15:30,422] {processor.py:163} INFO - Started process (PID=1899) to work on /home/airflow/.local/lib/python3.7/site-packages/airflow/example_dags/example_branch_datetime_operator.py
[2021-11-28 10:15:30,423] {processor.py:625} INFO - Processing file /home/airflow/.local/lib/python3.7/site-packages/airflow/example_dags/example_branch_datetime_operator.py for tasks to queue
[2021-11-28 10:15:30,423] {logging_mixin.py:109} INFO - [2021-11-28 10:15:30,423] {dagbag.py:500} INFO - Filling up the DagBag from /home/airflow/.local/lib/python3.7/site-packages/airflow/example_dags/example_branch_datetime_operator.py
[2021-11-28 10:15:30,448] {processor.py:637} INFO - DAG(s) dict_keys(['example_branch_datetime_operator_2']) retrieved from /home/airflow/.local/lib/python3.7/site-packages/airflow/example_dags/example_branch_datetime_operator.py
[2021-11-28 10:15:30,456] {logging_mixin.py:109} INFO - [2021-11-28 10:15:30,456] {dag.py:2396} INFO - Sync 1 DAGs
[2021-11-28 10:15:30,469] {logging_mixin.py:109} INFO - [2021-11-28 10:15:30,469] {dag.py:2928} INFO - Setting next_dagrun for example_branch_datetime_operator_2 to 2021-11-27 00:00:00+00:00
[2021-11-28 10:15:30,477] {processor.py:171} INFO - Processing /home/airflow/.local/lib/python3.7/site-packages/airflow/example_dags/example_branch_datetime_operator.py took 0.058 seconds
[2021-11-28 10:16:01,126] {processor.py:163} INFO - Started process (PID=1950) to work on /home/airflow/.local/lib/python3.7/site-packages/airflow/example_dags/example_branch_datetime_operator.py
[2021-11-28 10:16:01,128] {processor.py:625} INFO - Processing file /home/airflow/.local/lib/python3.7/site-packages/airflow/example_dags/example_branch_datetime_operator.py for tasks to queue
[2021-11-28 10:16:01,128] {logging_mixin.py:109} INFO - [2021-11-28 10:16:01,128] {dagbag.py:500} INFO - Filling up the DagBag from /home/airflow/.local/lib/python3.7/site-packages/airflow/example_dags/example_branch_datetime_operator.py
[2021-11-28 10:16:01,148] {processor.py:637} INFO - DAG(s) dict_keys(['example_branch_datetime_operator_2']) retrieved from /home/airflow/.local/lib/python3.7/site-packages/airflow/example_dags/example_branch_datetime_operator.py
[2021-11-28 10:16:01,155] {logging_mixin.py:109} INFO - [2021-11-28 10:16:01,155] {dag.py:2396} INFO - Sync 1 DAGs
[2021-11-28 10:16:01,169] {logging_mixin.py:109} INFO - [2021-11-28 10:16:01,169] {dag.py:2928} INFO - Setting next_dagrun for example_branch_datetime_operator_2 to 2021-11-27 00:00:00+00:00
[2021-11-28 10:16:01,177] {processor.py:171} INFO - Processing /home/airflow/.local/lib/python3.7/site-packages/airflow/example_dags/example_branch_datetime_operator.py took 0.052 seconds
[2021-11-28 10:16:31,871] {processor.py:163} INFO - Started process (PID=2011) to work on /home/airflow/.local/lib/python3.7/site-packages/airflow/example_dags/example_branch_datetime_operator.py
[2021-11-28 10:16:31,872] {processor.py:625} INFO - Processing file /home/airflow/.local/lib/python3.7/site-packages/airflow/example_dags/example_branch_datetime_operator.py for tasks to queue
[2021-11-28 10:16:31,872] {logging_mixin.py:109} INFO - [2021-11-28 10:16:31,872] {dagbag.py:500} INFO - Filling up the DagBag from /home/airflow/.local/lib/python3.7/site-packages/airflow/example_dags/example_branch_datetime_operator.py
[2021-11-28 10:16:31,899] {processor.py:637} INFO - DAG(s) dict_keys(['example_branch_datetime_operator_2']) retrieved from /home/airflow/.local/lib/python3.7/site-packages/airflow/example_dags/example_branch_datetime_operator.py
[2021-11-28 10:16:31,907] {logging_mixin.py:109} INFO - [2021-11-28 10:16:31,907] {dag.py:2396} INFO - Sync 1 DAGs
[2021-11-28 10:16:31,920] {logging_mixin.py:109} INFO - [2021-11-28 10:16:31,920] {dag.py:2928} INFO - Setting next_dagrun for example_branch_datetime_operator_2 to 2021-11-27 00:00:00+00:00
[2021-11-28 10:16:31,929] {processor.py:171} INFO - Processing /home/airflow/.local/lib/python3.7/site-packages/airflow/example_dags/example_branch_datetime_operator.py took 0.061 seconds
[2021-11-28 10:17:02,575] {processor.py:163} INFO - Started process (PID=2071) to work on /home/airflow/.local/lib/python3.7/site-packages/airflow/example_dags/example_branch_datetime_operator.py
[2021-11-28 10:17:02,577] {processor.py:625} INFO - Processing file /home/airflow/.local/lib/python3.7/site-packages/airflow/example_dags/example_branch_datetime_operator.py for tasks to queue
[2021-11-28 10:17:02,577] {logging_mixin.py:109} INFO - [2021-11-28 10:17:02,577] {dagbag.py:500} INFO - Filling up the DagBag from /home/airflow/.local/lib/python3.7/site-packages/airflow/example_dags/example_branch_datetime_operator.py
[2021-11-28 10:17:02,597] {processor.py:637} INFO - DAG(s) dict_keys(['example_branch_datetime_operator_2']) retrieved from /home/airflow/.local/lib/python3.7/site-packages/airflow/example_dags/example_branch_datetime_operator.py
[2021-11-28 10:17:02,605] {logging_mixin.py:109} INFO - [2021-11-28 10:17:02,605] {dag.py:2396} INFO - Sync 1 DAGs
[2021-11-28 10:17:02,621] {logging_mixin.py:109} INFO - [2021-11-28 10:17:02,621] {dag.py:2928} INFO - Setting next_dagrun for example_branch_datetime_operator_2 to 2021-11-27 00:00:00+00:00
[2021-11-28 10:17:02,631] {processor.py:171} INFO - Processing /home/airflow/.local/lib/python3.7/site-packages/airflow/example_dags/example_branch_datetime_operator.py took 0.058 seconds
[2021-11-28 10:17:33,276] {processor.py:163} INFO - Started process (PID=2122) to work on /home/airflow/.local/lib/python3.7/site-packages/airflow/example_dags/example_branch_datetime_operator.py
[2021-11-28 10:17:33,277] {processor.py:625} INFO - Processing file /home/airflow/.local/lib/python3.7/site-packages/airflow/example_dags/example_branch_datetime_operator.py for tasks to queue
[2021-11-28 10:17:33,277] {logging_mixin.py:109} INFO - [2021-11-28 10:17:33,277] {dagbag.py:500} INFO - Filling up the DagBag from /home/airflow/.local/lib/python3.7/site-packages/airflow/example_dags/example_branch_datetime_operator.py
[2021-11-28 10:17:33,294] {processor.py:637} INFO - DAG(s) dict_keys(['example_branch_datetime_operator_2']) retrieved from /home/airflow/.local/lib/python3.7/site-packages/airflow/example_dags/example_branch_datetime_operator.py
[2021-11-28 10:17:33,304] {logging_mixin.py:109} INFO - [2021-11-28 10:17:33,304] {dag.py:2396} INFO - Sync 1 DAGs
[2021-11-28 10:17:33,322] {logging_mixin.py:109} INFO - [2021-11-28 10:17:33,322] {dag.py:2928} INFO - Setting next_dagrun for example_branch_datetime_operator_2 to 2021-11-27 00:00:00+00:00
[2021-11-28 10:17:33,333] {processor.py:171} INFO - Processing /home/airflow/.local/lib/python3.7/site-packages/airflow/example_dags/example_branch_datetime_operator.py took 0.059 seconds
