[2021-11-28 09:45:02,558] {processor.py:163} INFO - Started process (PID=283) to work on /home/airflow/.local/lib/python3.7/site-packages/airflow/example_dags/example_trigger_controller_dag.py
[2021-11-28 09:45:02,558] {processor.py:625} INFO - Processing file /home/airflow/.local/lib/python3.7/site-packages/airflow/example_dags/example_trigger_controller_dag.py for tasks to queue
[2021-11-28 09:45:02,559] {logging_mixin.py:109} INFO - [2021-11-28 09:45:02,559] {dagbag.py:500} INFO - Filling up the DagBag from /home/airflow/.local/lib/python3.7/site-packages/airflow/example_dags/example_trigger_controller_dag.py
[2021-11-28 09:45:02,578] {processor.py:637} INFO - DAG(s) dict_keys(['example_trigger_controller_dag']) retrieved from /home/airflow/.local/lib/python3.7/site-packages/airflow/example_dags/example_trigger_controller_dag.py
[2021-11-28 09:45:03,555] {logging_mixin.py:109} INFO - [2021-11-28 09:45:03,555] {providers_manager.py:156} WARNING - Exception when importing 'airflow.providers.google.leveldb.hooks.leveldb.LevelDBHook' from 'apache-airflow-providers-google' package: No module named 'plyvel'
[2021-11-28 09:45:03,811] {logging_mixin.py:109} INFO - [2021-11-28 09:45:03,811] {providers_manager.py:156} WARNING - Exception when importing 'airflow.providers.google.leveldb.hooks.leveldb.LevelDBHook' from 'apache-airflow-providers-google' package: No module named 'plyvel'
[2021-11-28 09:45:03,830] {logging_mixin.py:109} INFO - [2021-11-28 09:45:03,830] {manager.py:496} INFO - Created Permission View: can read on DAG:example_trigger_controller_dag
[2021-11-28 09:45:03,837] {logging_mixin.py:109} INFO - [2021-11-28 09:45:03,837] {manager.py:496} INFO - Created Permission View: can edit on DAG:example_trigger_controller_dag
[2021-11-28 09:45:03,837] {logging_mixin.py:109} INFO - [2021-11-28 09:45:03,837] {dag.py:2396} INFO - Sync 1 DAGs
[2021-11-28 09:45:03,842] {logging_mixin.py:109} INFO - [2021-11-28 09:45:03,842] {dag.py:2415} INFO - Creating ORM DAG for example_trigger_controller_dag
[2021-11-28 09:45:03,848] {logging_mixin.py:109} INFO - [2021-11-28 09:45:03,848] {dag.py:2928} INFO - Setting next_dagrun for example_trigger_controller_dag to 2021-01-01T00:00:00+00:00
[2021-11-28 09:45:03,859] {processor.py:171} INFO - Processing /home/airflow/.local/lib/python3.7/site-packages/airflow/example_dags/example_trigger_controller_dag.py took 1.304 seconds
[2021-11-28 09:45:34,668] {processor.py:163} INFO - Started process (PID=491) to work on /home/airflow/.local/lib/python3.7/site-packages/airflow/example_dags/example_trigger_controller_dag.py
[2021-11-28 09:45:34,669] {processor.py:625} INFO - Processing file /home/airflow/.local/lib/python3.7/site-packages/airflow/example_dags/example_trigger_controller_dag.py for tasks to queue
[2021-11-28 09:45:34,669] {logging_mixin.py:109} INFO - [2021-11-28 09:45:34,669] {dagbag.py:500} INFO - Filling up the DagBag from /home/airflow/.local/lib/python3.7/site-packages/airflow/example_dags/example_trigger_controller_dag.py
[2021-11-28 09:45:34,693] {processor.py:637} INFO - DAG(s) dict_keys(['example_trigger_controller_dag']) retrieved from /home/airflow/.local/lib/python3.7/site-packages/airflow/example_dags/example_trigger_controller_dag.py
[2021-11-28 09:45:34,703] {logging_mixin.py:109} INFO - [2021-11-28 09:45:34,703] {dag.py:2396} INFO - Sync 1 DAGs
[2021-11-28 09:45:34,723] {logging_mixin.py:109} INFO - [2021-11-28 09:45:34,723] {dag.py:2928} INFO - Setting next_dagrun for example_trigger_controller_dag to 2021-01-01T00:00:00+00:00
[2021-11-28 09:45:34,735] {processor.py:171} INFO - Processing /home/airflow/.local/lib/python3.7/site-packages/airflow/example_dags/example_trigger_controller_dag.py took 0.070 seconds
[2021-11-28 09:46:05,322] {processor.py:163} INFO - Started process (PID=551) to work on /home/airflow/.local/lib/python3.7/site-packages/airflow/example_dags/example_trigger_controller_dag.py
[2021-11-28 09:46:05,323] {processor.py:625} INFO - Processing file /home/airflow/.local/lib/python3.7/site-packages/airflow/example_dags/example_trigger_controller_dag.py for tasks to queue
[2021-11-28 09:46:05,324] {logging_mixin.py:109} INFO - [2021-11-28 09:46:05,324] {dagbag.py:500} INFO - Filling up the DagBag from /home/airflow/.local/lib/python3.7/site-packages/airflow/example_dags/example_trigger_controller_dag.py
[2021-11-28 09:46:05,347] {processor.py:637} INFO - DAG(s) dict_keys(['example_trigger_controller_dag']) retrieved from /home/airflow/.local/lib/python3.7/site-packages/airflow/example_dags/example_trigger_controller_dag.py
[2021-11-28 09:46:05,357] {logging_mixin.py:109} INFO - [2021-11-28 09:46:05,357] {dag.py:2396} INFO - Sync 1 DAGs
[2021-11-28 09:46:05,375] {logging_mixin.py:109} INFO - [2021-11-28 09:46:05,375] {dag.py:2928} INFO - Setting next_dagrun for example_trigger_controller_dag to 2021-01-01T00:00:00+00:00
[2021-11-28 09:46:05,386] {processor.py:171} INFO - Processing /home/airflow/.local/lib/python3.7/site-packages/airflow/example_dags/example_trigger_controller_dag.py took 0.066 seconds
[2021-11-28 09:46:35,534] {processor.py:163} INFO - Started process (PID=610) to work on /home/airflow/.local/lib/python3.7/site-packages/airflow/example_dags/example_trigger_controller_dag.py
[2021-11-28 09:46:35,535] {processor.py:625} INFO - Processing file /home/airflow/.local/lib/python3.7/site-packages/airflow/example_dags/example_trigger_controller_dag.py for tasks to queue
[2021-11-28 09:46:35,536] {logging_mixin.py:109} INFO - [2021-11-28 09:46:35,536] {dagbag.py:500} INFO - Filling up the DagBag from /home/airflow/.local/lib/python3.7/site-packages/airflow/example_dags/example_trigger_controller_dag.py
[2021-11-28 09:46:35,558] {processor.py:637} INFO - DAG(s) dict_keys(['example_trigger_controller_dag']) retrieved from /home/airflow/.local/lib/python3.7/site-packages/airflow/example_dags/example_trigger_controller_dag.py
[2021-11-28 09:46:35,568] {logging_mixin.py:109} INFO - [2021-11-28 09:46:35,568] {dag.py:2396} INFO - Sync 1 DAGs
[2021-11-28 09:46:35,587] {logging_mixin.py:109} INFO - [2021-11-28 09:46:35,587] {dag.py:2928} INFO - Setting next_dagrun for example_trigger_controller_dag to 2021-01-01T00:00:00+00:00
[2021-11-28 09:46:35,599] {processor.py:171} INFO - Processing /home/airflow/.local/lib/python3.7/site-packages/airflow/example_dags/example_trigger_controller_dag.py took 0.067 seconds
[2021-11-28 09:48:49,924] {processor.py:163} INFO - Started process (PID=49) to work on /home/airflow/.local/lib/python3.7/site-packages/airflow/example_dags/example_trigger_controller_dag.py
[2021-11-28 09:48:49,925] {processor.py:625} INFO - Processing file /home/airflow/.local/lib/python3.7/site-packages/airflow/example_dags/example_trigger_controller_dag.py for tasks to queue
[2021-11-28 09:48:49,926] {logging_mixin.py:109} INFO - [2021-11-28 09:48:49,926] {dagbag.py:500} INFO - Filling up the DagBag from /home/airflow/.local/lib/python3.7/site-packages/airflow/example_dags/example_trigger_controller_dag.py
[2021-11-28 09:48:49,943] {processor.py:637} INFO - DAG(s) dict_keys(['example_trigger_controller_dag']) retrieved from /home/airflow/.local/lib/python3.7/site-packages/airflow/example_dags/example_trigger_controller_dag.py
[2021-11-28 09:48:49,950] {logging_mixin.py:109} INFO - [2021-11-28 09:48:49,950] {dag.py:2396} INFO - Sync 1 DAGs
[2021-11-28 09:48:49,967] {logging_mixin.py:109} INFO - [2021-11-28 09:48:49,967] {dag.py:2928} INFO - Setting next_dagrun for example_trigger_controller_dag to 2021-01-01T00:00:00+00:00
[2021-11-28 09:48:49,978] {processor.py:171} INFO - Processing /home/airflow/.local/lib/python3.7/site-packages/airflow/example_dags/example_trigger_controller_dag.py took 0.056 seconds
[2021-11-28 09:49:21,363] {processor.py:163} INFO - Started process (PID=109) to work on /home/airflow/.local/lib/python3.7/site-packages/airflow/example_dags/example_trigger_controller_dag.py
[2021-11-28 09:49:21,364] {processor.py:625} INFO - Processing file /home/airflow/.local/lib/python3.7/site-packages/airflow/example_dags/example_trigger_controller_dag.py for tasks to queue
[2021-11-28 09:49:21,364] {logging_mixin.py:109} INFO - [2021-11-28 09:49:21,364] {dagbag.py:500} INFO - Filling up the DagBag from /home/airflow/.local/lib/python3.7/site-packages/airflow/example_dags/example_trigger_controller_dag.py
[2021-11-28 09:49:21,384] {processor.py:637} INFO - DAG(s) dict_keys(['example_trigger_controller_dag']) retrieved from /home/airflow/.local/lib/python3.7/site-packages/airflow/example_dags/example_trigger_controller_dag.py
[2021-11-28 09:49:21,391] {logging_mixin.py:109} INFO - [2021-11-28 09:49:21,391] {dag.py:2396} INFO - Sync 1 DAGs
[2021-11-28 09:49:21,405] {logging_mixin.py:109} INFO - [2021-11-28 09:49:21,405] {dag.py:2928} INFO - Setting next_dagrun for example_trigger_controller_dag to 2021-01-01T00:00:00+00:00
[2021-11-28 09:49:21,414] {processor.py:171} INFO - Processing /home/airflow/.local/lib/python3.7/site-packages/airflow/example_dags/example_trigger_controller_dag.py took 0.052 seconds
[2021-11-28 09:49:52,167] {processor.py:163} INFO - Started process (PID=160) to work on /home/airflow/.local/lib/python3.7/site-packages/airflow/example_dags/example_trigger_controller_dag.py
[2021-11-28 09:49:52,168] {processor.py:625} INFO - Processing file /home/airflow/.local/lib/python3.7/site-packages/airflow/example_dags/example_trigger_controller_dag.py for tasks to queue
[2021-11-28 09:49:52,168] {logging_mixin.py:109} INFO - [2021-11-28 09:49:52,168] {dagbag.py:500} INFO - Filling up the DagBag from /home/airflow/.local/lib/python3.7/site-packages/airflow/example_dags/example_trigger_controller_dag.py
[2021-11-28 09:49:52,192] {processor.py:637} INFO - DAG(s) dict_keys(['example_trigger_controller_dag']) retrieved from /home/airflow/.local/lib/python3.7/site-packages/airflow/example_dags/example_trigger_controller_dag.py
[2021-11-28 09:49:52,198] {logging_mixin.py:109} INFO - [2021-11-28 09:49:52,198] {dag.py:2396} INFO - Sync 1 DAGs
[2021-11-28 09:49:52,210] {logging_mixin.py:109} INFO - [2021-11-28 09:49:52,210] {dag.py:2928} INFO - Setting next_dagrun for example_trigger_controller_dag to 2021-01-01T00:00:00+00:00
[2021-11-28 09:49:52,218] {processor.py:171} INFO - Processing /home/airflow/.local/lib/python3.7/site-packages/airflow/example_dags/example_trigger_controller_dag.py took 0.054 seconds
[2021-11-28 09:50:23,139] {processor.py:163} INFO - Started process (PID=220) to work on /home/airflow/.local/lib/python3.7/site-packages/airflow/example_dags/example_trigger_controller_dag.py
[2021-11-28 09:50:23,139] {processor.py:625} INFO - Processing file /home/airflow/.local/lib/python3.7/site-packages/airflow/example_dags/example_trigger_controller_dag.py for tasks to queue
[2021-11-28 09:50:23,140] {logging_mixin.py:109} INFO - [2021-11-28 09:50:23,140] {dagbag.py:500} INFO - Filling up the DagBag from /home/airflow/.local/lib/python3.7/site-packages/airflow/example_dags/example_trigger_controller_dag.py
[2021-11-28 09:50:23,154] {processor.py:637} INFO - DAG(s) dict_keys(['example_trigger_controller_dag']) retrieved from /home/airflow/.local/lib/python3.7/site-packages/airflow/example_dags/example_trigger_controller_dag.py
[2021-11-28 09:50:23,161] {logging_mixin.py:109} INFO - [2021-11-28 09:50:23,161] {dag.py:2396} INFO - Sync 1 DAGs
[2021-11-28 09:50:23,172] {logging_mixin.py:109} INFO - [2021-11-28 09:50:23,172] {dag.py:2928} INFO - Setting next_dagrun for example_trigger_controller_dag to 2021-01-01T00:00:00+00:00
[2021-11-28 09:50:23,180] {processor.py:171} INFO - Processing /home/airflow/.local/lib/python3.7/site-packages/airflow/example_dags/example_trigger_controller_dag.py took 0.042 seconds
[2021-11-28 09:50:54,125] {processor.py:163} INFO - Started process (PID=279) to work on /home/airflow/.local/lib/python3.7/site-packages/airflow/example_dags/example_trigger_controller_dag.py
[2021-11-28 09:50:54,126] {processor.py:625} INFO - Processing file /home/airflow/.local/lib/python3.7/site-packages/airflow/example_dags/example_trigger_controller_dag.py for tasks to queue
[2021-11-28 09:50:54,126] {logging_mixin.py:109} INFO - [2021-11-28 09:50:54,126] {dagbag.py:500} INFO - Filling up the DagBag from /home/airflow/.local/lib/python3.7/site-packages/airflow/example_dags/example_trigger_controller_dag.py
[2021-11-28 09:50:54,142] {processor.py:637} INFO - DAG(s) dict_keys(['example_trigger_controller_dag']) retrieved from /home/airflow/.local/lib/python3.7/site-packages/airflow/example_dags/example_trigger_controller_dag.py
[2021-11-28 09:50:54,149] {logging_mixin.py:109} INFO - [2021-11-28 09:50:54,149] {dag.py:2396} INFO - Sync 1 DAGs
[2021-11-28 09:50:54,160] {logging_mixin.py:109} INFO - [2021-11-28 09:50:54,160] {dag.py:2928} INFO - Setting next_dagrun for example_trigger_controller_dag to 2021-01-01T00:00:00+00:00
[2021-11-28 09:50:54,169] {processor.py:171} INFO - Processing /home/airflow/.local/lib/python3.7/site-packages/airflow/example_dags/example_trigger_controller_dag.py took 0.045 seconds
[2021-11-28 09:51:48,517] {processor.py:163} INFO - Started process (PID=48) to work on /home/airflow/.local/lib/python3.7/site-packages/airflow/example_dags/example_trigger_controller_dag.py
[2021-11-28 09:51:48,518] {processor.py:625} INFO - Processing file /home/airflow/.local/lib/python3.7/site-packages/airflow/example_dags/example_trigger_controller_dag.py for tasks to queue
[2021-11-28 09:51:48,519] {logging_mixin.py:109} INFO - [2021-11-28 09:51:48,519] {dagbag.py:500} INFO - Filling up the DagBag from /home/airflow/.local/lib/python3.7/site-packages/airflow/example_dags/example_trigger_controller_dag.py
[2021-11-28 09:51:48,540] {processor.py:637} INFO - DAG(s) dict_keys(['example_trigger_controller_dag']) retrieved from /home/airflow/.local/lib/python3.7/site-packages/airflow/example_dags/example_trigger_controller_dag.py
[2021-11-28 09:51:48,550] {logging_mixin.py:109} INFO - [2021-11-28 09:51:48,550] {dag.py:2396} INFO - Sync 1 DAGs
[2021-11-28 09:51:48,568] {logging_mixin.py:109} INFO - [2021-11-28 09:51:48,568] {dag.py:2928} INFO - Setting next_dagrun for example_trigger_controller_dag to 2021-01-01T00:00:00+00:00
[2021-11-28 09:51:48,581] {processor.py:171} INFO - Processing /home/airflow/.local/lib/python3.7/site-packages/airflow/example_dags/example_trigger_controller_dag.py took 0.067 seconds
[2021-11-28 09:52:19,068] {processor.py:163} INFO - Started process (PID=110) to work on /home/airflow/.local/lib/python3.7/site-packages/airflow/example_dags/example_trigger_controller_dag.py
[2021-11-28 09:52:19,069] {processor.py:625} INFO - Processing file /home/airflow/.local/lib/python3.7/site-packages/airflow/example_dags/example_trigger_controller_dag.py for tasks to queue
[2021-11-28 09:52:19,070] {logging_mixin.py:109} INFO - [2021-11-28 09:52:19,070] {dagbag.py:500} INFO - Filling up the DagBag from /home/airflow/.local/lib/python3.7/site-packages/airflow/example_dags/example_trigger_controller_dag.py
[2021-11-28 09:52:19,093] {processor.py:637} INFO - DAG(s) dict_keys(['example_trigger_controller_dag']) retrieved from /home/airflow/.local/lib/python3.7/site-packages/airflow/example_dags/example_trigger_controller_dag.py
[2021-11-28 09:52:19,103] {logging_mixin.py:109} INFO - [2021-11-28 09:52:19,102] {dag.py:2396} INFO - Sync 1 DAGs
[2021-11-28 09:52:19,120] {logging_mixin.py:109} INFO - [2021-11-28 09:52:19,120] {dag.py:2928} INFO - Setting next_dagrun for example_trigger_controller_dag to 2021-01-01T00:00:00+00:00
[2021-11-28 09:52:19,131] {processor.py:171} INFO - Processing /home/airflow/.local/lib/python3.7/site-packages/airflow/example_dags/example_trigger_controller_dag.py took 0.065 seconds
[2021-11-28 09:52:49,803] {processor.py:163} INFO - Started process (PID=161) to work on /home/airflow/.local/lib/python3.7/site-packages/airflow/example_dags/example_trigger_controller_dag.py
[2021-11-28 09:52:49,805] {processor.py:625} INFO - Processing file /home/airflow/.local/lib/python3.7/site-packages/airflow/example_dags/example_trigger_controller_dag.py for tasks to queue
[2021-11-28 09:52:49,805] {logging_mixin.py:109} INFO - [2021-11-28 09:52:49,805] {dagbag.py:500} INFO - Filling up the DagBag from /home/airflow/.local/lib/python3.7/site-packages/airflow/example_dags/example_trigger_controller_dag.py
[2021-11-28 09:52:49,829] {processor.py:637} INFO - DAG(s) dict_keys(['example_trigger_controller_dag']) retrieved from /home/airflow/.local/lib/python3.7/site-packages/airflow/example_dags/example_trigger_controller_dag.py
[2021-11-28 09:52:49,839] {logging_mixin.py:109} INFO - [2021-11-28 09:52:49,839] {dag.py:2396} INFO - Sync 1 DAGs
[2021-11-28 09:52:49,857] {logging_mixin.py:109} INFO - [2021-11-28 09:52:49,856] {dag.py:2928} INFO - Setting next_dagrun for example_trigger_controller_dag to 2021-01-01T00:00:00+00:00
[2021-11-28 09:52:49,868] {processor.py:171} INFO - Processing /home/airflow/.local/lib/python3.7/site-packages/airflow/example_dags/example_trigger_controller_dag.py took 0.067 seconds
[2021-11-28 09:58:34,153] {processor.py:163} INFO - Started process (PID=48) to work on /home/airflow/.local/lib/python3.7/site-packages/airflow/example_dags/example_trigger_controller_dag.py
[2021-11-28 09:58:34,154] {processor.py:625} INFO - Processing file /home/airflow/.local/lib/python3.7/site-packages/airflow/example_dags/example_trigger_controller_dag.py for tasks to queue
[2021-11-28 09:58:34,155] {logging_mixin.py:109} INFO - [2021-11-28 09:58:34,155] {dagbag.py:500} INFO - Filling up the DagBag from /home/airflow/.local/lib/python3.7/site-packages/airflow/example_dags/example_trigger_controller_dag.py
[2021-11-28 09:58:34,181] {processor.py:637} INFO - DAG(s) dict_keys(['example_trigger_controller_dag']) retrieved from /home/airflow/.local/lib/python3.7/site-packages/airflow/example_dags/example_trigger_controller_dag.py
[2021-11-28 09:58:34,196] {logging_mixin.py:109} INFO - [2021-11-28 09:58:34,196] {dag.py:2396} INFO - Sync 1 DAGs
[2021-11-28 09:58:34,215] {logging_mixin.py:109} INFO - [2021-11-28 09:58:34,215] {dag.py:2928} INFO - Setting next_dagrun for example_trigger_controller_dag to 2021-01-01T00:00:00+00:00
[2021-11-28 09:58:34,227] {processor.py:171} INFO - Processing /home/airflow/.local/lib/python3.7/site-packages/airflow/example_dags/example_trigger_controller_dag.py took 0.076 seconds
[2021-11-28 09:59:05,103] {processor.py:163} INFO - Started process (PID=108) to work on /home/airflow/.local/lib/python3.7/site-packages/airflow/example_dags/example_trigger_controller_dag.py
[2021-11-28 09:59:05,103] {processor.py:625} INFO - Processing file /home/airflow/.local/lib/python3.7/site-packages/airflow/example_dags/example_trigger_controller_dag.py for tasks to queue
[2021-11-28 09:59:05,104] {logging_mixin.py:109} INFO - [2021-11-28 09:59:05,104] {dagbag.py:500} INFO - Filling up the DagBag from /home/airflow/.local/lib/python3.7/site-packages/airflow/example_dags/example_trigger_controller_dag.py
[2021-11-28 09:59:05,118] {processor.py:637} INFO - DAG(s) dict_keys(['example_trigger_controller_dag']) retrieved from /home/airflow/.local/lib/python3.7/site-packages/airflow/example_dags/example_trigger_controller_dag.py
[2021-11-28 09:59:05,124] {logging_mixin.py:109} INFO - [2021-11-28 09:59:05,124] {dag.py:2396} INFO - Sync 1 DAGs
[2021-11-28 09:59:05,135] {logging_mixin.py:109} INFO - [2021-11-28 09:59:05,135] {dag.py:2928} INFO - Setting next_dagrun for example_trigger_controller_dag to 2021-01-01T00:00:00+00:00
[2021-11-28 09:59:05,143] {processor.py:171} INFO - Processing /home/airflow/.local/lib/python3.7/site-packages/airflow/example_dags/example_trigger_controller_dag.py took 0.043 seconds
[2021-11-28 09:59:35,938] {processor.py:163} INFO - Started process (PID=168) to work on /home/airflow/.local/lib/python3.7/site-packages/airflow/example_dags/example_trigger_controller_dag.py
[2021-11-28 09:59:35,938] {processor.py:625} INFO - Processing file /home/airflow/.local/lib/python3.7/site-packages/airflow/example_dags/example_trigger_controller_dag.py for tasks to queue
[2021-11-28 09:59:35,939] {logging_mixin.py:109} INFO - [2021-11-28 09:59:35,939] {dagbag.py:500} INFO - Filling up the DagBag from /home/airflow/.local/lib/python3.7/site-packages/airflow/example_dags/example_trigger_controller_dag.py
[2021-11-28 09:59:35,954] {processor.py:637} INFO - DAG(s) dict_keys(['example_trigger_controller_dag']) retrieved from /home/airflow/.local/lib/python3.7/site-packages/airflow/example_dags/example_trigger_controller_dag.py
[2021-11-28 09:59:35,961] {logging_mixin.py:109} INFO - [2021-11-28 09:59:35,960] {dag.py:2396} INFO - Sync 1 DAGs
[2021-11-28 09:59:35,972] {logging_mixin.py:109} INFO - [2021-11-28 09:59:35,972] {dag.py:2928} INFO - Setting next_dagrun for example_trigger_controller_dag to 2021-01-01T00:00:00+00:00
[2021-11-28 09:59:35,981] {processor.py:171} INFO - Processing /home/airflow/.local/lib/python3.7/site-packages/airflow/example_dags/example_trigger_controller_dag.py took 0.045 seconds
[2021-11-28 10:00:06,879] {processor.py:163} INFO - Started process (PID=219) to work on /home/airflow/.local/lib/python3.7/site-packages/airflow/example_dags/example_trigger_controller_dag.py
[2021-11-28 10:00:06,880] {processor.py:625} INFO - Processing file /home/airflow/.local/lib/python3.7/site-packages/airflow/example_dags/example_trigger_controller_dag.py for tasks to queue
[2021-11-28 10:00:06,880] {logging_mixin.py:109} INFO - [2021-11-28 10:00:06,880] {dagbag.py:500} INFO - Filling up the DagBag from /home/airflow/.local/lib/python3.7/site-packages/airflow/example_dags/example_trigger_controller_dag.py
[2021-11-28 10:00:06,899] {processor.py:637} INFO - DAG(s) dict_keys(['example_trigger_controller_dag']) retrieved from /home/airflow/.local/lib/python3.7/site-packages/airflow/example_dags/example_trigger_controller_dag.py
[2021-11-28 10:00:06,908] {logging_mixin.py:109} INFO - [2021-11-28 10:00:06,908] {dag.py:2396} INFO - Sync 1 DAGs
[2021-11-28 10:00:06,925] {logging_mixin.py:109} INFO - [2021-11-28 10:00:06,925] {dag.py:2928} INFO - Setting next_dagrun for example_trigger_controller_dag to 2021-01-01T00:00:00+00:00
[2021-11-28 10:00:06,936] {processor.py:171} INFO - Processing /home/airflow/.local/lib/python3.7/site-packages/airflow/example_dags/example_trigger_controller_dag.py took 0.060 seconds
[2021-11-28 10:00:37,677] {processor.py:163} INFO - Started process (PID=279) to work on /home/airflow/.local/lib/python3.7/site-packages/airflow/example_dags/example_trigger_controller_dag.py
[2021-11-28 10:00:37,678] {processor.py:625} INFO - Processing file /home/airflow/.local/lib/python3.7/site-packages/airflow/example_dags/example_trigger_controller_dag.py for tasks to queue
[2021-11-28 10:00:37,679] {logging_mixin.py:109} INFO - [2021-11-28 10:00:37,679] {dagbag.py:500} INFO - Filling up the DagBag from /home/airflow/.local/lib/python3.7/site-packages/airflow/example_dags/example_trigger_controller_dag.py
[2021-11-28 10:00:37,703] {processor.py:637} INFO - DAG(s) dict_keys(['example_trigger_controller_dag']) retrieved from /home/airflow/.local/lib/python3.7/site-packages/airflow/example_dags/example_trigger_controller_dag.py
[2021-11-28 10:00:37,712] {logging_mixin.py:109} INFO - [2021-11-28 10:00:37,712] {dag.py:2396} INFO - Sync 1 DAGs
[2021-11-28 10:00:37,729] {logging_mixin.py:109} INFO - [2021-11-28 10:00:37,729] {dag.py:2928} INFO - Setting next_dagrun for example_trigger_controller_dag to 2021-01-01T00:00:00+00:00
[2021-11-28 10:00:37,740] {processor.py:171} INFO - Processing /home/airflow/.local/lib/python3.7/site-packages/airflow/example_dags/example_trigger_controller_dag.py took 0.066 seconds
[2021-11-28 10:01:08,664] {processor.py:163} INFO - Started process (PID=330) to work on /home/airflow/.local/lib/python3.7/site-packages/airflow/example_dags/example_trigger_controller_dag.py
[2021-11-28 10:01:08,666] {processor.py:625} INFO - Processing file /home/airflow/.local/lib/python3.7/site-packages/airflow/example_dags/example_trigger_controller_dag.py for tasks to queue
[2021-11-28 10:01:08,667] {logging_mixin.py:109} INFO - [2021-11-28 10:01:08,667] {dagbag.py:500} INFO - Filling up the DagBag from /home/airflow/.local/lib/python3.7/site-packages/airflow/example_dags/example_trigger_controller_dag.py
[2021-11-28 10:01:08,690] {processor.py:637} INFO - DAG(s) dict_keys(['example_trigger_controller_dag']) retrieved from /home/airflow/.local/lib/python3.7/site-packages/airflow/example_dags/example_trigger_controller_dag.py
[2021-11-28 10:01:08,700] {logging_mixin.py:109} INFO - [2021-11-28 10:01:08,700] {dag.py:2396} INFO - Sync 1 DAGs
[2021-11-28 10:01:08,719] {logging_mixin.py:109} INFO - [2021-11-28 10:01:08,718] {dag.py:2928} INFO - Setting next_dagrun for example_trigger_controller_dag to 2021-01-01T00:00:00+00:00
[2021-11-28 10:01:08,729] {processor.py:171} INFO - Processing /home/airflow/.local/lib/python3.7/site-packages/airflow/example_dags/example_trigger_controller_dag.py took 0.068 seconds
[2021-11-28 10:01:39,579] {processor.py:163} INFO - Started process (PID=390) to work on /home/airflow/.local/lib/python3.7/site-packages/airflow/example_dags/example_trigger_controller_dag.py
[2021-11-28 10:01:39,580] {processor.py:625} INFO - Processing file /home/airflow/.local/lib/python3.7/site-packages/airflow/example_dags/example_trigger_controller_dag.py for tasks to queue
[2021-11-28 10:01:39,580] {logging_mixin.py:109} INFO - [2021-11-28 10:01:39,580] {dagbag.py:500} INFO - Filling up the DagBag from /home/airflow/.local/lib/python3.7/site-packages/airflow/example_dags/example_trigger_controller_dag.py
[2021-11-28 10:01:39,602] {processor.py:637} INFO - DAG(s) dict_keys(['example_trigger_controller_dag']) retrieved from /home/airflow/.local/lib/python3.7/site-packages/airflow/example_dags/example_trigger_controller_dag.py
[2021-11-28 10:01:39,610] {logging_mixin.py:109} INFO - [2021-11-28 10:01:39,609] {dag.py:2396} INFO - Sync 1 DAGs
[2021-11-28 10:01:39,624] {logging_mixin.py:109} INFO - [2021-11-28 10:01:39,623] {dag.py:2928} INFO - Setting next_dagrun for example_trigger_controller_dag to 2021-01-01T00:00:00+00:00
[2021-11-28 10:01:39,633] {processor.py:171} INFO - Processing /home/airflow/.local/lib/python3.7/site-packages/airflow/example_dags/example_trigger_controller_dag.py took 0.057 seconds
[2021-11-28 10:02:10,472] {processor.py:163} INFO - Started process (PID=450) to work on /home/airflow/.local/lib/python3.7/site-packages/airflow/example_dags/example_trigger_controller_dag.py
[2021-11-28 10:02:10,473] {processor.py:625} INFO - Processing file /home/airflow/.local/lib/python3.7/site-packages/airflow/example_dags/example_trigger_controller_dag.py for tasks to queue
[2021-11-28 10:02:10,473] {logging_mixin.py:109} INFO - [2021-11-28 10:02:10,473] {dagbag.py:500} INFO - Filling up the DagBag from /home/airflow/.local/lib/python3.7/site-packages/airflow/example_dags/example_trigger_controller_dag.py
[2021-11-28 10:02:10,498] {processor.py:637} INFO - DAG(s) dict_keys(['example_trigger_controller_dag']) retrieved from /home/airflow/.local/lib/python3.7/site-packages/airflow/example_dags/example_trigger_controller_dag.py
[2021-11-28 10:02:10,508] {logging_mixin.py:109} INFO - [2021-11-28 10:02:10,508] {dag.py:2396} INFO - Sync 1 DAGs
[2021-11-28 10:02:10,522] {logging_mixin.py:109} INFO - [2021-11-28 10:02:10,522] {dag.py:2928} INFO - Setting next_dagrun for example_trigger_controller_dag to 2021-01-01T00:00:00+00:00
[2021-11-28 10:02:10,531] {processor.py:171} INFO - Processing /home/airflow/.local/lib/python3.7/site-packages/airflow/example_dags/example_trigger_controller_dag.py took 0.061 seconds
[2021-11-28 10:02:41,463] {processor.py:163} INFO - Started process (PID=501) to work on /home/airflow/.local/lib/python3.7/site-packages/airflow/example_dags/example_trigger_controller_dag.py
[2021-11-28 10:02:41,464] {processor.py:625} INFO - Processing file /home/airflow/.local/lib/python3.7/site-packages/airflow/example_dags/example_trigger_controller_dag.py for tasks to queue
[2021-11-28 10:02:41,465] {logging_mixin.py:109} INFO - [2021-11-28 10:02:41,464] {dagbag.py:500} INFO - Filling up the DagBag from /home/airflow/.local/lib/python3.7/site-packages/airflow/example_dags/example_trigger_controller_dag.py
[2021-11-28 10:02:41,487] {processor.py:637} INFO - DAG(s) dict_keys(['example_trigger_controller_dag']) retrieved from /home/airflow/.local/lib/python3.7/site-packages/airflow/example_dags/example_trigger_controller_dag.py
[2021-11-28 10:02:41,496] {logging_mixin.py:109} INFO - [2021-11-28 10:02:41,496] {dag.py:2396} INFO - Sync 1 DAGs
[2021-11-28 10:02:41,514] {logging_mixin.py:109} INFO - [2021-11-28 10:02:41,514] {dag.py:2928} INFO - Setting next_dagrun for example_trigger_controller_dag to 2021-01-01T00:00:00+00:00
[2021-11-28 10:02:41,525] {processor.py:171} INFO - Processing /home/airflow/.local/lib/python3.7/site-packages/airflow/example_dags/example_trigger_controller_dag.py took 0.065 seconds
[2021-11-28 10:03:12,403] {processor.py:163} INFO - Started process (PID=561) to work on /home/airflow/.local/lib/python3.7/site-packages/airflow/example_dags/example_trigger_controller_dag.py
[2021-11-28 10:03:12,404] {processor.py:625} INFO - Processing file /home/airflow/.local/lib/python3.7/site-packages/airflow/example_dags/example_trigger_controller_dag.py for tasks to queue
[2021-11-28 10:03:12,404] {logging_mixin.py:109} INFO - [2021-11-28 10:03:12,404] {dagbag.py:500} INFO - Filling up the DagBag from /home/airflow/.local/lib/python3.7/site-packages/airflow/example_dags/example_trigger_controller_dag.py
[2021-11-28 10:03:12,424] {processor.py:637} INFO - DAG(s) dict_keys(['example_trigger_controller_dag']) retrieved from /home/airflow/.local/lib/python3.7/site-packages/airflow/example_dags/example_trigger_controller_dag.py
[2021-11-28 10:03:12,435] {logging_mixin.py:109} INFO - [2021-11-28 10:03:12,435] {dag.py:2396} INFO - Sync 1 DAGs
[2021-11-28 10:03:12,456] {logging_mixin.py:109} INFO - [2021-11-28 10:03:12,456] {dag.py:2928} INFO - Setting next_dagrun for example_trigger_controller_dag to 2021-01-01T00:00:00+00:00
[2021-11-28 10:03:12,469] {processor.py:171} INFO - Processing /home/airflow/.local/lib/python3.7/site-packages/airflow/example_dags/example_trigger_controller_dag.py took 0.068 seconds
[2021-11-28 10:03:43,334] {processor.py:163} INFO - Started process (PID=612) to work on /home/airflow/.local/lib/python3.7/site-packages/airflow/example_dags/example_trigger_controller_dag.py
[2021-11-28 10:03:43,336] {processor.py:625} INFO - Processing file /home/airflow/.local/lib/python3.7/site-packages/airflow/example_dags/example_trigger_controller_dag.py for tasks to queue
[2021-11-28 10:03:43,336] {logging_mixin.py:109} INFO - [2021-11-28 10:03:43,336] {dagbag.py:500} INFO - Filling up the DagBag from /home/airflow/.local/lib/python3.7/site-packages/airflow/example_dags/example_trigger_controller_dag.py
[2021-11-28 10:03:43,358] {processor.py:637} INFO - DAG(s) dict_keys(['example_trigger_controller_dag']) retrieved from /home/airflow/.local/lib/python3.7/site-packages/airflow/example_dags/example_trigger_controller_dag.py
[2021-11-28 10:03:43,368] {logging_mixin.py:109} INFO - [2021-11-28 10:03:43,367] {dag.py:2396} INFO - Sync 1 DAGs
[2021-11-28 10:03:43,387] {logging_mixin.py:109} INFO - [2021-11-28 10:03:43,387] {dag.py:2928} INFO - Setting next_dagrun for example_trigger_controller_dag to 2021-01-01T00:00:00+00:00
[2021-11-28 10:03:43,399] {processor.py:171} INFO - Processing /home/airflow/.local/lib/python3.7/site-packages/airflow/example_dags/example_trigger_controller_dag.py took 0.067 seconds
[2021-11-28 10:04:14,326] {processor.py:163} INFO - Started process (PID=672) to work on /home/airflow/.local/lib/python3.7/site-packages/airflow/example_dags/example_trigger_controller_dag.py
[2021-11-28 10:04:14,326] {processor.py:625} INFO - Processing file /home/airflow/.local/lib/python3.7/site-packages/airflow/example_dags/example_trigger_controller_dag.py for tasks to queue
[2021-11-28 10:04:14,326] {logging_mixin.py:109} INFO - [2021-11-28 10:04:14,326] {dagbag.py:500} INFO - Filling up the DagBag from /home/airflow/.local/lib/python3.7/site-packages/airflow/example_dags/example_trigger_controller_dag.py
[2021-11-28 10:04:14,345] {processor.py:637} INFO - DAG(s) dict_keys(['example_trigger_controller_dag']) retrieved from /home/airflow/.local/lib/python3.7/site-packages/airflow/example_dags/example_trigger_controller_dag.py
[2021-11-28 10:04:14,355] {logging_mixin.py:109} INFO - [2021-11-28 10:04:14,355] {dag.py:2396} INFO - Sync 1 DAGs
[2021-11-28 10:04:14,380] {logging_mixin.py:109} INFO - [2021-11-28 10:04:14,380] {dag.py:2928} INFO - Setting next_dagrun for example_trigger_controller_dag to 2021-01-01T00:00:00+00:00
[2021-11-28 10:04:14,395] {processor.py:171} INFO - Processing /home/airflow/.local/lib/python3.7/site-packages/airflow/example_dags/example_trigger_controller_dag.py took 0.071 seconds
[2021-11-28 10:04:45,377] {processor.py:163} INFO - Started process (PID=732) to work on /home/airflow/.local/lib/python3.7/site-packages/airflow/example_dags/example_trigger_controller_dag.py
[2021-11-28 10:04:45,378] {processor.py:625} INFO - Processing file /home/airflow/.local/lib/python3.7/site-packages/airflow/example_dags/example_trigger_controller_dag.py for tasks to queue
[2021-11-28 10:04:45,378] {logging_mixin.py:109} INFO - [2021-11-28 10:04:45,378] {dagbag.py:500} INFO - Filling up the DagBag from /home/airflow/.local/lib/python3.7/site-packages/airflow/example_dags/example_trigger_controller_dag.py
[2021-11-28 10:04:45,400] {processor.py:637} INFO - DAG(s) dict_keys(['example_trigger_controller_dag']) retrieved from /home/airflow/.local/lib/python3.7/site-packages/airflow/example_dags/example_trigger_controller_dag.py
[2021-11-28 10:04:45,410] {logging_mixin.py:109} INFO - [2021-11-28 10:04:45,410] {dag.py:2396} INFO - Sync 1 DAGs
[2021-11-28 10:04:45,427] {logging_mixin.py:109} INFO - [2021-11-28 10:04:45,427] {dag.py:2928} INFO - Setting next_dagrun for example_trigger_controller_dag to 2021-01-01T00:00:00+00:00
[2021-11-28 10:04:45,438] {processor.py:171} INFO - Processing /home/airflow/.local/lib/python3.7/site-packages/airflow/example_dags/example_trigger_controller_dag.py took 0.064 seconds
[2021-11-28 10:05:16,607] {processor.py:163} INFO - Started process (PID=783) to work on /home/airflow/.local/lib/python3.7/site-packages/airflow/example_dags/example_trigger_controller_dag.py
[2021-11-28 10:05:16,608] {processor.py:625} INFO - Processing file /home/airflow/.local/lib/python3.7/site-packages/airflow/example_dags/example_trigger_controller_dag.py for tasks to queue
[2021-11-28 10:05:16,609] {logging_mixin.py:109} INFO - [2021-11-28 10:05:16,609] {dagbag.py:500} INFO - Filling up the DagBag from /home/airflow/.local/lib/python3.7/site-packages/airflow/example_dags/example_trigger_controller_dag.py
[2021-11-28 10:05:16,630] {processor.py:637} INFO - DAG(s) dict_keys(['example_trigger_controller_dag']) retrieved from /home/airflow/.local/lib/python3.7/site-packages/airflow/example_dags/example_trigger_controller_dag.py
[2021-11-28 10:05:16,637] {logging_mixin.py:109} INFO - [2021-11-28 10:05:16,637] {dag.py:2396} INFO - Sync 1 DAGs
[2021-11-28 10:05:16,650] {logging_mixin.py:109} INFO - [2021-11-28 10:05:16,650] {dag.py:2928} INFO - Setting next_dagrun for example_trigger_controller_dag to 2021-01-01T00:00:00+00:00
[2021-11-28 10:05:16,660] {processor.py:171} INFO - Processing /home/airflow/.local/lib/python3.7/site-packages/airflow/example_dags/example_trigger_controller_dag.py took 0.055 seconds
[2021-11-28 10:05:47,564] {processor.py:163} INFO - Started process (PID=843) to work on /home/airflow/.local/lib/python3.7/site-packages/airflow/example_dags/example_trigger_controller_dag.py
[2021-11-28 10:05:47,566] {processor.py:625} INFO - Processing file /home/airflow/.local/lib/python3.7/site-packages/airflow/example_dags/example_trigger_controller_dag.py for tasks to queue
[2021-11-28 10:05:47,567] {logging_mixin.py:109} INFO - [2021-11-28 10:05:47,566] {dagbag.py:500} INFO - Filling up the DagBag from /home/airflow/.local/lib/python3.7/site-packages/airflow/example_dags/example_trigger_controller_dag.py
[2021-11-28 10:05:47,591] {processor.py:637} INFO - DAG(s) dict_keys(['example_trigger_controller_dag']) retrieved from /home/airflow/.local/lib/python3.7/site-packages/airflow/example_dags/example_trigger_controller_dag.py
[2021-11-28 10:05:47,598] {logging_mixin.py:109} INFO - [2021-11-28 10:05:47,598] {dag.py:2396} INFO - Sync 1 DAGs
[2021-11-28 10:05:47,611] {logging_mixin.py:109} INFO - [2021-11-28 10:05:47,611] {dag.py:2928} INFO - Setting next_dagrun for example_trigger_controller_dag to 2021-01-01T00:00:00+00:00
[2021-11-28 10:05:47,621] {processor.py:171} INFO - Processing /home/airflow/.local/lib/python3.7/site-packages/airflow/example_dags/example_trigger_controller_dag.py took 0.060 seconds
[2021-11-28 10:06:17,895] {processor.py:163} INFO - Started process (PID=894) to work on /home/airflow/.local/lib/python3.7/site-packages/airflow/example_dags/example_trigger_controller_dag.py
[2021-11-28 10:06:17,896] {processor.py:625} INFO - Processing file /home/airflow/.local/lib/python3.7/site-packages/airflow/example_dags/example_trigger_controller_dag.py for tasks to queue
[2021-11-28 10:06:17,896] {logging_mixin.py:109} INFO - [2021-11-28 10:06:17,896] {dagbag.py:500} INFO - Filling up the DagBag from /home/airflow/.local/lib/python3.7/site-packages/airflow/example_dags/example_trigger_controller_dag.py
[2021-11-28 10:06:17,915] {processor.py:637} INFO - DAG(s) dict_keys(['example_trigger_controller_dag']) retrieved from /home/airflow/.local/lib/python3.7/site-packages/airflow/example_dags/example_trigger_controller_dag.py
[2021-11-28 10:06:17,927] {logging_mixin.py:109} INFO - [2021-11-28 10:06:17,927] {dag.py:2396} INFO - Sync 1 DAGs
[2021-11-28 10:06:17,950] {logging_mixin.py:109} INFO - [2021-11-28 10:06:17,950] {dag.py:2928} INFO - Setting next_dagrun for example_trigger_controller_dag to 2021-01-01T00:00:00+00:00
[2021-11-28 10:06:17,958] {processor.py:171} INFO - Processing /home/airflow/.local/lib/python3.7/site-packages/airflow/example_dags/example_trigger_controller_dag.py took 0.066 seconds
[2021-11-28 10:06:48,568] {processor.py:163} INFO - Started process (PID=954) to work on /home/airflow/.local/lib/python3.7/site-packages/airflow/example_dags/example_trigger_controller_dag.py
[2021-11-28 10:06:48,570] {processor.py:625} INFO - Processing file /home/airflow/.local/lib/python3.7/site-packages/airflow/example_dags/example_trigger_controller_dag.py for tasks to queue
[2021-11-28 10:06:48,570] {logging_mixin.py:109} INFO - [2021-11-28 10:06:48,570] {dagbag.py:500} INFO - Filling up the DagBag from /home/airflow/.local/lib/python3.7/site-packages/airflow/example_dags/example_trigger_controller_dag.py
[2021-11-28 10:06:48,592] {processor.py:637} INFO - DAG(s) dict_keys(['example_trigger_controller_dag']) retrieved from /home/airflow/.local/lib/python3.7/site-packages/airflow/example_dags/example_trigger_controller_dag.py
[2021-11-28 10:06:48,600] {logging_mixin.py:109} INFO - [2021-11-28 10:06:48,600] {dag.py:2396} INFO - Sync 1 DAGs
[2021-11-28 10:06:48,616] {logging_mixin.py:109} INFO - [2021-11-28 10:06:48,616] {dag.py:2928} INFO - Setting next_dagrun for example_trigger_controller_dag to 2021-01-01T00:00:00+00:00
[2021-11-28 10:06:48,626] {processor.py:171} INFO - Processing /home/airflow/.local/lib/python3.7/site-packages/airflow/example_dags/example_trigger_controller_dag.py took 0.061 seconds
[2021-11-28 10:07:19,286] {processor.py:163} INFO - Started process (PID=1005) to work on /home/airflow/.local/lib/python3.7/site-packages/airflow/example_dags/example_trigger_controller_dag.py
[2021-11-28 10:07:19,287] {processor.py:625} INFO - Processing file /home/airflow/.local/lib/python3.7/site-packages/airflow/example_dags/example_trigger_controller_dag.py for tasks to queue
[2021-11-28 10:07:19,287] {logging_mixin.py:109} INFO - [2021-11-28 10:07:19,287] {dagbag.py:500} INFO - Filling up the DagBag from /home/airflow/.local/lib/python3.7/site-packages/airflow/example_dags/example_trigger_controller_dag.py
[2021-11-28 10:07:19,303] {processor.py:637} INFO - DAG(s) dict_keys(['example_trigger_controller_dag']) retrieved from /home/airflow/.local/lib/python3.7/site-packages/airflow/example_dags/example_trigger_controller_dag.py
[2021-11-28 10:07:19,310] {logging_mixin.py:109} INFO - [2021-11-28 10:07:19,310] {dag.py:2396} INFO - Sync 1 DAGs
[2021-11-28 10:07:19,386] {logging_mixin.py:109} INFO - [2021-11-28 10:07:19,386] {dag.py:2928} INFO - Setting next_dagrun for example_trigger_controller_dag to 2021-01-01T00:00:00+00:00
[2021-11-28 10:07:19,394] {processor.py:171} INFO - Processing /home/airflow/.local/lib/python3.7/site-packages/airflow/example_dags/example_trigger_controller_dag.py took 0.109 seconds
[2021-11-28 10:07:50,102] {processor.py:163} INFO - Started process (PID=1065) to work on /home/airflow/.local/lib/python3.7/site-packages/airflow/example_dags/example_trigger_controller_dag.py
[2021-11-28 10:07:50,103] {processor.py:625} INFO - Processing file /home/airflow/.local/lib/python3.7/site-packages/airflow/example_dags/example_trigger_controller_dag.py for tasks to queue
[2021-11-28 10:07:50,103] {logging_mixin.py:109} INFO - [2021-11-28 10:07:50,103] {dagbag.py:500} INFO - Filling up the DagBag from /home/airflow/.local/lib/python3.7/site-packages/airflow/example_dags/example_trigger_controller_dag.py
[2021-11-28 10:07:50,130] {processor.py:637} INFO - DAG(s) dict_keys(['example_trigger_controller_dag']) retrieved from /home/airflow/.local/lib/python3.7/site-packages/airflow/example_dags/example_trigger_controller_dag.py
[2021-11-28 10:07:50,141] {logging_mixin.py:109} INFO - [2021-11-28 10:07:50,141] {dag.py:2396} INFO - Sync 1 DAGs
[2021-11-28 10:07:50,223] {logging_mixin.py:109} INFO - [2021-11-28 10:07:50,223] {dag.py:2928} INFO - Setting next_dagrun for example_trigger_controller_dag to 2021-01-01T00:00:00+00:00
[2021-11-28 10:07:50,231] {processor.py:171} INFO - Processing /home/airflow/.local/lib/python3.7/site-packages/airflow/example_dags/example_trigger_controller_dag.py took 0.132 seconds
[2021-11-28 10:08:20,895] {processor.py:163} INFO - Started process (PID=1125) to work on /home/airflow/.local/lib/python3.7/site-packages/airflow/example_dags/example_trigger_controller_dag.py
[2021-11-28 10:08:20,897] {processor.py:625} INFO - Processing file /home/airflow/.local/lib/python3.7/site-packages/airflow/example_dags/example_trigger_controller_dag.py for tasks to queue
[2021-11-28 10:08:20,897] {logging_mixin.py:109} INFO - [2021-11-28 10:08:20,897] {dagbag.py:500} INFO - Filling up the DagBag from /home/airflow/.local/lib/python3.7/site-packages/airflow/example_dags/example_trigger_controller_dag.py
[2021-11-28 10:08:20,914] {processor.py:637} INFO - DAG(s) dict_keys(['example_trigger_controller_dag']) retrieved from /home/airflow/.local/lib/python3.7/site-packages/airflow/example_dags/example_trigger_controller_dag.py
[2021-11-28 10:08:20,926] {logging_mixin.py:109} INFO - [2021-11-28 10:08:20,926] {dag.py:2396} INFO - Sync 1 DAGs
[2021-11-28 10:08:21,018] {logging_mixin.py:109} INFO - [2021-11-28 10:08:21,018] {dag.py:2928} INFO - Setting next_dagrun for example_trigger_controller_dag to 2021-01-01T00:00:00+00:00
[2021-11-28 10:08:21,026] {processor.py:171} INFO - Processing /home/airflow/.local/lib/python3.7/site-packages/airflow/example_dags/example_trigger_controller_dag.py took 0.133 seconds
[2021-11-28 10:08:51,749] {processor.py:163} INFO - Started process (PID=1176) to work on /home/airflow/.local/lib/python3.7/site-packages/airflow/example_dags/example_trigger_controller_dag.py
[2021-11-28 10:08:51,750] {processor.py:625} INFO - Processing file /home/airflow/.local/lib/python3.7/site-packages/airflow/example_dags/example_trigger_controller_dag.py for tasks to queue
[2021-11-28 10:08:51,751] {logging_mixin.py:109} INFO - [2021-11-28 10:08:51,751] {dagbag.py:500} INFO - Filling up the DagBag from /home/airflow/.local/lib/python3.7/site-packages/airflow/example_dags/example_trigger_controller_dag.py
[2021-11-28 10:08:51,770] {processor.py:637} INFO - DAG(s) dict_keys(['example_trigger_controller_dag']) retrieved from /home/airflow/.local/lib/python3.7/site-packages/airflow/example_dags/example_trigger_controller_dag.py
[2021-11-28 10:08:51,846] {logging_mixin.py:109} INFO - [2021-11-28 10:08:51,846] {dag.py:2396} INFO - Sync 1 DAGs
[2021-11-28 10:08:51,857] {logging_mixin.py:109} INFO - [2021-11-28 10:08:51,857] {dag.py:2928} INFO - Setting next_dagrun for example_trigger_controller_dag to 2021-01-01T00:00:00+00:00
[2021-11-28 10:08:51,865] {processor.py:171} INFO - Processing /home/airflow/.local/lib/python3.7/site-packages/airflow/example_dags/example_trigger_controller_dag.py took 0.117 seconds
[2021-11-28 10:09:22,493] {processor.py:163} INFO - Started process (PID=1236) to work on /home/airflow/.local/lib/python3.7/site-packages/airflow/example_dags/example_trigger_controller_dag.py
[2021-11-28 10:09:22,495] {processor.py:625} INFO - Processing file /home/airflow/.local/lib/python3.7/site-packages/airflow/example_dags/example_trigger_controller_dag.py for tasks to queue
[2021-11-28 10:09:22,495] {logging_mixin.py:109} INFO - [2021-11-28 10:09:22,495] {dagbag.py:500} INFO - Filling up the DagBag from /home/airflow/.local/lib/python3.7/site-packages/airflow/example_dags/example_trigger_controller_dag.py
[2021-11-28 10:09:22,586] {processor.py:637} INFO - DAG(s) dict_keys(['example_trigger_controller_dag']) retrieved from /home/airflow/.local/lib/python3.7/site-packages/airflow/example_dags/example_trigger_controller_dag.py
[2021-11-28 10:09:22,591] {logging_mixin.py:109} INFO - [2021-11-28 10:09:22,591] {dag.py:2396} INFO - Sync 1 DAGs
[2021-11-28 10:09:22,603] {logging_mixin.py:109} INFO - [2021-11-28 10:09:22,603] {dag.py:2928} INFO - Setting next_dagrun for example_trigger_controller_dag to 2021-01-01T00:00:00+00:00
[2021-11-28 10:09:22,611] {processor.py:171} INFO - Processing /home/airflow/.local/lib/python3.7/site-packages/airflow/example_dags/example_trigger_controller_dag.py took 0.120 seconds
[2021-11-28 10:09:53,151] {processor.py:163} INFO - Started process (PID=1287) to work on /home/airflow/.local/lib/python3.7/site-packages/airflow/example_dags/example_trigger_controller_dag.py
[2021-11-28 10:09:53,153] {processor.py:625} INFO - Processing file /home/airflow/.local/lib/python3.7/site-packages/airflow/example_dags/example_trigger_controller_dag.py for tasks to queue
[2021-11-28 10:09:53,153] {logging_mixin.py:109} INFO - [2021-11-28 10:09:53,153] {dagbag.py:500} INFO - Filling up the DagBag from /home/airflow/.local/lib/python3.7/site-packages/airflow/example_dags/example_trigger_controller_dag.py
[2021-11-28 10:09:53,246] {processor.py:637} INFO - DAG(s) dict_keys(['example_trigger_controller_dag']) retrieved from /home/airflow/.local/lib/python3.7/site-packages/airflow/example_dags/example_trigger_controller_dag.py
[2021-11-28 10:09:53,252] {logging_mixin.py:109} INFO - [2021-11-28 10:09:53,252] {dag.py:2396} INFO - Sync 1 DAGs
[2021-11-28 10:09:53,264] {logging_mixin.py:109} INFO - [2021-11-28 10:09:53,263] {dag.py:2928} INFO - Setting next_dagrun for example_trigger_controller_dag to 2021-01-01T00:00:00+00:00
[2021-11-28 10:09:53,272] {processor.py:171} INFO - Processing /home/airflow/.local/lib/python3.7/site-packages/airflow/example_dags/example_trigger_controller_dag.py took 0.124 seconds
[2021-11-28 10:10:23,963] {processor.py:163} INFO - Started process (PID=1347) to work on /home/airflow/.local/lib/python3.7/site-packages/airflow/example_dags/example_trigger_controller_dag.py
[2021-11-28 10:10:23,964] {processor.py:625} INFO - Processing file /home/airflow/.local/lib/python3.7/site-packages/airflow/example_dags/example_trigger_controller_dag.py for tasks to queue
[2021-11-28 10:10:23,964] {logging_mixin.py:109} INFO - [2021-11-28 10:10:23,964] {dagbag.py:500} INFO - Filling up the DagBag from /home/airflow/.local/lib/python3.7/site-packages/airflow/example_dags/example_trigger_controller_dag.py
[2021-11-28 10:10:24,042] {processor.py:637} INFO - DAG(s) dict_keys(['example_trigger_controller_dag']) retrieved from /home/airflow/.local/lib/python3.7/site-packages/airflow/example_dags/example_trigger_controller_dag.py
[2021-11-28 10:10:24,047] {logging_mixin.py:109} INFO - [2021-11-28 10:10:24,047] {dag.py:2396} INFO - Sync 1 DAGs
[2021-11-28 10:10:24,056] {logging_mixin.py:109} INFO - [2021-11-28 10:10:24,056] {dag.py:2928} INFO - Setting next_dagrun for example_trigger_controller_dag to 2021-01-01T00:00:00+00:00
[2021-11-28 10:10:24,064] {processor.py:171} INFO - Processing /home/airflow/.local/lib/python3.7/site-packages/airflow/example_dags/example_trigger_controller_dag.py took 0.103 seconds
[2021-11-28 10:10:54,205] {processor.py:163} INFO - Started process (PID=1406) to work on /home/airflow/.local/lib/python3.7/site-packages/airflow/example_dags/example_trigger_controller_dag.py
[2021-11-28 10:10:54,207] {processor.py:625} INFO - Processing file /home/airflow/.local/lib/python3.7/site-packages/airflow/example_dags/example_trigger_controller_dag.py for tasks to queue
[2021-11-28 10:10:54,208] {logging_mixin.py:109} INFO - [2021-11-28 10:10:54,207] {dagbag.py:500} INFO - Filling up the DagBag from /home/airflow/.local/lib/python3.7/site-packages/airflow/example_dags/example_trigger_controller_dag.py
[2021-11-28 10:10:54,233] {processor.py:637} INFO - DAG(s) dict_keys(['example_trigger_controller_dag']) retrieved from /home/airflow/.local/lib/python3.7/site-packages/airflow/example_dags/example_trigger_controller_dag.py
[2021-11-28 10:10:54,246] {logging_mixin.py:109} INFO - [2021-11-28 10:10:54,246] {dag.py:2396} INFO - Sync 1 DAGs
[2021-11-28 10:10:54,267] {logging_mixin.py:109} INFO - [2021-11-28 10:10:54,267] {dag.py:2928} INFO - Setting next_dagrun for example_trigger_controller_dag to 2021-01-01T00:00:00+00:00
[2021-11-28 10:10:54,277] {processor.py:171} INFO - Processing /home/airflow/.local/lib/python3.7/site-packages/airflow/example_dags/example_trigger_controller_dag.py took 0.075 seconds
[2021-11-28 10:11:24,953] {processor.py:163} INFO - Started process (PID=1458) to work on /home/airflow/.local/lib/python3.7/site-packages/airflow/example_dags/example_trigger_controller_dag.py
[2021-11-28 10:11:24,954] {processor.py:625} INFO - Processing file /home/airflow/.local/lib/python3.7/site-packages/airflow/example_dags/example_trigger_controller_dag.py for tasks to queue
[2021-11-28 10:11:24,954] {logging_mixin.py:109} INFO - [2021-11-28 10:11:24,954] {dagbag.py:500} INFO - Filling up the DagBag from /home/airflow/.local/lib/python3.7/site-packages/airflow/example_dags/example_trigger_controller_dag.py
[2021-11-28 10:11:24,972] {processor.py:637} INFO - DAG(s) dict_keys(['example_trigger_controller_dag']) retrieved from /home/airflow/.local/lib/python3.7/site-packages/airflow/example_dags/example_trigger_controller_dag.py
[2021-11-28 10:11:24,978] {logging_mixin.py:109} INFO - [2021-11-28 10:11:24,978] {dag.py:2396} INFO - Sync 1 DAGs
[2021-11-28 10:11:24,991] {logging_mixin.py:109} INFO - [2021-11-28 10:11:24,991] {dag.py:2928} INFO - Setting next_dagrun for example_trigger_controller_dag to 2021-01-01T00:00:00+00:00
[2021-11-28 10:11:25,000] {processor.py:171} INFO - Processing /home/airflow/.local/lib/python3.7/site-packages/airflow/example_dags/example_trigger_controller_dag.py took 0.049 seconds
[2021-11-28 10:11:55,699] {processor.py:163} INFO - Started process (PID=1518) to work on /home/airflow/.local/lib/python3.7/site-packages/airflow/example_dags/example_trigger_controller_dag.py
[2021-11-28 10:11:55,700] {processor.py:625} INFO - Processing file /home/airflow/.local/lib/python3.7/site-packages/airflow/example_dags/example_trigger_controller_dag.py for tasks to queue
[2021-11-28 10:11:55,701] {logging_mixin.py:109} INFO - [2021-11-28 10:11:55,701] {dagbag.py:500} INFO - Filling up the DagBag from /home/airflow/.local/lib/python3.7/site-packages/airflow/example_dags/example_trigger_controller_dag.py
[2021-11-28 10:11:55,723] {processor.py:637} INFO - DAG(s) dict_keys(['example_trigger_controller_dag']) retrieved from /home/airflow/.local/lib/python3.7/site-packages/airflow/example_dags/example_trigger_controller_dag.py
[2021-11-28 10:11:55,732] {logging_mixin.py:109} INFO - [2021-11-28 10:11:55,732] {dag.py:2396} INFO - Sync 1 DAGs
[2021-11-28 10:11:55,747] {logging_mixin.py:109} INFO - [2021-11-28 10:11:55,747] {dag.py:2928} INFO - Setting next_dagrun for example_trigger_controller_dag to 2021-01-01T00:00:00+00:00
[2021-11-28 10:11:55,756] {processor.py:171} INFO - Processing /home/airflow/.local/lib/python3.7/site-packages/airflow/example_dags/example_trigger_controller_dag.py took 0.060 seconds
[2021-11-28 10:12:26,426] {processor.py:163} INFO - Started process (PID=1569) to work on /home/airflow/.local/lib/python3.7/site-packages/airflow/example_dags/example_trigger_controller_dag.py
[2021-11-28 10:12:26,427] {processor.py:625} INFO - Processing file /home/airflow/.local/lib/python3.7/site-packages/airflow/example_dags/example_trigger_controller_dag.py for tasks to queue
[2021-11-28 10:12:26,428] {logging_mixin.py:109} INFO - [2021-11-28 10:12:26,428] {dagbag.py:500} INFO - Filling up the DagBag from /home/airflow/.local/lib/python3.7/site-packages/airflow/example_dags/example_trigger_controller_dag.py
[2021-11-28 10:12:26,451] {processor.py:637} INFO - DAG(s) dict_keys(['example_trigger_controller_dag']) retrieved from /home/airflow/.local/lib/python3.7/site-packages/airflow/example_dags/example_trigger_controller_dag.py
[2021-11-28 10:12:26,461] {logging_mixin.py:109} INFO - [2021-11-28 10:12:26,461] {dag.py:2396} INFO - Sync 1 DAGs
[2021-11-28 10:12:26,477] {logging_mixin.py:109} INFO - [2021-11-28 10:12:26,477] {dag.py:2928} INFO - Setting next_dagrun for example_trigger_controller_dag to 2021-01-01T00:00:00+00:00
[2021-11-28 10:12:26,486] {processor.py:171} INFO - Processing /home/airflow/.local/lib/python3.7/site-packages/airflow/example_dags/example_trigger_controller_dag.py took 0.063 seconds
[2021-11-28 10:12:57,255] {processor.py:163} INFO - Started process (PID=1629) to work on /home/airflow/.local/lib/python3.7/site-packages/airflow/example_dags/example_trigger_controller_dag.py
[2021-11-28 10:12:57,255] {processor.py:625} INFO - Processing file /home/airflow/.local/lib/python3.7/site-packages/airflow/example_dags/example_trigger_controller_dag.py for tasks to queue
[2021-11-28 10:12:57,256] {logging_mixin.py:109} INFO - [2021-11-28 10:12:57,256] {dagbag.py:500} INFO - Filling up the DagBag from /home/airflow/.local/lib/python3.7/site-packages/airflow/example_dags/example_trigger_controller_dag.py
[2021-11-28 10:12:57,275] {processor.py:637} INFO - DAG(s) dict_keys(['example_trigger_controller_dag']) retrieved from /home/airflow/.local/lib/python3.7/site-packages/airflow/example_dags/example_trigger_controller_dag.py
[2021-11-28 10:12:57,285] {logging_mixin.py:109} INFO - [2021-11-28 10:12:57,285] {dag.py:2396} INFO - Sync 1 DAGs
[2021-11-28 10:12:57,304] {logging_mixin.py:109} INFO - [2021-11-28 10:12:57,304] {dag.py:2928} INFO - Setting next_dagrun for example_trigger_controller_dag to 2021-01-01T00:00:00+00:00
[2021-11-28 10:12:57,315] {processor.py:171} INFO - Processing /home/airflow/.local/lib/python3.7/site-packages/airflow/example_dags/example_trigger_controller_dag.py took 0.063 seconds
[2021-11-28 10:13:27,941] {processor.py:163} INFO - Started process (PID=1680) to work on /home/airflow/.local/lib/python3.7/site-packages/airflow/example_dags/example_trigger_controller_dag.py
[2021-11-28 10:13:27,941] {processor.py:625} INFO - Processing file /home/airflow/.local/lib/python3.7/site-packages/airflow/example_dags/example_trigger_controller_dag.py for tasks to queue
[2021-11-28 10:13:27,942] {logging_mixin.py:109} INFO - [2021-11-28 10:13:27,942] {dagbag.py:500} INFO - Filling up the DagBag from /home/airflow/.local/lib/python3.7/site-packages/airflow/example_dags/example_trigger_controller_dag.py
[2021-11-28 10:13:27,964] {processor.py:637} INFO - DAG(s) dict_keys(['example_trigger_controller_dag']) retrieved from /home/airflow/.local/lib/python3.7/site-packages/airflow/example_dags/example_trigger_controller_dag.py
[2021-11-28 10:13:27,972] {logging_mixin.py:109} INFO - [2021-11-28 10:13:27,971] {dag.py:2396} INFO - Sync 1 DAGs
[2021-11-28 10:13:27,985] {logging_mixin.py:109} INFO - [2021-11-28 10:13:27,985] {dag.py:2928} INFO - Setting next_dagrun for example_trigger_controller_dag to 2021-01-01T00:00:00+00:00
[2021-11-28 10:13:27,994] {processor.py:171} INFO - Processing /home/airflow/.local/lib/python3.7/site-packages/airflow/example_dags/example_trigger_controller_dag.py took 0.056 seconds
[2021-11-28 10:13:58,808] {processor.py:163} INFO - Started process (PID=1740) to work on /home/airflow/.local/lib/python3.7/site-packages/airflow/example_dags/example_trigger_controller_dag.py
[2021-11-28 10:13:58,810] {processor.py:625} INFO - Processing file /home/airflow/.local/lib/python3.7/site-packages/airflow/example_dags/example_trigger_controller_dag.py for tasks to queue
[2021-11-28 10:13:58,811] {logging_mixin.py:109} INFO - [2021-11-28 10:13:58,811] {dagbag.py:500} INFO - Filling up the DagBag from /home/airflow/.local/lib/python3.7/site-packages/airflow/example_dags/example_trigger_controller_dag.py
[2021-11-28 10:13:58,828] {processor.py:637} INFO - DAG(s) dict_keys(['example_trigger_controller_dag']) retrieved from /home/airflow/.local/lib/python3.7/site-packages/airflow/example_dags/example_trigger_controller_dag.py
[2021-11-28 10:13:58,839] {logging_mixin.py:109} INFO - [2021-11-28 10:13:58,839] {dag.py:2396} INFO - Sync 1 DAGs
[2021-11-28 10:13:58,856] {logging_mixin.py:109} INFO - [2021-11-28 10:13:58,856] {dag.py:2928} INFO - Setting next_dagrun for example_trigger_controller_dag to 2021-01-01T00:00:00+00:00
[2021-11-28 10:13:58,870] {processor.py:171} INFO - Processing /home/airflow/.local/lib/python3.7/site-packages/airflow/example_dags/example_trigger_controller_dag.py took 0.064 seconds
[2021-11-28 10:14:29,595] {processor.py:163} INFO - Started process (PID=1801) to work on /home/airflow/.local/lib/python3.7/site-packages/airflow/example_dags/example_trigger_controller_dag.py
[2021-11-28 10:14:29,597] {processor.py:625} INFO - Processing file /home/airflow/.local/lib/python3.7/site-packages/airflow/example_dags/example_trigger_controller_dag.py for tasks to queue
[2021-11-28 10:14:29,597] {logging_mixin.py:109} INFO - [2021-11-28 10:14:29,597] {dagbag.py:500} INFO - Filling up the DagBag from /home/airflow/.local/lib/python3.7/site-packages/airflow/example_dags/example_trigger_controller_dag.py
[2021-11-28 10:14:29,620] {processor.py:637} INFO - DAG(s) dict_keys(['example_trigger_controller_dag']) retrieved from /home/airflow/.local/lib/python3.7/site-packages/airflow/example_dags/example_trigger_controller_dag.py
[2021-11-28 10:14:29,626] {logging_mixin.py:109} INFO - [2021-11-28 10:14:29,626] {dag.py:2396} INFO - Sync 1 DAGs
[2021-11-28 10:14:29,638] {logging_mixin.py:109} INFO - [2021-11-28 10:14:29,638] {dag.py:2928} INFO - Setting next_dagrun for example_trigger_controller_dag to 2021-01-01T00:00:00+00:00
[2021-11-28 10:14:29,649] {processor.py:171} INFO - Processing /home/airflow/.local/lib/python3.7/site-packages/airflow/example_dags/example_trigger_controller_dag.py took 0.056 seconds
[2021-11-28 10:15:00,330] {processor.py:163} INFO - Started process (PID=1852) to work on /home/airflow/.local/lib/python3.7/site-packages/airflow/example_dags/example_trigger_controller_dag.py
[2021-11-28 10:15:00,331] {processor.py:625} INFO - Processing file /home/airflow/.local/lib/python3.7/site-packages/airflow/example_dags/example_trigger_controller_dag.py for tasks to queue
[2021-11-28 10:15:00,331] {logging_mixin.py:109} INFO - [2021-11-28 10:15:00,331] {dagbag.py:500} INFO - Filling up the DagBag from /home/airflow/.local/lib/python3.7/site-packages/airflow/example_dags/example_trigger_controller_dag.py
[2021-11-28 10:15:00,352] {processor.py:637} INFO - DAG(s) dict_keys(['example_trigger_controller_dag']) retrieved from /home/airflow/.local/lib/python3.7/site-packages/airflow/example_dags/example_trigger_controller_dag.py
[2021-11-28 10:15:00,358] {logging_mixin.py:109} INFO - [2021-11-28 10:15:00,358] {dag.py:2396} INFO - Sync 1 DAGs
[2021-11-28 10:15:00,370] {logging_mixin.py:109} INFO - [2021-11-28 10:15:00,369] {dag.py:2928} INFO - Setting next_dagrun for example_trigger_controller_dag to 2021-01-01T00:00:00+00:00
[2021-11-28 10:15:00,377] {processor.py:171} INFO - Processing /home/airflow/.local/lib/python3.7/site-packages/airflow/example_dags/example_trigger_controller_dag.py took 0.051 seconds
[2021-11-28 10:15:31,048] {processor.py:163} INFO - Started process (PID=1912) to work on /home/airflow/.local/lib/python3.7/site-packages/airflow/example_dags/example_trigger_controller_dag.py
[2021-11-28 10:15:31,049] {processor.py:625} INFO - Processing file /home/airflow/.local/lib/python3.7/site-packages/airflow/example_dags/example_trigger_controller_dag.py for tasks to queue
[2021-11-28 10:15:31,050] {logging_mixin.py:109} INFO - [2021-11-28 10:15:31,050] {dagbag.py:500} INFO - Filling up the DagBag from /home/airflow/.local/lib/python3.7/site-packages/airflow/example_dags/example_trigger_controller_dag.py
[2021-11-28 10:15:31,066] {processor.py:637} INFO - DAG(s) dict_keys(['example_trigger_controller_dag']) retrieved from /home/airflow/.local/lib/python3.7/site-packages/airflow/example_dags/example_trigger_controller_dag.py
[2021-11-28 10:15:31,076] {logging_mixin.py:109} INFO - [2021-11-28 10:15:31,075] {dag.py:2396} INFO - Sync 1 DAGs
[2021-11-28 10:15:31,089] {logging_mixin.py:109} INFO - [2021-11-28 10:15:31,089] {dag.py:2928} INFO - Setting next_dagrun for example_trigger_controller_dag to 2021-01-01T00:00:00+00:00
[2021-11-28 10:15:31,097] {processor.py:171} INFO - Processing /home/airflow/.local/lib/python3.7/site-packages/airflow/example_dags/example_trigger_controller_dag.py took 0.050 seconds
[2021-11-28 10:16:01,759] {processor.py:163} INFO - Started process (PID=1963) to work on /home/airflow/.local/lib/python3.7/site-packages/airflow/example_dags/example_trigger_controller_dag.py
[2021-11-28 10:16:01,760] {processor.py:625} INFO - Processing file /home/airflow/.local/lib/python3.7/site-packages/airflow/example_dags/example_trigger_controller_dag.py for tasks to queue
[2021-11-28 10:16:01,760] {logging_mixin.py:109} INFO - [2021-11-28 10:16:01,760] {dagbag.py:500} INFO - Filling up the DagBag from /home/airflow/.local/lib/python3.7/site-packages/airflow/example_dags/example_trigger_controller_dag.py
[2021-11-28 10:16:01,782] {processor.py:637} INFO - DAG(s) dict_keys(['example_trigger_controller_dag']) retrieved from /home/airflow/.local/lib/python3.7/site-packages/airflow/example_dags/example_trigger_controller_dag.py
[2021-11-28 10:16:01,791] {logging_mixin.py:109} INFO - [2021-11-28 10:16:01,791] {dag.py:2396} INFO - Sync 1 DAGs
[2021-11-28 10:16:01,809] {logging_mixin.py:109} INFO - [2021-11-28 10:16:01,808] {dag.py:2928} INFO - Setting next_dagrun for example_trigger_controller_dag to 2021-01-01T00:00:00+00:00
[2021-11-28 10:16:01,819] {processor.py:171} INFO - Processing /home/airflow/.local/lib/python3.7/site-packages/airflow/example_dags/example_trigger_controller_dag.py took 0.063 seconds
[2021-11-28 10:16:32,456] {processor.py:163} INFO - Started process (PID=2024) to work on /home/airflow/.local/lib/python3.7/site-packages/airflow/example_dags/example_trigger_controller_dag.py
[2021-11-28 10:16:32,457] {processor.py:625} INFO - Processing file /home/airflow/.local/lib/python3.7/site-packages/airflow/example_dags/example_trigger_controller_dag.py for tasks to queue
[2021-11-28 10:16:32,457] {logging_mixin.py:109} INFO - [2021-11-28 10:16:32,457] {dagbag.py:500} INFO - Filling up the DagBag from /home/airflow/.local/lib/python3.7/site-packages/airflow/example_dags/example_trigger_controller_dag.py
[2021-11-28 10:16:32,475] {processor.py:637} INFO - DAG(s) dict_keys(['example_trigger_controller_dag']) retrieved from /home/airflow/.local/lib/python3.7/site-packages/airflow/example_dags/example_trigger_controller_dag.py
[2021-11-28 10:16:32,485] {logging_mixin.py:109} INFO - [2021-11-28 10:16:32,485] {dag.py:2396} INFO - Sync 1 DAGs
[2021-11-28 10:16:32,502] {logging_mixin.py:109} INFO - [2021-11-28 10:16:32,502] {dag.py:2928} INFO - Setting next_dagrun for example_trigger_controller_dag to 2021-01-01T00:00:00+00:00
[2021-11-28 10:16:32,513] {processor.py:171} INFO - Processing /home/airflow/.local/lib/python3.7/site-packages/airflow/example_dags/example_trigger_controller_dag.py took 0.059 seconds
[2021-11-28 10:17:03,399] {processor.py:163} INFO - Started process (PID=2084) to work on /home/airflow/.local/lib/python3.7/site-packages/airflow/example_dags/example_trigger_controller_dag.py
[2021-11-28 10:17:03,399] {processor.py:625} INFO - Processing file /home/airflow/.local/lib/python3.7/site-packages/airflow/example_dags/example_trigger_controller_dag.py for tasks to queue
[2021-11-28 10:17:03,400] {logging_mixin.py:109} INFO - [2021-11-28 10:17:03,400] {dagbag.py:500} INFO - Filling up the DagBag from /home/airflow/.local/lib/python3.7/site-packages/airflow/example_dags/example_trigger_controller_dag.py
[2021-11-28 10:17:03,421] {processor.py:637} INFO - DAG(s) dict_keys(['example_trigger_controller_dag']) retrieved from /home/airflow/.local/lib/python3.7/site-packages/airflow/example_dags/example_trigger_controller_dag.py
[2021-11-28 10:17:03,428] {logging_mixin.py:109} INFO - [2021-11-28 10:17:03,428] {dag.py:2396} INFO - Sync 1 DAGs
[2021-11-28 10:17:03,441] {logging_mixin.py:109} INFO - [2021-11-28 10:17:03,441] {dag.py:2928} INFO - Setting next_dagrun for example_trigger_controller_dag to 2021-01-01T00:00:00+00:00
[2021-11-28 10:17:03,450] {processor.py:171} INFO - Processing /home/airflow/.local/lib/python3.7/site-packages/airflow/example_dags/example_trigger_controller_dag.py took 0.053 seconds
