[2021-11-28 09:44:58,200] {processor.py:163} INFO - Started process (PID=196) to work on /home/airflow/.local/lib/python3.7/site-packages/airflow/example_dags/example_time_delta_sensor_async.py
[2021-11-28 09:44:58,201] {processor.py:625} INFO - Processing file /home/airflow/.local/lib/python3.7/site-packages/airflow/example_dags/example_time_delta_sensor_async.py for tasks to queue
[2021-11-28 09:44:58,202] {logging_mixin.py:109} INFO - [2021-11-28 09:44:58,202] {dagbag.py:500} INFO - Filling up the DagBag from /home/airflow/.local/lib/python3.7/site-packages/airflow/example_dags/example_time_delta_sensor_async.py
[2021-11-28 09:44:58,227] {processor.py:637} INFO - DAG(s) dict_keys(['example_time_delta_sensor_async']) retrieved from /home/airflow/.local/lib/python3.7/site-packages/airflow/example_dags/example_time_delta_sensor_async.py
[2021-11-28 09:44:59,224] {logging_mixin.py:109} INFO - [2021-11-28 09:44:59,224] {providers_manager.py:156} WARNING - Exception when importing 'airflow.providers.google.leveldb.hooks.leveldb.LevelDBHook' from 'apache-airflow-providers-google' package: No module named 'plyvel'
[2021-11-28 09:44:59,484] {logging_mixin.py:109} INFO - [2021-11-28 09:44:59,483] {providers_manager.py:156} WARNING - Exception when importing 'airflow.providers.google.leveldb.hooks.leveldb.LevelDBHook' from 'apache-airflow-providers-google' package: No module named 'plyvel'
[2021-11-28 09:44:59,509] {logging_mixin.py:109} INFO - [2021-11-28 09:44:59,509] {manager.py:496} INFO - Created Permission View: can read on DAG:example_time_delta_sensor_async
[2021-11-28 09:44:59,520] {logging_mixin.py:109} INFO - [2021-11-28 09:44:59,520] {manager.py:496} INFO - Created Permission View: can edit on DAG:example_time_delta_sensor_async
[2021-11-28 09:44:59,521] {logging_mixin.py:109} INFO - [2021-11-28 09:44:59,521] {dag.py:2396} INFO - Sync 1 DAGs
[2021-11-28 09:44:59,526] {logging_mixin.py:109} INFO - [2021-11-28 09:44:59,526] {dag.py:2415} INFO - Creating ORM DAG for example_time_delta_sensor_async
[2021-11-28 09:44:59,532] {logging_mixin.py:109} INFO - [2021-11-28 09:44:59,532] {dag.py:2928} INFO - Setting next_dagrun for example_time_delta_sensor_async to None
[2021-11-28 09:44:59,548] {processor.py:171} INFO - Processing /home/airflow/.local/lib/python3.7/site-packages/airflow/example_dags/example_time_delta_sensor_async.py took 1.351 seconds
[2021-11-28 09:45:30,500] {processor.py:163} INFO - Started process (PID=485) to work on /home/airflow/.local/lib/python3.7/site-packages/airflow/example_dags/example_time_delta_sensor_async.py
[2021-11-28 09:45:30,501] {processor.py:625} INFO - Processing file /home/airflow/.local/lib/python3.7/site-packages/airflow/example_dags/example_time_delta_sensor_async.py for tasks to queue
[2021-11-28 09:45:30,501] {logging_mixin.py:109} INFO - [2021-11-28 09:45:30,501] {dagbag.py:500} INFO - Filling up the DagBag from /home/airflow/.local/lib/python3.7/site-packages/airflow/example_dags/example_time_delta_sensor_async.py
[2021-11-28 09:45:30,519] {processor.py:637} INFO - DAG(s) dict_keys(['example_time_delta_sensor_async']) retrieved from /home/airflow/.local/lib/python3.7/site-packages/airflow/example_dags/example_time_delta_sensor_async.py
[2021-11-28 09:45:30,529] {logging_mixin.py:109} INFO - [2021-11-28 09:45:30,529] {dag.py:2396} INFO - Sync 1 DAGs
[2021-11-28 09:45:30,546] {logging_mixin.py:109} INFO - [2021-11-28 09:45:30,546] {dag.py:2928} INFO - Setting next_dagrun for example_time_delta_sensor_async to None
[2021-11-28 09:45:30,557] {processor.py:171} INFO - Processing /home/airflow/.local/lib/python3.7/site-packages/airflow/example_dags/example_time_delta_sensor_async.py took 0.058 seconds
[2021-11-28 09:46:01,094] {processor.py:163} INFO - Started process (PID=545) to work on /home/airflow/.local/lib/python3.7/site-packages/airflow/example_dags/example_time_delta_sensor_async.py
[2021-11-28 09:46:01,095] {processor.py:625} INFO - Processing file /home/airflow/.local/lib/python3.7/site-packages/airflow/example_dags/example_time_delta_sensor_async.py for tasks to queue
[2021-11-28 09:46:01,096] {logging_mixin.py:109} INFO - [2021-11-28 09:46:01,096] {dagbag.py:500} INFO - Filling up the DagBag from /home/airflow/.local/lib/python3.7/site-packages/airflow/example_dags/example_time_delta_sensor_async.py
[2021-11-28 09:46:01,120] {processor.py:637} INFO - DAG(s) dict_keys(['example_time_delta_sensor_async']) retrieved from /home/airflow/.local/lib/python3.7/site-packages/airflow/example_dags/example_time_delta_sensor_async.py
[2021-11-28 09:46:01,129] {logging_mixin.py:109} INFO - [2021-11-28 09:46:01,129] {dag.py:2396} INFO - Sync 1 DAGs
[2021-11-28 09:46:01,146] {logging_mixin.py:109} INFO - [2021-11-28 09:46:01,146] {dag.py:2928} INFO - Setting next_dagrun for example_time_delta_sensor_async to None
[2021-11-28 09:46:01,157] {processor.py:171} INFO - Processing /home/airflow/.local/lib/python3.7/site-packages/airflow/example_dags/example_time_delta_sensor_async.py took 0.065 seconds
[2021-11-28 09:46:31,309] {processor.py:163} INFO - Started process (PID=596) to work on /home/airflow/.local/lib/python3.7/site-packages/airflow/example_dags/example_time_delta_sensor_async.py
[2021-11-28 09:46:31,310] {processor.py:625} INFO - Processing file /home/airflow/.local/lib/python3.7/site-packages/airflow/example_dags/example_time_delta_sensor_async.py for tasks to queue
[2021-11-28 09:46:31,310] {logging_mixin.py:109} INFO - [2021-11-28 09:46:31,310] {dagbag.py:500} INFO - Filling up the DagBag from /home/airflow/.local/lib/python3.7/site-packages/airflow/example_dags/example_time_delta_sensor_async.py
[2021-11-28 09:46:31,332] {processor.py:637} INFO - DAG(s) dict_keys(['example_time_delta_sensor_async']) retrieved from /home/airflow/.local/lib/python3.7/site-packages/airflow/example_dags/example_time_delta_sensor_async.py
[2021-11-28 09:46:31,342] {logging_mixin.py:109} INFO - [2021-11-28 09:46:31,341] {dag.py:2396} INFO - Sync 1 DAGs
[2021-11-28 09:46:31,359] {logging_mixin.py:109} INFO - [2021-11-28 09:46:31,359] {dag.py:2928} INFO - Setting next_dagrun for example_time_delta_sensor_async to None
[2021-11-28 09:46:31,370] {processor.py:171} INFO - Processing /home/airflow/.local/lib/python3.7/site-packages/airflow/example_dags/example_time_delta_sensor_async.py took 0.064 seconds
[2021-11-28 09:48:49,719] {processor.py:163} INFO - Started process (PID=43) to work on /home/airflow/.local/lib/python3.7/site-packages/airflow/example_dags/example_time_delta_sensor_async.py
[2021-11-28 09:48:49,720] {processor.py:625} INFO - Processing file /home/airflow/.local/lib/python3.7/site-packages/airflow/example_dags/example_time_delta_sensor_async.py for tasks to queue
[2021-11-28 09:48:49,721] {logging_mixin.py:109} INFO - [2021-11-28 09:48:49,721] {dagbag.py:500} INFO - Filling up the DagBag from /home/airflow/.local/lib/python3.7/site-packages/airflow/example_dags/example_time_delta_sensor_async.py
[2021-11-28 09:48:49,744] {processor.py:637} INFO - DAG(s) dict_keys(['example_time_delta_sensor_async']) retrieved from /home/airflow/.local/lib/python3.7/site-packages/airflow/example_dags/example_time_delta_sensor_async.py
[2021-11-28 09:48:49,755] {logging_mixin.py:109} INFO - [2021-11-28 09:48:49,755] {dag.py:2396} INFO - Sync 1 DAGs
[2021-11-28 09:48:49,768] {logging_mixin.py:109} INFO - [2021-11-28 09:48:49,768] {dag.py:2928} INFO - Setting next_dagrun for example_time_delta_sensor_async to None
[2021-11-28 09:48:49,777] {processor.py:171} INFO - Processing /home/airflow/.local/lib/python3.7/site-packages/airflow/example_dags/example_time_delta_sensor_async.py took 0.059 seconds
[2021-11-28 09:49:20,890] {processor.py:163} INFO - Started process (PID=103) to work on /home/airflow/.local/lib/python3.7/site-packages/airflow/example_dags/example_time_delta_sensor_async.py
[2021-11-28 09:49:20,892] {processor.py:625} INFO - Processing file /home/airflow/.local/lib/python3.7/site-packages/airflow/example_dags/example_time_delta_sensor_async.py for tasks to queue
[2021-11-28 09:49:20,893] {logging_mixin.py:109} INFO - [2021-11-28 09:49:20,893] {dagbag.py:500} INFO - Filling up the DagBag from /home/airflow/.local/lib/python3.7/site-packages/airflow/example_dags/example_time_delta_sensor_async.py
[2021-11-28 09:49:20,914] {processor.py:637} INFO - DAG(s) dict_keys(['example_time_delta_sensor_async']) retrieved from /home/airflow/.local/lib/python3.7/site-packages/airflow/example_dags/example_time_delta_sensor_async.py
[2021-11-28 09:49:20,921] {logging_mixin.py:109} INFO - [2021-11-28 09:49:20,921] {dag.py:2396} INFO - Sync 1 DAGs
[2021-11-28 09:49:20,934] {logging_mixin.py:109} INFO - [2021-11-28 09:49:20,934] {dag.py:2928} INFO - Setting next_dagrun for example_time_delta_sensor_async to None
[2021-11-28 09:49:20,942] {processor.py:171} INFO - Processing /home/airflow/.local/lib/python3.7/site-packages/airflow/example_dags/example_time_delta_sensor_async.py took 0.055 seconds
[2021-11-28 09:49:51,959] {processor.py:163} INFO - Started process (PID=154) to work on /home/airflow/.local/lib/python3.7/site-packages/airflow/example_dags/example_time_delta_sensor_async.py
[2021-11-28 09:49:51,960] {processor.py:625} INFO - Processing file /home/airflow/.local/lib/python3.7/site-packages/airflow/example_dags/example_time_delta_sensor_async.py for tasks to queue
[2021-11-28 09:49:51,961] {logging_mixin.py:109} INFO - [2021-11-28 09:49:51,961] {dagbag.py:500} INFO - Filling up the DagBag from /home/airflow/.local/lib/python3.7/site-packages/airflow/example_dags/example_time_delta_sensor_async.py
[2021-11-28 09:49:51,986] {processor.py:637} INFO - DAG(s) dict_keys(['example_time_delta_sensor_async']) retrieved from /home/airflow/.local/lib/python3.7/site-packages/airflow/example_dags/example_time_delta_sensor_async.py
[2021-11-28 09:49:51,995] {logging_mixin.py:109} INFO - [2021-11-28 09:49:51,995] {dag.py:2396} INFO - Sync 1 DAGs
[2021-11-28 09:49:52,012] {logging_mixin.py:109} INFO - [2021-11-28 09:49:52,012] {dag.py:2928} INFO - Setting next_dagrun for example_time_delta_sensor_async to None
[2021-11-28 09:49:52,023] {processor.py:171} INFO - Processing /home/airflow/.local/lib/python3.7/site-packages/airflow/example_dags/example_time_delta_sensor_async.py took 0.067 seconds
[2021-11-28 09:50:22,903] {processor.py:163} INFO - Started process (PID=214) to work on /home/airflow/.local/lib/python3.7/site-packages/airflow/example_dags/example_time_delta_sensor_async.py
[2021-11-28 09:50:22,904] {processor.py:625} INFO - Processing file /home/airflow/.local/lib/python3.7/site-packages/airflow/example_dags/example_time_delta_sensor_async.py for tasks to queue
[2021-11-28 09:50:22,904] {logging_mixin.py:109} INFO - [2021-11-28 09:50:22,904] {dagbag.py:500} INFO - Filling up the DagBag from /home/airflow/.local/lib/python3.7/site-packages/airflow/example_dags/example_time_delta_sensor_async.py
[2021-11-28 09:50:22,924] {processor.py:637} INFO - DAG(s) dict_keys(['example_time_delta_sensor_async']) retrieved from /home/airflow/.local/lib/python3.7/site-packages/airflow/example_dags/example_time_delta_sensor_async.py
[2021-11-28 09:50:22,931] {logging_mixin.py:109} INFO - [2021-11-28 09:50:22,931] {dag.py:2396} INFO - Sync 1 DAGs
[2021-11-28 09:50:22,947] {logging_mixin.py:109} INFO - [2021-11-28 09:50:22,947] {dag.py:2928} INFO - Setting next_dagrun for example_time_delta_sensor_async to None
[2021-11-28 09:50:22,958] {processor.py:171} INFO - Processing /home/airflow/.local/lib/python3.7/site-packages/airflow/example_dags/example_time_delta_sensor_async.py took 0.056 seconds
[2021-11-28 09:50:53,899] {processor.py:163} INFO - Started process (PID=274) to work on /home/airflow/.local/lib/python3.7/site-packages/airflow/example_dags/example_time_delta_sensor_async.py
[2021-11-28 09:50:53,900] {processor.py:625} INFO - Processing file /home/airflow/.local/lib/python3.7/site-packages/airflow/example_dags/example_time_delta_sensor_async.py for tasks to queue
[2021-11-28 09:50:53,900] {logging_mixin.py:109} INFO - [2021-11-28 09:50:53,900] {dagbag.py:500} INFO - Filling up the DagBag from /home/airflow/.local/lib/python3.7/site-packages/airflow/example_dags/example_time_delta_sensor_async.py
[2021-11-28 09:50:53,923] {processor.py:637} INFO - DAG(s) dict_keys(['example_time_delta_sensor_async']) retrieved from /home/airflow/.local/lib/python3.7/site-packages/airflow/example_dags/example_time_delta_sensor_async.py
[2021-11-28 09:50:53,934] {logging_mixin.py:109} INFO - [2021-11-28 09:50:53,934] {dag.py:2396} INFO - Sync 1 DAGs
[2021-11-28 09:50:53,952] {logging_mixin.py:109} INFO - [2021-11-28 09:50:53,952] {dag.py:2928} INFO - Setting next_dagrun for example_time_delta_sensor_async to None
[2021-11-28 09:50:53,964] {processor.py:171} INFO - Processing /home/airflow/.local/lib/python3.7/site-packages/airflow/example_dags/example_time_delta_sensor_async.py took 0.067 seconds
[2021-11-28 09:51:48,257] {processor.py:163} INFO - Started process (PID=42) to work on /home/airflow/.local/lib/python3.7/site-packages/airflow/example_dags/example_time_delta_sensor_async.py
[2021-11-28 09:51:48,258] {processor.py:625} INFO - Processing file /home/airflow/.local/lib/python3.7/site-packages/airflow/example_dags/example_time_delta_sensor_async.py for tasks to queue
[2021-11-28 09:51:48,258] {logging_mixin.py:109} INFO - [2021-11-28 09:51:48,258] {dagbag.py:500} INFO - Filling up the DagBag from /home/airflow/.local/lib/python3.7/site-packages/airflow/example_dags/example_time_delta_sensor_async.py
[2021-11-28 09:51:48,279] {processor.py:637} INFO - DAG(s) dict_keys(['example_time_delta_sensor_async']) retrieved from /home/airflow/.local/lib/python3.7/site-packages/airflow/example_dags/example_time_delta_sensor_async.py
[2021-11-28 09:51:48,286] {logging_mixin.py:109} INFO - [2021-11-28 09:51:48,286] {dag.py:2396} INFO - Sync 1 DAGs
[2021-11-28 09:51:48,308] {logging_mixin.py:109} INFO - [2021-11-28 09:51:48,308] {dag.py:2928} INFO - Setting next_dagrun for example_time_delta_sensor_async to None
[2021-11-28 09:51:48,319] {processor.py:171} INFO - Processing /home/airflow/.local/lib/python3.7/site-packages/airflow/example_dags/example_time_delta_sensor_async.py took 0.065 seconds
[2021-11-28 09:52:18,596] {processor.py:163} INFO - Started process (PID=104) to work on /home/airflow/.local/lib/python3.7/site-packages/airflow/example_dags/example_time_delta_sensor_async.py
[2021-11-28 09:52:18,598] {processor.py:625} INFO - Processing file /home/airflow/.local/lib/python3.7/site-packages/airflow/example_dags/example_time_delta_sensor_async.py for tasks to queue
[2021-11-28 09:52:18,598] {logging_mixin.py:109} INFO - [2021-11-28 09:52:18,598] {dagbag.py:500} INFO - Filling up the DagBag from /home/airflow/.local/lib/python3.7/site-packages/airflow/example_dags/example_time_delta_sensor_async.py
[2021-11-28 09:52:18,618] {processor.py:637} INFO - DAG(s) dict_keys(['example_time_delta_sensor_async']) retrieved from /home/airflow/.local/lib/python3.7/site-packages/airflow/example_dags/example_time_delta_sensor_async.py
[2021-11-28 09:52:18,627] {logging_mixin.py:109} INFO - [2021-11-28 09:52:18,627] {dag.py:2396} INFO - Sync 1 DAGs
[2021-11-28 09:52:18,645] {logging_mixin.py:109} INFO - [2021-11-28 09:52:18,645] {dag.py:2928} INFO - Setting next_dagrun for example_time_delta_sensor_async to None
[2021-11-28 09:52:18,657] {processor.py:171} INFO - Processing /home/airflow/.local/lib/python3.7/site-packages/airflow/example_dags/example_time_delta_sensor_async.py took 0.063 seconds
[2021-11-28 09:52:49,533] {processor.py:163} INFO - Started process (PID=155) to work on /home/airflow/.local/lib/python3.7/site-packages/airflow/example_dags/example_time_delta_sensor_async.py
[2021-11-28 09:52:49,534] {processor.py:625} INFO - Processing file /home/airflow/.local/lib/python3.7/site-packages/airflow/example_dags/example_time_delta_sensor_async.py for tasks to queue
[2021-11-28 09:52:49,535] {logging_mixin.py:109} INFO - [2021-11-28 09:52:49,534] {dagbag.py:500} INFO - Filling up the DagBag from /home/airflow/.local/lib/python3.7/site-packages/airflow/example_dags/example_time_delta_sensor_async.py
[2021-11-28 09:52:49,556] {processor.py:637} INFO - DAG(s) dict_keys(['example_time_delta_sensor_async']) retrieved from /home/airflow/.local/lib/python3.7/site-packages/airflow/example_dags/example_time_delta_sensor_async.py
[2021-11-28 09:52:49,562] {logging_mixin.py:109} INFO - [2021-11-28 09:52:49,562] {dag.py:2396} INFO - Sync 1 DAGs
[2021-11-28 09:52:49,573] {logging_mixin.py:109} INFO - [2021-11-28 09:52:49,573] {dag.py:2928} INFO - Setting next_dagrun for example_time_delta_sensor_async to None
[2021-11-28 09:52:49,581] {processor.py:171} INFO - Processing /home/airflow/.local/lib/python3.7/site-packages/airflow/example_dags/example_time_delta_sensor_async.py took 0.051 seconds
[2021-11-28 09:58:33,915] {processor.py:163} INFO - Started process (PID=42) to work on /home/airflow/.local/lib/python3.7/site-packages/airflow/example_dags/example_time_delta_sensor_async.py
[2021-11-28 09:58:33,916] {processor.py:625} INFO - Processing file /home/airflow/.local/lib/python3.7/site-packages/airflow/example_dags/example_time_delta_sensor_async.py for tasks to queue
[2021-11-28 09:58:33,917] {logging_mixin.py:109} INFO - [2021-11-28 09:58:33,917] {dagbag.py:500} INFO - Filling up the DagBag from /home/airflow/.local/lib/python3.7/site-packages/airflow/example_dags/example_time_delta_sensor_async.py
[2021-11-28 09:58:33,939] {processor.py:637} INFO - DAG(s) dict_keys(['example_time_delta_sensor_async']) retrieved from /home/airflow/.local/lib/python3.7/site-packages/airflow/example_dags/example_time_delta_sensor_async.py
[2021-11-28 09:58:33,951] {logging_mixin.py:109} INFO - [2021-11-28 09:58:33,951] {dag.py:2396} INFO - Sync 1 DAGs
[2021-11-28 09:58:33,974] {logging_mixin.py:109} INFO - [2021-11-28 09:58:33,973] {dag.py:2928} INFO - Setting next_dagrun for example_time_delta_sensor_async to None
[2021-11-28 09:58:33,987] {processor.py:171} INFO - Processing /home/airflow/.local/lib/python3.7/site-packages/airflow/example_dags/example_time_delta_sensor_async.py took 0.073 seconds
[2021-11-28 09:59:04,901] {processor.py:163} INFO - Started process (PID=102) to work on /home/airflow/.local/lib/python3.7/site-packages/airflow/example_dags/example_time_delta_sensor_async.py
[2021-11-28 09:59:04,902] {processor.py:625} INFO - Processing file /home/airflow/.local/lib/python3.7/site-packages/airflow/example_dags/example_time_delta_sensor_async.py for tasks to queue
[2021-11-28 09:59:04,903] {logging_mixin.py:109} INFO - [2021-11-28 09:59:04,903] {dagbag.py:500} INFO - Filling up the DagBag from /home/airflow/.local/lib/python3.7/site-packages/airflow/example_dags/example_time_delta_sensor_async.py
[2021-11-28 09:59:04,925] {processor.py:637} INFO - DAG(s) dict_keys(['example_time_delta_sensor_async']) retrieved from /home/airflow/.local/lib/python3.7/site-packages/airflow/example_dags/example_time_delta_sensor_async.py
[2021-11-28 09:59:04,931] {logging_mixin.py:109} INFO - [2021-11-28 09:59:04,931] {dag.py:2396} INFO - Sync 1 DAGs
[2021-11-28 09:59:04,942] {logging_mixin.py:109} INFO - [2021-11-28 09:59:04,942] {dag.py:2928} INFO - Setting next_dagrun for example_time_delta_sensor_async to None
[2021-11-28 09:59:04,950] {processor.py:171} INFO - Processing /home/airflow/.local/lib/python3.7/site-packages/airflow/example_dags/example_time_delta_sensor_async.py took 0.051 seconds
[2021-11-28 09:59:35,755] {processor.py:163} INFO - Started process (PID=160) to work on /home/airflow/.local/lib/python3.7/site-packages/airflow/example_dags/example_time_delta_sensor_async.py
[2021-11-28 09:59:35,756] {processor.py:625} INFO - Processing file /home/airflow/.local/lib/python3.7/site-packages/airflow/example_dags/example_time_delta_sensor_async.py for tasks to queue
[2021-11-28 09:59:35,756] {logging_mixin.py:109} INFO - [2021-11-28 09:59:35,756] {dagbag.py:500} INFO - Filling up the DagBag from /home/airflow/.local/lib/python3.7/site-packages/airflow/example_dags/example_time_delta_sensor_async.py
[2021-11-28 09:59:35,780] {processor.py:637} INFO - DAG(s) dict_keys(['example_time_delta_sensor_async']) retrieved from /home/airflow/.local/lib/python3.7/site-packages/airflow/example_dags/example_time_delta_sensor_async.py
[2021-11-28 09:59:35,787] {logging_mixin.py:109} INFO - [2021-11-28 09:59:35,787] {dag.py:2396} INFO - Sync 1 DAGs
[2021-11-28 09:59:35,801] {logging_mixin.py:109} INFO - [2021-11-28 09:59:35,801] {dag.py:2928} INFO - Setting next_dagrun for example_time_delta_sensor_async to None
[2021-11-28 09:59:35,810] {processor.py:171} INFO - Processing /home/airflow/.local/lib/python3.7/site-packages/airflow/example_dags/example_time_delta_sensor_async.py took 0.058 seconds
[2021-11-28 10:00:06,664] {processor.py:163} INFO - Started process (PID=213) to work on /home/airflow/.local/lib/python3.7/site-packages/airflow/example_dags/example_time_delta_sensor_async.py
[2021-11-28 10:00:06,667] {processor.py:625} INFO - Processing file /home/airflow/.local/lib/python3.7/site-packages/airflow/example_dags/example_time_delta_sensor_async.py for tasks to queue
[2021-11-28 10:00:06,667] {logging_mixin.py:109} INFO - [2021-11-28 10:00:06,667] {dagbag.py:500} INFO - Filling up the DagBag from /home/airflow/.local/lib/python3.7/site-packages/airflow/example_dags/example_time_delta_sensor_async.py
[2021-11-28 10:00:06,686] {processor.py:637} INFO - DAG(s) dict_keys(['example_time_delta_sensor_async']) retrieved from /home/airflow/.local/lib/python3.7/site-packages/airflow/example_dags/example_time_delta_sensor_async.py
[2021-11-28 10:00:06,694] {logging_mixin.py:109} INFO - [2021-11-28 10:00:06,694] {dag.py:2396} INFO - Sync 1 DAGs
[2021-11-28 10:00:06,704] {logging_mixin.py:109} INFO - [2021-11-28 10:00:06,704] {dag.py:2928} INFO - Setting next_dagrun for example_time_delta_sensor_async to None
[2021-11-28 10:00:06,712] {processor.py:171} INFO - Processing /home/airflow/.local/lib/python3.7/site-packages/airflow/example_dags/example_time_delta_sensor_async.py took 0.050 seconds
[2021-11-28 10:00:37,485] {processor.py:163} INFO - Started process (PID=273) to work on /home/airflow/.local/lib/python3.7/site-packages/airflow/example_dags/example_time_delta_sensor_async.py
[2021-11-28 10:00:37,486] {processor.py:625} INFO - Processing file /home/airflow/.local/lib/python3.7/site-packages/airflow/example_dags/example_time_delta_sensor_async.py for tasks to queue
[2021-11-28 10:00:37,487] {logging_mixin.py:109} INFO - [2021-11-28 10:00:37,486] {dagbag.py:500} INFO - Filling up the DagBag from /home/airflow/.local/lib/python3.7/site-packages/airflow/example_dags/example_time_delta_sensor_async.py
[2021-11-28 10:00:37,505] {processor.py:637} INFO - DAG(s) dict_keys(['example_time_delta_sensor_async']) retrieved from /home/airflow/.local/lib/python3.7/site-packages/airflow/example_dags/example_time_delta_sensor_async.py
[2021-11-28 10:00:37,512] {logging_mixin.py:109} INFO - [2021-11-28 10:00:37,512] {dag.py:2396} INFO - Sync 1 DAGs
[2021-11-28 10:00:37,525] {logging_mixin.py:109} INFO - [2021-11-28 10:00:37,525] {dag.py:2928} INFO - Setting next_dagrun for example_time_delta_sensor_async to None
[2021-11-28 10:00:37,533] {processor.py:171} INFO - Processing /home/airflow/.local/lib/python3.7/site-packages/airflow/example_dags/example_time_delta_sensor_async.py took 0.051 seconds
[2021-11-28 10:01:08,418] {processor.py:163} INFO - Started process (PID=324) to work on /home/airflow/.local/lib/python3.7/site-packages/airflow/example_dags/example_time_delta_sensor_async.py
[2021-11-28 10:01:08,419] {processor.py:625} INFO - Processing file /home/airflow/.local/lib/python3.7/site-packages/airflow/example_dags/example_time_delta_sensor_async.py for tasks to queue
[2021-11-28 10:01:08,420] {logging_mixin.py:109} INFO - [2021-11-28 10:01:08,420] {dagbag.py:500} INFO - Filling up the DagBag from /home/airflow/.local/lib/python3.7/site-packages/airflow/example_dags/example_time_delta_sensor_async.py
[2021-11-28 10:01:08,444] {processor.py:637} INFO - DAG(s) dict_keys(['example_time_delta_sensor_async']) retrieved from /home/airflow/.local/lib/python3.7/site-packages/airflow/example_dags/example_time_delta_sensor_async.py
[2021-11-28 10:01:08,453] {logging_mixin.py:109} INFO - [2021-11-28 10:01:08,453] {dag.py:2396} INFO - Sync 1 DAGs
[2021-11-28 10:01:08,471] {logging_mixin.py:109} INFO - [2021-11-28 10:01:08,471] {dag.py:2928} INFO - Setting next_dagrun for example_time_delta_sensor_async to None
[2021-11-28 10:01:08,483] {processor.py:171} INFO - Processing /home/airflow/.local/lib/python3.7/site-packages/airflow/example_dags/example_time_delta_sensor_async.py took 0.067 seconds
[2021-11-28 10:01:39,350] {processor.py:163} INFO - Started process (PID=384) to work on /home/airflow/.local/lib/python3.7/site-packages/airflow/example_dags/example_time_delta_sensor_async.py
[2021-11-28 10:01:39,351] {processor.py:625} INFO - Processing file /home/airflow/.local/lib/python3.7/site-packages/airflow/example_dags/example_time_delta_sensor_async.py for tasks to queue
[2021-11-28 10:01:39,351] {logging_mixin.py:109} INFO - [2021-11-28 10:01:39,351] {dagbag.py:500} INFO - Filling up the DagBag from /home/airflow/.local/lib/python3.7/site-packages/airflow/example_dags/example_time_delta_sensor_async.py
[2021-11-28 10:01:39,375] {processor.py:637} INFO - DAG(s) dict_keys(['example_time_delta_sensor_async']) retrieved from /home/airflow/.local/lib/python3.7/site-packages/airflow/example_dags/example_time_delta_sensor_async.py
[2021-11-28 10:01:39,384] {logging_mixin.py:109} INFO - [2021-11-28 10:01:39,384] {dag.py:2396} INFO - Sync 1 DAGs
[2021-11-28 10:01:39,402] {logging_mixin.py:109} INFO - [2021-11-28 10:01:39,402] {dag.py:2928} INFO - Setting next_dagrun for example_time_delta_sensor_async to None
[2021-11-28 10:01:39,412] {processor.py:171} INFO - Processing /home/airflow/.local/lib/python3.7/site-packages/airflow/example_dags/example_time_delta_sensor_async.py took 0.065 seconds
[2021-11-28 10:02:10,252] {processor.py:163} INFO - Started process (PID=444) to work on /home/airflow/.local/lib/python3.7/site-packages/airflow/example_dags/example_time_delta_sensor_async.py
[2021-11-28 10:02:10,253] {processor.py:625} INFO - Processing file /home/airflow/.local/lib/python3.7/site-packages/airflow/example_dags/example_time_delta_sensor_async.py for tasks to queue
[2021-11-28 10:02:10,254] {logging_mixin.py:109} INFO - [2021-11-28 10:02:10,254] {dagbag.py:500} INFO - Filling up the DagBag from /home/airflow/.local/lib/python3.7/site-packages/airflow/example_dags/example_time_delta_sensor_async.py
[2021-11-28 10:02:10,280] {processor.py:637} INFO - DAG(s) dict_keys(['example_time_delta_sensor_async']) retrieved from /home/airflow/.local/lib/python3.7/site-packages/airflow/example_dags/example_time_delta_sensor_async.py
[2021-11-28 10:02:10,294] {logging_mixin.py:109} INFO - [2021-11-28 10:02:10,293] {dag.py:2396} INFO - Sync 1 DAGs
[2021-11-28 10:02:10,314] {logging_mixin.py:109} INFO - [2021-11-28 10:02:10,314] {dag.py:2928} INFO - Setting next_dagrun for example_time_delta_sensor_async to None
[2021-11-28 10:02:10,323] {processor.py:171} INFO - Processing /home/airflow/.local/lib/python3.7/site-packages/airflow/example_dags/example_time_delta_sensor_async.py took 0.074 seconds
[2021-11-28 10:02:41,241] {processor.py:163} INFO - Started process (PID=495) to work on /home/airflow/.local/lib/python3.7/site-packages/airflow/example_dags/example_time_delta_sensor_async.py
[2021-11-28 10:02:41,242] {processor.py:625} INFO - Processing file /home/airflow/.local/lib/python3.7/site-packages/airflow/example_dags/example_time_delta_sensor_async.py for tasks to queue
[2021-11-28 10:02:41,242] {logging_mixin.py:109} INFO - [2021-11-28 10:02:41,242] {dagbag.py:500} INFO - Filling up the DagBag from /home/airflow/.local/lib/python3.7/site-packages/airflow/example_dags/example_time_delta_sensor_async.py
[2021-11-28 10:02:41,259] {processor.py:637} INFO - DAG(s) dict_keys(['example_time_delta_sensor_async']) retrieved from /home/airflow/.local/lib/python3.7/site-packages/airflow/example_dags/example_time_delta_sensor_async.py
[2021-11-28 10:02:41,266] {logging_mixin.py:109} INFO - [2021-11-28 10:02:41,266] {dag.py:2396} INFO - Sync 1 DAGs
[2021-11-28 10:02:41,278] {logging_mixin.py:109} INFO - [2021-11-28 10:02:41,278] {dag.py:2928} INFO - Setting next_dagrun for example_time_delta_sensor_async to None
[2021-11-28 10:02:41,290] {processor.py:171} INFO - Processing /home/airflow/.local/lib/python3.7/site-packages/airflow/example_dags/example_time_delta_sensor_async.py took 0.051 seconds
[2021-11-28 10:03:12,160] {processor.py:163} INFO - Started process (PID=555) to work on /home/airflow/.local/lib/python3.7/site-packages/airflow/example_dags/example_time_delta_sensor_async.py
[2021-11-28 10:03:12,164] {processor.py:625} INFO - Processing file /home/airflow/.local/lib/python3.7/site-packages/airflow/example_dags/example_time_delta_sensor_async.py for tasks to queue
[2021-11-28 10:03:12,165] {logging_mixin.py:109} INFO - [2021-11-28 10:03:12,165] {dagbag.py:500} INFO - Filling up the DagBag from /home/airflow/.local/lib/python3.7/site-packages/airflow/example_dags/example_time_delta_sensor_async.py
[2021-11-28 10:03:12,188] {processor.py:637} INFO - DAG(s) dict_keys(['example_time_delta_sensor_async']) retrieved from /home/airflow/.local/lib/python3.7/site-packages/airflow/example_dags/example_time_delta_sensor_async.py
[2021-11-28 10:03:12,197] {logging_mixin.py:109} INFO - [2021-11-28 10:03:12,197] {dag.py:2396} INFO - Sync 1 DAGs
[2021-11-28 10:03:12,209] {logging_mixin.py:109} INFO - [2021-11-28 10:03:12,209] {dag.py:2928} INFO - Setting next_dagrun for example_time_delta_sensor_async to None
[2021-11-28 10:03:12,218] {processor.py:171} INFO - Processing /home/airflow/.local/lib/python3.7/site-packages/airflow/example_dags/example_time_delta_sensor_async.py took 0.061 seconds
[2021-11-28 10:03:43,102] {processor.py:163} INFO - Started process (PID=606) to work on /home/airflow/.local/lib/python3.7/site-packages/airflow/example_dags/example_time_delta_sensor_async.py
[2021-11-28 10:03:43,104] {processor.py:625} INFO - Processing file /home/airflow/.local/lib/python3.7/site-packages/airflow/example_dags/example_time_delta_sensor_async.py for tasks to queue
[2021-11-28 10:03:43,104] {logging_mixin.py:109} INFO - [2021-11-28 10:03:43,104] {dagbag.py:500} INFO - Filling up the DagBag from /home/airflow/.local/lib/python3.7/site-packages/airflow/example_dags/example_time_delta_sensor_async.py
[2021-11-28 10:03:43,129] {processor.py:637} INFO - DAG(s) dict_keys(['example_time_delta_sensor_async']) retrieved from /home/airflow/.local/lib/python3.7/site-packages/airflow/example_dags/example_time_delta_sensor_async.py
[2021-11-28 10:03:43,137] {logging_mixin.py:109} INFO - [2021-11-28 10:03:43,137] {dag.py:2396} INFO - Sync 1 DAGs
[2021-11-28 10:03:43,150] {logging_mixin.py:109} INFO - [2021-11-28 10:03:43,149] {dag.py:2928} INFO - Setting next_dagrun for example_time_delta_sensor_async to None
[2021-11-28 10:03:43,158] {processor.py:171} INFO - Processing /home/airflow/.local/lib/python3.7/site-packages/airflow/example_dags/example_time_delta_sensor_async.py took 0.058 seconds
[2021-11-28 10:04:13,996] {processor.py:163} INFO - Started process (PID=666) to work on /home/airflow/.local/lib/python3.7/site-packages/airflow/example_dags/example_time_delta_sensor_async.py
[2021-11-28 10:04:13,997] {processor.py:625} INFO - Processing file /home/airflow/.local/lib/python3.7/site-packages/airflow/example_dags/example_time_delta_sensor_async.py for tasks to queue
[2021-11-28 10:04:13,998] {logging_mixin.py:109} INFO - [2021-11-28 10:04:13,998] {dagbag.py:500} INFO - Filling up the DagBag from /home/airflow/.local/lib/python3.7/site-packages/airflow/example_dags/example_time_delta_sensor_async.py
[2021-11-28 10:04:14,022] {processor.py:637} INFO - DAG(s) dict_keys(['example_time_delta_sensor_async']) retrieved from /home/airflow/.local/lib/python3.7/site-packages/airflow/example_dags/example_time_delta_sensor_async.py
[2021-11-28 10:04:14,031] {logging_mixin.py:109} INFO - [2021-11-28 10:04:14,031] {dag.py:2396} INFO - Sync 1 DAGs
[2021-11-28 10:04:14,050] {logging_mixin.py:109} INFO - [2021-11-28 10:04:14,049] {dag.py:2928} INFO - Setting next_dagrun for example_time_delta_sensor_async to None
[2021-11-28 10:04:14,061] {processor.py:171} INFO - Processing /home/airflow/.local/lib/python3.7/site-packages/airflow/example_dags/example_time_delta_sensor_async.py took 0.068 seconds
[2021-11-28 10:04:45,164] {processor.py:163} INFO - Started process (PID=726) to work on /home/airflow/.local/lib/python3.7/site-packages/airflow/example_dags/example_time_delta_sensor_async.py
[2021-11-28 10:04:45,166] {processor.py:625} INFO - Processing file /home/airflow/.local/lib/python3.7/site-packages/airflow/example_dags/example_time_delta_sensor_async.py for tasks to queue
[2021-11-28 10:04:45,166] {logging_mixin.py:109} INFO - [2021-11-28 10:04:45,166] {dagbag.py:500} INFO - Filling up the DagBag from /home/airflow/.local/lib/python3.7/site-packages/airflow/example_dags/example_time_delta_sensor_async.py
[2021-11-28 10:04:45,190] {processor.py:637} INFO - DAG(s) dict_keys(['example_time_delta_sensor_async']) retrieved from /home/airflow/.local/lib/python3.7/site-packages/airflow/example_dags/example_time_delta_sensor_async.py
[2021-11-28 10:04:45,198] {logging_mixin.py:109} INFO - [2021-11-28 10:04:45,198] {dag.py:2396} INFO - Sync 1 DAGs
[2021-11-28 10:04:45,213] {logging_mixin.py:109} INFO - [2021-11-28 10:04:45,213] {dag.py:2928} INFO - Setting next_dagrun for example_time_delta_sensor_async to None
[2021-11-28 10:04:45,224] {processor.py:171} INFO - Processing /home/airflow/.local/lib/python3.7/site-packages/airflow/example_dags/example_time_delta_sensor_async.py took 0.062 seconds
[2021-11-28 10:05:16,115] {processor.py:163} INFO - Started process (PID=777) to work on /home/airflow/.local/lib/python3.7/site-packages/airflow/example_dags/example_time_delta_sensor_async.py
[2021-11-28 10:05:16,116] {processor.py:625} INFO - Processing file /home/airflow/.local/lib/python3.7/site-packages/airflow/example_dags/example_time_delta_sensor_async.py for tasks to queue
[2021-11-28 10:05:16,117] {logging_mixin.py:109} INFO - [2021-11-28 10:05:16,117] {dagbag.py:500} INFO - Filling up the DagBag from /home/airflow/.local/lib/python3.7/site-packages/airflow/example_dags/example_time_delta_sensor_async.py
[2021-11-28 10:05:16,142] {processor.py:637} INFO - DAG(s) dict_keys(['example_time_delta_sensor_async']) retrieved from /home/airflow/.local/lib/python3.7/site-packages/airflow/example_dags/example_time_delta_sensor_async.py
[2021-11-28 10:05:16,151] {logging_mixin.py:109} INFO - [2021-11-28 10:05:16,151] {dag.py:2396} INFO - Sync 1 DAGs
[2021-11-28 10:05:16,169] {logging_mixin.py:109} INFO - [2021-11-28 10:05:16,169] {dag.py:2928} INFO - Setting next_dagrun for example_time_delta_sensor_async to None
[2021-11-28 10:05:16,180] {processor.py:171} INFO - Processing /home/airflow/.local/lib/python3.7/site-packages/airflow/example_dags/example_time_delta_sensor_async.py took 0.068 seconds
[2021-11-28 10:05:47,187] {processor.py:163} INFO - Started process (PID=837) to work on /home/airflow/.local/lib/python3.7/site-packages/airflow/example_dags/example_time_delta_sensor_async.py
[2021-11-28 10:05:47,188] {processor.py:625} INFO - Processing file /home/airflow/.local/lib/python3.7/site-packages/airflow/example_dags/example_time_delta_sensor_async.py for tasks to queue
[2021-11-28 10:05:47,189] {logging_mixin.py:109} INFO - [2021-11-28 10:05:47,189] {dagbag.py:500} INFO - Filling up the DagBag from /home/airflow/.local/lib/python3.7/site-packages/airflow/example_dags/example_time_delta_sensor_async.py
[2021-11-28 10:05:47,215] {processor.py:637} INFO - DAG(s) dict_keys(['example_time_delta_sensor_async']) retrieved from /home/airflow/.local/lib/python3.7/site-packages/airflow/example_dags/example_time_delta_sensor_async.py
[2021-11-28 10:05:47,226] {logging_mixin.py:109} INFO - [2021-11-28 10:05:47,226] {dag.py:2396} INFO - Sync 1 DAGs
[2021-11-28 10:05:47,246] {logging_mixin.py:109} INFO - [2021-11-28 10:05:47,246] {dag.py:2928} INFO - Setting next_dagrun for example_time_delta_sensor_async to None
[2021-11-28 10:05:47,258] {processor.py:171} INFO - Processing /home/airflow/.local/lib/python3.7/site-packages/airflow/example_dags/example_time_delta_sensor_async.py took 0.074 seconds
[2021-11-28 10:06:17,442] {processor.py:163} INFO - Started process (PID=888) to work on /home/airflow/.local/lib/python3.7/site-packages/airflow/example_dags/example_time_delta_sensor_async.py
[2021-11-28 10:06:17,443] {processor.py:625} INFO - Processing file /home/airflow/.local/lib/python3.7/site-packages/airflow/example_dags/example_time_delta_sensor_async.py for tasks to queue
[2021-11-28 10:06:17,444] {logging_mixin.py:109} INFO - [2021-11-28 10:06:17,444] {dagbag.py:500} INFO - Filling up the DagBag from /home/airflow/.local/lib/python3.7/site-packages/airflow/example_dags/example_time_delta_sensor_async.py
[2021-11-28 10:06:17,466] {processor.py:637} INFO - DAG(s) dict_keys(['example_time_delta_sensor_async']) retrieved from /home/airflow/.local/lib/python3.7/site-packages/airflow/example_dags/example_time_delta_sensor_async.py
[2021-11-28 10:06:17,474] {logging_mixin.py:109} INFO - [2021-11-28 10:06:17,474] {dag.py:2396} INFO - Sync 1 DAGs
[2021-11-28 10:06:17,487] {logging_mixin.py:109} INFO - [2021-11-28 10:06:17,487] {dag.py:2928} INFO - Setting next_dagrun for example_time_delta_sensor_async to None
[2021-11-28 10:06:17,497] {processor.py:171} INFO - Processing /home/airflow/.local/lib/python3.7/site-packages/airflow/example_dags/example_time_delta_sensor_async.py took 0.057 seconds
[2021-11-28 10:06:48,184] {processor.py:163} INFO - Started process (PID=948) to work on /home/airflow/.local/lib/python3.7/site-packages/airflow/example_dags/example_time_delta_sensor_async.py
[2021-11-28 10:06:48,186] {processor.py:625} INFO - Processing file /home/airflow/.local/lib/python3.7/site-packages/airflow/example_dags/example_time_delta_sensor_async.py for tasks to queue
[2021-11-28 10:06:48,187] {logging_mixin.py:109} INFO - [2021-11-28 10:06:48,187] {dagbag.py:500} INFO - Filling up the DagBag from /home/airflow/.local/lib/python3.7/site-packages/airflow/example_dags/example_time_delta_sensor_async.py
[2021-11-28 10:06:48,205] {processor.py:637} INFO - DAG(s) dict_keys(['example_time_delta_sensor_async']) retrieved from /home/airflow/.local/lib/python3.7/site-packages/airflow/example_dags/example_time_delta_sensor_async.py
[2021-11-28 10:06:48,212] {logging_mixin.py:109} INFO - [2021-11-28 10:06:48,212] {dag.py:2396} INFO - Sync 1 DAGs
[2021-11-28 10:06:48,226] {logging_mixin.py:109} INFO - [2021-11-28 10:06:48,226] {dag.py:2928} INFO - Setting next_dagrun for example_time_delta_sensor_async to None
[2021-11-28 10:06:48,235] {processor.py:171} INFO - Processing /home/airflow/.local/lib/python3.7/site-packages/airflow/example_dags/example_time_delta_sensor_async.py took 0.053 seconds
[2021-11-28 10:07:18,838] {processor.py:163} INFO - Started process (PID=999) to work on /home/airflow/.local/lib/python3.7/site-packages/airflow/example_dags/example_time_delta_sensor_async.py
[2021-11-28 10:07:18,838] {processor.py:625} INFO - Processing file /home/airflow/.local/lib/python3.7/site-packages/airflow/example_dags/example_time_delta_sensor_async.py for tasks to queue
[2021-11-28 10:07:18,839] {logging_mixin.py:109} INFO - [2021-11-28 10:07:18,839] {dagbag.py:500} INFO - Filling up the DagBag from /home/airflow/.local/lib/python3.7/site-packages/airflow/example_dags/example_time_delta_sensor_async.py
[2021-11-28 10:07:18,856] {processor.py:637} INFO - DAG(s) dict_keys(['example_time_delta_sensor_async']) retrieved from /home/airflow/.local/lib/python3.7/site-packages/airflow/example_dags/example_time_delta_sensor_async.py
[2021-11-28 10:07:18,865] {logging_mixin.py:109} INFO - [2021-11-28 10:07:18,865] {dag.py:2396} INFO - Sync 1 DAGs
[2021-11-28 10:07:18,948] {logging_mixin.py:109} INFO - [2021-11-28 10:07:18,948] {dag.py:2928} INFO - Setting next_dagrun for example_time_delta_sensor_async to None
[2021-11-28 10:07:18,956] {processor.py:171} INFO - Processing /home/airflow/.local/lib/python3.7/site-packages/airflow/example_dags/example_time_delta_sensor_async.py took 0.121 seconds
[2021-11-28 10:07:49,685] {processor.py:163} INFO - Started process (PID=1059) to work on /home/airflow/.local/lib/python3.7/site-packages/airflow/example_dags/example_time_delta_sensor_async.py
[2021-11-28 10:07:49,687] {processor.py:625} INFO - Processing file /home/airflow/.local/lib/python3.7/site-packages/airflow/example_dags/example_time_delta_sensor_async.py for tasks to queue
[2021-11-28 10:07:49,687] {logging_mixin.py:109} INFO - [2021-11-28 10:07:49,687] {dagbag.py:500} INFO - Filling up the DagBag from /home/airflow/.local/lib/python3.7/site-packages/airflow/example_dags/example_time_delta_sensor_async.py
[2021-11-28 10:07:49,707] {processor.py:637} INFO - DAG(s) dict_keys(['example_time_delta_sensor_async']) retrieved from /home/airflow/.local/lib/python3.7/site-packages/airflow/example_dags/example_time_delta_sensor_async.py
[2021-11-28 10:07:49,717] {logging_mixin.py:109} INFO - [2021-11-28 10:07:49,717] {dag.py:2396} INFO - Sync 1 DAGs
[2021-11-28 10:07:49,810] {logging_mixin.py:109} INFO - [2021-11-28 10:07:49,810] {dag.py:2928} INFO - Setting next_dagrun for example_time_delta_sensor_async to None
[2021-11-28 10:07:49,818] {processor.py:171} INFO - Processing /home/airflow/.local/lib/python3.7/site-packages/airflow/example_dags/example_time_delta_sensor_async.py took 0.136 seconds
[2021-11-28 10:08:20,469] {processor.py:163} INFO - Started process (PID=1119) to work on /home/airflow/.local/lib/python3.7/site-packages/airflow/example_dags/example_time_delta_sensor_async.py
[2021-11-28 10:08:20,470] {processor.py:625} INFO - Processing file /home/airflow/.local/lib/python3.7/site-packages/airflow/example_dags/example_time_delta_sensor_async.py for tasks to queue
[2021-11-28 10:08:20,471] {logging_mixin.py:109} INFO - [2021-11-28 10:08:20,470] {dagbag.py:500} INFO - Filling up the DagBag from /home/airflow/.local/lib/python3.7/site-packages/airflow/example_dags/example_time_delta_sensor_async.py
[2021-11-28 10:08:20,490] {processor.py:637} INFO - DAG(s) dict_keys(['example_time_delta_sensor_async']) retrieved from /home/airflow/.local/lib/python3.7/site-packages/airflow/example_dags/example_time_delta_sensor_async.py
[2021-11-28 10:08:20,499] {logging_mixin.py:109} INFO - [2021-11-28 10:08:20,499] {dag.py:2396} INFO - Sync 1 DAGs
[2021-11-28 10:08:20,585] {logging_mixin.py:109} INFO - [2021-11-28 10:08:20,585] {dag.py:2928} INFO - Setting next_dagrun for example_time_delta_sensor_async to None
[2021-11-28 10:08:20,593] {processor.py:171} INFO - Processing /home/airflow/.local/lib/python3.7/site-packages/airflow/example_dags/example_time_delta_sensor_async.py took 0.126 seconds
[2021-11-28 10:08:51,349] {processor.py:163} INFO - Started process (PID=1170) to work on /home/airflow/.local/lib/python3.7/site-packages/airflow/example_dags/example_time_delta_sensor_async.py
[2021-11-28 10:08:51,350] {processor.py:625} INFO - Processing file /home/airflow/.local/lib/python3.7/site-packages/airflow/example_dags/example_time_delta_sensor_async.py for tasks to queue
[2021-11-28 10:08:51,351] {logging_mixin.py:109} INFO - [2021-11-28 10:08:51,350] {dagbag.py:500} INFO - Filling up the DagBag from /home/airflow/.local/lib/python3.7/site-packages/airflow/example_dags/example_time_delta_sensor_async.py
[2021-11-28 10:08:51,375] {processor.py:637} INFO - DAG(s) dict_keys(['example_time_delta_sensor_async']) retrieved from /home/airflow/.local/lib/python3.7/site-packages/airflow/example_dags/example_time_delta_sensor_async.py
[2021-11-28 10:08:51,451] {logging_mixin.py:109} INFO - [2021-11-28 10:08:51,451] {dag.py:2396} INFO - Sync 1 DAGs
[2021-11-28 10:08:51,460] {logging_mixin.py:109} INFO - [2021-11-28 10:08:51,460] {dag.py:2928} INFO - Setting next_dagrun for example_time_delta_sensor_async to None
[2021-11-28 10:08:51,467] {processor.py:171} INFO - Processing /home/airflow/.local/lib/python3.7/site-packages/airflow/example_dags/example_time_delta_sensor_async.py took 0.121 seconds
[2021-11-28 10:09:22,057] {processor.py:163} INFO - Started process (PID=1230) to work on /home/airflow/.local/lib/python3.7/site-packages/airflow/example_dags/example_time_delta_sensor_async.py
[2021-11-28 10:09:22,058] {processor.py:625} INFO - Processing file /home/airflow/.local/lib/python3.7/site-packages/airflow/example_dags/example_time_delta_sensor_async.py for tasks to queue
[2021-11-28 10:09:22,058] {logging_mixin.py:109} INFO - [2021-11-28 10:09:22,058] {dagbag.py:500} INFO - Filling up the DagBag from /home/airflow/.local/lib/python3.7/site-packages/airflow/example_dags/example_time_delta_sensor_async.py
[2021-11-28 10:09:22,148] {processor.py:637} INFO - DAG(s) dict_keys(['example_time_delta_sensor_async']) retrieved from /home/airflow/.local/lib/python3.7/site-packages/airflow/example_dags/example_time_delta_sensor_async.py
[2021-11-28 10:09:22,153] {logging_mixin.py:109} INFO - [2021-11-28 10:09:22,153] {dag.py:2396} INFO - Sync 1 DAGs
[2021-11-28 10:09:22,167] {logging_mixin.py:109} INFO - [2021-11-28 10:09:22,167] {dag.py:2928} INFO - Setting next_dagrun for example_time_delta_sensor_async to None
[2021-11-28 10:09:22,176] {processor.py:171} INFO - Processing /home/airflow/.local/lib/python3.7/site-packages/airflow/example_dags/example_time_delta_sensor_async.py took 0.122 seconds
[2021-11-28 10:09:52,787] {processor.py:163} INFO - Started process (PID=1281) to work on /home/airflow/.local/lib/python3.7/site-packages/airflow/example_dags/example_time_delta_sensor_async.py
[2021-11-28 10:09:52,788] {processor.py:625} INFO - Processing file /home/airflow/.local/lib/python3.7/site-packages/airflow/example_dags/example_time_delta_sensor_async.py for tasks to queue
[2021-11-28 10:09:52,788] {logging_mixin.py:109} INFO - [2021-11-28 10:09:52,788] {dagbag.py:500} INFO - Filling up the DagBag from /home/airflow/.local/lib/python3.7/site-packages/airflow/example_dags/example_time_delta_sensor_async.py
[2021-11-28 10:09:52,862] {processor.py:637} INFO - DAG(s) dict_keys(['example_time_delta_sensor_async']) retrieved from /home/airflow/.local/lib/python3.7/site-packages/airflow/example_dags/example_time_delta_sensor_async.py
[2021-11-28 10:09:52,867] {logging_mixin.py:109} INFO - [2021-11-28 10:09:52,867] {dag.py:2396} INFO - Sync 1 DAGs
[2021-11-28 10:09:52,877] {logging_mixin.py:109} INFO - [2021-11-28 10:09:52,877] {dag.py:2928} INFO - Setting next_dagrun for example_time_delta_sensor_async to None
[2021-11-28 10:09:52,885] {processor.py:171} INFO - Processing /home/airflow/.local/lib/python3.7/site-packages/airflow/example_dags/example_time_delta_sensor_async.py took 0.100 seconds
[2021-11-28 10:10:23,584] {processor.py:163} INFO - Started process (PID=1341) to work on /home/airflow/.local/lib/python3.7/site-packages/airflow/example_dags/example_time_delta_sensor_async.py
[2021-11-28 10:10:23,585] {processor.py:625} INFO - Processing file /home/airflow/.local/lib/python3.7/site-packages/airflow/example_dags/example_time_delta_sensor_async.py for tasks to queue
[2021-11-28 10:10:23,585] {logging_mixin.py:109} INFO - [2021-11-28 10:10:23,585] {dagbag.py:500} INFO - Filling up the DagBag from /home/airflow/.local/lib/python3.7/site-packages/airflow/example_dags/example_time_delta_sensor_async.py
[2021-11-28 10:10:23,677] {processor.py:637} INFO - DAG(s) dict_keys(['example_time_delta_sensor_async']) retrieved from /home/airflow/.local/lib/python3.7/site-packages/airflow/example_dags/example_time_delta_sensor_async.py
[2021-11-28 10:10:23,682] {logging_mixin.py:109} INFO - [2021-11-28 10:10:23,682] {dag.py:2396} INFO - Sync 1 DAGs
[2021-11-28 10:10:23,693] {logging_mixin.py:109} INFO - [2021-11-28 10:10:23,693] {dag.py:2928} INFO - Setting next_dagrun for example_time_delta_sensor_async to None
[2021-11-28 10:10:23,702] {processor.py:171} INFO - Processing /home/airflow/.local/lib/python3.7/site-packages/airflow/example_dags/example_time_delta_sensor_async.py took 0.121 seconds
[2021-11-28 10:10:53,853] {processor.py:163} INFO - Started process (PID=1401) to work on /home/airflow/.local/lib/python3.7/site-packages/airflow/example_dags/example_time_delta_sensor_async.py
[2021-11-28 10:10:53,854] {processor.py:625} INFO - Processing file /home/airflow/.local/lib/python3.7/site-packages/airflow/example_dags/example_time_delta_sensor_async.py for tasks to queue
[2021-11-28 10:10:53,854] {logging_mixin.py:109} INFO - [2021-11-28 10:10:53,854] {dagbag.py:500} INFO - Filling up the DagBag from /home/airflow/.local/lib/python3.7/site-packages/airflow/example_dags/example_time_delta_sensor_async.py
[2021-11-28 10:10:53,879] {processor.py:637} INFO - DAG(s) dict_keys(['example_time_delta_sensor_async']) retrieved from /home/airflow/.local/lib/python3.7/site-packages/airflow/example_dags/example_time_delta_sensor_async.py
[2021-11-28 10:10:53,890] {logging_mixin.py:109} INFO - [2021-11-28 10:10:53,889] {dag.py:2396} INFO - Sync 1 DAGs
[2021-11-28 10:10:53,909] {logging_mixin.py:109} INFO - [2021-11-28 10:10:53,909] {dag.py:2928} INFO - Setting next_dagrun for example_time_delta_sensor_async to None
[2021-11-28 10:10:53,923] {processor.py:171} INFO - Processing /home/airflow/.local/lib/python3.7/site-packages/airflow/example_dags/example_time_delta_sensor_async.py took 0.074 seconds
[2021-11-28 10:11:24,732] {processor.py:163} INFO - Started process (PID=1452) to work on /home/airflow/.local/lib/python3.7/site-packages/airflow/example_dags/example_time_delta_sensor_async.py
[2021-11-28 10:11:24,734] {processor.py:625} INFO - Processing file /home/airflow/.local/lib/python3.7/site-packages/airflow/example_dags/example_time_delta_sensor_async.py for tasks to queue
[2021-11-28 10:11:24,734] {logging_mixin.py:109} INFO - [2021-11-28 10:11:24,734] {dagbag.py:500} INFO - Filling up the DagBag from /home/airflow/.local/lib/python3.7/site-packages/airflow/example_dags/example_time_delta_sensor_async.py
[2021-11-28 10:11:24,757] {processor.py:637} INFO - DAG(s) dict_keys(['example_time_delta_sensor_async']) retrieved from /home/airflow/.local/lib/python3.7/site-packages/airflow/example_dags/example_time_delta_sensor_async.py
[2021-11-28 10:11:24,767] {logging_mixin.py:109} INFO - [2021-11-28 10:11:24,767] {dag.py:2396} INFO - Sync 1 DAGs
[2021-11-28 10:11:24,784] {logging_mixin.py:109} INFO - [2021-11-28 10:11:24,784] {dag.py:2928} INFO - Setting next_dagrun for example_time_delta_sensor_async to None
[2021-11-28 10:11:24,794] {processor.py:171} INFO - Processing /home/airflow/.local/lib/python3.7/site-packages/airflow/example_dags/example_time_delta_sensor_async.py took 0.064 seconds
[2021-11-28 10:11:55,488] {processor.py:163} INFO - Started process (PID=1512) to work on /home/airflow/.local/lib/python3.7/site-packages/airflow/example_dags/example_time_delta_sensor_async.py
[2021-11-28 10:11:55,490] {processor.py:625} INFO - Processing file /home/airflow/.local/lib/python3.7/site-packages/airflow/example_dags/example_time_delta_sensor_async.py for tasks to queue
[2021-11-28 10:11:55,490] {logging_mixin.py:109} INFO - [2021-11-28 10:11:55,490] {dagbag.py:500} INFO - Filling up the DagBag from /home/airflow/.local/lib/python3.7/site-packages/airflow/example_dags/example_time_delta_sensor_async.py
[2021-11-28 10:11:55,512] {processor.py:637} INFO - DAG(s) dict_keys(['example_time_delta_sensor_async']) retrieved from /home/airflow/.local/lib/python3.7/site-packages/airflow/example_dags/example_time_delta_sensor_async.py
[2021-11-28 10:11:55,518] {logging_mixin.py:109} INFO - [2021-11-28 10:11:55,518] {dag.py:2396} INFO - Sync 1 DAGs
[2021-11-28 10:11:55,529] {logging_mixin.py:109} INFO - [2021-11-28 10:11:55,529] {dag.py:2928} INFO - Setting next_dagrun for example_time_delta_sensor_async to None
[2021-11-28 10:11:55,539] {processor.py:171} INFO - Processing /home/airflow/.local/lib/python3.7/site-packages/airflow/example_dags/example_time_delta_sensor_async.py took 0.054 seconds
[2021-11-28 10:12:26,183] {processor.py:163} INFO - Started process (PID=1563) to work on /home/airflow/.local/lib/python3.7/site-packages/airflow/example_dags/example_time_delta_sensor_async.py
[2021-11-28 10:12:26,185] {processor.py:625} INFO - Processing file /home/airflow/.local/lib/python3.7/site-packages/airflow/example_dags/example_time_delta_sensor_async.py for tasks to queue
[2021-11-28 10:12:26,185] {logging_mixin.py:109} INFO - [2021-11-28 10:12:26,185] {dagbag.py:500} INFO - Filling up the DagBag from /home/airflow/.local/lib/python3.7/site-packages/airflow/example_dags/example_time_delta_sensor_async.py
[2021-11-28 10:12:26,208] {processor.py:637} INFO - DAG(s) dict_keys(['example_time_delta_sensor_async']) retrieved from /home/airflow/.local/lib/python3.7/site-packages/airflow/example_dags/example_time_delta_sensor_async.py
[2021-11-28 10:12:26,218] {logging_mixin.py:109} INFO - [2021-11-28 10:12:26,218] {dag.py:2396} INFO - Sync 1 DAGs
[2021-11-28 10:12:26,236] {logging_mixin.py:109} INFO - [2021-11-28 10:12:26,236] {dag.py:2928} INFO - Setting next_dagrun for example_time_delta_sensor_async to None
[2021-11-28 10:12:26,247] {processor.py:171} INFO - Processing /home/airflow/.local/lib/python3.7/site-packages/airflow/example_dags/example_time_delta_sensor_async.py took 0.067 seconds
[2021-11-28 10:12:56,935] {processor.py:163} INFO - Started process (PID=1623) to work on /home/airflow/.local/lib/python3.7/site-packages/airflow/example_dags/example_time_delta_sensor_async.py
[2021-11-28 10:12:56,936] {processor.py:625} INFO - Processing file /home/airflow/.local/lib/python3.7/site-packages/airflow/example_dags/example_time_delta_sensor_async.py for tasks to queue
[2021-11-28 10:12:56,936] {logging_mixin.py:109} INFO - [2021-11-28 10:12:56,936] {dagbag.py:500} INFO - Filling up the DagBag from /home/airflow/.local/lib/python3.7/site-packages/airflow/example_dags/example_time_delta_sensor_async.py
[2021-11-28 10:12:56,959] {processor.py:637} INFO - DAG(s) dict_keys(['example_time_delta_sensor_async']) retrieved from /home/airflow/.local/lib/python3.7/site-packages/airflow/example_dags/example_time_delta_sensor_async.py
[2021-11-28 10:12:56,970] {logging_mixin.py:109} INFO - [2021-11-28 10:12:56,969] {dag.py:2396} INFO - Sync 1 DAGs
[2021-11-28 10:12:56,989] {logging_mixin.py:109} INFO - [2021-11-28 10:12:56,989] {dag.py:2928} INFO - Setting next_dagrun for example_time_delta_sensor_async to None
[2021-11-28 10:12:57,001] {processor.py:171} INFO - Processing /home/airflow/.local/lib/python3.7/site-packages/airflow/example_dags/example_time_delta_sensor_async.py took 0.067 seconds
[2021-11-28 10:13:27,722] {processor.py:163} INFO - Started process (PID=1674) to work on /home/airflow/.local/lib/python3.7/site-packages/airflow/example_dags/example_time_delta_sensor_async.py
[2021-11-28 10:13:27,724] {processor.py:625} INFO - Processing file /home/airflow/.local/lib/python3.7/site-packages/airflow/example_dags/example_time_delta_sensor_async.py for tasks to queue
[2021-11-28 10:13:27,724] {logging_mixin.py:109} INFO - [2021-11-28 10:13:27,724] {dagbag.py:500} INFO - Filling up the DagBag from /home/airflow/.local/lib/python3.7/site-packages/airflow/example_dags/example_time_delta_sensor_async.py
[2021-11-28 10:13:27,741] {processor.py:637} INFO - DAG(s) dict_keys(['example_time_delta_sensor_async']) retrieved from /home/airflow/.local/lib/python3.7/site-packages/airflow/example_dags/example_time_delta_sensor_async.py
[2021-11-28 10:13:27,747] {logging_mixin.py:109} INFO - [2021-11-28 10:13:27,747] {dag.py:2396} INFO - Sync 1 DAGs
[2021-11-28 10:13:27,759] {logging_mixin.py:109} INFO - [2021-11-28 10:13:27,759] {dag.py:2928} INFO - Setting next_dagrun for example_time_delta_sensor_async to None
[2021-11-28 10:13:27,770] {processor.py:171} INFO - Processing /home/airflow/.local/lib/python3.7/site-packages/airflow/example_dags/example_time_delta_sensor_async.py took 0.050 seconds
[2021-11-28 10:13:58,585] {processor.py:163} INFO - Started process (PID=1734) to work on /home/airflow/.local/lib/python3.7/site-packages/airflow/example_dags/example_time_delta_sensor_async.py
[2021-11-28 10:13:58,586] {processor.py:625} INFO - Processing file /home/airflow/.local/lib/python3.7/site-packages/airflow/example_dags/example_time_delta_sensor_async.py for tasks to queue
[2021-11-28 10:13:58,587] {logging_mixin.py:109} INFO - [2021-11-28 10:13:58,587] {dagbag.py:500} INFO - Filling up the DagBag from /home/airflow/.local/lib/python3.7/site-packages/airflow/example_dags/example_time_delta_sensor_async.py
[2021-11-28 10:13:58,607] {processor.py:637} INFO - DAG(s) dict_keys(['example_time_delta_sensor_async']) retrieved from /home/airflow/.local/lib/python3.7/site-packages/airflow/example_dags/example_time_delta_sensor_async.py
[2021-11-28 10:13:58,614] {logging_mixin.py:109} INFO - [2021-11-28 10:13:58,614] {dag.py:2396} INFO - Sync 1 DAGs
[2021-11-28 10:13:58,634] {logging_mixin.py:109} INFO - [2021-11-28 10:13:58,634] {dag.py:2928} INFO - Setting next_dagrun for example_time_delta_sensor_async to None
[2021-11-28 10:13:58,644] {processor.py:171} INFO - Processing /home/airflow/.local/lib/python3.7/site-packages/airflow/example_dags/example_time_delta_sensor_async.py took 0.061 seconds
[2021-11-28 10:14:29,355] {processor.py:163} INFO - Started process (PID=1795) to work on /home/airflow/.local/lib/python3.7/site-packages/airflow/example_dags/example_time_delta_sensor_async.py
[2021-11-28 10:14:29,356] {processor.py:625} INFO - Processing file /home/airflow/.local/lib/python3.7/site-packages/airflow/example_dags/example_time_delta_sensor_async.py for tasks to queue
[2021-11-28 10:14:29,357] {logging_mixin.py:109} INFO - [2021-11-28 10:14:29,356] {dagbag.py:500} INFO - Filling up the DagBag from /home/airflow/.local/lib/python3.7/site-packages/airflow/example_dags/example_time_delta_sensor_async.py
[2021-11-28 10:14:29,380] {processor.py:637} INFO - DAG(s) dict_keys(['example_time_delta_sensor_async']) retrieved from /home/airflow/.local/lib/python3.7/site-packages/airflow/example_dags/example_time_delta_sensor_async.py
[2021-11-28 10:14:29,391] {logging_mixin.py:109} INFO - [2021-11-28 10:14:29,391] {dag.py:2396} INFO - Sync 1 DAGs
[2021-11-28 10:14:29,409] {logging_mixin.py:109} INFO - [2021-11-28 10:14:29,409] {dag.py:2928} INFO - Setting next_dagrun for example_time_delta_sensor_async to None
[2021-11-28 10:14:29,420] {processor.py:171} INFO - Processing /home/airflow/.local/lib/python3.7/site-packages/airflow/example_dags/example_time_delta_sensor_async.py took 0.068 seconds
[2021-11-28 10:15:00,068] {processor.py:163} INFO - Started process (PID=1846) to work on /home/airflow/.local/lib/python3.7/site-packages/airflow/example_dags/example_time_delta_sensor_async.py
[2021-11-28 10:15:00,070] {processor.py:625} INFO - Processing file /home/airflow/.local/lib/python3.7/site-packages/airflow/example_dags/example_time_delta_sensor_async.py for tasks to queue
[2021-11-28 10:15:00,070] {logging_mixin.py:109} INFO - [2021-11-28 10:15:00,070] {dagbag.py:500} INFO - Filling up the DagBag from /home/airflow/.local/lib/python3.7/site-packages/airflow/example_dags/example_time_delta_sensor_async.py
[2021-11-28 10:15:00,096] {processor.py:637} INFO - DAG(s) dict_keys(['example_time_delta_sensor_async']) retrieved from /home/airflow/.local/lib/python3.7/site-packages/airflow/example_dags/example_time_delta_sensor_async.py
[2021-11-28 10:15:00,107] {logging_mixin.py:109} INFO - [2021-11-28 10:15:00,106] {dag.py:2396} INFO - Sync 1 DAGs
[2021-11-28 10:15:00,125] {logging_mixin.py:109} INFO - [2021-11-28 10:15:00,125] {dag.py:2928} INFO - Setting next_dagrun for example_time_delta_sensor_async to None
[2021-11-28 10:15:00,137] {processor.py:171} INFO - Processing /home/airflow/.local/lib/python3.7/site-packages/airflow/example_dags/example_time_delta_sensor_async.py took 0.071 seconds
[2021-11-28 10:15:30,836] {processor.py:163} INFO - Started process (PID=1906) to work on /home/airflow/.local/lib/python3.7/site-packages/airflow/example_dags/example_time_delta_sensor_async.py
[2021-11-28 10:15:30,837] {processor.py:625} INFO - Processing file /home/airflow/.local/lib/python3.7/site-packages/airflow/example_dags/example_time_delta_sensor_async.py for tasks to queue
[2021-11-28 10:15:30,838] {logging_mixin.py:109} INFO - [2021-11-28 10:15:30,838] {dagbag.py:500} INFO - Filling up the DagBag from /home/airflow/.local/lib/python3.7/site-packages/airflow/example_dags/example_time_delta_sensor_async.py
[2021-11-28 10:15:30,863] {processor.py:637} INFO - DAG(s) dict_keys(['example_time_delta_sensor_async']) retrieved from /home/airflow/.local/lib/python3.7/site-packages/airflow/example_dags/example_time_delta_sensor_async.py
[2021-11-28 10:15:30,873] {logging_mixin.py:109} INFO - [2021-11-28 10:15:30,873] {dag.py:2396} INFO - Sync 1 DAGs
[2021-11-28 10:15:30,891] {logging_mixin.py:109} INFO - [2021-11-28 10:15:30,891] {dag.py:2928} INFO - Setting next_dagrun for example_time_delta_sensor_async to None
[2021-11-28 10:15:30,903] {processor.py:171} INFO - Processing /home/airflow/.local/lib/python3.7/site-packages/airflow/example_dags/example_time_delta_sensor_async.py took 0.070 seconds
[2021-11-28 10:16:01,547] {processor.py:163} INFO - Started process (PID=1957) to work on /home/airflow/.local/lib/python3.7/site-packages/airflow/example_dags/example_time_delta_sensor_async.py
[2021-11-28 10:16:01,548] {processor.py:625} INFO - Processing file /home/airflow/.local/lib/python3.7/site-packages/airflow/example_dags/example_time_delta_sensor_async.py for tasks to queue
[2021-11-28 10:16:01,549] {logging_mixin.py:109} INFO - [2021-11-28 10:16:01,549] {dagbag.py:500} INFO - Filling up the DagBag from /home/airflow/.local/lib/python3.7/site-packages/airflow/example_dags/example_time_delta_sensor_async.py
[2021-11-28 10:16:01,572] {processor.py:637} INFO - DAG(s) dict_keys(['example_time_delta_sensor_async']) retrieved from /home/airflow/.local/lib/python3.7/site-packages/airflow/example_dags/example_time_delta_sensor_async.py
[2021-11-28 10:16:01,582] {logging_mixin.py:109} INFO - [2021-11-28 10:16:01,582] {dag.py:2396} INFO - Sync 1 DAGs
[2021-11-28 10:16:01,598] {logging_mixin.py:109} INFO - [2021-11-28 10:16:01,598] {dag.py:2928} INFO - Setting next_dagrun for example_time_delta_sensor_async to None
[2021-11-28 10:16:01,607] {processor.py:171} INFO - Processing /home/airflow/.local/lib/python3.7/site-packages/airflow/example_dags/example_time_delta_sensor_async.py took 0.063 seconds
[2021-11-28 10:16:32,248] {processor.py:163} INFO - Started process (PID=2018) to work on /home/airflow/.local/lib/python3.7/site-packages/airflow/example_dags/example_time_delta_sensor_async.py
[2021-11-28 10:16:32,249] {processor.py:625} INFO - Processing file /home/airflow/.local/lib/python3.7/site-packages/airflow/example_dags/example_time_delta_sensor_async.py for tasks to queue
[2021-11-28 10:16:32,250] {logging_mixin.py:109} INFO - [2021-11-28 10:16:32,250] {dagbag.py:500} INFO - Filling up the DagBag from /home/airflow/.local/lib/python3.7/site-packages/airflow/example_dags/example_time_delta_sensor_async.py
[2021-11-28 10:16:32,272] {processor.py:637} INFO - DAG(s) dict_keys(['example_time_delta_sensor_async']) retrieved from /home/airflow/.local/lib/python3.7/site-packages/airflow/example_dags/example_time_delta_sensor_async.py
[2021-11-28 10:16:32,282] {logging_mixin.py:109} INFO - [2021-11-28 10:16:32,281] {dag.py:2396} INFO - Sync 1 DAGs
[2021-11-28 10:16:32,298] {logging_mixin.py:109} INFO - [2021-11-28 10:16:32,298] {dag.py:2928} INFO - Setting next_dagrun for example_time_delta_sensor_async to None
[2021-11-28 10:16:32,307] {processor.py:171} INFO - Processing /home/airflow/.local/lib/python3.7/site-packages/airflow/example_dags/example_time_delta_sensor_async.py took 0.061 seconds
[2021-11-28 10:17:02,946] {processor.py:163} INFO - Started process (PID=2078) to work on /home/airflow/.local/lib/python3.7/site-packages/airflow/example_dags/example_time_delta_sensor_async.py
[2021-11-28 10:17:02,947] {processor.py:625} INFO - Processing file /home/airflow/.local/lib/python3.7/site-packages/airflow/example_dags/example_time_delta_sensor_async.py for tasks to queue
[2021-11-28 10:17:02,947] {logging_mixin.py:109} INFO - [2021-11-28 10:17:02,947] {dagbag.py:500} INFO - Filling up the DagBag from /home/airflow/.local/lib/python3.7/site-packages/airflow/example_dags/example_time_delta_sensor_async.py
[2021-11-28 10:17:02,967] {processor.py:637} INFO - DAG(s) dict_keys(['example_time_delta_sensor_async']) retrieved from /home/airflow/.local/lib/python3.7/site-packages/airflow/example_dags/example_time_delta_sensor_async.py
[2021-11-28 10:17:02,978] {logging_mixin.py:109} INFO - [2021-11-28 10:17:02,978] {dag.py:2396} INFO - Sync 1 DAGs
[2021-11-28 10:17:02,998] {logging_mixin.py:109} INFO - [2021-11-28 10:17:02,998] {dag.py:2928} INFO - Setting next_dagrun for example_time_delta_sensor_async to None
[2021-11-28 10:17:03,013] {processor.py:171} INFO - Processing /home/airflow/.local/lib/python3.7/site-packages/airflow/example_dags/example_time_delta_sensor_async.py took 0.069 seconds
