[2021-11-28 09:45:10,615] {processor.py:163} INFO - Started process (PID=438) to work on /home/airflow/.local/lib/python3.7/site-packages/airflow/example_dags/example_kubernetes_executor.py
[2021-11-28 09:45:10,616] {processor.py:625} INFO - Processing file /home/airflow/.local/lib/python3.7/site-packages/airflow/example_dags/example_kubernetes_executor.py for tasks to queue
[2021-11-28 09:45:10,616] {logging_mixin.py:109} INFO - [2021-11-28 09:45:10,616] {dagbag.py:500} INFO - Filling up the DagBag from /home/airflow/.local/lib/python3.7/site-packages/airflow/example_dags/example_kubernetes_executor.py
[2021-11-28 09:45:10,644] {processor.py:637} INFO - DAG(s) dict_keys(['example_kubernetes_executor']) retrieved from /home/airflow/.local/lib/python3.7/site-packages/airflow/example_dags/example_kubernetes_executor.py
[2021-11-28 09:45:11,639] {logging_mixin.py:109} INFO - [2021-11-28 09:45:11,639] {providers_manager.py:156} WARNING - Exception when importing 'airflow.providers.google.leveldb.hooks.leveldb.LevelDBHook' from 'apache-airflow-providers-google' package: No module named 'plyvel'
[2021-11-28 09:45:11,902] {logging_mixin.py:109} INFO - [2021-11-28 09:45:11,902] {providers_manager.py:156} WARNING - Exception when importing 'airflow.providers.google.leveldb.hooks.leveldb.LevelDBHook' from 'apache-airflow-providers-google' package: No module named 'plyvel'
[2021-11-28 09:45:11,924] {logging_mixin.py:109} INFO - [2021-11-28 09:45:11,924] {manager.py:496} INFO - Created Permission View: can read on DAG:example_kubernetes_executor
[2021-11-28 09:45:11,932] {logging_mixin.py:109} INFO - [2021-11-28 09:45:11,932] {manager.py:496} INFO - Created Permission View: can edit on DAG:example_kubernetes_executor
[2021-11-28 09:45:11,932] {logging_mixin.py:109} INFO - [2021-11-28 09:45:11,932] {dag.py:2396} INFO - Sync 1 DAGs
[2021-11-28 09:45:11,938] {logging_mixin.py:109} INFO - [2021-11-28 09:45:11,938] {dag.py:2415} INFO - Creating ORM DAG for example_kubernetes_executor
[2021-11-28 09:45:11,945] {logging_mixin.py:109} INFO - [2021-11-28 09:45:11,945] {dag.py:2928} INFO - Setting next_dagrun for example_kubernetes_executor to None
[2021-11-28 09:45:11,958] {processor.py:171} INFO - Processing /home/airflow/.local/lib/python3.7/site-packages/airflow/example_dags/example_kubernetes_executor.py took 1.346 seconds
[2021-11-28 09:45:42,580] {processor.py:163} INFO - Started process (PID=513) to work on /home/airflow/.local/lib/python3.7/site-packages/airflow/example_dags/example_kubernetes_executor.py
[2021-11-28 09:45:42,581] {processor.py:625} INFO - Processing file /home/airflow/.local/lib/python3.7/site-packages/airflow/example_dags/example_kubernetes_executor.py for tasks to queue
[2021-11-28 09:45:42,582] {logging_mixin.py:109} INFO - [2021-11-28 09:45:42,582] {dagbag.py:500} INFO - Filling up the DagBag from /home/airflow/.local/lib/python3.7/site-packages/airflow/example_dags/example_kubernetes_executor.py
[2021-11-28 09:45:42,607] {processor.py:637} INFO - DAG(s) dict_keys(['example_kubernetes_executor']) retrieved from /home/airflow/.local/lib/python3.7/site-packages/airflow/example_dags/example_kubernetes_executor.py
[2021-11-28 09:45:42,618] {logging_mixin.py:109} INFO - [2021-11-28 09:45:42,618] {dag.py:2396} INFO - Sync 1 DAGs
[2021-11-28 09:45:42,636] {logging_mixin.py:109} INFO - [2021-11-28 09:45:42,636] {dag.py:2928} INFO - Setting next_dagrun for example_kubernetes_executor to None
[2021-11-28 09:45:42,648] {processor.py:171} INFO - Processing /home/airflow/.local/lib/python3.7/site-packages/airflow/example_dags/example_kubernetes_executor.py took 0.070 seconds
[2021-11-28 09:46:12,830] {processor.py:163} INFO - Started process (PID=573) to work on /home/airflow/.local/lib/python3.7/site-packages/airflow/example_dags/example_kubernetes_executor.py
[2021-11-28 09:46:12,831] {processor.py:625} INFO - Processing file /home/airflow/.local/lib/python3.7/site-packages/airflow/example_dags/example_kubernetes_executor.py for tasks to queue
[2021-11-28 09:46:12,832] {logging_mixin.py:109} INFO - [2021-11-28 09:46:12,832] {dagbag.py:500} INFO - Filling up the DagBag from /home/airflow/.local/lib/python3.7/site-packages/airflow/example_dags/example_kubernetes_executor.py
[2021-11-28 09:46:12,860] {processor.py:637} INFO - DAG(s) dict_keys(['example_kubernetes_executor']) retrieved from /home/airflow/.local/lib/python3.7/site-packages/airflow/example_dags/example_kubernetes_executor.py
[2021-11-28 09:46:12,868] {logging_mixin.py:109} INFO - [2021-11-28 09:46:12,868] {dag.py:2396} INFO - Sync 1 DAGs
[2021-11-28 09:46:12,880] {logging_mixin.py:109} INFO - [2021-11-28 09:46:12,880] {dag.py:2928} INFO - Setting next_dagrun for example_kubernetes_executor to None
[2021-11-28 09:46:12,888] {processor.py:171} INFO - Processing /home/airflow/.local/lib/python3.7/site-packages/airflow/example_dags/example_kubernetes_executor.py took 0.060 seconds
[2021-11-28 09:46:43,051] {processor.py:163} INFO - Started process (PID=624) to work on /home/airflow/.local/lib/python3.7/site-packages/airflow/example_dags/example_kubernetes_executor.py
[2021-11-28 09:46:43,052] {processor.py:625} INFO - Processing file /home/airflow/.local/lib/python3.7/site-packages/airflow/example_dags/example_kubernetes_executor.py for tasks to queue
[2021-11-28 09:46:43,053] {logging_mixin.py:109} INFO - [2021-11-28 09:46:43,053] {dagbag.py:500} INFO - Filling up the DagBag from /home/airflow/.local/lib/python3.7/site-packages/airflow/example_dags/example_kubernetes_executor.py
[2021-11-28 09:46:43,078] {processor.py:637} INFO - DAG(s) dict_keys(['example_kubernetes_executor']) retrieved from /home/airflow/.local/lib/python3.7/site-packages/airflow/example_dags/example_kubernetes_executor.py
[2021-11-28 09:46:43,088] {logging_mixin.py:109} INFO - [2021-11-28 09:46:43,088] {dag.py:2396} INFO - Sync 1 DAGs
[2021-11-28 09:46:43,105] {logging_mixin.py:109} INFO - [2021-11-28 09:46:43,105] {dag.py:2928} INFO - Setting next_dagrun for example_kubernetes_executor to None
[2021-11-28 09:46:43,115] {processor.py:171} INFO - Processing /home/airflow/.local/lib/python3.7/site-packages/airflow/example_dags/example_kubernetes_executor.py took 0.067 seconds
[2021-11-28 09:48:50,804] {processor.py:163} INFO - Started process (PID=60) to work on /home/airflow/.local/lib/python3.7/site-packages/airflow/example_dags/example_kubernetes_executor.py
[2021-11-28 09:48:50,805] {processor.py:625} INFO - Processing file /home/airflow/.local/lib/python3.7/site-packages/airflow/example_dags/example_kubernetes_executor.py for tasks to queue
[2021-11-28 09:48:50,805] {logging_mixin.py:109} INFO - [2021-11-28 09:48:50,805] {dagbag.py:500} INFO - Filling up the DagBag from /home/airflow/.local/lib/python3.7/site-packages/airflow/example_dags/example_kubernetes_executor.py
[2021-11-28 09:48:50,822] {processor.py:637} INFO - DAG(s) dict_keys(['example_kubernetes_executor']) retrieved from /home/airflow/.local/lib/python3.7/site-packages/airflow/example_dags/example_kubernetes_executor.py
[2021-11-28 09:48:50,829] {logging_mixin.py:109} INFO - [2021-11-28 09:48:50,829] {dag.py:2396} INFO - Sync 1 DAGs
[2021-11-28 09:48:50,841] {logging_mixin.py:109} INFO - [2021-11-28 09:48:50,841] {dag.py:2928} INFO - Setting next_dagrun for example_kubernetes_executor to None
[2021-11-28 09:48:50,850] {processor.py:171} INFO - Processing /home/airflow/.local/lib/python3.7/site-packages/airflow/example_dags/example_kubernetes_executor.py took 0.048 seconds
[2021-11-28 09:49:21,923] {processor.py:163} INFO - Started process (PID=120) to work on /home/airflow/.local/lib/python3.7/site-packages/airflow/example_dags/example_kubernetes_executor.py
[2021-11-28 09:49:21,924] {processor.py:625} INFO - Processing file /home/airflow/.local/lib/python3.7/site-packages/airflow/example_dags/example_kubernetes_executor.py for tasks to queue
[2021-11-28 09:49:21,925] {logging_mixin.py:109} INFO - [2021-11-28 09:49:21,925] {dagbag.py:500} INFO - Filling up the DagBag from /home/airflow/.local/lib/python3.7/site-packages/airflow/example_dags/example_kubernetes_executor.py
[2021-11-28 09:49:21,949] {processor.py:637} INFO - DAG(s) dict_keys(['example_kubernetes_executor']) retrieved from /home/airflow/.local/lib/python3.7/site-packages/airflow/example_dags/example_kubernetes_executor.py
[2021-11-28 09:49:21,962] {logging_mixin.py:109} INFO - [2021-11-28 09:49:21,961] {dag.py:2396} INFO - Sync 1 DAGs
[2021-11-28 09:49:21,979] {logging_mixin.py:109} INFO - [2021-11-28 09:49:21,979] {dag.py:2928} INFO - Setting next_dagrun for example_kubernetes_executor to None
[2021-11-28 09:49:21,988] {processor.py:171} INFO - Processing /home/airflow/.local/lib/python3.7/site-packages/airflow/example_dags/example_kubernetes_executor.py took 0.068 seconds
[2021-11-28 09:49:52,908] {processor.py:163} INFO - Started process (PID=180) to work on /home/airflow/.local/lib/python3.7/site-packages/airflow/example_dags/example_kubernetes_executor.py
[2021-11-28 09:49:52,910] {processor.py:625} INFO - Processing file /home/airflow/.local/lib/python3.7/site-packages/airflow/example_dags/example_kubernetes_executor.py for tasks to queue
[2021-11-28 09:49:52,910] {logging_mixin.py:109} INFO - [2021-11-28 09:49:52,910] {dagbag.py:500} INFO - Filling up the DagBag from /home/airflow/.local/lib/python3.7/site-packages/airflow/example_dags/example_kubernetes_executor.py
[2021-11-28 09:49:52,928] {processor.py:637} INFO - DAG(s) dict_keys(['example_kubernetes_executor']) retrieved from /home/airflow/.local/lib/python3.7/site-packages/airflow/example_dags/example_kubernetes_executor.py
[2021-11-28 09:49:52,935] {logging_mixin.py:109} INFO - [2021-11-28 09:49:52,935] {dag.py:2396} INFO - Sync 1 DAGs
[2021-11-28 09:49:52,950] {logging_mixin.py:109} INFO - [2021-11-28 09:49:52,950] {dag.py:2928} INFO - Setting next_dagrun for example_kubernetes_executor to None
[2021-11-28 09:49:52,961] {processor.py:171} INFO - Processing /home/airflow/.local/lib/python3.7/site-packages/airflow/example_dags/example_kubernetes_executor.py took 0.056 seconds
[2021-11-28 09:50:23,980] {processor.py:163} INFO - Started process (PID=231) to work on /home/airflow/.local/lib/python3.7/site-packages/airflow/example_dags/example_kubernetes_executor.py
[2021-11-28 09:50:23,981] {processor.py:625} INFO - Processing file /home/airflow/.local/lib/python3.7/site-packages/airflow/example_dags/example_kubernetes_executor.py for tasks to queue
[2021-11-28 09:50:23,982] {logging_mixin.py:109} INFO - [2021-11-28 09:50:23,982] {dagbag.py:500} INFO - Filling up the DagBag from /home/airflow/.local/lib/python3.7/site-packages/airflow/example_dags/example_kubernetes_executor.py
[2021-11-28 09:50:24,006] {processor.py:637} INFO - DAG(s) dict_keys(['example_kubernetes_executor']) retrieved from /home/airflow/.local/lib/python3.7/site-packages/airflow/example_dags/example_kubernetes_executor.py
[2021-11-28 09:50:24,017] {logging_mixin.py:109} INFO - [2021-11-28 09:50:24,017] {dag.py:2396} INFO - Sync 1 DAGs
[2021-11-28 09:50:24,035] {logging_mixin.py:109} INFO - [2021-11-28 09:50:24,035] {dag.py:2928} INFO - Setting next_dagrun for example_kubernetes_executor to None
[2021-11-28 09:50:24,047] {processor.py:171} INFO - Processing /home/airflow/.local/lib/python3.7/site-packages/airflow/example_dags/example_kubernetes_executor.py took 0.069 seconds
[2021-11-28 09:50:54,905] {processor.py:163} INFO - Started process (PID=291) to work on /home/airflow/.local/lib/python3.7/site-packages/airflow/example_dags/example_kubernetes_executor.py
[2021-11-28 09:50:54,906] {processor.py:625} INFO - Processing file /home/airflow/.local/lib/python3.7/site-packages/airflow/example_dags/example_kubernetes_executor.py for tasks to queue
[2021-11-28 09:50:54,907] {logging_mixin.py:109} INFO - [2021-11-28 09:50:54,906] {dagbag.py:500} INFO - Filling up the DagBag from /home/airflow/.local/lib/python3.7/site-packages/airflow/example_dags/example_kubernetes_executor.py
[2021-11-28 09:50:54,927] {processor.py:637} INFO - DAG(s) dict_keys(['example_kubernetes_executor']) retrieved from /home/airflow/.local/lib/python3.7/site-packages/airflow/example_dags/example_kubernetes_executor.py
[2021-11-28 09:50:54,937] {logging_mixin.py:109} INFO - [2021-11-28 09:50:54,937] {dag.py:2396} INFO - Sync 1 DAGs
[2021-11-28 09:50:54,954] {logging_mixin.py:109} INFO - [2021-11-28 09:50:54,954] {dag.py:2928} INFO - Setting next_dagrun for example_kubernetes_executor to None
[2021-11-28 09:50:54,964] {processor.py:171} INFO - Processing /home/airflow/.local/lib/python3.7/site-packages/airflow/example_dags/example_kubernetes_executor.py took 0.061 seconds
[2021-11-28 09:51:49,330] {processor.py:163} INFO - Started process (PID=59) to work on /home/airflow/.local/lib/python3.7/site-packages/airflow/example_dags/example_kubernetes_executor.py
[2021-11-28 09:51:49,337] {processor.py:625} INFO - Processing file /home/airflow/.local/lib/python3.7/site-packages/airflow/example_dags/example_kubernetes_executor.py for tasks to queue
[2021-11-28 09:51:49,338] {logging_mixin.py:109} INFO - [2021-11-28 09:51:49,338] {dagbag.py:500} INFO - Filling up the DagBag from /home/airflow/.local/lib/python3.7/site-packages/airflow/example_dags/example_kubernetes_executor.py
[2021-11-28 09:51:49,360] {processor.py:637} INFO - DAG(s) dict_keys(['example_kubernetes_executor']) retrieved from /home/airflow/.local/lib/python3.7/site-packages/airflow/example_dags/example_kubernetes_executor.py
[2021-11-28 09:51:49,371] {logging_mixin.py:109} INFO - [2021-11-28 09:51:49,371] {dag.py:2396} INFO - Sync 1 DAGs
[2021-11-28 09:51:49,388] {logging_mixin.py:109} INFO - [2021-11-28 09:51:49,388] {dag.py:2928} INFO - Setting next_dagrun for example_kubernetes_executor to None
[2021-11-28 09:51:49,404] {processor.py:171} INFO - Processing /home/airflow/.local/lib/python3.7/site-packages/airflow/example_dags/example_kubernetes_executor.py took 0.076 seconds
[2021-11-28 09:52:19,637] {processor.py:163} INFO - Started process (PID=121) to work on /home/airflow/.local/lib/python3.7/site-packages/airflow/example_dags/example_kubernetes_executor.py
[2021-11-28 09:52:19,637] {processor.py:625} INFO - Processing file /home/airflow/.local/lib/python3.7/site-packages/airflow/example_dags/example_kubernetes_executor.py for tasks to queue
[2021-11-28 09:52:19,638] {logging_mixin.py:109} INFO - [2021-11-28 09:52:19,638] {dagbag.py:500} INFO - Filling up the DagBag from /home/airflow/.local/lib/python3.7/site-packages/airflow/example_dags/example_kubernetes_executor.py
[2021-11-28 09:52:19,657] {processor.py:637} INFO - DAG(s) dict_keys(['example_kubernetes_executor']) retrieved from /home/airflow/.local/lib/python3.7/site-packages/airflow/example_dags/example_kubernetes_executor.py
[2021-11-28 09:52:19,664] {logging_mixin.py:109} INFO - [2021-11-28 09:52:19,664] {dag.py:2396} INFO - Sync 1 DAGs
[2021-11-28 09:52:19,675] {logging_mixin.py:109} INFO - [2021-11-28 09:52:19,675] {dag.py:2928} INFO - Setting next_dagrun for example_kubernetes_executor to None
[2021-11-28 09:52:19,685] {processor.py:171} INFO - Processing /home/airflow/.local/lib/python3.7/site-packages/airflow/example_dags/example_kubernetes_executor.py took 0.050 seconds
[2021-11-28 09:52:50,588] {processor.py:163} INFO - Started process (PID=179) to work on /home/airflow/.local/lib/python3.7/site-packages/airflow/example_dags/example_kubernetes_executor.py
[2021-11-28 09:52:50,590] {processor.py:625} INFO - Processing file /home/airflow/.local/lib/python3.7/site-packages/airflow/example_dags/example_kubernetes_executor.py for tasks to queue
[2021-11-28 09:52:50,590] {logging_mixin.py:109} INFO - [2021-11-28 09:52:50,590] {dagbag.py:500} INFO - Filling up the DagBag from /home/airflow/.local/lib/python3.7/site-packages/airflow/example_dags/example_kubernetes_executor.py
[2021-11-28 09:52:50,611] {processor.py:637} INFO - DAG(s) dict_keys(['example_kubernetes_executor']) retrieved from /home/airflow/.local/lib/python3.7/site-packages/airflow/example_dags/example_kubernetes_executor.py
[2021-11-28 09:52:50,618] {logging_mixin.py:109} INFO - [2021-11-28 09:52:50,618] {dag.py:2396} INFO - Sync 1 DAGs
[2021-11-28 09:52:50,630] {logging_mixin.py:109} INFO - [2021-11-28 09:52:50,630] {dag.py:2928} INFO - Setting next_dagrun for example_kubernetes_executor to None
[2021-11-28 09:52:50,639] {processor.py:171} INFO - Processing /home/airflow/.local/lib/python3.7/site-packages/airflow/example_dags/example_kubernetes_executor.py took 0.053 seconds
[2021-11-28 09:58:34,975] {processor.py:163} INFO - Started process (PID=59) to work on /home/airflow/.local/lib/python3.7/site-packages/airflow/example_dags/example_kubernetes_executor.py
[2021-11-28 09:58:34,976] {processor.py:625} INFO - Processing file /home/airflow/.local/lib/python3.7/site-packages/airflow/example_dags/example_kubernetes_executor.py for tasks to queue
[2021-11-28 09:58:34,976] {logging_mixin.py:109} INFO - [2021-11-28 09:58:34,976] {dagbag.py:500} INFO - Filling up the DagBag from /home/airflow/.local/lib/python3.7/site-packages/airflow/example_dags/example_kubernetes_executor.py
[2021-11-28 09:58:34,992] {processor.py:637} INFO - DAG(s) dict_keys(['example_kubernetes_executor']) retrieved from /home/airflow/.local/lib/python3.7/site-packages/airflow/example_dags/example_kubernetes_executor.py
[2021-11-28 09:58:34,998] {logging_mixin.py:109} INFO - [2021-11-28 09:58:34,998] {dag.py:2396} INFO - Sync 1 DAGs
[2021-11-28 09:58:35,009] {logging_mixin.py:109} INFO - [2021-11-28 09:58:35,009] {dag.py:2928} INFO - Setting next_dagrun for example_kubernetes_executor to None
[2021-11-28 09:58:35,017] {processor.py:171} INFO - Processing /home/airflow/.local/lib/python3.7/site-packages/airflow/example_dags/example_kubernetes_executor.py took 0.044 seconds
[2021-11-28 09:59:05,800] {processor.py:163} INFO - Started process (PID=119) to work on /home/airflow/.local/lib/python3.7/site-packages/airflow/example_dags/example_kubernetes_executor.py
[2021-11-28 09:59:05,801] {processor.py:625} INFO - Processing file /home/airflow/.local/lib/python3.7/site-packages/airflow/example_dags/example_kubernetes_executor.py for tasks to queue
[2021-11-28 09:59:05,802] {logging_mixin.py:109} INFO - [2021-11-28 09:59:05,802] {dagbag.py:500} INFO - Filling up the DagBag from /home/airflow/.local/lib/python3.7/site-packages/airflow/example_dags/example_kubernetes_executor.py
[2021-11-28 09:59:05,829] {processor.py:637} INFO - DAG(s) dict_keys(['example_kubernetes_executor']) retrieved from /home/airflow/.local/lib/python3.7/site-packages/airflow/example_dags/example_kubernetes_executor.py
[2021-11-28 09:59:05,842] {logging_mixin.py:109} INFO - [2021-11-28 09:59:05,842] {dag.py:2396} INFO - Sync 1 DAGs
[2021-11-28 09:59:05,860] {logging_mixin.py:109} INFO - [2021-11-28 09:59:05,859] {dag.py:2928} INFO - Setting next_dagrun for example_kubernetes_executor to None
[2021-11-28 09:59:05,871] {processor.py:171} INFO - Processing /home/airflow/.local/lib/python3.7/site-packages/airflow/example_dags/example_kubernetes_executor.py took 0.073 seconds
[2021-11-28 09:59:36,678] {processor.py:163} INFO - Started process (PID=179) to work on /home/airflow/.local/lib/python3.7/site-packages/airflow/example_dags/example_kubernetes_executor.py
[2021-11-28 09:59:36,680] {processor.py:625} INFO - Processing file /home/airflow/.local/lib/python3.7/site-packages/airflow/example_dags/example_kubernetes_executor.py for tasks to queue
[2021-11-28 09:59:36,680] {logging_mixin.py:109} INFO - [2021-11-28 09:59:36,680] {dagbag.py:500} INFO - Filling up the DagBag from /home/airflow/.local/lib/python3.7/site-packages/airflow/example_dags/example_kubernetes_executor.py
[2021-11-28 09:59:36,703] {processor.py:637} INFO - DAG(s) dict_keys(['example_kubernetes_executor']) retrieved from /home/airflow/.local/lib/python3.7/site-packages/airflow/example_dags/example_kubernetes_executor.py
[2021-11-28 09:59:36,711] {logging_mixin.py:109} INFO - [2021-11-28 09:59:36,710] {dag.py:2396} INFO - Sync 1 DAGs
[2021-11-28 09:59:36,722] {logging_mixin.py:109} INFO - [2021-11-28 09:59:36,722] {dag.py:2928} INFO - Setting next_dagrun for example_kubernetes_executor to None
[2021-11-28 09:59:36,731] {processor.py:171} INFO - Processing /home/airflow/.local/lib/python3.7/site-packages/airflow/example_dags/example_kubernetes_executor.py took 0.056 seconds
[2021-11-28 10:00:07,591] {processor.py:163} INFO - Started process (PID=230) to work on /home/airflow/.local/lib/python3.7/site-packages/airflow/example_dags/example_kubernetes_executor.py
[2021-11-28 10:00:07,592] {processor.py:625} INFO - Processing file /home/airflow/.local/lib/python3.7/site-packages/airflow/example_dags/example_kubernetes_executor.py for tasks to queue
[2021-11-28 10:00:07,593] {logging_mixin.py:109} INFO - [2021-11-28 10:00:07,593] {dagbag.py:500} INFO - Filling up the DagBag from /home/airflow/.local/lib/python3.7/site-packages/airflow/example_dags/example_kubernetes_executor.py
[2021-11-28 10:00:07,613] {processor.py:637} INFO - DAG(s) dict_keys(['example_kubernetes_executor']) retrieved from /home/airflow/.local/lib/python3.7/site-packages/airflow/example_dags/example_kubernetes_executor.py
[2021-11-28 10:00:07,621] {logging_mixin.py:109} INFO - [2021-11-28 10:00:07,621] {dag.py:2396} INFO - Sync 1 DAGs
[2021-11-28 10:00:07,634] {logging_mixin.py:109} INFO - [2021-11-28 10:00:07,634] {dag.py:2928} INFO - Setting next_dagrun for example_kubernetes_executor to None
[2021-11-28 10:00:07,643] {processor.py:171} INFO - Processing /home/airflow/.local/lib/python3.7/site-packages/airflow/example_dags/example_kubernetes_executor.py took 0.054 seconds
[2021-11-28 10:00:38,449] {processor.py:163} INFO - Started process (PID=290) to work on /home/airflow/.local/lib/python3.7/site-packages/airflow/example_dags/example_kubernetes_executor.py
[2021-11-28 10:00:38,450] {processor.py:625} INFO - Processing file /home/airflow/.local/lib/python3.7/site-packages/airflow/example_dags/example_kubernetes_executor.py for tasks to queue
[2021-11-28 10:00:38,450] {logging_mixin.py:109} INFO - [2021-11-28 10:00:38,450] {dagbag.py:500} INFO - Filling up the DagBag from /home/airflow/.local/lib/python3.7/site-packages/airflow/example_dags/example_kubernetes_executor.py
[2021-11-28 10:00:38,470] {processor.py:637} INFO - DAG(s) dict_keys(['example_kubernetes_executor']) retrieved from /home/airflow/.local/lib/python3.7/site-packages/airflow/example_dags/example_kubernetes_executor.py
[2021-11-28 10:00:38,481] {logging_mixin.py:109} INFO - [2021-11-28 10:00:38,481] {dag.py:2396} INFO - Sync 1 DAGs
[2021-11-28 10:00:38,502] {logging_mixin.py:109} INFO - [2021-11-28 10:00:38,502] {dag.py:2928} INFO - Setting next_dagrun for example_kubernetes_executor to None
[2021-11-28 10:00:38,513] {processor.py:171} INFO - Processing /home/airflow/.local/lib/python3.7/site-packages/airflow/example_dags/example_kubernetes_executor.py took 0.065 seconds
[2021-11-28 10:01:09,384] {processor.py:163} INFO - Started process (PID=341) to work on /home/airflow/.local/lib/python3.7/site-packages/airflow/example_dags/example_kubernetes_executor.py
[2021-11-28 10:01:09,386] {processor.py:625} INFO - Processing file /home/airflow/.local/lib/python3.7/site-packages/airflow/example_dags/example_kubernetes_executor.py for tasks to queue
[2021-11-28 10:01:09,387] {logging_mixin.py:109} INFO - [2021-11-28 10:01:09,387] {dagbag.py:500} INFO - Filling up the DagBag from /home/airflow/.local/lib/python3.7/site-packages/airflow/example_dags/example_kubernetes_executor.py
[2021-11-28 10:01:09,410] {processor.py:637} INFO - DAG(s) dict_keys(['example_kubernetes_executor']) retrieved from /home/airflow/.local/lib/python3.7/site-packages/airflow/example_dags/example_kubernetes_executor.py
[2021-11-28 10:01:09,416] {logging_mixin.py:109} INFO - [2021-11-28 10:01:09,416] {dag.py:2396} INFO - Sync 1 DAGs
[2021-11-28 10:01:09,428] {logging_mixin.py:109} INFO - [2021-11-28 10:01:09,428] {dag.py:2928} INFO - Setting next_dagrun for example_kubernetes_executor to None
[2021-11-28 10:01:09,436] {processor.py:171} INFO - Processing /home/airflow/.local/lib/python3.7/site-packages/airflow/example_dags/example_kubernetes_executor.py took 0.056 seconds
[2021-11-28 10:01:40,329] {processor.py:163} INFO - Started process (PID=402) to work on /home/airflow/.local/lib/python3.7/site-packages/airflow/example_dags/example_kubernetes_executor.py
[2021-11-28 10:01:40,330] {processor.py:625} INFO - Processing file /home/airflow/.local/lib/python3.7/site-packages/airflow/example_dags/example_kubernetes_executor.py for tasks to queue
[2021-11-28 10:01:40,331] {logging_mixin.py:109} INFO - [2021-11-28 10:01:40,331] {dagbag.py:500} INFO - Filling up the DagBag from /home/airflow/.local/lib/python3.7/site-packages/airflow/example_dags/example_kubernetes_executor.py
[2021-11-28 10:01:40,355] {processor.py:637} INFO - DAG(s) dict_keys(['example_kubernetes_executor']) retrieved from /home/airflow/.local/lib/python3.7/site-packages/airflow/example_dags/example_kubernetes_executor.py
[2021-11-28 10:01:40,366] {logging_mixin.py:109} INFO - [2021-11-28 10:01:40,366] {dag.py:2396} INFO - Sync 1 DAGs
[2021-11-28 10:01:40,384] {logging_mixin.py:109} INFO - [2021-11-28 10:01:40,384] {dag.py:2928} INFO - Setting next_dagrun for example_kubernetes_executor to None
[2021-11-28 10:01:40,395] {processor.py:171} INFO - Processing /home/airflow/.local/lib/python3.7/site-packages/airflow/example_dags/example_kubernetes_executor.py took 0.069 seconds
[2021-11-28 10:02:11,303] {processor.py:163} INFO - Started process (PID=462) to work on /home/airflow/.local/lib/python3.7/site-packages/airflow/example_dags/example_kubernetes_executor.py
[2021-11-28 10:02:11,304] {processor.py:625} INFO - Processing file /home/airflow/.local/lib/python3.7/site-packages/airflow/example_dags/example_kubernetes_executor.py for tasks to queue
[2021-11-28 10:02:11,304] {logging_mixin.py:109} INFO - [2021-11-28 10:02:11,304] {dagbag.py:500} INFO - Filling up the DagBag from /home/airflow/.local/lib/python3.7/site-packages/airflow/example_dags/example_kubernetes_executor.py
[2021-11-28 10:02:11,330] {processor.py:637} INFO - DAG(s) dict_keys(['example_kubernetes_executor']) retrieved from /home/airflow/.local/lib/python3.7/site-packages/airflow/example_dags/example_kubernetes_executor.py
[2021-11-28 10:02:11,338] {logging_mixin.py:109} INFO - [2021-11-28 10:02:11,338] {dag.py:2396} INFO - Sync 1 DAGs
[2021-11-28 10:02:11,360] {logging_mixin.py:109} INFO - [2021-11-28 10:02:11,360] {dag.py:2928} INFO - Setting next_dagrun for example_kubernetes_executor to None
[2021-11-28 10:02:11,372] {processor.py:171} INFO - Processing /home/airflow/.local/lib/python3.7/site-packages/airflow/example_dags/example_kubernetes_executor.py took 0.073 seconds
[2021-11-28 10:02:42,186] {processor.py:163} INFO - Started process (PID=512) to work on /home/airflow/.local/lib/python3.7/site-packages/airflow/example_dags/example_kubernetes_executor.py
[2021-11-28 10:02:42,189] {processor.py:625} INFO - Processing file /home/airflow/.local/lib/python3.7/site-packages/airflow/example_dags/example_kubernetes_executor.py for tasks to queue
[2021-11-28 10:02:42,189] {logging_mixin.py:109} INFO - [2021-11-28 10:02:42,189] {dagbag.py:500} INFO - Filling up the DagBag from /home/airflow/.local/lib/python3.7/site-packages/airflow/example_dags/example_kubernetes_executor.py
[2021-11-28 10:02:42,209] {processor.py:637} INFO - DAG(s) dict_keys(['example_kubernetes_executor']) retrieved from /home/airflow/.local/lib/python3.7/site-packages/airflow/example_dags/example_kubernetes_executor.py
[2021-11-28 10:02:42,217] {logging_mixin.py:109} INFO - [2021-11-28 10:02:42,216] {dag.py:2396} INFO - Sync 1 DAGs
[2021-11-28 10:02:42,230] {logging_mixin.py:109} INFO - [2021-11-28 10:02:42,230] {dag.py:2928} INFO - Setting next_dagrun for example_kubernetes_executor to None
[2021-11-28 10:02:42,238] {processor.py:171} INFO - Processing /home/airflow/.local/lib/python3.7/site-packages/airflow/example_dags/example_kubernetes_executor.py took 0.054 seconds
[2021-11-28 10:03:13,115] {processor.py:163} INFO - Started process (PID=572) to work on /home/airflow/.local/lib/python3.7/site-packages/airflow/example_dags/example_kubernetes_executor.py
[2021-11-28 10:03:13,116] {processor.py:625} INFO - Processing file /home/airflow/.local/lib/python3.7/site-packages/airflow/example_dags/example_kubernetes_executor.py for tasks to queue
[2021-11-28 10:03:13,116] {logging_mixin.py:109} INFO - [2021-11-28 10:03:13,116] {dagbag.py:500} INFO - Filling up the DagBag from /home/airflow/.local/lib/python3.7/site-packages/airflow/example_dags/example_kubernetes_executor.py
[2021-11-28 10:03:13,134] {processor.py:637} INFO - DAG(s) dict_keys(['example_kubernetes_executor']) retrieved from /home/airflow/.local/lib/python3.7/site-packages/airflow/example_dags/example_kubernetes_executor.py
[2021-11-28 10:03:13,142] {logging_mixin.py:109} INFO - [2021-11-28 10:03:13,142] {dag.py:2396} INFO - Sync 1 DAGs
[2021-11-28 10:03:13,158] {logging_mixin.py:109} INFO - [2021-11-28 10:03:13,158] {dag.py:2928} INFO - Setting next_dagrun for example_kubernetes_executor to None
[2021-11-28 10:03:13,168] {processor.py:171} INFO - Processing /home/airflow/.local/lib/python3.7/site-packages/airflow/example_dags/example_kubernetes_executor.py took 0.056 seconds
[2021-11-28 10:03:44,105] {processor.py:163} INFO - Started process (PID=623) to work on /home/airflow/.local/lib/python3.7/site-packages/airflow/example_dags/example_kubernetes_executor.py
[2021-11-28 10:03:44,106] {processor.py:625} INFO - Processing file /home/airflow/.local/lib/python3.7/site-packages/airflow/example_dags/example_kubernetes_executor.py for tasks to queue
[2021-11-28 10:03:44,107] {logging_mixin.py:109} INFO - [2021-11-28 10:03:44,107] {dagbag.py:500} INFO - Filling up the DagBag from /home/airflow/.local/lib/python3.7/site-packages/airflow/example_dags/example_kubernetes_executor.py
[2021-11-28 10:03:44,131] {processor.py:637} INFO - DAG(s) dict_keys(['example_kubernetes_executor']) retrieved from /home/airflow/.local/lib/python3.7/site-packages/airflow/example_dags/example_kubernetes_executor.py
[2021-11-28 10:03:44,139] {logging_mixin.py:109} INFO - [2021-11-28 10:03:44,139] {dag.py:2396} INFO - Sync 1 DAGs
[2021-11-28 10:03:44,151] {logging_mixin.py:109} INFO - [2021-11-28 10:03:44,151] {dag.py:2928} INFO - Setting next_dagrun for example_kubernetes_executor to None
[2021-11-28 10:03:44,169] {processor.py:171} INFO - Processing /home/airflow/.local/lib/python3.7/site-packages/airflow/example_dags/example_kubernetes_executor.py took 0.067 seconds
[2021-11-28 10:04:15,045] {processor.py:163} INFO - Started process (PID=683) to work on /home/airflow/.local/lib/python3.7/site-packages/airflow/example_dags/example_kubernetes_executor.py
[2021-11-28 10:04:15,046] {processor.py:625} INFO - Processing file /home/airflow/.local/lib/python3.7/site-packages/airflow/example_dags/example_kubernetes_executor.py for tasks to queue
[2021-11-28 10:04:15,046] {logging_mixin.py:109} INFO - [2021-11-28 10:04:15,046] {dagbag.py:500} INFO - Filling up the DagBag from /home/airflow/.local/lib/python3.7/site-packages/airflow/example_dags/example_kubernetes_executor.py
[2021-11-28 10:04:15,069] {processor.py:637} INFO - DAG(s) dict_keys(['example_kubernetes_executor']) retrieved from /home/airflow/.local/lib/python3.7/site-packages/airflow/example_dags/example_kubernetes_executor.py
[2021-11-28 10:04:15,079] {logging_mixin.py:109} INFO - [2021-11-28 10:04:15,079] {dag.py:2396} INFO - Sync 1 DAGs
[2021-11-28 10:04:15,095] {logging_mixin.py:109} INFO - [2021-11-28 10:04:15,095] {dag.py:2928} INFO - Setting next_dagrun for example_kubernetes_executor to None
[2021-11-28 10:04:15,104] {processor.py:171} INFO - Processing /home/airflow/.local/lib/python3.7/site-packages/airflow/example_dags/example_kubernetes_executor.py took 0.061 seconds
[2021-11-28 10:04:46,128] {processor.py:163} INFO - Started process (PID=743) to work on /home/airflow/.local/lib/python3.7/site-packages/airflow/example_dags/example_kubernetes_executor.py
[2021-11-28 10:04:46,129] {processor.py:625} INFO - Processing file /home/airflow/.local/lib/python3.7/site-packages/airflow/example_dags/example_kubernetes_executor.py for tasks to queue
[2021-11-28 10:04:46,129] {logging_mixin.py:109} INFO - [2021-11-28 10:04:46,129] {dagbag.py:500} INFO - Filling up the DagBag from /home/airflow/.local/lib/python3.7/site-packages/airflow/example_dags/example_kubernetes_executor.py
[2021-11-28 10:04:46,149] {processor.py:637} INFO - DAG(s) dict_keys(['example_kubernetes_executor']) retrieved from /home/airflow/.local/lib/python3.7/site-packages/airflow/example_dags/example_kubernetes_executor.py
[2021-11-28 10:04:46,157] {logging_mixin.py:109} INFO - [2021-11-28 10:04:46,157] {dag.py:2396} INFO - Sync 1 DAGs
[2021-11-28 10:04:46,176] {logging_mixin.py:109} INFO - [2021-11-28 10:04:46,176] {dag.py:2928} INFO - Setting next_dagrun for example_kubernetes_executor to None
[2021-11-28 10:04:46,188] {processor.py:171} INFO - Processing /home/airflow/.local/lib/python3.7/site-packages/airflow/example_dags/example_kubernetes_executor.py took 0.062 seconds
[2021-11-28 10:05:17,193] {processor.py:163} INFO - Started process (PID=794) to work on /home/airflow/.local/lib/python3.7/site-packages/airflow/example_dags/example_kubernetes_executor.py
[2021-11-28 10:05:17,194] {processor.py:625} INFO - Processing file /home/airflow/.local/lib/python3.7/site-packages/airflow/example_dags/example_kubernetes_executor.py for tasks to queue
[2021-11-28 10:05:17,194] {logging_mixin.py:109} INFO - [2021-11-28 10:05:17,194] {dagbag.py:500} INFO - Filling up the DagBag from /home/airflow/.local/lib/python3.7/site-packages/airflow/example_dags/example_kubernetes_executor.py
[2021-11-28 10:05:17,213] {processor.py:637} INFO - DAG(s) dict_keys(['example_kubernetes_executor']) retrieved from /home/airflow/.local/lib/python3.7/site-packages/airflow/example_dags/example_kubernetes_executor.py
[2021-11-28 10:05:17,224] {logging_mixin.py:109} INFO - [2021-11-28 10:05:17,224] {dag.py:2396} INFO - Sync 1 DAGs
[2021-11-28 10:05:17,244] {logging_mixin.py:109} INFO - [2021-11-28 10:05:17,244] {dag.py:2928} INFO - Setting next_dagrun for example_kubernetes_executor to None
[2021-11-28 10:05:17,256] {processor.py:171} INFO - Processing /home/airflow/.local/lib/python3.7/site-packages/airflow/example_dags/example_kubernetes_executor.py took 0.065 seconds
[2021-11-28 10:05:48,374] {processor.py:163} INFO - Started process (PID=854) to work on /home/airflow/.local/lib/python3.7/site-packages/airflow/example_dags/example_kubernetes_executor.py
[2021-11-28 10:05:48,375] {processor.py:625} INFO - Processing file /home/airflow/.local/lib/python3.7/site-packages/airflow/example_dags/example_kubernetes_executor.py for tasks to queue
[2021-11-28 10:05:48,376] {logging_mixin.py:109} INFO - [2021-11-28 10:05:48,376] {dagbag.py:500} INFO - Filling up the DagBag from /home/airflow/.local/lib/python3.7/site-packages/airflow/example_dags/example_kubernetes_executor.py
[2021-11-28 10:05:48,401] {processor.py:637} INFO - DAG(s) dict_keys(['example_kubernetes_executor']) retrieved from /home/airflow/.local/lib/python3.7/site-packages/airflow/example_dags/example_kubernetes_executor.py
[2021-11-28 10:05:48,409] {logging_mixin.py:109} INFO - [2021-11-28 10:05:48,409] {dag.py:2396} INFO - Sync 1 DAGs
[2021-11-28 10:05:48,421] {logging_mixin.py:109} INFO - [2021-11-28 10:05:48,421] {dag.py:2928} INFO - Setting next_dagrun for example_kubernetes_executor to None
[2021-11-28 10:05:48,429] {processor.py:171} INFO - Processing /home/airflow/.local/lib/python3.7/site-packages/airflow/example_dags/example_kubernetes_executor.py took 0.058 seconds
[2021-11-28 10:06:18,805] {processor.py:163} INFO - Started process (PID=905) to work on /home/airflow/.local/lib/python3.7/site-packages/airflow/example_dags/example_kubernetes_executor.py
[2021-11-28 10:06:18,806] {processor.py:625} INFO - Processing file /home/airflow/.local/lib/python3.7/site-packages/airflow/example_dags/example_kubernetes_executor.py for tasks to queue
[2021-11-28 10:06:18,806] {logging_mixin.py:109} INFO - [2021-11-28 10:06:18,806] {dagbag.py:500} INFO - Filling up the DagBag from /home/airflow/.local/lib/python3.7/site-packages/airflow/example_dags/example_kubernetes_executor.py
[2021-11-28 10:06:18,825] {processor.py:637} INFO - DAG(s) dict_keys(['example_kubernetes_executor']) retrieved from /home/airflow/.local/lib/python3.7/site-packages/airflow/example_dags/example_kubernetes_executor.py
[2021-11-28 10:06:18,836] {logging_mixin.py:109} INFO - [2021-11-28 10:06:18,836] {dag.py:2396} INFO - Sync 1 DAGs
[2021-11-28 10:06:18,854] {logging_mixin.py:109} INFO - [2021-11-28 10:06:18,854] {dag.py:2928} INFO - Setting next_dagrun for example_kubernetes_executor to None
[2021-11-28 10:06:18,929] {processor.py:171} INFO - Processing /home/airflow/.local/lib/python3.7/site-packages/airflow/example_dags/example_kubernetes_executor.py took 0.126 seconds
[2021-11-28 10:06:49,490] {processor.py:163} INFO - Started process (PID=965) to work on /home/airflow/.local/lib/python3.7/site-packages/airflow/example_dags/example_kubernetes_executor.py
[2021-11-28 10:06:49,491] {processor.py:625} INFO - Processing file /home/airflow/.local/lib/python3.7/site-packages/airflow/example_dags/example_kubernetes_executor.py for tasks to queue
[2021-11-28 10:06:49,491] {logging_mixin.py:109} INFO - [2021-11-28 10:06:49,491] {dagbag.py:500} INFO - Filling up the DagBag from /home/airflow/.local/lib/python3.7/site-packages/airflow/example_dags/example_kubernetes_executor.py
[2021-11-28 10:06:49,511] {processor.py:637} INFO - DAG(s) dict_keys(['example_kubernetes_executor']) retrieved from /home/airflow/.local/lib/python3.7/site-packages/airflow/example_dags/example_kubernetes_executor.py
[2021-11-28 10:06:49,519] {logging_mixin.py:109} INFO - [2021-11-28 10:06:49,519] {dag.py:2396} INFO - Sync 1 DAGs
[2021-11-28 10:06:49,608] {logging_mixin.py:109} INFO - [2021-11-28 10:06:49,608] {dag.py:2928} INFO - Setting next_dagrun for example_kubernetes_executor to None
[2021-11-28 10:06:49,616] {processor.py:171} INFO - Processing /home/airflow/.local/lib/python3.7/site-packages/airflow/example_dags/example_kubernetes_executor.py took 0.128 seconds
[2021-11-28 10:07:20,296] {processor.py:163} INFO - Started process (PID=1025) to work on /home/airflow/.local/lib/python3.7/site-packages/airflow/example_dags/example_kubernetes_executor.py
[2021-11-28 10:07:20,297] {processor.py:625} INFO - Processing file /home/airflow/.local/lib/python3.7/site-packages/airflow/example_dags/example_kubernetes_executor.py for tasks to queue
[2021-11-28 10:07:20,297] {logging_mixin.py:109} INFO - [2021-11-28 10:07:20,297] {dagbag.py:500} INFO - Filling up the DagBag from /home/airflow/.local/lib/python3.7/site-packages/airflow/example_dags/example_kubernetes_executor.py
[2021-11-28 10:07:20,317] {processor.py:637} INFO - DAG(s) dict_keys(['example_kubernetes_executor']) retrieved from /home/airflow/.local/lib/python3.7/site-packages/airflow/example_dags/example_kubernetes_executor.py
[2021-11-28 10:07:20,328] {logging_mixin.py:109} INFO - [2021-11-28 10:07:20,328] {dag.py:2396} INFO - Sync 1 DAGs
[2021-11-28 10:07:20,405] {logging_mixin.py:109} INFO - [2021-11-28 10:07:20,405] {dag.py:2928} INFO - Setting next_dagrun for example_kubernetes_executor to None
[2021-11-28 10:07:20,414] {processor.py:171} INFO - Processing /home/airflow/.local/lib/python3.7/site-packages/airflow/example_dags/example_kubernetes_executor.py took 0.120 seconds
[2021-11-28 10:07:51,149] {processor.py:163} INFO - Started process (PID=1076) to work on /home/airflow/.local/lib/python3.7/site-packages/airflow/example_dags/example_kubernetes_executor.py
[2021-11-28 10:07:51,150] {processor.py:625} INFO - Processing file /home/airflow/.local/lib/python3.7/site-packages/airflow/example_dags/example_kubernetes_executor.py for tasks to queue
[2021-11-28 10:07:51,151] {logging_mixin.py:109} INFO - [2021-11-28 10:07:51,151] {dagbag.py:500} INFO - Filling up the DagBag from /home/airflow/.local/lib/python3.7/site-packages/airflow/example_dags/example_kubernetes_executor.py
[2021-11-28 10:07:51,177] {processor.py:637} INFO - DAG(s) dict_keys(['example_kubernetes_executor']) retrieved from /home/airflow/.local/lib/python3.7/site-packages/airflow/example_dags/example_kubernetes_executor.py
[2021-11-28 10:07:51,187] {logging_mixin.py:109} INFO - [2021-11-28 10:07:51,187] {dag.py:2396} INFO - Sync 1 DAGs
[2021-11-28 10:07:51,261] {logging_mixin.py:109} INFO - [2021-11-28 10:07:51,261] {dag.py:2928} INFO - Setting next_dagrun for example_kubernetes_executor to None
[2021-11-28 10:07:51,268] {processor.py:171} INFO - Processing /home/airflow/.local/lib/python3.7/site-packages/airflow/example_dags/example_kubernetes_executor.py took 0.122 seconds
[2021-11-28 10:08:21,913] {processor.py:163} INFO - Started process (PID=1136) to work on /home/airflow/.local/lib/python3.7/site-packages/airflow/example_dags/example_kubernetes_executor.py
[2021-11-28 10:08:21,914] {processor.py:625} INFO - Processing file /home/airflow/.local/lib/python3.7/site-packages/airflow/example_dags/example_kubernetes_executor.py for tasks to queue
[2021-11-28 10:08:21,914] {logging_mixin.py:109} INFO - [2021-11-28 10:08:21,914] {dagbag.py:500} INFO - Filling up the DagBag from /home/airflow/.local/lib/python3.7/site-packages/airflow/example_dags/example_kubernetes_executor.py
[2021-11-28 10:08:21,942] {processor.py:637} INFO - DAG(s) dict_keys(['example_kubernetes_executor']) retrieved from /home/airflow/.local/lib/python3.7/site-packages/airflow/example_dags/example_kubernetes_executor.py
[2021-11-28 10:08:21,953] {logging_mixin.py:109} INFO - [2021-11-28 10:08:21,953] {dag.py:2396} INFO - Sync 1 DAGs
[2021-11-28 10:08:22,033] {logging_mixin.py:109} INFO - [2021-11-28 10:08:22,032] {dag.py:2928} INFO - Setting next_dagrun for example_kubernetes_executor to None
[2021-11-28 10:08:22,040] {processor.py:171} INFO - Processing /home/airflow/.local/lib/python3.7/site-packages/airflow/example_dags/example_kubernetes_executor.py took 0.130 seconds
[2021-11-28 10:08:52,705] {processor.py:163} INFO - Started process (PID=1187) to work on /home/airflow/.local/lib/python3.7/site-packages/airflow/example_dags/example_kubernetes_executor.py
[2021-11-28 10:08:52,706] {processor.py:625} INFO - Processing file /home/airflow/.local/lib/python3.7/site-packages/airflow/example_dags/example_kubernetes_executor.py for tasks to queue
[2021-11-28 10:08:52,707] {logging_mixin.py:109} INFO - [2021-11-28 10:08:52,707] {dagbag.py:500} INFO - Filling up the DagBag from /home/airflow/.local/lib/python3.7/site-packages/airflow/example_dags/example_kubernetes_executor.py
[2021-11-28 10:08:52,799] {processor.py:637} INFO - DAG(s) dict_keys(['example_kubernetes_executor']) retrieved from /home/airflow/.local/lib/python3.7/site-packages/airflow/example_dags/example_kubernetes_executor.py
[2021-11-28 10:08:52,805] {logging_mixin.py:109} INFO - [2021-11-28 10:08:52,805] {dag.py:2396} INFO - Sync 1 DAGs
[2021-11-28 10:08:52,816] {logging_mixin.py:109} INFO - [2021-11-28 10:08:52,815] {dag.py:2928} INFO - Setting next_dagrun for example_kubernetes_executor to None
[2021-11-28 10:08:52,823] {processor.py:171} INFO - Processing /home/airflow/.local/lib/python3.7/site-packages/airflow/example_dags/example_kubernetes_executor.py took 0.121 seconds
[2021-11-28 10:09:23,537] {processor.py:163} INFO - Started process (PID=1247) to work on /home/airflow/.local/lib/python3.7/site-packages/airflow/example_dags/example_kubernetes_executor.py
[2021-11-28 10:09:23,538] {processor.py:625} INFO - Processing file /home/airflow/.local/lib/python3.7/site-packages/airflow/example_dags/example_kubernetes_executor.py for tasks to queue
[2021-11-28 10:09:23,538] {logging_mixin.py:109} INFO - [2021-11-28 10:09:23,538] {dagbag.py:500} INFO - Filling up the DagBag from /home/airflow/.local/lib/python3.7/site-packages/airflow/example_dags/example_kubernetes_executor.py
[2021-11-28 10:09:23,621] {processor.py:637} INFO - DAG(s) dict_keys(['example_kubernetes_executor']) retrieved from /home/airflow/.local/lib/python3.7/site-packages/airflow/example_dags/example_kubernetes_executor.py
[2021-11-28 10:09:23,627] {logging_mixin.py:109} INFO - [2021-11-28 10:09:23,627] {dag.py:2396} INFO - Sync 1 DAGs
[2021-11-28 10:09:23,638] {logging_mixin.py:109} INFO - [2021-11-28 10:09:23,638] {dag.py:2928} INFO - Setting next_dagrun for example_kubernetes_executor to None
[2021-11-28 10:09:23,646] {processor.py:171} INFO - Processing /home/airflow/.local/lib/python3.7/site-packages/airflow/example_dags/example_kubernetes_executor.py took 0.112 seconds
[2021-11-28 10:09:54,125] {processor.py:163} INFO - Started process (PID=1305) to work on /home/airflow/.local/lib/python3.7/site-packages/airflow/example_dags/example_kubernetes_executor.py
[2021-11-28 10:09:54,126] {processor.py:625} INFO - Processing file /home/airflow/.local/lib/python3.7/site-packages/airflow/example_dags/example_kubernetes_executor.py for tasks to queue
[2021-11-28 10:09:54,126] {logging_mixin.py:109} INFO - [2021-11-28 10:09:54,126] {dagbag.py:500} INFO - Filling up the DagBag from /home/airflow/.local/lib/python3.7/site-packages/airflow/example_dags/example_kubernetes_executor.py
[2021-11-28 10:09:54,217] {processor.py:637} INFO - DAG(s) dict_keys(['example_kubernetes_executor']) retrieved from /home/airflow/.local/lib/python3.7/site-packages/airflow/example_dags/example_kubernetes_executor.py
[2021-11-28 10:09:54,226] {logging_mixin.py:109} INFO - [2021-11-28 10:09:54,226] {dag.py:2396} INFO - Sync 1 DAGs
[2021-11-28 10:09:54,241] {logging_mixin.py:109} INFO - [2021-11-28 10:09:54,241] {dag.py:2928} INFO - Setting next_dagrun for example_kubernetes_executor to None
[2021-11-28 10:09:54,250] {processor.py:171} INFO - Processing /home/airflow/.local/lib/python3.7/site-packages/airflow/example_dags/example_kubernetes_executor.py took 0.127 seconds
[2021-11-28 10:10:24,864] {processor.py:163} INFO - Started process (PID=1358) to work on /home/airflow/.local/lib/python3.7/site-packages/airflow/example_dags/example_kubernetes_executor.py
[2021-11-28 10:10:24,864] {processor.py:625} INFO - Processing file /home/airflow/.local/lib/python3.7/site-packages/airflow/example_dags/example_kubernetes_executor.py for tasks to queue
[2021-11-28 10:10:24,865] {logging_mixin.py:109} INFO - [2021-11-28 10:10:24,865] {dagbag.py:500} INFO - Filling up the DagBag from /home/airflow/.local/lib/python3.7/site-packages/airflow/example_dags/example_kubernetes_executor.py
[2021-11-28 10:10:24,945] {processor.py:637} INFO - DAG(s) dict_keys(['example_kubernetes_executor']) retrieved from /home/airflow/.local/lib/python3.7/site-packages/airflow/example_dags/example_kubernetes_executor.py
[2021-11-28 10:10:24,951] {logging_mixin.py:109} INFO - [2021-11-28 10:10:24,951] {dag.py:2396} INFO - Sync 1 DAGs
[2021-11-28 10:10:24,961] {logging_mixin.py:109} INFO - [2021-11-28 10:10:24,961] {dag.py:2928} INFO - Setting next_dagrun for example_kubernetes_executor to None
[2021-11-28 10:10:24,969] {processor.py:171} INFO - Processing /home/airflow/.local/lib/python3.7/site-packages/airflow/example_dags/example_kubernetes_executor.py took 0.107 seconds
[2021-11-28 10:10:55,868] {processor.py:163} INFO - Started process (PID=1418) to work on /home/airflow/.local/lib/python3.7/site-packages/airflow/example_dags/example_kubernetes_executor.py
[2021-11-28 10:10:55,869] {processor.py:625} INFO - Processing file /home/airflow/.local/lib/python3.7/site-packages/airflow/example_dags/example_kubernetes_executor.py for tasks to queue
[2021-11-28 10:10:55,869] {logging_mixin.py:109} INFO - [2021-11-28 10:10:55,869] {dagbag.py:500} INFO - Filling up the DagBag from /home/airflow/.local/lib/python3.7/site-packages/airflow/example_dags/example_kubernetes_executor.py
[2021-11-28 10:10:55,889] {processor.py:637} INFO - DAG(s) dict_keys(['example_kubernetes_executor']) retrieved from /home/airflow/.local/lib/python3.7/site-packages/airflow/example_dags/example_kubernetes_executor.py
[2021-11-28 10:10:55,900] {logging_mixin.py:109} INFO - [2021-11-28 10:10:55,899] {dag.py:2396} INFO - Sync 1 DAGs
[2021-11-28 10:10:55,917] {logging_mixin.py:109} INFO - [2021-11-28 10:10:55,916] {dag.py:2928} INFO - Setting next_dagrun for example_kubernetes_executor to None
[2021-11-28 10:10:55,928] {processor.py:171} INFO - Processing /home/airflow/.local/lib/python3.7/site-packages/airflow/example_dags/example_kubernetes_executor.py took 0.062 seconds
[2021-11-28 10:11:26,553] {processor.py:163} INFO - Started process (PID=1469) to work on /home/airflow/.local/lib/python3.7/site-packages/airflow/example_dags/example_kubernetes_executor.py
[2021-11-28 10:11:26,554] {processor.py:625} INFO - Processing file /home/airflow/.local/lib/python3.7/site-packages/airflow/example_dags/example_kubernetes_executor.py for tasks to queue
[2021-11-28 10:11:26,554] {logging_mixin.py:109} INFO - [2021-11-28 10:11:26,554] {dagbag.py:500} INFO - Filling up the DagBag from /home/airflow/.local/lib/python3.7/site-packages/airflow/example_dags/example_kubernetes_executor.py
[2021-11-28 10:11:26,573] {processor.py:637} INFO - DAG(s) dict_keys(['example_kubernetes_executor']) retrieved from /home/airflow/.local/lib/python3.7/site-packages/airflow/example_dags/example_kubernetes_executor.py
[2021-11-28 10:11:26,584] {logging_mixin.py:109} INFO - [2021-11-28 10:11:26,584] {dag.py:2396} INFO - Sync 1 DAGs
[2021-11-28 10:11:26,597] {logging_mixin.py:109} INFO - [2021-11-28 10:11:26,597] {dag.py:2928} INFO - Setting next_dagrun for example_kubernetes_executor to None
[2021-11-28 10:11:26,610] {processor.py:171} INFO - Processing /home/airflow/.local/lib/python3.7/site-packages/airflow/example_dags/example_kubernetes_executor.py took 0.058 seconds
[2021-11-28 10:11:57,347] {processor.py:163} INFO - Started process (PID=1529) to work on /home/airflow/.local/lib/python3.7/site-packages/airflow/example_dags/example_kubernetes_executor.py
[2021-11-28 10:11:57,349] {processor.py:625} INFO - Processing file /home/airflow/.local/lib/python3.7/site-packages/airflow/example_dags/example_kubernetes_executor.py for tasks to queue
[2021-11-28 10:11:57,349] {logging_mixin.py:109} INFO - [2021-11-28 10:11:57,349] {dagbag.py:500} INFO - Filling up the DagBag from /home/airflow/.local/lib/python3.7/site-packages/airflow/example_dags/example_kubernetes_executor.py
[2021-11-28 10:11:57,371] {processor.py:637} INFO - DAG(s) dict_keys(['example_kubernetes_executor']) retrieved from /home/airflow/.local/lib/python3.7/site-packages/airflow/example_dags/example_kubernetes_executor.py
[2021-11-28 10:11:57,378] {logging_mixin.py:109} INFO - [2021-11-28 10:11:57,378] {dag.py:2396} INFO - Sync 1 DAGs
[2021-11-28 10:11:57,394] {logging_mixin.py:109} INFO - [2021-11-28 10:11:57,394] {dag.py:2928} INFO - Setting next_dagrun for example_kubernetes_executor to None
[2021-11-28 10:11:57,401] {processor.py:171} INFO - Processing /home/airflow/.local/lib/python3.7/site-packages/airflow/example_dags/example_kubernetes_executor.py took 0.057 seconds
[2021-11-28 10:12:28,007] {processor.py:163} INFO - Started process (PID=1580) to work on /home/airflow/.local/lib/python3.7/site-packages/airflow/example_dags/example_kubernetes_executor.py
[2021-11-28 10:12:28,008] {processor.py:625} INFO - Processing file /home/airflow/.local/lib/python3.7/site-packages/airflow/example_dags/example_kubernetes_executor.py for tasks to queue
[2021-11-28 10:12:28,008] {logging_mixin.py:109} INFO - [2021-11-28 10:12:28,008] {dagbag.py:500} INFO - Filling up the DagBag from /home/airflow/.local/lib/python3.7/site-packages/airflow/example_dags/example_kubernetes_executor.py
[2021-11-28 10:12:28,028] {processor.py:637} INFO - DAG(s) dict_keys(['example_kubernetes_executor']) retrieved from /home/airflow/.local/lib/python3.7/site-packages/airflow/example_dags/example_kubernetes_executor.py
[2021-11-28 10:12:28,039] {logging_mixin.py:109} INFO - [2021-11-28 10:12:28,039] {dag.py:2396} INFO - Sync 1 DAGs
[2021-11-28 10:12:28,058] {logging_mixin.py:109} INFO - [2021-11-28 10:12:28,058] {dag.py:2928} INFO - Setting next_dagrun for example_kubernetes_executor to None
[2021-11-28 10:12:28,070] {processor.py:171} INFO - Processing /home/airflow/.local/lib/python3.7/site-packages/airflow/example_dags/example_kubernetes_executor.py took 0.064 seconds
[2021-11-28 10:12:58,880] {processor.py:163} INFO - Started process (PID=1640) to work on /home/airflow/.local/lib/python3.7/site-packages/airflow/example_dags/example_kubernetes_executor.py
[2021-11-28 10:12:58,881] {processor.py:625} INFO - Processing file /home/airflow/.local/lib/python3.7/site-packages/airflow/example_dags/example_kubernetes_executor.py for tasks to queue
[2021-11-28 10:12:58,882] {logging_mixin.py:109} INFO - [2021-11-28 10:12:58,882] {dagbag.py:500} INFO - Filling up the DagBag from /home/airflow/.local/lib/python3.7/site-packages/airflow/example_dags/example_kubernetes_executor.py
[2021-11-28 10:12:58,907] {processor.py:637} INFO - DAG(s) dict_keys(['example_kubernetes_executor']) retrieved from /home/airflow/.local/lib/python3.7/site-packages/airflow/example_dags/example_kubernetes_executor.py
[2021-11-28 10:12:58,918] {logging_mixin.py:109} INFO - [2021-11-28 10:12:58,917] {dag.py:2396} INFO - Sync 1 DAGs
[2021-11-28 10:12:58,934] {logging_mixin.py:109} INFO - [2021-11-28 10:12:58,934] {dag.py:2928} INFO - Setting next_dagrun for example_kubernetes_executor to None
[2021-11-28 10:12:58,943] {processor.py:171} INFO - Processing /home/airflow/.local/lib/python3.7/site-packages/airflow/example_dags/example_kubernetes_executor.py took 0.067 seconds
[2021-11-28 10:13:29,619] {processor.py:163} INFO - Started process (PID=1700) to work on /home/airflow/.local/lib/python3.7/site-packages/airflow/example_dags/example_kubernetes_executor.py
[2021-11-28 10:13:29,620] {processor.py:625} INFO - Processing file /home/airflow/.local/lib/python3.7/site-packages/airflow/example_dags/example_kubernetes_executor.py for tasks to queue
[2021-11-28 10:13:29,621] {logging_mixin.py:109} INFO - [2021-11-28 10:13:29,621] {dagbag.py:500} INFO - Filling up the DagBag from /home/airflow/.local/lib/python3.7/site-packages/airflow/example_dags/example_kubernetes_executor.py
[2021-11-28 10:13:29,648] {processor.py:637} INFO - DAG(s) dict_keys(['example_kubernetes_executor']) retrieved from /home/airflow/.local/lib/python3.7/site-packages/airflow/example_dags/example_kubernetes_executor.py
[2021-11-28 10:13:29,657] {logging_mixin.py:109} INFO - [2021-11-28 10:13:29,657] {dag.py:2396} INFO - Sync 1 DAGs
[2021-11-28 10:13:29,674] {logging_mixin.py:109} INFO - [2021-11-28 10:13:29,674] {dag.py:2928} INFO - Setting next_dagrun for example_kubernetes_executor to None
[2021-11-28 10:13:29,686] {processor.py:171} INFO - Processing /home/airflow/.local/lib/python3.7/site-packages/airflow/example_dags/example_kubernetes_executor.py took 0.070 seconds
[2021-11-28 10:14:00,452] {processor.py:163} INFO - Started process (PID=1751) to work on /home/airflow/.local/lib/python3.7/site-packages/airflow/example_dags/example_kubernetes_executor.py
[2021-11-28 10:14:00,454] {processor.py:625} INFO - Processing file /home/airflow/.local/lib/python3.7/site-packages/airflow/example_dags/example_kubernetes_executor.py for tasks to queue
[2021-11-28 10:14:00,454] {logging_mixin.py:109} INFO - [2021-11-28 10:14:00,454] {dagbag.py:500} INFO - Filling up the DagBag from /home/airflow/.local/lib/python3.7/site-packages/airflow/example_dags/example_kubernetes_executor.py
[2021-11-28 10:14:00,479] {processor.py:637} INFO - DAG(s) dict_keys(['example_kubernetes_executor']) retrieved from /home/airflow/.local/lib/python3.7/site-packages/airflow/example_dags/example_kubernetes_executor.py
[2021-11-28 10:14:00,490] {logging_mixin.py:109} INFO - [2021-11-28 10:14:00,490] {dag.py:2396} INFO - Sync 1 DAGs
[2021-11-28 10:14:00,508] {logging_mixin.py:109} INFO - [2021-11-28 10:14:00,508] {dag.py:2928} INFO - Setting next_dagrun for example_kubernetes_executor to None
[2021-11-28 10:14:00,519] {processor.py:171} INFO - Processing /home/airflow/.local/lib/python3.7/site-packages/airflow/example_dags/example_kubernetes_executor.py took 0.069 seconds
[2021-11-28 10:14:31,211] {processor.py:163} INFO - Started process (PID=1812) to work on /home/airflow/.local/lib/python3.7/site-packages/airflow/example_dags/example_kubernetes_executor.py
[2021-11-28 10:14:31,212] {processor.py:625} INFO - Processing file /home/airflow/.local/lib/python3.7/site-packages/airflow/example_dags/example_kubernetes_executor.py for tasks to queue
[2021-11-28 10:14:31,212] {logging_mixin.py:109} INFO - [2021-11-28 10:14:31,212] {dagbag.py:500} INFO - Filling up the DagBag from /home/airflow/.local/lib/python3.7/site-packages/airflow/example_dags/example_kubernetes_executor.py
[2021-11-28 10:14:31,237] {processor.py:637} INFO - DAG(s) dict_keys(['example_kubernetes_executor']) retrieved from /home/airflow/.local/lib/python3.7/site-packages/airflow/example_dags/example_kubernetes_executor.py
[2021-11-28 10:14:31,249] {logging_mixin.py:109} INFO - [2021-11-28 10:14:31,249] {dag.py:2396} INFO - Sync 1 DAGs
[2021-11-28 10:14:31,266] {logging_mixin.py:109} INFO - [2021-11-28 10:14:31,266] {dag.py:2928} INFO - Setting next_dagrun for example_kubernetes_executor to None
[2021-11-28 10:14:31,276] {processor.py:171} INFO - Processing /home/airflow/.local/lib/python3.7/site-packages/airflow/example_dags/example_kubernetes_executor.py took 0.068 seconds
[2021-11-28 10:15:01,971] {processor.py:163} INFO - Started process (PID=1863) to work on /home/airflow/.local/lib/python3.7/site-packages/airflow/example_dags/example_kubernetes_executor.py
[2021-11-28 10:15:01,973] {processor.py:625} INFO - Processing file /home/airflow/.local/lib/python3.7/site-packages/airflow/example_dags/example_kubernetes_executor.py for tasks to queue
[2021-11-28 10:15:01,973] {logging_mixin.py:109} INFO - [2021-11-28 10:15:01,973] {dagbag.py:500} INFO - Filling up the DagBag from /home/airflow/.local/lib/python3.7/site-packages/airflow/example_dags/example_kubernetes_executor.py
[2021-11-28 10:15:01,997] {processor.py:637} INFO - DAG(s) dict_keys(['example_kubernetes_executor']) retrieved from /home/airflow/.local/lib/python3.7/site-packages/airflow/example_dags/example_kubernetes_executor.py
[2021-11-28 10:15:02,006] {logging_mixin.py:109} INFO - [2021-11-28 10:15:02,006] {dag.py:2396} INFO - Sync 1 DAGs
[2021-11-28 10:15:02,020] {logging_mixin.py:109} INFO - [2021-11-28 10:15:02,020] {dag.py:2928} INFO - Setting next_dagrun for example_kubernetes_executor to None
[2021-11-28 10:15:02,030] {processor.py:171} INFO - Processing /home/airflow/.local/lib/python3.7/site-packages/airflow/example_dags/example_kubernetes_executor.py took 0.061 seconds
[2021-11-28 10:15:32,668] {processor.py:163} INFO - Started process (PID=1923) to work on /home/airflow/.local/lib/python3.7/site-packages/airflow/example_dags/example_kubernetes_executor.py
[2021-11-28 10:15:32,669] {processor.py:625} INFO - Processing file /home/airflow/.local/lib/python3.7/site-packages/airflow/example_dags/example_kubernetes_executor.py for tasks to queue
[2021-11-28 10:15:32,670] {logging_mixin.py:109} INFO - [2021-11-28 10:15:32,670] {dagbag.py:500} INFO - Filling up the DagBag from /home/airflow/.local/lib/python3.7/site-packages/airflow/example_dags/example_kubernetes_executor.py
[2021-11-28 10:15:32,695] {processor.py:637} INFO - DAG(s) dict_keys(['example_kubernetes_executor']) retrieved from /home/airflow/.local/lib/python3.7/site-packages/airflow/example_dags/example_kubernetes_executor.py
[2021-11-28 10:15:32,706] {logging_mixin.py:109} INFO - [2021-11-28 10:15:32,706] {dag.py:2396} INFO - Sync 1 DAGs
[2021-11-28 10:15:32,723] {logging_mixin.py:109} INFO - [2021-11-28 10:15:32,723] {dag.py:2928} INFO - Setting next_dagrun for example_kubernetes_executor to None
[2021-11-28 10:15:32,735] {processor.py:171} INFO - Processing /home/airflow/.local/lib/python3.7/site-packages/airflow/example_dags/example_kubernetes_executor.py took 0.069 seconds
[2021-11-28 10:16:03,376] {processor.py:163} INFO - Started process (PID=1984) to work on /home/airflow/.local/lib/python3.7/site-packages/airflow/example_dags/example_kubernetes_executor.py
[2021-11-28 10:16:03,377] {processor.py:625} INFO - Processing file /home/airflow/.local/lib/python3.7/site-packages/airflow/example_dags/example_kubernetes_executor.py for tasks to queue
[2021-11-28 10:16:03,377] {logging_mixin.py:109} INFO - [2021-11-28 10:16:03,377] {dagbag.py:500} INFO - Filling up the DagBag from /home/airflow/.local/lib/python3.7/site-packages/airflow/example_dags/example_kubernetes_executor.py
[2021-11-28 10:16:03,393] {processor.py:637} INFO - DAG(s) dict_keys(['example_kubernetes_executor']) retrieved from /home/airflow/.local/lib/python3.7/site-packages/airflow/example_dags/example_kubernetes_executor.py
[2021-11-28 10:16:03,401] {logging_mixin.py:109} INFO - [2021-11-28 10:16:03,401] {dag.py:2396} INFO - Sync 1 DAGs
[2021-11-28 10:16:03,414] {logging_mixin.py:109} INFO - [2021-11-28 10:16:03,414] {dag.py:2928} INFO - Setting next_dagrun for example_kubernetes_executor to None
[2021-11-28 10:16:03,424] {processor.py:171} INFO - Processing /home/airflow/.local/lib/python3.7/site-packages/airflow/example_dags/example_kubernetes_executor.py took 0.049 seconds
[2021-11-28 10:16:34,140] {processor.py:163} INFO - Started process (PID=2035) to work on /home/airflow/.local/lib/python3.7/site-packages/airflow/example_dags/example_kubernetes_executor.py
[2021-11-28 10:16:34,141] {processor.py:625} INFO - Processing file /home/airflow/.local/lib/python3.7/site-packages/airflow/example_dags/example_kubernetes_executor.py for tasks to queue
[2021-11-28 10:16:34,142] {logging_mixin.py:109} INFO - [2021-11-28 10:16:34,142] {dagbag.py:500} INFO - Filling up the DagBag from /home/airflow/.local/lib/python3.7/site-packages/airflow/example_dags/example_kubernetes_executor.py
[2021-11-28 10:16:34,168] {processor.py:637} INFO - DAG(s) dict_keys(['example_kubernetes_executor']) retrieved from /home/airflow/.local/lib/python3.7/site-packages/airflow/example_dags/example_kubernetes_executor.py
[2021-11-28 10:16:34,174] {logging_mixin.py:109} INFO - [2021-11-28 10:16:34,174] {dag.py:2396} INFO - Sync 1 DAGs
[2021-11-28 10:16:34,185] {logging_mixin.py:109} INFO - [2021-11-28 10:16:34,185] {dag.py:2928} INFO - Setting next_dagrun for example_kubernetes_executor to None
[2021-11-28 10:16:34,194] {processor.py:171} INFO - Processing /home/airflow/.local/lib/python3.7/site-packages/airflow/example_dags/example_kubernetes_executor.py took 0.056 seconds
[2021-11-28 10:17:04,855] {processor.py:163} INFO - Started process (PID=2095) to work on /home/airflow/.local/lib/python3.7/site-packages/airflow/example_dags/example_kubernetes_executor.py
[2021-11-28 10:17:04,856] {processor.py:625} INFO - Processing file /home/airflow/.local/lib/python3.7/site-packages/airflow/example_dags/example_kubernetes_executor.py for tasks to queue
[2021-11-28 10:17:04,857] {logging_mixin.py:109} INFO - [2021-11-28 10:17:04,857] {dagbag.py:500} INFO - Filling up the DagBag from /home/airflow/.local/lib/python3.7/site-packages/airflow/example_dags/example_kubernetes_executor.py
[2021-11-28 10:17:04,875] {processor.py:637} INFO - DAG(s) dict_keys(['example_kubernetes_executor']) retrieved from /home/airflow/.local/lib/python3.7/site-packages/airflow/example_dags/example_kubernetes_executor.py
[2021-11-28 10:17:04,881] {logging_mixin.py:109} INFO - [2021-11-28 10:17:04,881] {dag.py:2396} INFO - Sync 1 DAGs
[2021-11-28 10:17:04,891] {logging_mixin.py:109} INFO - [2021-11-28 10:17:04,891] {dag.py:2928} INFO - Setting next_dagrun for example_kubernetes_executor to None
[2021-11-28 10:17:04,899] {processor.py:171} INFO - Processing /home/airflow/.local/lib/python3.7/site-packages/airflow/example_dags/example_kubernetes_executor.py took 0.048 seconds
[2021-11-28 10:17:35,536] {processor.py:163} INFO - Started process (PID=2146) to work on /home/airflow/.local/lib/python3.7/site-packages/airflow/example_dags/example_kubernetes_executor.py
[2021-11-28 10:17:35,538] {processor.py:625} INFO - Processing file /home/airflow/.local/lib/python3.7/site-packages/airflow/example_dags/example_kubernetes_executor.py for tasks to queue
[2021-11-28 10:17:35,538] {logging_mixin.py:109} INFO - [2021-11-28 10:17:35,538] {dagbag.py:500} INFO - Filling up the DagBag from /home/airflow/.local/lib/python3.7/site-packages/airflow/example_dags/example_kubernetes_executor.py
[2021-11-28 10:17:35,564] {processor.py:637} INFO - DAG(s) dict_keys(['example_kubernetes_executor']) retrieved from /home/airflow/.local/lib/python3.7/site-packages/airflow/example_dags/example_kubernetes_executor.py
[2021-11-28 10:17:35,573] {logging_mixin.py:109} INFO - [2021-11-28 10:17:35,573] {dag.py:2396} INFO - Sync 1 DAGs
[2021-11-28 10:17:35,589] {logging_mixin.py:109} INFO - [2021-11-28 10:17:35,589] {dag.py:2928} INFO - Setting next_dagrun for example_kubernetes_executor to None
[2021-11-28 10:17:35,599] {processor.py:171} INFO - Processing /home/airflow/.local/lib/python3.7/site-packages/airflow/example_dags/example_kubernetes_executor.py took 0.066 seconds
