[2021-11-28 09:45:05,055] {processor.py:163} INFO - Started process (PID=334) to work on /home/airflow/.local/lib/python3.7/site-packages/airflow/example_dags/example_skip_dag.py
[2021-11-28 09:45:05,056] {processor.py:625} INFO - Processing file /home/airflow/.local/lib/python3.7/site-packages/airflow/example_dags/example_skip_dag.py for tasks to queue
[2021-11-28 09:45:05,056] {logging_mixin.py:109} INFO - [2021-11-28 09:45:05,056] {dagbag.py:500} INFO - Filling up the DagBag from /home/airflow/.local/lib/python3.7/site-packages/airflow/example_dags/example_skip_dag.py
[2021-11-28 09:45:05,075] {processor.py:637} INFO - DAG(s) dict_keys(['example_skip_dag']) retrieved from /home/airflow/.local/lib/python3.7/site-packages/airflow/example_dags/example_skip_dag.py
[2021-11-28 09:45:06,051] {logging_mixin.py:109} INFO - [2021-11-28 09:45:06,051] {providers_manager.py:156} WARNING - Exception when importing 'airflow.providers.google.leveldb.hooks.leveldb.LevelDBHook' from 'apache-airflow-providers-google' package: No module named 'plyvel'
[2021-11-28 09:45:06,295] {logging_mixin.py:109} INFO - [2021-11-28 09:45:06,295] {providers_manager.py:156} WARNING - Exception when importing 'airflow.providers.google.leveldb.hooks.leveldb.LevelDBHook' from 'apache-airflow-providers-google' package: No module named 'plyvel'
[2021-11-28 09:45:06,314] {logging_mixin.py:109} INFO - [2021-11-28 09:45:06,314] {manager.py:496} INFO - Created Permission View: can read on DAG:example_skip_dag
[2021-11-28 09:45:06,322] {logging_mixin.py:109} INFO - [2021-11-28 09:45:06,322] {manager.py:496} INFO - Created Permission View: can edit on DAG:example_skip_dag
[2021-11-28 09:45:06,322] {logging_mixin.py:109} INFO - [2021-11-28 09:45:06,322] {dag.py:2396} INFO - Sync 1 DAGs
[2021-11-28 09:45:06,328] {logging_mixin.py:109} INFO - [2021-11-28 09:45:06,328] {dag.py:2415} INFO - Creating ORM DAG for example_skip_dag
[2021-11-28 09:45:06,335] {logging_mixin.py:109} INFO - [2021-11-28 09:45:06,335] {dag.py:2928} INFO - Setting next_dagrun for example_skip_dag to 2021-11-27T09:45:06.334908+00:00
[2021-11-28 09:45:06,347] {processor.py:171} INFO - Processing /home/airflow/.local/lib/python3.7/site-packages/airflow/example_dags/example_skip_dag.py took 1.296 seconds
[2021-11-28 09:45:36,821] {processor.py:163} INFO - Started process (PID=503) to work on /home/airflow/.local/lib/python3.7/site-packages/airflow/example_dags/example_skip_dag.py
[2021-11-28 09:45:36,822] {processor.py:625} INFO - Processing file /home/airflow/.local/lib/python3.7/site-packages/airflow/example_dags/example_skip_dag.py for tasks to queue
[2021-11-28 09:45:36,823] {logging_mixin.py:109} INFO - [2021-11-28 09:45:36,823] {dagbag.py:500} INFO - Filling up the DagBag from /home/airflow/.local/lib/python3.7/site-packages/airflow/example_dags/example_skip_dag.py
[2021-11-28 09:45:36,846] {processor.py:637} INFO - DAG(s) dict_keys(['example_skip_dag']) retrieved from /home/airflow/.local/lib/python3.7/site-packages/airflow/example_dags/example_skip_dag.py
[2021-11-28 09:45:36,853] {logging_mixin.py:109} INFO - [2021-11-28 09:45:36,853] {dag.py:2396} INFO - Sync 1 DAGs
[2021-11-28 09:45:36,870] {logging_mixin.py:109} INFO - [2021-11-28 09:45:36,870] {dag.py:2928} INFO - Setting next_dagrun for example_skip_dag to 2021-11-27T09:45:36.870600+00:00
[2021-11-28 09:45:36,880] {processor.py:171} INFO - Processing /home/airflow/.local/lib/python3.7/site-packages/airflow/example_dags/example_skip_dag.py took 0.062 seconds
[2021-11-28 09:46:07,472] {processor.py:163} INFO - Started process (PID=554) to work on /home/airflow/.local/lib/python3.7/site-packages/airflow/example_dags/example_skip_dag.py
[2021-11-28 09:46:07,473] {processor.py:625} INFO - Processing file /home/airflow/.local/lib/python3.7/site-packages/airflow/example_dags/example_skip_dag.py for tasks to queue
[2021-11-28 09:46:07,473] {logging_mixin.py:109} INFO - [2021-11-28 09:46:07,473] {dagbag.py:500} INFO - Filling up the DagBag from /home/airflow/.local/lib/python3.7/site-packages/airflow/example_dags/example_skip_dag.py
[2021-11-28 09:46:07,498] {processor.py:637} INFO - DAG(s) dict_keys(['example_skip_dag']) retrieved from /home/airflow/.local/lib/python3.7/site-packages/airflow/example_dags/example_skip_dag.py
[2021-11-28 09:46:07,507] {logging_mixin.py:109} INFO - [2021-11-28 09:46:07,506] {dag.py:2396} INFO - Sync 1 DAGs
[2021-11-28 09:46:07,520] {logging_mixin.py:109} INFO - [2021-11-28 09:46:07,520] {dag.py:2928} INFO - Setting next_dagrun for example_skip_dag to 2021-11-27T09:46:07.520395+00:00
[2021-11-28 09:46:07,528] {processor.py:171} INFO - Processing /home/airflow/.local/lib/python3.7/site-packages/airflow/example_dags/example_skip_dag.py took 0.059 seconds
[2021-11-28 09:46:37,692] {processor.py:163} INFO - Started process (PID=614) to work on /home/airflow/.local/lib/python3.7/site-packages/airflow/example_dags/example_skip_dag.py
[2021-11-28 09:46:37,696] {processor.py:625} INFO - Processing file /home/airflow/.local/lib/python3.7/site-packages/airflow/example_dags/example_skip_dag.py for tasks to queue
[2021-11-28 09:46:37,696] {logging_mixin.py:109} INFO - [2021-11-28 09:46:37,696] {dagbag.py:500} INFO - Filling up the DagBag from /home/airflow/.local/lib/python3.7/site-packages/airflow/example_dags/example_skip_dag.py
[2021-11-28 09:46:37,718] {processor.py:637} INFO - DAG(s) dict_keys(['example_skip_dag']) retrieved from /home/airflow/.local/lib/python3.7/site-packages/airflow/example_dags/example_skip_dag.py
[2021-11-28 09:46:37,727] {logging_mixin.py:109} INFO - [2021-11-28 09:46:37,727] {dag.py:2396} INFO - Sync 1 DAGs
[2021-11-28 09:46:37,739] {logging_mixin.py:109} INFO - [2021-11-28 09:46:37,739] {dag.py:2928} INFO - Setting next_dagrun for example_skip_dag to 2021-11-27T09:46:37.739159+00:00
[2021-11-28 09:46:37,747] {processor.py:171} INFO - Processing /home/airflow/.local/lib/python3.7/site-packages/airflow/example_dags/example_skip_dag.py took 0.058 seconds
[2021-11-28 09:48:50,146] {processor.py:163} INFO - Started process (PID=52) to work on /home/airflow/.local/lib/python3.7/site-packages/airflow/example_dags/example_skip_dag.py
[2021-11-28 09:48:50,148] {processor.py:625} INFO - Processing file /home/airflow/.local/lib/python3.7/site-packages/airflow/example_dags/example_skip_dag.py for tasks to queue
[2021-11-28 09:48:50,148] {logging_mixin.py:109} INFO - [2021-11-28 09:48:50,148] {dagbag.py:500} INFO - Filling up the DagBag from /home/airflow/.local/lib/python3.7/site-packages/airflow/example_dags/example_skip_dag.py
[2021-11-28 09:48:50,175] {processor.py:637} INFO - DAG(s) dict_keys(['example_skip_dag']) retrieved from /home/airflow/.local/lib/python3.7/site-packages/airflow/example_dags/example_skip_dag.py
[2021-11-28 09:48:50,188] {logging_mixin.py:109} INFO - [2021-11-28 09:48:50,188] {dag.py:2396} INFO - Sync 1 DAGs
[2021-11-28 09:48:50,203] {logging_mixin.py:109} INFO - [2021-11-28 09:48:50,203] {dag.py:2928} INFO - Setting next_dagrun for example_skip_dag to 2021-11-27T09:48:50.202988+00:00
[2021-11-28 09:48:50,213] {processor.py:171} INFO - Processing /home/airflow/.local/lib/python3.7/site-packages/airflow/example_dags/example_skip_dag.py took 0.070 seconds
[2021-11-28 09:49:21,427] {processor.py:163} INFO - Started process (PID=112) to work on /home/airflow/.local/lib/python3.7/site-packages/airflow/example_dags/example_skip_dag.py
[2021-11-28 09:49:21,428] {processor.py:625} INFO - Processing file /home/airflow/.local/lib/python3.7/site-packages/airflow/example_dags/example_skip_dag.py for tasks to queue
[2021-11-28 09:49:21,428] {logging_mixin.py:109} INFO - [2021-11-28 09:49:21,428] {dagbag.py:500} INFO - Filling up the DagBag from /home/airflow/.local/lib/python3.7/site-packages/airflow/example_dags/example_skip_dag.py
[2021-11-28 09:49:21,452] {processor.py:637} INFO - DAG(s) dict_keys(['example_skip_dag']) retrieved from /home/airflow/.local/lib/python3.7/site-packages/airflow/example_dags/example_skip_dag.py
[2021-11-28 09:49:21,463] {logging_mixin.py:109} INFO - [2021-11-28 09:49:21,463] {dag.py:2396} INFO - Sync 1 DAGs
[2021-11-28 09:49:21,480] {logging_mixin.py:109} INFO - [2021-11-28 09:49:21,479] {dag.py:2928} INFO - Setting next_dagrun for example_skip_dag to 2021-11-27T09:49:21.479754+00:00
[2021-11-28 09:49:21,488] {processor.py:171} INFO - Processing /home/airflow/.local/lib/python3.7/site-packages/airflow/example_dags/example_skip_dag.py took 0.064 seconds
[2021-11-28 09:49:52,398] {processor.py:163} INFO - Started process (PID=172) to work on /home/airflow/.local/lib/python3.7/site-packages/airflow/example_dags/example_skip_dag.py
[2021-11-28 09:49:52,400] {processor.py:625} INFO - Processing file /home/airflow/.local/lib/python3.7/site-packages/airflow/example_dags/example_skip_dag.py for tasks to queue
[2021-11-28 09:49:52,400] {logging_mixin.py:109} INFO - [2021-11-28 09:49:52,400] {dagbag.py:500} INFO - Filling up the DagBag from /home/airflow/.local/lib/python3.7/site-packages/airflow/example_dags/example_skip_dag.py
[2021-11-28 09:49:52,424] {processor.py:637} INFO - DAG(s) dict_keys(['example_skip_dag']) retrieved from /home/airflow/.local/lib/python3.7/site-packages/airflow/example_dags/example_skip_dag.py
[2021-11-28 09:49:52,437] {logging_mixin.py:109} INFO - [2021-11-28 09:49:52,437] {dag.py:2396} INFO - Sync 1 DAGs
[2021-11-28 09:49:52,452] {logging_mixin.py:109} INFO - [2021-11-28 09:49:52,451] {dag.py:2928} INFO - Setting next_dagrun for example_skip_dag to 2021-11-27T09:49:52.451769+00:00
[2021-11-28 09:49:52,460] {processor.py:171} INFO - Processing /home/airflow/.local/lib/python3.7/site-packages/airflow/example_dags/example_skip_dag.py took 0.064 seconds
[2021-11-28 09:50:23,318] {processor.py:163} INFO - Started process (PID=223) to work on /home/airflow/.local/lib/python3.7/site-packages/airflow/example_dags/example_skip_dag.py
[2021-11-28 09:50:23,319] {processor.py:625} INFO - Processing file /home/airflow/.local/lib/python3.7/site-packages/airflow/example_dags/example_skip_dag.py for tasks to queue
[2021-11-28 09:50:23,320] {logging_mixin.py:109} INFO - [2021-11-28 09:50:23,320] {dagbag.py:500} INFO - Filling up the DagBag from /home/airflow/.local/lib/python3.7/site-packages/airflow/example_dags/example_skip_dag.py
[2021-11-28 09:50:23,340] {processor.py:637} INFO - DAG(s) dict_keys(['example_skip_dag']) retrieved from /home/airflow/.local/lib/python3.7/site-packages/airflow/example_dags/example_skip_dag.py
[2021-11-28 09:50:23,351] {logging_mixin.py:109} INFO - [2021-11-28 09:50:23,351] {dag.py:2396} INFO - Sync 1 DAGs
[2021-11-28 09:50:23,370] {logging_mixin.py:109} INFO - [2021-11-28 09:50:23,370] {dag.py:2928} INFO - Setting next_dagrun for example_skip_dag to 2021-11-27T09:50:23.370003+00:00
[2021-11-28 09:50:23,382] {processor.py:171} INFO - Processing /home/airflow/.local/lib/python3.7/site-packages/airflow/example_dags/example_skip_dag.py took 0.066 seconds
[2021-11-28 09:50:54,304] {processor.py:163} INFO - Started process (PID=283) to work on /home/airflow/.local/lib/python3.7/site-packages/airflow/example_dags/example_skip_dag.py
[2021-11-28 09:50:54,305] {processor.py:625} INFO - Processing file /home/airflow/.local/lib/python3.7/site-packages/airflow/example_dags/example_skip_dag.py for tasks to queue
[2021-11-28 09:50:54,306] {logging_mixin.py:109} INFO - [2021-11-28 09:50:54,306] {dagbag.py:500} INFO - Filling up the DagBag from /home/airflow/.local/lib/python3.7/site-packages/airflow/example_dags/example_skip_dag.py
[2021-11-28 09:50:54,328] {processor.py:637} INFO - DAG(s) dict_keys(['example_skip_dag']) retrieved from /home/airflow/.local/lib/python3.7/site-packages/airflow/example_dags/example_skip_dag.py
[2021-11-28 09:50:54,335] {logging_mixin.py:109} INFO - [2021-11-28 09:50:54,335] {dag.py:2396} INFO - Sync 1 DAGs
[2021-11-28 09:50:54,351] {logging_mixin.py:109} INFO - [2021-11-28 09:50:54,351] {dag.py:2928} INFO - Setting next_dagrun for example_skip_dag to 2021-11-27T09:50:54.350850+00:00
[2021-11-28 09:50:54,364] {processor.py:171} INFO - Processing /home/airflow/.local/lib/python3.7/site-packages/airflow/example_dags/example_skip_dag.py took 0.062 seconds
[2021-11-28 09:51:48,754] {processor.py:163} INFO - Started process (PID=51) to work on /home/airflow/.local/lib/python3.7/site-packages/airflow/example_dags/example_skip_dag.py
[2021-11-28 09:51:48,755] {processor.py:625} INFO - Processing file /home/airflow/.local/lib/python3.7/site-packages/airflow/example_dags/example_skip_dag.py for tasks to queue
[2021-11-28 09:51:48,755] {logging_mixin.py:109} INFO - [2021-11-28 09:51:48,755] {dagbag.py:500} INFO - Filling up the DagBag from /home/airflow/.local/lib/python3.7/site-packages/airflow/example_dags/example_skip_dag.py
[2021-11-28 09:51:48,772] {processor.py:637} INFO - DAG(s) dict_keys(['example_skip_dag']) retrieved from /home/airflow/.local/lib/python3.7/site-packages/airflow/example_dags/example_skip_dag.py
[2021-11-28 09:51:48,780] {logging_mixin.py:109} INFO - [2021-11-28 09:51:48,780] {dag.py:2396} INFO - Sync 1 DAGs
[2021-11-28 09:51:48,794] {logging_mixin.py:109} INFO - [2021-11-28 09:51:48,794] {dag.py:2928} INFO - Setting next_dagrun for example_skip_dag to 2021-11-27T09:51:48.793913+00:00
[2021-11-28 09:51:48,803] {processor.py:171} INFO - Processing /home/airflow/.local/lib/python3.7/site-packages/airflow/example_dags/example_skip_dag.py took 0.051 seconds
[2021-11-28 09:52:19,144] {processor.py:163} INFO - Started process (PID=113) to work on /home/airflow/.local/lib/python3.7/site-packages/airflow/example_dags/example_skip_dag.py
[2021-11-28 09:52:19,145] {processor.py:625} INFO - Processing file /home/airflow/.local/lib/python3.7/site-packages/airflow/example_dags/example_skip_dag.py for tasks to queue
[2021-11-28 09:52:19,146] {logging_mixin.py:109} INFO - [2021-11-28 09:52:19,146] {dagbag.py:500} INFO - Filling up the DagBag from /home/airflow/.local/lib/python3.7/site-packages/airflow/example_dags/example_skip_dag.py
[2021-11-28 09:52:19,169] {processor.py:637} INFO - DAG(s) dict_keys(['example_skip_dag']) retrieved from /home/airflow/.local/lib/python3.7/site-packages/airflow/example_dags/example_skip_dag.py
[2021-11-28 09:52:19,177] {logging_mixin.py:109} INFO - [2021-11-28 09:52:19,177] {dag.py:2396} INFO - Sync 1 DAGs
[2021-11-28 09:52:19,191] {logging_mixin.py:109} INFO - [2021-11-28 09:52:19,191] {dag.py:2928} INFO - Setting next_dagrun for example_skip_dag to 2021-11-27T09:52:19.191027+00:00
[2021-11-28 09:52:19,199] {processor.py:171} INFO - Processing /home/airflow/.local/lib/python3.7/site-packages/airflow/example_dags/example_skip_dag.py took 0.058 seconds
[2021-11-28 09:52:50,030] {processor.py:163} INFO - Started process (PID=164) to work on /home/airflow/.local/lib/python3.7/site-packages/airflow/example_dags/example_skip_dag.py
[2021-11-28 09:52:50,032] {processor.py:625} INFO - Processing file /home/airflow/.local/lib/python3.7/site-packages/airflow/example_dags/example_skip_dag.py for tasks to queue
[2021-11-28 09:52:50,032] {logging_mixin.py:109} INFO - [2021-11-28 09:52:50,032] {dagbag.py:500} INFO - Filling up the DagBag from /home/airflow/.local/lib/python3.7/site-packages/airflow/example_dags/example_skip_dag.py
[2021-11-28 09:52:50,062] {processor.py:637} INFO - DAG(s) dict_keys(['example_skip_dag']) retrieved from /home/airflow/.local/lib/python3.7/site-packages/airflow/example_dags/example_skip_dag.py
[2021-11-28 09:52:50,070] {logging_mixin.py:109} INFO - [2021-11-28 09:52:50,070] {dag.py:2396} INFO - Sync 1 DAGs
[2021-11-28 09:52:50,081] {logging_mixin.py:109} INFO - [2021-11-28 09:52:50,081] {dag.py:2928} INFO - Setting next_dagrun for example_skip_dag to 2021-11-27T09:52:50.080977+00:00
[2021-11-28 09:52:50,089] {processor.py:171} INFO - Processing /home/airflow/.local/lib/python3.7/site-packages/airflow/example_dags/example_skip_dag.py took 0.061 seconds
[2021-11-28 09:58:34,381] {processor.py:163} INFO - Started process (PID=51) to work on /home/airflow/.local/lib/python3.7/site-packages/airflow/example_dags/example_skip_dag.py
[2021-11-28 09:58:34,382] {processor.py:625} INFO - Processing file /home/airflow/.local/lib/python3.7/site-packages/airflow/example_dags/example_skip_dag.py for tasks to queue
[2021-11-28 09:58:34,382] {logging_mixin.py:109} INFO - [2021-11-28 09:58:34,382] {dagbag.py:500} INFO - Filling up the DagBag from /home/airflow/.local/lib/python3.7/site-packages/airflow/example_dags/example_skip_dag.py
[2021-11-28 09:58:34,402] {processor.py:637} INFO - DAG(s) dict_keys(['example_skip_dag']) retrieved from /home/airflow/.local/lib/python3.7/site-packages/airflow/example_dags/example_skip_dag.py
[2021-11-28 09:58:34,412] {logging_mixin.py:109} INFO - [2021-11-28 09:58:34,412] {dag.py:2396} INFO - Sync 1 DAGs
[2021-11-28 09:58:34,428] {logging_mixin.py:109} INFO - [2021-11-28 09:58:34,428] {dag.py:2928} INFO - Setting next_dagrun for example_skip_dag to 2021-11-27T09:58:34.428110+00:00
[2021-11-28 09:58:34,438] {processor.py:171} INFO - Processing /home/airflow/.local/lib/python3.7/site-packages/airflow/example_dags/example_skip_dag.py took 0.060 seconds
[2021-11-28 09:59:05,314] {processor.py:163} INFO - Started process (PID=111) to work on /home/airflow/.local/lib/python3.7/site-packages/airflow/example_dags/example_skip_dag.py
[2021-11-28 09:59:05,316] {processor.py:625} INFO - Processing file /home/airflow/.local/lib/python3.7/site-packages/airflow/example_dags/example_skip_dag.py for tasks to queue
[2021-11-28 09:59:05,316] {logging_mixin.py:109} INFO - [2021-11-28 09:59:05,316] {dagbag.py:500} INFO - Filling up the DagBag from /home/airflow/.local/lib/python3.7/site-packages/airflow/example_dags/example_skip_dag.py
[2021-11-28 09:59:05,339] {processor.py:637} INFO - DAG(s) dict_keys(['example_skip_dag']) retrieved from /home/airflow/.local/lib/python3.7/site-packages/airflow/example_dags/example_skip_dag.py
[2021-11-28 09:59:05,348] {logging_mixin.py:109} INFO - [2021-11-28 09:59:05,348] {dag.py:2396} INFO - Sync 1 DAGs
[2021-11-28 09:59:05,361] {logging_mixin.py:109} INFO - [2021-11-28 09:59:05,361] {dag.py:2928} INFO - Setting next_dagrun for example_skip_dag to 2021-11-27T09:59:05.360948+00:00
[2021-11-28 09:59:05,370] {processor.py:171} INFO - Processing /home/airflow/.local/lib/python3.7/site-packages/airflow/example_dags/example_skip_dag.py took 0.058 seconds
[2021-11-28 09:59:36,133] {processor.py:163} INFO - Started process (PID=171) to work on /home/airflow/.local/lib/python3.7/site-packages/airflow/example_dags/example_skip_dag.py
[2021-11-28 09:59:36,134] {processor.py:625} INFO - Processing file /home/airflow/.local/lib/python3.7/site-packages/airflow/example_dags/example_skip_dag.py for tasks to queue
[2021-11-28 09:59:36,135] {logging_mixin.py:109} INFO - [2021-11-28 09:59:36,135] {dagbag.py:500} INFO - Filling up the DagBag from /home/airflow/.local/lib/python3.7/site-packages/airflow/example_dags/example_skip_dag.py
[2021-11-28 09:59:36,160] {processor.py:637} INFO - DAG(s) dict_keys(['example_skip_dag']) retrieved from /home/airflow/.local/lib/python3.7/site-packages/airflow/example_dags/example_skip_dag.py
[2021-11-28 09:59:36,172] {logging_mixin.py:109} INFO - [2021-11-28 09:59:36,172] {dag.py:2396} INFO - Sync 1 DAGs
[2021-11-28 09:59:36,192] {logging_mixin.py:109} INFO - [2021-11-28 09:59:36,192] {dag.py:2928} INFO - Setting next_dagrun for example_skip_dag to 2021-11-27T09:59:36.192075+00:00
[2021-11-28 09:59:36,206] {processor.py:171} INFO - Processing /home/airflow/.local/lib/python3.7/site-packages/airflow/example_dags/example_skip_dag.py took 0.075 seconds
[2021-11-28 10:00:07,114] {processor.py:163} INFO - Started process (PID=222) to work on /home/airflow/.local/lib/python3.7/site-packages/airflow/example_dags/example_skip_dag.py
[2021-11-28 10:00:07,115] {processor.py:625} INFO - Processing file /home/airflow/.local/lib/python3.7/site-packages/airflow/example_dags/example_skip_dag.py for tasks to queue
[2021-11-28 10:00:07,116] {logging_mixin.py:109} INFO - [2021-11-28 10:00:07,116] {dagbag.py:500} INFO - Filling up the DagBag from /home/airflow/.local/lib/python3.7/site-packages/airflow/example_dags/example_skip_dag.py
[2021-11-28 10:00:07,137] {processor.py:637} INFO - DAG(s) dict_keys(['example_skip_dag']) retrieved from /home/airflow/.local/lib/python3.7/site-packages/airflow/example_dags/example_skip_dag.py
[2021-11-28 10:00:07,147] {logging_mixin.py:109} INFO - [2021-11-28 10:00:07,147] {dag.py:2396} INFO - Sync 1 DAGs
[2021-11-28 10:00:07,160] {logging_mixin.py:109} INFO - [2021-11-28 10:00:07,160] {dag.py:2928} INFO - Setting next_dagrun for example_skip_dag to 2021-11-27T10:00:07.160327+00:00
[2021-11-28 10:00:07,170] {processor.py:171} INFO - Processing /home/airflow/.local/lib/python3.7/site-packages/airflow/example_dags/example_skip_dag.py took 0.058 seconds
[2021-11-28 10:00:37,920] {processor.py:163} INFO - Started process (PID=282) to work on /home/airflow/.local/lib/python3.7/site-packages/airflow/example_dags/example_skip_dag.py
[2021-11-28 10:00:37,921] {processor.py:625} INFO - Processing file /home/airflow/.local/lib/python3.7/site-packages/airflow/example_dags/example_skip_dag.py for tasks to queue
[2021-11-28 10:00:37,921] {logging_mixin.py:109} INFO - [2021-11-28 10:00:37,921] {dagbag.py:500} INFO - Filling up the DagBag from /home/airflow/.local/lib/python3.7/site-packages/airflow/example_dags/example_skip_dag.py
[2021-11-28 10:00:37,945] {processor.py:637} INFO - DAG(s) dict_keys(['example_skip_dag']) retrieved from /home/airflow/.local/lib/python3.7/site-packages/airflow/example_dags/example_skip_dag.py
[2021-11-28 10:00:37,956] {logging_mixin.py:109} INFO - [2021-11-28 10:00:37,956] {dag.py:2396} INFO - Sync 1 DAGs
[2021-11-28 10:00:37,974] {logging_mixin.py:109} INFO - [2021-11-28 10:00:37,974] {dag.py:2928} INFO - Setting next_dagrun for example_skip_dag to 2021-11-27T10:00:37.974379+00:00
[2021-11-28 10:00:37,987] {processor.py:171} INFO - Processing /home/airflow/.local/lib/python3.7/site-packages/airflow/example_dags/example_skip_dag.py took 0.070 seconds
[2021-11-28 10:01:08,891] {processor.py:163} INFO - Started process (PID=333) to work on /home/airflow/.local/lib/python3.7/site-packages/airflow/example_dags/example_skip_dag.py
[2021-11-28 10:01:08,892] {processor.py:625} INFO - Processing file /home/airflow/.local/lib/python3.7/site-packages/airflow/example_dags/example_skip_dag.py for tasks to queue
[2021-11-28 10:01:08,892] {logging_mixin.py:109} INFO - [2021-11-28 10:01:08,892] {dagbag.py:500} INFO - Filling up the DagBag from /home/airflow/.local/lib/python3.7/site-packages/airflow/example_dags/example_skip_dag.py
[2021-11-28 10:01:08,908] {processor.py:637} INFO - DAG(s) dict_keys(['example_skip_dag']) retrieved from /home/airflow/.local/lib/python3.7/site-packages/airflow/example_dags/example_skip_dag.py
[2021-11-28 10:01:08,915] {logging_mixin.py:109} INFO - [2021-11-28 10:01:08,915] {dag.py:2396} INFO - Sync 1 DAGs
[2021-11-28 10:01:08,927] {logging_mixin.py:109} INFO - [2021-11-28 10:01:08,926] {dag.py:2928} INFO - Setting next_dagrun for example_skip_dag to 2021-11-27T10:01:08.926755+00:00
[2021-11-28 10:01:08,935] {processor.py:171} INFO - Processing /home/airflow/.local/lib/python3.7/site-packages/airflow/example_dags/example_skip_dag.py took 0.046 seconds
[2021-11-28 10:01:39,790] {processor.py:163} INFO - Started process (PID=393) to work on /home/airflow/.local/lib/python3.7/site-packages/airflow/example_dags/example_skip_dag.py
[2021-11-28 10:01:39,791] {processor.py:625} INFO - Processing file /home/airflow/.local/lib/python3.7/site-packages/airflow/example_dags/example_skip_dag.py for tasks to queue
[2021-11-28 10:01:39,791] {logging_mixin.py:109} INFO - [2021-11-28 10:01:39,791] {dagbag.py:500} INFO - Filling up the DagBag from /home/airflow/.local/lib/python3.7/site-packages/airflow/example_dags/example_skip_dag.py
[2021-11-28 10:01:39,812] {processor.py:637} INFO - DAG(s) dict_keys(['example_skip_dag']) retrieved from /home/airflow/.local/lib/python3.7/site-packages/airflow/example_dags/example_skip_dag.py
[2021-11-28 10:01:39,819] {logging_mixin.py:109} INFO - [2021-11-28 10:01:39,818] {dag.py:2396} INFO - Sync 1 DAGs
[2021-11-28 10:01:39,836] {logging_mixin.py:109} INFO - [2021-11-28 10:01:39,836] {dag.py:2928} INFO - Setting next_dagrun for example_skip_dag to 2021-11-27T10:01:39.836427+00:00
[2021-11-28 10:01:39,848] {processor.py:171} INFO - Processing /home/airflow/.local/lib/python3.7/site-packages/airflow/example_dags/example_skip_dag.py took 0.059 seconds
[2021-11-28 10:02:10,698] {processor.py:163} INFO - Started process (PID=453) to work on /home/airflow/.local/lib/python3.7/site-packages/airflow/example_dags/example_skip_dag.py
[2021-11-28 10:02:10,699] {processor.py:625} INFO - Processing file /home/airflow/.local/lib/python3.7/site-packages/airflow/example_dags/example_skip_dag.py for tasks to queue
[2021-11-28 10:02:10,700] {logging_mixin.py:109} INFO - [2021-11-28 10:02:10,700] {dagbag.py:500} INFO - Filling up the DagBag from /home/airflow/.local/lib/python3.7/site-packages/airflow/example_dags/example_skip_dag.py
[2021-11-28 10:02:10,725] {processor.py:637} INFO - DAG(s) dict_keys(['example_skip_dag']) retrieved from /home/airflow/.local/lib/python3.7/site-packages/airflow/example_dags/example_skip_dag.py
[2021-11-28 10:02:10,738] {logging_mixin.py:109} INFO - [2021-11-28 10:02:10,738] {dag.py:2396} INFO - Sync 1 DAGs
[2021-11-28 10:02:10,757] {logging_mixin.py:109} INFO - [2021-11-28 10:02:10,757] {dag.py:2928} INFO - Setting next_dagrun for example_skip_dag to 2021-11-27T10:02:10.756796+00:00
[2021-11-28 10:02:10,770] {processor.py:171} INFO - Processing /home/airflow/.local/lib/python3.7/site-packages/airflow/example_dags/example_skip_dag.py took 0.075 seconds
[2021-11-28 10:02:41,670] {processor.py:163} INFO - Started process (PID=504) to work on /home/airflow/.local/lib/python3.7/site-packages/airflow/example_dags/example_skip_dag.py
[2021-11-28 10:02:41,671] {processor.py:625} INFO - Processing file /home/airflow/.local/lib/python3.7/site-packages/airflow/example_dags/example_skip_dag.py for tasks to queue
[2021-11-28 10:02:41,672] {logging_mixin.py:109} INFO - [2021-11-28 10:02:41,672] {dagbag.py:500} INFO - Filling up the DagBag from /home/airflow/.local/lib/python3.7/site-packages/airflow/example_dags/example_skip_dag.py
[2021-11-28 10:02:41,697] {processor.py:637} INFO - DAG(s) dict_keys(['example_skip_dag']) retrieved from /home/airflow/.local/lib/python3.7/site-packages/airflow/example_dags/example_skip_dag.py
[2021-11-28 10:02:41,710] {logging_mixin.py:109} INFO - [2021-11-28 10:02:41,710] {dag.py:2396} INFO - Sync 1 DAGs
[2021-11-28 10:02:41,730] {logging_mixin.py:109} INFO - [2021-11-28 10:02:41,730] {dag.py:2928} INFO - Setting next_dagrun for example_skip_dag to 2021-11-27T10:02:41.729837+00:00
[2021-11-28 10:02:41,741] {processor.py:171} INFO - Processing /home/airflow/.local/lib/python3.7/site-packages/airflow/example_dags/example_skip_dag.py took 0.074 seconds
[2021-11-28 10:03:12,614] {processor.py:163} INFO - Started process (PID=564) to work on /home/airflow/.local/lib/python3.7/site-packages/airflow/example_dags/example_skip_dag.py
[2021-11-28 10:03:12,615] {processor.py:625} INFO - Processing file /home/airflow/.local/lib/python3.7/site-packages/airflow/example_dags/example_skip_dag.py for tasks to queue
[2021-11-28 10:03:12,615] {logging_mixin.py:109} INFO - [2021-11-28 10:03:12,615] {dagbag.py:500} INFO - Filling up the DagBag from /home/airflow/.local/lib/python3.7/site-packages/airflow/example_dags/example_skip_dag.py
[2021-11-28 10:03:12,632] {processor.py:637} INFO - DAG(s) dict_keys(['example_skip_dag']) retrieved from /home/airflow/.local/lib/python3.7/site-packages/airflow/example_dags/example_skip_dag.py
[2021-11-28 10:03:12,645] {logging_mixin.py:109} INFO - [2021-11-28 10:03:12,644] {dag.py:2396} INFO - Sync 1 DAGs
[2021-11-28 10:03:12,663] {logging_mixin.py:109} INFO - [2021-11-28 10:03:12,663] {dag.py:2928} INFO - Setting next_dagrun for example_skip_dag to 2021-11-27T10:03:12.663138+00:00
[2021-11-28 10:03:12,673] {processor.py:171} INFO - Processing /home/airflow/.local/lib/python3.7/site-packages/airflow/example_dags/example_skip_dag.py took 0.061 seconds
[2021-11-28 10:03:43,581] {processor.py:163} INFO - Started process (PID=615) to work on /home/airflow/.local/lib/python3.7/site-packages/airflow/example_dags/example_skip_dag.py
[2021-11-28 10:03:43,581] {processor.py:625} INFO - Processing file /home/airflow/.local/lib/python3.7/site-packages/airflow/example_dags/example_skip_dag.py for tasks to queue
[2021-11-28 10:03:43,582] {logging_mixin.py:109} INFO - [2021-11-28 10:03:43,582] {dagbag.py:500} INFO - Filling up the DagBag from /home/airflow/.local/lib/python3.7/site-packages/airflow/example_dags/example_skip_dag.py
[2021-11-28 10:03:43,602] {processor.py:637} INFO - DAG(s) dict_keys(['example_skip_dag']) retrieved from /home/airflow/.local/lib/python3.7/site-packages/airflow/example_dags/example_skip_dag.py
[2021-11-28 10:03:43,616] {logging_mixin.py:109} INFO - [2021-11-28 10:03:43,616] {dag.py:2396} INFO - Sync 1 DAGs
[2021-11-28 10:03:43,633] {logging_mixin.py:109} INFO - [2021-11-28 10:03:43,633] {dag.py:2928} INFO - Setting next_dagrun for example_skip_dag to 2021-11-27T10:03:43.633230+00:00
[2021-11-28 10:03:43,644] {processor.py:171} INFO - Processing /home/airflow/.local/lib/python3.7/site-packages/airflow/example_dags/example_skip_dag.py took 0.065 seconds
[2021-11-28 10:04:14,557] {processor.py:163} INFO - Started process (PID=675) to work on /home/airflow/.local/lib/python3.7/site-packages/airflow/example_dags/example_skip_dag.py
[2021-11-28 10:04:14,558] {processor.py:625} INFO - Processing file /home/airflow/.local/lib/python3.7/site-packages/airflow/example_dags/example_skip_dag.py for tasks to queue
[2021-11-28 10:04:14,558] {logging_mixin.py:109} INFO - [2021-11-28 10:04:14,558] {dagbag.py:500} INFO - Filling up the DagBag from /home/airflow/.local/lib/python3.7/site-packages/airflow/example_dags/example_skip_dag.py
[2021-11-28 10:04:14,574] {processor.py:637} INFO - DAG(s) dict_keys(['example_skip_dag']) retrieved from /home/airflow/.local/lib/python3.7/site-packages/airflow/example_dags/example_skip_dag.py
[2021-11-28 10:04:14,582] {logging_mixin.py:109} INFO - [2021-11-28 10:04:14,582] {dag.py:2396} INFO - Sync 1 DAGs
[2021-11-28 10:04:14,593] {logging_mixin.py:109} INFO - [2021-11-28 10:04:14,593] {dag.py:2928} INFO - Setting next_dagrun for example_skip_dag to 2021-11-27T10:04:14.593562+00:00
[2021-11-28 10:04:14,603] {processor.py:171} INFO - Processing /home/airflow/.local/lib/python3.7/site-packages/airflow/example_dags/example_skip_dag.py took 0.048 seconds
[2021-11-28 10:04:45,600] {processor.py:163} INFO - Started process (PID=735) to work on /home/airflow/.local/lib/python3.7/site-packages/airflow/example_dags/example_skip_dag.py
[2021-11-28 10:04:45,601] {processor.py:625} INFO - Processing file /home/airflow/.local/lib/python3.7/site-packages/airflow/example_dags/example_skip_dag.py for tasks to queue
[2021-11-28 10:04:45,602] {logging_mixin.py:109} INFO - [2021-11-28 10:04:45,602] {dagbag.py:500} INFO - Filling up the DagBag from /home/airflow/.local/lib/python3.7/site-packages/airflow/example_dags/example_skip_dag.py
[2021-11-28 10:04:45,619] {processor.py:637} INFO - DAG(s) dict_keys(['example_skip_dag']) retrieved from /home/airflow/.local/lib/python3.7/site-packages/airflow/example_dags/example_skip_dag.py
[2021-11-28 10:04:45,627] {logging_mixin.py:109} INFO - [2021-11-28 10:04:45,627] {dag.py:2396} INFO - Sync 1 DAGs
[2021-11-28 10:04:45,639] {logging_mixin.py:109} INFO - [2021-11-28 10:04:45,639] {dag.py:2928} INFO - Setting next_dagrun for example_skip_dag to 2021-11-27T10:04:45.638971+00:00
[2021-11-28 10:04:45,648] {processor.py:171} INFO - Processing /home/airflow/.local/lib/python3.7/site-packages/airflow/example_dags/example_skip_dag.py took 0.050 seconds
[2021-11-28 10:05:16,692] {processor.py:163} INFO - Started process (PID=786) to work on /home/airflow/.local/lib/python3.7/site-packages/airflow/example_dags/example_skip_dag.py
[2021-11-28 10:05:16,693] {processor.py:625} INFO - Processing file /home/airflow/.local/lib/python3.7/site-packages/airflow/example_dags/example_skip_dag.py for tasks to queue
[2021-11-28 10:05:16,694] {logging_mixin.py:109} INFO - [2021-11-28 10:05:16,694] {dagbag.py:500} INFO - Filling up the DagBag from /home/airflow/.local/lib/python3.7/site-packages/airflow/example_dags/example_skip_dag.py
[2021-11-28 10:05:16,716] {processor.py:637} INFO - DAG(s) dict_keys(['example_skip_dag']) retrieved from /home/airflow/.local/lib/python3.7/site-packages/airflow/example_dags/example_skip_dag.py
[2021-11-28 10:05:16,728] {logging_mixin.py:109} INFO - [2021-11-28 10:05:16,728] {dag.py:2396} INFO - Sync 1 DAGs
[2021-11-28 10:05:16,745] {logging_mixin.py:109} INFO - [2021-11-28 10:05:16,745] {dag.py:2928} INFO - Setting next_dagrun for example_skip_dag to 2021-11-27T10:05:16.745404+00:00
[2021-11-28 10:05:16,757] {processor.py:171} INFO - Processing /home/airflow/.local/lib/python3.7/site-packages/airflow/example_dags/example_skip_dag.py took 0.066 seconds
[2021-11-28 10:05:47,777] {processor.py:163} INFO - Started process (PID=846) to work on /home/airflow/.local/lib/python3.7/site-packages/airflow/example_dags/example_skip_dag.py
[2021-11-28 10:05:47,778] {processor.py:625} INFO - Processing file /home/airflow/.local/lib/python3.7/site-packages/airflow/example_dags/example_skip_dag.py for tasks to queue
[2021-11-28 10:05:47,779] {logging_mixin.py:109} INFO - [2021-11-28 10:05:47,779] {dagbag.py:500} INFO - Filling up the DagBag from /home/airflow/.local/lib/python3.7/site-packages/airflow/example_dags/example_skip_dag.py
[2021-11-28 10:05:47,807] {processor.py:637} INFO - DAG(s) dict_keys(['example_skip_dag']) retrieved from /home/airflow/.local/lib/python3.7/site-packages/airflow/example_dags/example_skip_dag.py
[2021-11-28 10:05:47,815] {logging_mixin.py:109} INFO - [2021-11-28 10:05:47,815] {dag.py:2396} INFO - Sync 1 DAGs
[2021-11-28 10:05:47,830] {logging_mixin.py:109} INFO - [2021-11-28 10:05:47,830] {dag.py:2928} INFO - Setting next_dagrun for example_skip_dag to 2021-11-27T10:05:47.830209+00:00
[2021-11-28 10:05:47,839] {processor.py:171} INFO - Processing /home/airflow/.local/lib/python3.7/site-packages/airflow/example_dags/example_skip_dag.py took 0.065 seconds
[2021-11-28 10:06:18,155] {processor.py:163} INFO - Started process (PID=897) to work on /home/airflow/.local/lib/python3.7/site-packages/airflow/example_dags/example_skip_dag.py
[2021-11-28 10:06:18,158] {processor.py:625} INFO - Processing file /home/airflow/.local/lib/python3.7/site-packages/airflow/example_dags/example_skip_dag.py for tasks to queue
[2021-11-28 10:06:18,158] {logging_mixin.py:109} INFO - [2021-11-28 10:06:18,158] {dagbag.py:500} INFO - Filling up the DagBag from /home/airflow/.local/lib/python3.7/site-packages/airflow/example_dags/example_skip_dag.py
[2021-11-28 10:06:18,183] {processor.py:637} INFO - DAG(s) dict_keys(['example_skip_dag']) retrieved from /home/airflow/.local/lib/python3.7/site-packages/airflow/example_dags/example_skip_dag.py
[2021-11-28 10:06:18,195] {logging_mixin.py:109} INFO - [2021-11-28 10:06:18,194] {dag.py:2396} INFO - Sync 1 DAGs
[2021-11-28 10:06:18,213] {logging_mixin.py:109} INFO - [2021-11-28 10:06:18,213] {dag.py:2928} INFO - Setting next_dagrun for example_skip_dag to 2021-11-27T10:06:18.213093+00:00
[2021-11-28 10:06:18,225] {processor.py:171} INFO - Processing /home/airflow/.local/lib/python3.7/site-packages/airflow/example_dags/example_skip_dag.py took 0.073 seconds
[2021-11-28 10:06:48,791] {processor.py:163} INFO - Started process (PID=957) to work on /home/airflow/.local/lib/python3.7/site-packages/airflow/example_dags/example_skip_dag.py
[2021-11-28 10:06:48,792] {processor.py:625} INFO - Processing file /home/airflow/.local/lib/python3.7/site-packages/airflow/example_dags/example_skip_dag.py for tasks to queue
[2021-11-28 10:06:48,793] {logging_mixin.py:109} INFO - [2021-11-28 10:06:48,793] {dagbag.py:500} INFO - Filling up the DagBag from /home/airflow/.local/lib/python3.7/site-packages/airflow/example_dags/example_skip_dag.py
[2021-11-28 10:06:48,817] {processor.py:637} INFO - DAG(s) dict_keys(['example_skip_dag']) retrieved from /home/airflow/.local/lib/python3.7/site-packages/airflow/example_dags/example_skip_dag.py
[2021-11-28 10:06:48,828] {logging_mixin.py:109} INFO - [2021-11-28 10:06:48,828] {dag.py:2396} INFO - Sync 1 DAGs
[2021-11-28 10:06:48,843] {logging_mixin.py:109} INFO - [2021-11-28 10:06:48,843] {dag.py:2928} INFO - Setting next_dagrun for example_skip_dag to 2021-11-27T10:06:48.843120+00:00
[2021-11-28 10:06:48,918] {processor.py:171} INFO - Processing /home/airflow/.local/lib/python3.7/site-packages/airflow/example_dags/example_skip_dag.py took 0.130 seconds
[2021-11-28 10:07:19,597] {processor.py:163} INFO - Started process (PID=1017) to work on /home/airflow/.local/lib/python3.7/site-packages/airflow/example_dags/example_skip_dag.py
[2021-11-28 10:07:19,598] {processor.py:625} INFO - Processing file /home/airflow/.local/lib/python3.7/site-packages/airflow/example_dags/example_skip_dag.py for tasks to queue
[2021-11-28 10:07:19,598] {logging_mixin.py:109} INFO - [2021-11-28 10:07:19,598] {dagbag.py:500} INFO - Filling up the DagBag from /home/airflow/.local/lib/python3.7/site-packages/airflow/example_dags/example_skip_dag.py
[2021-11-28 10:07:19,615] {processor.py:637} INFO - DAG(s) dict_keys(['example_skip_dag']) retrieved from /home/airflow/.local/lib/python3.7/site-packages/airflow/example_dags/example_skip_dag.py
[2021-11-28 10:07:19,625] {logging_mixin.py:109} INFO - [2021-11-28 10:07:19,625] {dag.py:2396} INFO - Sync 1 DAGs
[2021-11-28 10:07:19,712] {logging_mixin.py:109} INFO - [2021-11-28 10:07:19,712] {dag.py:2928} INFO - Setting next_dagrun for example_skip_dag to 2021-11-27T10:07:19.711926+00:00
[2021-11-28 10:07:19,721] {processor.py:171} INFO - Processing /home/airflow/.local/lib/python3.7/site-packages/airflow/example_dags/example_skip_dag.py took 0.126 seconds
[2021-11-28 10:07:50,392] {processor.py:163} INFO - Started process (PID=1068) to work on /home/airflow/.local/lib/python3.7/site-packages/airflow/example_dags/example_skip_dag.py
[2021-11-28 10:07:50,393] {processor.py:625} INFO - Processing file /home/airflow/.local/lib/python3.7/site-packages/airflow/example_dags/example_skip_dag.py for tasks to queue
[2021-11-28 10:07:50,394] {logging_mixin.py:109} INFO - [2021-11-28 10:07:50,394] {dagbag.py:500} INFO - Filling up the DagBag from /home/airflow/.local/lib/python3.7/site-packages/airflow/example_dags/example_skip_dag.py
[2021-11-28 10:07:50,419] {processor.py:637} INFO - DAG(s) dict_keys(['example_skip_dag']) retrieved from /home/airflow/.local/lib/python3.7/site-packages/airflow/example_dags/example_skip_dag.py
[2021-11-28 10:07:50,427] {logging_mixin.py:109} INFO - [2021-11-28 10:07:50,427] {dag.py:2396} INFO - Sync 1 DAGs
[2021-11-28 10:07:50,511] {logging_mixin.py:109} INFO - [2021-11-28 10:07:50,511] {dag.py:2928} INFO - Setting next_dagrun for example_skip_dag to 2021-11-27T10:07:50.511303+00:00
[2021-11-28 10:07:50,520] {processor.py:171} INFO - Processing /home/airflow/.local/lib/python3.7/site-packages/airflow/example_dags/example_skip_dag.py took 0.129 seconds
[2021-11-28 10:08:21,177] {processor.py:163} INFO - Started process (PID=1128) to work on /home/airflow/.local/lib/python3.7/site-packages/airflow/example_dags/example_skip_dag.py
[2021-11-28 10:08:21,178] {processor.py:625} INFO - Processing file /home/airflow/.local/lib/python3.7/site-packages/airflow/example_dags/example_skip_dag.py for tasks to queue
[2021-11-28 10:08:21,179] {logging_mixin.py:109} INFO - [2021-11-28 10:08:21,179] {dagbag.py:500} INFO - Filling up the DagBag from /home/airflow/.local/lib/python3.7/site-packages/airflow/example_dags/example_skip_dag.py
[2021-11-28 10:08:21,197] {processor.py:637} INFO - DAG(s) dict_keys(['example_skip_dag']) retrieved from /home/airflow/.local/lib/python3.7/site-packages/airflow/example_dags/example_skip_dag.py
[2021-11-28 10:08:21,208] {logging_mixin.py:109} INFO - [2021-11-28 10:08:21,208] {dag.py:2396} INFO - Sync 1 DAGs
[2021-11-28 10:08:21,294] {logging_mixin.py:109} INFO - [2021-11-28 10:08:21,294] {dag.py:2928} INFO - Setting next_dagrun for example_skip_dag to 2021-11-27T10:08:21.294426+00:00
[2021-11-28 10:08:21,303] {processor.py:171} INFO - Processing /home/airflow/.local/lib/python3.7/site-packages/airflow/example_dags/example_skip_dag.py took 0.127 seconds
[2021-11-28 10:08:52,020] {processor.py:163} INFO - Started process (PID=1179) to work on /home/airflow/.local/lib/python3.7/site-packages/airflow/example_dags/example_skip_dag.py
[2021-11-28 10:08:52,021] {processor.py:625} INFO - Processing file /home/airflow/.local/lib/python3.7/site-packages/airflow/example_dags/example_skip_dag.py for tasks to queue
[2021-11-28 10:08:52,022] {logging_mixin.py:109} INFO - [2021-11-28 10:08:52,022] {dagbag.py:500} INFO - Filling up the DagBag from /home/airflow/.local/lib/python3.7/site-packages/airflow/example_dags/example_skip_dag.py
[2021-11-28 10:08:52,043] {processor.py:637} INFO - DAG(s) dict_keys(['example_skip_dag']) retrieved from /home/airflow/.local/lib/python3.7/site-packages/airflow/example_dags/example_skip_dag.py
[2021-11-28 10:08:52,130] {logging_mixin.py:109} INFO - [2021-11-28 10:08:52,130] {dag.py:2396} INFO - Sync 1 DAGs
[2021-11-28 10:08:52,142] {logging_mixin.py:109} INFO - [2021-11-28 10:08:52,142] {dag.py:2928} INFO - Setting next_dagrun for example_skip_dag to 2021-11-27T10:08:52.142263+00:00
[2021-11-28 10:08:52,150] {processor.py:171} INFO - Processing /home/airflow/.local/lib/python3.7/site-packages/airflow/example_dags/example_skip_dag.py took 0.133 seconds
[2021-11-28 10:09:22,871] {processor.py:163} INFO - Started process (PID=1239) to work on /home/airflow/.local/lib/python3.7/site-packages/airflow/example_dags/example_skip_dag.py
[2021-11-28 10:09:22,872] {processor.py:625} INFO - Processing file /home/airflow/.local/lib/python3.7/site-packages/airflow/example_dags/example_skip_dag.py for tasks to queue
[2021-11-28 10:09:22,873] {logging_mixin.py:109} INFO - [2021-11-28 10:09:22,873] {dagbag.py:500} INFO - Filling up the DagBag from /home/airflow/.local/lib/python3.7/site-packages/airflow/example_dags/example_skip_dag.py
[2021-11-28 10:09:22,969] {processor.py:637} INFO - DAG(s) dict_keys(['example_skip_dag']) retrieved from /home/airflow/.local/lib/python3.7/site-packages/airflow/example_dags/example_skip_dag.py
[2021-11-28 10:09:22,976] {logging_mixin.py:109} INFO - [2021-11-28 10:09:22,976] {dag.py:2396} INFO - Sync 1 DAGs
[2021-11-28 10:09:22,986] {logging_mixin.py:109} INFO - [2021-11-28 10:09:22,986] {dag.py:2928} INFO - Setting next_dagrun for example_skip_dag to 2021-11-27T10:09:22.986642+00:00
[2021-11-28 10:09:22,995] {processor.py:171} INFO - Processing /home/airflow/.local/lib/python3.7/site-packages/airflow/example_dags/example_skip_dag.py took 0.127 seconds
[2021-11-28 10:09:53,416] {processor.py:163} INFO - Started process (PID=1290) to work on /home/airflow/.local/lib/python3.7/site-packages/airflow/example_dags/example_skip_dag.py
[2021-11-28 10:09:53,417] {processor.py:625} INFO - Processing file /home/airflow/.local/lib/python3.7/site-packages/airflow/example_dags/example_skip_dag.py for tasks to queue
[2021-11-28 10:09:53,418] {logging_mixin.py:109} INFO - [2021-11-28 10:09:53,418] {dagbag.py:500} INFO - Filling up the DagBag from /home/airflow/.local/lib/python3.7/site-packages/airflow/example_dags/example_skip_dag.py
[2021-11-28 10:09:53,504] {processor.py:637} INFO - DAG(s) dict_keys(['example_skip_dag']) retrieved from /home/airflow/.local/lib/python3.7/site-packages/airflow/example_dags/example_skip_dag.py
[2021-11-28 10:09:53,514] {logging_mixin.py:109} INFO - [2021-11-28 10:09:53,514] {dag.py:2396} INFO - Sync 1 DAGs
[2021-11-28 10:09:53,528] {logging_mixin.py:109} INFO - [2021-11-28 10:09:53,528] {dag.py:2928} INFO - Setting next_dagrun for example_skip_dag to 2021-11-27T10:09:53.528722+00:00
[2021-11-28 10:09:53,538] {processor.py:171} INFO - Processing /home/airflow/.local/lib/python3.7/site-packages/airflow/example_dags/example_skip_dag.py took 0.124 seconds
[2021-11-28 10:10:24,210] {processor.py:163} INFO - Started process (PID=1350) to work on /home/airflow/.local/lib/python3.7/site-packages/airflow/example_dags/example_skip_dag.py
[2021-11-28 10:10:24,211] {processor.py:625} INFO - Processing file /home/airflow/.local/lib/python3.7/site-packages/airflow/example_dags/example_skip_dag.py for tasks to queue
[2021-11-28 10:10:24,211] {logging_mixin.py:109} INFO - [2021-11-28 10:10:24,211] {dagbag.py:500} INFO - Filling up the DagBag from /home/airflow/.local/lib/python3.7/site-packages/airflow/example_dags/example_skip_dag.py
[2021-11-28 10:10:24,301] {processor.py:637} INFO - DAG(s) dict_keys(['example_skip_dag']) retrieved from /home/airflow/.local/lib/python3.7/site-packages/airflow/example_dags/example_skip_dag.py
[2021-11-28 10:10:24,308] {logging_mixin.py:109} INFO - [2021-11-28 10:10:24,308] {dag.py:2396} INFO - Sync 1 DAGs
[2021-11-28 10:10:24,318] {logging_mixin.py:109} INFO - [2021-11-28 10:10:24,318] {dag.py:2928} INFO - Setting next_dagrun for example_skip_dag to 2021-11-27T10:10:24.318389+00:00
[2021-11-28 10:10:24,327] {processor.py:171} INFO - Processing /home/airflow/.local/lib/python3.7/site-packages/airflow/example_dags/example_skip_dag.py took 0.120 seconds
[2021-11-28 10:10:54,432] {processor.py:163} INFO - Started process (PID=1410) to work on /home/airflow/.local/lib/python3.7/site-packages/airflow/example_dags/example_skip_dag.py
[2021-11-28 10:10:54,434] {processor.py:625} INFO - Processing file /home/airflow/.local/lib/python3.7/site-packages/airflow/example_dags/example_skip_dag.py for tasks to queue
[2021-11-28 10:10:54,435] {logging_mixin.py:109} INFO - [2021-11-28 10:10:54,434] {dagbag.py:500} INFO - Filling up the DagBag from /home/airflow/.local/lib/python3.7/site-packages/airflow/example_dags/example_skip_dag.py
[2021-11-28 10:10:54,457] {processor.py:637} INFO - DAG(s) dict_keys(['example_skip_dag']) retrieved from /home/airflow/.local/lib/python3.7/site-packages/airflow/example_dags/example_skip_dag.py
[2021-11-28 10:10:54,465] {logging_mixin.py:109} INFO - [2021-11-28 10:10:54,465] {dag.py:2396} INFO - Sync 1 DAGs
[2021-11-28 10:10:54,476] {logging_mixin.py:109} INFO - [2021-11-28 10:10:54,476] {dag.py:2928} INFO - Setting next_dagrun for example_skip_dag to 2021-11-27T10:10:54.475913+00:00
[2021-11-28 10:10:54,484] {processor.py:171} INFO - Processing /home/airflow/.local/lib/python3.7/site-packages/airflow/example_dags/example_skip_dag.py took 0.054 seconds
[2021-11-28 10:11:25,148] {processor.py:163} INFO - Started process (PID=1461) to work on /home/airflow/.local/lib/python3.7/site-packages/airflow/example_dags/example_skip_dag.py
[2021-11-28 10:11:25,150] {processor.py:625} INFO - Processing file /home/airflow/.local/lib/python3.7/site-packages/airflow/example_dags/example_skip_dag.py for tasks to queue
[2021-11-28 10:11:25,150] {logging_mixin.py:109} INFO - [2021-11-28 10:11:25,150] {dagbag.py:500} INFO - Filling up the DagBag from /home/airflow/.local/lib/python3.7/site-packages/airflow/example_dags/example_skip_dag.py
[2021-11-28 10:11:25,173] {processor.py:637} INFO - DAG(s) dict_keys(['example_skip_dag']) retrieved from /home/airflow/.local/lib/python3.7/site-packages/airflow/example_dags/example_skip_dag.py
[2021-11-28 10:11:25,180] {logging_mixin.py:109} INFO - [2021-11-28 10:11:25,180] {dag.py:2396} INFO - Sync 1 DAGs
[2021-11-28 10:11:25,195] {logging_mixin.py:109} INFO - [2021-11-28 10:11:25,195] {dag.py:2928} INFO - Setting next_dagrun for example_skip_dag to 2021-11-27T10:11:25.195580+00:00
[2021-11-28 10:11:25,208] {processor.py:171} INFO - Processing /home/airflow/.local/lib/python3.7/site-packages/airflow/example_dags/example_skip_dag.py took 0.062 seconds
[2021-11-28 10:11:55,909] {processor.py:163} INFO - Started process (PID=1521) to work on /home/airflow/.local/lib/python3.7/site-packages/airflow/example_dags/example_skip_dag.py
[2021-11-28 10:11:55,911] {processor.py:625} INFO - Processing file /home/airflow/.local/lib/python3.7/site-packages/airflow/example_dags/example_skip_dag.py for tasks to queue
[2021-11-28 10:11:55,911] {logging_mixin.py:109} INFO - [2021-11-28 10:11:55,911] {dagbag.py:500} INFO - Filling up the DagBag from /home/airflow/.local/lib/python3.7/site-packages/airflow/example_dags/example_skip_dag.py
[2021-11-28 10:11:55,935] {processor.py:637} INFO - DAG(s) dict_keys(['example_skip_dag']) retrieved from /home/airflow/.local/lib/python3.7/site-packages/airflow/example_dags/example_skip_dag.py
[2021-11-28 10:11:55,944] {logging_mixin.py:109} INFO - [2021-11-28 10:11:55,944] {dag.py:2396} INFO - Sync 1 DAGs
[2021-11-28 10:11:55,955] {logging_mixin.py:109} INFO - [2021-11-28 10:11:55,954] {dag.py:2928} INFO - Setting next_dagrun for example_skip_dag to 2021-11-27T10:11:55.954780+00:00
[2021-11-28 10:11:55,963] {processor.py:171} INFO - Processing /home/airflow/.local/lib/python3.7/site-packages/airflow/example_dags/example_skip_dag.py took 0.057 seconds
[2021-11-28 10:12:26,571] {processor.py:163} INFO - Started process (PID=1572) to work on /home/airflow/.local/lib/python3.7/site-packages/airflow/example_dags/example_skip_dag.py
[2021-11-28 10:12:26,572] {processor.py:625} INFO - Processing file /home/airflow/.local/lib/python3.7/site-packages/airflow/example_dags/example_skip_dag.py for tasks to queue
[2021-11-28 10:12:26,572] {logging_mixin.py:109} INFO - [2021-11-28 10:12:26,572] {dagbag.py:500} INFO - Filling up the DagBag from /home/airflow/.local/lib/python3.7/site-packages/airflow/example_dags/example_skip_dag.py
[2021-11-28 10:12:26,591] {processor.py:637} INFO - DAG(s) dict_keys(['example_skip_dag']) retrieved from /home/airflow/.local/lib/python3.7/site-packages/airflow/example_dags/example_skip_dag.py
[2021-11-28 10:12:26,603] {logging_mixin.py:109} INFO - [2021-11-28 10:12:26,602] {dag.py:2396} INFO - Sync 1 DAGs
[2021-11-28 10:12:26,622] {logging_mixin.py:109} INFO - [2021-11-28 10:12:26,622] {dag.py:2928} INFO - Setting next_dagrun for example_skip_dag to 2021-11-27T10:12:26.621753+00:00
[2021-11-28 10:12:26,633] {processor.py:171} INFO - Processing /home/airflow/.local/lib/python3.7/site-packages/airflow/example_dags/example_skip_dag.py took 0.063 seconds
[2021-11-28 10:12:57,415] {processor.py:163} INFO - Started process (PID=1632) to work on /home/airflow/.local/lib/python3.7/site-packages/airflow/example_dags/example_skip_dag.py
[2021-11-28 10:12:57,417] {processor.py:625} INFO - Processing file /home/airflow/.local/lib/python3.7/site-packages/airflow/example_dags/example_skip_dag.py for tasks to queue
[2021-11-28 10:12:57,417] {logging_mixin.py:109} INFO - [2021-11-28 10:12:57,417] {dagbag.py:500} INFO - Filling up the DagBag from /home/airflow/.local/lib/python3.7/site-packages/airflow/example_dags/example_skip_dag.py
[2021-11-28 10:12:57,442] {processor.py:637} INFO - DAG(s) dict_keys(['example_skip_dag']) retrieved from /home/airflow/.local/lib/python3.7/site-packages/airflow/example_dags/example_skip_dag.py
[2021-11-28 10:12:57,454] {logging_mixin.py:109} INFO - [2021-11-28 10:12:57,454] {dag.py:2396} INFO - Sync 1 DAGs
[2021-11-28 10:12:57,473] {logging_mixin.py:109} INFO - [2021-11-28 10:12:57,473] {dag.py:2928} INFO - Setting next_dagrun for example_skip_dag to 2021-11-27T10:12:57.473073+00:00
[2021-11-28 10:12:57,486] {processor.py:171} INFO - Processing /home/airflow/.local/lib/python3.7/site-packages/airflow/example_dags/example_skip_dag.py took 0.073 seconds
[2021-11-28 10:13:28,135] {processor.py:163} INFO - Started process (PID=1690) to work on /home/airflow/.local/lib/python3.7/site-packages/airflow/example_dags/example_skip_dag.py
[2021-11-28 10:13:28,136] {processor.py:625} INFO - Processing file /home/airflow/.local/lib/python3.7/site-packages/airflow/example_dags/example_skip_dag.py for tasks to queue
[2021-11-28 10:13:28,137] {logging_mixin.py:109} INFO - [2021-11-28 10:13:28,137] {dagbag.py:500} INFO - Filling up the DagBag from /home/airflow/.local/lib/python3.7/site-packages/airflow/example_dags/example_skip_dag.py
[2021-11-28 10:13:28,168] {processor.py:637} INFO - DAG(s) dict_keys(['example_skip_dag']) retrieved from /home/airflow/.local/lib/python3.7/site-packages/airflow/example_dags/example_skip_dag.py
[2021-11-28 10:13:28,180] {logging_mixin.py:109} INFO - [2021-11-28 10:13:28,180] {dag.py:2396} INFO - Sync 1 DAGs
[2021-11-28 10:13:28,200] {logging_mixin.py:109} INFO - [2021-11-28 10:13:28,200] {dag.py:2928} INFO - Setting next_dagrun for example_skip_dag to 2021-11-27T10:13:28.200586+00:00
[2021-11-28 10:13:28,211] {processor.py:171} INFO - Processing /home/airflow/.local/lib/python3.7/site-packages/airflow/example_dags/example_skip_dag.py took 0.077 seconds
[2021-11-28 10:13:59,013] {processor.py:163} INFO - Started process (PID=1743) to work on /home/airflow/.local/lib/python3.7/site-packages/airflow/example_dags/example_skip_dag.py
[2021-11-28 10:13:59,014] {processor.py:625} INFO - Processing file /home/airflow/.local/lib/python3.7/site-packages/airflow/example_dags/example_skip_dag.py for tasks to queue
[2021-11-28 10:13:59,015] {logging_mixin.py:109} INFO - [2021-11-28 10:13:59,014] {dagbag.py:500} INFO - Filling up the DagBag from /home/airflow/.local/lib/python3.7/site-packages/airflow/example_dags/example_skip_dag.py
[2021-11-28 10:13:59,035] {processor.py:637} INFO - DAG(s) dict_keys(['example_skip_dag']) retrieved from /home/airflow/.local/lib/python3.7/site-packages/airflow/example_dags/example_skip_dag.py
[2021-11-28 10:13:59,046] {logging_mixin.py:109} INFO - [2021-11-28 10:13:59,046] {dag.py:2396} INFO - Sync 1 DAGs
[2021-11-28 10:13:59,061] {logging_mixin.py:109} INFO - [2021-11-28 10:13:59,061] {dag.py:2928} INFO - Setting next_dagrun for example_skip_dag to 2021-11-27T10:13:59.061331+00:00
[2021-11-28 10:13:59,072] {processor.py:171} INFO - Processing /home/airflow/.local/lib/python3.7/site-packages/airflow/example_dags/example_skip_dag.py took 0.061 seconds
[2021-11-28 10:14:29,765] {processor.py:163} INFO - Started process (PID=1804) to work on /home/airflow/.local/lib/python3.7/site-packages/airflow/example_dags/example_skip_dag.py
[2021-11-28 10:14:29,766] {processor.py:625} INFO - Processing file /home/airflow/.local/lib/python3.7/site-packages/airflow/example_dags/example_skip_dag.py for tasks to queue
[2021-11-28 10:14:29,766] {logging_mixin.py:109} INFO - [2021-11-28 10:14:29,766] {dagbag.py:500} INFO - Filling up the DagBag from /home/airflow/.local/lib/python3.7/site-packages/airflow/example_dags/example_skip_dag.py
[2021-11-28 10:14:29,790] {processor.py:637} INFO - DAG(s) dict_keys(['example_skip_dag']) retrieved from /home/airflow/.local/lib/python3.7/site-packages/airflow/example_dags/example_skip_dag.py
[2021-11-28 10:14:29,802] {logging_mixin.py:109} INFO - [2021-11-28 10:14:29,802] {dag.py:2396} INFO - Sync 1 DAGs
[2021-11-28 10:14:29,821] {logging_mixin.py:109} INFO - [2021-11-28 10:14:29,821] {dag.py:2928} INFO - Setting next_dagrun for example_skip_dag to 2021-11-27T10:14:29.821127+00:00
[2021-11-28 10:14:29,833] {processor.py:171} INFO - Processing /home/airflow/.local/lib/python3.7/site-packages/airflow/example_dags/example_skip_dag.py took 0.071 seconds
[2021-11-28 10:15:00,534] {processor.py:163} INFO - Started process (PID=1855) to work on /home/airflow/.local/lib/python3.7/site-packages/airflow/example_dags/example_skip_dag.py
[2021-11-28 10:15:00,535] {processor.py:625} INFO - Processing file /home/airflow/.local/lib/python3.7/site-packages/airflow/example_dags/example_skip_dag.py for tasks to queue
[2021-11-28 10:15:00,535] {logging_mixin.py:109} INFO - [2021-11-28 10:15:00,535] {dagbag.py:500} INFO - Filling up the DagBag from /home/airflow/.local/lib/python3.7/site-packages/airflow/example_dags/example_skip_dag.py
[2021-11-28 10:15:00,555] {processor.py:637} INFO - DAG(s) dict_keys(['example_skip_dag']) retrieved from /home/airflow/.local/lib/python3.7/site-packages/airflow/example_dags/example_skip_dag.py
[2021-11-28 10:15:00,562] {logging_mixin.py:109} INFO - [2021-11-28 10:15:00,562] {dag.py:2396} INFO - Sync 1 DAGs
[2021-11-28 10:15:00,573] {logging_mixin.py:109} INFO - [2021-11-28 10:15:00,573] {dag.py:2928} INFO - Setting next_dagrun for example_skip_dag to 2021-11-27T10:15:00.573665+00:00
[2021-11-28 10:15:00,582] {processor.py:171} INFO - Processing /home/airflow/.local/lib/python3.7/site-packages/airflow/example_dags/example_skip_dag.py took 0.051 seconds
[2021-11-28 10:15:31,217] {processor.py:163} INFO - Started process (PID=1915) to work on /home/airflow/.local/lib/python3.7/site-packages/airflow/example_dags/example_skip_dag.py
[2021-11-28 10:15:31,219] {processor.py:625} INFO - Processing file /home/airflow/.local/lib/python3.7/site-packages/airflow/example_dags/example_skip_dag.py for tasks to queue
[2021-11-28 10:15:31,219] {logging_mixin.py:109} INFO - [2021-11-28 10:15:31,219] {dagbag.py:500} INFO - Filling up the DagBag from /home/airflow/.local/lib/python3.7/site-packages/airflow/example_dags/example_skip_dag.py
[2021-11-28 10:15:31,246] {processor.py:637} INFO - DAG(s) dict_keys(['example_skip_dag']) retrieved from /home/airflow/.local/lib/python3.7/site-packages/airflow/example_dags/example_skip_dag.py
[2021-11-28 10:15:31,259] {logging_mixin.py:109} INFO - [2021-11-28 10:15:31,259] {dag.py:2396} INFO - Sync 1 DAGs
[2021-11-28 10:15:31,280] {logging_mixin.py:109} INFO - [2021-11-28 10:15:31,280] {dag.py:2928} INFO - Setting next_dagrun for example_skip_dag to 2021-11-27T10:15:31.279674+00:00
[2021-11-28 10:15:31,289] {processor.py:171} INFO - Processing /home/airflow/.local/lib/python3.7/site-packages/airflow/example_dags/example_skip_dag.py took 0.075 seconds
[2021-11-28 10:16:01,944] {processor.py:163} INFO - Started process (PID=1966) to work on /home/airflow/.local/lib/python3.7/site-packages/airflow/example_dags/example_skip_dag.py
[2021-11-28 10:16:01,946] {processor.py:625} INFO - Processing file /home/airflow/.local/lib/python3.7/site-packages/airflow/example_dags/example_skip_dag.py for tasks to queue
[2021-11-28 10:16:01,947] {logging_mixin.py:109} INFO - [2021-11-28 10:16:01,947] {dagbag.py:500} INFO - Filling up the DagBag from /home/airflow/.local/lib/python3.7/site-packages/airflow/example_dags/example_skip_dag.py
[2021-11-28 10:16:01,975] {processor.py:637} INFO - DAG(s) dict_keys(['example_skip_dag']) retrieved from /home/airflow/.local/lib/python3.7/site-packages/airflow/example_dags/example_skip_dag.py
[2021-11-28 10:16:01,988] {logging_mixin.py:109} INFO - [2021-11-28 10:16:01,987] {dag.py:2396} INFO - Sync 1 DAGs
[2021-11-28 10:16:02,006] {logging_mixin.py:109} INFO - [2021-11-28 10:16:02,006] {dag.py:2928} INFO - Setting next_dagrun for example_skip_dag to 2021-11-27T10:16:02.005828+00:00
[2021-11-28 10:16:02,017] {processor.py:171} INFO - Processing /home/airflow/.local/lib/python3.7/site-packages/airflow/example_dags/example_skip_dag.py took 0.078 seconds
[2021-11-28 10:16:32,643] {processor.py:163} INFO - Started process (PID=2027) to work on /home/airflow/.local/lib/python3.7/site-packages/airflow/example_dags/example_skip_dag.py
[2021-11-28 10:16:32,646] {processor.py:625} INFO - Processing file /home/airflow/.local/lib/python3.7/site-packages/airflow/example_dags/example_skip_dag.py for tasks to queue
[2021-11-28 10:16:32,646] {logging_mixin.py:109} INFO - [2021-11-28 10:16:32,646] {dagbag.py:500} INFO - Filling up the DagBag from /home/airflow/.local/lib/python3.7/site-packages/airflow/example_dags/example_skip_dag.py
[2021-11-28 10:16:32,710] {processor.py:637} INFO - DAG(s) dict_keys(['example_skip_dag']) retrieved from /home/airflow/.local/lib/python3.7/site-packages/airflow/example_dags/example_skip_dag.py
[2021-11-28 10:16:32,721] {logging_mixin.py:109} INFO - [2021-11-28 10:16:32,721] {dag.py:2396} INFO - Sync 1 DAGs
[2021-11-28 10:16:32,741] {logging_mixin.py:109} INFO - [2021-11-28 10:16:32,741] {dag.py:2928} INFO - Setting next_dagrun for example_skip_dag to 2021-11-27T10:16:32.740826+00:00
[2021-11-28 10:16:32,752] {processor.py:171} INFO - Processing /home/airflow/.local/lib/python3.7/site-packages/airflow/example_dags/example_skip_dag.py took 0.112 seconds
[2021-11-28 10:17:03,479] {processor.py:163} INFO - Started process (PID=2087) to work on /home/airflow/.local/lib/python3.7/site-packages/airflow/example_dags/example_skip_dag.py
[2021-11-28 10:17:03,480] {processor.py:625} INFO - Processing file /home/airflow/.local/lib/python3.7/site-packages/airflow/example_dags/example_skip_dag.py for tasks to queue
[2021-11-28 10:17:03,481] {logging_mixin.py:109} INFO - [2021-11-28 10:17:03,481] {dagbag.py:500} INFO - Filling up the DagBag from /home/airflow/.local/lib/python3.7/site-packages/airflow/example_dags/example_skip_dag.py
[2021-11-28 10:17:03,505] {processor.py:637} INFO - DAG(s) dict_keys(['example_skip_dag']) retrieved from /home/airflow/.local/lib/python3.7/site-packages/airflow/example_dags/example_skip_dag.py
[2021-11-28 10:17:03,512] {logging_mixin.py:109} INFO - [2021-11-28 10:17:03,512] {dag.py:2396} INFO - Sync 1 DAGs
[2021-11-28 10:17:03,525] {logging_mixin.py:109} INFO - [2021-11-28 10:17:03,525] {dag.py:2928} INFO - Setting next_dagrun for example_skip_dag to 2021-11-27T10:17:03.525533+00:00
[2021-11-28 10:17:03,535] {processor.py:171} INFO - Processing /home/airflow/.local/lib/python3.7/site-packages/airflow/example_dags/example_skip_dag.py took 0.059 seconds
[2021-11-28 10:17:34,079] {processor.py:163} INFO - Started process (PID=2138) to work on /home/airflow/.local/lib/python3.7/site-packages/airflow/example_dags/example_skip_dag.py
[2021-11-28 10:17:34,080] {processor.py:625} INFO - Processing file /home/airflow/.local/lib/python3.7/site-packages/airflow/example_dags/example_skip_dag.py for tasks to queue
[2021-11-28 10:17:34,080] {logging_mixin.py:109} INFO - [2021-11-28 10:17:34,080] {dagbag.py:500} INFO - Filling up the DagBag from /home/airflow/.local/lib/python3.7/site-packages/airflow/example_dags/example_skip_dag.py
[2021-11-28 10:17:34,098] {processor.py:637} INFO - DAG(s) dict_keys(['example_skip_dag']) retrieved from /home/airflow/.local/lib/python3.7/site-packages/airflow/example_dags/example_skip_dag.py
[2021-11-28 10:17:34,110] {logging_mixin.py:109} INFO - [2021-11-28 10:17:34,110] {dag.py:2396} INFO - Sync 1 DAGs
[2021-11-28 10:17:34,128] {logging_mixin.py:109} INFO - [2021-11-28 10:17:34,128] {dag.py:2928} INFO - Setting next_dagrun for example_skip_dag to 2021-11-27T10:17:34.128493+00:00
[2021-11-28 10:17:34,140] {processor.py:171} INFO - Processing /home/airflow/.local/lib/python3.7/site-packages/airflow/example_dags/example_skip_dag.py took 0.063 seconds
