[2021-11-28 09:45:06,552] {processor.py:163} INFO - Started process (PID=361) to work on /home/airflow/.local/lib/python3.7/site-packages/airflow/example_dags/example_dag_decorator.py
[2021-11-28 09:45:06,553] {processor.py:625} INFO - Processing file /home/airflow/.local/lib/python3.7/site-packages/airflow/example_dags/example_dag_decorator.py for tasks to queue
[2021-11-28 09:45:06,553] {logging_mixin.py:109} INFO - [2021-11-28 09:45:06,553] {dagbag.py:500} INFO - Filling up the DagBag from /home/airflow/.local/lib/python3.7/site-packages/airflow/example_dags/example_dag_decorator.py
[2021-11-28 09:45:06,581] {processor.py:637} INFO - DAG(s) dict_keys(['example_dag_decorator']) retrieved from /home/airflow/.local/lib/python3.7/site-packages/airflow/example_dags/example_dag_decorator.py
[2021-11-28 09:45:07,721] {logging_mixin.py:109} INFO - [2021-11-28 09:45:07,721] {providers_manager.py:156} WARNING - Exception when importing 'airflow.providers.google.leveldb.hooks.leveldb.LevelDBHook' from 'apache-airflow-providers-google' package: No module named 'plyvel'
[2021-11-28 09:45:08,005] {logging_mixin.py:109} INFO - [2021-11-28 09:45:08,005] {providers_manager.py:156} WARNING - Exception when importing 'airflow.providers.google.leveldb.hooks.leveldb.LevelDBHook' from 'apache-airflow-providers-google' package: No module named 'plyvel'
[2021-11-28 09:45:08,022] {logging_mixin.py:109} INFO - [2021-11-28 09:45:08,022] {manager.py:496} INFO - Created Permission View: can read on DAG:example_dag_decorator
[2021-11-28 09:45:08,029] {logging_mixin.py:109} INFO - [2021-11-28 09:45:08,029] {manager.py:496} INFO - Created Permission View: can edit on DAG:example_dag_decorator
[2021-11-28 09:45:08,029] {logging_mixin.py:109} INFO - [2021-11-28 09:45:08,029] {dag.py:2396} INFO - Sync 1 DAGs
[2021-11-28 09:45:08,035] {logging_mixin.py:109} INFO - [2021-11-28 09:45:08,035] {dag.py:2415} INFO - Creating ORM DAG for example_dag_decorator
[2021-11-28 09:45:08,040] {logging_mixin.py:109} INFO - [2021-11-28 09:45:08,040] {dag.py:2928} INFO - Setting next_dagrun for example_dag_decorator to None
[2021-11-28 09:45:08,049] {processor.py:171} INFO - Processing /home/airflow/.local/lib/python3.7/site-packages/airflow/example_dags/example_dag_decorator.py took 1.499 seconds
[2021-11-28 09:45:38,105] {processor.py:163} INFO - Started process (PID=506) to work on /home/airflow/.local/lib/python3.7/site-packages/airflow/example_dags/example_dag_decorator.py
[2021-11-28 09:45:38,106] {processor.py:625} INFO - Processing file /home/airflow/.local/lib/python3.7/site-packages/airflow/example_dags/example_dag_decorator.py for tasks to queue
[2021-11-28 09:45:38,107] {logging_mixin.py:109} INFO - [2021-11-28 09:45:38,106] {dagbag.py:500} INFO - Filling up the DagBag from /home/airflow/.local/lib/python3.7/site-packages/airflow/example_dags/example_dag_decorator.py
[2021-11-28 09:45:38,139] {processor.py:637} INFO - DAG(s) dict_keys(['example_dag_decorator']) retrieved from /home/airflow/.local/lib/python3.7/site-packages/airflow/example_dags/example_dag_decorator.py
[2021-11-28 09:45:38,339] {logging_mixin.py:109} INFO - [2021-11-28 09:45:38,339] {dag.py:2396} INFO - Sync 1 DAGs
[2021-11-28 09:45:38,350] {logging_mixin.py:109} INFO - [2021-11-28 09:45:38,350] {dag.py:2928} INFO - Setting next_dagrun for example_dag_decorator to None
[2021-11-28 09:45:38,358] {processor.py:171} INFO - Processing /home/airflow/.local/lib/python3.7/site-packages/airflow/example_dags/example_dag_decorator.py took 0.256 seconds
[2021-11-28 09:46:08,544] {processor.py:163} INFO - Started process (PID=557) to work on /home/airflow/.local/lib/python3.7/site-packages/airflow/example_dags/example_dag_decorator.py
[2021-11-28 09:46:08,546] {processor.py:625} INFO - Processing file /home/airflow/.local/lib/python3.7/site-packages/airflow/example_dags/example_dag_decorator.py for tasks to queue
[2021-11-28 09:46:08,546] {logging_mixin.py:109} INFO - [2021-11-28 09:46:08,546] {dagbag.py:500} INFO - Filling up the DagBag from /home/airflow/.local/lib/python3.7/site-packages/airflow/example_dags/example_dag_decorator.py
[2021-11-28 09:46:08,581] {processor.py:637} INFO - DAG(s) dict_keys(['example_dag_decorator']) retrieved from /home/airflow/.local/lib/python3.7/site-packages/airflow/example_dags/example_dag_decorator.py
[2021-11-28 09:46:08,793] {logging_mixin.py:109} INFO - [2021-11-28 09:46:08,793] {dag.py:2396} INFO - Sync 1 DAGs
[2021-11-28 09:46:08,804] {logging_mixin.py:109} INFO - [2021-11-28 09:46:08,804] {dag.py:2928} INFO - Setting next_dagrun for example_dag_decorator to None
[2021-11-28 09:46:08,813] {processor.py:171} INFO - Processing /home/airflow/.local/lib/python3.7/site-packages/airflow/example_dags/example_dag_decorator.py took 0.271 seconds
[2021-11-28 09:46:38,852] {processor.py:163} INFO - Started process (PID=617) to work on /home/airflow/.local/lib/python3.7/site-packages/airflow/example_dags/example_dag_decorator.py
[2021-11-28 09:46:38,853] {processor.py:625} INFO - Processing file /home/airflow/.local/lib/python3.7/site-packages/airflow/example_dags/example_dag_decorator.py for tasks to queue
[2021-11-28 09:46:38,853] {logging_mixin.py:109} INFO - [2021-11-28 09:46:38,853] {dagbag.py:500} INFO - Filling up the DagBag from /home/airflow/.local/lib/python3.7/site-packages/airflow/example_dags/example_dag_decorator.py
[2021-11-28 09:46:38,884] {processor.py:637} INFO - DAG(s) dict_keys(['example_dag_decorator']) retrieved from /home/airflow/.local/lib/python3.7/site-packages/airflow/example_dags/example_dag_decorator.py
[2021-11-28 09:46:39,083] {logging_mixin.py:109} INFO - [2021-11-28 09:46:39,083] {dag.py:2396} INFO - Sync 1 DAGs
[2021-11-28 09:46:39,093] {logging_mixin.py:109} INFO - [2021-11-28 09:46:39,093] {dag.py:2928} INFO - Setting next_dagrun for example_dag_decorator to None
[2021-11-28 09:46:39,102] {processor.py:171} INFO - Processing /home/airflow/.local/lib/python3.7/site-packages/airflow/example_dags/example_dag_decorator.py took 0.253 seconds
[2021-11-28 09:48:50,506] {processor.py:163} INFO - Started process (PID=55) to work on /home/airflow/.local/lib/python3.7/site-packages/airflow/example_dags/example_dag_decorator.py
[2021-11-28 09:48:50,507] {processor.py:625} INFO - Processing file /home/airflow/.local/lib/python3.7/site-packages/airflow/example_dags/example_dag_decorator.py for tasks to queue
[2021-11-28 09:48:50,507] {logging_mixin.py:109} INFO - [2021-11-28 09:48:50,507] {dagbag.py:500} INFO - Filling up the DagBag from /home/airflow/.local/lib/python3.7/site-packages/airflow/example_dags/example_dag_decorator.py
[2021-11-28 09:48:50,531] {processor.py:637} INFO - DAG(s) dict_keys(['example_dag_decorator']) retrieved from /home/airflow/.local/lib/python3.7/site-packages/airflow/example_dags/example_dag_decorator.py
[2021-11-28 09:48:50,771] {logging_mixin.py:109} INFO - [2021-11-28 09:48:50,771] {dag.py:2396} INFO - Sync 1 DAGs
[2021-11-28 09:48:50,781] {logging_mixin.py:109} INFO - [2021-11-28 09:48:50,781] {dag.py:2928} INFO - Setting next_dagrun for example_dag_decorator to None
[2021-11-28 09:48:50,791] {processor.py:171} INFO - Processing /home/airflow/.local/lib/python3.7/site-packages/airflow/example_dags/example_dag_decorator.py took 0.287 seconds
[2021-11-28 09:49:21,583] {processor.py:163} INFO - Started process (PID=115) to work on /home/airflow/.local/lib/python3.7/site-packages/airflow/example_dags/example_dag_decorator.py
[2021-11-28 09:49:21,584] {processor.py:625} INFO - Processing file /home/airflow/.local/lib/python3.7/site-packages/airflow/example_dags/example_dag_decorator.py for tasks to queue
[2021-11-28 09:49:21,585] {logging_mixin.py:109} INFO - [2021-11-28 09:49:21,585] {dagbag.py:500} INFO - Filling up the DagBag from /home/airflow/.local/lib/python3.7/site-packages/airflow/example_dags/example_dag_decorator.py
[2021-11-28 09:49:21,615] {processor.py:637} INFO - DAG(s) dict_keys(['example_dag_decorator']) retrieved from /home/airflow/.local/lib/python3.7/site-packages/airflow/example_dags/example_dag_decorator.py
[2021-11-28 09:49:21,818] {logging_mixin.py:109} INFO - [2021-11-28 09:49:21,817] {dag.py:2396} INFO - Sync 1 DAGs
[2021-11-28 09:49:21,828] {logging_mixin.py:109} INFO - [2021-11-28 09:49:21,828] {dag.py:2928} INFO - Setting next_dagrun for example_dag_decorator to None
[2021-11-28 09:49:21,838] {processor.py:171} INFO - Processing /home/airflow/.local/lib/python3.7/site-packages/airflow/example_dags/example_dag_decorator.py took 0.258 seconds
[2021-11-28 09:49:52,551] {processor.py:163} INFO - Started process (PID=175) to work on /home/airflow/.local/lib/python3.7/site-packages/airflow/example_dags/example_dag_decorator.py
[2021-11-28 09:49:52,552] {processor.py:625} INFO - Processing file /home/airflow/.local/lib/python3.7/site-packages/airflow/example_dags/example_dag_decorator.py for tasks to queue
[2021-11-28 09:49:52,553] {logging_mixin.py:109} INFO - [2021-11-28 09:49:52,553] {dagbag.py:500} INFO - Filling up the DagBag from /home/airflow/.local/lib/python3.7/site-packages/airflow/example_dags/example_dag_decorator.py
[2021-11-28 09:49:52,580] {processor.py:637} INFO - DAG(s) dict_keys(['example_dag_decorator']) retrieved from /home/airflow/.local/lib/python3.7/site-packages/airflow/example_dags/example_dag_decorator.py
[2021-11-28 09:49:52,808] {logging_mixin.py:109} INFO - [2021-11-28 09:49:52,807] {dag.py:2396} INFO - Sync 1 DAGs
[2021-11-28 09:49:52,818] {logging_mixin.py:109} INFO - [2021-11-28 09:49:52,817] {dag.py:2928} INFO - Setting next_dagrun for example_dag_decorator to None
[2021-11-28 09:49:52,826] {processor.py:171} INFO - Processing /home/airflow/.local/lib/python3.7/site-packages/airflow/example_dags/example_dag_decorator.py took 0.278 seconds
[2021-11-28 09:50:23,694] {processor.py:163} INFO - Started process (PID=226) to work on /home/airflow/.local/lib/python3.7/site-packages/airflow/example_dags/example_dag_decorator.py
[2021-11-28 09:50:23,695] {processor.py:625} INFO - Processing file /home/airflow/.local/lib/python3.7/site-packages/airflow/example_dags/example_dag_decorator.py for tasks to queue
[2021-11-28 09:50:23,695] {logging_mixin.py:109} INFO - [2021-11-28 09:50:23,695] {dagbag.py:500} INFO - Filling up the DagBag from /home/airflow/.local/lib/python3.7/site-packages/airflow/example_dags/example_dag_decorator.py
[2021-11-28 09:50:23,720] {processor.py:637} INFO - DAG(s) dict_keys(['example_dag_decorator']) retrieved from /home/airflow/.local/lib/python3.7/site-packages/airflow/example_dags/example_dag_decorator.py
[2021-11-28 09:50:23,925] {logging_mixin.py:109} INFO - [2021-11-28 09:50:23,925] {dag.py:2396} INFO - Sync 1 DAGs
[2021-11-28 09:50:23,935] {logging_mixin.py:109} INFO - [2021-11-28 09:50:23,935] {dag.py:2928} INFO - Setting next_dagrun for example_dag_decorator to None
[2021-11-28 09:50:23,944] {processor.py:171} INFO - Processing /home/airflow/.local/lib/python3.7/site-packages/airflow/example_dags/example_dag_decorator.py took 0.252 seconds
[2021-11-28 09:50:54,636] {processor.py:163} INFO - Started process (PID=286) to work on /home/airflow/.local/lib/python3.7/site-packages/airflow/example_dags/example_dag_decorator.py
[2021-11-28 09:50:54,637] {processor.py:625} INFO - Processing file /home/airflow/.local/lib/python3.7/site-packages/airflow/example_dags/example_dag_decorator.py for tasks to queue
[2021-11-28 09:50:54,637] {logging_mixin.py:109} INFO - [2021-11-28 09:50:54,637] {dagbag.py:500} INFO - Filling up the DagBag from /home/airflow/.local/lib/python3.7/site-packages/airflow/example_dags/example_dag_decorator.py
[2021-11-28 09:50:54,660] {processor.py:637} INFO - DAG(s) dict_keys(['example_dag_decorator']) retrieved from /home/airflow/.local/lib/python3.7/site-packages/airflow/example_dags/example_dag_decorator.py
[2021-11-28 09:50:54,873] {logging_mixin.py:109} INFO - [2021-11-28 09:50:54,873] {dag.py:2396} INFO - Sync 1 DAGs
[2021-11-28 09:50:54,883] {logging_mixin.py:109} INFO - [2021-11-28 09:50:54,883] {dag.py:2928} INFO - Setting next_dagrun for example_dag_decorator to None
[2021-11-28 09:50:54,892] {processor.py:171} INFO - Processing /home/airflow/.local/lib/python3.7/site-packages/airflow/example_dags/example_dag_decorator.py took 0.260 seconds
[2021-11-28 09:51:48,896] {processor.py:163} INFO - Started process (PID=54) to work on /home/airflow/.local/lib/python3.7/site-packages/airflow/example_dags/example_dag_decorator.py
[2021-11-28 09:51:48,897] {processor.py:625} INFO - Processing file /home/airflow/.local/lib/python3.7/site-packages/airflow/example_dags/example_dag_decorator.py for tasks to queue
[2021-11-28 09:51:48,898] {logging_mixin.py:109} INFO - [2021-11-28 09:51:48,898] {dagbag.py:500} INFO - Filling up the DagBag from /home/airflow/.local/lib/python3.7/site-packages/airflow/example_dags/example_dag_decorator.py
[2021-11-28 09:51:48,921] {processor.py:637} INFO - DAG(s) dict_keys(['example_dag_decorator']) retrieved from /home/airflow/.local/lib/python3.7/site-packages/airflow/example_dags/example_dag_decorator.py
[2021-11-28 09:51:49,177] {logging_mixin.py:109} INFO - [2021-11-28 09:51:49,177] {dag.py:2396} INFO - Sync 1 DAGs
[2021-11-28 09:51:49,191] {logging_mixin.py:109} INFO - [2021-11-28 09:51:49,191] {dag.py:2928} INFO - Setting next_dagrun for example_dag_decorator to None
[2021-11-28 09:51:49,202] {processor.py:171} INFO - Processing /home/airflow/.local/lib/python3.7/site-packages/airflow/example_dags/example_dag_decorator.py took 0.307 seconds
[2021-11-28 09:52:19,294] {processor.py:163} INFO - Started process (PID=116) to work on /home/airflow/.local/lib/python3.7/site-packages/airflow/example_dags/example_dag_decorator.py
[2021-11-28 09:52:19,295] {processor.py:625} INFO - Processing file /home/airflow/.local/lib/python3.7/site-packages/airflow/example_dags/example_dag_decorator.py for tasks to queue
[2021-11-28 09:52:19,296] {logging_mixin.py:109} INFO - [2021-11-28 09:52:19,296] {dagbag.py:500} INFO - Filling up the DagBag from /home/airflow/.local/lib/python3.7/site-packages/airflow/example_dags/example_dag_decorator.py
[2021-11-28 09:52:19,321] {processor.py:637} INFO - DAG(s) dict_keys(['example_dag_decorator']) retrieved from /home/airflow/.local/lib/python3.7/site-packages/airflow/example_dags/example_dag_decorator.py
[2021-11-28 09:52:19,535] {logging_mixin.py:109} INFO - [2021-11-28 09:52:19,535] {dag.py:2396} INFO - Sync 1 DAGs
[2021-11-28 09:52:19,546] {logging_mixin.py:109} INFO - [2021-11-28 09:52:19,546] {dag.py:2928} INFO - Setting next_dagrun for example_dag_decorator to None
[2021-11-28 09:52:19,555] {processor.py:171} INFO - Processing /home/airflow/.local/lib/python3.7/site-packages/airflow/example_dags/example_dag_decorator.py took 0.264 seconds
[2021-11-28 09:52:50,160] {processor.py:163} INFO - Started process (PID=167) to work on /home/airflow/.local/lib/python3.7/site-packages/airflow/example_dags/example_dag_decorator.py
[2021-11-28 09:52:50,161] {processor.py:625} INFO - Processing file /home/airflow/.local/lib/python3.7/site-packages/airflow/example_dags/example_dag_decorator.py for tasks to queue
[2021-11-28 09:52:50,162] {logging_mixin.py:109} INFO - [2021-11-28 09:52:50,162] {dagbag.py:500} INFO - Filling up the DagBag from /home/airflow/.local/lib/python3.7/site-packages/airflow/example_dags/example_dag_decorator.py
[2021-11-28 09:52:50,187] {processor.py:637} INFO - DAG(s) dict_keys(['example_dag_decorator']) retrieved from /home/airflow/.local/lib/python3.7/site-packages/airflow/example_dags/example_dag_decorator.py
[2021-11-28 09:52:50,394] {logging_mixin.py:109} INFO - [2021-11-28 09:52:50,394] {dag.py:2396} INFO - Sync 1 DAGs
[2021-11-28 09:52:50,404] {logging_mixin.py:109} INFO - [2021-11-28 09:52:50,404] {dag.py:2928} INFO - Setting next_dagrun for example_dag_decorator to None
[2021-11-28 09:52:50,413] {processor.py:171} INFO - Processing /home/airflow/.local/lib/python3.7/site-packages/airflow/example_dags/example_dag_decorator.py took 0.255 seconds
[2021-11-28 09:58:34,529] {processor.py:163} INFO - Started process (PID=54) to work on /home/airflow/.local/lib/python3.7/site-packages/airflow/example_dags/example_dag_decorator.py
[2021-11-28 09:58:34,531] {processor.py:625} INFO - Processing file /home/airflow/.local/lib/python3.7/site-packages/airflow/example_dags/example_dag_decorator.py for tasks to queue
[2021-11-28 09:58:34,531] {logging_mixin.py:109} INFO - [2021-11-28 09:58:34,531] {dagbag.py:500} INFO - Filling up the DagBag from /home/airflow/.local/lib/python3.7/site-packages/airflow/example_dags/example_dag_decorator.py
[2021-11-28 09:58:34,566] {processor.py:637} INFO - DAG(s) dict_keys(['example_dag_decorator']) retrieved from /home/airflow/.local/lib/python3.7/site-packages/airflow/example_dags/example_dag_decorator.py
[2021-11-28 09:58:34,802] {logging_mixin.py:109} INFO - [2021-11-28 09:58:34,802] {dag.py:2396} INFO - Sync 1 DAGs
[2021-11-28 09:58:34,814] {logging_mixin.py:109} INFO - [2021-11-28 09:58:34,814] {dag.py:2928} INFO - Setting next_dagrun for example_dag_decorator to None
[2021-11-28 09:58:34,824] {processor.py:171} INFO - Processing /home/airflow/.local/lib/python3.7/site-packages/airflow/example_dags/example_dag_decorator.py took 0.297 seconds
[2021-11-28 09:59:05,449] {processor.py:163} INFO - Started process (PID=114) to work on /home/airflow/.local/lib/python3.7/site-packages/airflow/example_dags/example_dag_decorator.py
[2021-11-28 09:59:05,450] {processor.py:625} INFO - Processing file /home/airflow/.local/lib/python3.7/site-packages/airflow/example_dags/example_dag_decorator.py for tasks to queue
[2021-11-28 09:59:05,450] {logging_mixin.py:109} INFO - [2021-11-28 09:59:05,450] {dagbag.py:500} INFO - Filling up the DagBag from /home/airflow/.local/lib/python3.7/site-packages/airflow/example_dags/example_dag_decorator.py
[2021-11-28 09:59:05,485] {processor.py:637} INFO - DAG(s) dict_keys(['example_dag_decorator']) retrieved from /home/airflow/.local/lib/python3.7/site-packages/airflow/example_dags/example_dag_decorator.py
[2021-11-28 09:59:05,696] {logging_mixin.py:109} INFO - [2021-11-28 09:59:05,696] {dag.py:2396} INFO - Sync 1 DAGs
[2021-11-28 09:59:05,707] {logging_mixin.py:109} INFO - [2021-11-28 09:59:05,707] {dag.py:2928} INFO - Setting next_dagrun for example_dag_decorator to None
[2021-11-28 09:59:05,716] {processor.py:171} INFO - Processing /home/airflow/.local/lib/python3.7/site-packages/airflow/example_dags/example_dag_decorator.py took 0.271 seconds
[2021-11-28 09:59:36,289] {processor.py:163} INFO - Started process (PID=174) to work on /home/airflow/.local/lib/python3.7/site-packages/airflow/example_dags/example_dag_decorator.py
[2021-11-28 09:59:36,291] {processor.py:625} INFO - Processing file /home/airflow/.local/lib/python3.7/site-packages/airflow/example_dags/example_dag_decorator.py for tasks to queue
[2021-11-28 09:59:36,291] {logging_mixin.py:109} INFO - [2021-11-28 09:59:36,291] {dagbag.py:500} INFO - Filling up the DagBag from /home/airflow/.local/lib/python3.7/site-packages/airflow/example_dags/example_dag_decorator.py
[2021-11-28 09:59:36,327] {processor.py:637} INFO - DAG(s) dict_keys(['example_dag_decorator']) retrieved from /home/airflow/.local/lib/python3.7/site-packages/airflow/example_dags/example_dag_decorator.py
[2021-11-28 09:59:36,571] {logging_mixin.py:109} INFO - [2021-11-28 09:59:36,571] {dag.py:2396} INFO - Sync 1 DAGs
[2021-11-28 09:59:36,583] {logging_mixin.py:109} INFO - [2021-11-28 09:59:36,583] {dag.py:2928} INFO - Setting next_dagrun for example_dag_decorator to None
[2021-11-28 09:59:36,592] {processor.py:171} INFO - Processing /home/airflow/.local/lib/python3.7/site-packages/airflow/example_dags/example_dag_decorator.py took 0.305 seconds
[2021-11-28 10:00:07,260] {processor.py:163} INFO - Started process (PID=225) to work on /home/airflow/.local/lib/python3.7/site-packages/airflow/example_dags/example_dag_decorator.py
[2021-11-28 10:00:07,261] {processor.py:625} INFO - Processing file /home/airflow/.local/lib/python3.7/site-packages/airflow/example_dags/example_dag_decorator.py for tasks to queue
[2021-11-28 10:00:07,261] {logging_mixin.py:109} INFO - [2021-11-28 10:00:07,261] {dagbag.py:500} INFO - Filling up the DagBag from /home/airflow/.local/lib/python3.7/site-packages/airflow/example_dags/example_dag_decorator.py
[2021-11-28 10:00:07,294] {processor.py:637} INFO - DAG(s) dict_keys(['example_dag_decorator']) retrieved from /home/airflow/.local/lib/python3.7/site-packages/airflow/example_dags/example_dag_decorator.py
[2021-11-28 10:00:07,505] {logging_mixin.py:109} INFO - [2021-11-28 10:00:07,505] {dag.py:2396} INFO - Sync 1 DAGs
[2021-11-28 10:00:07,515] {logging_mixin.py:109} INFO - [2021-11-28 10:00:07,515] {dag.py:2928} INFO - Setting next_dagrun for example_dag_decorator to None
[2021-11-28 10:00:07,524] {processor.py:171} INFO - Processing /home/airflow/.local/lib/python3.7/site-packages/airflow/example_dags/example_dag_decorator.py took 0.267 seconds
[2021-11-28 10:00:38,089] {processor.py:163} INFO - Started process (PID=285) to work on /home/airflow/.local/lib/python3.7/site-packages/airflow/example_dags/example_dag_decorator.py
[2021-11-28 10:00:38,090] {processor.py:625} INFO - Processing file /home/airflow/.local/lib/python3.7/site-packages/airflow/example_dags/example_dag_decorator.py for tasks to queue
[2021-11-28 10:00:38,091] {logging_mixin.py:109} INFO - [2021-11-28 10:00:38,091] {dagbag.py:500} INFO - Filling up the DagBag from /home/airflow/.local/lib/python3.7/site-packages/airflow/example_dags/example_dag_decorator.py
[2021-11-28 10:00:38,124] {processor.py:637} INFO - DAG(s) dict_keys(['example_dag_decorator']) retrieved from /home/airflow/.local/lib/python3.7/site-packages/airflow/example_dags/example_dag_decorator.py
[2021-11-28 10:00:38,332] {logging_mixin.py:109} INFO - [2021-11-28 10:00:38,332] {dag.py:2396} INFO - Sync 1 DAGs
[2021-11-28 10:00:38,343] {logging_mixin.py:109} INFO - [2021-11-28 10:00:38,343] {dag.py:2928} INFO - Setting next_dagrun for example_dag_decorator to None
[2021-11-28 10:00:38,353] {processor.py:171} INFO - Processing /home/airflow/.local/lib/python3.7/site-packages/airflow/example_dags/example_dag_decorator.py took 0.267 seconds
[2021-11-28 10:01:09,021] {processor.py:163} INFO - Started process (PID=336) to work on /home/airflow/.local/lib/python3.7/site-packages/airflow/example_dags/example_dag_decorator.py
[2021-11-28 10:01:09,021] {processor.py:625} INFO - Processing file /home/airflow/.local/lib/python3.7/site-packages/airflow/example_dags/example_dag_decorator.py for tasks to queue
[2021-11-28 10:01:09,022] {logging_mixin.py:109} INFO - [2021-11-28 10:01:09,022] {dagbag.py:500} INFO - Filling up the DagBag from /home/airflow/.local/lib/python3.7/site-packages/airflow/example_dags/example_dag_decorator.py
[2021-11-28 10:01:09,046] {processor.py:637} INFO - DAG(s) dict_keys(['example_dag_decorator']) retrieved from /home/airflow/.local/lib/python3.7/site-packages/airflow/example_dags/example_dag_decorator.py
[2021-11-28 10:01:09,259] {logging_mixin.py:109} INFO - [2021-11-28 10:01:09,259] {dag.py:2396} INFO - Sync 1 DAGs
[2021-11-28 10:01:09,270] {logging_mixin.py:109} INFO - [2021-11-28 10:01:09,270] {dag.py:2928} INFO - Setting next_dagrun for example_dag_decorator to None
[2021-11-28 10:01:09,279] {processor.py:171} INFO - Processing /home/airflow/.local/lib/python3.7/site-packages/airflow/example_dags/example_dag_decorator.py took 0.260 seconds
[2021-11-28 10:01:39,942] {processor.py:163} INFO - Started process (PID=396) to work on /home/airflow/.local/lib/python3.7/site-packages/airflow/example_dags/example_dag_decorator.py
[2021-11-28 10:01:39,942] {processor.py:625} INFO - Processing file /home/airflow/.local/lib/python3.7/site-packages/airflow/example_dags/example_dag_decorator.py for tasks to queue
[2021-11-28 10:01:39,943] {logging_mixin.py:109} INFO - [2021-11-28 10:01:39,943] {dagbag.py:500} INFO - Filling up the DagBag from /home/airflow/.local/lib/python3.7/site-packages/airflow/example_dags/example_dag_decorator.py
[2021-11-28 10:01:39,964] {processor.py:637} INFO - DAG(s) dict_keys(['example_dag_decorator']) retrieved from /home/airflow/.local/lib/python3.7/site-packages/airflow/example_dags/example_dag_decorator.py
[2021-11-28 10:01:40,167] {logging_mixin.py:109} INFO - [2021-11-28 10:01:40,167] {dag.py:2396} INFO - Sync 1 DAGs
[2021-11-28 10:01:40,177] {logging_mixin.py:109} INFO - [2021-11-28 10:01:40,177] {dag.py:2928} INFO - Setting next_dagrun for example_dag_decorator to None
[2021-11-28 10:01:40,186] {processor.py:171} INFO - Processing /home/airflow/.local/lib/python3.7/site-packages/airflow/example_dags/example_dag_decorator.py took 0.246 seconds
[2021-11-28 10:02:10,914] {processor.py:163} INFO - Started process (PID=456) to work on /home/airflow/.local/lib/python3.7/site-packages/airflow/example_dags/example_dag_decorator.py
[2021-11-28 10:02:10,915] {processor.py:625} INFO - Processing file /home/airflow/.local/lib/python3.7/site-packages/airflow/example_dags/example_dag_decorator.py for tasks to queue
[2021-11-28 10:02:10,916] {logging_mixin.py:109} INFO - [2021-11-28 10:02:10,916] {dagbag.py:500} INFO - Filling up the DagBag from /home/airflow/.local/lib/python3.7/site-packages/airflow/example_dags/example_dag_decorator.py
[2021-11-28 10:02:10,945] {processor.py:637} INFO - DAG(s) dict_keys(['example_dag_decorator']) retrieved from /home/airflow/.local/lib/python3.7/site-packages/airflow/example_dags/example_dag_decorator.py
[2021-11-28 10:02:11,162] {logging_mixin.py:109} INFO - [2021-11-28 10:02:11,162] {dag.py:2396} INFO - Sync 1 DAGs
[2021-11-28 10:02:11,174] {logging_mixin.py:109} INFO - [2021-11-28 10:02:11,174] {dag.py:2928} INFO - Setting next_dagrun for example_dag_decorator to None
[2021-11-28 10:02:11,185] {processor.py:171} INFO - Processing /home/airflow/.local/lib/python3.7/site-packages/airflow/example_dags/example_dag_decorator.py took 0.275 seconds
[2021-11-28 10:02:41,826] {processor.py:163} INFO - Started process (PID=507) to work on /home/airflow/.local/lib/python3.7/site-packages/airflow/example_dags/example_dag_decorator.py
[2021-11-28 10:02:41,827] {processor.py:625} INFO - Processing file /home/airflow/.local/lib/python3.7/site-packages/airflow/example_dags/example_dag_decorator.py for tasks to queue
[2021-11-28 10:02:41,828] {logging_mixin.py:109} INFO - [2021-11-28 10:02:41,828] {dagbag.py:500} INFO - Filling up the DagBag from /home/airflow/.local/lib/python3.7/site-packages/airflow/example_dags/example_dag_decorator.py
[2021-11-28 10:02:41,867] {processor.py:637} INFO - DAG(s) dict_keys(['example_dag_decorator']) retrieved from /home/airflow/.local/lib/python3.7/site-packages/airflow/example_dags/example_dag_decorator.py
[2021-11-28 10:02:42,088] {logging_mixin.py:109} INFO - [2021-11-28 10:02:42,088] {dag.py:2396} INFO - Sync 1 DAGs
[2021-11-28 10:02:42,098] {logging_mixin.py:109} INFO - [2021-11-28 10:02:42,098] {dag.py:2928} INFO - Setting next_dagrun for example_dag_decorator to None
[2021-11-28 10:02:42,109] {processor.py:171} INFO - Processing /home/airflow/.local/lib/python3.7/site-packages/airflow/example_dags/example_dag_decorator.py took 0.286 seconds
[2021-11-28 10:03:12,745] {processor.py:163} INFO - Started process (PID=567) to work on /home/airflow/.local/lib/python3.7/site-packages/airflow/example_dags/example_dag_decorator.py
[2021-11-28 10:03:12,746] {processor.py:625} INFO - Processing file /home/airflow/.local/lib/python3.7/site-packages/airflow/example_dags/example_dag_decorator.py for tasks to queue
[2021-11-28 10:03:12,747] {logging_mixin.py:109} INFO - [2021-11-28 10:03:12,747] {dagbag.py:500} INFO - Filling up the DagBag from /home/airflow/.local/lib/python3.7/site-packages/airflow/example_dags/example_dag_decorator.py
[2021-11-28 10:03:12,769] {processor.py:637} INFO - DAG(s) dict_keys(['example_dag_decorator']) retrieved from /home/airflow/.local/lib/python3.7/site-packages/airflow/example_dags/example_dag_decorator.py
[2021-11-28 10:03:12,973] {logging_mixin.py:109} INFO - [2021-11-28 10:03:12,973] {dag.py:2396} INFO - Sync 1 DAGs
[2021-11-28 10:03:12,986] {logging_mixin.py:109} INFO - [2021-11-28 10:03:12,986] {dag.py:2928} INFO - Setting next_dagrun for example_dag_decorator to None
[2021-11-28 10:03:12,995] {processor.py:171} INFO - Processing /home/airflow/.local/lib/python3.7/site-packages/airflow/example_dags/example_dag_decorator.py took 0.252 seconds
[2021-11-28 10:03:43,742] {processor.py:163} INFO - Started process (PID=618) to work on /home/airflow/.local/lib/python3.7/site-packages/airflow/example_dags/example_dag_decorator.py
[2021-11-28 10:03:43,743] {processor.py:625} INFO - Processing file /home/airflow/.local/lib/python3.7/site-packages/airflow/example_dags/example_dag_decorator.py for tasks to queue
[2021-11-28 10:03:43,743] {logging_mixin.py:109} INFO - [2021-11-28 10:03:43,743] {dagbag.py:500} INFO - Filling up the DagBag from /home/airflow/.local/lib/python3.7/site-packages/airflow/example_dags/example_dag_decorator.py
[2021-11-28 10:03:43,775] {processor.py:637} INFO - DAG(s) dict_keys(['example_dag_decorator']) retrieved from /home/airflow/.local/lib/python3.7/site-packages/airflow/example_dags/example_dag_decorator.py
[2021-11-28 10:03:43,983] {logging_mixin.py:109} INFO - [2021-11-28 10:03:43,983] {dag.py:2396} INFO - Sync 1 DAGs
[2021-11-28 10:03:43,994] {logging_mixin.py:109} INFO - [2021-11-28 10:03:43,994] {dag.py:2928} INFO - Setting next_dagrun for example_dag_decorator to None
[2021-11-28 10:03:44,003] {processor.py:171} INFO - Processing /home/airflow/.local/lib/python3.7/site-packages/airflow/example_dags/example_dag_decorator.py took 0.264 seconds
[2021-11-28 10:04:14,697] {processor.py:163} INFO - Started process (PID=678) to work on /home/airflow/.local/lib/python3.7/site-packages/airflow/example_dags/example_dag_decorator.py
[2021-11-28 10:04:14,699] {processor.py:625} INFO - Processing file /home/airflow/.local/lib/python3.7/site-packages/airflow/example_dags/example_dag_decorator.py for tasks to queue
[2021-11-28 10:04:14,699] {logging_mixin.py:109} INFO - [2021-11-28 10:04:14,699] {dagbag.py:500} INFO - Filling up the DagBag from /home/airflow/.local/lib/python3.7/site-packages/airflow/example_dags/example_dag_decorator.py
[2021-11-28 10:04:14,730] {processor.py:637} INFO - DAG(s) dict_keys(['example_dag_decorator']) retrieved from /home/airflow/.local/lib/python3.7/site-packages/airflow/example_dags/example_dag_decorator.py
[2021-11-28 10:04:14,926] {logging_mixin.py:109} INFO - [2021-11-28 10:04:14,926] {dag.py:2396} INFO - Sync 1 DAGs
[2021-11-28 10:04:14,936] {logging_mixin.py:109} INFO - [2021-11-28 10:04:14,936] {dag.py:2928} INFO - Setting next_dagrun for example_dag_decorator to None
[2021-11-28 10:04:14,945] {processor.py:171} INFO - Processing /home/airflow/.local/lib/python3.7/site-packages/airflow/example_dags/example_dag_decorator.py took 0.251 seconds
[2021-11-28 10:04:45,721] {processor.py:163} INFO - Started process (PID=738) to work on /home/airflow/.local/lib/python3.7/site-packages/airflow/example_dags/example_dag_decorator.py
[2021-11-28 10:04:45,722] {processor.py:625} INFO - Processing file /home/airflow/.local/lib/python3.7/site-packages/airflow/example_dags/example_dag_decorator.py for tasks to queue
[2021-11-28 10:04:45,722] {logging_mixin.py:109} INFO - [2021-11-28 10:04:45,722] {dagbag.py:500} INFO - Filling up the DagBag from /home/airflow/.local/lib/python3.7/site-packages/airflow/example_dags/example_dag_decorator.py
[2021-11-28 10:04:45,745] {processor.py:637} INFO - DAG(s) dict_keys(['example_dag_decorator']) retrieved from /home/airflow/.local/lib/python3.7/site-packages/airflow/example_dags/example_dag_decorator.py
[2021-11-28 10:04:45,958] {logging_mixin.py:109} INFO - [2021-11-28 10:04:45,958] {dag.py:2396} INFO - Sync 1 DAGs
[2021-11-28 10:04:45,969] {logging_mixin.py:109} INFO - [2021-11-28 10:04:45,969] {dag.py:2928} INFO - Setting next_dagrun for example_dag_decorator to None
[2021-11-28 10:04:45,979] {processor.py:171} INFO - Processing /home/airflow/.local/lib/python3.7/site-packages/airflow/example_dags/example_dag_decorator.py took 0.260 seconds
[2021-11-28 10:05:16,852] {processor.py:163} INFO - Started process (PID=789) to work on /home/airflow/.local/lib/python3.7/site-packages/airflow/example_dags/example_dag_decorator.py
[2021-11-28 10:05:16,853] {processor.py:625} INFO - Processing file /home/airflow/.local/lib/python3.7/site-packages/airflow/example_dags/example_dag_decorator.py for tasks to queue
[2021-11-28 10:05:16,854] {logging_mixin.py:109} INFO - [2021-11-28 10:05:16,854] {dagbag.py:500} INFO - Filling up the DagBag from /home/airflow/.local/lib/python3.7/site-packages/airflow/example_dags/example_dag_decorator.py
[2021-11-28 10:05:16,885] {processor.py:637} INFO - DAG(s) dict_keys(['example_dag_decorator']) retrieved from /home/airflow/.local/lib/python3.7/site-packages/airflow/example_dags/example_dag_decorator.py
[2021-11-28 10:05:17,089] {logging_mixin.py:109} INFO - [2021-11-28 10:05:17,089] {dag.py:2396} INFO - Sync 1 DAGs
[2021-11-28 10:05:17,099] {logging_mixin.py:109} INFO - [2021-11-28 10:05:17,099] {dag.py:2928} INFO - Setting next_dagrun for example_dag_decorator to None
[2021-11-28 10:05:17,110] {processor.py:171} INFO - Processing /home/airflow/.local/lib/python3.7/site-packages/airflow/example_dags/example_dag_decorator.py took 0.260 seconds
[2021-11-28 10:05:47,918] {processor.py:163} INFO - Started process (PID=849) to work on /home/airflow/.local/lib/python3.7/site-packages/airflow/example_dags/example_dag_decorator.py
[2021-11-28 10:05:47,919] {processor.py:625} INFO - Processing file /home/airflow/.local/lib/python3.7/site-packages/airflow/example_dags/example_dag_decorator.py for tasks to queue
[2021-11-28 10:05:47,920] {logging_mixin.py:109} INFO - [2021-11-28 10:05:47,920] {dagbag.py:500} INFO - Filling up the DagBag from /home/airflow/.local/lib/python3.7/site-packages/airflow/example_dags/example_dag_decorator.py
[2021-11-28 10:05:47,952] {processor.py:637} INFO - DAG(s) dict_keys(['example_dag_decorator']) retrieved from /home/airflow/.local/lib/python3.7/site-packages/airflow/example_dags/example_dag_decorator.py
[2021-11-28 10:05:48,182] {logging_mixin.py:109} INFO - [2021-11-28 10:05:48,182] {dag.py:2396} INFO - Sync 1 DAGs
[2021-11-28 10:05:48,194] {logging_mixin.py:109} INFO - [2021-11-28 10:05:48,194] {dag.py:2928} INFO - Setting next_dagrun for example_dag_decorator to None
[2021-11-28 10:05:48,206] {processor.py:171} INFO - Processing /home/airflow/.local/lib/python3.7/site-packages/airflow/example_dags/example_dag_decorator.py took 0.291 seconds
[2021-11-28 10:06:18,391] {processor.py:163} INFO - Started process (PID=900) to work on /home/airflow/.local/lib/python3.7/site-packages/airflow/example_dags/example_dag_decorator.py
[2021-11-28 10:06:18,392] {processor.py:625} INFO - Processing file /home/airflow/.local/lib/python3.7/site-packages/airflow/example_dags/example_dag_decorator.py for tasks to queue
[2021-11-28 10:06:18,392] {logging_mixin.py:109} INFO - [2021-11-28 10:06:18,392] {dagbag.py:500} INFO - Filling up the DagBag from /home/airflow/.local/lib/python3.7/site-packages/airflow/example_dags/example_dag_decorator.py
[2021-11-28 10:06:18,415] {processor.py:637} INFO - DAG(s) dict_keys(['example_dag_decorator']) retrieved from /home/airflow/.local/lib/python3.7/site-packages/airflow/example_dags/example_dag_decorator.py
[2021-11-28 10:06:18,627] {logging_mixin.py:109} INFO - [2021-11-28 10:06:18,627] {dag.py:2396} INFO - Sync 1 DAGs
[2021-11-28 10:06:18,638] {logging_mixin.py:109} INFO - [2021-11-28 10:06:18,638] {dag.py:2928} INFO - Setting next_dagrun for example_dag_decorator to None
[2021-11-28 10:06:18,647] {processor.py:171} INFO - Processing /home/airflow/.local/lib/python3.7/site-packages/airflow/example_dags/example_dag_decorator.py took 0.258 seconds
[2021-11-28 10:06:49,065] {processor.py:163} INFO - Started process (PID=960) to work on /home/airflow/.local/lib/python3.7/site-packages/airflow/example_dags/example_dag_decorator.py
[2021-11-28 10:06:49,066] {processor.py:625} INFO - Processing file /home/airflow/.local/lib/python3.7/site-packages/airflow/example_dags/example_dag_decorator.py for tasks to queue
[2021-11-28 10:06:49,067] {logging_mixin.py:109} INFO - [2021-11-28 10:06:49,067] {dagbag.py:500} INFO - Filling up the DagBag from /home/airflow/.local/lib/python3.7/site-packages/airflow/example_dags/example_dag_decorator.py
[2021-11-28 10:06:49,094] {processor.py:637} INFO - DAG(s) dict_keys(['example_dag_decorator']) retrieved from /home/airflow/.local/lib/python3.7/site-packages/airflow/example_dags/example_dag_decorator.py
[2021-11-28 10:06:49,303] {logging_mixin.py:109} INFO - [2021-11-28 10:06:49,303] {dag.py:2396} INFO - Sync 1 DAGs
[2021-11-28 10:06:49,314] {logging_mixin.py:109} INFO - [2021-11-28 10:06:49,314] {dag.py:2928} INFO - Setting next_dagrun for example_dag_decorator to None
[2021-11-28 10:06:49,323] {processor.py:171} INFO - Processing /home/airflow/.local/lib/python3.7/site-packages/airflow/example_dags/example_dag_decorator.py took 0.259 seconds
[2021-11-28 10:07:19,883] {processor.py:163} INFO - Started process (PID=1020) to work on /home/airflow/.local/lib/python3.7/site-packages/airflow/example_dags/example_dag_decorator.py
[2021-11-28 10:07:19,884] {processor.py:625} INFO - Processing file /home/airflow/.local/lib/python3.7/site-packages/airflow/example_dags/example_dag_decorator.py for tasks to queue
[2021-11-28 10:07:19,885] {logging_mixin.py:109} INFO - [2021-11-28 10:07:19,884] {dagbag.py:500} INFO - Filling up the DagBag from /home/airflow/.local/lib/python3.7/site-packages/airflow/example_dags/example_dag_decorator.py
[2021-11-28 10:07:19,906] {processor.py:637} INFO - DAG(s) dict_keys(['example_dag_decorator']) retrieved from /home/airflow/.local/lib/python3.7/site-packages/airflow/example_dags/example_dag_decorator.py
[2021-11-28 10:07:20,114] {logging_mixin.py:109} INFO - [2021-11-28 10:07:20,114] {dag.py:2396} INFO - Sync 1 DAGs
[2021-11-28 10:07:20,127] {logging_mixin.py:109} INFO - [2021-11-28 10:07:20,127] {dag.py:2928} INFO - Setting next_dagrun for example_dag_decorator to None
[2021-11-28 10:07:20,137] {processor.py:171} INFO - Processing /home/airflow/.local/lib/python3.7/site-packages/airflow/example_dags/example_dag_decorator.py took 0.255 seconds
[2021-11-28 10:07:50,677] {processor.py:163} INFO - Started process (PID=1071) to work on /home/airflow/.local/lib/python3.7/site-packages/airflow/example_dags/example_dag_decorator.py
[2021-11-28 10:07:50,678] {processor.py:625} INFO - Processing file /home/airflow/.local/lib/python3.7/site-packages/airflow/example_dags/example_dag_decorator.py for tasks to queue
[2021-11-28 10:07:50,678] {logging_mixin.py:109} INFO - [2021-11-28 10:07:50,678] {dagbag.py:500} INFO - Filling up the DagBag from /home/airflow/.local/lib/python3.7/site-packages/airflow/example_dags/example_dag_decorator.py
[2021-11-28 10:07:50,782] {processor.py:637} INFO - DAG(s) dict_keys(['example_dag_decorator']) retrieved from /home/airflow/.local/lib/python3.7/site-packages/airflow/example_dags/example_dag_decorator.py
[2021-11-28 10:07:50,947] {logging_mixin.py:109} INFO - [2021-11-28 10:07:50,947] {dag.py:2396} INFO - Sync 1 DAGs
[2021-11-28 10:07:50,960] {logging_mixin.py:109} INFO - [2021-11-28 10:07:50,960] {dag.py:2928} INFO - Setting next_dagrun for example_dag_decorator to None
[2021-11-28 10:07:50,974] {processor.py:171} INFO - Processing /home/airflow/.local/lib/python3.7/site-packages/airflow/example_dags/example_dag_decorator.py took 0.299 seconds
[2021-11-28 10:08:21,337] {processor.py:163} INFO - Started process (PID=1131) to work on /home/airflow/.local/lib/python3.7/site-packages/airflow/example_dags/example_dag_decorator.py
[2021-11-28 10:08:21,338] {processor.py:625} INFO - Processing file /home/airflow/.local/lib/python3.7/site-packages/airflow/example_dags/example_dag_decorator.py for tasks to queue
[2021-11-28 10:08:21,338] {logging_mixin.py:109} INFO - [2021-11-28 10:08:21,338] {dagbag.py:500} INFO - Filling up the DagBag from /home/airflow/.local/lib/python3.7/site-packages/airflow/example_dags/example_dag_decorator.py
[2021-11-28 10:08:21,434] {processor.py:637} INFO - DAG(s) dict_keys(['example_dag_decorator']) retrieved from /home/airflow/.local/lib/python3.7/site-packages/airflow/example_dags/example_dag_decorator.py
[2021-11-28 10:08:21,585] {logging_mixin.py:109} INFO - [2021-11-28 10:08:21,585] {dag.py:2396} INFO - Sync 1 DAGs
[2021-11-28 10:08:21,595] {logging_mixin.py:109} INFO - [2021-11-28 10:08:21,595] {dag.py:2928} INFO - Setting next_dagrun for example_dag_decorator to None
[2021-11-28 10:08:21,605] {processor.py:171} INFO - Processing /home/airflow/.local/lib/python3.7/site-packages/airflow/example_dags/example_dag_decorator.py took 0.269 seconds
[2021-11-28 10:08:52,179] {processor.py:163} INFO - Started process (PID=1182) to work on /home/airflow/.local/lib/python3.7/site-packages/airflow/example_dags/example_dag_decorator.py
[2021-11-28 10:08:52,181] {processor.py:625} INFO - Processing file /home/airflow/.local/lib/python3.7/site-packages/airflow/example_dags/example_dag_decorator.py for tasks to queue
[2021-11-28 10:08:52,181] {logging_mixin.py:109} INFO - [2021-11-28 10:08:52,181] {dagbag.py:500} INFO - Filling up the DagBag from /home/airflow/.local/lib/python3.7/site-packages/airflow/example_dags/example_dag_decorator.py
[2021-11-28 10:08:52,266] {processor.py:637} INFO - DAG(s) dict_keys(['example_dag_decorator']) retrieved from /home/airflow/.local/lib/python3.7/site-packages/airflow/example_dags/example_dag_decorator.py
[2021-11-28 10:08:52,404] {logging_mixin.py:109} INFO - [2021-11-28 10:08:52,404] {dag.py:2396} INFO - Sync 1 DAGs
[2021-11-28 10:08:52,413] {logging_mixin.py:109} INFO - [2021-11-28 10:08:52,413] {dag.py:2928} INFO - Setting next_dagrun for example_dag_decorator to None
[2021-11-28 10:08:52,422] {processor.py:171} INFO - Processing /home/airflow/.local/lib/python3.7/site-packages/airflow/example_dags/example_dag_decorator.py took 0.246 seconds
[2021-11-28 10:09:23,008] {processor.py:163} INFO - Started process (PID=1242) to work on /home/airflow/.local/lib/python3.7/site-packages/airflow/example_dags/example_dag_decorator.py
[2021-11-28 10:09:23,009] {processor.py:625} INFO - Processing file /home/airflow/.local/lib/python3.7/site-packages/airflow/example_dags/example_dag_decorator.py for tasks to queue
[2021-11-28 10:09:23,010] {logging_mixin.py:109} INFO - [2021-11-28 10:09:23,010] {dagbag.py:500} INFO - Filling up the DagBag from /home/airflow/.local/lib/python3.7/site-packages/airflow/example_dags/example_dag_decorator.py
[2021-11-28 10:09:23,104] {processor.py:637} INFO - DAG(s) dict_keys(['example_dag_decorator']) retrieved from /home/airflow/.local/lib/python3.7/site-packages/airflow/example_dags/example_dag_decorator.py
[2021-11-28 10:09:23,252] {logging_mixin.py:109} INFO - [2021-11-28 10:09:23,252] {dag.py:2396} INFO - Sync 1 DAGs
[2021-11-28 10:09:23,263] {logging_mixin.py:109} INFO - [2021-11-28 10:09:23,263] {dag.py:2928} INFO - Setting next_dagrun for example_dag_decorator to None
[2021-11-28 10:09:23,273] {processor.py:171} INFO - Processing /home/airflow/.local/lib/python3.7/site-packages/airflow/example_dags/example_dag_decorator.py took 0.268 seconds
[2021-11-28 10:09:53,676] {processor.py:163} INFO - Started process (PID=1293) to work on /home/airflow/.local/lib/python3.7/site-packages/airflow/example_dags/example_dag_decorator.py
[2021-11-28 10:09:53,676] {processor.py:625} INFO - Processing file /home/airflow/.local/lib/python3.7/site-packages/airflow/example_dags/example_dag_decorator.py for tasks to queue
[2021-11-28 10:09:53,677] {logging_mixin.py:109} INFO - [2021-11-28 10:09:53,677] {dagbag.py:500} INFO - Filling up the DagBag from /home/airflow/.local/lib/python3.7/site-packages/airflow/example_dags/example_dag_decorator.py
[2021-11-28 10:09:53,769] {processor.py:637} INFO - DAG(s) dict_keys(['example_dag_decorator']) retrieved from /home/airflow/.local/lib/python3.7/site-packages/airflow/example_dags/example_dag_decorator.py
[2021-11-28 10:09:53,919] {logging_mixin.py:109} INFO - [2021-11-28 10:09:53,919] {dag.py:2396} INFO - Sync 1 DAGs
[2021-11-28 10:09:53,931] {logging_mixin.py:109} INFO - [2021-11-28 10:09:53,931] {dag.py:2928} INFO - Setting next_dagrun for example_dag_decorator to None
[2021-11-28 10:09:53,940] {processor.py:171} INFO - Processing /home/airflow/.local/lib/python3.7/site-packages/airflow/example_dags/example_dag_decorator.py took 0.266 seconds
[2021-11-28 10:10:24,374] {processor.py:163} INFO - Started process (PID=1353) to work on /home/airflow/.local/lib/python3.7/site-packages/airflow/example_dags/example_dag_decorator.py
[2021-11-28 10:10:24,375] {processor.py:625} INFO - Processing file /home/airflow/.local/lib/python3.7/site-packages/airflow/example_dags/example_dag_decorator.py for tasks to queue
[2021-11-28 10:10:24,375] {logging_mixin.py:109} INFO - [2021-11-28 10:10:24,375] {dagbag.py:500} INFO - Filling up the DagBag from /home/airflow/.local/lib/python3.7/site-packages/airflow/example_dags/example_dag_decorator.py
[2021-11-28 10:10:24,458] {processor.py:637} INFO - DAG(s) dict_keys(['example_dag_decorator']) retrieved from /home/airflow/.local/lib/python3.7/site-packages/airflow/example_dags/example_dag_decorator.py
[2021-11-28 10:10:24,608] {logging_mixin.py:109} INFO - [2021-11-28 10:10:24,608] {dag.py:2396} INFO - Sync 1 DAGs
[2021-11-28 10:10:24,618] {logging_mixin.py:109} INFO - [2021-11-28 10:10:24,618] {dag.py:2928} INFO - Setting next_dagrun for example_dag_decorator to None
[2021-11-28 10:10:24,627] {processor.py:171} INFO - Processing /home/airflow/.local/lib/python3.7/site-packages/airflow/example_dags/example_dag_decorator.py took 0.255 seconds
[2021-11-28 10:10:55,506] {processor.py:163} INFO - Started process (PID=1413) to work on /home/airflow/.local/lib/python3.7/site-packages/airflow/example_dags/example_dag_decorator.py
[2021-11-28 10:10:55,507] {processor.py:625} INFO - Processing file /home/airflow/.local/lib/python3.7/site-packages/airflow/example_dags/example_dag_decorator.py for tasks to queue
[2021-11-28 10:10:55,507] {logging_mixin.py:109} INFO - [2021-11-28 10:10:55,507] {dagbag.py:500} INFO - Filling up the DagBag from /home/airflow/.local/lib/python3.7/site-packages/airflow/example_dags/example_dag_decorator.py
[2021-11-28 10:10:55,531] {processor.py:637} INFO - DAG(s) dict_keys(['example_dag_decorator']) retrieved from /home/airflow/.local/lib/python3.7/site-packages/airflow/example_dags/example_dag_decorator.py
[2021-11-28 10:10:55,681] {logging_mixin.py:109} INFO - [2021-11-28 10:10:55,681] {dag.py:2396} INFO - Sync 1 DAGs
[2021-11-28 10:10:55,692] {logging_mixin.py:109} INFO - [2021-11-28 10:10:55,692] {dag.py:2928} INFO - Setting next_dagrun for example_dag_decorator to None
[2021-11-28 10:10:55,702] {processor.py:171} INFO - Processing /home/airflow/.local/lib/python3.7/site-packages/airflow/example_dags/example_dag_decorator.py took 0.198 seconds
[2021-11-28 10:11:26,163] {processor.py:163} INFO - Started process (PID=1464) to work on /home/airflow/.local/lib/python3.7/site-packages/airflow/example_dags/example_dag_decorator.py
[2021-11-28 10:11:26,164] {processor.py:625} INFO - Processing file /home/airflow/.local/lib/python3.7/site-packages/airflow/example_dags/example_dag_decorator.py for tasks to queue
[2021-11-28 10:11:26,165] {logging_mixin.py:109} INFO - [2021-11-28 10:11:26,165] {dagbag.py:500} INFO - Filling up the DagBag from /home/airflow/.local/lib/python3.7/site-packages/airflow/example_dags/example_dag_decorator.py
[2021-11-28 10:11:26,198] {processor.py:637} INFO - DAG(s) dict_keys(['example_dag_decorator']) retrieved from /home/airflow/.local/lib/python3.7/site-packages/airflow/example_dags/example_dag_decorator.py
[2021-11-28 10:11:26,348] {logging_mixin.py:109} INFO - [2021-11-28 10:11:26,348] {dag.py:2396} INFO - Sync 1 DAGs
[2021-11-28 10:11:26,358] {logging_mixin.py:109} INFO - [2021-11-28 10:11:26,358] {dag.py:2928} INFO - Setting next_dagrun for example_dag_decorator to None
[2021-11-28 10:11:26,367] {processor.py:171} INFO - Processing /home/airflow/.local/lib/python3.7/site-packages/airflow/example_dags/example_dag_decorator.py took 0.207 seconds
[2021-11-28 10:11:56,981] {processor.py:163} INFO - Started process (PID=1524) to work on /home/airflow/.local/lib/python3.7/site-packages/airflow/example_dags/example_dag_decorator.py
[2021-11-28 10:11:56,982] {processor.py:625} INFO - Processing file /home/airflow/.local/lib/python3.7/site-packages/airflow/example_dags/example_dag_decorator.py for tasks to queue
[2021-11-28 10:11:56,982] {logging_mixin.py:109} INFO - [2021-11-28 10:11:56,982] {dagbag.py:500} INFO - Filling up the DagBag from /home/airflow/.local/lib/python3.7/site-packages/airflow/example_dags/example_dag_decorator.py
[2021-11-28 10:11:57,005] {processor.py:637} INFO - DAG(s) dict_keys(['example_dag_decorator']) retrieved from /home/airflow/.local/lib/python3.7/site-packages/airflow/example_dags/example_dag_decorator.py
[2021-11-28 10:11:57,161] {logging_mixin.py:109} INFO - [2021-11-28 10:11:57,161] {dag.py:2396} INFO - Sync 1 DAGs
[2021-11-28 10:11:57,172] {logging_mixin.py:109} INFO - [2021-11-28 10:11:57,172] {dag.py:2928} INFO - Setting next_dagrun for example_dag_decorator to None
[2021-11-28 10:11:57,182] {processor.py:171} INFO - Processing /home/airflow/.local/lib/python3.7/site-packages/airflow/example_dags/example_dag_decorator.py took 0.204 seconds
[2021-11-28 10:12:27,651] {processor.py:163} INFO - Started process (PID=1575) to work on /home/airflow/.local/lib/python3.7/site-packages/airflow/example_dags/example_dag_decorator.py
[2021-11-28 10:12:27,652] {processor.py:625} INFO - Processing file /home/airflow/.local/lib/python3.7/site-packages/airflow/example_dags/example_dag_decorator.py for tasks to queue
[2021-11-28 10:12:27,653] {logging_mixin.py:109} INFO - [2021-11-28 10:12:27,652] {dagbag.py:500} INFO - Filling up the DagBag from /home/airflow/.local/lib/python3.7/site-packages/airflow/example_dags/example_dag_decorator.py
[2021-11-28 10:12:27,683] {processor.py:637} INFO - DAG(s) dict_keys(['example_dag_decorator']) retrieved from /home/airflow/.local/lib/python3.7/site-packages/airflow/example_dags/example_dag_decorator.py
[2021-11-28 10:12:27,834] {logging_mixin.py:109} INFO - [2021-11-28 10:12:27,834] {dag.py:2396} INFO - Sync 1 DAGs
[2021-11-28 10:12:27,844] {logging_mixin.py:109} INFO - [2021-11-28 10:12:27,844] {dag.py:2928} INFO - Setting next_dagrun for example_dag_decorator to None
[2021-11-28 10:12:27,852] {processor.py:171} INFO - Processing /home/airflow/.local/lib/python3.7/site-packages/airflow/example_dags/example_dag_decorator.py took 0.204 seconds
[2021-11-28 10:12:58,503] {processor.py:163} INFO - Started process (PID=1635) to work on /home/airflow/.local/lib/python3.7/site-packages/airflow/example_dags/example_dag_decorator.py
[2021-11-28 10:12:58,505] {processor.py:625} INFO - Processing file /home/airflow/.local/lib/python3.7/site-packages/airflow/example_dags/example_dag_decorator.py for tasks to queue
[2021-11-28 10:12:58,505] {logging_mixin.py:109} INFO - [2021-11-28 10:12:58,505] {dagbag.py:500} INFO - Filling up the DagBag from /home/airflow/.local/lib/python3.7/site-packages/airflow/example_dags/example_dag_decorator.py
[2021-11-28 10:12:58,538] {processor.py:637} INFO - DAG(s) dict_keys(['example_dag_decorator']) retrieved from /home/airflow/.local/lib/python3.7/site-packages/airflow/example_dags/example_dag_decorator.py
[2021-11-28 10:12:58,689] {logging_mixin.py:109} INFO - [2021-11-28 10:12:58,689] {dag.py:2396} INFO - Sync 1 DAGs
[2021-11-28 10:12:58,700] {logging_mixin.py:109} INFO - [2021-11-28 10:12:58,700] {dag.py:2928} INFO - Setting next_dagrun for example_dag_decorator to None
[2021-11-28 10:12:58,711] {processor.py:171} INFO - Processing /home/airflow/.local/lib/python3.7/site-packages/airflow/example_dags/example_dag_decorator.py took 0.210 seconds
[2021-11-28 10:13:29,232] {processor.py:163} INFO - Started process (PID=1695) to work on /home/airflow/.local/lib/python3.7/site-packages/airflow/example_dags/example_dag_decorator.py
[2021-11-28 10:13:29,233] {processor.py:625} INFO - Processing file /home/airflow/.local/lib/python3.7/site-packages/airflow/example_dags/example_dag_decorator.py for tasks to queue
[2021-11-28 10:13:29,233] {logging_mixin.py:109} INFO - [2021-11-28 10:13:29,233] {dagbag.py:500} INFO - Filling up the DagBag from /home/airflow/.local/lib/python3.7/site-packages/airflow/example_dags/example_dag_decorator.py
[2021-11-28 10:13:29,269] {processor.py:637} INFO - DAG(s) dict_keys(['example_dag_decorator']) retrieved from /home/airflow/.local/lib/python3.7/site-packages/airflow/example_dags/example_dag_decorator.py
[2021-11-28 10:13:29,443] {logging_mixin.py:109} INFO - [2021-11-28 10:13:29,442] {dag.py:2396} INFO - Sync 1 DAGs
[2021-11-28 10:13:29,453] {logging_mixin.py:109} INFO - [2021-11-28 10:13:29,453] {dag.py:2928} INFO - Setting next_dagrun for example_dag_decorator to None
[2021-11-28 10:13:29,462] {processor.py:171} INFO - Processing /home/airflow/.local/lib/python3.7/site-packages/airflow/example_dags/example_dag_decorator.py took 0.233 seconds
[2021-11-28 10:14:00,090] {processor.py:163} INFO - Started process (PID=1746) to work on /home/airflow/.local/lib/python3.7/site-packages/airflow/example_dags/example_dag_decorator.py
[2021-11-28 10:14:00,090] {processor.py:625} INFO - Processing file /home/airflow/.local/lib/python3.7/site-packages/airflow/example_dags/example_dag_decorator.py for tasks to queue
[2021-11-28 10:14:00,091] {logging_mixin.py:109} INFO - [2021-11-28 10:14:00,091] {dagbag.py:500} INFO - Filling up the DagBag from /home/airflow/.local/lib/python3.7/site-packages/airflow/example_dags/example_dag_decorator.py
[2021-11-28 10:14:00,115] {processor.py:637} INFO - DAG(s) dict_keys(['example_dag_decorator']) retrieved from /home/airflow/.local/lib/python3.7/site-packages/airflow/example_dags/example_dag_decorator.py
[2021-11-28 10:14:00,277] {logging_mixin.py:109} INFO - [2021-11-28 10:14:00,277] {dag.py:2396} INFO - Sync 1 DAGs
[2021-11-28 10:14:00,288] {logging_mixin.py:109} INFO - [2021-11-28 10:14:00,288] {dag.py:2928} INFO - Setting next_dagrun for example_dag_decorator to None
[2021-11-28 10:14:00,298] {processor.py:171} INFO - Processing /home/airflow/.local/lib/python3.7/site-packages/airflow/example_dags/example_dag_decorator.py took 0.210 seconds
[2021-11-28 10:14:30,854] {processor.py:163} INFO - Started process (PID=1807) to work on /home/airflow/.local/lib/python3.7/site-packages/airflow/example_dags/example_dag_decorator.py
[2021-11-28 10:14:30,855] {processor.py:625} INFO - Processing file /home/airflow/.local/lib/python3.7/site-packages/airflow/example_dags/example_dag_decorator.py for tasks to queue
[2021-11-28 10:14:30,855] {logging_mixin.py:109} INFO - [2021-11-28 10:14:30,855] {dagbag.py:500} INFO - Filling up the DagBag from /home/airflow/.local/lib/python3.7/site-packages/airflow/example_dags/example_dag_decorator.py
[2021-11-28 10:14:30,887] {processor.py:637} INFO - DAG(s) dict_keys(['example_dag_decorator']) retrieved from /home/airflow/.local/lib/python3.7/site-packages/airflow/example_dags/example_dag_decorator.py
[2021-11-28 10:14:31,039] {logging_mixin.py:109} INFO - [2021-11-28 10:14:31,039] {dag.py:2396} INFO - Sync 1 DAGs
[2021-11-28 10:14:31,049] {logging_mixin.py:109} INFO - [2021-11-28 10:14:31,049] {dag.py:2928} INFO - Setting next_dagrun for example_dag_decorator to None
[2021-11-28 10:14:31,059] {processor.py:171} INFO - Processing /home/airflow/.local/lib/python3.7/site-packages/airflow/example_dags/example_dag_decorator.py took 0.208 seconds
[2021-11-28 10:15:01,602] {processor.py:163} INFO - Started process (PID=1858) to work on /home/airflow/.local/lib/python3.7/site-packages/airflow/example_dags/example_dag_decorator.py
[2021-11-28 10:15:01,603] {processor.py:625} INFO - Processing file /home/airflow/.local/lib/python3.7/site-packages/airflow/example_dags/example_dag_decorator.py for tasks to queue
[2021-11-28 10:15:01,603] {logging_mixin.py:109} INFO - [2021-11-28 10:15:01,603] {dagbag.py:500} INFO - Filling up the DagBag from /home/airflow/.local/lib/python3.7/site-packages/airflow/example_dags/example_dag_decorator.py
[2021-11-28 10:15:01,635] {processor.py:637} INFO - DAG(s) dict_keys(['example_dag_decorator']) retrieved from /home/airflow/.local/lib/python3.7/site-packages/airflow/example_dags/example_dag_decorator.py
[2021-11-28 10:15:01,784] {logging_mixin.py:109} INFO - [2021-11-28 10:15:01,784] {dag.py:2396} INFO - Sync 1 DAGs
[2021-11-28 10:15:01,794] {logging_mixin.py:109} INFO - [2021-11-28 10:15:01,794] {dag.py:2928} INFO - Setting next_dagrun for example_dag_decorator to None
[2021-11-28 10:15:01,802] {processor.py:171} INFO - Processing /home/airflow/.local/lib/python3.7/site-packages/airflow/example_dags/example_dag_decorator.py took 0.204 seconds
[2021-11-28 10:15:32,306] {processor.py:163} INFO - Started process (PID=1918) to work on /home/airflow/.local/lib/python3.7/site-packages/airflow/example_dags/example_dag_decorator.py
[2021-11-28 10:15:32,307] {processor.py:625} INFO - Processing file /home/airflow/.local/lib/python3.7/site-packages/airflow/example_dags/example_dag_decorator.py for tasks to queue
[2021-11-28 10:15:32,308] {logging_mixin.py:109} INFO - [2021-11-28 10:15:32,308] {dagbag.py:500} INFO - Filling up the DagBag from /home/airflow/.local/lib/python3.7/site-packages/airflow/example_dags/example_dag_decorator.py
[2021-11-28 10:15:32,341] {processor.py:637} INFO - DAG(s) dict_keys(['example_dag_decorator']) retrieved from /home/airflow/.local/lib/python3.7/site-packages/airflow/example_dags/example_dag_decorator.py
[2021-11-28 10:15:32,490] {logging_mixin.py:109} INFO - [2021-11-28 10:15:32,489] {dag.py:2396} INFO - Sync 1 DAGs
[2021-11-28 10:15:32,500] {logging_mixin.py:109} INFO - [2021-11-28 10:15:32,500] {dag.py:2928} INFO - Setting next_dagrun for example_dag_decorator to None
[2021-11-28 10:15:32,510] {processor.py:171} INFO - Processing /home/airflow/.local/lib/python3.7/site-packages/airflow/example_dags/example_dag_decorator.py took 0.207 seconds
[2021-11-28 10:16:03,038] {processor.py:163} INFO - Started process (PID=1979) to work on /home/airflow/.local/lib/python3.7/site-packages/airflow/example_dags/example_dag_decorator.py
[2021-11-28 10:16:03,039] {processor.py:625} INFO - Processing file /home/airflow/.local/lib/python3.7/site-packages/airflow/example_dags/example_dag_decorator.py for tasks to queue
[2021-11-28 10:16:03,039] {logging_mixin.py:109} INFO - [2021-11-28 10:16:03,039] {dagbag.py:500} INFO - Filling up the DagBag from /home/airflow/.local/lib/python3.7/site-packages/airflow/example_dags/example_dag_decorator.py
[2021-11-28 10:16:03,059] {processor.py:637} INFO - DAG(s) dict_keys(['example_dag_decorator']) retrieved from /home/airflow/.local/lib/python3.7/site-packages/airflow/example_dags/example_dag_decorator.py
[2021-11-28 10:16:03,214] {logging_mixin.py:109} INFO - [2021-11-28 10:16:03,214] {dag.py:2396} INFO - Sync 1 DAGs
[2021-11-28 10:16:03,224] {logging_mixin.py:109} INFO - [2021-11-28 10:16:03,224] {dag.py:2928} INFO - Setting next_dagrun for example_dag_decorator to None
[2021-11-28 10:16:03,233] {processor.py:171} INFO - Processing /home/airflow/.local/lib/python3.7/site-packages/airflow/example_dags/example_dag_decorator.py took 0.197 seconds
[2021-11-28 10:16:33,772] {processor.py:163} INFO - Started process (PID=2030) to work on /home/airflow/.local/lib/python3.7/site-packages/airflow/example_dags/example_dag_decorator.py
[2021-11-28 10:16:33,773] {processor.py:625} INFO - Processing file /home/airflow/.local/lib/python3.7/site-packages/airflow/example_dags/example_dag_decorator.py for tasks to queue
[2021-11-28 10:16:33,773] {logging_mixin.py:109} INFO - [2021-11-28 10:16:33,773] {dagbag.py:500} INFO - Filling up the DagBag from /home/airflow/.local/lib/python3.7/site-packages/airflow/example_dags/example_dag_decorator.py
[2021-11-28 10:16:33,805] {processor.py:637} INFO - DAG(s) dict_keys(['example_dag_decorator']) retrieved from /home/airflow/.local/lib/python3.7/site-packages/airflow/example_dags/example_dag_decorator.py
[2021-11-28 10:16:33,955] {logging_mixin.py:109} INFO - [2021-11-28 10:16:33,955] {dag.py:2396} INFO - Sync 1 DAGs
[2021-11-28 10:16:33,965] {logging_mixin.py:109} INFO - [2021-11-28 10:16:33,965] {dag.py:2928} INFO - Setting next_dagrun for example_dag_decorator to None
[2021-11-28 10:16:33,973] {processor.py:171} INFO - Processing /home/airflow/.local/lib/python3.7/site-packages/airflow/example_dags/example_dag_decorator.py took 0.205 seconds
[2021-11-28 10:17:04,553] {processor.py:163} INFO - Started process (PID=2090) to work on /home/airflow/.local/lib/python3.7/site-packages/airflow/example_dags/example_dag_decorator.py
[2021-11-28 10:17:04,554] {processor.py:625} INFO - Processing file /home/airflow/.local/lib/python3.7/site-packages/airflow/example_dags/example_dag_decorator.py for tasks to queue
[2021-11-28 10:17:04,554] {logging_mixin.py:109} INFO - [2021-11-28 10:17:04,554] {dagbag.py:500} INFO - Filling up the DagBag from /home/airflow/.local/lib/python3.7/site-packages/airflow/example_dags/example_dag_decorator.py
[2021-11-28 10:17:04,584] {processor.py:637} INFO - DAG(s) dict_keys(['example_dag_decorator']) retrieved from /home/airflow/.local/lib/python3.7/site-packages/airflow/example_dags/example_dag_decorator.py
[2021-11-28 10:17:04,590] {logging_mixin.py:109} INFO - [2021-11-28 10:17:04,590] {dag.py:2396} INFO - Sync 1 DAGs
[2021-11-28 10:17:04,601] {logging_mixin.py:109} INFO - [2021-11-28 10:17:04,601] {dag.py:2928} INFO - Setting next_dagrun for example_dag_decorator to None
[2021-11-28 10:17:04,610] {processor.py:171} INFO - Processing /home/airflow/.local/lib/python3.7/site-packages/airflow/example_dags/example_dag_decorator.py took 0.060 seconds
