[2021-11-28 09:44:58,066] {processor.py:163} INFO - Started process (PID=195) to work on /home/airflow/.local/lib/python3.7/site-packages/airflow/example_dags/example_latest_only_with_trigger.py
[2021-11-28 09:44:58,067] {processor.py:625} INFO - Processing file /home/airflow/.local/lib/python3.7/site-packages/airflow/example_dags/example_latest_only_with_trigger.py for tasks to queue
[2021-11-28 09:44:58,068] {logging_mixin.py:109} INFO - [2021-11-28 09:44:58,068] {dagbag.py:500} INFO - Filling up the DagBag from /home/airflow/.local/lib/python3.7/site-packages/airflow/example_dags/example_latest_only_with_trigger.py
[2021-11-28 09:44:58,091] {processor.py:637} INFO - DAG(s) dict_keys(['latest_only_with_trigger']) retrieved from /home/airflow/.local/lib/python3.7/site-packages/airflow/example_dags/example_latest_only_with_trigger.py
[2021-11-28 09:44:59,115] {logging_mixin.py:109} INFO - [2021-11-28 09:44:59,115] {providers_manager.py:156} WARNING - Exception when importing 'airflow.providers.google.leveldb.hooks.leveldb.LevelDBHook' from 'apache-airflow-providers-google' package: No module named 'plyvel'
[2021-11-28 09:44:59,385] {logging_mixin.py:109} INFO - [2021-11-28 09:44:59,385] {providers_manager.py:156} WARNING - Exception when importing 'airflow.providers.google.leveldb.hooks.leveldb.LevelDBHook' from 'apache-airflow-providers-google' package: No module named 'plyvel'
[2021-11-28 09:44:59,410] {logging_mixin.py:109} INFO - [2021-11-28 09:44:59,410] {manager.py:496} INFO - Created Permission View: can read on DAG:latest_only_with_trigger
[2021-11-28 09:44:59,421] {logging_mixin.py:109} INFO - [2021-11-28 09:44:59,421] {manager.py:496} INFO - Created Permission View: can edit on DAG:latest_only_with_trigger
[2021-11-28 09:44:59,422] {logging_mixin.py:109} INFO - [2021-11-28 09:44:59,422] {dag.py:2396} INFO - Sync 1 DAGs
[2021-11-28 09:44:59,427] {logging_mixin.py:109} INFO - [2021-11-28 09:44:59,427] {dag.py:2415} INFO - Creating ORM DAG for latest_only_with_trigger
[2021-11-28 09:44:59,434] {logging_mixin.py:109} INFO - [2021-11-28 09:44:59,434] {dag.py:2928} INFO - Setting next_dagrun for latest_only_with_trigger to 2021-11-28T05:44:59.434431+00:00
[2021-11-28 09:44:59,450] {processor.py:171} INFO - Processing /home/airflow/.local/lib/python3.7/site-packages/airflow/example_dags/example_latest_only_with_trigger.py took 1.387 seconds
[2021-11-28 09:45:29,496] {processor.py:163} INFO - Started process (PID=484) to work on /home/airflow/.local/lib/python3.7/site-packages/airflow/example_dags/example_latest_only_with_trigger.py
[2021-11-28 09:45:29,497] {processor.py:625} INFO - Processing file /home/airflow/.local/lib/python3.7/site-packages/airflow/example_dags/example_latest_only_with_trigger.py for tasks to queue
[2021-11-28 09:45:29,498] {logging_mixin.py:109} INFO - [2021-11-28 09:45:29,498] {dagbag.py:500} INFO - Filling up the DagBag from /home/airflow/.local/lib/python3.7/site-packages/airflow/example_dags/example_latest_only_with_trigger.py
[2021-11-28 09:45:29,519] {processor.py:637} INFO - DAG(s) dict_keys(['latest_only_with_trigger']) retrieved from /home/airflow/.local/lib/python3.7/site-packages/airflow/example_dags/example_latest_only_with_trigger.py
[2021-11-28 09:45:29,530] {logging_mixin.py:109} INFO - [2021-11-28 09:45:29,530] {dag.py:2396} INFO - Sync 1 DAGs
[2021-11-28 09:45:29,547] {logging_mixin.py:109} INFO - [2021-11-28 09:45:29,547] {dag.py:2928} INFO - Setting next_dagrun for latest_only_with_trigger to 2021-11-28T05:45:29.546961+00:00
[2021-11-28 09:45:29,558] {processor.py:171} INFO - Processing /home/airflow/.local/lib/python3.7/site-packages/airflow/example_dags/example_latest_only_with_trigger.py took 0.064 seconds
[2021-11-28 09:46:00,087] {processor.py:163} INFO - Started process (PID=544) to work on /home/airflow/.local/lib/python3.7/site-packages/airflow/example_dags/example_latest_only_with_trigger.py
[2021-11-28 09:46:00,088] {processor.py:625} INFO - Processing file /home/airflow/.local/lib/python3.7/site-packages/airflow/example_dags/example_latest_only_with_trigger.py for tasks to queue
[2021-11-28 09:46:00,089] {logging_mixin.py:109} INFO - [2021-11-28 09:46:00,089] {dagbag.py:500} INFO - Filling up the DagBag from /home/airflow/.local/lib/python3.7/site-packages/airflow/example_dags/example_latest_only_with_trigger.py
[2021-11-28 09:46:00,110] {processor.py:637} INFO - DAG(s) dict_keys(['latest_only_with_trigger']) retrieved from /home/airflow/.local/lib/python3.7/site-packages/airflow/example_dags/example_latest_only_with_trigger.py
[2021-11-28 09:46:00,121] {logging_mixin.py:109} INFO - [2021-11-28 09:46:00,121] {dag.py:2396} INFO - Sync 1 DAGs
[2021-11-28 09:46:00,141] {logging_mixin.py:109} INFO - [2021-11-28 09:46:00,141] {dag.py:2928} INFO - Setting next_dagrun for latest_only_with_trigger to 2021-11-28T05:46:00.140915+00:00
[2021-11-28 09:46:00,152] {processor.py:171} INFO - Processing /home/airflow/.local/lib/python3.7/site-packages/airflow/example_dags/example_latest_only_with_trigger.py took 0.067 seconds
[2021-11-28 09:46:30,303] {processor.py:163} INFO - Started process (PID=595) to work on /home/airflow/.local/lib/python3.7/site-packages/airflow/example_dags/example_latest_only_with_trigger.py
[2021-11-28 09:46:30,304] {processor.py:625} INFO - Processing file /home/airflow/.local/lib/python3.7/site-packages/airflow/example_dags/example_latest_only_with_trigger.py for tasks to queue
[2021-11-28 09:46:30,304] {logging_mixin.py:109} INFO - [2021-11-28 09:46:30,304] {dagbag.py:500} INFO - Filling up the DagBag from /home/airflow/.local/lib/python3.7/site-packages/airflow/example_dags/example_latest_only_with_trigger.py
[2021-11-28 09:46:30,327] {processor.py:637} INFO - DAG(s) dict_keys(['latest_only_with_trigger']) retrieved from /home/airflow/.local/lib/python3.7/site-packages/airflow/example_dags/example_latest_only_with_trigger.py
[2021-11-28 09:46:30,338] {logging_mixin.py:109} INFO - [2021-11-28 09:46:30,338] {dag.py:2396} INFO - Sync 1 DAGs
[2021-11-28 09:46:30,354] {logging_mixin.py:109} INFO - [2021-11-28 09:46:30,354] {dag.py:2928} INFO - Setting next_dagrun for latest_only_with_trigger to 2021-11-28T05:46:30.354609+00:00
[2021-11-28 09:46:30,363] {processor.py:171} INFO - Processing /home/airflow/.local/lib/python3.7/site-packages/airflow/example_dags/example_latest_only_with_trigger.py took 0.063 seconds
[2021-11-28 09:48:49,654] {processor.py:163} INFO - Started process (PID=42) to work on /home/airflow/.local/lib/python3.7/site-packages/airflow/example_dags/example_latest_only_with_trigger.py
[2021-11-28 09:48:49,654] {processor.py:625} INFO - Processing file /home/airflow/.local/lib/python3.7/site-packages/airflow/example_dags/example_latest_only_with_trigger.py for tasks to queue
[2021-11-28 09:48:49,655] {logging_mixin.py:109} INFO - [2021-11-28 09:48:49,655] {dagbag.py:500} INFO - Filling up the DagBag from /home/airflow/.local/lib/python3.7/site-packages/airflow/example_dags/example_latest_only_with_trigger.py
[2021-11-28 09:48:49,674] {processor.py:637} INFO - DAG(s) dict_keys(['latest_only_with_trigger']) retrieved from /home/airflow/.local/lib/python3.7/site-packages/airflow/example_dags/example_latest_only_with_trigger.py
[2021-11-28 09:48:49,681] {logging_mixin.py:109} INFO - [2021-11-28 09:48:49,681] {dag.py:2396} INFO - Sync 1 DAGs
[2021-11-28 09:48:49,695] {logging_mixin.py:109} INFO - [2021-11-28 09:48:49,695] {dag.py:2928} INFO - Setting next_dagrun for latest_only_with_trigger to 2021-11-28T05:48:49.695078+00:00
[2021-11-28 09:48:49,705] {processor.py:171} INFO - Processing /home/airflow/.local/lib/python3.7/site-packages/airflow/example_dags/example_latest_only_with_trigger.py took 0.053 seconds
[2021-11-28 09:49:20,834] {processor.py:163} INFO - Started process (PID=102) to work on /home/airflow/.local/lib/python3.7/site-packages/airflow/example_dags/example_latest_only_with_trigger.py
[2021-11-28 09:49:20,835] {processor.py:625} INFO - Processing file /home/airflow/.local/lib/python3.7/site-packages/airflow/example_dags/example_latest_only_with_trigger.py for tasks to queue
[2021-11-28 09:49:20,836] {logging_mixin.py:109} INFO - [2021-11-28 09:49:20,836] {dagbag.py:500} INFO - Filling up the DagBag from /home/airflow/.local/lib/python3.7/site-packages/airflow/example_dags/example_latest_only_with_trigger.py
[2021-11-28 09:49:20,852] {processor.py:637} INFO - DAG(s) dict_keys(['latest_only_with_trigger']) retrieved from /home/airflow/.local/lib/python3.7/site-packages/airflow/example_dags/example_latest_only_with_trigger.py
[2021-11-28 09:49:20,858] {logging_mixin.py:109} INFO - [2021-11-28 09:49:20,858] {dag.py:2396} INFO - Sync 1 DAGs
[2021-11-28 09:49:20,869] {logging_mixin.py:109} INFO - [2021-11-28 09:49:20,869] {dag.py:2928} INFO - Setting next_dagrun for latest_only_with_trigger to 2021-11-28T05:49:20.869547+00:00
[2021-11-28 09:49:20,877] {processor.py:171} INFO - Processing /home/airflow/.local/lib/python3.7/site-packages/airflow/example_dags/example_latest_only_with_trigger.py took 0.044 seconds
[2021-11-28 09:49:51,882] {processor.py:163} INFO - Started process (PID=153) to work on /home/airflow/.local/lib/python3.7/site-packages/airflow/example_dags/example_latest_only_with_trigger.py
[2021-11-28 09:49:51,883] {processor.py:625} INFO - Processing file /home/airflow/.local/lib/python3.7/site-packages/airflow/example_dags/example_latest_only_with_trigger.py for tasks to queue
[2021-11-28 09:49:51,883] {logging_mixin.py:109} INFO - [2021-11-28 09:49:51,883] {dagbag.py:500} INFO - Filling up the DagBag from /home/airflow/.local/lib/python3.7/site-packages/airflow/example_dags/example_latest_only_with_trigger.py
[2021-11-28 09:49:51,906] {processor.py:637} INFO - DAG(s) dict_keys(['latest_only_with_trigger']) retrieved from /home/airflow/.local/lib/python3.7/site-packages/airflow/example_dags/example_latest_only_with_trigger.py
[2021-11-28 09:49:51,916] {logging_mixin.py:109} INFO - [2021-11-28 09:49:51,916] {dag.py:2396} INFO - Sync 1 DAGs
[2021-11-28 09:49:51,934] {logging_mixin.py:109} INFO - [2021-11-28 09:49:51,934] {dag.py:2928} INFO - Setting next_dagrun for latest_only_with_trigger to 2021-11-28T05:49:51.933868+00:00
[2021-11-28 09:49:51,945] {processor.py:171} INFO - Processing /home/airflow/.local/lib/python3.7/site-packages/airflow/example_dags/example_latest_only_with_trigger.py took 0.064 seconds
[2021-11-28 09:50:22,828] {processor.py:163} INFO - Started process (PID=213) to work on /home/airflow/.local/lib/python3.7/site-packages/airflow/example_dags/example_latest_only_with_trigger.py
[2021-11-28 09:50:22,829] {processor.py:625} INFO - Processing file /home/airflow/.local/lib/python3.7/site-packages/airflow/example_dags/example_latest_only_with_trigger.py for tasks to queue
[2021-11-28 09:50:22,830] {logging_mixin.py:109} INFO - [2021-11-28 09:50:22,830] {dagbag.py:500} INFO - Filling up the DagBag from /home/airflow/.local/lib/python3.7/site-packages/airflow/example_dags/example_latest_only_with_trigger.py
[2021-11-28 09:50:22,854] {processor.py:637} INFO - DAG(s) dict_keys(['latest_only_with_trigger']) retrieved from /home/airflow/.local/lib/python3.7/site-packages/airflow/example_dags/example_latest_only_with_trigger.py
[2021-11-28 09:50:22,864] {logging_mixin.py:109} INFO - [2021-11-28 09:50:22,864] {dag.py:2396} INFO - Sync 1 DAGs
[2021-11-28 09:50:22,882] {logging_mixin.py:109} INFO - [2021-11-28 09:50:22,881] {dag.py:2928} INFO - Setting next_dagrun for latest_only_with_trigger to 2021-11-28T05:50:22.881681+00:00
[2021-11-28 09:50:22,895] {processor.py:171} INFO - Processing /home/airflow/.local/lib/python3.7/site-packages/airflow/example_dags/example_latest_only_with_trigger.py took 0.070 seconds
[2021-11-28 09:50:53,825] {processor.py:163} INFO - Started process (PID=273) to work on /home/airflow/.local/lib/python3.7/site-packages/airflow/example_dags/example_latest_only_with_trigger.py
[2021-11-28 09:50:53,826] {processor.py:625} INFO - Processing file /home/airflow/.local/lib/python3.7/site-packages/airflow/example_dags/example_latest_only_with_trigger.py for tasks to queue
[2021-11-28 09:50:53,827] {logging_mixin.py:109} INFO - [2021-11-28 09:50:53,827] {dagbag.py:500} INFO - Filling up the DagBag from /home/airflow/.local/lib/python3.7/site-packages/airflow/example_dags/example_latest_only_with_trigger.py
[2021-11-28 09:50:53,849] {processor.py:637} INFO - DAG(s) dict_keys(['latest_only_with_trigger']) retrieved from /home/airflow/.local/lib/python3.7/site-packages/airflow/example_dags/example_latest_only_with_trigger.py
[2021-11-28 09:50:53,861] {logging_mixin.py:109} INFO - [2021-11-28 09:50:53,861] {dag.py:2396} INFO - Sync 1 DAGs
[2021-11-28 09:50:53,878] {logging_mixin.py:109} INFO - [2021-11-28 09:50:53,878] {dag.py:2928} INFO - Setting next_dagrun for latest_only_with_trigger to 2021-11-28T05:50:53.878520+00:00
[2021-11-28 09:50:53,887] {processor.py:171} INFO - Processing /home/airflow/.local/lib/python3.7/site-packages/airflow/example_dags/example_latest_only_with_trigger.py took 0.065 seconds
[2021-11-28 09:51:48,184] {processor.py:163} INFO - Started process (PID=41) to work on /home/airflow/.local/lib/python3.7/site-packages/airflow/example_dags/example_latest_only_with_trigger.py
[2021-11-28 09:51:48,185] {processor.py:625} INFO - Processing file /home/airflow/.local/lib/python3.7/site-packages/airflow/example_dags/example_latest_only_with_trigger.py for tasks to queue
[2021-11-28 09:51:48,186] {logging_mixin.py:109} INFO - [2021-11-28 09:51:48,186] {dagbag.py:500} INFO - Filling up the DagBag from /home/airflow/.local/lib/python3.7/site-packages/airflow/example_dags/example_latest_only_with_trigger.py
[2021-11-28 09:51:48,204] {processor.py:637} INFO - DAG(s) dict_keys(['latest_only_with_trigger']) retrieved from /home/airflow/.local/lib/python3.7/site-packages/airflow/example_dags/example_latest_only_with_trigger.py
[2021-11-28 09:51:48,218] {logging_mixin.py:109} INFO - [2021-11-28 09:51:48,217] {dag.py:2396} INFO - Sync 1 DAGs
[2021-11-28 09:51:48,236] {logging_mixin.py:109} INFO - [2021-11-28 09:51:48,236] {dag.py:2928} INFO - Setting next_dagrun for latest_only_with_trigger to 2021-11-28T05:51:48.236119+00:00
[2021-11-28 09:51:48,245] {processor.py:171} INFO - Processing /home/airflow/.local/lib/python3.7/site-packages/airflow/example_dags/example_latest_only_with_trigger.py took 0.062 seconds
[2021-11-28 09:52:18,514] {processor.py:163} INFO - Started process (PID=103) to work on /home/airflow/.local/lib/python3.7/site-packages/airflow/example_dags/example_latest_only_with_trigger.py
[2021-11-28 09:52:18,515] {processor.py:625} INFO - Processing file /home/airflow/.local/lib/python3.7/site-packages/airflow/example_dags/example_latest_only_with_trigger.py for tasks to queue
[2021-11-28 09:52:18,515] {logging_mixin.py:109} INFO - [2021-11-28 09:52:18,515] {dagbag.py:500} INFO - Filling up the DagBag from /home/airflow/.local/lib/python3.7/site-packages/airflow/example_dags/example_latest_only_with_trigger.py
[2021-11-28 09:52:18,532] {processor.py:637} INFO - DAG(s) dict_keys(['latest_only_with_trigger']) retrieved from /home/airflow/.local/lib/python3.7/site-packages/airflow/example_dags/example_latest_only_with_trigger.py
[2021-11-28 09:52:18,543] {logging_mixin.py:109} INFO - [2021-11-28 09:52:18,543] {dag.py:2396} INFO - Sync 1 DAGs
[2021-11-28 09:52:18,562] {logging_mixin.py:109} INFO - [2021-11-28 09:52:18,561] {dag.py:2928} INFO - Setting next_dagrun for latest_only_with_trigger to 2021-11-28T05:52:18.561537+00:00
[2021-11-28 09:52:18,574] {processor.py:171} INFO - Processing /home/airflow/.local/lib/python3.7/site-packages/airflow/example_dags/example_latest_only_with_trigger.py took 0.062 seconds
[2021-11-28 09:52:49,462] {processor.py:163} INFO - Started process (PID=154) to work on /home/airflow/.local/lib/python3.7/site-packages/airflow/example_dags/example_latest_only_with_trigger.py
[2021-11-28 09:52:49,463] {processor.py:625} INFO - Processing file /home/airflow/.local/lib/python3.7/site-packages/airflow/example_dags/example_latest_only_with_trigger.py for tasks to queue
[2021-11-28 09:52:49,463] {logging_mixin.py:109} INFO - [2021-11-28 09:52:49,463] {dagbag.py:500} INFO - Filling up the DagBag from /home/airflow/.local/lib/python3.7/site-packages/airflow/example_dags/example_latest_only_with_trigger.py
[2021-11-28 09:52:49,488] {processor.py:637} INFO - DAG(s) dict_keys(['latest_only_with_trigger']) retrieved from /home/airflow/.local/lib/python3.7/site-packages/airflow/example_dags/example_latest_only_with_trigger.py
[2021-11-28 09:52:49,497] {logging_mixin.py:109} INFO - [2021-11-28 09:52:49,497] {dag.py:2396} INFO - Sync 1 DAGs
[2021-11-28 09:52:49,511] {logging_mixin.py:109} INFO - [2021-11-28 09:52:49,511] {dag.py:2928} INFO - Setting next_dagrun for latest_only_with_trigger to 2021-11-28T05:52:49.511241+00:00
[2021-11-28 09:52:49,520] {processor.py:171} INFO - Processing /home/airflow/.local/lib/python3.7/site-packages/airflow/example_dags/example_latest_only_with_trigger.py took 0.061 seconds
[2021-11-28 09:58:33,882] {processor.py:163} INFO - Started process (PID=41) to work on /home/airflow/.local/lib/python3.7/site-packages/airflow/example_dags/example_latest_only_with_trigger.py
[2021-11-28 09:58:33,883] {processor.py:625} INFO - Processing file /home/airflow/.local/lib/python3.7/site-packages/airflow/example_dags/example_latest_only_with_trigger.py for tasks to queue
[2021-11-28 09:58:33,883] {logging_mixin.py:109} INFO - [2021-11-28 09:58:33,883] {dagbag.py:500} INFO - Filling up the DagBag from /home/airflow/.local/lib/python3.7/site-packages/airflow/example_dags/example_latest_only_with_trigger.py
[2021-11-28 09:58:33,902] {processor.py:637} INFO - DAG(s) dict_keys(['latest_only_with_trigger']) retrieved from /home/airflow/.local/lib/python3.7/site-packages/airflow/example_dags/example_latest_only_with_trigger.py
[2021-11-28 09:58:33,913] {logging_mixin.py:109} INFO - [2021-11-28 09:58:33,913] {dag.py:2396} INFO - Sync 1 DAGs
[2021-11-28 09:58:33,930] {logging_mixin.py:109} INFO - [2021-11-28 09:58:33,930] {dag.py:2928} INFO - Setting next_dagrun for latest_only_with_trigger to 2021-11-28T05:58:33.930083+00:00
[2021-11-28 09:58:33,939] {processor.py:171} INFO - Processing /home/airflow/.local/lib/python3.7/site-packages/airflow/example_dags/example_latest_only_with_trigger.py took 0.058 seconds
[2021-11-28 09:59:04,840] {processor.py:163} INFO - Started process (PID=101) to work on /home/airflow/.local/lib/python3.7/site-packages/airflow/example_dags/example_latest_only_with_trigger.py
[2021-11-28 09:59:04,841] {processor.py:625} INFO - Processing file /home/airflow/.local/lib/python3.7/site-packages/airflow/example_dags/example_latest_only_with_trigger.py for tasks to queue
[2021-11-28 09:59:04,842] {logging_mixin.py:109} INFO - [2021-11-28 09:59:04,842] {dagbag.py:500} INFO - Filling up the DagBag from /home/airflow/.local/lib/python3.7/site-packages/airflow/example_dags/example_latest_only_with_trigger.py
[2021-11-28 09:59:04,863] {processor.py:637} INFO - DAG(s) dict_keys(['latest_only_with_trigger']) retrieved from /home/airflow/.local/lib/python3.7/site-packages/airflow/example_dags/example_latest_only_with_trigger.py
[2021-11-28 09:59:04,870] {logging_mixin.py:109} INFO - [2021-11-28 09:59:04,870] {dag.py:2396} INFO - Sync 1 DAGs
[2021-11-28 09:59:04,881] {logging_mixin.py:109} INFO - [2021-11-28 09:59:04,881] {dag.py:2928} INFO - Setting next_dagrun for latest_only_with_trigger to 2021-11-28T05:59:04.881421+00:00
[2021-11-28 09:59:04,890] {processor.py:171} INFO - Processing /home/airflow/.local/lib/python3.7/site-packages/airflow/example_dags/example_latest_only_with_trigger.py took 0.052 seconds
[2021-11-28 09:59:35,655] {processor.py:163} INFO - Started process (PID=152) to work on /home/airflow/.local/lib/python3.7/site-packages/airflow/example_dags/example_latest_only_with_trigger.py
[2021-11-28 09:59:35,655] {processor.py:625} INFO - Processing file /home/airflow/.local/lib/python3.7/site-packages/airflow/example_dags/example_latest_only_with_trigger.py for tasks to queue
[2021-11-28 09:59:35,656] {logging_mixin.py:109} INFO - [2021-11-28 09:59:35,656] {dagbag.py:500} INFO - Filling up the DagBag from /home/airflow/.local/lib/python3.7/site-packages/airflow/example_dags/example_latest_only_with_trigger.py
[2021-11-28 09:59:35,696] {processor.py:637} INFO - DAG(s) dict_keys(['latest_only_with_trigger']) retrieved from /home/airflow/.local/lib/python3.7/site-packages/airflow/example_dags/example_latest_only_with_trigger.py
[2021-11-28 09:59:35,708] {logging_mixin.py:109} INFO - [2021-11-28 09:59:35,708] {dag.py:2396} INFO - Sync 1 DAGs
[2021-11-28 09:59:35,730] {logging_mixin.py:109} INFO - [2021-11-28 09:59:35,729] {dag.py:2928} INFO - Setting next_dagrun for latest_only_with_trigger to 2021-11-28T05:59:35.729449+00:00
[2021-11-28 09:59:35,740] {processor.py:171} INFO - Processing /home/airflow/.local/lib/python3.7/site-packages/airflow/example_dags/example_latest_only_with_trigger.py took 0.088 seconds
[2021-11-28 10:00:06,591] {processor.py:163} INFO - Started process (PID=212) to work on /home/airflow/.local/lib/python3.7/site-packages/airflow/example_dags/example_latest_only_with_trigger.py
[2021-11-28 10:00:06,593] {processor.py:625} INFO - Processing file /home/airflow/.local/lib/python3.7/site-packages/airflow/example_dags/example_latest_only_with_trigger.py for tasks to queue
[2021-11-28 10:00:06,593] {logging_mixin.py:109} INFO - [2021-11-28 10:00:06,593] {dagbag.py:500} INFO - Filling up the DagBag from /home/airflow/.local/lib/python3.7/site-packages/airflow/example_dags/example_latest_only_with_trigger.py
[2021-11-28 10:00:06,617] {processor.py:637} INFO - DAG(s) dict_keys(['latest_only_with_trigger']) retrieved from /home/airflow/.local/lib/python3.7/site-packages/airflow/example_dags/example_latest_only_with_trigger.py
[2021-11-28 10:00:06,626] {logging_mixin.py:109} INFO - [2021-11-28 10:00:06,626] {dag.py:2396} INFO - Sync 1 DAGs
[2021-11-28 10:00:06,642] {logging_mixin.py:109} INFO - [2021-11-28 10:00:06,642] {dag.py:2928} INFO - Setting next_dagrun for latest_only_with_trigger to 2021-11-28T06:00:06.642410+00:00
[2021-11-28 10:00:06,654] {processor.py:171} INFO - Processing /home/airflow/.local/lib/python3.7/site-packages/airflow/example_dags/example_latest_only_with_trigger.py took 0.065 seconds
[2021-11-28 10:00:37,427] {processor.py:163} INFO - Started process (PID=272) to work on /home/airflow/.local/lib/python3.7/site-packages/airflow/example_dags/example_latest_only_with_trigger.py
[2021-11-28 10:00:37,428] {processor.py:625} INFO - Processing file /home/airflow/.local/lib/python3.7/site-packages/airflow/example_dags/example_latest_only_with_trigger.py for tasks to queue
[2021-11-28 10:00:37,428] {logging_mixin.py:109} INFO - [2021-11-28 10:00:37,428] {dagbag.py:500} INFO - Filling up the DagBag from /home/airflow/.local/lib/python3.7/site-packages/airflow/example_dags/example_latest_only_with_trigger.py
[2021-11-28 10:00:37,446] {processor.py:637} INFO - DAG(s) dict_keys(['latest_only_with_trigger']) retrieved from /home/airflow/.local/lib/python3.7/site-packages/airflow/example_dags/example_latest_only_with_trigger.py
[2021-11-28 10:00:37,453] {logging_mixin.py:109} INFO - [2021-11-28 10:00:37,453] {dag.py:2396} INFO - Sync 1 DAGs
[2021-11-28 10:00:37,464] {logging_mixin.py:109} INFO - [2021-11-28 10:00:37,464] {dag.py:2928} INFO - Setting next_dagrun for latest_only_with_trigger to 2021-11-28T06:00:37.464169+00:00
[2021-11-28 10:00:37,474] {processor.py:171} INFO - Processing /home/airflow/.local/lib/python3.7/site-packages/airflow/example_dags/example_latest_only_with_trigger.py took 0.050 seconds
[2021-11-28 10:01:08,343] {processor.py:163} INFO - Started process (PID=323) to work on /home/airflow/.local/lib/python3.7/site-packages/airflow/example_dags/example_latest_only_with_trigger.py
[2021-11-28 10:01:08,344] {processor.py:625} INFO - Processing file /home/airflow/.local/lib/python3.7/site-packages/airflow/example_dags/example_latest_only_with_trigger.py for tasks to queue
[2021-11-28 10:01:08,345] {logging_mixin.py:109} INFO - [2021-11-28 10:01:08,345] {dagbag.py:500} INFO - Filling up the DagBag from /home/airflow/.local/lib/python3.7/site-packages/airflow/example_dags/example_latest_only_with_trigger.py
[2021-11-28 10:01:08,370] {processor.py:637} INFO - DAG(s) dict_keys(['latest_only_with_trigger']) retrieved from /home/airflow/.local/lib/python3.7/site-packages/airflow/example_dags/example_latest_only_with_trigger.py
[2021-11-28 10:01:08,382] {logging_mixin.py:109} INFO - [2021-11-28 10:01:08,381] {dag.py:2396} INFO - Sync 1 DAGs
[2021-11-28 10:01:08,400] {logging_mixin.py:109} INFO - [2021-11-28 10:01:08,400] {dag.py:2928} INFO - Setting next_dagrun for latest_only_with_trigger to 2021-11-28T06:01:08.400047+00:00
[2021-11-28 10:01:08,408] {processor.py:171} INFO - Processing /home/airflow/.local/lib/python3.7/site-packages/airflow/example_dags/example_latest_only_with_trigger.py took 0.068 seconds
[2021-11-28 10:01:39,278] {processor.py:163} INFO - Started process (PID=383) to work on /home/airflow/.local/lib/python3.7/site-packages/airflow/example_dags/example_latest_only_with_trigger.py
[2021-11-28 10:01:39,279] {processor.py:625} INFO - Processing file /home/airflow/.local/lib/python3.7/site-packages/airflow/example_dags/example_latest_only_with_trigger.py for tasks to queue
[2021-11-28 10:01:39,279] {logging_mixin.py:109} INFO - [2021-11-28 10:01:39,279] {dagbag.py:500} INFO - Filling up the DagBag from /home/airflow/.local/lib/python3.7/site-packages/airflow/example_dags/example_latest_only_with_trigger.py
[2021-11-28 10:01:39,299] {processor.py:637} INFO - DAG(s) dict_keys(['latest_only_with_trigger']) retrieved from /home/airflow/.local/lib/python3.7/site-packages/airflow/example_dags/example_latest_only_with_trigger.py
[2021-11-28 10:01:39,309] {logging_mixin.py:109} INFO - [2021-11-28 10:01:39,309] {dag.py:2396} INFO - Sync 1 DAGs
[2021-11-28 10:01:39,327] {logging_mixin.py:109} INFO - [2021-11-28 10:01:39,326] {dag.py:2928} INFO - Setting next_dagrun for latest_only_with_trigger to 2021-11-28T06:01:39.326603+00:00
[2021-11-28 10:01:39,337] {processor.py:171} INFO - Processing /home/airflow/.local/lib/python3.7/site-packages/airflow/example_dags/example_latest_only_with_trigger.py took 0.061 seconds
[2021-11-28 10:02:10,181] {processor.py:163} INFO - Started process (PID=443) to work on /home/airflow/.local/lib/python3.7/site-packages/airflow/example_dags/example_latest_only_with_trigger.py
[2021-11-28 10:02:10,182] {processor.py:625} INFO - Processing file /home/airflow/.local/lib/python3.7/site-packages/airflow/example_dags/example_latest_only_with_trigger.py for tasks to queue
[2021-11-28 10:02:10,182] {logging_mixin.py:109} INFO - [2021-11-28 10:02:10,182] {dagbag.py:500} INFO - Filling up the DagBag from /home/airflow/.local/lib/python3.7/site-packages/airflow/example_dags/example_latest_only_with_trigger.py
[2021-11-28 10:02:10,202] {processor.py:637} INFO - DAG(s) dict_keys(['latest_only_with_trigger']) retrieved from /home/airflow/.local/lib/python3.7/site-packages/airflow/example_dags/example_latest_only_with_trigger.py
[2021-11-28 10:02:10,213] {logging_mixin.py:109} INFO - [2021-11-28 10:02:10,213] {dag.py:2396} INFO - Sync 1 DAGs
[2021-11-28 10:02:10,232] {logging_mixin.py:109} INFO - [2021-11-28 10:02:10,232] {dag.py:2928} INFO - Setting next_dagrun for latest_only_with_trigger to 2021-11-28T06:02:10.232246+00:00
[2021-11-28 10:02:10,244] {processor.py:171} INFO - Processing /home/airflow/.local/lib/python3.7/site-packages/airflow/example_dags/example_latest_only_with_trigger.py took 0.065 seconds
[2021-11-28 10:02:41,192] {processor.py:163} INFO - Started process (PID=494) to work on /home/airflow/.local/lib/python3.7/site-packages/airflow/example_dags/example_latest_only_with_trigger.py
[2021-11-28 10:02:41,193] {processor.py:625} INFO - Processing file /home/airflow/.local/lib/python3.7/site-packages/airflow/example_dags/example_latest_only_with_trigger.py for tasks to queue
[2021-11-28 10:02:41,194] {logging_mixin.py:109} INFO - [2021-11-28 10:02:41,194] {dagbag.py:500} INFO - Filling up the DagBag from /home/airflow/.local/lib/python3.7/site-packages/airflow/example_dags/example_latest_only_with_trigger.py
[2021-11-28 10:02:41,218] {processor.py:637} INFO - DAG(s) dict_keys(['latest_only_with_trigger']) retrieved from /home/airflow/.local/lib/python3.7/site-packages/airflow/example_dags/example_latest_only_with_trigger.py
[2021-11-28 10:02:41,229] {logging_mixin.py:109} INFO - [2021-11-28 10:02:41,229] {dag.py:2396} INFO - Sync 1 DAGs
[2021-11-28 10:02:41,248] {logging_mixin.py:109} INFO - [2021-11-28 10:02:41,248] {dag.py:2928} INFO - Setting next_dagrun for latest_only_with_trigger to 2021-11-28T06:02:41.247924+00:00
[2021-11-28 10:02:41,259] {processor.py:171} INFO - Processing /home/airflow/.local/lib/python3.7/site-packages/airflow/example_dags/example_latest_only_with_trigger.py took 0.070 seconds
[2021-11-28 10:03:12,076] {processor.py:163} INFO - Started process (PID=554) to work on /home/airflow/.local/lib/python3.7/site-packages/airflow/example_dags/example_latest_only_with_trigger.py
[2021-11-28 10:03:12,077] {processor.py:625} INFO - Processing file /home/airflow/.local/lib/python3.7/site-packages/airflow/example_dags/example_latest_only_with_trigger.py for tasks to queue
[2021-11-28 10:03:12,078] {logging_mixin.py:109} INFO - [2021-11-28 10:03:12,078] {dagbag.py:500} INFO - Filling up the DagBag from /home/airflow/.local/lib/python3.7/site-packages/airflow/example_dags/example_latest_only_with_trigger.py
[2021-11-28 10:03:12,100] {processor.py:637} INFO - DAG(s) dict_keys(['latest_only_with_trigger']) retrieved from /home/airflow/.local/lib/python3.7/site-packages/airflow/example_dags/example_latest_only_with_trigger.py
[2021-11-28 10:03:12,108] {logging_mixin.py:109} INFO - [2021-11-28 10:03:12,108] {dag.py:2396} INFO - Sync 1 DAGs
[2021-11-28 10:03:12,120] {logging_mixin.py:109} INFO - [2021-11-28 10:03:12,120] {dag.py:2928} INFO - Setting next_dagrun for latest_only_with_trigger to 2021-11-28T06:03:12.120281+00:00
[2021-11-28 10:03:12,131] {processor.py:171} INFO - Processing /home/airflow/.local/lib/python3.7/site-packages/airflow/example_dags/example_latest_only_with_trigger.py took 0.059 seconds
[2021-11-28 10:03:43,030] {processor.py:163} INFO - Started process (PID=605) to work on /home/airflow/.local/lib/python3.7/site-packages/airflow/example_dags/example_latest_only_with_trigger.py
[2021-11-28 10:03:43,031] {processor.py:625} INFO - Processing file /home/airflow/.local/lib/python3.7/site-packages/airflow/example_dags/example_latest_only_with_trigger.py for tasks to queue
[2021-11-28 10:03:43,031] {logging_mixin.py:109} INFO - [2021-11-28 10:03:43,031] {dagbag.py:500} INFO - Filling up the DagBag from /home/airflow/.local/lib/python3.7/site-packages/airflow/example_dags/example_latest_only_with_trigger.py
[2021-11-28 10:03:43,057] {processor.py:637} INFO - DAG(s) dict_keys(['latest_only_with_trigger']) retrieved from /home/airflow/.local/lib/python3.7/site-packages/airflow/example_dags/example_latest_only_with_trigger.py
[2021-11-28 10:03:43,065] {logging_mixin.py:109} INFO - [2021-11-28 10:03:43,065] {dag.py:2396} INFO - Sync 1 DAGs
[2021-11-28 10:03:43,076] {logging_mixin.py:109} INFO - [2021-11-28 10:03:43,076] {dag.py:2928} INFO - Setting next_dagrun for latest_only_with_trigger to 2021-11-28T06:03:43.076340+00:00
[2021-11-28 10:03:43,084] {processor.py:171} INFO - Processing /home/airflow/.local/lib/python3.7/site-packages/airflow/example_dags/example_latest_only_with_trigger.py took 0.057 seconds
[2021-11-28 10:04:13,923] {processor.py:163} INFO - Started process (PID=665) to work on /home/airflow/.local/lib/python3.7/site-packages/airflow/example_dags/example_latest_only_with_trigger.py
[2021-11-28 10:04:13,924] {processor.py:625} INFO - Processing file /home/airflow/.local/lib/python3.7/site-packages/airflow/example_dags/example_latest_only_with_trigger.py for tasks to queue
[2021-11-28 10:04:13,925] {logging_mixin.py:109} INFO - [2021-11-28 10:04:13,925] {dagbag.py:500} INFO - Filling up the DagBag from /home/airflow/.local/lib/python3.7/site-packages/airflow/example_dags/example_latest_only_with_trigger.py
[2021-11-28 10:04:13,944] {processor.py:637} INFO - DAG(s) dict_keys(['latest_only_with_trigger']) retrieved from /home/airflow/.local/lib/python3.7/site-packages/airflow/example_dags/example_latest_only_with_trigger.py
[2021-11-28 10:04:13,955] {logging_mixin.py:109} INFO - [2021-11-28 10:04:13,955] {dag.py:2396} INFO - Sync 1 DAGs
[2021-11-28 10:04:13,973] {logging_mixin.py:109} INFO - [2021-11-28 10:04:13,972] {dag.py:2928} INFO - Setting next_dagrun for latest_only_with_trigger to 2021-11-28T06:04:13.972680+00:00
[2021-11-28 10:04:13,983] {processor.py:171} INFO - Processing /home/airflow/.local/lib/python3.7/site-packages/airflow/example_dags/example_latest_only_with_trigger.py took 0.062 seconds
[2021-11-28 10:04:45,094] {processor.py:163} INFO - Started process (PID=725) to work on /home/airflow/.local/lib/python3.7/site-packages/airflow/example_dags/example_latest_only_with_trigger.py
[2021-11-28 10:04:45,096] {processor.py:625} INFO - Processing file /home/airflow/.local/lib/python3.7/site-packages/airflow/example_dags/example_latest_only_with_trigger.py for tasks to queue
[2021-11-28 10:04:45,096] {logging_mixin.py:109} INFO - [2021-11-28 10:04:45,096] {dagbag.py:500} INFO - Filling up the DagBag from /home/airflow/.local/lib/python3.7/site-packages/airflow/example_dags/example_latest_only_with_trigger.py
[2021-11-28 10:04:45,120] {processor.py:637} INFO - DAG(s) dict_keys(['latest_only_with_trigger']) retrieved from /home/airflow/.local/lib/python3.7/site-packages/airflow/example_dags/example_latest_only_with_trigger.py
[2021-11-28 10:04:45,128] {logging_mixin.py:109} INFO - [2021-11-28 10:04:45,128] {dag.py:2396} INFO - Sync 1 DAGs
[2021-11-28 10:04:45,141] {logging_mixin.py:109} INFO - [2021-11-28 10:04:45,141] {dag.py:2928} INFO - Setting next_dagrun for latest_only_with_trigger to 2021-11-28T06:04:45.140857+00:00
[2021-11-28 10:04:45,152] {processor.py:171} INFO - Processing /home/airflow/.local/lib/python3.7/site-packages/airflow/example_dags/example_latest_only_with_trigger.py took 0.060 seconds
[2021-11-28 10:05:16,034] {processor.py:163} INFO - Started process (PID=776) to work on /home/airflow/.local/lib/python3.7/site-packages/airflow/example_dags/example_latest_only_with_trigger.py
[2021-11-28 10:05:16,036] {processor.py:625} INFO - Processing file /home/airflow/.local/lib/python3.7/site-packages/airflow/example_dags/example_latest_only_with_trigger.py for tasks to queue
[2021-11-28 10:05:16,036] {logging_mixin.py:109} INFO - [2021-11-28 10:05:16,036] {dagbag.py:500} INFO - Filling up the DagBag from /home/airflow/.local/lib/python3.7/site-packages/airflow/example_dags/example_latest_only_with_trigger.py
[2021-11-28 10:05:16,059] {processor.py:637} INFO - DAG(s) dict_keys(['latest_only_with_trigger']) retrieved from /home/airflow/.local/lib/python3.7/site-packages/airflow/example_dags/example_latest_only_with_trigger.py
[2021-11-28 10:05:16,071] {logging_mixin.py:109} INFO - [2021-11-28 10:05:16,071] {dag.py:2396} INFO - Sync 1 DAGs
[2021-11-28 10:05:16,088] {logging_mixin.py:109} INFO - [2021-11-28 10:05:16,088] {dag.py:2928} INFO - Setting next_dagrun for latest_only_with_trigger to 2021-11-28T06:05:16.088305+00:00
[2021-11-28 10:05:16,101] {processor.py:171} INFO - Processing /home/airflow/.local/lib/python3.7/site-packages/airflow/example_dags/example_latest_only_with_trigger.py took 0.070 seconds
[2021-11-28 10:05:47,121] {processor.py:163} INFO - Started process (PID=836) to work on /home/airflow/.local/lib/python3.7/site-packages/airflow/example_dags/example_latest_only_with_trigger.py
[2021-11-28 10:05:47,123] {processor.py:625} INFO - Processing file /home/airflow/.local/lib/python3.7/site-packages/airflow/example_dags/example_latest_only_with_trigger.py for tasks to queue
[2021-11-28 10:05:47,123] {logging_mixin.py:109} INFO - [2021-11-28 10:05:47,123] {dagbag.py:500} INFO - Filling up the DagBag from /home/airflow/.local/lib/python3.7/site-packages/airflow/example_dags/example_latest_only_with_trigger.py
[2021-11-28 10:05:47,148] {processor.py:637} INFO - DAG(s) dict_keys(['latest_only_with_trigger']) retrieved from /home/airflow/.local/lib/python3.7/site-packages/airflow/example_dags/example_latest_only_with_trigger.py
[2021-11-28 10:05:47,155] {logging_mixin.py:109} INFO - [2021-11-28 10:05:47,155] {dag.py:2396} INFO - Sync 1 DAGs
[2021-11-28 10:05:47,168] {logging_mixin.py:109} INFO - [2021-11-28 10:05:47,167] {dag.py:2928} INFO - Setting next_dagrun for latest_only_with_trigger to 2021-11-28T06:05:47.167810+00:00
[2021-11-28 10:05:47,176] {processor.py:171} INFO - Processing /home/airflow/.local/lib/python3.7/site-packages/airflow/example_dags/example_latest_only_with_trigger.py took 0.057 seconds
[2021-11-28 10:06:17,369] {processor.py:163} INFO - Started process (PID=886) to work on /home/airflow/.local/lib/python3.7/site-packages/airflow/example_dags/example_latest_only_with_trigger.py
[2021-11-28 10:06:17,371] {processor.py:625} INFO - Processing file /home/airflow/.local/lib/python3.7/site-packages/airflow/example_dags/example_latest_only_with_trigger.py for tasks to queue
[2021-11-28 10:06:17,371] {logging_mixin.py:109} INFO - [2021-11-28 10:06:17,371] {dagbag.py:500} INFO - Filling up the DagBag from /home/airflow/.local/lib/python3.7/site-packages/airflow/example_dags/example_latest_only_with_trigger.py
[2021-11-28 10:06:17,394] {processor.py:637} INFO - DAG(s) dict_keys(['latest_only_with_trigger']) retrieved from /home/airflow/.local/lib/python3.7/site-packages/airflow/example_dags/example_latest_only_with_trigger.py
[2021-11-28 10:06:17,402] {logging_mixin.py:109} INFO - [2021-11-28 10:06:17,402] {dag.py:2396} INFO - Sync 1 DAGs
[2021-11-28 10:06:17,420] {logging_mixin.py:109} INFO - [2021-11-28 10:06:17,420] {dag.py:2928} INFO - Setting next_dagrun for latest_only_with_trigger to 2021-11-28T06:06:17.419744+00:00
[2021-11-28 10:06:17,430] {processor.py:171} INFO - Processing /home/airflow/.local/lib/python3.7/site-packages/airflow/example_dags/example_latest_only_with_trigger.py took 0.064 seconds
[2021-11-28 10:06:48,059] {processor.py:163} INFO - Started process (PID=947) to work on /home/airflow/.local/lib/python3.7/site-packages/airflow/example_dags/example_latest_only_with_trigger.py
[2021-11-28 10:06:48,060] {processor.py:625} INFO - Processing file /home/airflow/.local/lib/python3.7/site-packages/airflow/example_dags/example_latest_only_with_trigger.py for tasks to queue
[2021-11-28 10:06:48,060] {logging_mixin.py:109} INFO - [2021-11-28 10:06:48,060] {dagbag.py:500} INFO - Filling up the DagBag from /home/airflow/.local/lib/python3.7/site-packages/airflow/example_dags/example_latest_only_with_trigger.py
[2021-11-28 10:06:48,077] {processor.py:637} INFO - DAG(s) dict_keys(['latest_only_with_trigger']) retrieved from /home/airflow/.local/lib/python3.7/site-packages/airflow/example_dags/example_latest_only_with_trigger.py
[2021-11-28 10:06:48,086] {logging_mixin.py:109} INFO - [2021-11-28 10:06:48,086] {dag.py:2396} INFO - Sync 1 DAGs
[2021-11-28 10:06:48,106] {logging_mixin.py:109} INFO - [2021-11-28 10:06:48,106] {dag.py:2928} INFO - Setting next_dagrun for latest_only_with_trigger to 2021-11-28T06:06:48.105995+00:00
[2021-11-28 10:06:48,188] {processor.py:171} INFO - Processing /home/airflow/.local/lib/python3.7/site-packages/airflow/example_dags/example_latest_only_with_trigger.py took 0.131 seconds
[2021-11-28 10:07:18,832] {processor.py:163} INFO - Started process (PID=998) to work on /home/airflow/.local/lib/python3.7/site-packages/airflow/example_dags/example_latest_only_with_trigger.py
[2021-11-28 10:07:18,834] {processor.py:625} INFO - Processing file /home/airflow/.local/lib/python3.7/site-packages/airflow/example_dags/example_latest_only_with_trigger.py for tasks to queue
[2021-11-28 10:07:18,834] {logging_mixin.py:109} INFO - [2021-11-28 10:07:18,834] {dagbag.py:500} INFO - Filling up the DagBag from /home/airflow/.local/lib/python3.7/site-packages/airflow/example_dags/example_latest_only_with_trigger.py
[2021-11-28 10:07:18,857] {processor.py:637} INFO - DAG(s) dict_keys(['latest_only_with_trigger']) retrieved from /home/airflow/.local/lib/python3.7/site-packages/airflow/example_dags/example_latest_only_with_trigger.py
[2021-11-28 10:07:18,864] {logging_mixin.py:109} INFO - [2021-11-28 10:07:18,864] {dag.py:2396} INFO - Sync 1 DAGs
[2021-11-28 10:07:18,942] {logging_mixin.py:109} INFO - [2021-11-28 10:07:18,942] {dag.py:2928} INFO - Setting next_dagrun for latest_only_with_trigger to 2021-11-28T06:07:18.941941+00:00
[2021-11-28 10:07:18,949] {processor.py:171} INFO - Processing /home/airflow/.local/lib/python3.7/site-packages/airflow/example_dags/example_latest_only_with_trigger.py took 0.120 seconds
[2021-11-28 10:07:49,556] {processor.py:163} INFO - Started process (PID=1058) to work on /home/airflow/.local/lib/python3.7/site-packages/airflow/example_dags/example_latest_only_with_trigger.py
[2021-11-28 10:07:49,557] {processor.py:625} INFO - Processing file /home/airflow/.local/lib/python3.7/site-packages/airflow/example_dags/example_latest_only_with_trigger.py for tasks to queue
[2021-11-28 10:07:49,558] {logging_mixin.py:109} INFO - [2021-11-28 10:07:49,558] {dagbag.py:500} INFO - Filling up the DagBag from /home/airflow/.local/lib/python3.7/site-packages/airflow/example_dags/example_latest_only_with_trigger.py
[2021-11-28 10:07:49,584] {processor.py:637} INFO - DAG(s) dict_keys(['latest_only_with_trigger']) retrieved from /home/airflow/.local/lib/python3.7/site-packages/airflow/example_dags/example_latest_only_with_trigger.py
[2021-11-28 10:07:49,594] {logging_mixin.py:109} INFO - [2021-11-28 10:07:49,594] {dag.py:2396} INFO - Sync 1 DAGs
[2021-11-28 10:07:49,686] {logging_mixin.py:109} INFO - [2021-11-28 10:07:49,685] {dag.py:2928} INFO - Setting next_dagrun for latest_only_with_trigger to 2021-11-28T06:07:49.685720+00:00
[2021-11-28 10:07:49,698] {processor.py:171} INFO - Processing /home/airflow/.local/lib/python3.7/site-packages/airflow/example_dags/example_latest_only_with_trigger.py took 0.144 seconds
[2021-11-28 10:08:20,354] {processor.py:163} INFO - Started process (PID=1118) to work on /home/airflow/.local/lib/python3.7/site-packages/airflow/example_dags/example_latest_only_with_trigger.py
[2021-11-28 10:08:20,355] {processor.py:625} INFO - Processing file /home/airflow/.local/lib/python3.7/site-packages/airflow/example_dags/example_latest_only_with_trigger.py for tasks to queue
[2021-11-28 10:08:20,355] {logging_mixin.py:109} INFO - [2021-11-28 10:08:20,355] {dagbag.py:500} INFO - Filling up the DagBag from /home/airflow/.local/lib/python3.7/site-packages/airflow/example_dags/example_latest_only_with_trigger.py
[2021-11-28 10:08:20,381] {processor.py:637} INFO - DAG(s) dict_keys(['latest_only_with_trigger']) retrieved from /home/airflow/.local/lib/python3.7/site-packages/airflow/example_dags/example_latest_only_with_trigger.py
[2021-11-28 10:08:20,391] {logging_mixin.py:109} INFO - [2021-11-28 10:08:20,391] {dag.py:2396} INFO - Sync 1 DAGs
[2021-11-28 10:08:20,471] {logging_mixin.py:109} INFO - [2021-11-28 10:08:20,471] {dag.py:2928} INFO - Setting next_dagrun for latest_only_with_trigger to 2021-11-28T06:08:20.470919+00:00
[2021-11-28 10:08:20,479] {processor.py:171} INFO - Processing /home/airflow/.local/lib/python3.7/site-packages/airflow/example_dags/example_latest_only_with_trigger.py took 0.128 seconds
[2021-11-28 10:08:51,232] {processor.py:163} INFO - Started process (PID=1169) to work on /home/airflow/.local/lib/python3.7/site-packages/airflow/example_dags/example_latest_only_with_trigger.py
[2021-11-28 10:08:51,233] {processor.py:625} INFO - Processing file /home/airflow/.local/lib/python3.7/site-packages/airflow/example_dags/example_latest_only_with_trigger.py for tasks to queue
[2021-11-28 10:08:51,233] {logging_mixin.py:109} INFO - [2021-11-28 10:08:51,233] {dagbag.py:500} INFO - Filling up the DagBag from /home/airflow/.local/lib/python3.7/site-packages/airflow/example_dags/example_latest_only_with_trigger.py
[2021-11-28 10:08:51,312] {processor.py:637} INFO - DAG(s) dict_keys(['latest_only_with_trigger']) retrieved from /home/airflow/.local/lib/python3.7/site-packages/airflow/example_dags/example_latest_only_with_trigger.py
[2021-11-28 10:08:51,318] {logging_mixin.py:109} INFO - [2021-11-28 10:08:51,318] {dag.py:2396} INFO - Sync 1 DAGs
[2021-11-28 10:08:51,328] {logging_mixin.py:109} INFO - [2021-11-28 10:08:51,328] {dag.py:2928} INFO - Setting next_dagrun for latest_only_with_trigger to 2021-11-28T06:08:51.328309+00:00
[2021-11-28 10:08:51,336] {processor.py:171} INFO - Processing /home/airflow/.local/lib/python3.7/site-packages/airflow/example_dags/example_latest_only_with_trigger.py took 0.105 seconds
[2021-11-28 10:09:21,907] {processor.py:163} INFO - Started process (PID=1229) to work on /home/airflow/.local/lib/python3.7/site-packages/airflow/example_dags/example_latest_only_with_trigger.py
[2021-11-28 10:09:21,908] {processor.py:625} INFO - Processing file /home/airflow/.local/lib/python3.7/site-packages/airflow/example_dags/example_latest_only_with_trigger.py for tasks to queue
[2021-11-28 10:09:21,908] {logging_mixin.py:109} INFO - [2021-11-28 10:09:21,908] {dagbag.py:500} INFO - Filling up the DagBag from /home/airflow/.local/lib/python3.7/site-packages/airflow/example_dags/example_latest_only_with_trigger.py
[2021-11-28 10:09:22,009] {processor.py:637} INFO - DAG(s) dict_keys(['latest_only_with_trigger']) retrieved from /home/airflow/.local/lib/python3.7/site-packages/airflow/example_dags/example_latest_only_with_trigger.py
[2021-11-28 10:09:22,017] {logging_mixin.py:109} INFO - [2021-11-28 10:09:22,017] {dag.py:2396} INFO - Sync 1 DAGs
[2021-11-28 10:09:22,031] {logging_mixin.py:109} INFO - [2021-11-28 10:09:22,031] {dag.py:2928} INFO - Setting next_dagrun for latest_only_with_trigger to 2021-11-28T06:09:22.031093+00:00
[2021-11-28 10:09:22,039] {processor.py:171} INFO - Processing /home/airflow/.local/lib/python3.7/site-packages/airflow/example_dags/example_latest_only_with_trigger.py took 0.135 seconds
[2021-11-28 10:09:52,716] {processor.py:163} INFO - Started process (PID=1280) to work on /home/airflow/.local/lib/python3.7/site-packages/airflow/example_dags/example_latest_only_with_trigger.py
[2021-11-28 10:09:52,717] {processor.py:625} INFO - Processing file /home/airflow/.local/lib/python3.7/site-packages/airflow/example_dags/example_latest_only_with_trigger.py for tasks to queue
[2021-11-28 10:09:52,718] {logging_mixin.py:109} INFO - [2021-11-28 10:09:52,718] {dagbag.py:500} INFO - Filling up the DagBag from /home/airflow/.local/lib/python3.7/site-packages/airflow/example_dags/example_latest_only_with_trigger.py
[2021-11-28 10:09:52,811] {processor.py:637} INFO - DAG(s) dict_keys(['latest_only_with_trigger']) retrieved from /home/airflow/.local/lib/python3.7/site-packages/airflow/example_dags/example_latest_only_with_trigger.py
[2021-11-28 10:09:52,817] {logging_mixin.py:109} INFO - [2021-11-28 10:09:52,817] {dag.py:2396} INFO - Sync 1 DAGs
[2021-11-28 10:09:52,827] {logging_mixin.py:109} INFO - [2021-11-28 10:09:52,827] {dag.py:2928} INFO - Setting next_dagrun for latest_only_with_trigger to 2021-11-28T06:09:52.827482+00:00
[2021-11-28 10:09:52,835] {processor.py:171} INFO - Processing /home/airflow/.local/lib/python3.7/site-packages/airflow/example_dags/example_latest_only_with_trigger.py took 0.122 seconds
[2021-11-28 10:10:23,459] {processor.py:163} INFO - Started process (PID=1340) to work on /home/airflow/.local/lib/python3.7/site-packages/airflow/example_dags/example_latest_only_with_trigger.py
[2021-11-28 10:10:23,460] {processor.py:625} INFO - Processing file /home/airflow/.local/lib/python3.7/site-packages/airflow/example_dags/example_latest_only_with_trigger.py for tasks to queue
[2021-11-28 10:10:23,460] {logging_mixin.py:109} INFO - [2021-11-28 10:10:23,460] {dagbag.py:500} INFO - Filling up the DagBag from /home/airflow/.local/lib/python3.7/site-packages/airflow/example_dags/example_latest_only_with_trigger.py
[2021-11-28 10:10:23,546] {processor.py:637} INFO - DAG(s) dict_keys(['latest_only_with_trigger']) retrieved from /home/airflow/.local/lib/python3.7/site-packages/airflow/example_dags/example_latest_only_with_trigger.py
[2021-11-28 10:10:23,552] {logging_mixin.py:109} INFO - [2021-11-28 10:10:23,552] {dag.py:2396} INFO - Sync 1 DAGs
[2021-11-28 10:10:23,562] {logging_mixin.py:109} INFO - [2021-11-28 10:10:23,562] {dag.py:2928} INFO - Setting next_dagrun for latest_only_with_trigger to 2021-11-28T06:10:23.562353+00:00
[2021-11-28 10:10:23,570] {processor.py:171} INFO - Processing /home/airflow/.local/lib/python3.7/site-packages/airflow/example_dags/example_latest_only_with_trigger.py took 0.114 seconds
[2021-11-28 10:10:53,779] {processor.py:163} INFO - Started process (PID=1400) to work on /home/airflow/.local/lib/python3.7/site-packages/airflow/example_dags/example_latest_only_with_trigger.py
[2021-11-28 10:10:53,780] {processor.py:625} INFO - Processing file /home/airflow/.local/lib/python3.7/site-packages/airflow/example_dags/example_latest_only_with_trigger.py for tasks to queue
[2021-11-28 10:10:53,780] {logging_mixin.py:109} INFO - [2021-11-28 10:10:53,780] {dagbag.py:500} INFO - Filling up the DagBag from /home/airflow/.local/lib/python3.7/site-packages/airflow/example_dags/example_latest_only_with_trigger.py
[2021-11-28 10:10:53,797] {processor.py:637} INFO - DAG(s) dict_keys(['latest_only_with_trigger']) retrieved from /home/airflow/.local/lib/python3.7/site-packages/airflow/example_dags/example_latest_only_with_trigger.py
[2021-11-28 10:10:53,807] {logging_mixin.py:109} INFO - [2021-11-28 10:10:53,806] {dag.py:2396} INFO - Sync 1 DAGs
[2021-11-28 10:10:53,826] {logging_mixin.py:109} INFO - [2021-11-28 10:10:53,826] {dag.py:2928} INFO - Setting next_dagrun for latest_only_with_trigger to 2021-11-28T06:10:53.826127+00:00
[2021-11-28 10:10:53,838] {processor.py:171} INFO - Processing /home/airflow/.local/lib/python3.7/site-packages/airflow/example_dags/example_latest_only_with_trigger.py took 0.060 seconds
[2021-11-28 10:11:24,667] {processor.py:163} INFO - Started process (PID=1451) to work on /home/airflow/.local/lib/python3.7/site-packages/airflow/example_dags/example_latest_only_with_trigger.py
[2021-11-28 10:11:24,668] {processor.py:625} INFO - Processing file /home/airflow/.local/lib/python3.7/site-packages/airflow/example_dags/example_latest_only_with_trigger.py for tasks to queue
[2021-11-28 10:11:24,668] {logging_mixin.py:109} INFO - [2021-11-28 10:11:24,668] {dagbag.py:500} INFO - Filling up the DagBag from /home/airflow/.local/lib/python3.7/site-packages/airflow/example_dags/example_latest_only_with_trigger.py
[2021-11-28 10:11:24,691] {processor.py:637} INFO - DAG(s) dict_keys(['latest_only_with_trigger']) retrieved from /home/airflow/.local/lib/python3.7/site-packages/airflow/example_dags/example_latest_only_with_trigger.py
[2021-11-28 10:11:24,701] {logging_mixin.py:109} INFO - [2021-11-28 10:11:24,700] {dag.py:2396} INFO - Sync 1 DAGs
[2021-11-28 10:11:24,712] {logging_mixin.py:109} INFO - [2021-11-28 10:11:24,711] {dag.py:2928} INFO - Setting next_dagrun for latest_only_with_trigger to 2021-11-28T06:11:24.711753+00:00
[2021-11-28 10:11:24,720] {processor.py:171} INFO - Processing /home/airflow/.local/lib/python3.7/site-packages/airflow/example_dags/example_latest_only_with_trigger.py took 0.056 seconds
[2021-11-28 10:11:55,421] {processor.py:163} INFO - Started process (PID=1511) to work on /home/airflow/.local/lib/python3.7/site-packages/airflow/example_dags/example_latest_only_with_trigger.py
[2021-11-28 10:11:55,422] {processor.py:625} INFO - Processing file /home/airflow/.local/lib/python3.7/site-packages/airflow/example_dags/example_latest_only_with_trigger.py for tasks to queue
[2021-11-28 10:11:55,423] {logging_mixin.py:109} INFO - [2021-11-28 10:11:55,423] {dagbag.py:500} INFO - Filling up the DagBag from /home/airflow/.local/lib/python3.7/site-packages/airflow/example_dags/example_latest_only_with_trigger.py
[2021-11-28 10:11:55,448] {processor.py:637} INFO - DAG(s) dict_keys(['latest_only_with_trigger']) retrieved from /home/airflow/.local/lib/python3.7/site-packages/airflow/example_dags/example_latest_only_with_trigger.py
[2021-11-28 10:11:55,455] {logging_mixin.py:109} INFO - [2021-11-28 10:11:55,455] {dag.py:2396} INFO - Sync 1 DAGs
[2021-11-28 10:11:55,467] {logging_mixin.py:109} INFO - [2021-11-28 10:11:55,467] {dag.py:2928} INFO - Setting next_dagrun for latest_only_with_trigger to 2021-11-28T06:11:55.466861+00:00
[2021-11-28 10:11:55,475] {processor.py:171} INFO - Processing /home/airflow/.local/lib/python3.7/site-packages/airflow/example_dags/example_latest_only_with_trigger.py took 0.058 seconds
[2021-11-28 10:12:26,119] {processor.py:163} INFO - Started process (PID=1562) to work on /home/airflow/.local/lib/python3.7/site-packages/airflow/example_dags/example_latest_only_with_trigger.py
[2021-11-28 10:12:26,120] {processor.py:625} INFO - Processing file /home/airflow/.local/lib/python3.7/site-packages/airflow/example_dags/example_latest_only_with_trigger.py for tasks to queue
[2021-11-28 10:12:26,121] {logging_mixin.py:109} INFO - [2021-11-28 10:12:26,121] {dagbag.py:500} INFO - Filling up the DagBag from /home/airflow/.local/lib/python3.7/site-packages/airflow/example_dags/example_latest_only_with_trigger.py
[2021-11-28 10:12:26,143] {processor.py:637} INFO - DAG(s) dict_keys(['latest_only_with_trigger']) retrieved from /home/airflow/.local/lib/python3.7/site-packages/airflow/example_dags/example_latest_only_with_trigger.py
[2021-11-28 10:12:26,156] {logging_mixin.py:109} INFO - [2021-11-28 10:12:26,156] {dag.py:2396} INFO - Sync 1 DAGs
[2021-11-28 10:12:26,173] {logging_mixin.py:109} INFO - [2021-11-28 10:12:26,173] {dag.py:2928} INFO - Setting next_dagrun for latest_only_with_trigger to 2021-11-28T06:12:26.173190+00:00
[2021-11-28 10:12:26,184] {processor.py:171} INFO - Processing /home/airflow/.local/lib/python3.7/site-packages/airflow/example_dags/example_latest_only_with_trigger.py took 0.068 seconds
[2021-11-28 10:12:56,850] {processor.py:163} INFO - Started process (PID=1622) to work on /home/airflow/.local/lib/python3.7/site-packages/airflow/example_dags/example_latest_only_with_trigger.py
[2021-11-28 10:12:56,852] {processor.py:625} INFO - Processing file /home/airflow/.local/lib/python3.7/site-packages/airflow/example_dags/example_latest_only_with_trigger.py for tasks to queue
[2021-11-28 10:12:56,852] {logging_mixin.py:109} INFO - [2021-11-28 10:12:56,852] {dagbag.py:500} INFO - Filling up the DagBag from /home/airflow/.local/lib/python3.7/site-packages/airflow/example_dags/example_latest_only_with_trigger.py
[2021-11-28 10:12:56,878] {processor.py:637} INFO - DAG(s) dict_keys(['latest_only_with_trigger']) retrieved from /home/airflow/.local/lib/python3.7/site-packages/airflow/example_dags/example_latest_only_with_trigger.py
[2021-11-28 10:12:56,891] {logging_mixin.py:109} INFO - [2021-11-28 10:12:56,891] {dag.py:2396} INFO - Sync 1 DAGs
[2021-11-28 10:12:56,910] {logging_mixin.py:109} INFO - [2021-11-28 10:12:56,910] {dag.py:2928} INFO - Setting next_dagrun for latest_only_with_trigger to 2021-11-28T06:12:56.910212+00:00
[2021-11-28 10:12:56,923] {processor.py:171} INFO - Processing /home/airflow/.local/lib/python3.7/site-packages/airflow/example_dags/example_latest_only_with_trigger.py took 0.076 seconds
[2021-11-28 10:13:27,641] {processor.py:163} INFO - Started process (PID=1673) to work on /home/airflow/.local/lib/python3.7/site-packages/airflow/example_dags/example_latest_only_with_trigger.py
[2021-11-28 10:13:27,642] {processor.py:625} INFO - Processing file /home/airflow/.local/lib/python3.7/site-packages/airflow/example_dags/example_latest_only_with_trigger.py for tasks to queue
[2021-11-28 10:13:27,642] {logging_mixin.py:109} INFO - [2021-11-28 10:13:27,642] {dagbag.py:500} INFO - Filling up the DagBag from /home/airflow/.local/lib/python3.7/site-packages/airflow/example_dags/example_latest_only_with_trigger.py
[2021-11-28 10:13:27,667] {processor.py:637} INFO - DAG(s) dict_keys(['latest_only_with_trigger']) retrieved from /home/airflow/.local/lib/python3.7/site-packages/airflow/example_dags/example_latest_only_with_trigger.py
[2021-11-28 10:13:27,678] {logging_mixin.py:109} INFO - [2021-11-28 10:13:27,678] {dag.py:2396} INFO - Sync 1 DAGs
[2021-11-28 10:13:27,697] {logging_mixin.py:109} INFO - [2021-11-28 10:13:27,697] {dag.py:2928} INFO - Setting next_dagrun for latest_only_with_trigger to 2021-11-28T06:13:27.696781+00:00
[2021-11-28 10:13:27,710] {processor.py:171} INFO - Processing /home/airflow/.local/lib/python3.7/site-packages/airflow/example_dags/example_latest_only_with_trigger.py took 0.071 seconds
[2021-11-28 10:13:58,511] {processor.py:163} INFO - Started process (PID=1733) to work on /home/airflow/.local/lib/python3.7/site-packages/airflow/example_dags/example_latest_only_with_trigger.py
[2021-11-28 10:13:58,512] {processor.py:625} INFO - Processing file /home/airflow/.local/lib/python3.7/site-packages/airflow/example_dags/example_latest_only_with_trigger.py for tasks to queue
[2021-11-28 10:13:58,512] {logging_mixin.py:109} INFO - [2021-11-28 10:13:58,512] {dagbag.py:500} INFO - Filling up the DagBag from /home/airflow/.local/lib/python3.7/site-packages/airflow/example_dags/example_latest_only_with_trigger.py
[2021-11-28 10:13:58,538] {processor.py:637} INFO - DAG(s) dict_keys(['latest_only_with_trigger']) retrieved from /home/airflow/.local/lib/python3.7/site-packages/airflow/example_dags/example_latest_only_with_trigger.py
[2021-11-28 10:13:58,549] {logging_mixin.py:109} INFO - [2021-11-28 10:13:58,549] {dag.py:2396} INFO - Sync 1 DAGs
[2021-11-28 10:13:58,568] {logging_mixin.py:109} INFO - [2021-11-28 10:13:58,568] {dag.py:2928} INFO - Setting next_dagrun for latest_only_with_trigger to 2021-11-28T06:13:58.568139+00:00
[2021-11-28 10:13:58,580] {processor.py:171} INFO - Processing /home/airflow/.local/lib/python3.7/site-packages/airflow/example_dags/example_latest_only_with_trigger.py took 0.072 seconds
[2021-11-28 10:14:29,273] {processor.py:163} INFO - Started process (PID=1794) to work on /home/airflow/.local/lib/python3.7/site-packages/airflow/example_dags/example_latest_only_with_trigger.py
[2021-11-28 10:14:29,275] {processor.py:625} INFO - Processing file /home/airflow/.local/lib/python3.7/site-packages/airflow/example_dags/example_latest_only_with_trigger.py for tasks to queue
[2021-11-28 10:14:29,275] {logging_mixin.py:109} INFO - [2021-11-28 10:14:29,275] {dagbag.py:500} INFO - Filling up the DagBag from /home/airflow/.local/lib/python3.7/site-packages/airflow/example_dags/example_latest_only_with_trigger.py
[2021-11-28 10:14:29,300] {processor.py:637} INFO - DAG(s) dict_keys(['latest_only_with_trigger']) retrieved from /home/airflow/.local/lib/python3.7/site-packages/airflow/example_dags/example_latest_only_with_trigger.py
[2021-11-28 10:14:29,311] {logging_mixin.py:109} INFO - [2021-11-28 10:14:29,311] {dag.py:2396} INFO - Sync 1 DAGs
[2021-11-28 10:14:29,330] {logging_mixin.py:109} INFO - [2021-11-28 10:14:29,330] {dag.py:2928} INFO - Setting next_dagrun for latest_only_with_trigger to 2021-11-28T06:14:29.329984+00:00
[2021-11-28 10:14:29,342] {processor.py:171} INFO - Processing /home/airflow/.local/lib/python3.7/site-packages/airflow/example_dags/example_latest_only_with_trigger.py took 0.071 seconds
[2021-11-28 10:14:59,996] {processor.py:163} INFO - Started process (PID=1845) to work on /home/airflow/.local/lib/python3.7/site-packages/airflow/example_dags/example_latest_only_with_trigger.py
[2021-11-28 10:14:59,997] {processor.py:625} INFO - Processing file /home/airflow/.local/lib/python3.7/site-packages/airflow/example_dags/example_latest_only_with_trigger.py for tasks to queue
[2021-11-28 10:14:59,998] {logging_mixin.py:109} INFO - [2021-11-28 10:14:59,998] {dagbag.py:500} INFO - Filling up the DagBag from /home/airflow/.local/lib/python3.7/site-packages/airflow/example_dags/example_latest_only_with_trigger.py
[2021-11-28 10:15:00,023] {processor.py:637} INFO - DAG(s) dict_keys(['latest_only_with_trigger']) retrieved from /home/airflow/.local/lib/python3.7/site-packages/airflow/example_dags/example_latest_only_with_trigger.py
[2021-11-28 10:15:00,035] {logging_mixin.py:109} INFO - [2021-11-28 10:15:00,035] {dag.py:2396} INFO - Sync 1 DAGs
[2021-11-28 10:15:00,048] {logging_mixin.py:109} INFO - [2021-11-28 10:15:00,048] {dag.py:2928} INFO - Setting next_dagrun for latest_only_with_trigger to 2021-11-28T06:15:00.047974+00:00
[2021-11-28 10:15:00,056] {processor.py:171} INFO - Processing /home/airflow/.local/lib/python3.7/site-packages/airflow/example_dags/example_latest_only_with_trigger.py took 0.063 seconds
[2021-11-28 10:15:30,789] {processor.py:163} INFO - Started process (PID=1905) to work on /home/airflow/.local/lib/python3.7/site-packages/airflow/example_dags/example_latest_only_with_trigger.py
[2021-11-28 10:15:30,791] {processor.py:625} INFO - Processing file /home/airflow/.local/lib/python3.7/site-packages/airflow/example_dags/example_latest_only_with_trigger.py for tasks to queue
[2021-11-28 10:15:30,791] {logging_mixin.py:109} INFO - [2021-11-28 10:15:30,791] {dagbag.py:500} INFO - Filling up the DagBag from /home/airflow/.local/lib/python3.7/site-packages/airflow/example_dags/example_latest_only_with_trigger.py
[2021-11-28 10:15:30,814] {processor.py:637} INFO - DAG(s) dict_keys(['latest_only_with_trigger']) retrieved from /home/airflow/.local/lib/python3.7/site-packages/airflow/example_dags/example_latest_only_with_trigger.py
[2021-11-28 10:15:30,822] {logging_mixin.py:109} INFO - [2021-11-28 10:15:30,822] {dag.py:2396} INFO - Sync 1 DAGs
[2021-11-28 10:15:30,837] {logging_mixin.py:109} INFO - [2021-11-28 10:15:30,837] {dag.py:2928} INFO - Setting next_dagrun for latest_only_with_trigger to 2021-11-28T06:15:30.837157+00:00
[2021-11-28 10:15:30,846] {processor.py:171} INFO - Processing /home/airflow/.local/lib/python3.7/site-packages/airflow/example_dags/example_latest_only_with_trigger.py took 0.059 seconds
[2021-11-28 10:16:01,473] {processor.py:163} INFO - Started process (PID=1956) to work on /home/airflow/.local/lib/python3.7/site-packages/airflow/example_dags/example_latest_only_with_trigger.py
[2021-11-28 10:16:01,475] {processor.py:625} INFO - Processing file /home/airflow/.local/lib/python3.7/site-packages/airflow/example_dags/example_latest_only_with_trigger.py for tasks to queue
[2021-11-28 10:16:01,476] {logging_mixin.py:109} INFO - [2021-11-28 10:16:01,475] {dagbag.py:500} INFO - Filling up the DagBag from /home/airflow/.local/lib/python3.7/site-packages/airflow/example_dags/example_latest_only_with_trigger.py
[2021-11-28 10:16:01,505] {processor.py:637} INFO - DAG(s) dict_keys(['latest_only_with_trigger']) retrieved from /home/airflow/.local/lib/python3.7/site-packages/airflow/example_dags/example_latest_only_with_trigger.py
[2021-11-28 10:16:01,513] {logging_mixin.py:109} INFO - [2021-11-28 10:16:01,513] {dag.py:2396} INFO - Sync 1 DAGs
[2021-11-28 10:16:01,524] {logging_mixin.py:109} INFO - [2021-11-28 10:16:01,524] {dag.py:2928} INFO - Setting next_dagrun for latest_only_with_trigger to 2021-11-28T06:16:01.524193+00:00
[2021-11-28 10:16:01,533] {processor.py:171} INFO - Processing /home/airflow/.local/lib/python3.7/site-packages/airflow/example_dags/example_latest_only_with_trigger.py took 0.061 seconds
[2021-11-28 10:16:32,171] {processor.py:163} INFO - Started process (PID=2017) to work on /home/airflow/.local/lib/python3.7/site-packages/airflow/example_dags/example_latest_only_with_trigger.py
[2021-11-28 10:16:32,172] {processor.py:625} INFO - Processing file /home/airflow/.local/lib/python3.7/site-packages/airflow/example_dags/example_latest_only_with_trigger.py for tasks to queue
[2021-11-28 10:16:32,173] {logging_mixin.py:109} INFO - [2021-11-28 10:16:32,173] {dagbag.py:500} INFO - Filling up the DagBag from /home/airflow/.local/lib/python3.7/site-packages/airflow/example_dags/example_latest_only_with_trigger.py
[2021-11-28 10:16:32,197] {processor.py:637} INFO - DAG(s) dict_keys(['latest_only_with_trigger']) retrieved from /home/airflow/.local/lib/python3.7/site-packages/airflow/example_dags/example_latest_only_with_trigger.py
[2021-11-28 10:16:32,207] {logging_mixin.py:109} INFO - [2021-11-28 10:16:32,207] {dag.py:2396} INFO - Sync 1 DAGs
[2021-11-28 10:16:32,224] {logging_mixin.py:109} INFO - [2021-11-28 10:16:32,224] {dag.py:2928} INFO - Setting next_dagrun for latest_only_with_trigger to 2021-11-28T06:16:32.224425+00:00
[2021-11-28 10:16:32,235] {processor.py:171} INFO - Processing /home/airflow/.local/lib/python3.7/site-packages/airflow/example_dags/example_latest_only_with_trigger.py took 0.067 seconds
[2021-11-28 10:17:02,888] {processor.py:163} INFO - Started process (PID=2077) to work on /home/airflow/.local/lib/python3.7/site-packages/airflow/example_dags/example_latest_only_with_trigger.py
[2021-11-28 10:17:02,889] {processor.py:625} INFO - Processing file /home/airflow/.local/lib/python3.7/site-packages/airflow/example_dags/example_latest_only_with_trigger.py for tasks to queue
[2021-11-28 10:17:02,890] {logging_mixin.py:109} INFO - [2021-11-28 10:17:02,890] {dagbag.py:500} INFO - Filling up the DagBag from /home/airflow/.local/lib/python3.7/site-packages/airflow/example_dags/example_latest_only_with_trigger.py
[2021-11-28 10:17:02,907] {processor.py:637} INFO - DAG(s) dict_keys(['latest_only_with_trigger']) retrieved from /home/airflow/.local/lib/python3.7/site-packages/airflow/example_dags/example_latest_only_with_trigger.py
[2021-11-28 10:17:02,914] {logging_mixin.py:109} INFO - [2021-11-28 10:17:02,914] {dag.py:2396} INFO - Sync 1 DAGs
[2021-11-28 10:17:02,927] {logging_mixin.py:109} INFO - [2021-11-28 10:17:02,927] {dag.py:2928} INFO - Setting next_dagrun for latest_only_with_trigger to 2021-11-28T06:17:02.926897+00:00
[2021-11-28 10:17:02,936] {processor.py:171} INFO - Processing /home/airflow/.local/lib/python3.7/site-packages/airflow/example_dags/example_latest_only_with_trigger.py took 0.049 seconds
