[2021-11-28 09:45:03,882] {processor.py:163} INFO - Started process (PID=309) to work on /home/airflow/.local/lib/python3.7/site-packages/airflow/example_dags/example_task_group.py
[2021-11-28 09:45:03,883] {processor.py:625} INFO - Processing file /home/airflow/.local/lib/python3.7/site-packages/airflow/example_dags/example_task_group.py for tasks to queue
[2021-11-28 09:45:03,883] {logging_mixin.py:109} INFO - [2021-11-28 09:45:03,883] {dagbag.py:500} INFO - Filling up the DagBag from /home/airflow/.local/lib/python3.7/site-packages/airflow/example_dags/example_task_group.py
[2021-11-28 09:45:03,901] {processor.py:637} INFO - DAG(s) dict_keys(['example_task_group']) retrieved from /home/airflow/.local/lib/python3.7/site-packages/airflow/example_dags/example_task_group.py
[2021-11-28 09:45:04,901] {logging_mixin.py:109} INFO - [2021-11-28 09:45:04,901] {providers_manager.py:156} WARNING - Exception when importing 'airflow.providers.google.leveldb.hooks.leveldb.LevelDBHook' from 'apache-airflow-providers-google' package: No module named 'plyvel'
[2021-11-28 09:45:05,160] {logging_mixin.py:109} INFO - [2021-11-28 09:45:05,160] {providers_manager.py:156} WARNING - Exception when importing 'airflow.providers.google.leveldb.hooks.leveldb.LevelDBHook' from 'apache-airflow-providers-google' package: No module named 'plyvel'
[2021-11-28 09:45:05,180] {logging_mixin.py:109} INFO - [2021-11-28 09:45:05,180] {manager.py:496} INFO - Created Permission View: can read on DAG:example_task_group
[2021-11-28 09:45:05,188] {logging_mixin.py:109} INFO - [2021-11-28 09:45:05,188] {manager.py:496} INFO - Created Permission View: can edit on DAG:example_task_group
[2021-11-28 09:45:05,189] {logging_mixin.py:109} INFO - [2021-11-28 09:45:05,188] {dag.py:2396} INFO - Sync 1 DAGs
[2021-11-28 09:45:05,194] {logging_mixin.py:109} INFO - [2021-11-28 09:45:05,194] {dag.py:2415} INFO - Creating ORM DAG for example_task_group
[2021-11-28 09:45:05,200] {logging_mixin.py:109} INFO - [2021-11-28 09:45:05,199] {dag.py:2928} INFO - Setting next_dagrun for example_task_group to 2021-11-27T09:45:05.199845+00:00
[2021-11-28 09:45:05,210] {processor.py:171} INFO - Processing /home/airflow/.local/lib/python3.7/site-packages/airflow/example_dags/example_task_group.py took 1.330 seconds
[2021-11-28 09:45:35,755] {processor.py:163} INFO - Started process (PID=502) to work on /home/airflow/.local/lib/python3.7/site-packages/airflow/example_dags/example_task_group.py
[2021-11-28 09:45:35,757] {processor.py:625} INFO - Processing file /home/airflow/.local/lib/python3.7/site-packages/airflow/example_dags/example_task_group.py for tasks to queue
[2021-11-28 09:45:35,757] {logging_mixin.py:109} INFO - [2021-11-28 09:45:35,757] {dagbag.py:500} INFO - Filling up the DagBag from /home/airflow/.local/lib/python3.7/site-packages/airflow/example_dags/example_task_group.py
[2021-11-28 09:45:35,778] {processor.py:637} INFO - DAG(s) dict_keys(['example_task_group']) retrieved from /home/airflow/.local/lib/python3.7/site-packages/airflow/example_dags/example_task_group.py
[2021-11-28 09:45:35,787] {logging_mixin.py:109} INFO - [2021-11-28 09:45:35,787] {dag.py:2396} INFO - Sync 1 DAGs
[2021-11-28 09:45:35,798] {logging_mixin.py:109} INFO - [2021-11-28 09:45:35,798] {dag.py:2928} INFO - Setting next_dagrun for example_task_group to 2021-11-27T09:45:35.798122+00:00
[2021-11-28 09:45:35,806] {processor.py:171} INFO - Processing /home/airflow/.local/lib/python3.7/site-packages/airflow/example_dags/example_task_group.py took 0.054 seconds
[2021-11-28 09:46:06,403] {processor.py:163} INFO - Started process (PID=553) to work on /home/airflow/.local/lib/python3.7/site-packages/airflow/example_dags/example_task_group.py
[2021-11-28 09:46:06,404] {processor.py:625} INFO - Processing file /home/airflow/.local/lib/python3.7/site-packages/airflow/example_dags/example_task_group.py for tasks to queue
[2021-11-28 09:46:06,404] {logging_mixin.py:109} INFO - [2021-11-28 09:46:06,404] {dagbag.py:500} INFO - Filling up the DagBag from /home/airflow/.local/lib/python3.7/site-packages/airflow/example_dags/example_task_group.py
[2021-11-28 09:46:06,432] {processor.py:637} INFO - DAG(s) dict_keys(['example_task_group']) retrieved from /home/airflow/.local/lib/python3.7/site-packages/airflow/example_dags/example_task_group.py
[2021-11-28 09:46:06,445] {logging_mixin.py:109} INFO - [2021-11-28 09:46:06,445] {dag.py:2396} INFO - Sync 1 DAGs
[2021-11-28 09:46:06,464] {logging_mixin.py:109} INFO - [2021-11-28 09:46:06,464] {dag.py:2928} INFO - Setting next_dagrun for example_task_group to 2021-11-27T09:46:06.463995+00:00
[2021-11-28 09:46:06,475] {processor.py:171} INFO - Processing /home/airflow/.local/lib/python3.7/site-packages/airflow/example_dags/example_task_group.py took 0.075 seconds
[2021-11-28 09:46:36,622] {processor.py:163} INFO - Started process (PID=613) to work on /home/airflow/.local/lib/python3.7/site-packages/airflow/example_dags/example_task_group.py
[2021-11-28 09:46:36,623] {processor.py:625} INFO - Processing file /home/airflow/.local/lib/python3.7/site-packages/airflow/example_dags/example_task_group.py for tasks to queue
[2021-11-28 09:46:36,623] {logging_mixin.py:109} INFO - [2021-11-28 09:46:36,623] {dagbag.py:500} INFO - Filling up the DagBag from /home/airflow/.local/lib/python3.7/site-packages/airflow/example_dags/example_task_group.py
[2021-11-28 09:46:36,645] {processor.py:637} INFO - DAG(s) dict_keys(['example_task_group']) retrieved from /home/airflow/.local/lib/python3.7/site-packages/airflow/example_dags/example_task_group.py
[2021-11-28 09:46:36,652] {logging_mixin.py:109} INFO - [2021-11-28 09:46:36,652] {dag.py:2396} INFO - Sync 1 DAGs
[2021-11-28 09:46:36,664] {logging_mixin.py:109} INFO - [2021-11-28 09:46:36,664] {dag.py:2928} INFO - Setting next_dagrun for example_task_group to 2021-11-27T09:46:36.664167+00:00
[2021-11-28 09:46:36,673] {processor.py:171} INFO - Processing /home/airflow/.local/lib/python3.7/site-packages/airflow/example_dags/example_task_group.py took 0.054 seconds
[2021-11-28 09:48:50,069] {processor.py:163} INFO - Started process (PID=51) to work on /home/airflow/.local/lib/python3.7/site-packages/airflow/example_dags/example_task_group.py
[2021-11-28 09:48:50,070] {processor.py:625} INFO - Processing file /home/airflow/.local/lib/python3.7/site-packages/airflow/example_dags/example_task_group.py for tasks to queue
[2021-11-28 09:48:50,070] {logging_mixin.py:109} INFO - [2021-11-28 09:48:50,070] {dagbag.py:500} INFO - Filling up the DagBag from /home/airflow/.local/lib/python3.7/site-packages/airflow/example_dags/example_task_group.py
[2021-11-28 09:48:50,092] {processor.py:637} INFO - DAG(s) dict_keys(['example_task_group']) retrieved from /home/airflow/.local/lib/python3.7/site-packages/airflow/example_dags/example_task_group.py
[2021-11-28 09:48:50,104] {logging_mixin.py:109} INFO - [2021-11-28 09:48:50,104] {dag.py:2396} INFO - Sync 1 DAGs
[2021-11-28 09:48:50,120] {logging_mixin.py:109} INFO - [2021-11-28 09:48:50,120] {dag.py:2928} INFO - Setting next_dagrun for example_task_group to 2021-11-27T09:48:50.120272+00:00
[2021-11-28 09:48:50,131] {processor.py:171} INFO - Processing /home/airflow/.local/lib/python3.7/site-packages/airflow/example_dags/example_task_group.py took 0.065 seconds
[2021-11-28 09:49:21,420] {processor.py:163} INFO - Started process (PID=111) to work on /home/airflow/.local/lib/python3.7/site-packages/airflow/example_dags/example_task_group.py
[2021-11-28 09:49:21,421] {processor.py:625} INFO - Processing file /home/airflow/.local/lib/python3.7/site-packages/airflow/example_dags/example_task_group.py for tasks to queue
[2021-11-28 09:49:21,421] {logging_mixin.py:109} INFO - [2021-11-28 09:49:21,421] {dagbag.py:500} INFO - Filling up the DagBag from /home/airflow/.local/lib/python3.7/site-packages/airflow/example_dags/example_task_group.py
[2021-11-28 09:49:21,439] {processor.py:637} INFO - DAG(s) dict_keys(['example_task_group']) retrieved from /home/airflow/.local/lib/python3.7/site-packages/airflow/example_dags/example_task_group.py
[2021-11-28 09:49:21,446] {logging_mixin.py:109} INFO - [2021-11-28 09:49:21,446] {dag.py:2396} INFO - Sync 1 DAGs
[2021-11-28 09:49:21,457] {logging_mixin.py:109} INFO - [2021-11-28 09:49:21,457] {dag.py:2928} INFO - Setting next_dagrun for example_task_group to 2021-11-27T09:49:21.457403+00:00
[2021-11-28 09:49:21,465] {processor.py:171} INFO - Processing /home/airflow/.local/lib/python3.7/site-packages/airflow/example_dags/example_task_group.py took 0.047 seconds
[2021-11-28 09:49:52,322] {processor.py:163} INFO - Started process (PID=169) to work on /home/airflow/.local/lib/python3.7/site-packages/airflow/example_dags/example_task_group.py
[2021-11-28 09:49:52,323] {processor.py:625} INFO - Processing file /home/airflow/.local/lib/python3.7/site-packages/airflow/example_dags/example_task_group.py for tasks to queue
[2021-11-28 09:49:52,323] {logging_mixin.py:109} INFO - [2021-11-28 09:49:52,323] {dagbag.py:500} INFO - Filling up the DagBag from /home/airflow/.local/lib/python3.7/site-packages/airflow/example_dags/example_task_group.py
[2021-11-28 09:49:52,346] {processor.py:637} INFO - DAG(s) dict_keys(['example_task_group']) retrieved from /home/airflow/.local/lib/python3.7/site-packages/airflow/example_dags/example_task_group.py
[2021-11-28 09:49:52,360] {logging_mixin.py:109} INFO - [2021-11-28 09:49:52,360] {dag.py:2396} INFO - Sync 1 DAGs
[2021-11-28 09:49:52,378] {logging_mixin.py:109} INFO - [2021-11-28 09:49:52,378] {dag.py:2928} INFO - Setting next_dagrun for example_task_group to 2021-11-27T09:49:52.378394+00:00
[2021-11-28 09:49:52,387] {processor.py:171} INFO - Processing /home/airflow/.local/lib/python3.7/site-packages/airflow/example_dags/example_task_group.py took 0.067 seconds
[2021-11-28 09:50:23,249] {processor.py:163} INFO - Started process (PID=222) to work on /home/airflow/.local/lib/python3.7/site-packages/airflow/example_dags/example_task_group.py
[2021-11-28 09:50:23,250] {processor.py:625} INFO - Processing file /home/airflow/.local/lib/python3.7/site-packages/airflow/example_dags/example_task_group.py for tasks to queue
[2021-11-28 09:50:23,251] {logging_mixin.py:109} INFO - [2021-11-28 09:50:23,251] {dagbag.py:500} INFO - Filling up the DagBag from /home/airflow/.local/lib/python3.7/site-packages/airflow/example_dags/example_task_group.py
[2021-11-28 09:50:23,272] {processor.py:637} INFO - DAG(s) dict_keys(['example_task_group']) retrieved from /home/airflow/.local/lib/python3.7/site-packages/airflow/example_dags/example_task_group.py
[2021-11-28 09:50:23,283] {logging_mixin.py:109} INFO - [2021-11-28 09:50:23,283] {dag.py:2396} INFO - Sync 1 DAGs
[2021-11-28 09:50:23,296] {logging_mixin.py:109} INFO - [2021-11-28 09:50:23,296] {dag.py:2928} INFO - Setting next_dagrun for example_task_group to 2021-11-27T09:50:23.296293+00:00
[2021-11-28 09:50:23,306] {processor.py:171} INFO - Processing /home/airflow/.local/lib/python3.7/site-packages/airflow/example_dags/example_task_group.py took 0.060 seconds
[2021-11-28 09:50:54,240] {processor.py:163} INFO - Started process (PID=281) to work on /home/airflow/.local/lib/python3.7/site-packages/airflow/example_dags/example_task_group.py
[2021-11-28 09:50:54,241] {processor.py:625} INFO - Processing file /home/airflow/.local/lib/python3.7/site-packages/airflow/example_dags/example_task_group.py for tasks to queue
[2021-11-28 09:50:54,241] {logging_mixin.py:109} INFO - [2021-11-28 09:50:54,241] {dagbag.py:500} INFO - Filling up the DagBag from /home/airflow/.local/lib/python3.7/site-packages/airflow/example_dags/example_task_group.py
[2021-11-28 09:50:54,259] {processor.py:637} INFO - DAG(s) dict_keys(['example_task_group']) retrieved from /home/airflow/.local/lib/python3.7/site-packages/airflow/example_dags/example_task_group.py
[2021-11-28 09:50:54,267] {logging_mixin.py:109} INFO - [2021-11-28 09:50:54,267] {dag.py:2396} INFO - Sync 1 DAGs
[2021-11-28 09:50:54,279] {logging_mixin.py:109} INFO - [2021-11-28 09:50:54,279] {dag.py:2928} INFO - Setting next_dagrun for example_task_group to 2021-11-27T09:50:54.279041+00:00
[2021-11-28 09:50:54,287] {processor.py:171} INFO - Processing /home/airflow/.local/lib/python3.7/site-packages/airflow/example_dags/example_task_group.py took 0.049 seconds
[2021-11-28 09:51:48,685] {processor.py:163} INFO - Started process (PID=50) to work on /home/airflow/.local/lib/python3.7/site-packages/airflow/example_dags/example_task_group.py
[2021-11-28 09:51:48,686] {processor.py:625} INFO - Processing file /home/airflow/.local/lib/python3.7/site-packages/airflow/example_dags/example_task_group.py for tasks to queue
[2021-11-28 09:51:48,687] {logging_mixin.py:109} INFO - [2021-11-28 09:51:48,687] {dagbag.py:500} INFO - Filling up the DagBag from /home/airflow/.local/lib/python3.7/site-packages/airflow/example_dags/example_task_group.py
[2021-11-28 09:51:48,710] {processor.py:637} INFO - DAG(s) dict_keys(['example_task_group']) retrieved from /home/airflow/.local/lib/python3.7/site-packages/airflow/example_dags/example_task_group.py
[2021-11-28 09:51:48,719] {logging_mixin.py:109} INFO - [2021-11-28 09:51:48,719] {dag.py:2396} INFO - Sync 1 DAGs
[2021-11-28 09:51:48,732] {logging_mixin.py:109} INFO - [2021-11-28 09:51:48,732] {dag.py:2928} INFO - Setting next_dagrun for example_task_group to 2021-11-27T09:51:48.732034+00:00
[2021-11-28 09:51:48,743] {processor.py:171} INFO - Processing /home/airflow/.local/lib/python3.7/site-packages/airflow/example_dags/example_task_group.py took 0.060 seconds
[2021-11-28 09:52:19,123] {processor.py:163} INFO - Started process (PID=112) to work on /home/airflow/.local/lib/python3.7/site-packages/airflow/example_dags/example_task_group.py
[2021-11-28 09:52:19,124] {processor.py:625} INFO - Processing file /home/airflow/.local/lib/python3.7/site-packages/airflow/example_dags/example_task_group.py for tasks to queue
[2021-11-28 09:52:19,124] {logging_mixin.py:109} INFO - [2021-11-28 09:52:19,124] {dagbag.py:500} INFO - Filling up the DagBag from /home/airflow/.local/lib/python3.7/site-packages/airflow/example_dags/example_task_group.py
[2021-11-28 09:52:19,148] {processor.py:637} INFO - DAG(s) dict_keys(['example_task_group']) retrieved from /home/airflow/.local/lib/python3.7/site-packages/airflow/example_dags/example_task_group.py
[2021-11-28 09:52:19,156] {logging_mixin.py:109} INFO - [2021-11-28 09:52:19,156] {dag.py:2396} INFO - Sync 1 DAGs
[2021-11-28 09:52:19,167] {logging_mixin.py:109} INFO - [2021-11-28 09:52:19,167] {dag.py:2928} INFO - Setting next_dagrun for example_task_group to 2021-11-27T09:52:19.167613+00:00
[2021-11-28 09:52:19,175] {processor.py:171} INFO - Processing /home/airflow/.local/lib/python3.7/site-packages/airflow/example_dags/example_task_group.py took 0.055 seconds
[2021-11-28 09:52:49,959] {processor.py:163} INFO - Started process (PID=163) to work on /home/airflow/.local/lib/python3.7/site-packages/airflow/example_dags/example_task_group.py
[2021-11-28 09:52:49,960] {processor.py:625} INFO - Processing file /home/airflow/.local/lib/python3.7/site-packages/airflow/example_dags/example_task_group.py for tasks to queue
[2021-11-28 09:52:49,961] {logging_mixin.py:109} INFO - [2021-11-28 09:52:49,961] {dagbag.py:500} INFO - Filling up the DagBag from /home/airflow/.local/lib/python3.7/site-packages/airflow/example_dags/example_task_group.py
[2021-11-28 09:52:49,987] {processor.py:637} INFO - DAG(s) dict_keys(['example_task_group']) retrieved from /home/airflow/.local/lib/python3.7/site-packages/airflow/example_dags/example_task_group.py
[2021-11-28 09:52:49,995] {logging_mixin.py:109} INFO - [2021-11-28 09:52:49,995] {dag.py:2396} INFO - Sync 1 DAGs
[2021-11-28 09:52:50,008] {logging_mixin.py:109} INFO - [2021-11-28 09:52:50,007] {dag.py:2928} INFO - Setting next_dagrun for example_task_group to 2021-11-27T09:52:50.007717+00:00
[2021-11-28 09:52:50,018] {processor.py:171} INFO - Processing /home/airflow/.local/lib/python3.7/site-packages/airflow/example_dags/example_task_group.py took 0.061 seconds
[2021-11-28 09:58:34,306] {processor.py:163} INFO - Started process (PID=50) to work on /home/airflow/.local/lib/python3.7/site-packages/airflow/example_dags/example_task_group.py
[2021-11-28 09:58:34,307] {processor.py:625} INFO - Processing file /home/airflow/.local/lib/python3.7/site-packages/airflow/example_dags/example_task_group.py for tasks to queue
[2021-11-28 09:58:34,307] {logging_mixin.py:109} INFO - [2021-11-28 09:58:34,307] {dagbag.py:500} INFO - Filling up the DagBag from /home/airflow/.local/lib/python3.7/site-packages/airflow/example_dags/example_task_group.py
[2021-11-28 09:58:34,336] {processor.py:637} INFO - DAG(s) dict_keys(['example_task_group']) retrieved from /home/airflow/.local/lib/python3.7/site-packages/airflow/example_dags/example_task_group.py
[2021-11-28 09:58:34,344] {logging_mixin.py:109} INFO - [2021-11-28 09:58:34,344] {dag.py:2396} INFO - Sync 1 DAGs
[2021-11-28 09:58:34,357] {logging_mixin.py:109} INFO - [2021-11-28 09:58:34,357] {dag.py:2928} INFO - Setting next_dagrun for example_task_group to 2021-11-27T09:58:34.357394+00:00
[2021-11-28 09:58:34,369] {processor.py:171} INFO - Processing /home/airflow/.local/lib/python3.7/site-packages/airflow/example_dags/example_task_group.py took 0.065 seconds
[2021-11-28 09:59:05,225] {processor.py:163} INFO - Started process (PID=110) to work on /home/airflow/.local/lib/python3.7/site-packages/airflow/example_dags/example_task_group.py
[2021-11-28 09:59:05,226] {processor.py:625} INFO - Processing file /home/airflow/.local/lib/python3.7/site-packages/airflow/example_dags/example_task_group.py for tasks to queue
[2021-11-28 09:59:05,227] {logging_mixin.py:109} INFO - [2021-11-28 09:59:05,227] {dagbag.py:500} INFO - Filling up the DagBag from /home/airflow/.local/lib/python3.7/site-packages/airflow/example_dags/example_task_group.py
[2021-11-28 09:59:05,258] {processor.py:637} INFO - DAG(s) dict_keys(['example_task_group']) retrieved from /home/airflow/.local/lib/python3.7/site-packages/airflow/example_dags/example_task_group.py
[2021-11-28 09:59:05,271] {logging_mixin.py:109} INFO - [2021-11-28 09:59:05,271] {dag.py:2396} INFO - Sync 1 DAGs
[2021-11-28 09:59:05,290] {logging_mixin.py:109} INFO - [2021-11-28 09:59:05,290] {dag.py:2928} INFO - Setting next_dagrun for example_task_group to 2021-11-27T09:59:05.290304+00:00
[2021-11-28 09:59:05,302] {processor.py:171} INFO - Processing /home/airflow/.local/lib/python3.7/site-packages/airflow/example_dags/example_task_group.py took 0.080 seconds
[2021-11-28 09:59:36,062] {processor.py:163} INFO - Started process (PID=170) to work on /home/airflow/.local/lib/python3.7/site-packages/airflow/example_dags/example_task_group.py
[2021-11-28 09:59:36,064] {processor.py:625} INFO - Processing file /home/airflow/.local/lib/python3.7/site-packages/airflow/example_dags/example_task_group.py for tasks to queue
[2021-11-28 09:59:36,064] {logging_mixin.py:109} INFO - [2021-11-28 09:59:36,064] {dagbag.py:500} INFO - Filling up the DagBag from /home/airflow/.local/lib/python3.7/site-packages/airflow/example_dags/example_task_group.py
[2021-11-28 09:59:36,091] {processor.py:637} INFO - DAG(s) dict_keys(['example_task_group']) retrieved from /home/airflow/.local/lib/python3.7/site-packages/airflow/example_dags/example_task_group.py
[2021-11-28 09:59:36,100] {logging_mixin.py:109} INFO - [2021-11-28 09:59:36,100] {dag.py:2396} INFO - Sync 1 DAGs
[2021-11-28 09:59:36,111] {logging_mixin.py:109} INFO - [2021-11-28 09:59:36,111] {dag.py:2928} INFO - Setting next_dagrun for example_task_group to 2021-11-27T09:59:36.111672+00:00
[2021-11-28 09:59:36,120] {processor.py:171} INFO - Processing /home/airflow/.local/lib/python3.7/site-packages/airflow/example_dags/example_task_group.py took 0.060 seconds
[2021-11-28 10:00:07,039] {processor.py:163} INFO - Started process (PID=221) to work on /home/airflow/.local/lib/python3.7/site-packages/airflow/example_dags/example_task_group.py
[2021-11-28 10:00:07,041] {processor.py:625} INFO - Processing file /home/airflow/.local/lib/python3.7/site-packages/airflow/example_dags/example_task_group.py for tasks to queue
[2021-11-28 10:00:07,041] {logging_mixin.py:109} INFO - [2021-11-28 10:00:07,041] {dagbag.py:500} INFO - Filling up the DagBag from /home/airflow/.local/lib/python3.7/site-packages/airflow/example_dags/example_task_group.py
[2021-11-28 10:00:07,066] {processor.py:637} INFO - DAG(s) dict_keys(['example_task_group']) retrieved from /home/airflow/.local/lib/python3.7/site-packages/airflow/example_dags/example_task_group.py
[2021-11-28 10:00:07,076] {logging_mixin.py:109} INFO - [2021-11-28 10:00:07,076] {dag.py:2396} INFO - Sync 1 DAGs
[2021-11-28 10:00:07,092] {logging_mixin.py:109} INFO - [2021-11-28 10:00:07,092] {dag.py:2928} INFO - Setting next_dagrun for example_task_group to 2021-11-27T10:00:07.092145+00:00
[2021-11-28 10:00:07,102] {processor.py:171} INFO - Processing /home/airflow/.local/lib/python3.7/site-packages/airflow/example_dags/example_task_group.py took 0.065 seconds
[2021-11-28 10:00:37,833] {processor.py:163} INFO - Started process (PID=281) to work on /home/airflow/.local/lib/python3.7/site-packages/airflow/example_dags/example_task_group.py
[2021-11-28 10:00:37,834] {processor.py:625} INFO - Processing file /home/airflow/.local/lib/python3.7/site-packages/airflow/example_dags/example_task_group.py for tasks to queue
[2021-11-28 10:00:37,835] {logging_mixin.py:109} INFO - [2021-11-28 10:00:37,835] {dagbag.py:500} INFO - Filling up the DagBag from /home/airflow/.local/lib/python3.7/site-packages/airflow/example_dags/example_task_group.py
[2021-11-28 10:00:37,861] {processor.py:637} INFO - DAG(s) dict_keys(['example_task_group']) retrieved from /home/airflow/.local/lib/python3.7/site-packages/airflow/example_dags/example_task_group.py
[2021-11-28 10:00:37,874] {logging_mixin.py:109} INFO - [2021-11-28 10:00:37,874] {dag.py:2396} INFO - Sync 1 DAGs
[2021-11-28 10:00:37,893] {logging_mixin.py:109} INFO - [2021-11-28 10:00:37,893] {dag.py:2928} INFO - Setting next_dagrun for example_task_group to 2021-11-27T10:00:37.893349+00:00
[2021-11-28 10:00:37,906] {processor.py:171} INFO - Processing /home/airflow/.local/lib/python3.7/site-packages/airflow/example_dags/example_task_group.py took 0.076 seconds
[2021-11-28 10:01:08,824] {processor.py:163} INFO - Started process (PID=332) to work on /home/airflow/.local/lib/python3.7/site-packages/airflow/example_dags/example_task_group.py
[2021-11-28 10:01:08,825] {processor.py:625} INFO - Processing file /home/airflow/.local/lib/python3.7/site-packages/airflow/example_dags/example_task_group.py for tasks to queue
[2021-11-28 10:01:08,826] {logging_mixin.py:109} INFO - [2021-11-28 10:01:08,826] {dagbag.py:500} INFO - Filling up the DagBag from /home/airflow/.local/lib/python3.7/site-packages/airflow/example_dags/example_task_group.py
[2021-11-28 10:01:08,845] {processor.py:637} INFO - DAG(s) dict_keys(['example_task_group']) retrieved from /home/airflow/.local/lib/python3.7/site-packages/airflow/example_dags/example_task_group.py
[2021-11-28 10:01:08,856] {logging_mixin.py:109} INFO - [2021-11-28 10:01:08,856] {dag.py:2396} INFO - Sync 1 DAGs
[2021-11-28 10:01:08,871] {logging_mixin.py:109} INFO - [2021-11-28 10:01:08,871] {dag.py:2928} INFO - Setting next_dagrun for example_task_group to 2021-11-27T10:01:08.870957+00:00
[2021-11-28 10:01:08,881] {processor.py:171} INFO - Processing /home/airflow/.local/lib/python3.7/site-packages/airflow/example_dags/example_task_group.py took 0.058 seconds
[2021-11-28 10:01:39,726] {processor.py:163} INFO - Started process (PID=392) to work on /home/airflow/.local/lib/python3.7/site-packages/airflow/example_dags/example_task_group.py
[2021-11-28 10:01:39,727] {processor.py:625} INFO - Processing file /home/airflow/.local/lib/python3.7/site-packages/airflow/example_dags/example_task_group.py for tasks to queue
[2021-11-28 10:01:39,728] {logging_mixin.py:109} INFO - [2021-11-28 10:01:39,727] {dagbag.py:500} INFO - Filling up the DagBag from /home/airflow/.local/lib/python3.7/site-packages/airflow/example_dags/example_task_group.py
[2021-11-28 10:01:39,752] {processor.py:637} INFO - DAG(s) dict_keys(['example_task_group']) retrieved from /home/airflow/.local/lib/python3.7/site-packages/airflow/example_dags/example_task_group.py
[2021-11-28 10:01:39,761] {logging_mixin.py:109} INFO - [2021-11-28 10:01:39,761] {dag.py:2396} INFO - Sync 1 DAGs
[2021-11-28 10:01:39,773] {logging_mixin.py:109} INFO - [2021-11-28 10:01:39,773] {dag.py:2928} INFO - Setting next_dagrun for example_task_group to 2021-11-27T10:01:39.773407+00:00
[2021-11-28 10:01:39,781] {processor.py:171} INFO - Processing /home/airflow/.local/lib/python3.7/site-packages/airflow/example_dags/example_task_group.py took 0.058 seconds
[2021-11-28 10:02:10,619] {processor.py:163} INFO - Started process (PID=452) to work on /home/airflow/.local/lib/python3.7/site-packages/airflow/example_dags/example_task_group.py
[2021-11-28 10:02:10,620] {processor.py:625} INFO - Processing file /home/airflow/.local/lib/python3.7/site-packages/airflow/example_dags/example_task_group.py for tasks to queue
[2021-11-28 10:02:10,621] {logging_mixin.py:109} INFO - [2021-11-28 10:02:10,621] {dagbag.py:500} INFO - Filling up the DagBag from /home/airflow/.local/lib/python3.7/site-packages/airflow/example_dags/example_task_group.py
[2021-11-28 10:02:10,648] {processor.py:637} INFO - DAG(s) dict_keys(['example_task_group']) retrieved from /home/airflow/.local/lib/python3.7/site-packages/airflow/example_dags/example_task_group.py
[2021-11-28 10:02:10,658] {logging_mixin.py:109} INFO - [2021-11-28 10:02:10,658] {dag.py:2396} INFO - Sync 1 DAGs
[2021-11-28 10:02:10,675] {logging_mixin.py:109} INFO - [2021-11-28 10:02:10,675] {dag.py:2928} INFO - Setting next_dagrun for example_task_group to 2021-11-27T10:02:10.675052+00:00
[2021-11-28 10:02:10,685] {processor.py:171} INFO - Processing /home/airflow/.local/lib/python3.7/site-packages/airflow/example_dags/example_task_group.py took 0.069 seconds
[2021-11-28 10:02:41,606] {processor.py:163} INFO - Started process (PID=503) to work on /home/airflow/.local/lib/python3.7/site-packages/airflow/example_dags/example_task_group.py
[2021-11-28 10:02:41,607] {processor.py:625} INFO - Processing file /home/airflow/.local/lib/python3.7/site-packages/airflow/example_dags/example_task_group.py for tasks to queue
[2021-11-28 10:02:41,607] {logging_mixin.py:109} INFO - [2021-11-28 10:02:41,607] {dagbag.py:500} INFO - Filling up the DagBag from /home/airflow/.local/lib/python3.7/site-packages/airflow/example_dags/example_task_group.py
[2021-11-28 10:02:41,626] {processor.py:637} INFO - DAG(s) dict_keys(['example_task_group']) retrieved from /home/airflow/.local/lib/python3.7/site-packages/airflow/example_dags/example_task_group.py
[2021-11-28 10:02:41,636] {logging_mixin.py:109} INFO - [2021-11-28 10:02:41,636] {dag.py:2396} INFO - Sync 1 DAGs
[2021-11-28 10:02:41,649] {logging_mixin.py:109} INFO - [2021-11-28 10:02:41,649] {dag.py:2928} INFO - Setting next_dagrun for example_task_group to 2021-11-27T10:02:41.649409+00:00
[2021-11-28 10:02:41,658] {processor.py:171} INFO - Processing /home/airflow/.local/lib/python3.7/site-packages/airflow/example_dags/example_task_group.py took 0.054 seconds
[2021-11-28 10:03:12,557] {processor.py:163} INFO - Started process (PID=563) to work on /home/airflow/.local/lib/python3.7/site-packages/airflow/example_dags/example_task_group.py
[2021-11-28 10:03:12,558] {processor.py:625} INFO - Processing file /home/airflow/.local/lib/python3.7/site-packages/airflow/example_dags/example_task_group.py for tasks to queue
[2021-11-28 10:03:12,558] {logging_mixin.py:109} INFO - [2021-11-28 10:03:12,558] {dagbag.py:500} INFO - Filling up the DagBag from /home/airflow/.local/lib/python3.7/site-packages/airflow/example_dags/example_task_group.py
[2021-11-28 10:03:12,577] {processor.py:637} INFO - DAG(s) dict_keys(['example_task_group']) retrieved from /home/airflow/.local/lib/python3.7/site-packages/airflow/example_dags/example_task_group.py
[2021-11-28 10:03:12,585] {logging_mixin.py:109} INFO - [2021-11-28 10:03:12,585] {dag.py:2396} INFO - Sync 1 DAGs
[2021-11-28 10:03:12,597] {logging_mixin.py:109} INFO - [2021-11-28 10:03:12,597] {dag.py:2928} INFO - Setting next_dagrun for example_task_group to 2021-11-27T10:03:12.597231+00:00
[2021-11-28 10:03:12,605] {processor.py:171} INFO - Processing /home/airflow/.local/lib/python3.7/site-packages/airflow/example_dags/example_task_group.py took 0.050 seconds
[2021-11-28 10:03:43,497] {processor.py:163} INFO - Started process (PID=614) to work on /home/airflow/.local/lib/python3.7/site-packages/airflow/example_dags/example_task_group.py
[2021-11-28 10:03:43,498] {processor.py:625} INFO - Processing file /home/airflow/.local/lib/python3.7/site-packages/airflow/example_dags/example_task_group.py for tasks to queue
[2021-11-28 10:03:43,499] {logging_mixin.py:109} INFO - [2021-11-28 10:03:43,499] {dagbag.py:500} INFO - Filling up the DagBag from /home/airflow/.local/lib/python3.7/site-packages/airflow/example_dags/example_task_group.py
[2021-11-28 10:03:43,530] {processor.py:637} INFO - DAG(s) dict_keys(['example_task_group']) retrieved from /home/airflow/.local/lib/python3.7/site-packages/airflow/example_dags/example_task_group.py
[2021-11-28 10:03:43,543] {logging_mixin.py:109} INFO - [2021-11-28 10:03:43,543] {dag.py:2396} INFO - Sync 1 DAGs
[2021-11-28 10:03:43,562] {logging_mixin.py:109} INFO - [2021-11-28 10:03:43,562] {dag.py:2928} INFO - Setting next_dagrun for example_task_group to 2021-11-27T10:03:43.562534+00:00
[2021-11-28 10:03:43,575] {processor.py:171} INFO - Processing /home/airflow/.local/lib/python3.7/site-packages/airflow/example_dags/example_task_group.py took 0.081 seconds
[2021-11-28 10:04:14,491] {processor.py:163} INFO - Started process (PID=674) to work on /home/airflow/.local/lib/python3.7/site-packages/airflow/example_dags/example_task_group.py
[2021-11-28 10:04:14,492] {processor.py:625} INFO - Processing file /home/airflow/.local/lib/python3.7/site-packages/airflow/example_dags/example_task_group.py for tasks to queue
[2021-11-28 10:04:14,493] {logging_mixin.py:109} INFO - [2021-11-28 10:04:14,493] {dagbag.py:500} INFO - Filling up the DagBag from /home/airflow/.local/lib/python3.7/site-packages/airflow/example_dags/example_task_group.py
[2021-11-28 10:04:14,519] {processor.py:637} INFO - DAG(s) dict_keys(['example_task_group']) retrieved from /home/airflow/.local/lib/python3.7/site-packages/airflow/example_dags/example_task_group.py
[2021-11-28 10:04:14,528] {logging_mixin.py:109} INFO - [2021-11-28 10:04:14,528] {dag.py:2396} INFO - Sync 1 DAGs
[2021-11-28 10:04:14,539] {logging_mixin.py:109} INFO - [2021-11-28 10:04:14,539] {dag.py:2928} INFO - Setting next_dagrun for example_task_group to 2021-11-27T10:04:14.539241+00:00
[2021-11-28 10:04:14,547] {processor.py:171} INFO - Processing /home/airflow/.local/lib/python3.7/site-packages/airflow/example_dags/example_task_group.py took 0.058 seconds
[2021-11-28 10:04:45,527] {processor.py:163} INFO - Started process (PID=734) to work on /home/airflow/.local/lib/python3.7/site-packages/airflow/example_dags/example_task_group.py
[2021-11-28 10:04:45,528] {processor.py:625} INFO - Processing file /home/airflow/.local/lib/python3.7/site-packages/airflow/example_dags/example_task_group.py for tasks to queue
[2021-11-28 10:04:45,529] {logging_mixin.py:109} INFO - [2021-11-28 10:04:45,529] {dagbag.py:500} INFO - Filling up the DagBag from /home/airflow/.local/lib/python3.7/site-packages/airflow/example_dags/example_task_group.py
[2021-11-28 10:04:45,558] {processor.py:637} INFO - DAG(s) dict_keys(['example_task_group']) retrieved from /home/airflow/.local/lib/python3.7/site-packages/airflow/example_dags/example_task_group.py
[2021-11-28 10:04:45,567] {logging_mixin.py:109} INFO - [2021-11-28 10:04:45,567] {dag.py:2396} INFO - Sync 1 DAGs
[2021-11-28 10:04:45,580] {logging_mixin.py:109} INFO - [2021-11-28 10:04:45,580] {dag.py:2928} INFO - Setting next_dagrun for example_task_group to 2021-11-27T10:04:45.580040+00:00
[2021-11-28 10:04:45,588] {processor.py:171} INFO - Processing /home/airflow/.local/lib/python3.7/site-packages/airflow/example_dags/example_task_group.py took 0.064 seconds
[2021-11-28 10:05:16,671] {processor.py:163} INFO - Started process (PID=785) to work on /home/airflow/.local/lib/python3.7/site-packages/airflow/example_dags/example_task_group.py
[2021-11-28 10:05:16,672] {processor.py:625} INFO - Processing file /home/airflow/.local/lib/python3.7/site-packages/airflow/example_dags/example_task_group.py for tasks to queue
[2021-11-28 10:05:16,672] {logging_mixin.py:109} INFO - [2021-11-28 10:05:16,672] {dagbag.py:500} INFO - Filling up the DagBag from /home/airflow/.local/lib/python3.7/site-packages/airflow/example_dags/example_task_group.py
[2021-11-28 10:05:16,694] {processor.py:637} INFO - DAG(s) dict_keys(['example_task_group']) retrieved from /home/airflow/.local/lib/python3.7/site-packages/airflow/example_dags/example_task_group.py
[2021-11-28 10:05:16,706] {logging_mixin.py:109} INFO - [2021-11-28 10:05:16,706] {dag.py:2396} INFO - Sync 1 DAGs
[2021-11-28 10:05:16,723] {logging_mixin.py:109} INFO - [2021-11-28 10:05:16,723] {dag.py:2928} INFO - Setting next_dagrun for example_task_group to 2021-11-27T10:05:16.723215+00:00
[2021-11-28 10:05:16,731] {processor.py:171} INFO - Processing /home/airflow/.local/lib/python3.7/site-packages/airflow/example_dags/example_task_group.py took 0.062 seconds
[2021-11-28 10:05:47,711] {processor.py:163} INFO - Started process (PID=845) to work on /home/airflow/.local/lib/python3.7/site-packages/airflow/example_dags/example_task_group.py
[2021-11-28 10:05:47,712] {processor.py:625} INFO - Processing file /home/airflow/.local/lib/python3.7/site-packages/airflow/example_dags/example_task_group.py for tasks to queue
[2021-11-28 10:05:47,712] {logging_mixin.py:109} INFO - [2021-11-28 10:05:47,712] {dagbag.py:500} INFO - Filling up the DagBag from /home/airflow/.local/lib/python3.7/site-packages/airflow/example_dags/example_task_group.py
[2021-11-28 10:05:47,733] {processor.py:637} INFO - DAG(s) dict_keys(['example_task_group']) retrieved from /home/airflow/.local/lib/python3.7/site-packages/airflow/example_dags/example_task_group.py
[2021-11-28 10:05:47,741] {logging_mixin.py:109} INFO - [2021-11-28 10:05:47,741] {dag.py:2396} INFO - Sync 1 DAGs
[2021-11-28 10:05:47,754] {logging_mixin.py:109} INFO - [2021-11-28 10:05:47,754] {dag.py:2928} INFO - Setting next_dagrun for example_task_group to 2021-11-27T10:05:47.754206+00:00
[2021-11-28 10:05:47,764] {processor.py:171} INFO - Processing /home/airflow/.local/lib/python3.7/site-packages/airflow/example_dags/example_task_group.py took 0.055 seconds
[2021-11-28 10:06:18,108] {processor.py:163} INFO - Started process (PID=896) to work on /home/airflow/.local/lib/python3.7/site-packages/airflow/example_dags/example_task_group.py
[2021-11-28 10:06:18,109] {processor.py:625} INFO - Processing file /home/airflow/.local/lib/python3.7/site-packages/airflow/example_dags/example_task_group.py for tasks to queue
[2021-11-28 10:06:18,110] {logging_mixin.py:109} INFO - [2021-11-28 10:06:18,110] {dagbag.py:500} INFO - Filling up the DagBag from /home/airflow/.local/lib/python3.7/site-packages/airflow/example_dags/example_task_group.py
[2021-11-28 10:06:18,138] {processor.py:637} INFO - DAG(s) dict_keys(['example_task_group']) retrieved from /home/airflow/.local/lib/python3.7/site-packages/airflow/example_dags/example_task_group.py
[2021-11-28 10:06:18,145] {logging_mixin.py:109} INFO - [2021-11-28 10:06:18,145] {dag.py:2396} INFO - Sync 1 DAGs
[2021-11-28 10:06:18,221] {logging_mixin.py:109} INFO - [2021-11-28 10:06:18,221] {dag.py:2928} INFO - Setting next_dagrun for example_task_group to 2021-11-27T10:06:18.221050+00:00
[2021-11-28 10:06:18,229] {processor.py:171} INFO - Processing /home/airflow/.local/lib/python3.7/site-packages/airflow/example_dags/example_task_group.py took 0.124 seconds
[2021-11-28 10:06:48,699] {processor.py:163} INFO - Started process (PID=956) to work on /home/airflow/.local/lib/python3.7/site-packages/airflow/example_dags/example_task_group.py
[2021-11-28 10:06:48,700] {processor.py:625} INFO - Processing file /home/airflow/.local/lib/python3.7/site-packages/airflow/example_dags/example_task_group.py for tasks to queue
[2021-11-28 10:06:48,700] {logging_mixin.py:109} INFO - [2021-11-28 10:06:48,700] {dagbag.py:500} INFO - Filling up the DagBag from /home/airflow/.local/lib/python3.7/site-packages/airflow/example_dags/example_task_group.py
[2021-11-28 10:06:48,719] {processor.py:637} INFO - DAG(s) dict_keys(['example_task_group']) retrieved from /home/airflow/.local/lib/python3.7/site-packages/airflow/example_dags/example_task_group.py
[2021-11-28 10:06:48,727] {logging_mixin.py:109} INFO - [2021-11-28 10:06:48,727] {dag.py:2396} INFO - Sync 1 DAGs
[2021-11-28 10:06:48,811] {logging_mixin.py:109} INFO - [2021-11-28 10:06:48,811] {dag.py:2928} INFO - Setting next_dagrun for example_task_group to 2021-11-27T10:06:48.811594+00:00
[2021-11-28 10:06:48,823] {processor.py:171} INFO - Processing /home/airflow/.local/lib/python3.7/site-packages/airflow/example_dags/example_task_group.py took 0.126 seconds
[2021-11-28 10:07:19,538] {processor.py:163} INFO - Started process (PID=1014) to work on /home/airflow/.local/lib/python3.7/site-packages/airflow/example_dags/example_task_group.py
[2021-11-28 10:07:19,539] {processor.py:625} INFO - Processing file /home/airflow/.local/lib/python3.7/site-packages/airflow/example_dags/example_task_group.py for tasks to queue
[2021-11-28 10:07:19,540] {logging_mixin.py:109} INFO - [2021-11-28 10:07:19,539] {dagbag.py:500} INFO - Filling up the DagBag from /home/airflow/.local/lib/python3.7/site-packages/airflow/example_dags/example_task_group.py
[2021-11-28 10:07:19,567] {processor.py:637} INFO - DAG(s) dict_keys(['example_task_group']) retrieved from /home/airflow/.local/lib/python3.7/site-packages/airflow/example_dags/example_task_group.py
[2021-11-28 10:07:19,580] {logging_mixin.py:109} INFO - [2021-11-28 10:07:19,580] {dag.py:2396} INFO - Sync 1 DAGs
[2021-11-28 10:07:19,662] {logging_mixin.py:109} INFO - [2021-11-28 10:07:19,662] {dag.py:2928} INFO - Setting next_dagrun for example_task_group to 2021-11-27T10:07:19.662418+00:00
[2021-11-28 10:07:19,670] {processor.py:171} INFO - Processing /home/airflow/.local/lib/python3.7/site-packages/airflow/example_dags/example_task_group.py took 0.135 seconds
[2021-11-28 10:07:50,322] {processor.py:163} INFO - Started process (PID=1067) to work on /home/airflow/.local/lib/python3.7/site-packages/airflow/example_dags/example_task_group.py
[2021-11-28 10:07:50,323] {processor.py:625} INFO - Processing file /home/airflow/.local/lib/python3.7/site-packages/airflow/example_dags/example_task_group.py for tasks to queue
[2021-11-28 10:07:50,323] {logging_mixin.py:109} INFO - [2021-11-28 10:07:50,323] {dagbag.py:500} INFO - Filling up the DagBag from /home/airflow/.local/lib/python3.7/site-packages/airflow/example_dags/example_task_group.py
[2021-11-28 10:07:50,352] {processor.py:637} INFO - DAG(s) dict_keys(['example_task_group']) retrieved from /home/airflow/.local/lib/python3.7/site-packages/airflow/example_dags/example_task_group.py
[2021-11-28 10:07:50,365] {logging_mixin.py:109} INFO - [2021-11-28 10:07:50,365] {dag.py:2396} INFO - Sync 1 DAGs
[2021-11-28 10:07:50,443] {logging_mixin.py:109} INFO - [2021-11-28 10:07:50,442] {dag.py:2928} INFO - Setting next_dagrun for example_task_group to 2021-11-27T10:07:50.442781+00:00
[2021-11-28 10:07:50,452] {processor.py:171} INFO - Processing /home/airflow/.local/lib/python3.7/site-packages/airflow/example_dags/example_task_group.py took 0.133 seconds
[2021-11-28 10:08:21,065] {processor.py:163} INFO - Started process (PID=1127) to work on /home/airflow/.local/lib/python3.7/site-packages/airflow/example_dags/example_task_group.py
[2021-11-28 10:08:21,066] {processor.py:625} INFO - Processing file /home/airflow/.local/lib/python3.7/site-packages/airflow/example_dags/example_task_group.py for tasks to queue
[2021-11-28 10:08:21,066] {logging_mixin.py:109} INFO - [2021-11-28 10:08:21,066] {dagbag.py:500} INFO - Filling up the DagBag from /home/airflow/.local/lib/python3.7/site-packages/airflow/example_dags/example_task_group.py
[2021-11-28 10:08:21,094] {processor.py:637} INFO - DAG(s) dict_keys(['example_task_group']) retrieved from /home/airflow/.local/lib/python3.7/site-packages/airflow/example_dags/example_task_group.py
[2021-11-28 10:08:21,102] {logging_mixin.py:109} INFO - [2021-11-28 10:08:21,102] {dag.py:2396} INFO - Sync 1 DAGs
[2021-11-28 10:08:21,176] {logging_mixin.py:109} INFO - [2021-11-28 10:08:21,176] {dag.py:2928} INFO - Setting next_dagrun for example_task_group to 2021-11-27T10:08:21.176602+00:00
[2021-11-28 10:08:21,187] {processor.py:171} INFO - Processing /home/airflow/.local/lib/python3.7/site-packages/airflow/example_dags/example_task_group.py took 0.125 seconds
[2021-11-28 10:08:51,909] {processor.py:163} INFO - Started process (PID=1178) to work on /home/airflow/.local/lib/python3.7/site-packages/airflow/example_dags/example_task_group.py
[2021-11-28 10:08:51,910] {processor.py:625} INFO - Processing file /home/airflow/.local/lib/python3.7/site-packages/airflow/example_dags/example_task_group.py for tasks to queue
[2021-11-28 10:08:51,911] {logging_mixin.py:109} INFO - [2021-11-28 10:08:51,911] {dagbag.py:500} INFO - Filling up the DagBag from /home/airflow/.local/lib/python3.7/site-packages/airflow/example_dags/example_task_group.py
[2021-11-28 10:08:51,991] {processor.py:637} INFO - DAG(s) dict_keys(['example_task_group']) retrieved from /home/airflow/.local/lib/python3.7/site-packages/airflow/example_dags/example_task_group.py
[2021-11-28 10:08:51,998] {logging_mixin.py:109} INFO - [2021-11-28 10:08:51,998] {dag.py:2396} INFO - Sync 1 DAGs
[2021-11-28 10:08:52,008] {logging_mixin.py:109} INFO - [2021-11-28 10:08:52,008] {dag.py:2928} INFO - Setting next_dagrun for example_task_group to 2021-11-27T10:08:52.008436+00:00
[2021-11-28 10:08:52,017] {processor.py:171} INFO - Processing /home/airflow/.local/lib/python3.7/site-packages/airflow/example_dags/example_task_group.py took 0.109 seconds
[2021-11-28 10:09:22,749] {processor.py:163} INFO - Started process (PID=1238) to work on /home/airflow/.local/lib/python3.7/site-packages/airflow/example_dags/example_task_group.py
[2021-11-28 10:09:22,750] {processor.py:625} INFO - Processing file /home/airflow/.local/lib/python3.7/site-packages/airflow/example_dags/example_task_group.py for tasks to queue
[2021-11-28 10:09:22,751] {logging_mixin.py:109} INFO - [2021-11-28 10:09:22,750] {dagbag.py:500} INFO - Filling up the DagBag from /home/airflow/.local/lib/python3.7/site-packages/airflow/example_dags/example_task_group.py
[2021-11-28 10:09:22,833] {processor.py:637} INFO - DAG(s) dict_keys(['example_task_group']) retrieved from /home/airflow/.local/lib/python3.7/site-packages/airflow/example_dags/example_task_group.py
[2021-11-28 10:09:22,840] {logging_mixin.py:109} INFO - [2021-11-28 10:09:22,840] {dag.py:2396} INFO - Sync 1 DAGs
[2021-11-28 10:09:22,850] {logging_mixin.py:109} INFO - [2021-11-28 10:09:22,850] {dag.py:2928} INFO - Setting next_dagrun for example_task_group to 2021-11-27T10:09:22.850355+00:00
[2021-11-28 10:09:22,858] {processor.py:171} INFO - Processing /home/airflow/.local/lib/python3.7/site-packages/airflow/example_dags/example_task_group.py took 0.112 seconds
[2021-11-28 10:09:53,402] {processor.py:163} INFO - Started process (PID=1289) to work on /home/airflow/.local/lib/python3.7/site-packages/airflow/example_dags/example_task_group.py
[2021-11-28 10:09:53,403] {processor.py:625} INFO - Processing file /home/airflow/.local/lib/python3.7/site-packages/airflow/example_dags/example_task_group.py for tasks to queue
[2021-11-28 10:09:53,404] {logging_mixin.py:109} INFO - [2021-11-28 10:09:53,404] {dagbag.py:500} INFO - Filling up the DagBag from /home/airflow/.local/lib/python3.7/site-packages/airflow/example_dags/example_task_group.py
[2021-11-28 10:09:53,499] {processor.py:637} INFO - DAG(s) dict_keys(['example_task_group']) retrieved from /home/airflow/.local/lib/python3.7/site-packages/airflow/example_dags/example_task_group.py
[2021-11-28 10:09:53,507] {logging_mixin.py:109} INFO - [2021-11-28 10:09:53,507] {dag.py:2396} INFO - Sync 1 DAGs
[2021-11-28 10:09:53,518] {logging_mixin.py:109} INFO - [2021-11-28 10:09:53,518] {dag.py:2928} INFO - Setting next_dagrun for example_task_group to 2021-11-27T10:09:53.517920+00:00
[2021-11-28 10:09:53,527] {processor.py:171} INFO - Processing /home/airflow/.local/lib/python3.7/site-packages/airflow/example_dags/example_task_group.py took 0.127 seconds
[2021-11-28 10:10:24,134] {processor.py:163} INFO - Started process (PID=1349) to work on /home/airflow/.local/lib/python3.7/site-packages/airflow/example_dags/example_task_group.py
[2021-11-28 10:10:24,135] {processor.py:625} INFO - Processing file /home/airflow/.local/lib/python3.7/site-packages/airflow/example_dags/example_task_group.py for tasks to queue
[2021-11-28 10:10:24,136] {logging_mixin.py:109} INFO - [2021-11-28 10:10:24,135] {dagbag.py:500} INFO - Filling up the DagBag from /home/airflow/.local/lib/python3.7/site-packages/airflow/example_dags/example_task_group.py
[2021-11-28 10:10:24,224] {processor.py:637} INFO - DAG(s) dict_keys(['example_task_group']) retrieved from /home/airflow/.local/lib/python3.7/site-packages/airflow/example_dags/example_task_group.py
[2021-11-28 10:10:24,231] {logging_mixin.py:109} INFO - [2021-11-28 10:10:24,231] {dag.py:2396} INFO - Sync 1 DAGs
[2021-11-28 10:10:24,240] {logging_mixin.py:109} INFO - [2021-11-28 10:10:24,240] {dag.py:2928} INFO - Setting next_dagrun for example_task_group to 2021-11-27T10:10:24.240507+00:00
[2021-11-28 10:10:24,248] {processor.py:171} INFO - Processing /home/airflow/.local/lib/python3.7/site-packages/airflow/example_dags/example_task_group.py took 0.117 seconds
[2021-11-28 10:10:54,358] {processor.py:163} INFO - Started process (PID=1409) to work on /home/airflow/.local/lib/python3.7/site-packages/airflow/example_dags/example_task_group.py
[2021-11-28 10:10:54,359] {processor.py:625} INFO - Processing file /home/airflow/.local/lib/python3.7/site-packages/airflow/example_dags/example_task_group.py for tasks to queue
[2021-11-28 10:10:54,360] {logging_mixin.py:109} INFO - [2021-11-28 10:10:54,360] {dagbag.py:500} INFO - Filling up the DagBag from /home/airflow/.local/lib/python3.7/site-packages/airflow/example_dags/example_task_group.py
[2021-11-28 10:10:54,387] {processor.py:637} INFO - DAG(s) dict_keys(['example_task_group']) retrieved from /home/airflow/.local/lib/python3.7/site-packages/airflow/example_dags/example_task_group.py
[2021-11-28 10:10:54,395] {logging_mixin.py:109} INFO - [2021-11-28 10:10:54,395] {dag.py:2396} INFO - Sync 1 DAGs
[2021-11-28 10:10:54,410] {logging_mixin.py:109} INFO - [2021-11-28 10:10:54,410] {dag.py:2928} INFO - Setting next_dagrun for example_task_group to 2021-11-27T10:10:54.409986+00:00
[2021-11-28 10:10:54,420] {processor.py:171} INFO - Processing /home/airflow/.local/lib/python3.7/site-packages/airflow/example_dags/example_task_group.py took 0.065 seconds
[2021-11-28 10:11:25,093] {processor.py:163} INFO - Started process (PID=1460) to work on /home/airflow/.local/lib/python3.7/site-packages/airflow/example_dags/example_task_group.py
[2021-11-28 10:11:25,094] {processor.py:625} INFO - Processing file /home/airflow/.local/lib/python3.7/site-packages/airflow/example_dags/example_task_group.py for tasks to queue
[2021-11-28 10:11:25,095] {logging_mixin.py:109} INFO - [2021-11-28 10:11:25,095] {dagbag.py:500} INFO - Filling up the DagBag from /home/airflow/.local/lib/python3.7/site-packages/airflow/example_dags/example_task_group.py
[2021-11-28 10:11:25,112] {processor.py:637} INFO - DAG(s) dict_keys(['example_task_group']) retrieved from /home/airflow/.local/lib/python3.7/site-packages/airflow/example_dags/example_task_group.py
[2021-11-28 10:11:25,120] {logging_mixin.py:109} INFO - [2021-11-28 10:11:25,119] {dag.py:2396} INFO - Sync 1 DAGs
[2021-11-28 10:11:25,130] {logging_mixin.py:109} INFO - [2021-11-28 10:11:25,130] {dag.py:2928} INFO - Setting next_dagrun for example_task_group to 2021-11-27T10:11:25.130266+00:00
[2021-11-28 10:11:25,137] {processor.py:171} INFO - Processing /home/airflow/.local/lib/python3.7/site-packages/airflow/example_dags/example_task_group.py took 0.046 seconds
[2021-11-28 10:11:55,843] {processor.py:163} INFO - Started process (PID=1520) to work on /home/airflow/.local/lib/python3.7/site-packages/airflow/example_dags/example_task_group.py
[2021-11-28 10:11:55,844] {processor.py:625} INFO - Processing file /home/airflow/.local/lib/python3.7/site-packages/airflow/example_dags/example_task_group.py for tasks to queue
[2021-11-28 10:11:55,845] {logging_mixin.py:109} INFO - [2021-11-28 10:11:55,845] {dagbag.py:500} INFO - Filling up the DagBag from /home/airflow/.local/lib/python3.7/site-packages/airflow/example_dags/example_task_group.py
[2021-11-28 10:11:55,874] {processor.py:637} INFO - DAG(s) dict_keys(['example_task_group']) retrieved from /home/airflow/.local/lib/python3.7/site-packages/airflow/example_dags/example_task_group.py
[2021-11-28 10:11:55,889] {logging_mixin.py:109} INFO - [2021-11-28 10:11:55,889] {dag.py:2396} INFO - Sync 1 DAGs
[2021-11-28 10:11:55,912] {logging_mixin.py:109} INFO - [2021-11-28 10:11:55,912] {dag.py:2928} INFO - Setting next_dagrun for example_task_group to 2021-11-27T10:11:55.911714+00:00
[2021-11-28 10:11:55,923] {processor.py:171} INFO - Processing /home/airflow/.local/lib/python3.7/site-packages/airflow/example_dags/example_task_group.py took 0.083 seconds
[2021-11-28 10:12:26,565] {processor.py:163} INFO - Started process (PID=1571) to work on /home/airflow/.local/lib/python3.7/site-packages/airflow/example_dags/example_task_group.py
[2021-11-28 10:12:26,566] {processor.py:625} INFO - Processing file /home/airflow/.local/lib/python3.7/site-packages/airflow/example_dags/example_task_group.py for tasks to queue
[2021-11-28 10:12:26,567] {logging_mixin.py:109} INFO - [2021-11-28 10:12:26,567] {dagbag.py:500} INFO - Filling up the DagBag from /home/airflow/.local/lib/python3.7/site-packages/airflow/example_dags/example_task_group.py
[2021-11-28 10:12:26,590] {processor.py:637} INFO - DAG(s) dict_keys(['example_task_group']) retrieved from /home/airflow/.local/lib/python3.7/site-packages/airflow/example_dags/example_task_group.py
[2021-11-28 10:12:26,597] {logging_mixin.py:109} INFO - [2021-11-28 10:12:26,597] {dag.py:2396} INFO - Sync 1 DAGs
[2021-11-28 10:12:26,608] {logging_mixin.py:109} INFO - [2021-11-28 10:12:26,608] {dag.py:2928} INFO - Setting next_dagrun for example_task_group to 2021-11-27T10:12:26.608458+00:00
[2021-11-28 10:12:26,616] {processor.py:171} INFO - Processing /home/airflow/.local/lib/python3.7/site-packages/airflow/example_dags/example_task_group.py took 0.054 seconds
[2021-11-28 10:12:57,398] {processor.py:163} INFO - Started process (PID=1631) to work on /home/airflow/.local/lib/python3.7/site-packages/airflow/example_dags/example_task_group.py
[2021-11-28 10:12:57,399] {processor.py:625} INFO - Processing file /home/airflow/.local/lib/python3.7/site-packages/airflow/example_dags/example_task_group.py for tasks to queue
[2021-11-28 10:12:57,400] {logging_mixin.py:109} INFO - [2021-11-28 10:12:57,399] {dagbag.py:500} INFO - Filling up the DagBag from /home/airflow/.local/lib/python3.7/site-packages/airflow/example_dags/example_task_group.py
[2021-11-28 10:12:57,426] {processor.py:637} INFO - DAG(s) dict_keys(['example_task_group']) retrieved from /home/airflow/.local/lib/python3.7/site-packages/airflow/example_dags/example_task_group.py
[2021-11-28 10:12:57,435] {logging_mixin.py:109} INFO - [2021-11-28 10:12:57,435] {dag.py:2396} INFO - Sync 1 DAGs
[2021-11-28 10:12:57,449] {logging_mixin.py:109} INFO - [2021-11-28 10:12:57,449] {dag.py:2928} INFO - Setting next_dagrun for example_task_group to 2021-11-27T10:12:57.448987+00:00
[2021-11-28 10:12:57,458] {processor.py:171} INFO - Processing /home/airflow/.local/lib/python3.7/site-packages/airflow/example_dags/example_task_group.py took 0.063 seconds
[2021-11-28 10:13:28,094] {processor.py:163} INFO - Started process (PID=1689) to work on /home/airflow/.local/lib/python3.7/site-packages/airflow/example_dags/example_task_group.py
[2021-11-28 10:13:28,095] {processor.py:625} INFO - Processing file /home/airflow/.local/lib/python3.7/site-packages/airflow/example_dags/example_task_group.py for tasks to queue
[2021-11-28 10:13:28,096] {logging_mixin.py:109} INFO - [2021-11-28 10:13:28,096] {dagbag.py:500} INFO - Filling up the DagBag from /home/airflow/.local/lib/python3.7/site-packages/airflow/example_dags/example_task_group.py
[2021-11-28 10:13:28,125] {processor.py:637} INFO - DAG(s) dict_keys(['example_task_group']) retrieved from /home/airflow/.local/lib/python3.7/site-packages/airflow/example_dags/example_task_group.py
[2021-11-28 10:13:28,141] {logging_mixin.py:109} INFO - [2021-11-28 10:13:28,141] {dag.py:2396} INFO - Sync 1 DAGs
[2021-11-28 10:13:28,165] {logging_mixin.py:109} INFO - [2021-11-28 10:13:28,165] {dag.py:2928} INFO - Setting next_dagrun for example_task_group to 2021-11-27T10:13:28.165237+00:00
[2021-11-28 10:13:28,181] {processor.py:171} INFO - Processing /home/airflow/.local/lib/python3.7/site-packages/airflow/example_dags/example_task_group.py took 0.090 seconds
[2021-11-28 10:13:58,956] {processor.py:163} INFO - Started process (PID=1742) to work on /home/airflow/.local/lib/python3.7/site-packages/airflow/example_dags/example_task_group.py
[2021-11-28 10:13:58,957] {processor.py:625} INFO - Processing file /home/airflow/.local/lib/python3.7/site-packages/airflow/example_dags/example_task_group.py for tasks to queue
[2021-11-28 10:13:58,957] {logging_mixin.py:109} INFO - [2021-11-28 10:13:58,957] {dagbag.py:500} INFO - Filling up the DagBag from /home/airflow/.local/lib/python3.7/site-packages/airflow/example_dags/example_task_group.py
[2021-11-28 10:13:58,976] {processor.py:637} INFO - DAG(s) dict_keys(['example_task_group']) retrieved from /home/airflow/.local/lib/python3.7/site-packages/airflow/example_dags/example_task_group.py
[2021-11-28 10:13:58,983] {logging_mixin.py:109} INFO - [2021-11-28 10:13:58,983] {dag.py:2396} INFO - Sync 1 DAGs
[2021-11-28 10:13:58,995] {logging_mixin.py:109} INFO - [2021-11-28 10:13:58,994] {dag.py:2928} INFO - Setting next_dagrun for example_task_group to 2021-11-27T10:13:58.994809+00:00
[2021-11-28 10:13:59,003] {processor.py:171} INFO - Processing /home/airflow/.local/lib/python3.7/site-packages/airflow/example_dags/example_task_group.py took 0.050 seconds
[2021-11-28 10:14:29,724] {processor.py:163} INFO - Started process (PID=1803) to work on /home/airflow/.local/lib/python3.7/site-packages/airflow/example_dags/example_task_group.py
[2021-11-28 10:14:29,725] {processor.py:625} INFO - Processing file /home/airflow/.local/lib/python3.7/site-packages/airflow/example_dags/example_task_group.py for tasks to queue
[2021-11-28 10:14:29,726] {logging_mixin.py:109} INFO - [2021-11-28 10:14:29,726] {dagbag.py:500} INFO - Filling up the DagBag from /home/airflow/.local/lib/python3.7/site-packages/airflow/example_dags/example_task_group.py
[2021-11-28 10:14:29,749] {processor.py:637} INFO - DAG(s) dict_keys(['example_task_group']) retrieved from /home/airflow/.local/lib/python3.7/site-packages/airflow/example_dags/example_task_group.py
[2021-11-28 10:14:29,759] {logging_mixin.py:109} INFO - [2021-11-28 10:14:29,759] {dag.py:2396} INFO - Sync 1 DAGs
[2021-11-28 10:14:29,772] {logging_mixin.py:109} INFO - [2021-11-28 10:14:29,772] {dag.py:2928} INFO - Setting next_dagrun for example_task_group to 2021-11-27T10:14:29.772096+00:00
[2021-11-28 10:14:29,780] {processor.py:171} INFO - Processing /home/airflow/.local/lib/python3.7/site-packages/airflow/example_dags/example_task_group.py took 0.059 seconds
[2021-11-28 10:15:00,472] {processor.py:163} INFO - Started process (PID=1854) to work on /home/airflow/.local/lib/python3.7/site-packages/airflow/example_dags/example_task_group.py
[2021-11-28 10:15:00,473] {processor.py:625} INFO - Processing file /home/airflow/.local/lib/python3.7/site-packages/airflow/example_dags/example_task_group.py for tasks to queue
[2021-11-28 10:15:00,474] {logging_mixin.py:109} INFO - [2021-11-28 10:15:00,474] {dagbag.py:500} INFO - Filling up the DagBag from /home/airflow/.local/lib/python3.7/site-packages/airflow/example_dags/example_task_group.py
[2021-11-28 10:15:00,502] {processor.py:637} INFO - DAG(s) dict_keys(['example_task_group']) retrieved from /home/airflow/.local/lib/python3.7/site-packages/airflow/example_dags/example_task_group.py
[2021-11-28 10:15:00,516] {logging_mixin.py:109} INFO - [2021-11-28 10:15:00,516] {dag.py:2396} INFO - Sync 1 DAGs
[2021-11-28 10:15:00,534] {logging_mixin.py:109} INFO - [2021-11-28 10:15:00,534] {dag.py:2928} INFO - Setting next_dagrun for example_task_group to 2021-11-27T10:15:00.533801+00:00
[2021-11-28 10:15:00,545] {processor.py:171} INFO - Processing /home/airflow/.local/lib/python3.7/site-packages/airflow/example_dags/example_task_group.py took 0.076 seconds
[2021-11-28 10:15:31,178] {processor.py:163} INFO - Started process (PID=1914) to work on /home/airflow/.local/lib/python3.7/site-packages/airflow/example_dags/example_task_group.py
[2021-11-28 10:15:31,179] {processor.py:625} INFO - Processing file /home/airflow/.local/lib/python3.7/site-packages/airflow/example_dags/example_task_group.py for tasks to queue
[2021-11-28 10:15:31,180] {logging_mixin.py:109} INFO - [2021-11-28 10:15:31,180] {dagbag.py:500} INFO - Filling up the DagBag from /home/airflow/.local/lib/python3.7/site-packages/airflow/example_dags/example_task_group.py
[2021-11-28 10:15:31,207] {processor.py:637} INFO - DAG(s) dict_keys(['example_task_group']) retrieved from /home/airflow/.local/lib/python3.7/site-packages/airflow/example_dags/example_task_group.py
[2021-11-28 10:15:31,219] {logging_mixin.py:109} INFO - [2021-11-28 10:15:31,219] {dag.py:2396} INFO - Sync 1 DAGs
[2021-11-28 10:15:31,236] {logging_mixin.py:109} INFO - [2021-11-28 10:15:31,236] {dag.py:2928} INFO - Setting next_dagrun for example_task_group to 2021-11-27T10:15:31.236338+00:00
[2021-11-28 10:15:31,247] {processor.py:171} INFO - Processing /home/airflow/.local/lib/python3.7/site-packages/airflow/example_dags/example_task_group.py took 0.071 seconds
[2021-11-28 10:16:01,883] {processor.py:163} INFO - Started process (PID=1965) to work on /home/airflow/.local/lib/python3.7/site-packages/airflow/example_dags/example_task_group.py
[2021-11-28 10:16:01,884] {processor.py:625} INFO - Processing file /home/airflow/.local/lib/python3.7/site-packages/airflow/example_dags/example_task_group.py for tasks to queue
[2021-11-28 10:16:01,885] {logging_mixin.py:109} INFO - [2021-11-28 10:16:01,885] {dagbag.py:500} INFO - Filling up the DagBag from /home/airflow/.local/lib/python3.7/site-packages/airflow/example_dags/example_task_group.py
[2021-11-28 10:16:01,904] {processor.py:637} INFO - DAG(s) dict_keys(['example_task_group']) retrieved from /home/airflow/.local/lib/python3.7/site-packages/airflow/example_dags/example_task_group.py
[2021-11-28 10:16:01,916] {logging_mixin.py:109} INFO - [2021-11-28 10:16:01,916] {dag.py:2396} INFO - Sync 1 DAGs
[2021-11-28 10:16:01,934] {logging_mixin.py:109} INFO - [2021-11-28 10:16:01,934] {dag.py:2928} INFO - Setting next_dagrun for example_task_group to 2021-11-27T10:16:01.933645+00:00
[2021-11-28 10:16:01,946] {processor.py:171} INFO - Processing /home/airflow/.local/lib/python3.7/site-packages/airflow/example_dags/example_task_group.py took 0.064 seconds
[2021-11-28 10:16:32,580] {processor.py:163} INFO - Started process (PID=2026) to work on /home/airflow/.local/lib/python3.7/site-packages/airflow/example_dags/example_task_group.py
[2021-11-28 10:16:32,581] {processor.py:625} INFO - Processing file /home/airflow/.local/lib/python3.7/site-packages/airflow/example_dags/example_task_group.py for tasks to queue
[2021-11-28 10:16:32,581] {logging_mixin.py:109} INFO - [2021-11-28 10:16:32,581] {dagbag.py:500} INFO - Filling up the DagBag from /home/airflow/.local/lib/python3.7/site-packages/airflow/example_dags/example_task_group.py
[2021-11-28 10:16:32,599] {processor.py:637} INFO - DAG(s) dict_keys(['example_task_group']) retrieved from /home/airflow/.local/lib/python3.7/site-packages/airflow/example_dags/example_task_group.py
[2021-11-28 10:16:32,606] {logging_mixin.py:109} INFO - [2021-11-28 10:16:32,606] {dag.py:2396} INFO - Sync 1 DAGs
[2021-11-28 10:16:32,620] {logging_mixin.py:109} INFO - [2021-11-28 10:16:32,620] {dag.py:2928} INFO - Setting next_dagrun for example_task_group to 2021-11-27T10:16:32.620041+00:00
[2021-11-28 10:16:32,629] {processor.py:171} INFO - Processing /home/airflow/.local/lib/python3.7/site-packages/airflow/example_dags/example_task_group.py took 0.051 seconds
[2021-11-28 10:17:03,461] {processor.py:163} INFO - Started process (PID=2086) to work on /home/airflow/.local/lib/python3.7/site-packages/airflow/example_dags/example_task_group.py
[2021-11-28 10:17:03,462] {processor.py:625} INFO - Processing file /home/airflow/.local/lib/python3.7/site-packages/airflow/example_dags/example_task_group.py for tasks to queue
[2021-11-28 10:17:03,463] {logging_mixin.py:109} INFO - [2021-11-28 10:17:03,462] {dagbag.py:500} INFO - Filling up the DagBag from /home/airflow/.local/lib/python3.7/site-packages/airflow/example_dags/example_task_group.py
[2021-11-28 10:17:03,483] {processor.py:637} INFO - DAG(s) dict_keys(['example_task_group']) retrieved from /home/airflow/.local/lib/python3.7/site-packages/airflow/example_dags/example_task_group.py
[2021-11-28 10:17:03,495] {logging_mixin.py:109} INFO - [2021-11-28 10:17:03,495] {dag.py:2396} INFO - Sync 1 DAGs
[2021-11-28 10:17:03,514] {logging_mixin.py:109} INFO - [2021-11-28 10:17:03,514] {dag.py:2928} INFO - Setting next_dagrun for example_task_group to 2021-11-27T10:17:03.514386+00:00
[2021-11-28 10:17:03,527] {processor.py:171} INFO - Processing /home/airflow/.local/lib/python3.7/site-packages/airflow/example_dags/example_task_group.py took 0.068 seconds
