[2021-11-28 09:45:08,069] {processor.py:163} INFO - Started process (PID=387) to work on /home/airflow/.local/lib/python3.7/site-packages/airflow/example_dags/example_external_task_marker_dag.py
[2021-11-28 09:45:08,070] {processor.py:625} INFO - Processing file /home/airflow/.local/lib/python3.7/site-packages/airflow/example_dags/example_external_task_marker_dag.py for tasks to queue
[2021-11-28 09:45:08,070] {logging_mixin.py:109} INFO - [2021-11-28 09:45:08,070] {dagbag.py:500} INFO - Filling up the DagBag from /home/airflow/.local/lib/python3.7/site-packages/airflow/example_dags/example_external_task_marker_dag.py
[2021-11-28 09:45:08,092] {processor.py:637} INFO - DAG(s) dict_keys(['example_external_task_marker_parent', 'example_external_task_marker_child']) retrieved from /home/airflow/.local/lib/python3.7/site-packages/airflow/example_dags/example_external_task_marker_dag.py
[2021-11-28 09:45:09,071] {logging_mixin.py:109} INFO - [2021-11-28 09:45:09,071] {providers_manager.py:156} WARNING - Exception when importing 'airflow.providers.google.leveldb.hooks.leveldb.LevelDBHook' from 'apache-airflow-providers-google' package: No module named 'plyvel'
[2021-11-28 09:45:09,325] {logging_mixin.py:109} INFO - [2021-11-28 09:45:09,325] {providers_manager.py:156} WARNING - Exception when importing 'airflow.providers.google.leveldb.hooks.leveldb.LevelDBHook' from 'apache-airflow-providers-google' package: No module named 'plyvel'
[2021-11-28 09:45:09,343] {logging_mixin.py:109} INFO - [2021-11-28 09:45:09,343] {manager.py:496} INFO - Created Permission View: can read on DAG:example_external_task_marker_parent
[2021-11-28 09:45:09,352] {logging_mixin.py:109} INFO - [2021-11-28 09:45:09,352] {manager.py:496} INFO - Created Permission View: can edit on DAG:example_external_task_marker_parent
[2021-11-28 09:45:09,370] {logging_mixin.py:109} INFO - [2021-11-28 09:45:09,370] {manager.py:496} INFO - Created Permission View: can read on DAG:example_external_task_marker_child
[2021-11-28 09:45:09,378] {logging_mixin.py:109} INFO - [2021-11-28 09:45:09,378] {manager.py:496} INFO - Created Permission View: can edit on DAG:example_external_task_marker_child
[2021-11-28 09:45:09,378] {logging_mixin.py:109} INFO - [2021-11-28 09:45:09,378] {dag.py:2396} INFO - Sync 2 DAGs
[2021-11-28 09:45:09,385] {logging_mixin.py:109} INFO - [2021-11-28 09:45:09,384] {dag.py:2415} INFO - Creating ORM DAG for example_external_task_marker_parent
[2021-11-28 09:45:09,385] {logging_mixin.py:109} INFO - [2021-11-28 09:45:09,385] {dag.py:2415} INFO - Creating ORM DAG for example_external_task_marker_child
[2021-11-28 09:45:09,392] {logging_mixin.py:109} INFO - [2021-11-28 09:45:09,392] {dag.py:2928} INFO - Setting next_dagrun for example_external_task_marker_child to None
[2021-11-28 09:45:09,393] {logging_mixin.py:109} INFO - [2021-11-28 09:45:09,392] {dag.py:2928} INFO - Setting next_dagrun for example_external_task_marker_parent to None
[2021-11-28 09:45:09,404] {processor.py:171} INFO - Processing /home/airflow/.local/lib/python3.7/site-packages/airflow/example_dags/example_external_task_marker_dag.py took 1.337 seconds
[2021-11-28 09:45:39,469] {processor.py:163} INFO - Started process (PID=508) to work on /home/airflow/.local/lib/python3.7/site-packages/airflow/example_dags/example_external_task_marker_dag.py
[2021-11-28 09:45:39,470] {processor.py:625} INFO - Processing file /home/airflow/.local/lib/python3.7/site-packages/airflow/example_dags/example_external_task_marker_dag.py for tasks to queue
[2021-11-28 09:45:39,471] {logging_mixin.py:109} INFO - [2021-11-28 09:45:39,471] {dagbag.py:500} INFO - Filling up the DagBag from /home/airflow/.local/lib/python3.7/site-packages/airflow/example_dags/example_external_task_marker_dag.py
[2021-11-28 09:45:39,495] {processor.py:637} INFO - DAG(s) dict_keys(['example_external_task_marker_parent', 'example_external_task_marker_child']) retrieved from /home/airflow/.local/lib/python3.7/site-packages/airflow/example_dags/example_external_task_marker_dag.py
[2021-11-28 09:45:39,503] {logging_mixin.py:109} INFO - [2021-11-28 09:45:39,502] {dag.py:2396} INFO - Sync 2 DAGs
[2021-11-28 09:45:39,515] {logging_mixin.py:109} INFO - [2021-11-28 09:45:39,515] {dag.py:2928} INFO - Setting next_dagrun for example_external_task_marker_child to None
[2021-11-28 09:45:39,515] {logging_mixin.py:109} INFO - [2021-11-28 09:45:39,515] {dag.py:2928} INFO - Setting next_dagrun for example_external_task_marker_parent to None
[2021-11-28 09:45:39,526] {processor.py:171} INFO - Processing /home/airflow/.local/lib/python3.7/site-packages/airflow/example_dags/example_external_task_marker_dag.py took 0.059 seconds
[2021-11-28 09:46:09,645] {processor.py:163} INFO - Started process (PID=559) to work on /home/airflow/.local/lib/python3.7/site-packages/airflow/example_dags/example_external_task_marker_dag.py
[2021-11-28 09:46:09,646] {processor.py:625} INFO - Processing file /home/airflow/.local/lib/python3.7/site-packages/airflow/example_dags/example_external_task_marker_dag.py for tasks to queue
[2021-11-28 09:46:09,647] {logging_mixin.py:109} INFO - [2021-11-28 09:46:09,646] {dagbag.py:500} INFO - Filling up the DagBag from /home/airflow/.local/lib/python3.7/site-packages/airflow/example_dags/example_external_task_marker_dag.py
[2021-11-28 09:46:09,670] {processor.py:637} INFO - DAG(s) dict_keys(['example_external_task_marker_parent', 'example_external_task_marker_child']) retrieved from /home/airflow/.local/lib/python3.7/site-packages/airflow/example_dags/example_external_task_marker_dag.py
[2021-11-28 09:46:09,681] {logging_mixin.py:109} INFO - [2021-11-28 09:46:09,681] {dag.py:2396} INFO - Sync 2 DAGs
[2021-11-28 09:46:09,695] {logging_mixin.py:109} INFO - [2021-11-28 09:46:09,695] {dag.py:2928} INFO - Setting next_dagrun for example_external_task_marker_child to None
[2021-11-28 09:46:09,695] {logging_mixin.py:109} INFO - [2021-11-28 09:46:09,695] {dag.py:2928} INFO - Setting next_dagrun for example_external_task_marker_parent to None
[2021-11-28 09:46:09,703] {processor.py:171} INFO - Processing /home/airflow/.local/lib/python3.7/site-packages/airflow/example_dags/example_external_task_marker_dag.py took 0.061 seconds
[2021-11-28 09:46:39,860] {processor.py:163} INFO - Started process (PID=619) to work on /home/airflow/.local/lib/python3.7/site-packages/airflow/example_dags/example_external_task_marker_dag.py
[2021-11-28 09:46:39,861] {processor.py:625} INFO - Processing file /home/airflow/.local/lib/python3.7/site-packages/airflow/example_dags/example_external_task_marker_dag.py for tasks to queue
[2021-11-28 09:46:39,861] {logging_mixin.py:109} INFO - [2021-11-28 09:46:39,861] {dagbag.py:500} INFO - Filling up the DagBag from /home/airflow/.local/lib/python3.7/site-packages/airflow/example_dags/example_external_task_marker_dag.py
[2021-11-28 09:46:39,886] {processor.py:637} INFO - DAG(s) dict_keys(['example_external_task_marker_parent', 'example_external_task_marker_child']) retrieved from /home/airflow/.local/lib/python3.7/site-packages/airflow/example_dags/example_external_task_marker_dag.py
[2021-11-28 09:46:39,901] {logging_mixin.py:109} INFO - [2021-11-28 09:46:39,901] {dag.py:2396} INFO - Sync 2 DAGs
[2021-11-28 09:46:39,919] {logging_mixin.py:109} INFO - [2021-11-28 09:46:39,919] {dag.py:2928} INFO - Setting next_dagrun for example_external_task_marker_child to None
[2021-11-28 09:46:39,919] {logging_mixin.py:109} INFO - [2021-11-28 09:46:39,919] {dag.py:2928} INFO - Setting next_dagrun for example_external_task_marker_parent to None
[2021-11-28 09:46:39,931] {processor.py:171} INFO - Processing /home/airflow/.local/lib/python3.7/site-packages/airflow/example_dags/example_external_task_marker_dag.py took 0.074 seconds
[2021-11-28 09:48:50,635] {processor.py:163} INFO - Started process (PID=57) to work on /home/airflow/.local/lib/python3.7/site-packages/airflow/example_dags/example_external_task_marker_dag.py
[2021-11-28 09:48:50,637] {processor.py:625} INFO - Processing file /home/airflow/.local/lib/python3.7/site-packages/airflow/example_dags/example_external_task_marker_dag.py for tasks to queue
[2021-11-28 09:48:50,637] {logging_mixin.py:109} INFO - [2021-11-28 09:48:50,637] {dagbag.py:500} INFO - Filling up the DagBag from /home/airflow/.local/lib/python3.7/site-packages/airflow/example_dags/example_external_task_marker_dag.py
[2021-11-28 09:48:50,657] {processor.py:637} INFO - DAG(s) dict_keys(['example_external_task_marker_parent', 'example_external_task_marker_child']) retrieved from /home/airflow/.local/lib/python3.7/site-packages/airflow/example_dags/example_external_task_marker_dag.py
[2021-11-28 09:48:50,668] {logging_mixin.py:109} INFO - [2021-11-28 09:48:50,668] {dag.py:2396} INFO - Sync 2 DAGs
[2021-11-28 09:48:50,681] {logging_mixin.py:109} INFO - [2021-11-28 09:48:50,681] {dag.py:2928} INFO - Setting next_dagrun for example_external_task_marker_child to None
[2021-11-28 09:48:50,682] {logging_mixin.py:109} INFO - [2021-11-28 09:48:50,682] {dag.py:2928} INFO - Setting next_dagrun for example_external_task_marker_parent to None
[2021-11-28 09:48:50,692] {processor.py:171} INFO - Processing /home/airflow/.local/lib/python3.7/site-packages/airflow/example_dags/example_external_task_marker_dag.py took 0.058 seconds
[2021-11-28 09:49:21,808] {processor.py:163} INFO - Started process (PID=117) to work on /home/airflow/.local/lib/python3.7/site-packages/airflow/example_dags/example_external_task_marker_dag.py
[2021-11-28 09:49:21,809] {processor.py:625} INFO - Processing file /home/airflow/.local/lib/python3.7/site-packages/airflow/example_dags/example_external_task_marker_dag.py for tasks to queue
[2021-11-28 09:49:21,809] {logging_mixin.py:109} INFO - [2021-11-28 09:49:21,809] {dagbag.py:500} INFO - Filling up the DagBag from /home/airflow/.local/lib/python3.7/site-packages/airflow/example_dags/example_external_task_marker_dag.py
[2021-11-28 09:49:21,833] {processor.py:637} INFO - DAG(s) dict_keys(['example_external_task_marker_parent', 'example_external_task_marker_child']) retrieved from /home/airflow/.local/lib/python3.7/site-packages/airflow/example_dags/example_external_task_marker_dag.py
[2021-11-28 09:49:21,848] {logging_mixin.py:109} INFO - [2021-11-28 09:49:21,848] {dag.py:2396} INFO - Sync 2 DAGs
[2021-11-28 09:49:21,866] {logging_mixin.py:109} INFO - [2021-11-28 09:49:21,866] {dag.py:2928} INFO - Setting next_dagrun for example_external_task_marker_child to None
[2021-11-28 09:49:21,867] {logging_mixin.py:109} INFO - [2021-11-28 09:49:21,867] {dag.py:2928} INFO - Setting next_dagrun for example_external_task_marker_parent to None
[2021-11-28 09:49:21,878] {processor.py:171} INFO - Processing /home/airflow/.local/lib/python3.7/site-packages/airflow/example_dags/example_external_task_marker_dag.py took 0.072 seconds
[2021-11-28 09:49:52,764] {processor.py:163} INFO - Started process (PID=177) to work on /home/airflow/.local/lib/python3.7/site-packages/airflow/example_dags/example_external_task_marker_dag.py
[2021-11-28 09:49:52,765] {processor.py:625} INFO - Processing file /home/airflow/.local/lib/python3.7/site-packages/airflow/example_dags/example_external_task_marker_dag.py for tasks to queue
[2021-11-28 09:49:52,765] {logging_mixin.py:109} INFO - [2021-11-28 09:49:52,765] {dagbag.py:500} INFO - Filling up the DagBag from /home/airflow/.local/lib/python3.7/site-packages/airflow/example_dags/example_external_task_marker_dag.py
[2021-11-28 09:49:52,790] {processor.py:637} INFO - DAG(s) dict_keys(['example_external_task_marker_parent', 'example_external_task_marker_child']) retrieved from /home/airflow/.local/lib/python3.7/site-packages/airflow/example_dags/example_external_task_marker_dag.py
[2021-11-28 09:49:52,802] {logging_mixin.py:109} INFO - [2021-11-28 09:49:52,802] {dag.py:2396} INFO - Sync 2 DAGs
[2021-11-28 09:49:52,817] {logging_mixin.py:109} INFO - [2021-11-28 09:49:52,817] {dag.py:2928} INFO - Setting next_dagrun for example_external_task_marker_child to None
[2021-11-28 09:49:52,817] {logging_mixin.py:109} INFO - [2021-11-28 09:49:52,817] {dag.py:2928} INFO - Setting next_dagrun for example_external_task_marker_parent to None
[2021-11-28 09:49:52,831] {processor.py:171} INFO - Processing /home/airflow/.local/lib/python3.7/site-packages/airflow/example_dags/example_external_task_marker_dag.py took 0.070 seconds
[2021-11-28 09:50:23,847] {processor.py:163} INFO - Started process (PID=228) to work on /home/airflow/.local/lib/python3.7/site-packages/airflow/example_dags/example_external_task_marker_dag.py
[2021-11-28 09:50:23,848] {processor.py:625} INFO - Processing file /home/airflow/.local/lib/python3.7/site-packages/airflow/example_dags/example_external_task_marker_dag.py for tasks to queue
[2021-11-28 09:50:23,849] {logging_mixin.py:109} INFO - [2021-11-28 09:50:23,849] {dagbag.py:500} INFO - Filling up the DagBag from /home/airflow/.local/lib/python3.7/site-packages/airflow/example_dags/example_external_task_marker_dag.py
[2021-11-28 09:50:23,871] {processor.py:637} INFO - DAG(s) dict_keys(['example_external_task_marker_parent', 'example_external_task_marker_child']) retrieved from /home/airflow/.local/lib/python3.7/site-packages/airflow/example_dags/example_external_task_marker_dag.py
[2021-11-28 09:50:23,880] {logging_mixin.py:109} INFO - [2021-11-28 09:50:23,880] {dag.py:2396} INFO - Sync 2 DAGs
[2021-11-28 09:50:23,891] {logging_mixin.py:109} INFO - [2021-11-28 09:50:23,891] {dag.py:2928} INFO - Setting next_dagrun for example_external_task_marker_child to None
[2021-11-28 09:50:23,891] {logging_mixin.py:109} INFO - [2021-11-28 09:50:23,891] {dag.py:2928} INFO - Setting next_dagrun for example_external_task_marker_parent to None
[2021-11-28 09:50:23,899] {processor.py:171} INFO - Processing /home/airflow/.local/lib/python3.7/site-packages/airflow/example_dags/example_external_task_marker_dag.py took 0.055 seconds
[2021-11-28 09:50:54,731] {processor.py:163} INFO - Started process (PID=288) to work on /home/airflow/.local/lib/python3.7/site-packages/airflow/example_dags/example_external_task_marker_dag.py
[2021-11-28 09:50:54,732] {processor.py:625} INFO - Processing file /home/airflow/.local/lib/python3.7/site-packages/airflow/example_dags/example_external_task_marker_dag.py for tasks to queue
[2021-11-28 09:50:54,732] {logging_mixin.py:109} INFO - [2021-11-28 09:50:54,732] {dagbag.py:500} INFO - Filling up the DagBag from /home/airflow/.local/lib/python3.7/site-packages/airflow/example_dags/example_external_task_marker_dag.py
[2021-11-28 09:50:54,752] {processor.py:637} INFO - DAG(s) dict_keys(['example_external_task_marker_parent', 'example_external_task_marker_child']) retrieved from /home/airflow/.local/lib/python3.7/site-packages/airflow/example_dags/example_external_task_marker_dag.py
[2021-11-28 09:50:54,765] {logging_mixin.py:109} INFO - [2021-11-28 09:50:54,765] {dag.py:2396} INFO - Sync 2 DAGs
[2021-11-28 09:50:54,782] {logging_mixin.py:109} INFO - [2021-11-28 09:50:54,782] {dag.py:2928} INFO - Setting next_dagrun for example_external_task_marker_child to None
[2021-11-28 09:50:54,783] {logging_mixin.py:109} INFO - [2021-11-28 09:50:54,783] {dag.py:2928} INFO - Setting next_dagrun for example_external_task_marker_parent to None
[2021-11-28 09:50:54,793] {processor.py:171} INFO - Processing /home/airflow/.local/lib/python3.7/site-packages/airflow/example_dags/example_external_task_marker_dag.py took 0.064 seconds
[2021-11-28 09:51:49,218] {processor.py:163} INFO - Started process (PID=56) to work on /home/airflow/.local/lib/python3.7/site-packages/airflow/example_dags/example_external_task_marker_dag.py
[2021-11-28 09:51:49,219] {processor.py:625} INFO - Processing file /home/airflow/.local/lib/python3.7/site-packages/airflow/example_dags/example_external_task_marker_dag.py for tasks to queue
[2021-11-28 09:51:49,219] {logging_mixin.py:109} INFO - [2021-11-28 09:51:49,219] {dagbag.py:500} INFO - Filling up the DagBag from /home/airflow/.local/lib/python3.7/site-packages/airflow/example_dags/example_external_task_marker_dag.py
[2021-11-28 09:51:49,244] {processor.py:637} INFO - DAG(s) dict_keys(['example_external_task_marker_parent', 'example_external_task_marker_child']) retrieved from /home/airflow/.local/lib/python3.7/site-packages/airflow/example_dags/example_external_task_marker_dag.py
[2021-11-28 09:51:49,260] {logging_mixin.py:109} INFO - [2021-11-28 09:51:49,260] {dag.py:2396} INFO - Sync 2 DAGs
[2021-11-28 09:51:49,279] {logging_mixin.py:109} INFO - [2021-11-28 09:51:49,279] {dag.py:2928} INFO - Setting next_dagrun for example_external_task_marker_child to None
[2021-11-28 09:51:49,279] {logging_mixin.py:109} INFO - [2021-11-28 09:51:49,279] {dag.py:2928} INFO - Setting next_dagrun for example_external_task_marker_parent to None
[2021-11-28 09:51:49,293] {processor.py:171} INFO - Processing /home/airflow/.local/lib/python3.7/site-packages/airflow/example_dags/example_external_task_marker_dag.py took 0.077 seconds
[2021-11-28 09:52:19,535] {processor.py:163} INFO - Started process (PID=118) to work on /home/airflow/.local/lib/python3.7/site-packages/airflow/example_dags/example_external_task_marker_dag.py
[2021-11-28 09:52:19,537] {processor.py:625} INFO - Processing file /home/airflow/.local/lib/python3.7/site-packages/airflow/example_dags/example_external_task_marker_dag.py for tasks to queue
[2021-11-28 09:52:19,537] {logging_mixin.py:109} INFO - [2021-11-28 09:52:19,537] {dagbag.py:500} INFO - Filling up the DagBag from /home/airflow/.local/lib/python3.7/site-packages/airflow/example_dags/example_external_task_marker_dag.py
[2021-11-28 09:52:19,562] {processor.py:637} INFO - DAG(s) dict_keys(['example_external_task_marker_parent', 'example_external_task_marker_child']) retrieved from /home/airflow/.local/lib/python3.7/site-packages/airflow/example_dags/example_external_task_marker_dag.py
[2021-11-28 09:52:19,576] {logging_mixin.py:109} INFO - [2021-11-28 09:52:19,575] {dag.py:2396} INFO - Sync 2 DAGs
[2021-11-28 09:52:19,594] {logging_mixin.py:109} INFO - [2021-11-28 09:52:19,594] {dag.py:2928} INFO - Setting next_dagrun for example_external_task_marker_child to None
[2021-11-28 09:52:19,594] {logging_mixin.py:109} INFO - [2021-11-28 09:52:19,594] {dag.py:2928} INFO - Setting next_dagrun for example_external_task_marker_parent to None
[2021-11-28 09:52:19,606] {processor.py:171} INFO - Processing /home/airflow/.local/lib/python3.7/site-packages/airflow/example_dags/example_external_task_marker_dag.py took 0.073 seconds
[2021-11-28 09:52:50,428] {processor.py:163} INFO - Started process (PID=169) to work on /home/airflow/.local/lib/python3.7/site-packages/airflow/example_dags/example_external_task_marker_dag.py
[2021-11-28 09:52:50,429] {processor.py:625} INFO - Processing file /home/airflow/.local/lib/python3.7/site-packages/airflow/example_dags/example_external_task_marker_dag.py for tasks to queue
[2021-11-28 09:52:50,430] {logging_mixin.py:109} INFO - [2021-11-28 09:52:50,430] {dagbag.py:500} INFO - Filling up the DagBag from /home/airflow/.local/lib/python3.7/site-packages/airflow/example_dags/example_external_task_marker_dag.py
[2021-11-28 09:52:50,454] {processor.py:637} INFO - DAG(s) dict_keys(['example_external_task_marker_parent', 'example_external_task_marker_child']) retrieved from /home/airflow/.local/lib/python3.7/site-packages/airflow/example_dags/example_external_task_marker_dag.py
[2021-11-28 09:52:50,465] {logging_mixin.py:109} INFO - [2021-11-28 09:52:50,464] {dag.py:2396} INFO - Sync 2 DAGs
[2021-11-28 09:52:50,476] {logging_mixin.py:109} INFO - [2021-11-28 09:52:50,476] {dag.py:2928} INFO - Setting next_dagrun for example_external_task_marker_child to None
[2021-11-28 09:52:50,476] {logging_mixin.py:109} INFO - [2021-11-28 09:52:50,476] {dag.py:2928} INFO - Setting next_dagrun for example_external_task_marker_parent to None
[2021-11-28 09:52:50,485] {processor.py:171} INFO - Processing /home/airflow/.local/lib/python3.7/site-packages/airflow/example_dags/example_external_task_marker_dag.py took 0.059 seconds
[2021-11-28 09:58:34,838] {processor.py:163} INFO - Started process (PID=56) to work on /home/airflow/.local/lib/python3.7/site-packages/airflow/example_dags/example_external_task_marker_dag.py
[2021-11-28 09:58:34,839] {processor.py:625} INFO - Processing file /home/airflow/.local/lib/python3.7/site-packages/airflow/example_dags/example_external_task_marker_dag.py for tasks to queue
[2021-11-28 09:58:34,840] {logging_mixin.py:109} INFO - [2021-11-28 09:58:34,840] {dagbag.py:500} INFO - Filling up the DagBag from /home/airflow/.local/lib/python3.7/site-packages/airflow/example_dags/example_external_task_marker_dag.py
[2021-11-28 09:58:34,864] {processor.py:637} INFO - DAG(s) dict_keys(['example_external_task_marker_parent', 'example_external_task_marker_child']) retrieved from /home/airflow/.local/lib/python3.7/site-packages/airflow/example_dags/example_external_task_marker_dag.py
[2021-11-28 09:58:34,875] {logging_mixin.py:109} INFO - [2021-11-28 09:58:34,875] {dag.py:2396} INFO - Sync 2 DAGs
[2021-11-28 09:58:34,890] {logging_mixin.py:109} INFO - [2021-11-28 09:58:34,890] {dag.py:2928} INFO - Setting next_dagrun for example_external_task_marker_child to None
[2021-11-28 09:58:34,890] {logging_mixin.py:109} INFO - [2021-11-28 09:58:34,890] {dag.py:2928} INFO - Setting next_dagrun for example_external_task_marker_parent to None
[2021-11-28 09:58:34,900] {processor.py:171} INFO - Processing /home/airflow/.local/lib/python3.7/site-packages/airflow/example_dags/example_external_task_marker_dag.py took 0.065 seconds
[2021-11-28 09:59:05,706] {processor.py:163} INFO - Started process (PID=116) to work on /home/airflow/.local/lib/python3.7/site-packages/airflow/example_dags/example_external_task_marker_dag.py
[2021-11-28 09:59:05,708] {processor.py:625} INFO - Processing file /home/airflow/.local/lib/python3.7/site-packages/airflow/example_dags/example_external_task_marker_dag.py for tasks to queue
[2021-11-28 09:59:05,708] {logging_mixin.py:109} INFO - [2021-11-28 09:59:05,708] {dagbag.py:500} INFO - Filling up the DagBag from /home/airflow/.local/lib/python3.7/site-packages/airflow/example_dags/example_external_task_marker_dag.py
[2021-11-28 09:59:05,733] {processor.py:637} INFO - DAG(s) dict_keys(['example_external_task_marker_parent', 'example_external_task_marker_child']) retrieved from /home/airflow/.local/lib/python3.7/site-packages/airflow/example_dags/example_external_task_marker_dag.py
[2021-11-28 09:59:05,747] {logging_mixin.py:109} INFO - [2021-11-28 09:59:05,747] {dag.py:2396} INFO - Sync 2 DAGs
[2021-11-28 09:59:05,764] {logging_mixin.py:109} INFO - [2021-11-28 09:59:05,764] {dag.py:2928} INFO - Setting next_dagrun for example_external_task_marker_child to None
[2021-11-28 09:59:05,764] {logging_mixin.py:109} INFO - [2021-11-28 09:59:05,764] {dag.py:2928} INFO - Setting next_dagrun for example_external_task_marker_parent to None
[2021-11-28 09:59:05,773] {processor.py:171} INFO - Processing /home/airflow/.local/lib/python3.7/site-packages/airflow/example_dags/example_external_task_marker_dag.py took 0.069 seconds
[2021-11-28 09:59:36,583] {processor.py:163} INFO - Started process (PID=176) to work on /home/airflow/.local/lib/python3.7/site-packages/airflow/example_dags/example_external_task_marker_dag.py
[2021-11-28 09:59:36,584] {processor.py:625} INFO - Processing file /home/airflow/.local/lib/python3.7/site-packages/airflow/example_dags/example_external_task_marker_dag.py for tasks to queue
[2021-11-28 09:59:36,585] {logging_mixin.py:109} INFO - [2021-11-28 09:59:36,584] {dagbag.py:500} INFO - Filling up the DagBag from /home/airflow/.local/lib/python3.7/site-packages/airflow/example_dags/example_external_task_marker_dag.py
[2021-11-28 09:59:36,607] {processor.py:637} INFO - DAG(s) dict_keys(['example_external_task_marker_parent', 'example_external_task_marker_child']) retrieved from /home/airflow/.local/lib/python3.7/site-packages/airflow/example_dags/example_external_task_marker_dag.py
[2021-11-28 09:59:36,617] {logging_mixin.py:109} INFO - [2021-11-28 09:59:36,617] {dag.py:2396} INFO - Sync 2 DAGs
[2021-11-28 09:59:36,631] {logging_mixin.py:109} INFO - [2021-11-28 09:59:36,631] {dag.py:2928} INFO - Setting next_dagrun for example_external_task_marker_child to None
[2021-11-28 09:59:36,631] {logging_mixin.py:109} INFO - [2021-11-28 09:59:36,631] {dag.py:2928} INFO - Setting next_dagrun for example_external_task_marker_parent to None
[2021-11-28 09:59:36,642] {processor.py:171} INFO - Processing /home/airflow/.local/lib/python3.7/site-packages/airflow/example_dags/example_external_task_marker_dag.py took 0.060 seconds
[2021-11-28 10:00:07,459] {processor.py:163} INFO - Started process (PID=227) to work on /home/airflow/.local/lib/python3.7/site-packages/airflow/example_dags/example_external_task_marker_dag.py
[2021-11-28 10:00:07,460] {processor.py:625} INFO - Processing file /home/airflow/.local/lib/python3.7/site-packages/airflow/example_dags/example_external_task_marker_dag.py for tasks to queue
[2021-11-28 10:00:07,461] {logging_mixin.py:109} INFO - [2021-11-28 10:00:07,460] {dagbag.py:500} INFO - Filling up the DagBag from /home/airflow/.local/lib/python3.7/site-packages/airflow/example_dags/example_external_task_marker_dag.py
[2021-11-28 10:00:07,483] {processor.py:637} INFO - DAG(s) dict_keys(['example_external_task_marker_parent', 'example_external_task_marker_child']) retrieved from /home/airflow/.local/lib/python3.7/site-packages/airflow/example_dags/example_external_task_marker_dag.py
[2021-11-28 10:00:07,494] {logging_mixin.py:109} INFO - [2021-11-28 10:00:07,494] {dag.py:2396} INFO - Sync 2 DAGs
[2021-11-28 10:00:07,505] {logging_mixin.py:109} INFO - [2021-11-28 10:00:07,504] {dag.py:2928} INFO - Setting next_dagrun for example_external_task_marker_child to None
[2021-11-28 10:00:07,505] {logging_mixin.py:109} INFO - [2021-11-28 10:00:07,505] {dag.py:2928} INFO - Setting next_dagrun for example_external_task_marker_parent to None
[2021-11-28 10:00:07,513] {processor.py:171} INFO - Processing /home/airflow/.local/lib/python3.7/site-packages/airflow/example_dags/example_external_task_marker_dag.py took 0.056 seconds
[2021-11-28 10:00:38,366] {processor.py:163} INFO - Started process (PID=287) to work on /home/airflow/.local/lib/python3.7/site-packages/airflow/example_dags/example_external_task_marker_dag.py
[2021-11-28 10:00:38,367] {processor.py:625} INFO - Processing file /home/airflow/.local/lib/python3.7/site-packages/airflow/example_dags/example_external_task_marker_dag.py for tasks to queue
[2021-11-28 10:00:38,368] {logging_mixin.py:109} INFO - [2021-11-28 10:00:38,368] {dagbag.py:500} INFO - Filling up the DagBag from /home/airflow/.local/lib/python3.7/site-packages/airflow/example_dags/example_external_task_marker_dag.py
[2021-11-28 10:00:38,390] {processor.py:637} INFO - DAG(s) dict_keys(['example_external_task_marker_parent', 'example_external_task_marker_child']) retrieved from /home/airflow/.local/lib/python3.7/site-packages/airflow/example_dags/example_external_task_marker_dag.py
[2021-11-28 10:00:38,404] {logging_mixin.py:109} INFO - [2021-11-28 10:00:38,404] {dag.py:2396} INFO - Sync 2 DAGs
[2021-11-28 10:00:38,422] {logging_mixin.py:109} INFO - [2021-11-28 10:00:38,421] {dag.py:2928} INFO - Setting next_dagrun for example_external_task_marker_child to None
[2021-11-28 10:00:38,422] {logging_mixin.py:109} INFO - [2021-11-28 10:00:38,422] {dag.py:2928} INFO - Setting next_dagrun for example_external_task_marker_parent to None
[2021-11-28 10:00:38,433] {processor.py:171} INFO - Processing /home/airflow/.local/lib/python3.7/site-packages/airflow/example_dags/example_external_task_marker_dag.py took 0.069 seconds
[2021-11-28 10:01:09,274] {processor.py:163} INFO - Started process (PID=338) to work on /home/airflow/.local/lib/python3.7/site-packages/airflow/example_dags/example_external_task_marker_dag.py
[2021-11-28 10:01:09,275] {processor.py:625} INFO - Processing file /home/airflow/.local/lib/python3.7/site-packages/airflow/example_dags/example_external_task_marker_dag.py for tasks to queue
[2021-11-28 10:01:09,275] {logging_mixin.py:109} INFO - [2021-11-28 10:01:09,275] {dagbag.py:500} INFO - Filling up the DagBag from /home/airflow/.local/lib/python3.7/site-packages/airflow/example_dags/example_external_task_marker_dag.py
[2021-11-28 10:01:09,295] {processor.py:637} INFO - DAG(s) dict_keys(['example_external_task_marker_parent', 'example_external_task_marker_child']) retrieved from /home/airflow/.local/lib/python3.7/site-packages/airflow/example_dags/example_external_task_marker_dag.py
[2021-11-28 10:01:09,303] {logging_mixin.py:109} INFO - [2021-11-28 10:01:09,303] {dag.py:2396} INFO - Sync 2 DAGs
[2021-11-28 10:01:09,314] {logging_mixin.py:109} INFO - [2021-11-28 10:01:09,314] {dag.py:2928} INFO - Setting next_dagrun for example_external_task_marker_child to None
[2021-11-28 10:01:09,314] {logging_mixin.py:109} INFO - [2021-11-28 10:01:09,314] {dag.py:2928} INFO - Setting next_dagrun for example_external_task_marker_parent to None
[2021-11-28 10:01:09,323] {processor.py:171} INFO - Processing /home/airflow/.local/lib/python3.7/site-packages/airflow/example_dags/example_external_task_marker_dag.py took 0.052 seconds
[2021-11-28 10:01:40,202] {processor.py:163} INFO - Started process (PID=398) to work on /home/airflow/.local/lib/python3.7/site-packages/airflow/example_dags/example_external_task_marker_dag.py
[2021-11-28 10:01:40,203] {processor.py:625} INFO - Processing file /home/airflow/.local/lib/python3.7/site-packages/airflow/example_dags/example_external_task_marker_dag.py for tasks to queue
[2021-11-28 10:01:40,204] {logging_mixin.py:109} INFO - [2021-11-28 10:01:40,204] {dagbag.py:500} INFO - Filling up the DagBag from /home/airflow/.local/lib/python3.7/site-packages/airflow/example_dags/example_external_task_marker_dag.py
[2021-11-28 10:01:40,263] {processor.py:637} INFO - DAG(s) dict_keys(['example_external_task_marker_parent', 'example_external_task_marker_child']) retrieved from /home/airflow/.local/lib/python3.7/site-packages/airflow/example_dags/example_external_task_marker_dag.py
[2021-11-28 10:01:40,272] {logging_mixin.py:109} INFO - [2021-11-28 10:01:40,272] {dag.py:2396} INFO - Sync 2 DAGs
[2021-11-28 10:01:40,284] {logging_mixin.py:109} INFO - [2021-11-28 10:01:40,284] {dag.py:2928} INFO - Setting next_dagrun for example_external_task_marker_child to None
[2021-11-28 10:01:40,284] {logging_mixin.py:109} INFO - [2021-11-28 10:01:40,284] {dag.py:2928} INFO - Setting next_dagrun for example_external_task_marker_parent to None
[2021-11-28 10:01:40,294] {processor.py:171} INFO - Processing /home/airflow/.local/lib/python3.7/site-packages/airflow/example_dags/example_external_task_marker_dag.py took 0.095 seconds
[2021-11-28 10:02:11,135] {processor.py:163} INFO - Started process (PID=458) to work on /home/airflow/.local/lib/python3.7/site-packages/airflow/example_dags/example_external_task_marker_dag.py
[2021-11-28 10:02:11,136] {processor.py:625} INFO - Processing file /home/airflow/.local/lib/python3.7/site-packages/airflow/example_dags/example_external_task_marker_dag.py for tasks to queue
[2021-11-28 10:02:11,136] {logging_mixin.py:109} INFO - [2021-11-28 10:02:11,136] {dagbag.py:500} INFO - Filling up the DagBag from /home/airflow/.local/lib/python3.7/site-packages/airflow/example_dags/example_external_task_marker_dag.py
[2021-11-28 10:02:11,157] {processor.py:637} INFO - DAG(s) dict_keys(['example_external_task_marker_parent', 'example_external_task_marker_child']) retrieved from /home/airflow/.local/lib/python3.7/site-packages/airflow/example_dags/example_external_task_marker_dag.py
[2021-11-28 10:02:11,172] {logging_mixin.py:109} INFO - [2021-11-28 10:02:11,172] {dag.py:2396} INFO - Sync 2 DAGs
[2021-11-28 10:02:11,191] {logging_mixin.py:109} INFO - [2021-11-28 10:02:11,190] {dag.py:2928} INFO - Setting next_dagrun for example_external_task_marker_child to None
[2021-11-28 10:02:11,191] {logging_mixin.py:109} INFO - [2021-11-28 10:02:11,191] {dag.py:2928} INFO - Setting next_dagrun for example_external_task_marker_parent to None
[2021-11-28 10:02:11,202] {processor.py:171} INFO - Processing /home/airflow/.local/lib/python3.7/site-packages/airflow/example_dags/example_external_task_marker_dag.py took 0.069 seconds
[2021-11-28 10:02:42,049] {processor.py:163} INFO - Started process (PID=509) to work on /home/airflow/.local/lib/python3.7/site-packages/airflow/example_dags/example_external_task_marker_dag.py
[2021-11-28 10:02:42,050] {processor.py:625} INFO - Processing file /home/airflow/.local/lib/python3.7/site-packages/airflow/example_dags/example_external_task_marker_dag.py for tasks to queue
[2021-11-28 10:02:42,050] {logging_mixin.py:109} INFO - [2021-11-28 10:02:42,050] {dagbag.py:500} INFO - Filling up the DagBag from /home/airflow/.local/lib/python3.7/site-packages/airflow/example_dags/example_external_task_marker_dag.py
[2021-11-28 10:02:42,071] {processor.py:637} INFO - DAG(s) dict_keys(['example_external_task_marker_parent', 'example_external_task_marker_child']) retrieved from /home/airflow/.local/lib/python3.7/site-packages/airflow/example_dags/example_external_task_marker_dag.py
[2021-11-28 10:02:42,082] {logging_mixin.py:109} INFO - [2021-11-28 10:02:42,082] {dag.py:2396} INFO - Sync 2 DAGs
[2021-11-28 10:02:42,095] {logging_mixin.py:109} INFO - [2021-11-28 10:02:42,095] {dag.py:2928} INFO - Setting next_dagrun for example_external_task_marker_child to None
[2021-11-28 10:02:42,095] {logging_mixin.py:109} INFO - [2021-11-28 10:02:42,095] {dag.py:2928} INFO - Setting next_dagrun for example_external_task_marker_parent to None
[2021-11-28 10:02:42,105] {processor.py:171} INFO - Processing /home/airflow/.local/lib/python3.7/site-packages/airflow/example_dags/example_external_task_marker_dag.py took 0.058 seconds
[2021-11-28 10:03:13,010] {processor.py:163} INFO - Started process (PID=569) to work on /home/airflow/.local/lib/python3.7/site-packages/airflow/example_dags/example_external_task_marker_dag.py
[2021-11-28 10:03:13,012] {processor.py:625} INFO - Processing file /home/airflow/.local/lib/python3.7/site-packages/airflow/example_dags/example_external_task_marker_dag.py for tasks to queue
[2021-11-28 10:03:13,012] {logging_mixin.py:109} INFO - [2021-11-28 10:03:13,012] {dagbag.py:500} INFO - Filling up the DagBag from /home/airflow/.local/lib/python3.7/site-packages/airflow/example_dags/example_external_task_marker_dag.py
[2021-11-28 10:03:13,035] {processor.py:637} INFO - DAG(s) dict_keys(['example_external_task_marker_parent', 'example_external_task_marker_child']) retrieved from /home/airflow/.local/lib/python3.7/site-packages/airflow/example_dags/example_external_task_marker_dag.py
[2021-11-28 10:03:13,045] {logging_mixin.py:109} INFO - [2021-11-28 10:03:13,045] {dag.py:2396} INFO - Sync 2 DAGs
[2021-11-28 10:03:13,058] {logging_mixin.py:109} INFO - [2021-11-28 10:03:13,058] {dag.py:2928} INFO - Setting next_dagrun for example_external_task_marker_child to None
[2021-11-28 10:03:13,058] {logging_mixin.py:109} INFO - [2021-11-28 10:03:13,058] {dag.py:2928} INFO - Setting next_dagrun for example_external_task_marker_parent to None
[2021-11-28 10:03:13,066] {processor.py:171} INFO - Processing /home/airflow/.local/lib/python3.7/site-packages/airflow/example_dags/example_external_task_marker_dag.py took 0.058 seconds
[2021-11-28 10:03:43,976] {processor.py:163} INFO - Started process (PID=620) to work on /home/airflow/.local/lib/python3.7/site-packages/airflow/example_dags/example_external_task_marker_dag.py
[2021-11-28 10:03:43,977] {processor.py:625} INFO - Processing file /home/airflow/.local/lib/python3.7/site-packages/airflow/example_dags/example_external_task_marker_dag.py for tasks to queue
[2021-11-28 10:03:43,977] {logging_mixin.py:109} INFO - [2021-11-28 10:03:43,977] {dagbag.py:500} INFO - Filling up the DagBag from /home/airflow/.local/lib/python3.7/site-packages/airflow/example_dags/example_external_task_marker_dag.py
[2021-11-28 10:03:44,003] {processor.py:637} INFO - DAG(s) dict_keys(['example_external_task_marker_parent', 'example_external_task_marker_child']) retrieved from /home/airflow/.local/lib/python3.7/site-packages/airflow/example_dags/example_external_task_marker_dag.py
[2021-11-28 10:03:44,018] {logging_mixin.py:109} INFO - [2021-11-28 10:03:44,018] {dag.py:2396} INFO - Sync 2 DAGs
[2021-11-28 10:03:44,036] {logging_mixin.py:109} INFO - [2021-11-28 10:03:44,036] {dag.py:2928} INFO - Setting next_dagrun for example_external_task_marker_child to None
[2021-11-28 10:03:44,037] {logging_mixin.py:109} INFO - [2021-11-28 10:03:44,036] {dag.py:2928} INFO - Setting next_dagrun for example_external_task_marker_parent to None
[2021-11-28 10:03:44,049] {processor.py:171} INFO - Processing /home/airflow/.local/lib/python3.7/site-packages/airflow/example_dags/example_external_task_marker_dag.py took 0.076 seconds
[2021-11-28 10:04:14,957] {processor.py:163} INFO - Started process (PID=680) to work on /home/airflow/.local/lib/python3.7/site-packages/airflow/example_dags/example_external_task_marker_dag.py
[2021-11-28 10:04:14,957] {processor.py:625} INFO - Processing file /home/airflow/.local/lib/python3.7/site-packages/airflow/example_dags/example_external_task_marker_dag.py for tasks to queue
[2021-11-28 10:04:14,958] {logging_mixin.py:109} INFO - [2021-11-28 10:04:14,958] {dagbag.py:500} INFO - Filling up the DagBag from /home/airflow/.local/lib/python3.7/site-packages/airflow/example_dags/example_external_task_marker_dag.py
[2021-11-28 10:04:14,974] {processor.py:637} INFO - DAG(s) dict_keys(['example_external_task_marker_parent', 'example_external_task_marker_child']) retrieved from /home/airflow/.local/lib/python3.7/site-packages/airflow/example_dags/example_external_task_marker_dag.py
[2021-11-28 10:04:14,982] {logging_mixin.py:109} INFO - [2021-11-28 10:04:14,982] {dag.py:2396} INFO - Sync 2 DAGs
[2021-11-28 10:04:14,993] {logging_mixin.py:109} INFO - [2021-11-28 10:04:14,993] {dag.py:2928} INFO - Setting next_dagrun for example_external_task_marker_child to None
[2021-11-28 10:04:14,993] {logging_mixin.py:109} INFO - [2021-11-28 10:04:14,993] {dag.py:2928} INFO - Setting next_dagrun for example_external_task_marker_parent to None
[2021-11-28 10:04:15,002] {processor.py:171} INFO - Processing /home/airflow/.local/lib/python3.7/site-packages/airflow/example_dags/example_external_task_marker_dag.py took 0.047 seconds
[2021-11-28 10:04:45,992] {processor.py:163} INFO - Started process (PID=740) to work on /home/airflow/.local/lib/python3.7/site-packages/airflow/example_dags/example_external_task_marker_dag.py
[2021-11-28 10:04:45,993] {processor.py:625} INFO - Processing file /home/airflow/.local/lib/python3.7/site-packages/airflow/example_dags/example_external_task_marker_dag.py for tasks to queue
[2021-11-28 10:04:45,994] {logging_mixin.py:109} INFO - [2021-11-28 10:04:45,994] {dagbag.py:500} INFO - Filling up the DagBag from /home/airflow/.local/lib/python3.7/site-packages/airflow/example_dags/example_external_task_marker_dag.py
[2021-11-28 10:04:46,012] {processor.py:637} INFO - DAG(s) dict_keys(['example_external_task_marker_parent', 'example_external_task_marker_child']) retrieved from /home/airflow/.local/lib/python3.7/site-packages/airflow/example_dags/example_external_task_marker_dag.py
[2021-11-28 10:04:46,027] {logging_mixin.py:109} INFO - [2021-11-28 10:04:46,027] {dag.py:2396} INFO - Sync 2 DAGs
[2021-11-28 10:04:46,048] {logging_mixin.py:109} INFO - [2021-11-28 10:04:46,048] {dag.py:2928} INFO - Setting next_dagrun for example_external_task_marker_child to None
[2021-11-28 10:04:46,048] {logging_mixin.py:109} INFO - [2021-11-28 10:04:46,048] {dag.py:2928} INFO - Setting next_dagrun for example_external_task_marker_parent to None
[2021-11-28 10:04:46,062] {processor.py:171} INFO - Processing /home/airflow/.local/lib/python3.7/site-packages/airflow/example_dags/example_external_task_marker_dag.py took 0.071 seconds
[2021-11-28 10:05:17,084] {processor.py:163} INFO - Started process (PID=791) to work on /home/airflow/.local/lib/python3.7/site-packages/airflow/example_dags/example_external_task_marker_dag.py
[2021-11-28 10:05:17,085] {processor.py:625} INFO - Processing file /home/airflow/.local/lib/python3.7/site-packages/airflow/example_dags/example_external_task_marker_dag.py for tasks to queue
[2021-11-28 10:05:17,086] {logging_mixin.py:109} INFO - [2021-11-28 10:05:17,086] {dagbag.py:500} INFO - Filling up the DagBag from /home/airflow/.local/lib/python3.7/site-packages/airflow/example_dags/example_external_task_marker_dag.py
[2021-11-28 10:05:17,108] {processor.py:637} INFO - DAG(s) dict_keys(['example_external_task_marker_parent', 'example_external_task_marker_child']) retrieved from /home/airflow/.local/lib/python3.7/site-packages/airflow/example_dags/example_external_task_marker_dag.py
[2021-11-28 10:05:17,122] {logging_mixin.py:109} INFO - [2021-11-28 10:05:17,122] {dag.py:2396} INFO - Sync 2 DAGs
[2021-11-28 10:05:17,141] {logging_mixin.py:109} INFO - [2021-11-28 10:05:17,141] {dag.py:2928} INFO - Setting next_dagrun for example_external_task_marker_child to None
[2021-11-28 10:05:17,141] {logging_mixin.py:109} INFO - [2021-11-28 10:05:17,141] {dag.py:2928} INFO - Setting next_dagrun for example_external_task_marker_parent to None
[2021-11-28 10:05:17,152] {processor.py:171} INFO - Processing /home/airflow/.local/lib/python3.7/site-packages/airflow/example_dags/example_external_task_marker_dag.py took 0.070 seconds
[2021-11-28 10:05:48,219] {processor.py:163} INFO - Started process (PID=851) to work on /home/airflow/.local/lib/python3.7/site-packages/airflow/example_dags/example_external_task_marker_dag.py
[2021-11-28 10:05:48,220] {processor.py:625} INFO - Processing file /home/airflow/.local/lib/python3.7/site-packages/airflow/example_dags/example_external_task_marker_dag.py for tasks to queue
[2021-11-28 10:05:48,221] {logging_mixin.py:109} INFO - [2021-11-28 10:05:48,221] {dagbag.py:500} INFO - Filling up the DagBag from /home/airflow/.local/lib/python3.7/site-packages/airflow/example_dags/example_external_task_marker_dag.py
[2021-11-28 10:05:48,241] {processor.py:637} INFO - DAG(s) dict_keys(['example_external_task_marker_parent', 'example_external_task_marker_child']) retrieved from /home/airflow/.local/lib/python3.7/site-packages/airflow/example_dags/example_external_task_marker_dag.py
[2021-11-28 10:05:48,251] {logging_mixin.py:109} INFO - [2021-11-28 10:05:48,251] {dag.py:2396} INFO - Sync 2 DAGs
[2021-11-28 10:05:48,265] {logging_mixin.py:109} INFO - [2021-11-28 10:05:48,264] {dag.py:2928} INFO - Setting next_dagrun for example_external_task_marker_child to None
[2021-11-28 10:05:48,265] {logging_mixin.py:109} INFO - [2021-11-28 10:05:48,265] {dag.py:2928} INFO - Setting next_dagrun for example_external_task_marker_parent to None
[2021-11-28 10:05:48,275] {processor.py:171} INFO - Processing /home/airflow/.local/lib/python3.7/site-packages/airflow/example_dags/example_external_task_marker_dag.py took 0.059 seconds
[2021-11-28 10:06:18,659] {processor.py:163} INFO - Started process (PID=902) to work on /home/airflow/.local/lib/python3.7/site-packages/airflow/example_dags/example_external_task_marker_dag.py
[2021-11-28 10:06:18,660] {processor.py:625} INFO - Processing file /home/airflow/.local/lib/python3.7/site-packages/airflow/example_dags/example_external_task_marker_dag.py for tasks to queue
[2021-11-28 10:06:18,661] {logging_mixin.py:109} INFO - [2021-11-28 10:06:18,661] {dagbag.py:500} INFO - Filling up the DagBag from /home/airflow/.local/lib/python3.7/site-packages/airflow/example_dags/example_external_task_marker_dag.py
[2021-11-28 10:06:18,680] {processor.py:637} INFO - DAG(s) dict_keys(['example_external_task_marker_parent', 'example_external_task_marker_child']) retrieved from /home/airflow/.local/lib/python3.7/site-packages/airflow/example_dags/example_external_task_marker_dag.py
[2021-11-28 10:06:18,690] {logging_mixin.py:109} INFO - [2021-11-28 10:06:18,689] {dag.py:2396} INFO - Sync 2 DAGs
[2021-11-28 10:06:18,702] {logging_mixin.py:109} INFO - [2021-11-28 10:06:18,702] {dag.py:2928} INFO - Setting next_dagrun for example_external_task_marker_child to None
[2021-11-28 10:06:18,702] {logging_mixin.py:109} INFO - [2021-11-28 10:06:18,702] {dag.py:2928} INFO - Setting next_dagrun for example_external_task_marker_parent to None
[2021-11-28 10:06:18,777] {processor.py:171} INFO - Processing /home/airflow/.local/lib/python3.7/site-packages/airflow/example_dags/example_external_task_marker_dag.py took 0.120 seconds
[2021-11-28 10:06:49,266] {processor.py:163} INFO - Started process (PID=962) to work on /home/airflow/.local/lib/python3.7/site-packages/airflow/example_dags/example_external_task_marker_dag.py
[2021-11-28 10:06:49,267] {processor.py:625} INFO - Processing file /home/airflow/.local/lib/python3.7/site-packages/airflow/example_dags/example_external_task_marker_dag.py for tasks to queue
[2021-11-28 10:06:49,268] {logging_mixin.py:109} INFO - [2021-11-28 10:06:49,268] {dagbag.py:500} INFO - Filling up the DagBag from /home/airflow/.local/lib/python3.7/site-packages/airflow/example_dags/example_external_task_marker_dag.py
[2021-11-28 10:06:49,291] {processor.py:637} INFO - DAG(s) dict_keys(['example_external_task_marker_parent', 'example_external_task_marker_child']) retrieved from /home/airflow/.local/lib/python3.7/site-packages/airflow/example_dags/example_external_task_marker_dag.py
[2021-11-28 10:06:49,306] {logging_mixin.py:109} INFO - [2021-11-28 10:06:49,306] {dag.py:2396} INFO - Sync 2 DAGs
[2021-11-28 10:06:49,392] {logging_mixin.py:109} INFO - [2021-11-28 10:06:49,392] {dag.py:2928} INFO - Setting next_dagrun for example_external_task_marker_child to None
[2021-11-28 10:06:49,392] {logging_mixin.py:109} INFO - [2021-11-28 10:06:49,392] {dag.py:2928} INFO - Setting next_dagrun for example_external_task_marker_parent to None
[2021-11-28 10:06:49,404] {processor.py:171} INFO - Processing /home/airflow/.local/lib/python3.7/site-packages/airflow/example_dags/example_external_task_marker_dag.py took 0.141 seconds
[2021-11-28 10:07:20,086] {processor.py:163} INFO - Started process (PID=1022) to work on /home/airflow/.local/lib/python3.7/site-packages/airflow/example_dags/example_external_task_marker_dag.py
[2021-11-28 10:07:20,087] {processor.py:625} INFO - Processing file /home/airflow/.local/lib/python3.7/site-packages/airflow/example_dags/example_external_task_marker_dag.py for tasks to queue
[2021-11-28 10:07:20,087] {logging_mixin.py:109} INFO - [2021-11-28 10:07:20,087] {dagbag.py:500} INFO - Filling up the DagBag from /home/airflow/.local/lib/python3.7/site-packages/airflow/example_dags/example_external_task_marker_dag.py
[2021-11-28 10:07:20,104] {processor.py:637} INFO - DAG(s) dict_keys(['example_external_task_marker_parent', 'example_external_task_marker_child']) retrieved from /home/airflow/.local/lib/python3.7/site-packages/airflow/example_dags/example_external_task_marker_dag.py
[2021-11-28 10:07:20,116] {logging_mixin.py:109} INFO - [2021-11-28 10:07:20,116] {dag.py:2396} INFO - Sync 2 DAGs
[2021-11-28 10:07:20,196] {logging_mixin.py:109} INFO - [2021-11-28 10:07:20,196] {dag.py:2928} INFO - Setting next_dagrun for example_external_task_marker_child to None
[2021-11-28 10:07:20,196] {logging_mixin.py:109} INFO - [2021-11-28 10:07:20,196] {dag.py:2928} INFO - Setting next_dagrun for example_external_task_marker_parent to None
[2021-11-28 10:07:20,205] {processor.py:171} INFO - Processing /home/airflow/.local/lib/python3.7/site-packages/airflow/example_dags/example_external_task_marker_dag.py took 0.120 seconds
[2021-11-28 10:07:50,903] {processor.py:163} INFO - Started process (PID=1073) to work on /home/airflow/.local/lib/python3.7/site-packages/airflow/example_dags/example_external_task_marker_dag.py
[2021-11-28 10:07:50,904] {processor.py:625} INFO - Processing file /home/airflow/.local/lib/python3.7/site-packages/airflow/example_dags/example_external_task_marker_dag.py for tasks to queue
[2021-11-28 10:07:50,904] {logging_mixin.py:109} INFO - [2021-11-28 10:07:50,904] {dagbag.py:500} INFO - Filling up the DagBag from /home/airflow/.local/lib/python3.7/site-packages/airflow/example_dags/example_external_task_marker_dag.py
[2021-11-28 10:07:50,923] {processor.py:637} INFO - DAG(s) dict_keys(['example_external_task_marker_parent', 'example_external_task_marker_child']) retrieved from /home/airflow/.local/lib/python3.7/site-packages/airflow/example_dags/example_external_task_marker_dag.py
[2021-11-28 10:07:50,937] {logging_mixin.py:109} INFO - [2021-11-28 10:07:50,937] {dag.py:2396} INFO - Sync 2 DAGs
[2021-11-28 10:07:51,022] {logging_mixin.py:109} INFO - [2021-11-28 10:07:51,022] {dag.py:2928} INFO - Setting next_dagrun for example_external_task_marker_child to None
[2021-11-28 10:07:51,022] {logging_mixin.py:109} INFO - [2021-11-28 10:07:51,022] {dag.py:2928} INFO - Setting next_dagrun for example_external_task_marker_parent to None
[2021-11-28 10:07:51,031] {processor.py:171} INFO - Processing /home/airflow/.local/lib/python3.7/site-packages/airflow/example_dags/example_external_task_marker_dag.py took 0.130 seconds
[2021-11-28 10:08:21,620] {processor.py:163} INFO - Started process (PID=1133) to work on /home/airflow/.local/lib/python3.7/site-packages/airflow/example_dags/example_external_task_marker_dag.py
[2021-11-28 10:08:21,621] {processor.py:625} INFO - Processing file /home/airflow/.local/lib/python3.7/site-packages/airflow/example_dags/example_external_task_marker_dag.py for tasks to queue
[2021-11-28 10:08:21,622] {logging_mixin.py:109} INFO - [2021-11-28 10:08:21,622] {dagbag.py:500} INFO - Filling up the DagBag from /home/airflow/.local/lib/python3.7/site-packages/airflow/example_dags/example_external_task_marker_dag.py
[2021-11-28 10:08:21,647] {processor.py:637} INFO - DAG(s) dict_keys(['example_external_task_marker_parent', 'example_external_task_marker_child']) retrieved from /home/airflow/.local/lib/python3.7/site-packages/airflow/example_dags/example_external_task_marker_dag.py
[2021-11-28 10:08:21,661] {logging_mixin.py:109} INFO - [2021-11-28 10:08:21,660] {dag.py:2396} INFO - Sync 2 DAGs
[2021-11-28 10:08:21,739] {logging_mixin.py:109} INFO - [2021-11-28 10:08:21,739] {dag.py:2928} INFO - Setting next_dagrun for example_external_task_marker_child to None
[2021-11-28 10:08:21,739] {logging_mixin.py:109} INFO - [2021-11-28 10:08:21,739] {dag.py:2928} INFO - Setting next_dagrun for example_external_task_marker_parent to None
[2021-11-28 10:08:21,751] {processor.py:171} INFO - Processing /home/airflow/.local/lib/python3.7/site-packages/airflow/example_dags/example_external_task_marker_dag.py took 0.134 seconds
[2021-11-28 10:08:52,473] {processor.py:163} INFO - Started process (PID=1184) to work on /home/airflow/.local/lib/python3.7/site-packages/airflow/example_dags/example_external_task_marker_dag.py
[2021-11-28 10:08:52,474] {processor.py:625} INFO - Processing file /home/airflow/.local/lib/python3.7/site-packages/airflow/example_dags/example_external_task_marker_dag.py for tasks to queue
[2021-11-28 10:08:52,475] {logging_mixin.py:109} INFO - [2021-11-28 10:08:52,475] {dagbag.py:500} INFO - Filling up the DagBag from /home/airflow/.local/lib/python3.7/site-packages/airflow/example_dags/example_external_task_marker_dag.py
[2021-11-28 10:08:52,567] {processor.py:637} INFO - DAG(s) dict_keys(['example_external_task_marker_parent', 'example_external_task_marker_child']) retrieved from /home/airflow/.local/lib/python3.7/site-packages/airflow/example_dags/example_external_task_marker_dag.py
[2021-11-28 10:08:52,575] {logging_mixin.py:109} INFO - [2021-11-28 10:08:52,575] {dag.py:2396} INFO - Sync 2 DAGs
[2021-11-28 10:08:52,586] {logging_mixin.py:109} INFO - [2021-11-28 10:08:52,586] {dag.py:2928} INFO - Setting next_dagrun for example_external_task_marker_child to None
[2021-11-28 10:08:52,586] {logging_mixin.py:109} INFO - [2021-11-28 10:08:52,586] {dag.py:2928} INFO - Setting next_dagrun for example_external_task_marker_parent to None
[2021-11-28 10:08:52,594] {processor.py:171} INFO - Processing /home/airflow/.local/lib/python3.7/site-packages/airflow/example_dags/example_external_task_marker_dag.py took 0.125 seconds
[2021-11-28 10:09:23,289] {processor.py:163} INFO - Started process (PID=1244) to work on /home/airflow/.local/lib/python3.7/site-packages/airflow/example_dags/example_external_task_marker_dag.py
[2021-11-28 10:09:23,290] {processor.py:625} INFO - Processing file /home/airflow/.local/lib/python3.7/site-packages/airflow/example_dags/example_external_task_marker_dag.py for tasks to queue
[2021-11-28 10:09:23,291] {logging_mixin.py:109} INFO - [2021-11-28 10:09:23,291] {dagbag.py:500} INFO - Filling up the DagBag from /home/airflow/.local/lib/python3.7/site-packages/airflow/example_dags/example_external_task_marker_dag.py
[2021-11-28 10:09:23,381] {processor.py:637} INFO - DAG(s) dict_keys(['example_external_task_marker_parent', 'example_external_task_marker_child']) retrieved from /home/airflow/.local/lib/python3.7/site-packages/airflow/example_dags/example_external_task_marker_dag.py
[2021-11-28 10:09:23,389] {logging_mixin.py:109} INFO - [2021-11-28 10:09:23,389] {dag.py:2396} INFO - Sync 2 DAGs
[2021-11-28 10:09:23,401] {logging_mixin.py:109} INFO - [2021-11-28 10:09:23,401] {dag.py:2928} INFO - Setting next_dagrun for example_external_task_marker_child to None
[2021-11-28 10:09:23,401] {logging_mixin.py:109} INFO - [2021-11-28 10:09:23,401] {dag.py:2928} INFO - Setting next_dagrun for example_external_task_marker_parent to None
[2021-11-28 10:09:23,408] {processor.py:171} INFO - Processing /home/airflow/.local/lib/python3.7/site-packages/airflow/example_dags/example_external_task_marker_dag.py took 0.122 seconds
[2021-11-28 10:09:53,954] {processor.py:163} INFO - Started process (PID=1295) to work on /home/airflow/.local/lib/python3.7/site-packages/airflow/example_dags/example_external_task_marker_dag.py
[2021-11-28 10:09:53,955] {processor.py:625} INFO - Processing file /home/airflow/.local/lib/python3.7/site-packages/airflow/example_dags/example_external_task_marker_dag.py for tasks to queue
[2021-11-28 10:09:53,955] {logging_mixin.py:109} INFO - [2021-11-28 10:09:53,955] {dagbag.py:500} INFO - Filling up the DagBag from /home/airflow/.local/lib/python3.7/site-packages/airflow/example_dags/example_external_task_marker_dag.py
[2021-11-28 10:09:54,074] {processor.py:637} INFO - DAG(s) dict_keys(['example_external_task_marker_parent', 'example_external_task_marker_child']) retrieved from /home/airflow/.local/lib/python3.7/site-packages/airflow/example_dags/example_external_task_marker_dag.py
[2021-11-28 10:09:54,084] {logging_mixin.py:109} INFO - [2021-11-28 10:09:54,084] {dag.py:2396} INFO - Sync 2 DAGs
[2021-11-28 10:09:54,098] {logging_mixin.py:109} INFO - [2021-11-28 10:09:54,098] {dag.py:2928} INFO - Setting next_dagrun for example_external_task_marker_child to None
[2021-11-28 10:09:54,098] {logging_mixin.py:109} INFO - [2021-11-28 10:09:54,098] {dag.py:2928} INFO - Setting next_dagrun for example_external_task_marker_parent to None
[2021-11-28 10:09:54,111] {processor.py:171} INFO - Processing /home/airflow/.local/lib/python3.7/site-packages/airflow/example_dags/example_external_task_marker_dag.py took 0.159 seconds
[2021-11-28 10:10:24,640] {processor.py:163} INFO - Started process (PID=1355) to work on /home/airflow/.local/lib/python3.7/site-packages/airflow/example_dags/example_external_task_marker_dag.py
[2021-11-28 10:10:24,641] {processor.py:625} INFO - Processing file /home/airflow/.local/lib/python3.7/site-packages/airflow/example_dags/example_external_task_marker_dag.py for tasks to queue
[2021-11-28 10:10:24,642] {logging_mixin.py:109} INFO - [2021-11-28 10:10:24,642] {dagbag.py:500} INFO - Filling up the DagBag from /home/airflow/.local/lib/python3.7/site-packages/airflow/example_dags/example_external_task_marker_dag.py
[2021-11-28 10:10:24,728] {processor.py:637} INFO - DAG(s) dict_keys(['example_external_task_marker_parent', 'example_external_task_marker_child']) retrieved from /home/airflow/.local/lib/python3.7/site-packages/airflow/example_dags/example_external_task_marker_dag.py
[2021-11-28 10:10:24,735] {logging_mixin.py:109} INFO - [2021-11-28 10:10:24,735] {dag.py:2396} INFO - Sync 2 DAGs
[2021-11-28 10:10:24,746] {logging_mixin.py:109} INFO - [2021-11-28 10:10:24,746] {dag.py:2928} INFO - Setting next_dagrun for example_external_task_marker_child to None
[2021-11-28 10:10:24,746] {logging_mixin.py:109} INFO - [2021-11-28 10:10:24,746] {dag.py:2928} INFO - Setting next_dagrun for example_external_task_marker_parent to None
[2021-11-28 10:10:24,754] {processor.py:171} INFO - Processing /home/airflow/.local/lib/python3.7/site-packages/airflow/example_dags/example_external_task_marker_dag.py took 0.115 seconds
[2021-11-28 10:10:55,723] {processor.py:163} INFO - Started process (PID=1415) to work on /home/airflow/.local/lib/python3.7/site-packages/airflow/example_dags/example_external_task_marker_dag.py
[2021-11-28 10:10:55,724] {processor.py:625} INFO - Processing file /home/airflow/.local/lib/python3.7/site-packages/airflow/example_dags/example_external_task_marker_dag.py for tasks to queue
[2021-11-28 10:10:55,724] {logging_mixin.py:109} INFO - [2021-11-28 10:10:55,724] {dagbag.py:500} INFO - Filling up the DagBag from /home/airflow/.local/lib/python3.7/site-packages/airflow/example_dags/example_external_task_marker_dag.py
[2021-11-28 10:10:55,745] {processor.py:637} INFO - DAG(s) dict_keys(['example_external_task_marker_parent', 'example_external_task_marker_child']) retrieved from /home/airflow/.local/lib/python3.7/site-packages/airflow/example_dags/example_external_task_marker_dag.py
[2021-11-28 10:10:55,756] {logging_mixin.py:109} INFO - [2021-11-28 10:10:55,756] {dag.py:2396} INFO - Sync 2 DAGs
[2021-11-28 10:10:55,770] {logging_mixin.py:109} INFO - [2021-11-28 10:10:55,770] {dag.py:2928} INFO - Setting next_dagrun for example_external_task_marker_child to None
[2021-11-28 10:10:55,771] {logging_mixin.py:109} INFO - [2021-11-28 10:10:55,771] {dag.py:2928} INFO - Setting next_dagrun for example_external_task_marker_parent to None
[2021-11-28 10:10:55,781] {processor.py:171} INFO - Processing /home/airflow/.local/lib/python3.7/site-packages/airflow/example_dags/example_external_task_marker_dag.py took 0.059 seconds
[2021-11-28 10:11:26,464] {processor.py:163} INFO - Started process (PID=1466) to work on /home/airflow/.local/lib/python3.7/site-packages/airflow/example_dags/example_external_task_marker_dag.py
[2021-11-28 10:11:26,466] {processor.py:625} INFO - Processing file /home/airflow/.local/lib/python3.7/site-packages/airflow/example_dags/example_external_task_marker_dag.py for tasks to queue
[2021-11-28 10:11:26,466] {logging_mixin.py:109} INFO - [2021-11-28 10:11:26,466] {dagbag.py:500} INFO - Filling up the DagBag from /home/airflow/.local/lib/python3.7/site-packages/airflow/example_dags/example_external_task_marker_dag.py
[2021-11-28 10:11:26,491] {processor.py:637} INFO - DAG(s) dict_keys(['example_external_task_marker_parent', 'example_external_task_marker_child']) retrieved from /home/airflow/.local/lib/python3.7/site-packages/airflow/example_dags/example_external_task_marker_dag.py
[2021-11-28 10:11:26,508] {logging_mixin.py:109} INFO - [2021-11-28 10:11:26,508] {dag.py:2396} INFO - Sync 2 DAGs
[2021-11-28 10:11:26,527] {logging_mixin.py:109} INFO - [2021-11-28 10:11:26,527] {dag.py:2928} INFO - Setting next_dagrun for example_external_task_marker_child to None
[2021-11-28 10:11:26,527] {logging_mixin.py:109} INFO - [2021-11-28 10:11:26,527] {dag.py:2928} INFO - Setting next_dagrun for example_external_task_marker_parent to None
[2021-11-28 10:11:26,536] {processor.py:171} INFO - Processing /home/airflow/.local/lib/python3.7/site-packages/airflow/example_dags/example_external_task_marker_dag.py took 0.074 seconds
[2021-11-28 10:11:57,262] {processor.py:163} INFO - Started process (PID=1526) to work on /home/airflow/.local/lib/python3.7/site-packages/airflow/example_dags/example_external_task_marker_dag.py
[2021-11-28 10:11:57,263] {processor.py:625} INFO - Processing file /home/airflow/.local/lib/python3.7/site-packages/airflow/example_dags/example_external_task_marker_dag.py for tasks to queue
[2021-11-28 10:11:57,263] {logging_mixin.py:109} INFO - [2021-11-28 10:11:57,263] {dagbag.py:500} INFO - Filling up the DagBag from /home/airflow/.local/lib/python3.7/site-packages/airflow/example_dags/example_external_task_marker_dag.py
[2021-11-28 10:11:57,287] {processor.py:637} INFO - DAG(s) dict_keys(['example_external_task_marker_parent', 'example_external_task_marker_child']) retrieved from /home/airflow/.local/lib/python3.7/site-packages/airflow/example_dags/example_external_task_marker_dag.py
[2021-11-28 10:11:57,295] {logging_mixin.py:109} INFO - [2021-11-28 10:11:57,295] {dag.py:2396} INFO - Sync 2 DAGs
[2021-11-28 10:11:57,306] {logging_mixin.py:109} INFO - [2021-11-28 10:11:57,306] {dag.py:2928} INFO - Setting next_dagrun for example_external_task_marker_child to None
[2021-11-28 10:11:57,306] {logging_mixin.py:109} INFO - [2021-11-28 10:11:57,306] {dag.py:2928} INFO - Setting next_dagrun for example_external_task_marker_parent to None
[2021-11-28 10:11:57,315] {processor.py:171} INFO - Processing /home/airflow/.local/lib/python3.7/site-packages/airflow/example_dags/example_external_task_marker_dag.py took 0.056 seconds
[2021-11-28 10:12:27,926] {processor.py:163} INFO - Started process (PID=1577) to work on /home/airflow/.local/lib/python3.7/site-packages/airflow/example_dags/example_external_task_marker_dag.py
[2021-11-28 10:12:27,927] {processor.py:625} INFO - Processing file /home/airflow/.local/lib/python3.7/site-packages/airflow/example_dags/example_external_task_marker_dag.py for tasks to queue
[2021-11-28 10:12:27,928] {logging_mixin.py:109} INFO - [2021-11-28 10:12:27,928] {dagbag.py:500} INFO - Filling up the DagBag from /home/airflow/.local/lib/python3.7/site-packages/airflow/example_dags/example_external_task_marker_dag.py
[2021-11-28 10:12:27,953] {processor.py:637} INFO - DAG(s) dict_keys(['example_external_task_marker_parent', 'example_external_task_marker_child']) retrieved from /home/airflow/.local/lib/python3.7/site-packages/airflow/example_dags/example_external_task_marker_dag.py
[2021-11-28 10:12:27,967] {logging_mixin.py:109} INFO - [2021-11-28 10:12:27,967] {dag.py:2396} INFO - Sync 2 DAGs
[2021-11-28 10:12:27,986] {logging_mixin.py:109} INFO - [2021-11-28 10:12:27,986] {dag.py:2928} INFO - Setting next_dagrun for example_external_task_marker_child to None
[2021-11-28 10:12:27,987] {logging_mixin.py:109} INFO - [2021-11-28 10:12:27,987] {dag.py:2928} INFO - Setting next_dagrun for example_external_task_marker_parent to None
[2021-11-28 10:12:27,998] {processor.py:171} INFO - Processing /home/airflow/.local/lib/python3.7/site-packages/airflow/example_dags/example_external_task_marker_dag.py took 0.075 seconds
[2021-11-28 10:12:58,726] {processor.py:163} INFO - Started process (PID=1637) to work on /home/airflow/.local/lib/python3.7/site-packages/airflow/example_dags/example_external_task_marker_dag.py
[2021-11-28 10:12:58,727] {processor.py:625} INFO - Processing file /home/airflow/.local/lib/python3.7/site-packages/airflow/example_dags/example_external_task_marker_dag.py for tasks to queue
[2021-11-28 10:12:58,727] {logging_mixin.py:109} INFO - [2021-11-28 10:12:58,727] {dagbag.py:500} INFO - Filling up the DagBag from /home/airflow/.local/lib/python3.7/site-packages/airflow/example_dags/example_external_task_marker_dag.py
[2021-11-28 10:12:58,748] {processor.py:637} INFO - DAG(s) dict_keys(['example_external_task_marker_parent', 'example_external_task_marker_child']) retrieved from /home/airflow/.local/lib/python3.7/site-packages/airflow/example_dags/example_external_task_marker_dag.py
[2021-11-28 10:12:58,758] {logging_mixin.py:109} INFO - [2021-11-28 10:12:58,758] {dag.py:2396} INFO - Sync 2 DAGs
[2021-11-28 10:12:58,771] {logging_mixin.py:109} INFO - [2021-11-28 10:12:58,771] {dag.py:2928} INFO - Setting next_dagrun for example_external_task_marker_child to None
[2021-11-28 10:12:58,771] {logging_mixin.py:109} INFO - [2021-11-28 10:12:58,771] {dag.py:2928} INFO - Setting next_dagrun for example_external_task_marker_parent to None
[2021-11-28 10:12:58,780] {processor.py:171} INFO - Processing /home/airflow/.local/lib/python3.7/site-packages/airflow/example_dags/example_external_task_marker_dag.py took 0.056 seconds
[2021-11-28 10:13:29,474] {processor.py:163} INFO - Started process (PID=1697) to work on /home/airflow/.local/lib/python3.7/site-packages/airflow/example_dags/example_external_task_marker_dag.py
[2021-11-28 10:13:29,475] {processor.py:625} INFO - Processing file /home/airflow/.local/lib/python3.7/site-packages/airflow/example_dags/example_external_task_marker_dag.py for tasks to queue
[2021-11-28 10:13:29,476] {logging_mixin.py:109} INFO - [2021-11-28 10:13:29,475] {dagbag.py:500} INFO - Filling up the DagBag from /home/airflow/.local/lib/python3.7/site-packages/airflow/example_dags/example_external_task_marker_dag.py
[2021-11-28 10:13:29,493] {processor.py:637} INFO - DAG(s) dict_keys(['example_external_task_marker_parent', 'example_external_task_marker_child']) retrieved from /home/airflow/.local/lib/python3.7/site-packages/airflow/example_dags/example_external_task_marker_dag.py
[2021-11-28 10:13:29,507] {logging_mixin.py:109} INFO - [2021-11-28 10:13:29,507] {dag.py:2396} INFO - Sync 2 DAGs
[2021-11-28 10:13:29,527] {logging_mixin.py:109} INFO - [2021-11-28 10:13:29,527] {dag.py:2928} INFO - Setting next_dagrun for example_external_task_marker_child to None
[2021-11-28 10:13:29,527] {logging_mixin.py:109} INFO - [2021-11-28 10:13:29,527] {dag.py:2928} INFO - Setting next_dagrun for example_external_task_marker_parent to None
[2021-11-28 10:13:29,537] {processor.py:171} INFO - Processing /home/airflow/.local/lib/python3.7/site-packages/airflow/example_dags/example_external_task_marker_dag.py took 0.065 seconds
[2021-11-28 10:14:00,311] {processor.py:163} INFO - Started process (PID=1748) to work on /home/airflow/.local/lib/python3.7/site-packages/airflow/example_dags/example_external_task_marker_dag.py
[2021-11-28 10:14:00,312] {processor.py:625} INFO - Processing file /home/airflow/.local/lib/python3.7/site-packages/airflow/example_dags/example_external_task_marker_dag.py for tasks to queue
[2021-11-28 10:14:00,313] {logging_mixin.py:109} INFO - [2021-11-28 10:14:00,313] {dagbag.py:500} INFO - Filling up the DagBag from /home/airflow/.local/lib/python3.7/site-packages/airflow/example_dags/example_external_task_marker_dag.py
[2021-11-28 10:14:00,338] {processor.py:637} INFO - DAG(s) dict_keys(['example_external_task_marker_parent', 'example_external_task_marker_child']) retrieved from /home/airflow/.local/lib/python3.7/site-packages/airflow/example_dags/example_external_task_marker_dag.py
[2021-11-28 10:14:00,351] {logging_mixin.py:109} INFO - [2021-11-28 10:14:00,351] {dag.py:2396} INFO - Sync 2 DAGs
[2021-11-28 10:14:00,369] {logging_mixin.py:109} INFO - [2021-11-28 10:14:00,369] {dag.py:2928} INFO - Setting next_dagrun for example_external_task_marker_child to None
[2021-11-28 10:14:00,369] {logging_mixin.py:109} INFO - [2021-11-28 10:14:00,369] {dag.py:2928} INFO - Setting next_dagrun for example_external_task_marker_parent to None
[2021-11-28 10:14:00,380] {processor.py:171} INFO - Processing /home/airflow/.local/lib/python3.7/site-packages/airflow/example_dags/example_external_task_marker_dag.py took 0.072 seconds
[2021-11-28 10:14:31,071] {processor.py:163} INFO - Started process (PID=1809) to work on /home/airflow/.local/lib/python3.7/site-packages/airflow/example_dags/example_external_task_marker_dag.py
[2021-11-28 10:14:31,072] {processor.py:625} INFO - Processing file /home/airflow/.local/lib/python3.7/site-packages/airflow/example_dags/example_external_task_marker_dag.py for tasks to queue
[2021-11-28 10:14:31,073] {logging_mixin.py:109} INFO - [2021-11-28 10:14:31,073] {dagbag.py:500} INFO - Filling up the DagBag from /home/airflow/.local/lib/python3.7/site-packages/airflow/example_dags/example_external_task_marker_dag.py
[2021-11-28 10:14:31,095] {processor.py:637} INFO - DAG(s) dict_keys(['example_external_task_marker_parent', 'example_external_task_marker_child']) retrieved from /home/airflow/.local/lib/python3.7/site-packages/airflow/example_dags/example_external_task_marker_dag.py
[2021-11-28 10:14:31,103] {logging_mixin.py:109} INFO - [2021-11-28 10:14:31,103] {dag.py:2396} INFO - Sync 2 DAGs
[2021-11-28 10:14:31,114] {logging_mixin.py:109} INFO - [2021-11-28 10:14:31,114] {dag.py:2928} INFO - Setting next_dagrun for example_external_task_marker_child to None
[2021-11-28 10:14:31,114] {logging_mixin.py:109} INFO - [2021-11-28 10:14:31,114] {dag.py:2928} INFO - Setting next_dagrun for example_external_task_marker_parent to None
[2021-11-28 10:14:31,123] {processor.py:171} INFO - Processing /home/airflow/.local/lib/python3.7/site-packages/airflow/example_dags/example_external_task_marker_dag.py took 0.054 seconds
[2021-11-28 10:15:01,814] {processor.py:163} INFO - Started process (PID=1860) to work on /home/airflow/.local/lib/python3.7/site-packages/airflow/example_dags/example_external_task_marker_dag.py
[2021-11-28 10:15:01,815] {processor.py:625} INFO - Processing file /home/airflow/.local/lib/python3.7/site-packages/airflow/example_dags/example_external_task_marker_dag.py for tasks to queue
[2021-11-28 10:15:01,815] {logging_mixin.py:109} INFO - [2021-11-28 10:15:01,815] {dagbag.py:500} INFO - Filling up the DagBag from /home/airflow/.local/lib/python3.7/site-packages/airflow/example_dags/example_external_task_marker_dag.py
[2021-11-28 10:15:01,832] {processor.py:637} INFO - DAG(s) dict_keys(['example_external_task_marker_parent', 'example_external_task_marker_child']) retrieved from /home/airflow/.local/lib/python3.7/site-packages/airflow/example_dags/example_external_task_marker_dag.py
[2021-11-28 10:15:01,845] {logging_mixin.py:109} INFO - [2021-11-28 10:15:01,845] {dag.py:2396} INFO - Sync 2 DAGs
[2021-11-28 10:15:01,862] {logging_mixin.py:109} INFO - [2021-11-28 10:15:01,862] {dag.py:2928} INFO - Setting next_dagrun for example_external_task_marker_child to None
[2021-11-28 10:15:01,863] {logging_mixin.py:109} INFO - [2021-11-28 10:15:01,863] {dag.py:2928} INFO - Setting next_dagrun for example_external_task_marker_parent to None
[2021-11-28 10:15:01,873] {processor.py:171} INFO - Processing /home/airflow/.local/lib/python3.7/site-packages/airflow/example_dags/example_external_task_marker_dag.py took 0.061 seconds
[2021-11-28 10:15:32,526] {processor.py:163} INFO - Started process (PID=1920) to work on /home/airflow/.local/lib/python3.7/site-packages/airflow/example_dags/example_external_task_marker_dag.py
[2021-11-28 10:15:32,527] {processor.py:625} INFO - Processing file /home/airflow/.local/lib/python3.7/site-packages/airflow/example_dags/example_external_task_marker_dag.py for tasks to queue
[2021-11-28 10:15:32,528] {logging_mixin.py:109} INFO - [2021-11-28 10:15:32,528] {dagbag.py:500} INFO - Filling up the DagBag from /home/airflow/.local/lib/python3.7/site-packages/airflow/example_dags/example_external_task_marker_dag.py
[2021-11-28 10:15:32,549] {processor.py:637} INFO - DAG(s) dict_keys(['example_external_task_marker_parent', 'example_external_task_marker_child']) retrieved from /home/airflow/.local/lib/python3.7/site-packages/airflow/example_dags/example_external_task_marker_dag.py
[2021-11-28 10:15:32,558] {logging_mixin.py:109} INFO - [2021-11-28 10:15:32,558] {dag.py:2396} INFO - Sync 2 DAGs
[2021-11-28 10:15:32,571] {logging_mixin.py:109} INFO - [2021-11-28 10:15:32,571] {dag.py:2928} INFO - Setting next_dagrun for example_external_task_marker_child to None
[2021-11-28 10:15:32,572] {logging_mixin.py:109} INFO - [2021-11-28 10:15:32,571] {dag.py:2928} INFO - Setting next_dagrun for example_external_task_marker_parent to None
[2021-11-28 10:15:32,583] {processor.py:171} INFO - Processing /home/airflow/.local/lib/python3.7/site-packages/airflow/example_dags/example_external_task_marker_dag.py took 0.059 seconds
[2021-11-28 10:16:03,285] {processor.py:163} INFO - Started process (PID=1981) to work on /home/airflow/.local/lib/python3.7/site-packages/airflow/example_dags/example_external_task_marker_dag.py
[2021-11-28 10:16:03,286] {processor.py:625} INFO - Processing file /home/airflow/.local/lib/python3.7/site-packages/airflow/example_dags/example_external_task_marker_dag.py for tasks to queue
[2021-11-28 10:16:03,287] {logging_mixin.py:109} INFO - [2021-11-28 10:16:03,287] {dagbag.py:500} INFO - Filling up the DagBag from /home/airflow/.local/lib/python3.7/site-packages/airflow/example_dags/example_external_task_marker_dag.py
[2021-11-28 10:16:03,318] {processor.py:637} INFO - DAG(s) dict_keys(['example_external_task_marker_parent', 'example_external_task_marker_child']) retrieved from /home/airflow/.local/lib/python3.7/site-packages/airflow/example_dags/example_external_task_marker_dag.py
[2021-11-28 10:16:03,329] {logging_mixin.py:109} INFO - [2021-11-28 10:16:03,329] {dag.py:2396} INFO - Sync 2 DAGs
[2021-11-28 10:16:03,341] {logging_mixin.py:109} INFO - [2021-11-28 10:16:03,341] {dag.py:2928} INFO - Setting next_dagrun for example_external_task_marker_child to None
[2021-11-28 10:16:03,342] {logging_mixin.py:109} INFO - [2021-11-28 10:16:03,342] {dag.py:2928} INFO - Setting next_dagrun for example_external_task_marker_parent to None
[2021-11-28 10:16:03,351] {processor.py:171} INFO - Processing /home/airflow/.local/lib/python3.7/site-packages/airflow/example_dags/example_external_task_marker_dag.py took 0.069 seconds
[2021-11-28 10:16:34,055] {processor.py:163} INFO - Started process (PID=2032) to work on /home/airflow/.local/lib/python3.7/site-packages/airflow/example_dags/example_external_task_marker_dag.py
[2021-11-28 10:16:34,056] {processor.py:625} INFO - Processing file /home/airflow/.local/lib/python3.7/site-packages/airflow/example_dags/example_external_task_marker_dag.py for tasks to queue
[2021-11-28 10:16:34,056] {logging_mixin.py:109} INFO - [2021-11-28 10:16:34,056] {dagbag.py:500} INFO - Filling up the DagBag from /home/airflow/.local/lib/python3.7/site-packages/airflow/example_dags/example_external_task_marker_dag.py
[2021-11-28 10:16:34,075] {processor.py:637} INFO - DAG(s) dict_keys(['example_external_task_marker_parent', 'example_external_task_marker_child']) retrieved from /home/airflow/.local/lib/python3.7/site-packages/airflow/example_dags/example_external_task_marker_dag.py
[2021-11-28 10:16:34,088] {logging_mixin.py:109} INFO - [2021-11-28 10:16:34,088] {dag.py:2396} INFO - Sync 2 DAGs
[2021-11-28 10:16:34,106] {logging_mixin.py:109} INFO - [2021-11-28 10:16:34,106] {dag.py:2928} INFO - Setting next_dagrun for example_external_task_marker_child to None
[2021-11-28 10:16:34,106] {logging_mixin.py:109} INFO - [2021-11-28 10:16:34,106] {dag.py:2928} INFO - Setting next_dagrun for example_external_task_marker_parent to None
[2021-11-28 10:16:34,119] {processor.py:171} INFO - Processing /home/airflow/.local/lib/python3.7/site-packages/airflow/example_dags/example_external_task_marker_dag.py took 0.065 seconds
[2021-11-28 10:17:04,710] {processor.py:163} INFO - Started process (PID=2092) to work on /home/airflow/.local/lib/python3.7/site-packages/airflow/example_dags/example_external_task_marker_dag.py
[2021-11-28 10:17:04,711] {processor.py:625} INFO - Processing file /home/airflow/.local/lib/python3.7/site-packages/airflow/example_dags/example_external_task_marker_dag.py for tasks to queue
[2021-11-28 10:17:04,711] {logging_mixin.py:109} INFO - [2021-11-28 10:17:04,711] {dagbag.py:500} INFO - Filling up the DagBag from /home/airflow/.local/lib/python3.7/site-packages/airflow/example_dags/example_external_task_marker_dag.py
[2021-11-28 10:17:04,729] {processor.py:637} INFO - DAG(s) dict_keys(['example_external_task_marker_parent', 'example_external_task_marker_child']) retrieved from /home/airflow/.local/lib/python3.7/site-packages/airflow/example_dags/example_external_task_marker_dag.py
[2021-11-28 10:17:04,743] {logging_mixin.py:109} INFO - [2021-11-28 10:17:04,743] {dag.py:2396} INFO - Sync 2 DAGs
[2021-11-28 10:17:04,762] {logging_mixin.py:109} INFO - [2021-11-28 10:17:04,762] {dag.py:2928} INFO - Setting next_dagrun for example_external_task_marker_child to None
[2021-11-28 10:17:04,762] {logging_mixin.py:109} INFO - [2021-11-28 10:17:04,762] {dag.py:2928} INFO - Setting next_dagrun for example_external_task_marker_parent to None
[2021-11-28 10:17:04,773] {processor.py:171} INFO - Processing /home/airflow/.local/lib/python3.7/site-packages/airflow/example_dags/example_external_task_marker_dag.py took 0.065 seconds
