[2021-11-28 09:45:05,235] {processor.py:163} INFO - Started process (PID=335) to work on /home/airflow/.local/lib/python3.7/site-packages/airflow/example_dags/example_xcomargs.py
[2021-11-28 09:45:05,236] {processor.py:625} INFO - Processing file /home/airflow/.local/lib/python3.7/site-packages/airflow/example_dags/example_xcomargs.py for tasks to queue
[2021-11-28 09:45:05,236] {logging_mixin.py:109} INFO - [2021-11-28 09:45:05,236] {dagbag.py:500} INFO - Filling up the DagBag from /home/airflow/.local/lib/python3.7/site-packages/airflow/example_dags/example_xcomargs.py
[2021-11-28 09:45:05,263] {processor.py:637} INFO - DAG(s) dict_keys(['example_xcom_args', 'example_xcom_args_with_operators']) retrieved from /home/airflow/.local/lib/python3.7/site-packages/airflow/example_dags/example_xcomargs.py
[2021-11-28 09:45:06,224] {logging_mixin.py:109} INFO - [2021-11-28 09:45:06,224] {providers_manager.py:156} WARNING - Exception when importing 'airflow.providers.google.leveldb.hooks.leveldb.LevelDBHook' from 'apache-airflow-providers-google' package: No module named 'plyvel'
[2021-11-28 09:45:06,466] {logging_mixin.py:109} INFO - [2021-11-28 09:45:06,466] {providers_manager.py:156} WARNING - Exception when importing 'airflow.providers.google.leveldb.hooks.leveldb.LevelDBHook' from 'apache-airflow-providers-google' package: No module named 'plyvel'
[2021-11-28 09:45:06,483] {logging_mixin.py:109} INFO - [2021-11-28 09:45:06,483] {manager.py:496} INFO - Created Permission View: can read on DAG:example_xcom_args
[2021-11-28 09:45:06,490] {logging_mixin.py:109} INFO - [2021-11-28 09:45:06,490] {manager.py:496} INFO - Created Permission View: can edit on DAG:example_xcom_args
[2021-11-28 09:45:06,505] {logging_mixin.py:109} INFO - [2021-11-28 09:45:06,505] {manager.py:496} INFO - Created Permission View: can read on DAG:example_xcom_args_with_operators
[2021-11-28 09:45:06,512] {logging_mixin.py:109} INFO - [2021-11-28 09:45:06,512] {manager.py:496} INFO - Created Permission View: can edit on DAG:example_xcom_args_with_operators
[2021-11-28 09:45:06,512] {logging_mixin.py:109} INFO - [2021-11-28 09:45:06,512] {dag.py:2396} INFO - Sync 2 DAGs
[2021-11-28 09:45:06,518] {logging_mixin.py:109} INFO - [2021-11-28 09:45:06,518] {dag.py:2415} INFO - Creating ORM DAG for example_xcom_args
[2021-11-28 09:45:06,519] {logging_mixin.py:109} INFO - [2021-11-28 09:45:06,519] {dag.py:2415} INFO - Creating ORM DAG for example_xcom_args_with_operators
[2021-11-28 09:45:06,524] {logging_mixin.py:109} INFO - [2021-11-28 09:45:06,524] {dag.py:2928} INFO - Setting next_dagrun for example_xcom_args to None
[2021-11-28 09:45:06,525] {logging_mixin.py:109} INFO - [2021-11-28 09:45:06,525] {dag.py:2928} INFO - Setting next_dagrun for example_xcom_args_with_operators to None
[2021-11-28 09:45:06,535] {processor.py:171} INFO - Processing /home/airflow/.local/lib/python3.7/site-packages/airflow/example_dags/example_xcomargs.py took 1.302 seconds
[2021-11-28 09:45:36,823] {processor.py:163} INFO - Started process (PID=504) to work on /home/airflow/.local/lib/python3.7/site-packages/airflow/example_dags/example_xcomargs.py
[2021-11-28 09:45:36,824] {processor.py:625} INFO - Processing file /home/airflow/.local/lib/python3.7/site-packages/airflow/example_dags/example_xcomargs.py for tasks to queue
[2021-11-28 09:45:36,825] {logging_mixin.py:109} INFO - [2021-11-28 09:45:36,824] {dagbag.py:500} INFO - Filling up the DagBag from /home/airflow/.local/lib/python3.7/site-packages/airflow/example_dags/example_xcomargs.py
[2021-11-28 09:45:36,852] {processor.py:637} INFO - DAG(s) dict_keys(['example_xcom_args', 'example_xcom_args_with_operators']) retrieved from /home/airflow/.local/lib/python3.7/site-packages/airflow/example_dags/example_xcomargs.py
[2021-11-28 09:45:37,068] {logging_mixin.py:109} INFO - [2021-11-28 09:45:37,068] {dag.py:2396} INFO - Sync 2 DAGs
[2021-11-28 09:45:37,078] {logging_mixin.py:109} INFO - [2021-11-28 09:45:37,078] {dag.py:2928} INFO - Setting next_dagrun for example_xcom_args to None
[2021-11-28 09:45:37,078] {logging_mixin.py:109} INFO - [2021-11-28 09:45:37,078] {dag.py:2928} INFO - Setting next_dagrun for example_xcom_args_with_operators to None
[2021-11-28 09:45:37,087] {processor.py:171} INFO - Processing /home/airflow/.local/lib/python3.7/site-packages/airflow/example_dags/example_xcomargs.py took 0.266 seconds
[2021-11-28 09:46:07,474] {processor.py:163} INFO - Started process (PID=555) to work on /home/airflow/.local/lib/python3.7/site-packages/airflow/example_dags/example_xcomargs.py
[2021-11-28 09:46:07,475] {processor.py:625} INFO - Processing file /home/airflow/.local/lib/python3.7/site-packages/airflow/example_dags/example_xcomargs.py for tasks to queue
[2021-11-28 09:46:07,476] {logging_mixin.py:109} INFO - [2021-11-28 09:46:07,476] {dagbag.py:500} INFO - Filling up the DagBag from /home/airflow/.local/lib/python3.7/site-packages/airflow/example_dags/example_xcomargs.py
[2021-11-28 09:46:07,508] {processor.py:637} INFO - DAG(s) dict_keys(['example_xcom_args', 'example_xcom_args_with_operators']) retrieved from /home/airflow/.local/lib/python3.7/site-packages/airflow/example_dags/example_xcomargs.py
[2021-11-28 09:46:07,717] {logging_mixin.py:109} INFO - [2021-11-28 09:46:07,717] {dag.py:2396} INFO - Sync 2 DAGs
[2021-11-28 09:46:07,726] {logging_mixin.py:109} INFO - [2021-11-28 09:46:07,726] {dag.py:2928} INFO - Setting next_dagrun for example_xcom_args to None
[2021-11-28 09:46:07,726] {logging_mixin.py:109} INFO - [2021-11-28 09:46:07,726] {dag.py:2928} INFO - Setting next_dagrun for example_xcom_args_with_operators to None
[2021-11-28 09:46:07,734] {processor.py:171} INFO - Processing /home/airflow/.local/lib/python3.7/site-packages/airflow/example_dags/example_xcomargs.py took 0.263 seconds
[2021-11-28 09:46:37,759] {processor.py:163} INFO - Started process (PID=615) to work on /home/airflow/.local/lib/python3.7/site-packages/airflow/example_dags/example_xcomargs.py
[2021-11-28 09:46:37,760] {processor.py:625} INFO - Processing file /home/airflow/.local/lib/python3.7/site-packages/airflow/example_dags/example_xcomargs.py for tasks to queue
[2021-11-28 09:46:37,761] {logging_mixin.py:109} INFO - [2021-11-28 09:46:37,761] {dagbag.py:500} INFO - Filling up the DagBag from /home/airflow/.local/lib/python3.7/site-packages/airflow/example_dags/example_xcomargs.py
[2021-11-28 09:46:37,796] {processor.py:637} INFO - DAG(s) dict_keys(['example_xcom_args', 'example_xcom_args_with_operators']) retrieved from /home/airflow/.local/lib/python3.7/site-packages/airflow/example_dags/example_xcomargs.py
[2021-11-28 09:46:38,003] {logging_mixin.py:109} INFO - [2021-11-28 09:46:38,003] {dag.py:2396} INFO - Sync 2 DAGs
[2021-11-28 09:46:38,012] {logging_mixin.py:109} INFO - [2021-11-28 09:46:38,012] {dag.py:2928} INFO - Setting next_dagrun for example_xcom_args to None
[2021-11-28 09:46:38,012] {logging_mixin.py:109} INFO - [2021-11-28 09:46:38,012] {dag.py:2928} INFO - Setting next_dagrun for example_xcom_args_with_operators to None
[2021-11-28 09:46:38,021] {processor.py:171} INFO - Processing /home/airflow/.local/lib/python3.7/site-packages/airflow/example_dags/example_xcomargs.py took 0.265 seconds
[2021-11-28 09:48:50,225] {processor.py:163} INFO - Started process (PID=53) to work on /home/airflow/.local/lib/python3.7/site-packages/airflow/example_dags/example_xcomargs.py
[2021-11-28 09:48:50,227] {processor.py:625} INFO - Processing file /home/airflow/.local/lib/python3.7/site-packages/airflow/example_dags/example_xcomargs.py for tasks to queue
[2021-11-28 09:48:50,227] {logging_mixin.py:109} INFO - [2021-11-28 09:48:50,227] {dagbag.py:500} INFO - Filling up the DagBag from /home/airflow/.local/lib/python3.7/site-packages/airflow/example_dags/example_xcomargs.py
[2021-11-28 09:48:50,259] {processor.py:637} INFO - DAG(s) dict_keys(['example_xcom_args', 'example_xcom_args_with_operators']) retrieved from /home/airflow/.local/lib/python3.7/site-packages/airflow/example_dags/example_xcomargs.py
[2021-11-28 09:48:50,468] {logging_mixin.py:109} INFO - [2021-11-28 09:48:50,468] {dag.py:2396} INFO - Sync 2 DAGs
[2021-11-28 09:48:50,480] {logging_mixin.py:109} INFO - [2021-11-28 09:48:50,480] {dag.py:2928} INFO - Setting next_dagrun for example_xcom_args to None
[2021-11-28 09:48:50,480] {logging_mixin.py:109} INFO - [2021-11-28 09:48:50,480] {dag.py:2928} INFO - Setting next_dagrun for example_xcom_args_with_operators to None
[2021-11-28 09:48:50,490] {processor.py:171} INFO - Processing /home/airflow/.local/lib/python3.7/site-packages/airflow/example_dags/example_xcomargs.py took 0.268 seconds
[2021-11-28 09:49:21,475] {processor.py:163} INFO - Started process (PID=113) to work on /home/airflow/.local/lib/python3.7/site-packages/airflow/example_dags/example_xcomargs.py
[2021-11-28 09:49:21,476] {processor.py:625} INFO - Processing file /home/airflow/.local/lib/python3.7/site-packages/airflow/example_dags/example_xcomargs.py for tasks to queue
[2021-11-28 09:49:21,476] {logging_mixin.py:109} INFO - [2021-11-28 09:49:21,476] {dagbag.py:500} INFO - Filling up the DagBag from /home/airflow/.local/lib/python3.7/site-packages/airflow/example_dags/example_xcomargs.py
[2021-11-28 09:49:21,497] {processor.py:637} INFO - DAG(s) dict_keys(['example_xcom_args', 'example_xcom_args_with_operators']) retrieved from /home/airflow/.local/lib/python3.7/site-packages/airflow/example_dags/example_xcomargs.py
[2021-11-28 09:49:21,718] {logging_mixin.py:109} INFO - [2021-11-28 09:49:21,717] {dag.py:2396} INFO - Sync 2 DAGs
[2021-11-28 09:49:21,727] {logging_mixin.py:109} INFO - [2021-11-28 09:49:21,727] {dag.py:2928} INFO - Setting next_dagrun for example_xcom_args to None
[2021-11-28 09:49:21,728] {logging_mixin.py:109} INFO - [2021-11-28 09:49:21,728] {dag.py:2928} INFO - Setting next_dagrun for example_xcom_args_with_operators to None
[2021-11-28 09:49:21,736] {processor.py:171} INFO - Processing /home/airflow/.local/lib/python3.7/site-packages/airflow/example_dags/example_xcomargs.py took 0.262 seconds
[2021-11-28 09:49:52,404] {processor.py:163} INFO - Started process (PID=173) to work on /home/airflow/.local/lib/python3.7/site-packages/airflow/example_dags/example_xcomargs.py
[2021-11-28 09:49:52,405] {processor.py:625} INFO - Processing file /home/airflow/.local/lib/python3.7/site-packages/airflow/example_dags/example_xcomargs.py for tasks to queue
[2021-11-28 09:49:52,405] {logging_mixin.py:109} INFO - [2021-11-28 09:49:52,405] {dagbag.py:500} INFO - Filling up the DagBag from /home/airflow/.local/lib/python3.7/site-packages/airflow/example_dags/example_xcomargs.py
[2021-11-28 09:49:52,426] {processor.py:637} INFO - DAG(s) dict_keys(['example_xcom_args', 'example_xcom_args_with_operators']) retrieved from /home/airflow/.local/lib/python3.7/site-packages/airflow/example_dags/example_xcomargs.py
[2021-11-28 09:49:52,642] {logging_mixin.py:109} INFO - [2021-11-28 09:49:52,642] {dag.py:2396} INFO - Sync 2 DAGs
[2021-11-28 09:49:52,654] {logging_mixin.py:109} INFO - [2021-11-28 09:49:52,654] {dag.py:2928} INFO - Setting next_dagrun for example_xcom_args to None
[2021-11-28 09:49:52,654] {logging_mixin.py:109} INFO - [2021-11-28 09:49:52,654] {dag.py:2928} INFO - Setting next_dagrun for example_xcom_args_with_operators to None
[2021-11-28 09:49:52,666] {processor.py:171} INFO - Processing /home/airflow/.local/lib/python3.7/site-packages/airflow/example_dags/example_xcomargs.py took 0.264 seconds
[2021-11-28 09:50:23,419] {processor.py:163} INFO - Started process (PID=224) to work on /home/airflow/.local/lib/python3.7/site-packages/airflow/example_dags/example_xcomargs.py
[2021-11-28 09:50:23,420] {processor.py:625} INFO - Processing file /home/airflow/.local/lib/python3.7/site-packages/airflow/example_dags/example_xcomargs.py for tasks to queue
[2021-11-28 09:50:23,420] {logging_mixin.py:109} INFO - [2021-11-28 09:50:23,420] {dagbag.py:500} INFO - Filling up the DagBag from /home/airflow/.local/lib/python3.7/site-packages/airflow/example_dags/example_xcomargs.py
[2021-11-28 09:50:23,451] {processor.py:637} INFO - DAG(s) dict_keys(['example_xcom_args', 'example_xcom_args_with_operators']) retrieved from /home/airflow/.local/lib/python3.7/site-packages/airflow/example_dags/example_xcomargs.py
[2021-11-28 09:50:23,659] {logging_mixin.py:109} INFO - [2021-11-28 09:50:23,659] {dag.py:2396} INFO - Sync 2 DAGs
[2021-11-28 09:50:23,669] {logging_mixin.py:109} INFO - [2021-11-28 09:50:23,669] {dag.py:2928} INFO - Setting next_dagrun for example_xcom_args to None
[2021-11-28 09:50:23,669] {logging_mixin.py:109} INFO - [2021-11-28 09:50:23,669] {dag.py:2928} INFO - Setting next_dagrun for example_xcom_args_with_operators to None
[2021-11-28 09:50:23,678] {processor.py:171} INFO - Processing /home/airflow/.local/lib/python3.7/site-packages/airflow/example_dags/example_xcomargs.py took 0.261 seconds
[2021-11-28 09:50:54,380] {processor.py:163} INFO - Started process (PID=284) to work on /home/airflow/.local/lib/python3.7/site-packages/airflow/example_dags/example_xcomargs.py
[2021-11-28 09:50:54,381] {processor.py:625} INFO - Processing file /home/airflow/.local/lib/python3.7/site-packages/airflow/example_dags/example_xcomargs.py for tasks to queue
[2021-11-28 09:50:54,382] {logging_mixin.py:109} INFO - [2021-11-28 09:50:54,382] {dagbag.py:500} INFO - Filling up the DagBag from /home/airflow/.local/lib/python3.7/site-packages/airflow/example_dags/example_xcomargs.py
[2021-11-28 09:50:54,406] {processor.py:637} INFO - DAG(s) dict_keys(['example_xcom_args', 'example_xcom_args_with_operators']) retrieved from /home/airflow/.local/lib/python3.7/site-packages/airflow/example_dags/example_xcomargs.py
[2021-11-28 09:50:54,614] {logging_mixin.py:109} INFO - [2021-11-28 09:50:54,614] {dag.py:2396} INFO - Sync 2 DAGs
[2021-11-28 09:50:54,624] {logging_mixin.py:109} INFO - [2021-11-28 09:50:54,624] {dag.py:2928} INFO - Setting next_dagrun for example_xcom_args to None
[2021-11-28 09:50:54,624] {logging_mixin.py:109} INFO - [2021-11-28 09:50:54,624] {dag.py:2928} INFO - Setting next_dagrun for example_xcom_args_with_operators to None
[2021-11-28 09:50:54,634] {processor.py:171} INFO - Processing /home/airflow/.local/lib/python3.7/site-packages/airflow/example_dags/example_xcomargs.py took 0.257 seconds
[2021-11-28 09:51:48,817] {processor.py:163} INFO - Started process (PID=52) to work on /home/airflow/.local/lib/python3.7/site-packages/airflow/example_dags/example_xcomargs.py
[2021-11-28 09:51:48,819] {processor.py:625} INFO - Processing file /home/airflow/.local/lib/python3.7/site-packages/airflow/example_dags/example_xcomargs.py for tasks to queue
[2021-11-28 09:51:48,819] {logging_mixin.py:109} INFO - [2021-11-28 09:51:48,819] {dagbag.py:500} INFO - Filling up the DagBag from /home/airflow/.local/lib/python3.7/site-packages/airflow/example_dags/example_xcomargs.py
[2021-11-28 09:51:48,851] {processor.py:637} INFO - DAG(s) dict_keys(['example_xcom_args', 'example_xcom_args_with_operators']) retrieved from /home/airflow/.local/lib/python3.7/site-packages/airflow/example_dags/example_xcomargs.py
[2021-11-28 09:51:49,099] {logging_mixin.py:109} INFO - [2021-11-28 09:51:49,099] {dag.py:2396} INFO - Sync 2 DAGs
[2021-11-28 09:51:49,112] {logging_mixin.py:109} INFO - [2021-11-28 09:51:49,111] {dag.py:2928} INFO - Setting next_dagrun for example_xcom_args to None
[2021-11-28 09:51:49,112] {logging_mixin.py:109} INFO - [2021-11-28 09:51:49,112] {dag.py:2928} INFO - Setting next_dagrun for example_xcom_args_with_operators to None
[2021-11-28 09:51:49,125] {processor.py:171} INFO - Processing /home/airflow/.local/lib/python3.7/site-packages/airflow/example_dags/example_xcomargs.py took 0.310 seconds
[2021-11-28 09:52:19,187] {processor.py:163} INFO - Started process (PID=114) to work on /home/airflow/.local/lib/python3.7/site-packages/airflow/example_dags/example_xcomargs.py
[2021-11-28 09:52:19,187] {processor.py:625} INFO - Processing file /home/airflow/.local/lib/python3.7/site-packages/airflow/example_dags/example_xcomargs.py for tasks to queue
[2021-11-28 09:52:19,188] {logging_mixin.py:109} INFO - [2021-11-28 09:52:19,188] {dagbag.py:500} INFO - Filling up the DagBag from /home/airflow/.local/lib/python3.7/site-packages/airflow/example_dags/example_xcomargs.py
[2021-11-28 09:52:19,210] {processor.py:637} INFO - DAG(s) dict_keys(['example_xcom_args', 'example_xcom_args_with_operators']) retrieved from /home/airflow/.local/lib/python3.7/site-packages/airflow/example_dags/example_xcomargs.py
[2021-11-28 09:52:19,423] {logging_mixin.py:109} INFO - [2021-11-28 09:52:19,423] {dag.py:2396} INFO - Sync 2 DAGs
[2021-11-28 09:52:19,433] {logging_mixin.py:109} INFO - [2021-11-28 09:52:19,433] {dag.py:2928} INFO - Setting next_dagrun for example_xcom_args to None
[2021-11-28 09:52:19,433] {logging_mixin.py:109} INFO - [2021-11-28 09:52:19,433] {dag.py:2928} INFO - Setting next_dagrun for example_xcom_args_with_operators to None
[2021-11-28 09:52:19,442] {processor.py:171} INFO - Processing /home/airflow/.local/lib/python3.7/site-packages/airflow/example_dags/example_xcomargs.py took 0.257 seconds
[2021-11-28 09:52:50,066] {processor.py:163} INFO - Started process (PID=165) to work on /home/airflow/.local/lib/python3.7/site-packages/airflow/example_dags/example_xcomargs.py
[2021-11-28 09:52:50,068] {processor.py:625} INFO - Processing file /home/airflow/.local/lib/python3.7/site-packages/airflow/example_dags/example_xcomargs.py for tasks to queue
[2021-11-28 09:52:50,068] {logging_mixin.py:109} INFO - [2021-11-28 09:52:50,068] {dagbag.py:500} INFO - Filling up the DagBag from /home/airflow/.local/lib/python3.7/site-packages/airflow/example_dags/example_xcomargs.py
[2021-11-28 09:52:50,102] {processor.py:637} INFO - DAG(s) dict_keys(['example_xcom_args', 'example_xcom_args_with_operators']) retrieved from /home/airflow/.local/lib/python3.7/site-packages/airflow/example_dags/example_xcomargs.py
[2021-11-28 09:52:50,336] {logging_mixin.py:109} INFO - [2021-11-28 09:52:50,336] {dag.py:2396} INFO - Sync 2 DAGs
[2021-11-28 09:52:50,346] {logging_mixin.py:109} INFO - [2021-11-28 09:52:50,346] {dag.py:2928} INFO - Setting next_dagrun for example_xcom_args to None
[2021-11-28 09:52:50,347] {logging_mixin.py:109} INFO - [2021-11-28 09:52:50,347] {dag.py:2928} INFO - Setting next_dagrun for example_xcom_args_with_operators to None
[2021-11-28 09:52:50,356] {processor.py:171} INFO - Processing /home/airflow/.local/lib/python3.7/site-packages/airflow/example_dags/example_xcomargs.py took 0.294 seconds
[2021-11-28 09:58:34,445] {processor.py:163} INFO - Started process (PID=52) to work on /home/airflow/.local/lib/python3.7/site-packages/airflow/example_dags/example_xcomargs.py
[2021-11-28 09:58:34,446] {processor.py:625} INFO - Processing file /home/airflow/.local/lib/python3.7/site-packages/airflow/example_dags/example_xcomargs.py for tasks to queue
[2021-11-28 09:58:34,446] {logging_mixin.py:109} INFO - [2021-11-28 09:58:34,446] {dagbag.py:500} INFO - Filling up the DagBag from /home/airflow/.local/lib/python3.7/site-packages/airflow/example_dags/example_xcomargs.py
[2021-11-28 09:58:34,473] {processor.py:637} INFO - DAG(s) dict_keys(['example_xcom_args', 'example_xcom_args_with_operators']) retrieved from /home/airflow/.local/lib/python3.7/site-packages/airflow/example_dags/example_xcomargs.py
[2021-11-28 09:58:34,715] {logging_mixin.py:109} INFO - [2021-11-28 09:58:34,715] {dag.py:2396} INFO - Sync 2 DAGs
[2021-11-28 09:58:34,728] {logging_mixin.py:109} INFO - [2021-11-28 09:58:34,727] {dag.py:2928} INFO - Setting next_dagrun for example_xcom_args to None
[2021-11-28 09:58:34,728] {logging_mixin.py:109} INFO - [2021-11-28 09:58:34,728] {dag.py:2928} INFO - Setting next_dagrun for example_xcom_args_with_operators to None
[2021-11-28 09:58:34,739] {processor.py:171} INFO - Processing /home/airflow/.local/lib/python3.7/site-packages/airflow/example_dags/example_xcomargs.py took 0.297 seconds
[2021-11-28 09:59:05,359] {processor.py:163} INFO - Started process (PID=112) to work on /home/airflow/.local/lib/python3.7/site-packages/airflow/example_dags/example_xcomargs.py
[2021-11-28 09:59:05,360] {processor.py:625} INFO - Processing file /home/airflow/.local/lib/python3.7/site-packages/airflow/example_dags/example_xcomargs.py for tasks to queue
[2021-11-28 09:59:05,361] {logging_mixin.py:109} INFO - [2021-11-28 09:59:05,361] {dagbag.py:500} INFO - Filling up the DagBag from /home/airflow/.local/lib/python3.7/site-packages/airflow/example_dags/example_xcomargs.py
[2021-11-28 09:59:05,394] {processor.py:637} INFO - DAG(s) dict_keys(['example_xcom_args', 'example_xcom_args_with_operators']) retrieved from /home/airflow/.local/lib/python3.7/site-packages/airflow/example_dags/example_xcomargs.py
[2021-11-28 09:59:05,602] {logging_mixin.py:109} INFO - [2021-11-28 09:59:05,602] {dag.py:2396} INFO - Sync 2 DAGs
[2021-11-28 09:59:05,611] {logging_mixin.py:109} INFO - [2021-11-28 09:59:05,611] {dag.py:2928} INFO - Setting next_dagrun for example_xcom_args to None
[2021-11-28 09:59:05,611] {logging_mixin.py:109} INFO - [2021-11-28 09:59:05,611] {dag.py:2928} INFO - Setting next_dagrun for example_xcom_args_with_operators to None
[2021-11-28 09:59:05,619] {processor.py:171} INFO - Processing /home/airflow/.local/lib/python3.7/site-packages/airflow/example_dags/example_xcomargs.py took 0.263 seconds
[2021-11-28 09:59:36,209] {processor.py:163} INFO - Started process (PID=172) to work on /home/airflow/.local/lib/python3.7/site-packages/airflow/example_dags/example_xcomargs.py
[2021-11-28 09:59:36,210] {processor.py:625} INFO - Processing file /home/airflow/.local/lib/python3.7/site-packages/airflow/example_dags/example_xcomargs.py for tasks to queue
[2021-11-28 09:59:36,211] {logging_mixin.py:109} INFO - [2021-11-28 09:59:36,211] {dagbag.py:500} INFO - Filling up the DagBag from /home/airflow/.local/lib/python3.7/site-packages/airflow/example_dags/example_xcomargs.py
[2021-11-28 09:59:36,232] {processor.py:637} INFO - DAG(s) dict_keys(['example_xcom_args', 'example_xcom_args_with_operators']) retrieved from /home/airflow/.local/lib/python3.7/site-packages/airflow/example_dags/example_xcomargs.py
[2021-11-28 09:59:36,458] {logging_mixin.py:109} INFO - [2021-11-28 09:59:36,457] {dag.py:2396} INFO - Sync 2 DAGs
[2021-11-28 09:59:36,471] {logging_mixin.py:109} INFO - [2021-11-28 09:59:36,471] {dag.py:2928} INFO - Setting next_dagrun for example_xcom_args to None
[2021-11-28 09:59:36,471] {logging_mixin.py:109} INFO - [2021-11-28 09:59:36,471] {dag.py:2928} INFO - Setting next_dagrun for example_xcom_args_with_operators to None
[2021-11-28 09:59:36,481] {processor.py:171} INFO - Processing /home/airflow/.local/lib/python3.7/site-packages/airflow/example_dags/example_xcomargs.py took 0.274 seconds
[2021-11-28 10:00:07,117] {processor.py:163} INFO - Started process (PID=223) to work on /home/airflow/.local/lib/python3.7/site-packages/airflow/example_dags/example_xcomargs.py
[2021-11-28 10:00:07,118] {processor.py:625} INFO - Processing file /home/airflow/.local/lib/python3.7/site-packages/airflow/example_dags/example_xcomargs.py for tasks to queue
[2021-11-28 10:00:07,118] {logging_mixin.py:109} INFO - [2021-11-28 10:00:07,118] {dagbag.py:500} INFO - Filling up the DagBag from /home/airflow/.local/lib/python3.7/site-packages/airflow/example_dags/example_xcomargs.py
[2021-11-28 10:00:07,142] {processor.py:637} INFO - DAG(s) dict_keys(['example_xcom_args', 'example_xcom_args_with_operators']) retrieved from /home/airflow/.local/lib/python3.7/site-packages/airflow/example_dags/example_xcomargs.py
[2021-11-28 10:00:07,366] {logging_mixin.py:109} INFO - [2021-11-28 10:00:07,366] {dag.py:2396} INFO - Sync 2 DAGs
[2021-11-28 10:00:07,378] {logging_mixin.py:109} INFO - [2021-11-28 10:00:07,377] {dag.py:2928} INFO - Setting next_dagrun for example_xcom_args to None
[2021-11-28 10:00:07,378] {logging_mixin.py:109} INFO - [2021-11-28 10:00:07,378] {dag.py:2928} INFO - Setting next_dagrun for example_xcom_args_with_operators to None
[2021-11-28 10:00:07,388] {processor.py:171} INFO - Processing /home/airflow/.local/lib/python3.7/site-packages/airflow/example_dags/example_xcomargs.py took 0.273 seconds
[2021-11-28 10:00:38,000] {processor.py:163} INFO - Started process (PID=283) to work on /home/airflow/.local/lib/python3.7/site-packages/airflow/example_dags/example_xcomargs.py
[2021-11-28 10:00:38,001] {processor.py:625} INFO - Processing file /home/airflow/.local/lib/python3.7/site-packages/airflow/example_dags/example_xcomargs.py for tasks to queue
[2021-11-28 10:00:38,002] {logging_mixin.py:109} INFO - [2021-11-28 10:00:38,001] {dagbag.py:500} INFO - Filling up the DagBag from /home/airflow/.local/lib/python3.7/site-packages/airflow/example_dags/example_xcomargs.py
[2021-11-28 10:00:38,034] {processor.py:637} INFO - DAG(s) dict_keys(['example_xcom_args', 'example_xcom_args_with_operators']) retrieved from /home/airflow/.local/lib/python3.7/site-packages/airflow/example_dags/example_xcomargs.py
[2021-11-28 10:00:38,257] {logging_mixin.py:109} INFO - [2021-11-28 10:00:38,257] {dag.py:2396} INFO - Sync 2 DAGs
[2021-11-28 10:00:38,267] {logging_mixin.py:109} INFO - [2021-11-28 10:00:38,267] {dag.py:2928} INFO - Setting next_dagrun for example_xcom_args to None
[2021-11-28 10:00:38,267] {logging_mixin.py:109} INFO - [2021-11-28 10:00:38,267] {dag.py:2928} INFO - Setting next_dagrun for example_xcom_args_with_operators to None
[2021-11-28 10:00:38,276] {processor.py:171} INFO - Processing /home/airflow/.local/lib/python3.7/site-packages/airflow/example_dags/example_xcomargs.py took 0.279 seconds
[2021-11-28 10:01:08,930] {processor.py:163} INFO - Started process (PID=334) to work on /home/airflow/.local/lib/python3.7/site-packages/airflow/example_dags/example_xcomargs.py
[2021-11-28 10:01:08,931] {processor.py:625} INFO - Processing file /home/airflow/.local/lib/python3.7/site-packages/airflow/example_dags/example_xcomargs.py for tasks to queue
[2021-11-28 10:01:08,931] {logging_mixin.py:109} INFO - [2021-11-28 10:01:08,931] {dagbag.py:500} INFO - Filling up the DagBag from /home/airflow/.local/lib/python3.7/site-packages/airflow/example_dags/example_xcomargs.py
[2021-11-28 10:01:08,957] {processor.py:637} INFO - DAG(s) dict_keys(['example_xcom_args', 'example_xcom_args_with_operators']) retrieved from /home/airflow/.local/lib/python3.7/site-packages/airflow/example_dags/example_xcomargs.py
[2021-11-28 10:01:09,160] {logging_mixin.py:109} INFO - [2021-11-28 10:01:09,160] {dag.py:2396} INFO - Sync 2 DAGs
[2021-11-28 10:01:09,171] {logging_mixin.py:109} INFO - [2021-11-28 10:01:09,171] {dag.py:2928} INFO - Setting next_dagrun for example_xcom_args to None
[2021-11-28 10:01:09,171] {logging_mixin.py:109} INFO - [2021-11-28 10:01:09,171] {dag.py:2928} INFO - Setting next_dagrun for example_xcom_args_with_operators to None
[2021-11-28 10:01:09,180] {processor.py:171} INFO - Processing /home/airflow/.local/lib/python3.7/site-packages/airflow/example_dags/example_xcomargs.py took 0.252 seconds
[2021-11-28 10:01:39,861] {processor.py:163} INFO - Started process (PID=394) to work on /home/airflow/.local/lib/python3.7/site-packages/airflow/example_dags/example_xcomargs.py
[2021-11-28 10:01:39,862] {processor.py:625} INFO - Processing file /home/airflow/.local/lib/python3.7/site-packages/airflow/example_dags/example_xcomargs.py for tasks to queue
[2021-11-28 10:01:39,863] {logging_mixin.py:109} INFO - [2021-11-28 10:01:39,863] {dagbag.py:500} INFO - Filling up the DagBag from /home/airflow/.local/lib/python3.7/site-packages/airflow/example_dags/example_xcomargs.py
[2021-11-28 10:01:39,898] {processor.py:637} INFO - DAG(s) dict_keys(['example_xcom_args', 'example_xcom_args_with_operators']) retrieved from /home/airflow/.local/lib/python3.7/site-packages/airflow/example_dags/example_xcomargs.py
[2021-11-28 10:01:40,119] {logging_mixin.py:109} INFO - [2021-11-28 10:01:40,119] {dag.py:2396} INFO - Sync 2 DAGs
[2021-11-28 10:01:40,128] {logging_mixin.py:109} INFO - [2021-11-28 10:01:40,128] {dag.py:2928} INFO - Setting next_dagrun for example_xcom_args to None
[2021-11-28 10:01:40,128] {logging_mixin.py:109} INFO - [2021-11-28 10:01:40,128] {dag.py:2928} INFO - Setting next_dagrun for example_xcom_args_with_operators to None
[2021-11-28 10:01:40,136] {processor.py:171} INFO - Processing /home/airflow/.local/lib/python3.7/site-packages/airflow/example_dags/example_xcomargs.py took 0.278 seconds
[2021-11-28 10:02:10,748] {processor.py:163} INFO - Started process (PID=454) to work on /home/airflow/.local/lib/python3.7/site-packages/airflow/example_dags/example_xcomargs.py
[2021-11-28 10:02:10,748] {processor.py:625} INFO - Processing file /home/airflow/.local/lib/python3.7/site-packages/airflow/example_dags/example_xcomargs.py for tasks to queue
[2021-11-28 10:02:10,749] {logging_mixin.py:109} INFO - [2021-11-28 10:02:10,749] {dagbag.py:500} INFO - Filling up the DagBag from /home/airflow/.local/lib/python3.7/site-packages/airflow/example_dags/example_xcomargs.py
[2021-11-28 10:02:10,777] {processor.py:637} INFO - DAG(s) dict_keys(['example_xcom_args', 'example_xcom_args_with_operators']) retrieved from /home/airflow/.local/lib/python3.7/site-packages/airflow/example_dags/example_xcomargs.py
[2021-11-28 10:02:11,011] {logging_mixin.py:109} INFO - [2021-11-28 10:02:11,010] {dag.py:2396} INFO - Sync 2 DAGs
[2021-11-28 10:02:11,021] {logging_mixin.py:109} INFO - [2021-11-28 10:02:11,021] {dag.py:2928} INFO - Setting next_dagrun for example_xcom_args to None
[2021-11-28 10:02:11,021] {logging_mixin.py:109} INFO - [2021-11-28 10:02:11,021] {dag.py:2928} INFO - Setting next_dagrun for example_xcom_args_with_operators to None
[2021-11-28 10:02:11,030] {processor.py:171} INFO - Processing /home/airflow/.local/lib/python3.7/site-packages/airflow/example_dags/example_xcomargs.py took 0.284 seconds
[2021-11-28 10:02:41,679] {processor.py:163} INFO - Started process (PID=505) to work on /home/airflow/.local/lib/python3.7/site-packages/airflow/example_dags/example_xcomargs.py
[2021-11-28 10:02:41,680] {processor.py:625} INFO - Processing file /home/airflow/.local/lib/python3.7/site-packages/airflow/example_dags/example_xcomargs.py for tasks to queue
[2021-11-28 10:02:41,680] {logging_mixin.py:109} INFO - [2021-11-28 10:02:41,680] {dagbag.py:500} INFO - Filling up the DagBag from /home/airflow/.local/lib/python3.7/site-packages/airflow/example_dags/example_xcomargs.py
[2021-11-28 10:02:41,711] {processor.py:637} INFO - DAG(s) dict_keys(['example_xcom_args', 'example_xcom_args_with_operators']) retrieved from /home/airflow/.local/lib/python3.7/site-packages/airflow/example_dags/example_xcomargs.py
[2021-11-28 10:02:41,945] {logging_mixin.py:109} INFO - [2021-11-28 10:02:41,945] {dag.py:2396} INFO - Sync 2 DAGs
[2021-11-28 10:02:41,956] {logging_mixin.py:109} INFO - [2021-11-28 10:02:41,956] {dag.py:2928} INFO - Setting next_dagrun for example_xcom_args to None
[2021-11-28 10:02:41,956] {logging_mixin.py:109} INFO - [2021-11-28 10:02:41,956] {dag.py:2928} INFO - Setting next_dagrun for example_xcom_args_with_operators to None
[2021-11-28 10:02:41,968] {processor.py:171} INFO - Processing /home/airflow/.local/lib/python3.7/site-packages/airflow/example_dags/example_xcomargs.py took 0.291 seconds
[2021-11-28 10:03:12,683] {processor.py:163} INFO - Started process (PID=565) to work on /home/airflow/.local/lib/python3.7/site-packages/airflow/example_dags/example_xcomargs.py
[2021-11-28 10:03:12,685] {processor.py:625} INFO - Processing file /home/airflow/.local/lib/python3.7/site-packages/airflow/example_dags/example_xcomargs.py for tasks to queue
[2021-11-28 10:03:12,685] {logging_mixin.py:109} INFO - [2021-11-28 10:03:12,685] {dagbag.py:500} INFO - Filling up the DagBag from /home/airflow/.local/lib/python3.7/site-packages/airflow/example_dags/example_xcomargs.py
[2021-11-28 10:03:12,717] {processor.py:637} INFO - DAG(s) dict_keys(['example_xcom_args', 'example_xcom_args_with_operators']) retrieved from /home/airflow/.local/lib/python3.7/site-packages/airflow/example_dags/example_xcomargs.py
[2021-11-28 10:03:12,934] {logging_mixin.py:109} INFO - [2021-11-28 10:03:12,934] {dag.py:2396} INFO - Sync 2 DAGs
[2021-11-28 10:03:12,945] {logging_mixin.py:109} INFO - [2021-11-28 10:03:12,945] {dag.py:2928} INFO - Setting next_dagrun for example_xcom_args to None
[2021-11-28 10:03:12,945] {logging_mixin.py:109} INFO - [2021-11-28 10:03:12,945] {dag.py:2928} INFO - Setting next_dagrun for example_xcom_args_with_operators to None
[2021-11-28 10:03:12,954] {processor.py:171} INFO - Processing /home/airflow/.local/lib/python3.7/site-packages/airflow/example_dags/example_xcomargs.py took 0.273 seconds
[2021-11-28 10:03:43,590] {processor.py:163} INFO - Started process (PID=616) to work on /home/airflow/.local/lib/python3.7/site-packages/airflow/example_dags/example_xcomargs.py
[2021-11-28 10:03:43,591] {processor.py:625} INFO - Processing file /home/airflow/.local/lib/python3.7/site-packages/airflow/example_dags/example_xcomargs.py for tasks to queue
[2021-11-28 10:03:43,592] {logging_mixin.py:109} INFO - [2021-11-28 10:03:43,591] {dagbag.py:500} INFO - Filling up the DagBag from /home/airflow/.local/lib/python3.7/site-packages/airflow/example_dags/example_xcomargs.py
[2021-11-28 10:03:43,631] {processor.py:637} INFO - DAG(s) dict_keys(['example_xcom_args', 'example_xcom_args_with_operators']) retrieved from /home/airflow/.local/lib/python3.7/site-packages/airflow/example_dags/example_xcomargs.py
[2021-11-28 10:03:43,851] {logging_mixin.py:109} INFO - [2021-11-28 10:03:43,851] {dag.py:2396} INFO - Sync 2 DAGs
[2021-11-28 10:03:43,863] {logging_mixin.py:109} INFO - [2021-11-28 10:03:43,863] {dag.py:2928} INFO - Setting next_dagrun for example_xcom_args to None
[2021-11-28 10:03:43,863] {logging_mixin.py:109} INFO - [2021-11-28 10:03:43,863] {dag.py:2928} INFO - Setting next_dagrun for example_xcom_args_with_operators to None
[2021-11-28 10:03:43,873] {processor.py:171} INFO - Processing /home/airflow/.local/lib/python3.7/site-packages/airflow/example_dags/example_xcomargs.py took 0.286 seconds
[2021-11-28 10:04:14,614] {processor.py:163} INFO - Started process (PID=676) to work on /home/airflow/.local/lib/python3.7/site-packages/airflow/example_dags/example_xcomargs.py
[2021-11-28 10:04:14,615] {processor.py:625} INFO - Processing file /home/airflow/.local/lib/python3.7/site-packages/airflow/example_dags/example_xcomargs.py for tasks to queue
[2021-11-28 10:04:14,615] {logging_mixin.py:109} INFO - [2021-11-28 10:04:14,615] {dagbag.py:500} INFO - Filling up the DagBag from /home/airflow/.local/lib/python3.7/site-packages/airflow/example_dags/example_xcomargs.py
[2021-11-28 10:04:14,639] {processor.py:637} INFO - DAG(s) dict_keys(['example_xcom_args', 'example_xcom_args_with_operators']) retrieved from /home/airflow/.local/lib/python3.7/site-packages/airflow/example_dags/example_xcomargs.py
[2021-11-28 10:04:14,862] {logging_mixin.py:109} INFO - [2021-11-28 10:04:14,862] {dag.py:2396} INFO - Sync 2 DAGs
[2021-11-28 10:04:14,874] {logging_mixin.py:109} INFO - [2021-11-28 10:04:14,874] {dag.py:2928} INFO - Setting next_dagrun for example_xcom_args to None
[2021-11-28 10:04:14,875] {logging_mixin.py:109} INFO - [2021-11-28 10:04:14,875] {dag.py:2928} INFO - Setting next_dagrun for example_xcom_args_with_operators to None
[2021-11-28 10:04:14,885] {processor.py:171} INFO - Processing /home/airflow/.local/lib/python3.7/site-packages/airflow/example_dags/example_xcomargs.py took 0.273 seconds
[2021-11-28 10:04:45,609] {processor.py:163} INFO - Started process (PID=736) to work on /home/airflow/.local/lib/python3.7/site-packages/airflow/example_dags/example_xcomargs.py
[2021-11-28 10:04:45,609] {processor.py:625} INFO - Processing file /home/airflow/.local/lib/python3.7/site-packages/airflow/example_dags/example_xcomargs.py for tasks to queue
[2021-11-28 10:04:45,610] {logging_mixin.py:109} INFO - [2021-11-28 10:04:45,610] {dagbag.py:500} INFO - Filling up the DagBag from /home/airflow/.local/lib/python3.7/site-packages/airflow/example_dags/example_xcomargs.py
[2021-11-28 10:04:45,645] {processor.py:637} INFO - DAG(s) dict_keys(['example_xcom_args', 'example_xcom_args_with_operators']) retrieved from /home/airflow/.local/lib/python3.7/site-packages/airflow/example_dags/example_xcomargs.py
[2021-11-28 10:04:45,879] {logging_mixin.py:109} INFO - [2021-11-28 10:04:45,879] {dag.py:2396} INFO - Sync 2 DAGs
[2021-11-28 10:04:45,891] {logging_mixin.py:109} INFO - [2021-11-28 10:04:45,891] {dag.py:2928} INFO - Setting next_dagrun for example_xcom_args to None
[2021-11-28 10:04:45,891] {logging_mixin.py:109} INFO - [2021-11-28 10:04:45,891] {dag.py:2928} INFO - Setting next_dagrun for example_xcom_args_with_operators to None
[2021-11-28 10:04:45,918] {processor.py:171} INFO - Processing /home/airflow/.local/lib/python3.7/site-packages/airflow/example_dags/example_xcomargs.py took 0.311 seconds
[2021-11-28 10:05:16,740] {processor.py:163} INFO - Started process (PID=787) to work on /home/airflow/.local/lib/python3.7/site-packages/airflow/example_dags/example_xcomargs.py
[2021-11-28 10:05:16,741] {processor.py:625} INFO - Processing file /home/airflow/.local/lib/python3.7/site-packages/airflow/example_dags/example_xcomargs.py for tasks to queue
[2021-11-28 10:05:16,742] {logging_mixin.py:109} INFO - [2021-11-28 10:05:16,742] {dagbag.py:500} INFO - Filling up the DagBag from /home/airflow/.local/lib/python3.7/site-packages/airflow/example_dags/example_xcomargs.py
[2021-11-28 10:05:16,766] {processor.py:637} INFO - DAG(s) dict_keys(['example_xcom_args', 'example_xcom_args_with_operators']) retrieved from /home/airflow/.local/lib/python3.7/site-packages/airflow/example_dags/example_xcomargs.py
[2021-11-28 10:05:16,969] {logging_mixin.py:109} INFO - [2021-11-28 10:05:16,969] {dag.py:2396} INFO - Sync 2 DAGs
[2021-11-28 10:05:16,983] {logging_mixin.py:109} INFO - [2021-11-28 10:05:16,983] {dag.py:2928} INFO - Setting next_dagrun for example_xcom_args to None
[2021-11-28 10:05:16,983] {logging_mixin.py:109} INFO - [2021-11-28 10:05:16,983] {dag.py:2928} INFO - Setting next_dagrun for example_xcom_args_with_operators to None
[2021-11-28 10:05:16,992] {processor.py:171} INFO - Processing /home/airflow/.local/lib/python3.7/site-packages/airflow/example_dags/example_xcomargs.py took 0.253 seconds
[2021-11-28 10:05:47,798] {processor.py:163} INFO - Started process (PID=847) to work on /home/airflow/.local/lib/python3.7/site-packages/airflow/example_dags/example_xcomargs.py
[2021-11-28 10:05:47,799] {processor.py:625} INFO - Processing file /home/airflow/.local/lib/python3.7/site-packages/airflow/example_dags/example_xcomargs.py for tasks to queue
[2021-11-28 10:05:47,799] {logging_mixin.py:109} INFO - [2021-11-28 10:05:47,799] {dagbag.py:500} INFO - Filling up the DagBag from /home/airflow/.local/lib/python3.7/site-packages/airflow/example_dags/example_xcomargs.py
[2021-11-28 10:05:47,827] {processor.py:637} INFO - DAG(s) dict_keys(['example_xcom_args', 'example_xcom_args_with_operators']) retrieved from /home/airflow/.local/lib/python3.7/site-packages/airflow/example_dags/example_xcomargs.py
[2021-11-28 10:05:48,044] {logging_mixin.py:109} INFO - [2021-11-28 10:05:48,044] {dag.py:2396} INFO - Sync 2 DAGs
[2021-11-28 10:05:48,056] {logging_mixin.py:109} INFO - [2021-11-28 10:05:48,056] {dag.py:2928} INFO - Setting next_dagrun for example_xcom_args to None
[2021-11-28 10:05:48,056] {logging_mixin.py:109} INFO - [2021-11-28 10:05:48,056] {dag.py:2928} INFO - Setting next_dagrun for example_xcom_args_with_operators to None
[2021-11-28 10:05:48,067] {processor.py:171} INFO - Processing /home/airflow/.local/lib/python3.7/site-packages/airflow/example_dags/example_xcomargs.py took 0.271 seconds
[2021-11-28 10:06:18,238] {processor.py:163} INFO - Started process (PID=898) to work on /home/airflow/.local/lib/python3.7/site-packages/airflow/example_dags/example_xcomargs.py
[2021-11-28 10:06:18,239] {processor.py:625} INFO - Processing file /home/airflow/.local/lib/python3.7/site-packages/airflow/example_dags/example_xcomargs.py for tasks to queue
[2021-11-28 10:06:18,240] {logging_mixin.py:109} INFO - [2021-11-28 10:06:18,240] {dagbag.py:500} INFO - Filling up the DagBag from /home/airflow/.local/lib/python3.7/site-packages/airflow/example_dags/example_xcomargs.py
[2021-11-28 10:06:18,271] {processor.py:637} INFO - DAG(s) dict_keys(['example_xcom_args', 'example_xcom_args_with_operators']) retrieved from /home/airflow/.local/lib/python3.7/site-packages/airflow/example_dags/example_xcomargs.py
[2021-11-28 10:06:18,492] {logging_mixin.py:109} INFO - [2021-11-28 10:06:18,492] {dag.py:2396} INFO - Sync 2 DAGs
[2021-11-28 10:06:18,504] {logging_mixin.py:109} INFO - [2021-11-28 10:06:18,503] {dag.py:2928} INFO - Setting next_dagrun for example_xcom_args to None
[2021-11-28 10:06:18,504] {logging_mixin.py:109} INFO - [2021-11-28 10:06:18,504] {dag.py:2928} INFO - Setting next_dagrun for example_xcom_args_with_operators to None
[2021-11-28 10:06:18,513] {processor.py:171} INFO - Processing /home/airflow/.local/lib/python3.7/site-packages/airflow/example_dags/example_xcomargs.py took 0.277 seconds
[2021-11-28 10:06:48,836] {processor.py:163} INFO - Started process (PID=958) to work on /home/airflow/.local/lib/python3.7/site-packages/airflow/example_dags/example_xcomargs.py
[2021-11-28 10:06:48,838] {processor.py:625} INFO - Processing file /home/airflow/.local/lib/python3.7/site-packages/airflow/example_dags/example_xcomargs.py for tasks to queue
[2021-11-28 10:06:48,838] {logging_mixin.py:109} INFO - [2021-11-28 10:06:48,838] {dagbag.py:500} INFO - Filling up the DagBag from /home/airflow/.local/lib/python3.7/site-packages/airflow/example_dags/example_xcomargs.py
[2021-11-28 10:06:48,872] {processor.py:637} INFO - DAG(s) dict_keys(['example_xcom_args', 'example_xcom_args_with_operators']) retrieved from /home/airflow/.local/lib/python3.7/site-packages/airflow/example_dags/example_xcomargs.py
[2021-11-28 10:06:49,088] {logging_mixin.py:109} INFO - [2021-11-28 10:06:49,088] {dag.py:2396} INFO - Sync 2 DAGs
[2021-11-28 10:06:49,102] {logging_mixin.py:109} INFO - [2021-11-28 10:06:49,102] {dag.py:2928} INFO - Setting next_dagrun for example_xcom_args to None
[2021-11-28 10:06:49,102] {logging_mixin.py:109} INFO - [2021-11-28 10:06:49,102] {dag.py:2928} INFO - Setting next_dagrun for example_xcom_args_with_operators to None
[2021-11-28 10:06:49,113] {processor.py:171} INFO - Processing /home/airflow/.local/lib/python3.7/site-packages/airflow/example_dags/example_xcomargs.py took 0.280 seconds
[2021-11-28 10:07:19,685] {processor.py:163} INFO - Started process (PID=1018) to work on /home/airflow/.local/lib/python3.7/site-packages/airflow/example_dags/example_xcomargs.py
[2021-11-28 10:07:19,686] {processor.py:625} INFO - Processing file /home/airflow/.local/lib/python3.7/site-packages/airflow/example_dags/example_xcomargs.py for tasks to queue
[2021-11-28 10:07:19,686] {logging_mixin.py:109} INFO - [2021-11-28 10:07:19,686] {dagbag.py:500} INFO - Filling up the DagBag from /home/airflow/.local/lib/python3.7/site-packages/airflow/example_dags/example_xcomargs.py
[2021-11-28 10:07:19,710] {processor.py:637} INFO - DAG(s) dict_keys(['example_xcom_args', 'example_xcom_args_with_operators']) retrieved from /home/airflow/.local/lib/python3.7/site-packages/airflow/example_dags/example_xcomargs.py
[2021-11-28 10:07:19,925] {logging_mixin.py:109} INFO - [2021-11-28 10:07:19,925] {dag.py:2396} INFO - Sync 2 DAGs
[2021-11-28 10:07:19,937] {logging_mixin.py:109} INFO - [2021-11-28 10:07:19,937] {dag.py:2928} INFO - Setting next_dagrun for example_xcom_args to None
[2021-11-28 10:07:19,937] {logging_mixin.py:109} INFO - [2021-11-28 10:07:19,937] {dag.py:2928} INFO - Setting next_dagrun for example_xcom_args_with_operators to None
[2021-11-28 10:07:19,947] {processor.py:171} INFO - Processing /home/airflow/.local/lib/python3.7/site-packages/airflow/example_dags/example_xcomargs.py took 0.264 seconds
[2021-11-28 10:07:50,466] {processor.py:163} INFO - Started process (PID=1069) to work on /home/airflow/.local/lib/python3.7/site-packages/airflow/example_dags/example_xcomargs.py
[2021-11-28 10:07:50,467] {processor.py:625} INFO - Processing file /home/airflow/.local/lib/python3.7/site-packages/airflow/example_dags/example_xcomargs.py for tasks to queue
[2021-11-28 10:07:50,468] {logging_mixin.py:109} INFO - [2021-11-28 10:07:50,468] {dagbag.py:500} INFO - Filling up the DagBag from /home/airflow/.local/lib/python3.7/site-packages/airflow/example_dags/example_xcomargs.py
[2021-11-28 10:07:50,504] {processor.py:637} INFO - DAG(s) dict_keys(['example_xcom_args', 'example_xcom_args_with_operators']) retrieved from /home/airflow/.local/lib/python3.7/site-packages/airflow/example_dags/example_xcomargs.py
[2021-11-28 10:07:50,722] {logging_mixin.py:109} INFO - [2021-11-28 10:07:50,722] {dag.py:2396} INFO - Sync 2 DAGs
[2021-11-28 10:07:50,734] {logging_mixin.py:109} INFO - [2021-11-28 10:07:50,734] {dag.py:2928} INFO - Setting next_dagrun for example_xcom_args to None
[2021-11-28 10:07:50,734] {logging_mixin.py:109} INFO - [2021-11-28 10:07:50,734] {dag.py:2928} INFO - Setting next_dagrun for example_xcom_args_with_operators to None
[2021-11-28 10:07:50,744] {processor.py:171} INFO - Processing /home/airflow/.local/lib/python3.7/site-packages/airflow/example_dags/example_xcomargs.py took 0.280 seconds
[2021-11-28 10:08:21,321] {processor.py:163} INFO - Started process (PID=1130) to work on /home/airflow/.local/lib/python3.7/site-packages/airflow/example_dags/example_xcomargs.py
[2021-11-28 10:08:21,323] {processor.py:625} INFO - Processing file /home/airflow/.local/lib/python3.7/site-packages/airflow/example_dags/example_xcomargs.py for tasks to queue
[2021-11-28 10:08:21,323] {logging_mixin.py:109} INFO - [2021-11-28 10:08:21,323] {dagbag.py:500} INFO - Filling up the DagBag from /home/airflow/.local/lib/python3.7/site-packages/airflow/example_dags/example_xcomargs.py
[2021-11-28 10:08:21,431] {processor.py:637} INFO - DAG(s) dict_keys(['example_xcom_args', 'example_xcom_args_with_operators']) retrieved from /home/airflow/.local/lib/python3.7/site-packages/airflow/example_dags/example_xcomargs.py
[2021-11-28 10:08:21,579] {logging_mixin.py:109} INFO - [2021-11-28 10:08:21,579] {dag.py:2396} INFO - Sync 2 DAGs
[2021-11-28 10:08:21,590] {logging_mixin.py:109} INFO - [2021-11-28 10:08:21,590] {dag.py:2928} INFO - Setting next_dagrun for example_xcom_args to None
[2021-11-28 10:08:21,590] {logging_mixin.py:109} INFO - [2021-11-28 10:08:21,590] {dag.py:2928} INFO - Setting next_dagrun for example_xcom_args_with_operators to None
[2021-11-28 10:08:21,599] {processor.py:171} INFO - Processing /home/airflow/.local/lib/python3.7/site-packages/airflow/example_dags/example_xcomargs.py took 0.281 seconds
[2021-11-28 10:08:52,162] {processor.py:163} INFO - Started process (PID=1181) to work on /home/airflow/.local/lib/python3.7/site-packages/airflow/example_dags/example_xcomargs.py
[2021-11-28 10:08:52,166] {processor.py:625} INFO - Processing file /home/airflow/.local/lib/python3.7/site-packages/airflow/example_dags/example_xcomargs.py for tasks to queue
[2021-11-28 10:08:52,167] {logging_mixin.py:109} INFO - [2021-11-28 10:08:52,167] {dagbag.py:500} INFO - Filling up the DagBag from /home/airflow/.local/lib/python3.7/site-packages/airflow/example_dags/example_xcomargs.py
[2021-11-28 10:08:52,265] {processor.py:637} INFO - DAG(s) dict_keys(['example_xcom_args', 'example_xcom_args_with_operators']) retrieved from /home/airflow/.local/lib/python3.7/site-packages/airflow/example_dags/example_xcomargs.py
[2021-11-28 10:08:52,433] {logging_mixin.py:109} INFO - [2021-11-28 10:08:52,433] {dag.py:2396} INFO - Sync 2 DAGs
[2021-11-28 10:08:52,445] {logging_mixin.py:109} INFO - [2021-11-28 10:08:52,445] {dag.py:2928} INFO - Setting next_dagrun for example_xcom_args to None
[2021-11-28 10:08:52,445] {logging_mixin.py:109} INFO - [2021-11-28 10:08:52,445] {dag.py:2928} INFO - Setting next_dagrun for example_xcom_args_with_operators to None
[2021-11-28 10:08:52,456] {processor.py:171} INFO - Processing /home/airflow/.local/lib/python3.7/site-packages/airflow/example_dags/example_xcomargs.py took 0.295 seconds
[2021-11-28 10:09:22,994] {processor.py:163} INFO - Started process (PID=1241) to work on /home/airflow/.local/lib/python3.7/site-packages/airflow/example_dags/example_xcomargs.py
[2021-11-28 10:09:22,995] {processor.py:625} INFO - Processing file /home/airflow/.local/lib/python3.7/site-packages/airflow/example_dags/example_xcomargs.py for tasks to queue
[2021-11-28 10:09:22,995] {logging_mixin.py:109} INFO - [2021-11-28 10:09:22,995] {dagbag.py:500} INFO - Filling up the DagBag from /home/airflow/.local/lib/python3.7/site-packages/airflow/example_dags/example_xcomargs.py
[2021-11-28 10:09:23,078] {processor.py:637} INFO - DAG(s) dict_keys(['example_xcom_args', 'example_xcom_args_with_operators']) retrieved from /home/airflow/.local/lib/python3.7/site-packages/airflow/example_dags/example_xcomargs.py
[2021-11-28 10:09:23,218] {logging_mixin.py:109} INFO - [2021-11-28 10:09:23,218] {dag.py:2396} INFO - Sync 2 DAGs
[2021-11-28 10:09:23,228] {logging_mixin.py:109} INFO - [2021-11-28 10:09:23,228] {dag.py:2928} INFO - Setting next_dagrun for example_xcom_args to None
[2021-11-28 10:09:23,228] {logging_mixin.py:109} INFO - [2021-11-28 10:09:23,228] {dag.py:2928} INFO - Setting next_dagrun for example_xcom_args_with_operators to None
[2021-11-28 10:09:23,237] {processor.py:171} INFO - Processing /home/airflow/.local/lib/python3.7/site-packages/airflow/example_dags/example_xcomargs.py took 0.245 seconds
[2021-11-28 10:09:53,541] {processor.py:163} INFO - Started process (PID=1291) to work on /home/airflow/.local/lib/python3.7/site-packages/airflow/example_dags/example_xcomargs.py
[2021-11-28 10:09:53,542] {processor.py:625} INFO - Processing file /home/airflow/.local/lib/python3.7/site-packages/airflow/example_dags/example_xcomargs.py for tasks to queue
[2021-11-28 10:09:53,542] {logging_mixin.py:109} INFO - [2021-11-28 10:09:53,542] {dagbag.py:500} INFO - Filling up the DagBag from /home/airflow/.local/lib/python3.7/site-packages/airflow/example_dags/example_xcomargs.py
[2021-11-28 10:09:53,640] {processor.py:637} INFO - DAG(s) dict_keys(['example_xcom_args', 'example_xcom_args_with_operators']) retrieved from /home/airflow/.local/lib/python3.7/site-packages/airflow/example_dags/example_xcomargs.py
[2021-11-28 10:09:53,796] {logging_mixin.py:109} INFO - [2021-11-28 10:09:53,796] {dag.py:2396} INFO - Sync 2 DAGs
[2021-11-28 10:09:53,807] {logging_mixin.py:109} INFO - [2021-11-28 10:09:53,807] {dag.py:2928} INFO - Setting next_dagrun for example_xcom_args to None
[2021-11-28 10:09:53,807] {logging_mixin.py:109} INFO - [2021-11-28 10:09:53,807] {dag.py:2928} INFO - Setting next_dagrun for example_xcom_args_with_operators to None
[2021-11-28 10:09:53,821] {processor.py:171} INFO - Processing /home/airflow/.local/lib/python3.7/site-packages/airflow/example_dags/example_xcomargs.py took 0.282 seconds
[2021-11-28 10:10:24,339] {processor.py:163} INFO - Started process (PID=1352) to work on /home/airflow/.local/lib/python3.7/site-packages/airflow/example_dags/example_xcomargs.py
[2021-11-28 10:10:24,340] {processor.py:625} INFO - Processing file /home/airflow/.local/lib/python3.7/site-packages/airflow/example_dags/example_xcomargs.py for tasks to queue
[2021-11-28 10:10:24,340] {logging_mixin.py:109} INFO - [2021-11-28 10:10:24,340] {dagbag.py:500} INFO - Filling up the DagBag from /home/airflow/.local/lib/python3.7/site-packages/airflow/example_dags/example_xcomargs.py
[2021-11-28 10:10:24,429] {processor.py:637} INFO - DAG(s) dict_keys(['example_xcom_args', 'example_xcom_args_with_operators']) retrieved from /home/airflow/.local/lib/python3.7/site-packages/airflow/example_dags/example_xcomargs.py
[2021-11-28 10:10:24,565] {logging_mixin.py:109} INFO - [2021-11-28 10:10:24,565] {dag.py:2396} INFO - Sync 2 DAGs
[2021-11-28 10:10:24,575] {logging_mixin.py:109} INFO - [2021-11-28 10:10:24,575] {dag.py:2928} INFO - Setting next_dagrun for example_xcom_args to None
[2021-11-28 10:10:24,575] {logging_mixin.py:109} INFO - [2021-11-28 10:10:24,575] {dag.py:2928} INFO - Setting next_dagrun for example_xcom_args_with_operators to None
[2021-11-28 10:10:24,584] {processor.py:171} INFO - Processing /home/airflow/.local/lib/python3.7/site-packages/airflow/example_dags/example_xcomargs.py took 0.246 seconds
[2021-11-28 10:10:55,504] {processor.py:163} INFO - Started process (PID=1412) to work on /home/airflow/.local/lib/python3.7/site-packages/airflow/example_dags/example_xcomargs.py
[2021-11-28 10:10:55,505] {processor.py:625} INFO - Processing file /home/airflow/.local/lib/python3.7/site-packages/airflow/example_dags/example_xcomargs.py for tasks to queue
[2021-11-28 10:10:55,505] {logging_mixin.py:109} INFO - [2021-11-28 10:10:55,505] {dagbag.py:500} INFO - Filling up the DagBag from /home/airflow/.local/lib/python3.7/site-packages/airflow/example_dags/example_xcomargs.py
[2021-11-28 10:10:55,535] {processor.py:637} INFO - DAG(s) dict_keys(['example_xcom_args', 'example_xcom_args_with_operators']) retrieved from /home/airflow/.local/lib/python3.7/site-packages/airflow/example_dags/example_xcomargs.py
[2021-11-28 10:10:55,693] {logging_mixin.py:109} INFO - [2021-11-28 10:10:55,693] {dag.py:2396} INFO - Sync 2 DAGs
[2021-11-28 10:10:55,703] {logging_mixin.py:109} INFO - [2021-11-28 10:10:55,703] {dag.py:2928} INFO - Setting next_dagrun for example_xcom_args to None
[2021-11-28 10:10:55,703] {logging_mixin.py:109} INFO - [2021-11-28 10:10:55,703] {dag.py:2928} INFO - Setting next_dagrun for example_xcom_args_with_operators to None
[2021-11-28 10:10:55,714] {processor.py:171} INFO - Processing /home/airflow/.local/lib/python3.7/site-packages/airflow/example_dags/example_xcomargs.py took 0.213 seconds
[2021-11-28 10:11:26,159] {processor.py:163} INFO - Started process (PID=1463) to work on /home/airflow/.local/lib/python3.7/site-packages/airflow/example_dags/example_xcomargs.py
[2021-11-28 10:11:26,161] {processor.py:625} INFO - Processing file /home/airflow/.local/lib/python3.7/site-packages/airflow/example_dags/example_xcomargs.py for tasks to queue
[2021-11-28 10:11:26,162] {logging_mixin.py:109} INFO - [2021-11-28 10:11:26,162] {dagbag.py:500} INFO - Filling up the DagBag from /home/airflow/.local/lib/python3.7/site-packages/airflow/example_dags/example_xcomargs.py
[2021-11-28 10:11:26,194] {processor.py:637} INFO - DAG(s) dict_keys(['example_xcom_args', 'example_xcom_args_with_operators']) retrieved from /home/airflow/.local/lib/python3.7/site-packages/airflow/example_dags/example_xcomargs.py
[2021-11-28 10:11:26,349] {logging_mixin.py:109} INFO - [2021-11-28 10:11:26,349] {dag.py:2396} INFO - Sync 2 DAGs
[2021-11-28 10:11:26,360] {logging_mixin.py:109} INFO - [2021-11-28 10:11:26,360] {dag.py:2928} INFO - Setting next_dagrun for example_xcom_args to None
[2021-11-28 10:11:26,360] {logging_mixin.py:109} INFO - [2021-11-28 10:11:26,360] {dag.py:2928} INFO - Setting next_dagrun for example_xcom_args_with_operators to None
[2021-11-28 10:11:26,369] {processor.py:171} INFO - Processing /home/airflow/.local/lib/python3.7/site-packages/airflow/example_dags/example_xcomargs.py took 0.213 seconds
[2021-11-28 10:11:56,978] {processor.py:163} INFO - Started process (PID=1523) to work on /home/airflow/.local/lib/python3.7/site-packages/airflow/example_dags/example_xcomargs.py
[2021-11-28 10:11:56,979] {processor.py:625} INFO - Processing file /home/airflow/.local/lib/python3.7/site-packages/airflow/example_dags/example_xcomargs.py for tasks to queue
[2021-11-28 10:11:56,980] {logging_mixin.py:109} INFO - [2021-11-28 10:11:56,980] {dagbag.py:500} INFO - Filling up the DagBag from /home/airflow/.local/lib/python3.7/site-packages/airflow/example_dags/example_xcomargs.py
[2021-11-28 10:11:57,004] {processor.py:637} INFO - DAG(s) dict_keys(['example_xcom_args', 'example_xcom_args_with_operators']) retrieved from /home/airflow/.local/lib/python3.7/site-packages/airflow/example_dags/example_xcomargs.py
[2021-11-28 10:11:57,162] {logging_mixin.py:109} INFO - [2021-11-28 10:11:57,162] {dag.py:2396} INFO - Sync 2 DAGs
[2021-11-28 10:11:57,173] {logging_mixin.py:109} INFO - [2021-11-28 10:11:57,173] {dag.py:2928} INFO - Setting next_dagrun for example_xcom_args to None
[2021-11-28 10:11:57,173] {logging_mixin.py:109} INFO - [2021-11-28 10:11:57,173] {dag.py:2928} INFO - Setting next_dagrun for example_xcom_args_with_operators to None
[2021-11-28 10:11:57,184] {processor.py:171} INFO - Processing /home/airflow/.local/lib/python3.7/site-packages/airflow/example_dags/example_xcomargs.py took 0.209 seconds
[2021-11-28 10:12:27,648] {processor.py:163} INFO - Started process (PID=1574) to work on /home/airflow/.local/lib/python3.7/site-packages/airflow/example_dags/example_xcomargs.py
[2021-11-28 10:12:27,649] {processor.py:625} INFO - Processing file /home/airflow/.local/lib/python3.7/site-packages/airflow/example_dags/example_xcomargs.py for tasks to queue
[2021-11-28 10:12:27,650] {logging_mixin.py:109} INFO - [2021-11-28 10:12:27,650] {dagbag.py:500} INFO - Filling up the DagBag from /home/airflow/.local/lib/python3.7/site-packages/airflow/example_dags/example_xcomargs.py
[2021-11-28 10:12:27,681] {processor.py:637} INFO - DAG(s) dict_keys(['example_xcom_args', 'example_xcom_args_with_operators']) retrieved from /home/airflow/.local/lib/python3.7/site-packages/airflow/example_dags/example_xcomargs.py
[2021-11-28 10:12:27,834] {logging_mixin.py:109} INFO - [2021-11-28 10:12:27,834] {dag.py:2396} INFO - Sync 2 DAGs
[2021-11-28 10:12:27,845] {logging_mixin.py:109} INFO - [2021-11-28 10:12:27,845] {dag.py:2928} INFO - Setting next_dagrun for example_xcom_args to None
[2021-11-28 10:12:27,845] {logging_mixin.py:109} INFO - [2021-11-28 10:12:27,845] {dag.py:2928} INFO - Setting next_dagrun for example_xcom_args_with_operators to None
[2021-11-28 10:12:27,855] {processor.py:171} INFO - Processing /home/airflow/.local/lib/python3.7/site-packages/airflow/example_dags/example_xcomargs.py took 0.209 seconds
[2021-11-28 10:12:58,501] {processor.py:163} INFO - Started process (PID=1634) to work on /home/airflow/.local/lib/python3.7/site-packages/airflow/example_dags/example_xcomargs.py
[2021-11-28 10:12:58,502] {processor.py:625} INFO - Processing file /home/airflow/.local/lib/python3.7/site-packages/airflow/example_dags/example_xcomargs.py for tasks to queue
[2021-11-28 10:12:58,503] {logging_mixin.py:109} INFO - [2021-11-28 10:12:58,502] {dagbag.py:500} INFO - Filling up the DagBag from /home/airflow/.local/lib/python3.7/site-packages/airflow/example_dags/example_xcomargs.py
[2021-11-28 10:12:58,537] {processor.py:637} INFO - DAG(s) dict_keys(['example_xcom_args', 'example_xcom_args_with_operators']) retrieved from /home/airflow/.local/lib/python3.7/site-packages/airflow/example_dags/example_xcomargs.py
[2021-11-28 10:12:58,695] {logging_mixin.py:109} INFO - [2021-11-28 10:12:58,695] {dag.py:2396} INFO - Sync 2 DAGs
[2021-11-28 10:12:58,706] {logging_mixin.py:109} INFO - [2021-11-28 10:12:58,706] {dag.py:2928} INFO - Setting next_dagrun for example_xcom_args to None
[2021-11-28 10:12:58,706] {logging_mixin.py:109} INFO - [2021-11-28 10:12:58,706] {dag.py:2928} INFO - Setting next_dagrun for example_xcom_args_with_operators to None
[2021-11-28 10:12:58,715] {processor.py:171} INFO - Processing /home/airflow/.local/lib/python3.7/site-packages/airflow/example_dags/example_xcomargs.py took 0.217 seconds
[2021-11-28 10:13:29,228] {processor.py:163} INFO - Started process (PID=1694) to work on /home/airflow/.local/lib/python3.7/site-packages/airflow/example_dags/example_xcomargs.py
[2021-11-28 10:13:29,229] {processor.py:625} INFO - Processing file /home/airflow/.local/lib/python3.7/site-packages/airflow/example_dags/example_xcomargs.py for tasks to queue
[2021-11-28 10:13:29,230] {logging_mixin.py:109} INFO - [2021-11-28 10:13:29,230] {dagbag.py:500} INFO - Filling up the DagBag from /home/airflow/.local/lib/python3.7/site-packages/airflow/example_dags/example_xcomargs.py
[2021-11-28 10:13:29,264] {processor.py:637} INFO - DAG(s) dict_keys(['example_xcom_args', 'example_xcom_args_with_operators']) retrieved from /home/airflow/.local/lib/python3.7/site-packages/airflow/example_dags/example_xcomargs.py
[2021-11-28 10:13:29,417] {logging_mixin.py:109} INFO - [2021-11-28 10:13:29,417] {dag.py:2396} INFO - Sync 2 DAGs
[2021-11-28 10:13:29,429] {logging_mixin.py:109} INFO - [2021-11-28 10:13:29,428] {dag.py:2928} INFO - Setting next_dagrun for example_xcom_args to None
[2021-11-28 10:13:29,429] {logging_mixin.py:109} INFO - [2021-11-28 10:13:29,429] {dag.py:2928} INFO - Setting next_dagrun for example_xcom_args_with_operators to None
[2021-11-28 10:13:29,439] {processor.py:171} INFO - Processing /home/airflow/.local/lib/python3.7/site-packages/airflow/example_dags/example_xcomargs.py took 0.214 seconds
[2021-11-28 10:14:00,088] {processor.py:163} INFO - Started process (PID=1745) to work on /home/airflow/.local/lib/python3.7/site-packages/airflow/example_dags/example_xcomargs.py
[2021-11-28 10:14:00,089] {processor.py:625} INFO - Processing file /home/airflow/.local/lib/python3.7/site-packages/airflow/example_dags/example_xcomargs.py for tasks to queue
[2021-11-28 10:14:00,090] {logging_mixin.py:109} INFO - [2021-11-28 10:14:00,090] {dagbag.py:500} INFO - Filling up the DagBag from /home/airflow/.local/lib/python3.7/site-packages/airflow/example_dags/example_xcomargs.py
[2021-11-28 10:14:00,120] {processor.py:637} INFO - DAG(s) dict_keys(['example_xcom_args', 'example_xcom_args_with_operators']) retrieved from /home/airflow/.local/lib/python3.7/site-packages/airflow/example_dags/example_xcomargs.py
[2021-11-28 10:14:00,273] {logging_mixin.py:109} INFO - [2021-11-28 10:14:00,273] {dag.py:2396} INFO - Sync 2 DAGs
[2021-11-28 10:14:00,284] {logging_mixin.py:109} INFO - [2021-11-28 10:14:00,284] {dag.py:2928} INFO - Setting next_dagrun for example_xcom_args to None
[2021-11-28 10:14:00,284] {logging_mixin.py:109} INFO - [2021-11-28 10:14:00,284] {dag.py:2928} INFO - Setting next_dagrun for example_xcom_args_with_operators to None
[2021-11-28 10:14:00,293] {processor.py:171} INFO - Processing /home/airflow/.local/lib/python3.7/site-packages/airflow/example_dags/example_xcomargs.py took 0.207 seconds
[2021-11-28 10:14:30,849] {processor.py:163} INFO - Started process (PID=1806) to work on /home/airflow/.local/lib/python3.7/site-packages/airflow/example_dags/example_xcomargs.py
[2021-11-28 10:14:30,850] {processor.py:625} INFO - Processing file /home/airflow/.local/lib/python3.7/site-packages/airflow/example_dags/example_xcomargs.py for tasks to queue
[2021-11-28 10:14:30,850] {logging_mixin.py:109} INFO - [2021-11-28 10:14:30,850] {dagbag.py:500} INFO - Filling up the DagBag from /home/airflow/.local/lib/python3.7/site-packages/airflow/example_dags/example_xcomargs.py
[2021-11-28 10:14:30,875] {processor.py:637} INFO - DAG(s) dict_keys(['example_xcom_args', 'example_xcom_args_with_operators']) retrieved from /home/airflow/.local/lib/python3.7/site-packages/airflow/example_dags/example_xcomargs.py
[2021-11-28 10:14:31,031] {logging_mixin.py:109} INFO - [2021-11-28 10:14:31,031] {dag.py:2396} INFO - Sync 2 DAGs
[2021-11-28 10:14:31,041] {logging_mixin.py:109} INFO - [2021-11-28 10:14:31,041] {dag.py:2928} INFO - Setting next_dagrun for example_xcom_args to None
[2021-11-28 10:14:31,041] {logging_mixin.py:109} INFO - [2021-11-28 10:14:31,041] {dag.py:2928} INFO - Setting next_dagrun for example_xcom_args_with_operators to None
[2021-11-28 10:14:31,051] {processor.py:171} INFO - Processing /home/airflow/.local/lib/python3.7/site-packages/airflow/example_dags/example_xcomargs.py took 0.203 seconds
[2021-11-28 10:15:01,598] {processor.py:163} INFO - Started process (PID=1857) to work on /home/airflow/.local/lib/python3.7/site-packages/airflow/example_dags/example_xcomargs.py
[2021-11-28 10:15:01,600] {processor.py:625} INFO - Processing file /home/airflow/.local/lib/python3.7/site-packages/airflow/example_dags/example_xcomargs.py for tasks to queue
[2021-11-28 10:15:01,600] {logging_mixin.py:109} INFO - [2021-11-28 10:15:01,600] {dagbag.py:500} INFO - Filling up the DagBag from /home/airflow/.local/lib/python3.7/site-packages/airflow/example_dags/example_xcomargs.py
[2021-11-28 10:15:01,628] {processor.py:637} INFO - DAG(s) dict_keys(['example_xcom_args', 'example_xcom_args_with_operators']) retrieved from /home/airflow/.local/lib/python3.7/site-packages/airflow/example_dags/example_xcomargs.py
[2021-11-28 10:15:01,775] {logging_mixin.py:109} INFO - [2021-11-28 10:15:01,775] {dag.py:2396} INFO - Sync 2 DAGs
[2021-11-28 10:15:01,785] {logging_mixin.py:109} INFO - [2021-11-28 10:15:01,785] {dag.py:2928} INFO - Setting next_dagrun for example_xcom_args to None
[2021-11-28 10:15:01,785] {logging_mixin.py:109} INFO - [2021-11-28 10:15:01,785] {dag.py:2928} INFO - Setting next_dagrun for example_xcom_args_with_operators to None
[2021-11-28 10:15:01,795] {processor.py:171} INFO - Processing /home/airflow/.local/lib/python3.7/site-packages/airflow/example_dags/example_xcomargs.py took 0.200 seconds
[2021-11-28 10:15:32,305] {processor.py:163} INFO - Started process (PID=1917) to work on /home/airflow/.local/lib/python3.7/site-packages/airflow/example_dags/example_xcomargs.py
[2021-11-28 10:15:32,307] {processor.py:625} INFO - Processing file /home/airflow/.local/lib/python3.7/site-packages/airflow/example_dags/example_xcomargs.py for tasks to queue
[2021-11-28 10:15:32,307] {logging_mixin.py:109} INFO - [2021-11-28 10:15:32,307] {dagbag.py:500} INFO - Filling up the DagBag from /home/airflow/.local/lib/python3.7/site-packages/airflow/example_dags/example_xcomargs.py
[2021-11-28 10:15:32,346] {processor.py:637} INFO - DAG(s) dict_keys(['example_xcom_args', 'example_xcom_args_with_operators']) retrieved from /home/airflow/.local/lib/python3.7/site-packages/airflow/example_dags/example_xcomargs.py
[2021-11-28 10:15:32,490] {logging_mixin.py:109} INFO - [2021-11-28 10:15:32,490] {dag.py:2396} INFO - Sync 2 DAGs
[2021-11-28 10:15:32,501] {logging_mixin.py:109} INFO - [2021-11-28 10:15:32,501] {dag.py:2928} INFO - Setting next_dagrun for example_xcom_args to None
[2021-11-28 10:15:32,501] {logging_mixin.py:109} INFO - [2021-11-28 10:15:32,501] {dag.py:2928} INFO - Setting next_dagrun for example_xcom_args_with_operators to None
[2021-11-28 10:15:32,513] {processor.py:171} INFO - Processing /home/airflow/.local/lib/python3.7/site-packages/airflow/example_dags/example_xcomargs.py took 0.211 seconds
[2021-11-28 10:16:03,036] {processor.py:163} INFO - Started process (PID=1978) to work on /home/airflow/.local/lib/python3.7/site-packages/airflow/example_dags/example_xcomargs.py
[2021-11-28 10:16:03,038] {processor.py:625} INFO - Processing file /home/airflow/.local/lib/python3.7/site-packages/airflow/example_dags/example_xcomargs.py for tasks to queue
[2021-11-28 10:16:03,038] {logging_mixin.py:109} INFO - [2021-11-28 10:16:03,038] {dagbag.py:500} INFO - Filling up the DagBag from /home/airflow/.local/lib/python3.7/site-packages/airflow/example_dags/example_xcomargs.py
[2021-11-28 10:16:03,073] {processor.py:637} INFO - DAG(s) dict_keys(['example_xcom_args', 'example_xcom_args_with_operators']) retrieved from /home/airflow/.local/lib/python3.7/site-packages/airflow/example_dags/example_xcomargs.py
[2021-11-28 10:16:03,246] {logging_mixin.py:109} INFO - [2021-11-28 10:16:03,245] {dag.py:2396} INFO - Sync 2 DAGs
[2021-11-28 10:16:03,257] {logging_mixin.py:109} INFO - [2021-11-28 10:16:03,257] {dag.py:2928} INFO - Setting next_dagrun for example_xcom_args to None
[2021-11-28 10:16:03,258] {logging_mixin.py:109} INFO - [2021-11-28 10:16:03,258] {dag.py:2928} INFO - Setting next_dagrun for example_xcom_args_with_operators to None
[2021-11-28 10:16:03,269] {processor.py:171} INFO - Processing /home/airflow/.local/lib/python3.7/site-packages/airflow/example_dags/example_xcomargs.py took 0.235 seconds
[2021-11-28 10:16:33,767] {processor.py:163} INFO - Started process (PID=2029) to work on /home/airflow/.local/lib/python3.7/site-packages/airflow/example_dags/example_xcomargs.py
[2021-11-28 10:16:33,768] {processor.py:625} INFO - Processing file /home/airflow/.local/lib/python3.7/site-packages/airflow/example_dags/example_xcomargs.py for tasks to queue
[2021-11-28 10:16:33,768] {logging_mixin.py:109} INFO - [2021-11-28 10:16:33,768] {dagbag.py:500} INFO - Filling up the DagBag from /home/airflow/.local/lib/python3.7/site-packages/airflow/example_dags/example_xcomargs.py
[2021-11-28 10:16:33,792] {processor.py:637} INFO - DAG(s) dict_keys(['example_xcom_args', 'example_xcom_args_with_operators']) retrieved from /home/airflow/.local/lib/python3.7/site-packages/airflow/example_dags/example_xcomargs.py
[2021-11-28 10:16:33,955] {logging_mixin.py:109} INFO - [2021-11-28 10:16:33,955] {dag.py:2396} INFO - Sync 2 DAGs
[2021-11-28 10:16:33,966] {logging_mixin.py:109} INFO - [2021-11-28 10:16:33,965] {dag.py:2928} INFO - Setting next_dagrun for example_xcom_args to None
[2021-11-28 10:16:33,966] {logging_mixin.py:109} INFO - [2021-11-28 10:16:33,966] {dag.py:2928} INFO - Setting next_dagrun for example_xcom_args_with_operators to None
[2021-11-28 10:16:33,976] {processor.py:171} INFO - Processing /home/airflow/.local/lib/python3.7/site-packages/airflow/example_dags/example_xcomargs.py took 0.211 seconds
[2021-11-28 10:17:04,551] {processor.py:163} INFO - Started process (PID=2089) to work on /home/airflow/.local/lib/python3.7/site-packages/airflow/example_dags/example_xcomargs.py
[2021-11-28 10:17:04,552] {processor.py:625} INFO - Processing file /home/airflow/.local/lib/python3.7/site-packages/airflow/example_dags/example_xcomargs.py for tasks to queue
[2021-11-28 10:17:04,553] {logging_mixin.py:109} INFO - [2021-11-28 10:17:04,553] {dagbag.py:500} INFO - Filling up the DagBag from /home/airflow/.local/lib/python3.7/site-packages/airflow/example_dags/example_xcomargs.py
[2021-11-28 10:17:04,584] {processor.py:637} INFO - DAG(s) dict_keys(['example_xcom_args', 'example_xcom_args_with_operators']) retrieved from /home/airflow/.local/lib/python3.7/site-packages/airflow/example_dags/example_xcomargs.py
[2021-11-28 10:17:04,735] {logging_mixin.py:109} INFO - [2021-11-28 10:17:04,735] {dag.py:2396} INFO - Sync 2 DAGs
[2021-11-28 10:17:04,746] {logging_mixin.py:109} INFO - [2021-11-28 10:17:04,746] {dag.py:2928} INFO - Setting next_dagrun for example_xcom_args to None
[2021-11-28 10:17:04,746] {logging_mixin.py:109} INFO - [2021-11-28 10:17:04,746] {dag.py:2928} INFO - Setting next_dagrun for example_xcom_args_with_operators to None
[2021-11-28 10:17:04,755] {processor.py:171} INFO - Processing /home/airflow/.local/lib/python3.7/site-packages/airflow/example_dags/example_xcomargs.py took 0.207 seconds
