[2021-11-28 09:44:52,020] {processor.py:163} INFO - Started process (PID=91) to work on /home/airflow/.local/lib/python3.7/site-packages/airflow/example_dags/example_latest_only.py
[2021-11-28 09:44:52,021] {processor.py:625} INFO - Processing file /home/airflow/.local/lib/python3.7/site-packages/airflow/example_dags/example_latest_only.py for tasks to queue
[2021-11-28 09:44:52,021] {logging_mixin.py:109} INFO - [2021-11-28 09:44:52,021] {dagbag.py:500} INFO - Filling up the DagBag from /home/airflow/.local/lib/python3.7/site-packages/airflow/example_dags/example_latest_only.py
[2021-11-28 09:44:52,048] {processor.py:637} INFO - DAG(s) dict_keys(['latest_only']) retrieved from /home/airflow/.local/lib/python3.7/site-packages/airflow/example_dags/example_latest_only.py
[2021-11-28 09:44:53,313] {logging_mixin.py:109} INFO - [2021-11-28 09:44:53,313] {providers_manager.py:156} WARNING - Exception when importing 'airflow.providers.google.leveldb.hooks.leveldb.LevelDBHook' from 'apache-airflow-providers-google' package: No module named 'plyvel'
[2021-11-28 09:44:53,588] {logging_mixin.py:109} INFO - [2021-11-28 09:44:53,588] {providers_manager.py:156} WARNING - Exception when importing 'airflow.providers.google.leveldb.hooks.leveldb.LevelDBHook' from 'apache-airflow-providers-google' package: No module named 'plyvel'
[2021-11-28 09:44:53,619] {logging_mixin.py:109} INFO - [2021-11-28 09:44:53,619] {manager.py:496} INFO - Created Permission View: can read on DAG:latest_only
[2021-11-28 09:44:53,631] {logging_mixin.py:109} INFO - [2021-11-28 09:44:53,631] {manager.py:496} INFO - Created Permission View: can edit on DAG:latest_only
[2021-11-28 09:44:53,632] {logging_mixin.py:109} INFO - [2021-11-28 09:44:53,631] {dag.py:2396} INFO - Sync 1 DAGs
[2021-11-28 09:44:53,639] {logging_mixin.py:109} INFO - [2021-11-28 09:44:53,638] {dag.py:2415} INFO - Creating ORM DAG for latest_only
[2021-11-28 09:44:53,647] {logging_mixin.py:109} INFO - [2021-11-28 09:44:53,647] {dag.py:2928} INFO - Setting next_dagrun for latest_only to 2021-11-28T05:44:53.647473+00:00
[2021-11-28 09:44:53,671] {processor.py:171} INFO - Processing /home/airflow/.local/lib/python3.7/site-packages/airflow/example_dags/example_latest_only.py took 1.653 seconds
[2021-11-28 09:45:23,967] {processor.py:163} INFO - Started process (PID=476) to work on /home/airflow/.local/lib/python3.7/site-packages/airflow/example_dags/example_latest_only.py
[2021-11-28 09:45:23,968] {processor.py:625} INFO - Processing file /home/airflow/.local/lib/python3.7/site-packages/airflow/example_dags/example_latest_only.py for tasks to queue
[2021-11-28 09:45:23,969] {logging_mixin.py:109} INFO - [2021-11-28 09:45:23,968] {dagbag.py:500} INFO - Filling up the DagBag from /home/airflow/.local/lib/python3.7/site-packages/airflow/example_dags/example_latest_only.py
[2021-11-28 09:45:23,990] {processor.py:637} INFO - DAG(s) dict_keys(['latest_only']) retrieved from /home/airflow/.local/lib/python3.7/site-packages/airflow/example_dags/example_latest_only.py
[2021-11-28 09:45:24,004] {logging_mixin.py:109} INFO - [2021-11-28 09:45:24,004] {dag.py:2396} INFO - Sync 1 DAGs
[2021-11-28 09:45:24,023] {logging_mixin.py:109} INFO - [2021-11-28 09:45:24,023] {dag.py:2928} INFO - Setting next_dagrun for latest_only to 2021-11-28T05:45:24.023215+00:00
[2021-11-28 09:45:24,033] {processor.py:171} INFO - Processing /home/airflow/.local/lib/python3.7/site-packages/airflow/example_dags/example_latest_only.py took 0.068 seconds
[2021-11-28 09:45:54,757] {processor.py:163} INFO - Started process (PID=527) to work on /home/airflow/.local/lib/python3.7/site-packages/airflow/example_dags/example_latest_only.py
[2021-11-28 09:45:54,758] {processor.py:625} INFO - Processing file /home/airflow/.local/lib/python3.7/site-packages/airflow/example_dags/example_latest_only.py for tasks to queue
[2021-11-28 09:45:54,758] {logging_mixin.py:109} INFO - [2021-11-28 09:45:54,758] {dagbag.py:500} INFO - Filling up the DagBag from /home/airflow/.local/lib/python3.7/site-packages/airflow/example_dags/example_latest_only.py
[2021-11-28 09:45:54,778] {processor.py:637} INFO - DAG(s) dict_keys(['latest_only']) retrieved from /home/airflow/.local/lib/python3.7/site-packages/airflow/example_dags/example_latest_only.py
[2021-11-28 09:45:54,788] {logging_mixin.py:109} INFO - [2021-11-28 09:45:54,788] {dag.py:2396} INFO - Sync 1 DAGs
[2021-11-28 09:45:54,807] {logging_mixin.py:109} INFO - [2021-11-28 09:45:54,807] {dag.py:2928} INFO - Setting next_dagrun for latest_only to 2021-11-28T05:45:54.806894+00:00
[2021-11-28 09:45:54,818] {processor.py:171} INFO - Processing /home/airflow/.local/lib/python3.7/site-packages/airflow/example_dags/example_latest_only.py took 0.063 seconds
[2021-11-28 09:46:25,043] {processor.py:163} INFO - Started process (PID=587) to work on /home/airflow/.local/lib/python3.7/site-packages/airflow/example_dags/example_latest_only.py
[2021-11-28 09:46:25,044] {processor.py:625} INFO - Processing file /home/airflow/.local/lib/python3.7/site-packages/airflow/example_dags/example_latest_only.py for tasks to queue
[2021-11-28 09:46:25,044] {logging_mixin.py:109} INFO - [2021-11-28 09:46:25,044] {dagbag.py:500} INFO - Filling up the DagBag from /home/airflow/.local/lib/python3.7/site-packages/airflow/example_dags/example_latest_only.py
[2021-11-28 09:46:25,063] {processor.py:637} INFO - DAG(s) dict_keys(['latest_only']) retrieved from /home/airflow/.local/lib/python3.7/site-packages/airflow/example_dags/example_latest_only.py
[2021-11-28 09:46:25,073] {logging_mixin.py:109} INFO - [2021-11-28 09:46:25,073] {dag.py:2396} INFO - Sync 1 DAGs
[2021-11-28 09:46:25,087] {logging_mixin.py:109} INFO - [2021-11-28 09:46:25,087] {dag.py:2928} INFO - Setting next_dagrun for latest_only to 2021-11-28T05:46:25.087478+00:00
[2021-11-28 09:46:25,101] {processor.py:171} INFO - Processing /home/airflow/.local/lib/python3.7/site-packages/airflow/example_dags/example_latest_only.py took 0.060 seconds
[2021-11-28 09:48:49,045] {processor.py:163} INFO - Started process (PID=34) to work on /home/airflow/.local/lib/python3.7/site-packages/airflow/example_dags/example_latest_only.py
[2021-11-28 09:48:49,046] {processor.py:625} INFO - Processing file /home/airflow/.local/lib/python3.7/site-packages/airflow/example_dags/example_latest_only.py for tasks to queue
[2021-11-28 09:48:49,047] {logging_mixin.py:109} INFO - [2021-11-28 09:48:49,047] {dagbag.py:500} INFO - Filling up the DagBag from /home/airflow/.local/lib/python3.7/site-packages/airflow/example_dags/example_latest_only.py
[2021-11-28 09:48:49,070] {processor.py:637} INFO - DAG(s) dict_keys(['latest_only']) retrieved from /home/airflow/.local/lib/python3.7/site-packages/airflow/example_dags/example_latest_only.py
[2021-11-28 09:48:49,079] {logging_mixin.py:109} INFO - [2021-11-28 09:48:49,079] {dag.py:2396} INFO - Sync 1 DAGs
[2021-11-28 09:48:49,095] {logging_mixin.py:109} INFO - [2021-11-28 09:48:49,095] {dag.py:2928} INFO - Setting next_dagrun for latest_only to 2021-11-28T05:48:49.095444+00:00
[2021-11-28 09:48:49,104] {processor.py:171} INFO - Processing /home/airflow/.local/lib/python3.7/site-packages/airflow/example_dags/example_latest_only.py took 0.062 seconds
[2021-11-28 09:49:20,346] {processor.py:163} INFO - Started process (PID=94) to work on /home/airflow/.local/lib/python3.7/site-packages/airflow/example_dags/example_latest_only.py
[2021-11-28 09:49:20,347] {processor.py:625} INFO - Processing file /home/airflow/.local/lib/python3.7/site-packages/airflow/example_dags/example_latest_only.py for tasks to queue
[2021-11-28 09:49:20,347] {logging_mixin.py:109} INFO - [2021-11-28 09:49:20,347] {dagbag.py:500} INFO - Filling up the DagBag from /home/airflow/.local/lib/python3.7/site-packages/airflow/example_dags/example_latest_only.py
[2021-11-28 09:49:20,363] {processor.py:637} INFO - DAG(s) dict_keys(['latest_only']) retrieved from /home/airflow/.local/lib/python3.7/site-packages/airflow/example_dags/example_latest_only.py
[2021-11-28 09:49:20,371] {logging_mixin.py:109} INFO - [2021-11-28 09:49:20,371] {dag.py:2396} INFO - Sync 1 DAGs
[2021-11-28 09:49:20,383] {logging_mixin.py:109} INFO - [2021-11-28 09:49:20,383] {dag.py:2928} INFO - Setting next_dagrun for latest_only to 2021-11-28T05:49:20.383008+00:00
[2021-11-28 09:49:20,392] {processor.py:171} INFO - Processing /home/airflow/.local/lib/python3.7/site-packages/airflow/example_dags/example_latest_only.py took 0.047 seconds
[2021-11-28 09:49:51,273] {processor.py:163} INFO - Started process (PID=145) to work on /home/airflow/.local/lib/python3.7/site-packages/airflow/example_dags/example_latest_only.py
[2021-11-28 09:49:51,274] {processor.py:625} INFO - Processing file /home/airflow/.local/lib/python3.7/site-packages/airflow/example_dags/example_latest_only.py for tasks to queue
[2021-11-28 09:49:51,274] {logging_mixin.py:109} INFO - [2021-11-28 09:49:51,274] {dagbag.py:500} INFO - Filling up the DagBag from /home/airflow/.local/lib/python3.7/site-packages/airflow/example_dags/example_latest_only.py
[2021-11-28 09:49:51,293] {processor.py:637} INFO - DAG(s) dict_keys(['latest_only']) retrieved from /home/airflow/.local/lib/python3.7/site-packages/airflow/example_dags/example_latest_only.py
[2021-11-28 09:49:51,305] {logging_mixin.py:109} INFO - [2021-11-28 09:49:51,305] {dag.py:2396} INFO - Sync 1 DAGs
[2021-11-28 09:49:51,317] {logging_mixin.py:109} INFO - [2021-11-28 09:49:51,317] {dag.py:2928} INFO - Setting next_dagrun for latest_only to 2021-11-28T05:49:51.317418+00:00
[2021-11-28 09:49:51,327] {processor.py:171} INFO - Processing /home/airflow/.local/lib/python3.7/site-packages/airflow/example_dags/example_latest_only.py took 0.057 seconds
[2021-11-28 09:50:22,232] {processor.py:163} INFO - Started process (PID=205) to work on /home/airflow/.local/lib/python3.7/site-packages/airflow/example_dags/example_latest_only.py
[2021-11-28 09:50:22,233] {processor.py:625} INFO - Processing file /home/airflow/.local/lib/python3.7/site-packages/airflow/example_dags/example_latest_only.py for tasks to queue
[2021-11-28 09:50:22,234] {logging_mixin.py:109} INFO - [2021-11-28 09:50:22,234] {dagbag.py:500} INFO - Filling up the DagBag from /home/airflow/.local/lib/python3.7/site-packages/airflow/example_dags/example_latest_only.py
[2021-11-28 09:50:22,257] {processor.py:637} INFO - DAG(s) dict_keys(['latest_only']) retrieved from /home/airflow/.local/lib/python3.7/site-packages/airflow/example_dags/example_latest_only.py
[2021-11-28 09:50:22,267] {logging_mixin.py:109} INFO - [2021-11-28 09:50:22,267] {dag.py:2396} INFO - Sync 1 DAGs
[2021-11-28 09:50:22,286] {logging_mixin.py:109} INFO - [2021-11-28 09:50:22,286] {dag.py:2928} INFO - Setting next_dagrun for latest_only to 2021-11-28T05:50:22.285896+00:00
[2021-11-28 09:50:22,297] {processor.py:171} INFO - Processing /home/airflow/.local/lib/python3.7/site-packages/airflow/example_dags/example_latest_only.py took 0.068 seconds
[2021-11-28 09:50:52,315] {processor.py:163} INFO - Started process (PID=264) to work on /home/airflow/.local/lib/python3.7/site-packages/airflow/example_dags/example_latest_only.py
[2021-11-28 09:50:52,316] {processor.py:625} INFO - Processing file /home/airflow/.local/lib/python3.7/site-packages/airflow/example_dags/example_latest_only.py for tasks to queue
[2021-11-28 09:50:52,317] {logging_mixin.py:109} INFO - [2021-11-28 09:50:52,317] {dagbag.py:500} INFO - Filling up the DagBag from /home/airflow/.local/lib/python3.7/site-packages/airflow/example_dags/example_latest_only.py
[2021-11-28 09:50:52,341] {processor.py:637} INFO - DAG(s) dict_keys(['latest_only']) retrieved from /home/airflow/.local/lib/python3.7/site-packages/airflow/example_dags/example_latest_only.py
[2021-11-28 09:50:52,349] {logging_mixin.py:109} INFO - [2021-11-28 09:50:52,349] {dag.py:2396} INFO - Sync 1 DAGs
[2021-11-28 09:50:52,360] {logging_mixin.py:109} INFO - [2021-11-28 09:50:52,360] {dag.py:2928} INFO - Setting next_dagrun for latest_only to 2021-11-28T05:50:52.360207+00:00
[2021-11-28 09:50:52,369] {processor.py:171} INFO - Processing /home/airflow/.local/lib/python3.7/site-packages/airflow/example_dags/example_latest_only.py took 0.056 seconds
[2021-11-28 09:51:47,605] {processor.py:163} INFO - Started process (PID=33) to work on /home/airflow/.local/lib/python3.7/site-packages/airflow/example_dags/example_latest_only.py
[2021-11-28 09:51:47,606] {processor.py:625} INFO - Processing file /home/airflow/.local/lib/python3.7/site-packages/airflow/example_dags/example_latest_only.py for tasks to queue
[2021-11-28 09:51:47,607] {logging_mixin.py:109} INFO - [2021-11-28 09:51:47,607] {dagbag.py:500} INFO - Filling up the DagBag from /home/airflow/.local/lib/python3.7/site-packages/airflow/example_dags/example_latest_only.py
[2021-11-28 09:51:47,625] {processor.py:637} INFO - DAG(s) dict_keys(['latest_only']) retrieved from /home/airflow/.local/lib/python3.7/site-packages/airflow/example_dags/example_latest_only.py
[2021-11-28 09:51:47,633] {logging_mixin.py:109} INFO - [2021-11-28 09:51:47,633] {dag.py:2396} INFO - Sync 1 DAGs
[2021-11-28 09:51:47,647] {logging_mixin.py:109} INFO - [2021-11-28 09:51:47,647] {dag.py:2928} INFO - Setting next_dagrun for latest_only to 2021-11-28T05:51:47.646835+00:00
[2021-11-28 09:51:47,656] {processor.py:171} INFO - Processing /home/airflow/.local/lib/python3.7/site-packages/airflow/example_dags/example_latest_only.py took 0.053 seconds
[2021-11-28 09:52:17,691] {processor.py:163} INFO - Started process (PID=94) to work on /home/airflow/.local/lib/python3.7/site-packages/airflow/example_dags/example_latest_only.py
[2021-11-28 09:52:17,693] {processor.py:625} INFO - Processing file /home/airflow/.local/lib/python3.7/site-packages/airflow/example_dags/example_latest_only.py for tasks to queue
[2021-11-28 09:52:17,693] {logging_mixin.py:109} INFO - [2021-11-28 09:52:17,693] {dagbag.py:500} INFO - Filling up the DagBag from /home/airflow/.local/lib/python3.7/site-packages/airflow/example_dags/example_latest_only.py
[2021-11-28 09:52:17,717] {processor.py:637} INFO - DAG(s) dict_keys(['latest_only']) retrieved from /home/airflow/.local/lib/python3.7/site-packages/airflow/example_dags/example_latest_only.py
[2021-11-28 09:52:17,728] {logging_mixin.py:109} INFO - [2021-11-28 09:52:17,728] {dag.py:2396} INFO - Sync 1 DAGs
[2021-11-28 09:52:17,747] {logging_mixin.py:109} INFO - [2021-11-28 09:52:17,747] {dag.py:2928} INFO - Setting next_dagrun for latest_only to 2021-11-28T05:52:17.746723+00:00
[2021-11-28 09:52:17,759] {processor.py:171} INFO - Processing /home/airflow/.local/lib/python3.7/site-packages/airflow/example_dags/example_latest_only.py took 0.070 seconds
[2021-11-28 09:52:47,957] {processor.py:163} INFO - Started process (PID=145) to work on /home/airflow/.local/lib/python3.7/site-packages/airflow/example_dags/example_latest_only.py
[2021-11-28 09:52:47,958] {processor.py:625} INFO - Processing file /home/airflow/.local/lib/python3.7/site-packages/airflow/example_dags/example_latest_only.py for tasks to queue
[2021-11-28 09:52:47,958] {logging_mixin.py:109} INFO - [2021-11-28 09:52:47,958] {dagbag.py:500} INFO - Filling up the DagBag from /home/airflow/.local/lib/python3.7/site-packages/airflow/example_dags/example_latest_only.py
[2021-11-28 09:52:47,974] {processor.py:637} INFO - DAG(s) dict_keys(['latest_only']) retrieved from /home/airflow/.local/lib/python3.7/site-packages/airflow/example_dags/example_latest_only.py
[2021-11-28 09:52:47,980] {logging_mixin.py:109} INFO - [2021-11-28 09:52:47,980] {dag.py:2396} INFO - Sync 1 DAGs
[2021-11-28 09:52:47,991] {logging_mixin.py:109} INFO - [2021-11-28 09:52:47,991] {dag.py:2928} INFO - Setting next_dagrun for latest_only to 2021-11-28T05:52:47.991361+00:00
[2021-11-28 09:52:47,999] {processor.py:171} INFO - Processing /home/airflow/.local/lib/python3.7/site-packages/airflow/example_dags/example_latest_only.py took 0.045 seconds
[2021-11-28 09:53:18,839] {processor.py:163} INFO - Started process (PID=205) to work on /home/airflow/.local/lib/python3.7/site-packages/airflow/example_dags/example_latest_only.py
[2021-11-28 09:53:18,840] {processor.py:625} INFO - Processing file /home/airflow/.local/lib/python3.7/site-packages/airflow/example_dags/example_latest_only.py for tasks to queue
[2021-11-28 09:53:18,841] {logging_mixin.py:109} INFO - [2021-11-28 09:53:18,840] {dagbag.py:500} INFO - Filling up the DagBag from /home/airflow/.local/lib/python3.7/site-packages/airflow/example_dags/example_latest_only.py
[2021-11-28 09:53:18,865] {processor.py:637} INFO - DAG(s) dict_keys(['latest_only']) retrieved from /home/airflow/.local/lib/python3.7/site-packages/airflow/example_dags/example_latest_only.py
[2021-11-28 09:53:18,875] {logging_mixin.py:109} INFO - [2021-11-28 09:53:18,875] {dag.py:2396} INFO - Sync 1 DAGs
[2021-11-28 09:53:18,895] {logging_mixin.py:109} INFO - [2021-11-28 09:53:18,895] {dag.py:2928} INFO - Setting next_dagrun for latest_only to 2021-11-28T05:53:18.894811+00:00
[2021-11-28 09:53:18,907] {processor.py:171} INFO - Processing /home/airflow/.local/lib/python3.7/site-packages/airflow/example_dags/example_latest_only.py took 0.071 seconds
[2021-11-28 09:58:33,352] {processor.py:163} INFO - Started process (PID=33) to work on /home/airflow/.local/lib/python3.7/site-packages/airflow/example_dags/example_latest_only.py
[2021-11-28 09:58:33,354] {processor.py:625} INFO - Processing file /home/airflow/.local/lib/python3.7/site-packages/airflow/example_dags/example_latest_only.py for tasks to queue
[2021-11-28 09:58:33,354] {logging_mixin.py:109} INFO - [2021-11-28 09:58:33,354] {dagbag.py:500} INFO - Filling up the DagBag from /home/airflow/.local/lib/python3.7/site-packages/airflow/example_dags/example_latest_only.py
[2021-11-28 09:58:33,380] {processor.py:637} INFO - DAG(s) dict_keys(['latest_only']) retrieved from /home/airflow/.local/lib/python3.7/site-packages/airflow/example_dags/example_latest_only.py
[2021-11-28 09:58:33,391] {logging_mixin.py:109} INFO - [2021-11-28 09:58:33,390] {dag.py:2396} INFO - Sync 1 DAGs
[2021-11-28 09:58:33,406] {logging_mixin.py:109} INFO - [2021-11-28 09:58:33,406] {dag.py:2928} INFO - Setting next_dagrun for latest_only to 2021-11-28T05:58:33.406192+00:00
[2021-11-28 09:58:33,418] {processor.py:171} INFO - Processing /home/airflow/.local/lib/python3.7/site-packages/airflow/example_dags/example_latest_only.py took 0.069 seconds
[2021-11-28 09:59:04,274] {processor.py:163} INFO - Started process (PID=93) to work on /home/airflow/.local/lib/python3.7/site-packages/airflow/example_dags/example_latest_only.py
[2021-11-28 09:59:04,275] {processor.py:625} INFO - Processing file /home/airflow/.local/lib/python3.7/site-packages/airflow/example_dags/example_latest_only.py for tasks to queue
[2021-11-28 09:59:04,276] {logging_mixin.py:109} INFO - [2021-11-28 09:59:04,276] {dagbag.py:500} INFO - Filling up the DagBag from /home/airflow/.local/lib/python3.7/site-packages/airflow/example_dags/example_latest_only.py
[2021-11-28 09:59:04,300] {processor.py:637} INFO - DAG(s) dict_keys(['latest_only']) retrieved from /home/airflow/.local/lib/python3.7/site-packages/airflow/example_dags/example_latest_only.py
[2021-11-28 09:59:04,311] {logging_mixin.py:109} INFO - [2021-11-28 09:59:04,311] {dag.py:2396} INFO - Sync 1 DAGs
[2021-11-28 09:59:04,331] {logging_mixin.py:109} INFO - [2021-11-28 09:59:04,331] {dag.py:2928} INFO - Setting next_dagrun for latest_only to 2021-11-28T05:59:04.330896+00:00
[2021-11-28 09:59:04,342] {processor.py:171} INFO - Processing /home/airflow/.local/lib/python3.7/site-packages/airflow/example_dags/example_latest_only.py took 0.071 seconds
[2021-11-28 09:59:35,094] {processor.py:163} INFO - Started process (PID=144) to work on /home/airflow/.local/lib/python3.7/site-packages/airflow/example_dags/example_latest_only.py
[2021-11-28 09:59:35,095] {processor.py:625} INFO - Processing file /home/airflow/.local/lib/python3.7/site-packages/airflow/example_dags/example_latest_only.py for tasks to queue
[2021-11-28 09:59:35,095] {logging_mixin.py:109} INFO - [2021-11-28 09:59:35,095] {dagbag.py:500} INFO - Filling up the DagBag from /home/airflow/.local/lib/python3.7/site-packages/airflow/example_dags/example_latest_only.py
[2021-11-28 09:59:35,119] {processor.py:637} INFO - DAG(s) dict_keys(['latest_only']) retrieved from /home/airflow/.local/lib/python3.7/site-packages/airflow/example_dags/example_latest_only.py
[2021-11-28 09:59:35,128] {logging_mixin.py:109} INFO - [2021-11-28 09:59:35,128] {dag.py:2396} INFO - Sync 1 DAGs
[2021-11-28 09:59:35,142] {logging_mixin.py:109} INFO - [2021-11-28 09:59:35,142] {dag.py:2928} INFO - Setting next_dagrun for latest_only to 2021-11-28T05:59:35.142036+00:00
[2021-11-28 09:59:35,150] {processor.py:171} INFO - Processing /home/airflow/.local/lib/python3.7/site-packages/airflow/example_dags/example_latest_only.py took 0.060 seconds
[2021-11-28 10:00:06,018] {processor.py:163} INFO - Started process (PID=204) to work on /home/airflow/.local/lib/python3.7/site-packages/airflow/example_dags/example_latest_only.py
[2021-11-28 10:00:06,019] {processor.py:625} INFO - Processing file /home/airflow/.local/lib/python3.7/site-packages/airflow/example_dags/example_latest_only.py for tasks to queue
[2021-11-28 10:00:06,019] {logging_mixin.py:109} INFO - [2021-11-28 10:00:06,019] {dagbag.py:500} INFO - Filling up the DagBag from /home/airflow/.local/lib/python3.7/site-packages/airflow/example_dags/example_latest_only.py
[2021-11-28 10:00:06,035] {processor.py:637} INFO - DAG(s) dict_keys(['latest_only']) retrieved from /home/airflow/.local/lib/python3.7/site-packages/airflow/example_dags/example_latest_only.py
[2021-11-28 10:00:06,045] {logging_mixin.py:109} INFO - [2021-11-28 10:00:06,045] {dag.py:2396} INFO - Sync 1 DAGs
[2021-11-28 10:00:06,063] {logging_mixin.py:109} INFO - [2021-11-28 10:00:06,062] {dag.py:2928} INFO - Setting next_dagrun for latest_only to 2021-11-28T06:00:06.062685+00:00
[2021-11-28 10:00:06,073] {processor.py:171} INFO - Processing /home/airflow/.local/lib/python3.7/site-packages/airflow/example_dags/example_latest_only.py took 0.057 seconds
[2021-11-28 10:00:36,879] {processor.py:163} INFO - Started process (PID=264) to work on /home/airflow/.local/lib/python3.7/site-packages/airflow/example_dags/example_latest_only.py
[2021-11-28 10:00:36,881] {processor.py:625} INFO - Processing file /home/airflow/.local/lib/python3.7/site-packages/airflow/example_dags/example_latest_only.py for tasks to queue
[2021-11-28 10:00:36,882] {logging_mixin.py:109} INFO - [2021-11-28 10:00:36,882] {dagbag.py:500} INFO - Filling up the DagBag from /home/airflow/.local/lib/python3.7/site-packages/airflow/example_dags/example_latest_only.py
[2021-11-28 10:00:36,907] {processor.py:637} INFO - DAG(s) dict_keys(['latest_only']) retrieved from /home/airflow/.local/lib/python3.7/site-packages/airflow/example_dags/example_latest_only.py
[2021-11-28 10:00:36,918] {logging_mixin.py:109} INFO - [2021-11-28 10:00:36,918] {dag.py:2396} INFO - Sync 1 DAGs
[2021-11-28 10:00:36,935] {logging_mixin.py:109} INFO - [2021-11-28 10:00:36,935] {dag.py:2928} INFO - Setting next_dagrun for latest_only to 2021-11-28T06:00:36.935521+00:00
[2021-11-28 10:00:36,946] {processor.py:171} INFO - Processing /home/airflow/.local/lib/python3.7/site-packages/airflow/example_dags/example_latest_only.py took 0.070 seconds
[2021-11-28 10:01:07,793] {processor.py:163} INFO - Started process (PID=315) to work on /home/airflow/.local/lib/python3.7/site-packages/airflow/example_dags/example_latest_only.py
[2021-11-28 10:01:07,794] {processor.py:625} INFO - Processing file /home/airflow/.local/lib/python3.7/site-packages/airflow/example_dags/example_latest_only.py for tasks to queue
[2021-11-28 10:01:07,795] {logging_mixin.py:109} INFO - [2021-11-28 10:01:07,795] {dagbag.py:500} INFO - Filling up the DagBag from /home/airflow/.local/lib/python3.7/site-packages/airflow/example_dags/example_latest_only.py
[2021-11-28 10:01:07,819] {processor.py:637} INFO - DAG(s) dict_keys(['latest_only']) retrieved from /home/airflow/.local/lib/python3.7/site-packages/airflow/example_dags/example_latest_only.py
[2021-11-28 10:01:07,829] {logging_mixin.py:109} INFO - [2021-11-28 10:01:07,829] {dag.py:2396} INFO - Sync 1 DAGs
[2021-11-28 10:01:07,848] {logging_mixin.py:109} INFO - [2021-11-28 10:01:07,848] {dag.py:2928} INFO - Setting next_dagrun for latest_only to 2021-11-28T06:01:07.847831+00:00
[2021-11-28 10:01:07,861] {processor.py:171} INFO - Processing /home/airflow/.local/lib/python3.7/site-packages/airflow/example_dags/example_latest_only.py took 0.070 seconds
[2021-11-28 10:01:38,708] {processor.py:163} INFO - Started process (PID=375) to work on /home/airflow/.local/lib/python3.7/site-packages/airflow/example_dags/example_latest_only.py
[2021-11-28 10:01:38,709] {processor.py:625} INFO - Processing file /home/airflow/.local/lib/python3.7/site-packages/airflow/example_dags/example_latest_only.py for tasks to queue
[2021-11-28 10:01:38,710] {logging_mixin.py:109} INFO - [2021-11-28 10:01:38,710] {dagbag.py:500} INFO - Filling up the DagBag from /home/airflow/.local/lib/python3.7/site-packages/airflow/example_dags/example_latest_only.py
[2021-11-28 10:01:38,733] {processor.py:637} INFO - DAG(s) dict_keys(['latest_only']) retrieved from /home/airflow/.local/lib/python3.7/site-packages/airflow/example_dags/example_latest_only.py
[2021-11-28 10:01:38,741] {logging_mixin.py:109} INFO - [2021-11-28 10:01:38,741] {dag.py:2396} INFO - Sync 1 DAGs
[2021-11-28 10:01:38,754] {logging_mixin.py:109} INFO - [2021-11-28 10:01:38,754] {dag.py:2928} INFO - Setting next_dagrun for latest_only to 2021-11-28T06:01:38.754168+00:00
[2021-11-28 10:01:38,764] {processor.py:171} INFO - Processing /home/airflow/.local/lib/python3.7/site-packages/airflow/example_dags/example_latest_only.py took 0.059 seconds
[2021-11-28 10:02:09,667] {processor.py:163} INFO - Started process (PID=426) to work on /home/airflow/.local/lib/python3.7/site-packages/airflow/example_dags/example_latest_only.py
[2021-11-28 10:02:09,668] {processor.py:625} INFO - Processing file /home/airflow/.local/lib/python3.7/site-packages/airflow/example_dags/example_latest_only.py for tasks to queue
[2021-11-28 10:02:09,669] {logging_mixin.py:109} INFO - [2021-11-28 10:02:09,669] {dagbag.py:500} INFO - Filling up the DagBag from /home/airflow/.local/lib/python3.7/site-packages/airflow/example_dags/example_latest_only.py
[2021-11-28 10:02:09,693] {processor.py:637} INFO - DAG(s) dict_keys(['latest_only']) retrieved from /home/airflow/.local/lib/python3.7/site-packages/airflow/example_dags/example_latest_only.py
[2021-11-28 10:02:09,704] {logging_mixin.py:109} INFO - [2021-11-28 10:02:09,704] {dag.py:2396} INFO - Sync 1 DAGs
[2021-11-28 10:02:09,723] {logging_mixin.py:109} INFO - [2021-11-28 10:02:09,723] {dag.py:2928} INFO - Setting next_dagrun for latest_only to 2021-11-28T06:02:09.722869+00:00
[2021-11-28 10:02:09,735] {processor.py:171} INFO - Processing /home/airflow/.local/lib/python3.7/site-packages/airflow/example_dags/example_latest_only.py took 0.072 seconds
[2021-11-28 10:02:40,597] {processor.py:163} INFO - Started process (PID=486) to work on /home/airflow/.local/lib/python3.7/site-packages/airflow/example_dags/example_latest_only.py
[2021-11-28 10:02:40,598] {processor.py:625} INFO - Processing file /home/airflow/.local/lib/python3.7/site-packages/airflow/example_dags/example_latest_only.py for tasks to queue
[2021-11-28 10:02:40,599] {logging_mixin.py:109} INFO - [2021-11-28 10:02:40,599] {dagbag.py:500} INFO - Filling up the DagBag from /home/airflow/.local/lib/python3.7/site-packages/airflow/example_dags/example_latest_only.py
[2021-11-28 10:02:40,624] {processor.py:637} INFO - DAG(s) dict_keys(['latest_only']) retrieved from /home/airflow/.local/lib/python3.7/site-packages/airflow/example_dags/example_latest_only.py
[2021-11-28 10:02:40,636] {logging_mixin.py:109} INFO - [2021-11-28 10:02:40,636] {dag.py:2396} INFO - Sync 1 DAGs
[2021-11-28 10:02:40,656] {logging_mixin.py:109} INFO - [2021-11-28 10:02:40,655] {dag.py:2928} INFO - Setting next_dagrun for latest_only to 2021-11-28T06:02:40.655684+00:00
[2021-11-28 10:02:40,673] {processor.py:171} INFO - Processing /home/airflow/.local/lib/python3.7/site-packages/airflow/example_dags/example_latest_only.py took 0.080 seconds
[2021-11-28 10:03:11,506] {processor.py:163} INFO - Started process (PID=546) to work on /home/airflow/.local/lib/python3.7/site-packages/airflow/example_dags/example_latest_only.py
[2021-11-28 10:03:11,507] {processor.py:625} INFO - Processing file /home/airflow/.local/lib/python3.7/site-packages/airflow/example_dags/example_latest_only.py for tasks to queue
[2021-11-28 10:03:11,507] {logging_mixin.py:109} INFO - [2021-11-28 10:03:11,507] {dagbag.py:500} INFO - Filling up the DagBag from /home/airflow/.local/lib/python3.7/site-packages/airflow/example_dags/example_latest_only.py
[2021-11-28 10:03:11,531] {processor.py:637} INFO - DAG(s) dict_keys(['latest_only']) retrieved from /home/airflow/.local/lib/python3.7/site-packages/airflow/example_dags/example_latest_only.py
[2021-11-28 10:03:11,540] {logging_mixin.py:109} INFO - [2021-11-28 10:03:11,540] {dag.py:2396} INFO - Sync 1 DAGs
[2021-11-28 10:03:11,558] {logging_mixin.py:109} INFO - [2021-11-28 10:03:11,558] {dag.py:2928} INFO - Setting next_dagrun for latest_only to 2021-11-28T06:03:11.558161+00:00
[2021-11-28 10:03:11,569] {processor.py:171} INFO - Processing /home/airflow/.local/lib/python3.7/site-packages/airflow/example_dags/example_latest_only.py took 0.066 seconds
[2021-11-28 10:03:42,471] {processor.py:163} INFO - Started process (PID=597) to work on /home/airflow/.local/lib/python3.7/site-packages/airflow/example_dags/example_latest_only.py
[2021-11-28 10:03:42,472] {processor.py:625} INFO - Processing file /home/airflow/.local/lib/python3.7/site-packages/airflow/example_dags/example_latest_only.py for tasks to queue
[2021-11-28 10:03:42,473] {logging_mixin.py:109} INFO - [2021-11-28 10:03:42,473] {dagbag.py:500} INFO - Filling up the DagBag from /home/airflow/.local/lib/python3.7/site-packages/airflow/example_dags/example_latest_only.py
[2021-11-28 10:03:42,496] {processor.py:637} INFO - DAG(s) dict_keys(['latest_only']) retrieved from /home/airflow/.local/lib/python3.7/site-packages/airflow/example_dags/example_latest_only.py
[2021-11-28 10:03:42,507] {logging_mixin.py:109} INFO - [2021-11-28 10:03:42,507] {dag.py:2396} INFO - Sync 1 DAGs
[2021-11-28 10:03:42,519] {logging_mixin.py:109} INFO - [2021-11-28 10:03:42,518] {dag.py:2928} INFO - Setting next_dagrun for latest_only to 2021-11-28T06:03:42.518760+00:00
[2021-11-28 10:03:42,527] {processor.py:171} INFO - Processing /home/airflow/.local/lib/python3.7/site-packages/airflow/example_dags/example_latest_only.py took 0.057 seconds
[2021-11-28 10:04:13,413] {processor.py:163} INFO - Started process (PID=657) to work on /home/airflow/.local/lib/python3.7/site-packages/airflow/example_dags/example_latest_only.py
[2021-11-28 10:04:13,414] {processor.py:625} INFO - Processing file /home/airflow/.local/lib/python3.7/site-packages/airflow/example_dags/example_latest_only.py for tasks to queue
[2021-11-28 10:04:13,415] {logging_mixin.py:109} INFO - [2021-11-28 10:04:13,415] {dagbag.py:500} INFO - Filling up the DagBag from /home/airflow/.local/lib/python3.7/site-packages/airflow/example_dags/example_latest_only.py
[2021-11-28 10:04:13,438] {processor.py:637} INFO - DAG(s) dict_keys(['latest_only']) retrieved from /home/airflow/.local/lib/python3.7/site-packages/airflow/example_dags/example_latest_only.py
[2021-11-28 10:04:13,447] {logging_mixin.py:109} INFO - [2021-11-28 10:04:13,447] {dag.py:2396} INFO - Sync 1 DAGs
[2021-11-28 10:04:13,465] {logging_mixin.py:109} INFO - [2021-11-28 10:04:13,465] {dag.py:2928} INFO - Setting next_dagrun for latest_only to 2021-11-28T06:04:13.464765+00:00
[2021-11-28 10:04:13,476] {processor.py:171} INFO - Processing /home/airflow/.local/lib/python3.7/site-packages/airflow/example_dags/example_latest_only.py took 0.065 seconds
[2021-11-28 10:04:44,397] {processor.py:163} INFO - Started process (PID=708) to work on /home/airflow/.local/lib/python3.7/site-packages/airflow/example_dags/example_latest_only.py
[2021-11-28 10:04:44,398] {processor.py:625} INFO - Processing file /home/airflow/.local/lib/python3.7/site-packages/airflow/example_dags/example_latest_only.py for tasks to queue
[2021-11-28 10:04:44,399] {logging_mixin.py:109} INFO - [2021-11-28 10:04:44,399] {dagbag.py:500} INFO - Filling up the DagBag from /home/airflow/.local/lib/python3.7/site-packages/airflow/example_dags/example_latest_only.py
[2021-11-28 10:04:44,418] {processor.py:637} INFO - DAG(s) dict_keys(['latest_only']) retrieved from /home/airflow/.local/lib/python3.7/site-packages/airflow/example_dags/example_latest_only.py
[2021-11-28 10:04:44,431] {logging_mixin.py:109} INFO - [2021-11-28 10:04:44,431] {dag.py:2396} INFO - Sync 1 DAGs
[2021-11-28 10:04:44,446] {logging_mixin.py:109} INFO - [2021-11-28 10:04:44,445] {dag.py:2928} INFO - Setting next_dagrun for latest_only to 2021-11-28T06:04:44.445716+00:00
[2021-11-28 10:04:44,455] {processor.py:171} INFO - Processing /home/airflow/.local/lib/python3.7/site-packages/airflow/example_dags/example_latest_only.py took 0.061 seconds
[2021-11-28 10:05:15,459] {processor.py:163} INFO - Started process (PID=768) to work on /home/airflow/.local/lib/python3.7/site-packages/airflow/example_dags/example_latest_only.py
[2021-11-28 10:05:15,460] {processor.py:625} INFO - Processing file /home/airflow/.local/lib/python3.7/site-packages/airflow/example_dags/example_latest_only.py for tasks to queue
[2021-11-28 10:05:15,461] {logging_mixin.py:109} INFO - [2021-11-28 10:05:15,461] {dagbag.py:500} INFO - Filling up the DagBag from /home/airflow/.local/lib/python3.7/site-packages/airflow/example_dags/example_latest_only.py
[2021-11-28 10:05:15,483] {processor.py:637} INFO - DAG(s) dict_keys(['latest_only']) retrieved from /home/airflow/.local/lib/python3.7/site-packages/airflow/example_dags/example_latest_only.py
[2021-11-28 10:05:15,493] {logging_mixin.py:109} INFO - [2021-11-28 10:05:15,493] {dag.py:2396} INFO - Sync 1 DAGs
[2021-11-28 10:05:15,511] {logging_mixin.py:109} INFO - [2021-11-28 10:05:15,511] {dag.py:2928} INFO - Setting next_dagrun for latest_only to 2021-11-28T06:05:15.510771+00:00
[2021-11-28 10:05:15,523] {processor.py:171} INFO - Processing /home/airflow/.local/lib/python3.7/site-packages/airflow/example_dags/example_latest_only.py took 0.067 seconds
[2021-11-28 10:05:46,505] {processor.py:163} INFO - Started process (PID=828) to work on /home/airflow/.local/lib/python3.7/site-packages/airflow/example_dags/example_latest_only.py
[2021-11-28 10:05:46,507] {processor.py:625} INFO - Processing file /home/airflow/.local/lib/python3.7/site-packages/airflow/example_dags/example_latest_only.py for tasks to queue
[2021-11-28 10:05:46,507] {logging_mixin.py:109} INFO - [2021-11-28 10:05:46,507] {dagbag.py:500} INFO - Filling up the DagBag from /home/airflow/.local/lib/python3.7/site-packages/airflow/example_dags/example_latest_only.py
[2021-11-28 10:05:46,531] {processor.py:637} INFO - DAG(s) dict_keys(['latest_only']) retrieved from /home/airflow/.local/lib/python3.7/site-packages/airflow/example_dags/example_latest_only.py
[2021-11-28 10:05:46,542] {logging_mixin.py:109} INFO - [2021-11-28 10:05:46,542] {dag.py:2396} INFO - Sync 1 DAGs
[2021-11-28 10:05:46,562] {logging_mixin.py:109} INFO - [2021-11-28 10:05:46,562] {dag.py:2928} INFO - Setting next_dagrun for latest_only to 2021-11-28T06:05:46.562415+00:00
[2021-11-28 10:05:46,573] {processor.py:171} INFO - Processing /home/airflow/.local/lib/python3.7/site-packages/airflow/example_dags/example_latest_only.py took 0.070 seconds
[2021-11-28 10:06:16,643] {processor.py:163} INFO - Started process (PID=878) to work on /home/airflow/.local/lib/python3.7/site-packages/airflow/example_dags/example_latest_only.py
[2021-11-28 10:06:16,643] {processor.py:625} INFO - Processing file /home/airflow/.local/lib/python3.7/site-packages/airflow/example_dags/example_latest_only.py for tasks to queue
[2021-11-28 10:06:16,644] {logging_mixin.py:109} INFO - [2021-11-28 10:06:16,644] {dagbag.py:500} INFO - Filling up the DagBag from /home/airflow/.local/lib/python3.7/site-packages/airflow/example_dags/example_latest_only.py
[2021-11-28 10:06:16,664] {processor.py:637} INFO - DAG(s) dict_keys(['latest_only']) retrieved from /home/airflow/.local/lib/python3.7/site-packages/airflow/example_dags/example_latest_only.py
[2021-11-28 10:06:16,671] {logging_mixin.py:109} INFO - [2021-11-28 10:06:16,671] {dag.py:2396} INFO - Sync 1 DAGs
[2021-11-28 10:06:16,687] {logging_mixin.py:109} INFO - [2021-11-28 10:06:16,687] {dag.py:2928} INFO - Setting next_dagrun for latest_only to 2021-11-28T06:06:16.687045+00:00
[2021-11-28 10:06:16,700] {processor.py:171} INFO - Processing /home/airflow/.local/lib/python3.7/site-packages/airflow/example_dags/example_latest_only.py took 0.059 seconds
[2021-11-28 10:06:47,313] {processor.py:163} INFO - Started process (PID=939) to work on /home/airflow/.local/lib/python3.7/site-packages/airflow/example_dags/example_latest_only.py
[2021-11-28 10:06:47,314] {processor.py:625} INFO - Processing file /home/airflow/.local/lib/python3.7/site-packages/airflow/example_dags/example_latest_only.py for tasks to queue
[2021-11-28 10:06:47,315] {logging_mixin.py:109} INFO - [2021-11-28 10:06:47,315] {dagbag.py:500} INFO - Filling up the DagBag from /home/airflow/.local/lib/python3.7/site-packages/airflow/example_dags/example_latest_only.py
[2021-11-28 10:06:47,331] {processor.py:637} INFO - DAG(s) dict_keys(['latest_only']) retrieved from /home/airflow/.local/lib/python3.7/site-packages/airflow/example_dags/example_latest_only.py
[2021-11-28 10:06:47,338] {logging_mixin.py:109} INFO - [2021-11-28 10:06:47,338] {dag.py:2396} INFO - Sync 1 DAGs
[2021-11-28 10:06:47,353] {logging_mixin.py:109} INFO - [2021-11-28 10:06:47,353] {dag.py:2928} INFO - Setting next_dagrun for latest_only to 2021-11-28T06:06:47.353145+00:00
[2021-11-28 10:06:47,437] {processor.py:171} INFO - Processing /home/airflow/.local/lib/python3.7/site-packages/airflow/example_dags/example_latest_only.py took 0.126 seconds
[2021-11-28 10:07:17,968] {processor.py:163} INFO - Started process (PID=990) to work on /home/airflow/.local/lib/python3.7/site-packages/airflow/example_dags/example_latest_only.py
[2021-11-28 10:07:17,969] {processor.py:625} INFO - Processing file /home/airflow/.local/lib/python3.7/site-packages/airflow/example_dags/example_latest_only.py for tasks to queue
[2021-11-28 10:07:17,970] {logging_mixin.py:109} INFO - [2021-11-28 10:07:17,970] {dagbag.py:500} INFO - Filling up the DagBag from /home/airflow/.local/lib/python3.7/site-packages/airflow/example_dags/example_latest_only.py
[2021-11-28 10:07:17,995] {processor.py:637} INFO - DAG(s) dict_keys(['latest_only']) retrieved from /home/airflow/.local/lib/python3.7/site-packages/airflow/example_dags/example_latest_only.py
[2021-11-28 10:07:18,008] {logging_mixin.py:109} INFO - [2021-11-28 10:07:18,007] {dag.py:2396} INFO - Sync 1 DAGs
[2021-11-28 10:07:18,092] {logging_mixin.py:109} INFO - [2021-11-28 10:07:18,092] {dag.py:2928} INFO - Setting next_dagrun for latest_only to 2021-11-28T06:07:18.091919+00:00
[2021-11-28 10:07:18,100] {processor.py:171} INFO - Processing /home/airflow/.local/lib/python3.7/site-packages/airflow/example_dags/example_latest_only.py took 0.135 seconds
[2021-11-28 10:07:48,810] {processor.py:163} INFO - Started process (PID=1050) to work on /home/airflow/.local/lib/python3.7/site-packages/airflow/example_dags/example_latest_only.py
[2021-11-28 10:07:48,812] {processor.py:625} INFO - Processing file /home/airflow/.local/lib/python3.7/site-packages/airflow/example_dags/example_latest_only.py for tasks to queue
[2021-11-28 10:07:48,812] {logging_mixin.py:109} INFO - [2021-11-28 10:07:48,812] {dagbag.py:500} INFO - Filling up the DagBag from /home/airflow/.local/lib/python3.7/site-packages/airflow/example_dags/example_latest_only.py
[2021-11-28 10:07:48,837] {processor.py:637} INFO - DAG(s) dict_keys(['latest_only']) retrieved from /home/airflow/.local/lib/python3.7/site-packages/airflow/example_dags/example_latest_only.py
[2021-11-28 10:07:48,852] {logging_mixin.py:109} INFO - [2021-11-28 10:07:48,852] {dag.py:2396} INFO - Sync 1 DAGs
[2021-11-28 10:07:48,929] {logging_mixin.py:109} INFO - [2021-11-28 10:07:48,929] {dag.py:2928} INFO - Setting next_dagrun for latest_only to 2021-11-28T06:07:48.929020+00:00
[2021-11-28 10:07:48,936] {processor.py:171} INFO - Processing /home/airflow/.local/lib/python3.7/site-packages/airflow/example_dags/example_latest_only.py took 0.129 seconds
[2021-11-28 10:08:19,617] {processor.py:163} INFO - Started process (PID=1110) to work on /home/airflow/.local/lib/python3.7/site-packages/airflow/example_dags/example_latest_only.py
[2021-11-28 10:08:19,618] {processor.py:625} INFO - Processing file /home/airflow/.local/lib/python3.7/site-packages/airflow/example_dags/example_latest_only.py for tasks to queue
[2021-11-28 10:08:19,619] {logging_mixin.py:109} INFO - [2021-11-28 10:08:19,619] {dagbag.py:500} INFO - Filling up the DagBag from /home/airflow/.local/lib/python3.7/site-packages/airflow/example_dags/example_latest_only.py
[2021-11-28 10:08:19,644] {processor.py:637} INFO - DAG(s) dict_keys(['latest_only']) retrieved from /home/airflow/.local/lib/python3.7/site-packages/airflow/example_dags/example_latest_only.py
[2021-11-28 10:08:19,653] {logging_mixin.py:109} INFO - [2021-11-28 10:08:19,653] {dag.py:2396} INFO - Sync 1 DAGs
[2021-11-28 10:08:19,735] {logging_mixin.py:109} INFO - [2021-11-28 10:08:19,735] {dag.py:2928} INFO - Setting next_dagrun for latest_only to 2021-11-28T06:08:19.735542+00:00
[2021-11-28 10:08:19,744] {processor.py:171} INFO - Processing /home/airflow/.local/lib/python3.7/site-packages/airflow/example_dags/example_latest_only.py took 0.131 seconds
[2021-11-28 10:08:50,425] {processor.py:163} INFO - Started process (PID=1161) to work on /home/airflow/.local/lib/python3.7/site-packages/airflow/example_dags/example_latest_only.py
[2021-11-28 10:08:50,426] {processor.py:625} INFO - Processing file /home/airflow/.local/lib/python3.7/site-packages/airflow/example_dags/example_latest_only.py for tasks to queue
[2021-11-28 10:08:50,427] {logging_mixin.py:109} INFO - [2021-11-28 10:08:50,427] {dagbag.py:500} INFO - Filling up the DagBag from /home/airflow/.local/lib/python3.7/site-packages/airflow/example_dags/example_latest_only.py
[2021-11-28 10:08:50,450] {processor.py:637} INFO - DAG(s) dict_keys(['latest_only']) retrieved from /home/airflow/.local/lib/python3.7/site-packages/airflow/example_dags/example_latest_only.py
[2021-11-28 10:08:50,523] {logging_mixin.py:109} INFO - [2021-11-28 10:08:50,523] {dag.py:2396} INFO - Sync 1 DAGs
[2021-11-28 10:08:50,534] {logging_mixin.py:109} INFO - [2021-11-28 10:08:50,534] {dag.py:2928} INFO - Setting next_dagrun for latest_only to 2021-11-28T06:08:50.533875+00:00
[2021-11-28 10:08:50,543] {processor.py:171} INFO - Processing /home/airflow/.local/lib/python3.7/site-packages/airflow/example_dags/example_latest_only.py took 0.121 seconds
[2021-11-28 10:09:21,195] {processor.py:163} INFO - Started process (PID=1221) to work on /home/airflow/.local/lib/python3.7/site-packages/airflow/example_dags/example_latest_only.py
[2021-11-28 10:09:21,196] {processor.py:625} INFO - Processing file /home/airflow/.local/lib/python3.7/site-packages/airflow/example_dags/example_latest_only.py for tasks to queue
[2021-11-28 10:09:21,196] {logging_mixin.py:109} INFO - [2021-11-28 10:09:21,196] {dagbag.py:500} INFO - Filling up the DagBag from /home/airflow/.local/lib/python3.7/site-packages/airflow/example_dags/example_latest_only.py
[2021-11-28 10:09:21,278] {processor.py:637} INFO - DAG(s) dict_keys(['latest_only']) retrieved from /home/airflow/.local/lib/python3.7/site-packages/airflow/example_dags/example_latest_only.py
[2021-11-28 10:09:21,284] {logging_mixin.py:109} INFO - [2021-11-28 10:09:21,284] {dag.py:2396} INFO - Sync 1 DAGs
[2021-11-28 10:09:21,296] {logging_mixin.py:109} INFO - [2021-11-28 10:09:21,296] {dag.py:2928} INFO - Setting next_dagrun for latest_only to 2021-11-28T06:09:21.296562+00:00
[2021-11-28 10:09:21,305] {processor.py:171} INFO - Processing /home/airflow/.local/lib/python3.7/site-packages/airflow/example_dags/example_latest_only.py took 0.112 seconds
[2021-11-28 10:09:51,985] {processor.py:163} INFO - Started process (PID=1272) to work on /home/airflow/.local/lib/python3.7/site-packages/airflow/example_dags/example_latest_only.py
[2021-11-28 10:09:51,986] {processor.py:625} INFO - Processing file /home/airflow/.local/lib/python3.7/site-packages/airflow/example_dags/example_latest_only.py for tasks to queue
[2021-11-28 10:09:51,987] {logging_mixin.py:109} INFO - [2021-11-28 10:09:51,986] {dagbag.py:500} INFO - Filling up the DagBag from /home/airflow/.local/lib/python3.7/site-packages/airflow/example_dags/example_latest_only.py
[2021-11-28 10:09:52,068] {processor.py:637} INFO - DAG(s) dict_keys(['latest_only']) retrieved from /home/airflow/.local/lib/python3.7/site-packages/airflow/example_dags/example_latest_only.py
[2021-11-28 10:09:52,073] {logging_mixin.py:109} INFO - [2021-11-28 10:09:52,073] {dag.py:2396} INFO - Sync 1 DAGs
[2021-11-28 10:09:52,083] {logging_mixin.py:109} INFO - [2021-11-28 10:09:52,083] {dag.py:2928} INFO - Setting next_dagrun for latest_only to 2021-11-28T06:09:52.083210+00:00
[2021-11-28 10:09:52,090] {processor.py:171} INFO - Processing /home/airflow/.local/lib/python3.7/site-packages/airflow/example_dags/example_latest_only.py took 0.107 seconds
[2021-11-28 10:10:22,658] {processor.py:163} INFO - Started process (PID=1332) to work on /home/airflow/.local/lib/python3.7/site-packages/airflow/example_dags/example_latest_only.py
[2021-11-28 10:10:22,662] {processor.py:625} INFO - Processing file /home/airflow/.local/lib/python3.7/site-packages/airflow/example_dags/example_latest_only.py for tasks to queue
[2021-11-28 10:10:22,662] {logging_mixin.py:109} INFO - [2021-11-28 10:10:22,662] {dagbag.py:500} INFO - Filling up the DagBag from /home/airflow/.local/lib/python3.7/site-packages/airflow/example_dags/example_latest_only.py
[2021-11-28 10:10:22,738] {processor.py:637} INFO - DAG(s) dict_keys(['latest_only']) retrieved from /home/airflow/.local/lib/python3.7/site-packages/airflow/example_dags/example_latest_only.py
[2021-11-28 10:10:22,744] {logging_mixin.py:109} INFO - [2021-11-28 10:10:22,744] {dag.py:2396} INFO - Sync 1 DAGs
[2021-11-28 10:10:22,755] {logging_mixin.py:109} INFO - [2021-11-28 10:10:22,755] {dag.py:2928} INFO - Setting next_dagrun for latest_only to 2021-11-28T06:10:22.755234+00:00
[2021-11-28 10:10:22,763] {processor.py:171} INFO - Processing /home/airflow/.local/lib/python3.7/site-packages/airflow/example_dags/example_latest_only.py took 0.107 seconds
[2021-11-28 10:10:53,312] {processor.py:163} INFO - Started process (PID=1383) to work on /home/airflow/.local/lib/python3.7/site-packages/airflow/example_dags/example_latest_only.py
[2021-11-28 10:10:53,313] {processor.py:625} INFO - Processing file /home/airflow/.local/lib/python3.7/site-packages/airflow/example_dags/example_latest_only.py for tasks to queue
[2021-11-28 10:10:53,314] {logging_mixin.py:109} INFO - [2021-11-28 10:10:53,314] {dagbag.py:500} INFO - Filling up the DagBag from /home/airflow/.local/lib/python3.7/site-packages/airflow/example_dags/example_latest_only.py
[2021-11-28 10:10:53,330] {processor.py:637} INFO - DAG(s) dict_keys(['latest_only']) retrieved from /home/airflow/.local/lib/python3.7/site-packages/airflow/example_dags/example_latest_only.py
[2021-11-28 10:10:53,339] {logging_mixin.py:109} INFO - [2021-11-28 10:10:53,339] {dag.py:2396} INFO - Sync 1 DAGs
[2021-11-28 10:10:53,355] {logging_mixin.py:109} INFO - [2021-11-28 10:10:53,355] {dag.py:2928} INFO - Setting next_dagrun for latest_only to 2021-11-28T06:10:53.354917+00:00
[2021-11-28 10:10:53,364] {processor.py:171} INFO - Processing /home/airflow/.local/lib/python3.7/site-packages/airflow/example_dags/example_latest_only.py took 0.053 seconds
[2021-11-28 10:11:24,199] {processor.py:163} INFO - Started process (PID=1443) to work on /home/airflow/.local/lib/python3.7/site-packages/airflow/example_dags/example_latest_only.py
[2021-11-28 10:11:24,201] {processor.py:625} INFO - Processing file /home/airflow/.local/lib/python3.7/site-packages/airflow/example_dags/example_latest_only.py for tasks to queue
[2021-11-28 10:11:24,201] {logging_mixin.py:109} INFO - [2021-11-28 10:11:24,201] {dagbag.py:500} INFO - Filling up the DagBag from /home/airflow/.local/lib/python3.7/site-packages/airflow/example_dags/example_latest_only.py
[2021-11-28 10:11:24,223] {processor.py:637} INFO - DAG(s) dict_keys(['latest_only']) retrieved from /home/airflow/.local/lib/python3.7/site-packages/airflow/example_dags/example_latest_only.py
[2021-11-28 10:11:24,233] {logging_mixin.py:109} INFO - [2021-11-28 10:11:24,233] {dag.py:2396} INFO - Sync 1 DAGs
[2021-11-28 10:11:24,251] {logging_mixin.py:109} INFO - [2021-11-28 10:11:24,251] {dag.py:2928} INFO - Setting next_dagrun for latest_only to 2021-11-28T06:11:24.251020+00:00
[2021-11-28 10:11:24,262] {processor.py:171} INFO - Processing /home/airflow/.local/lib/python3.7/site-packages/airflow/example_dags/example_latest_only.py took 0.065 seconds
[2021-11-28 10:11:54,941] {processor.py:163} INFO - Started process (PID=1503) to work on /home/airflow/.local/lib/python3.7/site-packages/airflow/example_dags/example_latest_only.py
[2021-11-28 10:11:54,942] {processor.py:625} INFO - Processing file /home/airflow/.local/lib/python3.7/site-packages/airflow/example_dags/example_latest_only.py for tasks to queue
[2021-11-28 10:11:54,942] {logging_mixin.py:109} INFO - [2021-11-28 10:11:54,942] {dagbag.py:500} INFO - Filling up the DagBag from /home/airflow/.local/lib/python3.7/site-packages/airflow/example_dags/example_latest_only.py
[2021-11-28 10:11:54,959] {processor.py:637} INFO - DAG(s) dict_keys(['latest_only']) retrieved from /home/airflow/.local/lib/python3.7/site-packages/airflow/example_dags/example_latest_only.py
[2021-11-28 10:11:54,965] {logging_mixin.py:109} INFO - [2021-11-28 10:11:54,965] {dag.py:2396} INFO - Sync 1 DAGs
[2021-11-28 10:11:54,978] {logging_mixin.py:109} INFO - [2021-11-28 10:11:54,978] {dag.py:2928} INFO - Setting next_dagrun for latest_only to 2021-11-28T06:11:54.978116+00:00
[2021-11-28 10:11:54,986] {processor.py:171} INFO - Processing /home/airflow/.local/lib/python3.7/site-packages/airflow/example_dags/example_latest_only.py took 0.047 seconds
[2021-11-28 10:12:25,640] {processor.py:163} INFO - Started process (PID=1554) to work on /home/airflow/.local/lib/python3.7/site-packages/airflow/example_dags/example_latest_only.py
[2021-11-28 10:12:25,642] {processor.py:625} INFO - Processing file /home/airflow/.local/lib/python3.7/site-packages/airflow/example_dags/example_latest_only.py for tasks to queue
[2021-11-28 10:12:25,642] {logging_mixin.py:109} INFO - [2021-11-28 10:12:25,642] {dagbag.py:500} INFO - Filling up the DagBag from /home/airflow/.local/lib/python3.7/site-packages/airflow/example_dags/example_latest_only.py
[2021-11-28 10:12:25,668] {processor.py:637} INFO - DAG(s) dict_keys(['latest_only']) retrieved from /home/airflow/.local/lib/python3.7/site-packages/airflow/example_dags/example_latest_only.py
[2021-11-28 10:12:25,680] {logging_mixin.py:109} INFO - [2021-11-28 10:12:25,680] {dag.py:2396} INFO - Sync 1 DAGs
[2021-11-28 10:12:25,698] {logging_mixin.py:109} INFO - [2021-11-28 10:12:25,697] {dag.py:2928} INFO - Setting next_dagrun for latest_only to 2021-11-28T06:12:25.697707+00:00
[2021-11-28 10:12:25,709] {processor.py:171} INFO - Processing /home/airflow/.local/lib/python3.7/site-packages/airflow/example_dags/example_latest_only.py took 0.072 seconds
[2021-11-28 10:12:56,399] {processor.py:163} INFO - Started process (PID=1614) to work on /home/airflow/.local/lib/python3.7/site-packages/airflow/example_dags/example_latest_only.py
[2021-11-28 10:12:56,400] {processor.py:625} INFO - Processing file /home/airflow/.local/lib/python3.7/site-packages/airflow/example_dags/example_latest_only.py for tasks to queue
[2021-11-28 10:12:56,400] {logging_mixin.py:109} INFO - [2021-11-28 10:12:56,400] {dagbag.py:500} INFO - Filling up the DagBag from /home/airflow/.local/lib/python3.7/site-packages/airflow/example_dags/example_latest_only.py
[2021-11-28 10:12:56,423] {processor.py:637} INFO - DAG(s) dict_keys(['latest_only']) retrieved from /home/airflow/.local/lib/python3.7/site-packages/airflow/example_dags/example_latest_only.py
[2021-11-28 10:12:56,434] {logging_mixin.py:109} INFO - [2021-11-28 10:12:56,434] {dag.py:2396} INFO - Sync 1 DAGs
[2021-11-28 10:12:56,453] {logging_mixin.py:109} INFO - [2021-11-28 10:12:56,452] {dag.py:2928} INFO - Setting next_dagrun for latest_only to 2021-11-28T06:12:56.452648+00:00
[2021-11-28 10:12:56,465] {processor.py:171} INFO - Processing /home/airflow/.local/lib/python3.7/site-packages/airflow/example_dags/example_latest_only.py took 0.069 seconds
[2021-11-28 10:13:27,163] {processor.py:163} INFO - Started process (PID=1665) to work on /home/airflow/.local/lib/python3.7/site-packages/airflow/example_dags/example_latest_only.py
[2021-11-28 10:13:27,166] {processor.py:625} INFO - Processing file /home/airflow/.local/lib/python3.7/site-packages/airflow/example_dags/example_latest_only.py for tasks to queue
[2021-11-28 10:13:27,167] {logging_mixin.py:109} INFO - [2021-11-28 10:13:27,167] {dagbag.py:500} INFO - Filling up the DagBag from /home/airflow/.local/lib/python3.7/site-packages/airflow/example_dags/example_latest_only.py
[2021-11-28 10:13:27,191] {processor.py:637} INFO - DAG(s) dict_keys(['latest_only']) retrieved from /home/airflow/.local/lib/python3.7/site-packages/airflow/example_dags/example_latest_only.py
[2021-11-28 10:13:27,202] {logging_mixin.py:109} INFO - [2021-11-28 10:13:27,202] {dag.py:2396} INFO - Sync 1 DAGs
[2021-11-28 10:13:27,221] {logging_mixin.py:109} INFO - [2021-11-28 10:13:27,221] {dag.py:2928} INFO - Setting next_dagrun for latest_only to 2021-11-28T06:13:27.221066+00:00
[2021-11-28 10:13:27,234] {processor.py:171} INFO - Processing /home/airflow/.local/lib/python3.7/site-packages/airflow/example_dags/example_latest_only.py took 0.074 seconds
[2021-11-28 10:13:58,026] {processor.py:163} INFO - Started process (PID=1725) to work on /home/airflow/.local/lib/python3.7/site-packages/airflow/example_dags/example_latest_only.py
[2021-11-28 10:13:58,027] {processor.py:625} INFO - Processing file /home/airflow/.local/lib/python3.7/site-packages/airflow/example_dags/example_latest_only.py for tasks to queue
[2021-11-28 10:13:58,027] {logging_mixin.py:109} INFO - [2021-11-28 10:13:58,027] {dagbag.py:500} INFO - Filling up the DagBag from /home/airflow/.local/lib/python3.7/site-packages/airflow/example_dags/example_latest_only.py
[2021-11-28 10:13:58,050] {processor.py:637} INFO - DAG(s) dict_keys(['latest_only']) retrieved from /home/airflow/.local/lib/python3.7/site-packages/airflow/example_dags/example_latest_only.py
[2021-11-28 10:13:58,061] {logging_mixin.py:109} INFO - [2021-11-28 10:13:58,060] {dag.py:2396} INFO - Sync 1 DAGs
[2021-11-28 10:13:58,078] {logging_mixin.py:109} INFO - [2021-11-28 10:13:58,078] {dag.py:2928} INFO - Setting next_dagrun for latest_only to 2021-11-28T06:13:58.078124+00:00
[2021-11-28 10:13:58,088] {processor.py:171} INFO - Processing /home/airflow/.local/lib/python3.7/site-packages/airflow/example_dags/example_latest_only.py took 0.065 seconds
[2021-11-28 10:14:28,795] {processor.py:163} INFO - Started process (PID=1786) to work on /home/airflow/.local/lib/python3.7/site-packages/airflow/example_dags/example_latest_only.py
[2021-11-28 10:14:28,796] {processor.py:625} INFO - Processing file /home/airflow/.local/lib/python3.7/site-packages/airflow/example_dags/example_latest_only.py for tasks to queue
[2021-11-28 10:14:28,796] {logging_mixin.py:109} INFO - [2021-11-28 10:14:28,796] {dagbag.py:500} INFO - Filling up the DagBag from /home/airflow/.local/lib/python3.7/site-packages/airflow/example_dags/example_latest_only.py
[2021-11-28 10:14:28,818] {processor.py:637} INFO - DAG(s) dict_keys(['latest_only']) retrieved from /home/airflow/.local/lib/python3.7/site-packages/airflow/example_dags/example_latest_only.py
[2021-11-28 10:14:28,826] {logging_mixin.py:109} INFO - [2021-11-28 10:14:28,826] {dag.py:2396} INFO - Sync 1 DAGs
[2021-11-28 10:14:28,839] {logging_mixin.py:109} INFO - [2021-11-28 10:14:28,839] {dag.py:2928} INFO - Setting next_dagrun for latest_only to 2021-11-28T06:14:28.839590+00:00
[2021-11-28 10:14:28,849] {processor.py:171} INFO - Processing /home/airflow/.local/lib/python3.7/site-packages/airflow/example_dags/example_latest_only.py took 0.057 seconds
[2021-11-28 10:14:59,565] {processor.py:163} INFO - Started process (PID=1837) to work on /home/airflow/.local/lib/python3.7/site-packages/airflow/example_dags/example_latest_only.py
[2021-11-28 10:14:59,566] {processor.py:625} INFO - Processing file /home/airflow/.local/lib/python3.7/site-packages/airflow/example_dags/example_latest_only.py for tasks to queue
[2021-11-28 10:14:59,566] {logging_mixin.py:109} INFO - [2021-11-28 10:14:59,566] {dagbag.py:500} INFO - Filling up the DagBag from /home/airflow/.local/lib/python3.7/site-packages/airflow/example_dags/example_latest_only.py
[2021-11-28 10:14:59,581] {processor.py:637} INFO - DAG(s) dict_keys(['latest_only']) retrieved from /home/airflow/.local/lib/python3.7/site-packages/airflow/example_dags/example_latest_only.py
[2021-11-28 10:14:59,588] {logging_mixin.py:109} INFO - [2021-11-28 10:14:59,588] {dag.py:2396} INFO - Sync 1 DAGs
[2021-11-28 10:14:59,600] {logging_mixin.py:109} INFO - [2021-11-28 10:14:59,600] {dag.py:2928} INFO - Setting next_dagrun for latest_only to 2021-11-28T06:14:59.600306+00:00
[2021-11-28 10:14:59,609] {processor.py:171} INFO - Processing /home/airflow/.local/lib/python3.7/site-packages/airflow/example_dags/example_latest_only.py took 0.046 seconds
[2021-11-28 10:15:30,297] {processor.py:163} INFO - Started process (PID=1897) to work on /home/airflow/.local/lib/python3.7/site-packages/airflow/example_dags/example_latest_only.py
[2021-11-28 10:15:30,299] {processor.py:625} INFO - Processing file /home/airflow/.local/lib/python3.7/site-packages/airflow/example_dags/example_latest_only.py for tasks to queue
[2021-11-28 10:15:30,299] {logging_mixin.py:109} INFO - [2021-11-28 10:15:30,299] {dagbag.py:500} INFO - Filling up the DagBag from /home/airflow/.local/lib/python3.7/site-packages/airflow/example_dags/example_latest_only.py
[2021-11-28 10:15:30,322] {processor.py:637} INFO - DAG(s) dict_keys(['latest_only']) retrieved from /home/airflow/.local/lib/python3.7/site-packages/airflow/example_dags/example_latest_only.py
[2021-11-28 10:15:30,332] {logging_mixin.py:109} INFO - [2021-11-28 10:15:30,332] {dag.py:2396} INFO - Sync 1 DAGs
[2021-11-28 10:15:30,350] {logging_mixin.py:109} INFO - [2021-11-28 10:15:30,350] {dag.py:2928} INFO - Setting next_dagrun for latest_only to 2021-11-28T06:15:30.350299+00:00
[2021-11-28 10:15:30,361] {processor.py:171} INFO - Processing /home/airflow/.local/lib/python3.7/site-packages/airflow/example_dags/example_latest_only.py took 0.066 seconds
[2021-11-28 10:16:00,970] {processor.py:163} INFO - Started process (PID=1948) to work on /home/airflow/.local/lib/python3.7/site-packages/airflow/example_dags/example_latest_only.py
[2021-11-28 10:16:00,971] {processor.py:625} INFO - Processing file /home/airflow/.local/lib/python3.7/site-packages/airflow/example_dags/example_latest_only.py for tasks to queue
[2021-11-28 10:16:00,972] {logging_mixin.py:109} INFO - [2021-11-28 10:16:00,972] {dagbag.py:500} INFO - Filling up the DagBag from /home/airflow/.local/lib/python3.7/site-packages/airflow/example_dags/example_latest_only.py
[2021-11-28 10:16:00,992] {processor.py:637} INFO - DAG(s) dict_keys(['latest_only']) retrieved from /home/airflow/.local/lib/python3.7/site-packages/airflow/example_dags/example_latest_only.py
[2021-11-28 10:16:01,000] {logging_mixin.py:109} INFO - [2021-11-28 10:16:01,000] {dag.py:2396} INFO - Sync 1 DAGs
[2021-11-28 10:16:01,013] {logging_mixin.py:109} INFO - [2021-11-28 10:16:01,013] {dag.py:2928} INFO - Setting next_dagrun for latest_only to 2021-11-28T06:16:01.013359+00:00
[2021-11-28 10:16:01,025] {processor.py:171} INFO - Processing /home/airflow/.local/lib/python3.7/site-packages/airflow/example_dags/example_latest_only.py took 0.057 seconds
[2021-11-28 10:16:31,736] {processor.py:163} INFO - Started process (PID=2009) to work on /home/airflow/.local/lib/python3.7/site-packages/airflow/example_dags/example_latest_only.py
[2021-11-28 10:16:31,737] {processor.py:625} INFO - Processing file /home/airflow/.local/lib/python3.7/site-packages/airflow/example_dags/example_latest_only.py for tasks to queue
[2021-11-28 10:16:31,737] {logging_mixin.py:109} INFO - [2021-11-28 10:16:31,737] {dagbag.py:500} INFO - Filling up the DagBag from /home/airflow/.local/lib/python3.7/site-packages/airflow/example_dags/example_latest_only.py
[2021-11-28 10:16:31,755] {processor.py:637} INFO - DAG(s) dict_keys(['latest_only']) retrieved from /home/airflow/.local/lib/python3.7/site-packages/airflow/example_dags/example_latest_only.py
[2021-11-28 10:16:31,765] {logging_mixin.py:109} INFO - [2021-11-28 10:16:31,765] {dag.py:2396} INFO - Sync 1 DAGs
[2021-11-28 10:16:31,782] {logging_mixin.py:109} INFO - [2021-11-28 10:16:31,782] {dag.py:2928} INFO - Setting next_dagrun for latest_only to 2021-11-28T06:16:31.782299+00:00
[2021-11-28 10:16:31,793] {processor.py:171} INFO - Processing /home/airflow/.local/lib/python3.7/site-packages/airflow/example_dags/example_latest_only.py took 0.059 seconds
[2021-11-28 10:17:02,414] {processor.py:163} INFO - Started process (PID=2069) to work on /home/airflow/.local/lib/python3.7/site-packages/airflow/example_dags/example_latest_only.py
[2021-11-28 10:17:02,416] {processor.py:625} INFO - Processing file /home/airflow/.local/lib/python3.7/site-packages/airflow/example_dags/example_latest_only.py for tasks to queue
[2021-11-28 10:17:02,416] {logging_mixin.py:109} INFO - [2021-11-28 10:17:02,416] {dagbag.py:500} INFO - Filling up the DagBag from /home/airflow/.local/lib/python3.7/site-packages/airflow/example_dags/example_latest_only.py
[2021-11-28 10:17:02,441] {processor.py:637} INFO - DAG(s) dict_keys(['latest_only']) retrieved from /home/airflow/.local/lib/python3.7/site-packages/airflow/example_dags/example_latest_only.py
[2021-11-28 10:17:02,456] {logging_mixin.py:109} INFO - [2021-11-28 10:17:02,456] {dag.py:2396} INFO - Sync 1 DAGs
[2021-11-28 10:17:02,477] {logging_mixin.py:109} INFO - [2021-11-28 10:17:02,477] {dag.py:2928} INFO - Setting next_dagrun for latest_only to 2021-11-28T06:17:02.477481+00:00
[2021-11-28 10:17:02,487] {processor.py:171} INFO - Processing /home/airflow/.local/lib/python3.7/site-packages/airflow/example_dags/example_latest_only.py took 0.075 seconds
[2021-11-28 10:17:33,147] {processor.py:163} INFO - Started process (PID=2120) to work on /home/airflow/.local/lib/python3.7/site-packages/airflow/example_dags/example_latest_only.py
[2021-11-28 10:17:33,148] {processor.py:625} INFO - Processing file /home/airflow/.local/lib/python3.7/site-packages/airflow/example_dags/example_latest_only.py for tasks to queue
[2021-11-28 10:17:33,149] {logging_mixin.py:109} INFO - [2021-11-28 10:17:33,148] {dagbag.py:500} INFO - Filling up the DagBag from /home/airflow/.local/lib/python3.7/site-packages/airflow/example_dags/example_latest_only.py
[2021-11-28 10:17:33,171] {processor.py:637} INFO - DAG(s) dict_keys(['latest_only']) retrieved from /home/airflow/.local/lib/python3.7/site-packages/airflow/example_dags/example_latest_only.py
[2021-11-28 10:17:33,180] {logging_mixin.py:109} INFO - [2021-11-28 10:17:33,180] {dag.py:2396} INFO - Sync 1 DAGs
[2021-11-28 10:17:33,192] {logging_mixin.py:109} INFO - [2021-11-28 10:17:33,192] {dag.py:2928} INFO - Setting next_dagrun for latest_only to 2021-11-28T06:17:33.192195+00:00
[2021-11-28 10:17:33,200] {processor.py:171} INFO - Processing /home/airflow/.local/lib/python3.7/site-packages/airflow/example_dags/example_latest_only.py took 0.056 seconds
