[2021-11-28 09:44:53,905] {processor.py:163} INFO - Started process (PID=118) to work on /home/airflow/.local/lib/python3.7/site-packages/airflow/example_dags/example_task_group_decorator.py
[2021-11-28 09:44:53,906] {processor.py:625} INFO - Processing file /home/airflow/.local/lib/python3.7/site-packages/airflow/example_dags/example_task_group_decorator.py for tasks to queue
[2021-11-28 09:44:53,906] {logging_mixin.py:109} INFO - [2021-11-28 09:44:53,906] {dagbag.py:500} INFO - Filling up the DagBag from /home/airflow/.local/lib/python3.7/site-packages/airflow/example_dags/example_task_group_decorator.py
[2021-11-28 09:44:53,951] {processor.py:637} INFO - DAG(s) dict_keys(['example_task_group_decorator']) retrieved from /home/airflow/.local/lib/python3.7/site-packages/airflow/example_dags/example_task_group_decorator.py
[2021-11-28 09:44:54,988] {logging_mixin.py:109} INFO - [2021-11-28 09:44:54,988] {providers_manager.py:156} WARNING - Exception when importing 'airflow.providers.google.leveldb.hooks.leveldb.LevelDBHook' from 'apache-airflow-providers-google' package: No module named 'plyvel'
[2021-11-28 09:44:55,293] {logging_mixin.py:109} INFO - [2021-11-28 09:44:55,293] {providers_manager.py:156} WARNING - Exception when importing 'airflow.providers.google.leveldb.hooks.leveldb.LevelDBHook' from 'apache-airflow-providers-google' package: No module named 'plyvel'
[2021-11-28 09:44:55,326] {logging_mixin.py:109} INFO - [2021-11-28 09:44:55,326] {manager.py:496} INFO - Created Permission View: can read on DAG:example_task_group_decorator
[2021-11-28 09:44:55,343] {logging_mixin.py:109} INFO - [2021-11-28 09:44:55,343] {manager.py:496} INFO - Created Permission View: can edit on DAG:example_task_group_decorator
[2021-11-28 09:44:55,344] {logging_mixin.py:109} INFO - [2021-11-28 09:44:55,343] {dag.py:2396} INFO - Sync 1 DAGs
[2021-11-28 09:44:55,351] {logging_mixin.py:109} INFO - [2021-11-28 09:44:55,351] {dag.py:2415} INFO - Creating ORM DAG for example_task_group_decorator
[2021-11-28 09:44:55,357] {logging_mixin.py:109} INFO - [2021-11-28 09:44:55,357] {dag.py:2928} INFO - Setting next_dagrun for example_task_group_decorator to 2021-11-27T09:44:55.357312+00:00
[2021-11-28 09:44:55,379] {processor.py:171} INFO - Processing /home/airflow/.local/lib/python3.7/site-packages/airflow/example_dags/example_task_group_decorator.py took 1.477 seconds
[2021-11-28 09:45:26,057] {processor.py:163} INFO - Started process (PID=479) to work on /home/airflow/.local/lib/python3.7/site-packages/airflow/example_dags/example_task_group_decorator.py
[2021-11-28 09:45:26,058] {processor.py:625} INFO - Processing file /home/airflow/.local/lib/python3.7/site-packages/airflow/example_dags/example_task_group_decorator.py for tasks to queue
[2021-11-28 09:45:26,058] {logging_mixin.py:109} INFO - [2021-11-28 09:45:26,058] {dagbag.py:500} INFO - Filling up the DagBag from /home/airflow/.local/lib/python3.7/site-packages/airflow/example_dags/example_task_group_decorator.py
[2021-11-28 09:45:26,105] {processor.py:637} INFO - DAG(s) dict_keys(['example_task_group_decorator']) retrieved from /home/airflow/.local/lib/python3.7/site-packages/airflow/example_dags/example_task_group_decorator.py
[2021-11-28 09:45:26,320] {logging_mixin.py:109} INFO - [2021-11-28 09:45:26,320] {dag.py:2396} INFO - Sync 1 DAGs
[2021-11-28 09:45:26,329] {logging_mixin.py:109} INFO - [2021-11-28 09:45:26,329] {dag.py:2928} INFO - Setting next_dagrun for example_task_group_decorator to 2021-11-27T09:45:26.329530+00:00
[2021-11-28 09:45:26,338] {processor.py:171} INFO - Processing /home/airflow/.local/lib/python3.7/site-packages/airflow/example_dags/example_task_group_decorator.py took 0.284 seconds
[2021-11-28 09:45:56,841] {processor.py:163} INFO - Started process (PID=530) to work on /home/airflow/.local/lib/python3.7/site-packages/airflow/example_dags/example_task_group_decorator.py
[2021-11-28 09:45:56,842] {processor.py:625} INFO - Processing file /home/airflow/.local/lib/python3.7/site-packages/airflow/example_dags/example_task_group_decorator.py for tasks to queue
[2021-11-28 09:45:56,842] {logging_mixin.py:109} INFO - [2021-11-28 09:45:56,842] {dagbag.py:500} INFO - Filling up the DagBag from /home/airflow/.local/lib/python3.7/site-packages/airflow/example_dags/example_task_group_decorator.py
[2021-11-28 09:45:56,870] {processor.py:637} INFO - DAG(s) dict_keys(['example_task_group_decorator']) retrieved from /home/airflow/.local/lib/python3.7/site-packages/airflow/example_dags/example_task_group_decorator.py
[2021-11-28 09:45:57,065] {logging_mixin.py:109} INFO - [2021-11-28 09:45:57,065] {dag.py:2396} INFO - Sync 1 DAGs
[2021-11-28 09:45:57,075] {logging_mixin.py:109} INFO - [2021-11-28 09:45:57,075] {dag.py:2928} INFO - Setting next_dagrun for example_task_group_decorator to 2021-11-27T09:45:57.075147+00:00
[2021-11-28 09:45:57,084] {processor.py:171} INFO - Processing /home/airflow/.local/lib/python3.7/site-packages/airflow/example_dags/example_task_group_decorator.py took 0.246 seconds
[2021-11-28 09:46:27,121] {processor.py:163} INFO - Started process (PID=590) to work on /home/airflow/.local/lib/python3.7/site-packages/airflow/example_dags/example_task_group_decorator.py
[2021-11-28 09:46:27,122] {processor.py:625} INFO - Processing file /home/airflow/.local/lib/python3.7/site-packages/airflow/example_dags/example_task_group_decorator.py for tasks to queue
[2021-11-28 09:46:27,122] {logging_mixin.py:109} INFO - [2021-11-28 09:46:27,122] {dagbag.py:500} INFO - Filling up the DagBag from /home/airflow/.local/lib/python3.7/site-packages/airflow/example_dags/example_task_group_decorator.py
[2021-11-28 09:46:27,151] {processor.py:637} INFO - DAG(s) dict_keys(['example_task_group_decorator']) retrieved from /home/airflow/.local/lib/python3.7/site-packages/airflow/example_dags/example_task_group_decorator.py
[2021-11-28 09:46:27,348] {logging_mixin.py:109} INFO - [2021-11-28 09:46:27,348] {dag.py:2396} INFO - Sync 1 DAGs
[2021-11-28 09:46:27,358] {logging_mixin.py:109} INFO - [2021-11-28 09:46:27,358] {dag.py:2928} INFO - Setting next_dagrun for example_task_group_decorator to 2021-11-27T09:46:27.358205+00:00
[2021-11-28 09:46:27,367] {processor.py:171} INFO - Processing /home/airflow/.local/lib/python3.7/site-packages/airflow/example_dags/example_task_group_decorator.py took 0.249 seconds
[2021-11-28 09:48:49,265] {processor.py:163} INFO - Started process (PID=37) to work on /home/airflow/.local/lib/python3.7/site-packages/airflow/example_dags/example_task_group_decorator.py
[2021-11-28 09:48:49,266] {processor.py:625} INFO - Processing file /home/airflow/.local/lib/python3.7/site-packages/airflow/example_dags/example_task_group_decorator.py for tasks to queue
[2021-11-28 09:48:49,266] {logging_mixin.py:109} INFO - [2021-11-28 09:48:49,266] {dagbag.py:500} INFO - Filling up the DagBag from /home/airflow/.local/lib/python3.7/site-packages/airflow/example_dags/example_task_group_decorator.py
[2021-11-28 09:48:49,305] {processor.py:637} INFO - DAG(s) dict_keys(['example_task_group_decorator']) retrieved from /home/airflow/.local/lib/python3.7/site-packages/airflow/example_dags/example_task_group_decorator.py
[2021-11-28 09:48:49,547] {logging_mixin.py:109} INFO - [2021-11-28 09:48:49,547] {dag.py:2396} INFO - Sync 1 DAGs
[2021-11-28 09:48:49,562] {logging_mixin.py:109} INFO - [2021-11-28 09:48:49,562] {dag.py:2928} INFO - Setting next_dagrun for example_task_group_decorator to 2021-11-27T09:48:49.561944+00:00
[2021-11-28 09:48:49,574] {processor.py:171} INFO - Processing /home/airflow/.local/lib/python3.7/site-packages/airflow/example_dags/example_task_group_decorator.py took 0.312 seconds
[2021-11-28 09:49:20,478] {processor.py:163} INFO - Started process (PID=97) to work on /home/airflow/.local/lib/python3.7/site-packages/airflow/example_dags/example_task_group_decorator.py
[2021-11-28 09:49:20,479] {processor.py:625} INFO - Processing file /home/airflow/.local/lib/python3.7/site-packages/airflow/example_dags/example_task_group_decorator.py for tasks to queue
[2021-11-28 09:49:20,480] {logging_mixin.py:109} INFO - [2021-11-28 09:49:20,480] {dagbag.py:500} INFO - Filling up the DagBag from /home/airflow/.local/lib/python3.7/site-packages/airflow/example_dags/example_task_group_decorator.py
[2021-11-28 09:49:20,524] {processor.py:637} INFO - DAG(s) dict_keys(['example_task_group_decorator']) retrieved from /home/airflow/.local/lib/python3.7/site-packages/airflow/example_dags/example_task_group_decorator.py
[2021-11-28 09:49:20,747] {logging_mixin.py:109} INFO - [2021-11-28 09:49:20,746] {dag.py:2396} INFO - Sync 1 DAGs
[2021-11-28 09:49:20,758] {logging_mixin.py:109} INFO - [2021-11-28 09:49:20,758] {dag.py:2928} INFO - Setting next_dagrun for example_task_group_decorator to 2021-11-27T09:49:20.758674+00:00
[2021-11-28 09:49:20,770] {processor.py:171} INFO - Processing /home/airflow/.local/lib/python3.7/site-packages/airflow/example_dags/example_task_group_decorator.py took 0.294 seconds
[2021-11-28 09:49:51,521] {processor.py:163} INFO - Started process (PID=148) to work on /home/airflow/.local/lib/python3.7/site-packages/airflow/example_dags/example_task_group_decorator.py
[2021-11-28 09:49:51,523] {processor.py:625} INFO - Processing file /home/airflow/.local/lib/python3.7/site-packages/airflow/example_dags/example_task_group_decorator.py for tasks to queue
[2021-11-28 09:49:51,523] {logging_mixin.py:109} INFO - [2021-11-28 09:49:51,523] {dagbag.py:500} INFO - Filling up the DagBag from /home/airflow/.local/lib/python3.7/site-packages/airflow/example_dags/example_task_group_decorator.py
[2021-11-28 09:49:51,565] {processor.py:637} INFO - DAG(s) dict_keys(['example_task_group_decorator']) retrieved from /home/airflow/.local/lib/python3.7/site-packages/airflow/example_dags/example_task_group_decorator.py
[2021-11-28 09:49:51,775] {logging_mixin.py:109} INFO - [2021-11-28 09:49:51,775] {dag.py:2396} INFO - Sync 1 DAGs
[2021-11-28 09:49:51,785] {logging_mixin.py:109} INFO - [2021-11-28 09:49:51,785] {dag.py:2928} INFO - Setting next_dagrun for example_task_group_decorator to 2021-11-27T09:49:51.784903+00:00
[2021-11-28 09:49:51,794] {processor.py:171} INFO - Processing /home/airflow/.local/lib/python3.7/site-packages/airflow/example_dags/example_task_group_decorator.py took 0.275 seconds
[2021-11-28 09:50:22,475] {processor.py:163} INFO - Started process (PID=208) to work on /home/airflow/.local/lib/python3.7/site-packages/airflow/example_dags/example_task_group_decorator.py
[2021-11-28 09:50:22,476] {processor.py:625} INFO - Processing file /home/airflow/.local/lib/python3.7/site-packages/airflow/example_dags/example_task_group_decorator.py for tasks to queue
[2021-11-28 09:50:22,477] {logging_mixin.py:109} INFO - [2021-11-28 09:50:22,477] {dagbag.py:500} INFO - Filling up the DagBag from /home/airflow/.local/lib/python3.7/site-packages/airflow/example_dags/example_task_group_decorator.py
[2021-11-28 09:50:22,519] {processor.py:637} INFO - DAG(s) dict_keys(['example_task_group_decorator']) retrieved from /home/airflow/.local/lib/python3.7/site-packages/airflow/example_dags/example_task_group_decorator.py
[2021-11-28 09:50:22,724] {logging_mixin.py:109} INFO - [2021-11-28 09:50:22,724] {dag.py:2396} INFO - Sync 1 DAGs
[2021-11-28 09:50:22,735] {logging_mixin.py:109} INFO - [2021-11-28 09:50:22,734] {dag.py:2928} INFO - Setting next_dagrun for example_task_group_decorator to 2021-11-27T09:50:22.734808+00:00
[2021-11-28 09:50:22,744] {processor.py:171} INFO - Processing /home/airflow/.local/lib/python3.7/site-packages/airflow/example_dags/example_task_group_decorator.py took 0.272 seconds
[2021-11-28 09:50:53,469] {processor.py:163} INFO - Started process (PID=268) to work on /home/airflow/.local/lib/python3.7/site-packages/airflow/example_dags/example_task_group_decorator.py
[2021-11-28 09:50:53,470] {processor.py:625} INFO - Processing file /home/airflow/.local/lib/python3.7/site-packages/airflow/example_dags/example_task_group_decorator.py for tasks to queue
[2021-11-28 09:50:53,470] {logging_mixin.py:109} INFO - [2021-11-28 09:50:53,470] {dagbag.py:500} INFO - Filling up the DagBag from /home/airflow/.local/lib/python3.7/site-packages/airflow/example_dags/example_task_group_decorator.py
[2021-11-28 09:50:53,496] {processor.py:637} INFO - DAG(s) dict_keys(['example_task_group_decorator']) retrieved from /home/airflow/.local/lib/python3.7/site-packages/airflow/example_dags/example_task_group_decorator.py
[2021-11-28 09:50:53,717] {logging_mixin.py:109} INFO - [2021-11-28 09:50:53,717] {dag.py:2396} INFO - Sync 1 DAGs
[2021-11-28 09:50:53,729] {logging_mixin.py:109} INFO - [2021-11-28 09:50:53,729] {dag.py:2928} INFO - Setting next_dagrun for example_task_group_decorator to 2021-11-27T09:50:53.728865+00:00
[2021-11-28 09:50:53,739] {processor.py:171} INFO - Processing /home/airflow/.local/lib/python3.7/site-packages/airflow/example_dags/example_task_group_decorator.py took 0.272 seconds
[2021-11-28 09:51:47,823] {processor.py:163} INFO - Started process (PID=36) to work on /home/airflow/.local/lib/python3.7/site-packages/airflow/example_dags/example_task_group_decorator.py
[2021-11-28 09:51:47,824] {processor.py:625} INFO - Processing file /home/airflow/.local/lib/python3.7/site-packages/airflow/example_dags/example_task_group_decorator.py for tasks to queue
[2021-11-28 09:51:47,824] {logging_mixin.py:109} INFO - [2021-11-28 09:51:47,824] {dagbag.py:500} INFO - Filling up the DagBag from /home/airflow/.local/lib/python3.7/site-packages/airflow/example_dags/example_task_group_decorator.py
[2021-11-28 09:51:47,852] {processor.py:637} INFO - DAG(s) dict_keys(['example_task_group_decorator']) retrieved from /home/airflow/.local/lib/python3.7/site-packages/airflow/example_dags/example_task_group_decorator.py
[2021-11-28 09:51:48,091] {logging_mixin.py:109} INFO - [2021-11-28 09:51:48,091] {dag.py:2396} INFO - Sync 1 DAGs
[2021-11-28 09:51:48,104] {logging_mixin.py:109} INFO - [2021-11-28 09:51:48,104] {dag.py:2928} INFO - Setting next_dagrun for example_task_group_decorator to 2021-11-27T09:51:48.104118+00:00
[2021-11-28 09:51:48,115] {processor.py:171} INFO - Processing /home/airflow/.local/lib/python3.7/site-packages/airflow/example_dags/example_task_group_decorator.py took 0.294 seconds
[2021-11-28 09:52:18,155] {processor.py:163} INFO - Started process (PID=98) to work on /home/airflow/.local/lib/python3.7/site-packages/airflow/example_dags/example_task_group_decorator.py
[2021-11-28 09:52:18,156] {processor.py:625} INFO - Processing file /home/airflow/.local/lib/python3.7/site-packages/airflow/example_dags/example_task_group_decorator.py for tasks to queue
[2021-11-28 09:52:18,156] {logging_mixin.py:109} INFO - [2021-11-28 09:52:18,156] {dagbag.py:500} INFO - Filling up the DagBag from /home/airflow/.local/lib/python3.7/site-packages/airflow/example_dags/example_task_group_decorator.py
[2021-11-28 09:52:18,187] {processor.py:637} INFO - DAG(s) dict_keys(['example_task_group_decorator']) retrieved from /home/airflow/.local/lib/python3.7/site-packages/airflow/example_dags/example_task_group_decorator.py
[2021-11-28 09:52:18,400] {logging_mixin.py:109} INFO - [2021-11-28 09:52:18,400] {dag.py:2396} INFO - Sync 1 DAGs
[2021-11-28 09:52:18,411] {logging_mixin.py:109} INFO - [2021-11-28 09:52:18,411] {dag.py:2928} INFO - Setting next_dagrun for example_task_group_decorator to 2021-11-27T09:52:18.411364+00:00
[2021-11-28 09:52:18,422] {processor.py:171} INFO - Processing /home/airflow/.local/lib/python3.7/site-packages/airflow/example_dags/example_task_group_decorator.py took 0.269 seconds
[2021-11-28 09:52:49,041] {processor.py:163} INFO - Started process (PID=149) to work on /home/airflow/.local/lib/python3.7/site-packages/airflow/example_dags/example_task_group_decorator.py
[2021-11-28 09:52:49,042] {processor.py:625} INFO - Processing file /home/airflow/.local/lib/python3.7/site-packages/airflow/example_dags/example_task_group_decorator.py for tasks to queue
[2021-11-28 09:52:49,042] {logging_mixin.py:109} INFO - [2021-11-28 09:52:49,042] {dagbag.py:500} INFO - Filling up the DagBag from /home/airflow/.local/lib/python3.7/site-packages/airflow/example_dags/example_task_group_decorator.py
[2021-11-28 09:52:49,070] {processor.py:637} INFO - DAG(s) dict_keys(['example_task_group_decorator']) retrieved from /home/airflow/.local/lib/python3.7/site-packages/airflow/example_dags/example_task_group_decorator.py
[2021-11-28 09:52:49,290] {logging_mixin.py:109} INFO - [2021-11-28 09:52:49,290] {dag.py:2396} INFO - Sync 1 DAGs
[2021-11-28 09:52:49,300] {logging_mixin.py:109} INFO - [2021-11-28 09:52:49,300] {dag.py:2928} INFO - Setting next_dagrun for example_task_group_decorator to 2021-11-27T09:52:49.300521+00:00
[2021-11-28 09:52:49,310] {processor.py:171} INFO - Processing /home/airflow/.local/lib/python3.7/site-packages/airflow/example_dags/example_task_group_decorator.py took 0.271 seconds
[2021-11-28 09:53:19,996] {processor.py:163} INFO - Started process (PID=209) to work on /home/airflow/.local/lib/python3.7/site-packages/airflow/example_dags/example_task_group_decorator.py
[2021-11-28 09:53:19,997] {processor.py:625} INFO - Processing file /home/airflow/.local/lib/python3.7/site-packages/airflow/example_dags/example_task_group_decorator.py for tasks to queue
[2021-11-28 09:53:19,997] {logging_mixin.py:109} INFO - [2021-11-28 09:53:19,997] {dagbag.py:500} INFO - Filling up the DagBag from /home/airflow/.local/lib/python3.7/site-packages/airflow/example_dags/example_task_group_decorator.py
[2021-11-28 09:53:20,029] {processor.py:637} INFO - DAG(s) dict_keys(['example_task_group_decorator']) retrieved from /home/airflow/.local/lib/python3.7/site-packages/airflow/example_dags/example_task_group_decorator.py
[2021-11-28 09:53:21,426] {logging_mixin.py:109} INFO - [2021-11-28 09:53:21,426] {process_utils.py:212} INFO - Waiting up to 5 seconds for processes to exit...
[2021-11-28 09:58:33,486] {processor.py:163} INFO - Started process (PID=36) to work on /home/airflow/.local/lib/python3.7/site-packages/airflow/example_dags/example_task_group_decorator.py
[2021-11-28 09:58:33,487] {processor.py:625} INFO - Processing file /home/airflow/.local/lib/python3.7/site-packages/airflow/example_dags/example_task_group_decorator.py for tasks to queue
[2021-11-28 09:58:33,487] {logging_mixin.py:109} INFO - [2021-11-28 09:58:33,487] {dagbag.py:500} INFO - Filling up the DagBag from /home/airflow/.local/lib/python3.7/site-packages/airflow/example_dags/example_task_group_decorator.py
[2021-11-28 09:58:33,518] {processor.py:637} INFO - DAG(s) dict_keys(['example_task_group_decorator']) retrieved from /home/airflow/.local/lib/python3.7/site-packages/airflow/example_dags/example_task_group_decorator.py
[2021-11-28 09:58:33,786] {logging_mixin.py:109} INFO - [2021-11-28 09:58:33,786] {dag.py:2396} INFO - Sync 1 DAGs
[2021-11-28 09:58:33,799] {logging_mixin.py:109} INFO - [2021-11-28 09:58:33,799] {dag.py:2928} INFO - Setting next_dagrun for example_task_group_decorator to 2021-11-27T09:58:33.798898+00:00
[2021-11-28 09:58:33,811] {processor.py:171} INFO - Processing /home/airflow/.local/lib/python3.7/site-packages/airflow/example_dags/example_task_group_decorator.py took 0.327 seconds
[2021-11-28 09:59:04,474] {processor.py:163} INFO - Started process (PID=96) to work on /home/airflow/.local/lib/python3.7/site-packages/airflow/example_dags/example_task_group_decorator.py
[2021-11-28 09:59:04,475] {processor.py:625} INFO - Processing file /home/airflow/.local/lib/python3.7/site-packages/airflow/example_dags/example_task_group_decorator.py for tasks to queue
[2021-11-28 09:59:04,476] {logging_mixin.py:109} INFO - [2021-11-28 09:59:04,476] {dagbag.py:500} INFO - Filling up the DagBag from /home/airflow/.local/lib/python3.7/site-packages/airflow/example_dags/example_task_group_decorator.py
[2021-11-28 09:59:04,521] {processor.py:637} INFO - DAG(s) dict_keys(['example_task_group_decorator']) retrieved from /home/airflow/.local/lib/python3.7/site-packages/airflow/example_dags/example_task_group_decorator.py
[2021-11-28 09:59:04,726] {logging_mixin.py:109} INFO - [2021-11-28 09:59:04,725] {dag.py:2396} INFO - Sync 1 DAGs
[2021-11-28 09:59:04,735] {logging_mixin.py:109} INFO - [2021-11-28 09:59:04,735] {dag.py:2928} INFO - Setting next_dagrun for example_task_group_decorator to 2021-11-27T09:59:04.735133+00:00
[2021-11-28 09:59:04,745] {processor.py:171} INFO - Processing /home/airflow/.local/lib/python3.7/site-packages/airflow/example_dags/example_task_group_decorator.py took 0.275 seconds
[2021-11-28 09:59:35,267] {processor.py:163} INFO - Started process (PID=147) to work on /home/airflow/.local/lib/python3.7/site-packages/airflow/example_dags/example_task_group_decorator.py
[2021-11-28 09:59:35,268] {processor.py:625} INFO - Processing file /home/airflow/.local/lib/python3.7/site-packages/airflow/example_dags/example_task_group_decorator.py for tasks to queue
[2021-11-28 09:59:35,268] {logging_mixin.py:109} INFO - [2021-11-28 09:59:35,268] {dagbag.py:500} INFO - Filling up the DagBag from /home/airflow/.local/lib/python3.7/site-packages/airflow/example_dags/example_task_group_decorator.py
[2021-11-28 09:59:35,327] {processor.py:637} INFO - DAG(s) dict_keys(['example_task_group_decorator']) retrieved from /home/airflow/.local/lib/python3.7/site-packages/airflow/example_dags/example_task_group_decorator.py
[2021-11-28 09:59:35,551] {logging_mixin.py:109} INFO - [2021-11-28 09:59:35,551] {dag.py:2396} INFO - Sync 1 DAGs
[2021-11-28 09:59:35,561] {logging_mixin.py:109} INFO - [2021-11-28 09:59:35,561] {dag.py:2928} INFO - Setting next_dagrun for example_task_group_decorator to 2021-11-27T09:59:35.561126+00:00
[2021-11-28 09:59:35,571] {processor.py:171} INFO - Processing /home/airflow/.local/lib/python3.7/site-packages/airflow/example_dags/example_task_group_decorator.py took 0.306 seconds
[2021-11-28 10:00:06,217] {processor.py:163} INFO - Started process (PID=207) to work on /home/airflow/.local/lib/python3.7/site-packages/airflow/example_dags/example_task_group_decorator.py
[2021-11-28 10:00:06,218] {processor.py:625} INFO - Processing file /home/airflow/.local/lib/python3.7/site-packages/airflow/example_dags/example_task_group_decorator.py for tasks to queue
[2021-11-28 10:00:06,219] {logging_mixin.py:109} INFO - [2021-11-28 10:00:06,219] {dagbag.py:500} INFO - Filling up the DagBag from /home/airflow/.local/lib/python3.7/site-packages/airflow/example_dags/example_task_group_decorator.py
[2021-11-28 10:00:06,248] {processor.py:637} INFO - DAG(s) dict_keys(['example_task_group_decorator']) retrieved from /home/airflow/.local/lib/python3.7/site-packages/airflow/example_dags/example_task_group_decorator.py
[2021-11-28 10:00:06,477] {logging_mixin.py:109} INFO - [2021-11-28 10:00:06,477] {dag.py:2396} INFO - Sync 1 DAGs
[2021-11-28 10:00:06,488] {logging_mixin.py:109} INFO - [2021-11-28 10:00:06,488] {dag.py:2928} INFO - Setting next_dagrun for example_task_group_decorator to 2021-11-27T10:00:06.488234+00:00
[2021-11-28 10:00:06,498] {processor.py:171} INFO - Processing /home/airflow/.local/lib/python3.7/site-packages/airflow/example_dags/example_task_group_decorator.py took 0.282 seconds
[2021-11-28 10:00:37,083] {processor.py:163} INFO - Started process (PID=267) to work on /home/airflow/.local/lib/python3.7/site-packages/airflow/example_dags/example_task_group_decorator.py
[2021-11-28 10:00:37,084] {processor.py:625} INFO - Processing file /home/airflow/.local/lib/python3.7/site-packages/airflow/example_dags/example_task_group_decorator.py for tasks to queue
[2021-11-28 10:00:37,084] {logging_mixin.py:109} INFO - [2021-11-28 10:00:37,084] {dagbag.py:500} INFO - Filling up the DagBag from /home/airflow/.local/lib/python3.7/site-packages/airflow/example_dags/example_task_group_decorator.py
[2021-11-28 10:00:37,127] {processor.py:637} INFO - DAG(s) dict_keys(['example_task_group_decorator']) retrieved from /home/airflow/.local/lib/python3.7/site-packages/airflow/example_dags/example_task_group_decorator.py
[2021-11-28 10:00:37,330] {logging_mixin.py:109} INFO - [2021-11-28 10:00:37,329] {dag.py:2396} INFO - Sync 1 DAGs
[2021-11-28 10:00:37,341] {logging_mixin.py:109} INFO - [2021-11-28 10:00:37,340] {dag.py:2928} INFO - Setting next_dagrun for example_task_group_decorator to 2021-11-27T10:00:37.340793+00:00
[2021-11-28 10:00:37,352] {processor.py:171} INFO - Processing /home/airflow/.local/lib/python3.7/site-packages/airflow/example_dags/example_task_group_decorator.py took 0.272 seconds
[2021-11-28 10:01:07,970] {processor.py:163} INFO - Started process (PID=318) to work on /home/airflow/.local/lib/python3.7/site-packages/airflow/example_dags/example_task_group_decorator.py
[2021-11-28 10:01:07,972] {processor.py:625} INFO - Processing file /home/airflow/.local/lib/python3.7/site-packages/airflow/example_dags/example_task_group_decorator.py for tasks to queue
[2021-11-28 10:01:07,972] {logging_mixin.py:109} INFO - [2021-11-28 10:01:07,972] {dagbag.py:500} INFO - Filling up the DagBag from /home/airflow/.local/lib/python3.7/site-packages/airflow/example_dags/example_task_group_decorator.py
[2021-11-28 10:01:08,016] {processor.py:637} INFO - DAG(s) dict_keys(['example_task_group_decorator']) retrieved from /home/airflow/.local/lib/python3.7/site-packages/airflow/example_dags/example_task_group_decorator.py
[2021-11-28 10:01:08,245] {logging_mixin.py:109} INFO - [2021-11-28 10:01:08,245] {dag.py:2396} INFO - Sync 1 DAGs
[2021-11-28 10:01:08,255] {logging_mixin.py:109} INFO - [2021-11-28 10:01:08,255] {dag.py:2928} INFO - Setting next_dagrun for example_task_group_decorator to 2021-11-27T10:01:08.254915+00:00
[2021-11-28 10:01:08,263] {processor.py:171} INFO - Processing /home/airflow/.local/lib/python3.7/site-packages/airflow/example_dags/example_task_group_decorator.py took 0.296 seconds
[2021-11-28 10:01:38,912] {processor.py:163} INFO - Started process (PID=378) to work on /home/airflow/.local/lib/python3.7/site-packages/airflow/example_dags/example_task_group_decorator.py
[2021-11-28 10:01:38,914] {processor.py:625} INFO - Processing file /home/airflow/.local/lib/python3.7/site-packages/airflow/example_dags/example_task_group_decorator.py for tasks to queue
[2021-11-28 10:01:38,914] {logging_mixin.py:109} INFO - [2021-11-28 10:01:38,914] {dagbag.py:500} INFO - Filling up the DagBag from /home/airflow/.local/lib/python3.7/site-packages/airflow/example_dags/example_task_group_decorator.py
[2021-11-28 10:01:38,954] {processor.py:637} INFO - DAG(s) dict_keys(['example_task_group_decorator']) retrieved from /home/airflow/.local/lib/python3.7/site-packages/airflow/example_dags/example_task_group_decorator.py
[2021-11-28 10:01:39,167] {logging_mixin.py:109} INFO - [2021-11-28 10:01:39,167] {dag.py:2396} INFO - Sync 1 DAGs
[2021-11-28 10:01:39,180] {logging_mixin.py:109} INFO - [2021-11-28 10:01:39,180] {dag.py:2928} INFO - Setting next_dagrun for example_task_group_decorator to 2021-11-27T10:01:39.180435+00:00
[2021-11-28 10:01:39,191] {processor.py:171} INFO - Processing /home/airflow/.local/lib/python3.7/site-packages/airflow/example_dags/example_task_group_decorator.py took 0.281 seconds
[2021-11-28 10:02:09,867] {processor.py:163} INFO - Started process (PID=435) to work on /home/airflow/.local/lib/python3.7/site-packages/airflow/example_dags/example_task_group_decorator.py
[2021-11-28 10:02:09,868] {processor.py:625} INFO - Processing file /home/airflow/.local/lib/python3.7/site-packages/airflow/example_dags/example_task_group_decorator.py for tasks to queue
[2021-11-28 10:02:09,868] {logging_mixin.py:109} INFO - [2021-11-28 10:02:09,868] {dagbag.py:500} INFO - Filling up the DagBag from /home/airflow/.local/lib/python3.7/site-packages/airflow/example_dags/example_task_group_decorator.py
[2021-11-28 10:02:09,899] {processor.py:637} INFO - DAG(s) dict_keys(['example_task_group_decorator']) retrieved from /home/airflow/.local/lib/python3.7/site-packages/airflow/example_dags/example_task_group_decorator.py
[2021-11-28 10:02:10,126] {logging_mixin.py:109} INFO - [2021-11-28 10:02:10,126] {dag.py:2396} INFO - Sync 1 DAGs
[2021-11-28 10:02:10,136] {logging_mixin.py:109} INFO - [2021-11-28 10:02:10,136] {dag.py:2928} INFO - Setting next_dagrun for example_task_group_decorator to 2021-11-27T10:02:10.135993+00:00
[2021-11-28 10:02:10,146] {processor.py:171} INFO - Processing /home/airflow/.local/lib/python3.7/site-packages/airflow/example_dags/example_task_group_decorator.py took 0.281 seconds
[2021-11-28 10:02:40,820] {processor.py:163} INFO - Started process (PID=489) to work on /home/airflow/.local/lib/python3.7/site-packages/airflow/example_dags/example_task_group_decorator.py
[2021-11-28 10:02:40,821] {processor.py:625} INFO - Processing file /home/airflow/.local/lib/python3.7/site-packages/airflow/example_dags/example_task_group_decorator.py for tasks to queue
[2021-11-28 10:02:40,821] {logging_mixin.py:109} INFO - [2021-11-28 10:02:40,821] {dagbag.py:500} INFO - Filling up the DagBag from /home/airflow/.local/lib/python3.7/site-packages/airflow/example_dags/example_task_group_decorator.py
[2021-11-28 10:02:40,852] {processor.py:637} INFO - DAG(s) dict_keys(['example_task_group_decorator']) retrieved from /home/airflow/.local/lib/python3.7/site-packages/airflow/example_dags/example_task_group_decorator.py
[2021-11-28 10:02:41,081] {logging_mixin.py:109} INFO - [2021-11-28 10:02:41,081] {dag.py:2396} INFO - Sync 1 DAGs
[2021-11-28 10:02:41,092] {logging_mixin.py:109} INFO - [2021-11-28 10:02:41,091] {dag.py:2928} INFO - Setting next_dagrun for example_task_group_decorator to 2021-11-27T10:02:41.091830+00:00
[2021-11-28 10:02:41,101] {processor.py:171} INFO - Processing /home/airflow/.local/lib/python3.7/site-packages/airflow/example_dags/example_task_group_decorator.py took 0.283 seconds
[2021-11-28 10:03:11,704] {processor.py:163} INFO - Started process (PID=549) to work on /home/airflow/.local/lib/python3.7/site-packages/airflow/example_dags/example_task_group_decorator.py
[2021-11-28 10:03:11,705] {processor.py:625} INFO - Processing file /home/airflow/.local/lib/python3.7/site-packages/airflow/example_dags/example_task_group_decorator.py for tasks to queue
[2021-11-28 10:03:11,705] {logging_mixin.py:109} INFO - [2021-11-28 10:03:11,705] {dagbag.py:500} INFO - Filling up the DagBag from /home/airflow/.local/lib/python3.7/site-packages/airflow/example_dags/example_task_group_decorator.py
[2021-11-28 10:03:11,748] {processor.py:637} INFO - DAG(s) dict_keys(['example_task_group_decorator']) retrieved from /home/airflow/.local/lib/python3.7/site-packages/airflow/example_dags/example_task_group_decorator.py
[2021-11-28 10:03:11,953] {logging_mixin.py:109} INFO - [2021-11-28 10:03:11,953] {dag.py:2396} INFO - Sync 1 DAGs
[2021-11-28 10:03:11,962] {logging_mixin.py:109} INFO - [2021-11-28 10:03:11,962] {dag.py:2928} INFO - Setting next_dagrun for example_task_group_decorator to 2021-11-27T10:03:11.962306+00:00
[2021-11-28 10:03:11,971] {processor.py:171} INFO - Processing /home/airflow/.local/lib/python3.7/site-packages/airflow/example_dags/example_task_group_decorator.py took 0.270 seconds
[2021-11-28 10:03:42,696] {processor.py:163} INFO - Started process (PID=600) to work on /home/airflow/.local/lib/python3.7/site-packages/airflow/example_dags/example_task_group_decorator.py
[2021-11-28 10:03:42,697] {processor.py:625} INFO - Processing file /home/airflow/.local/lib/python3.7/site-packages/airflow/example_dags/example_task_group_decorator.py for tasks to queue
[2021-11-28 10:03:42,698] {logging_mixin.py:109} INFO - [2021-11-28 10:03:42,698] {dagbag.py:500} INFO - Filling up the DagBag from /home/airflow/.local/lib/python3.7/site-packages/airflow/example_dags/example_task_group_decorator.py
[2021-11-28 10:03:42,740] {processor.py:637} INFO - DAG(s) dict_keys(['example_task_group_decorator']) retrieved from /home/airflow/.local/lib/python3.7/site-packages/airflow/example_dags/example_task_group_decorator.py
[2021-11-28 10:03:42,943] {logging_mixin.py:109} INFO - [2021-11-28 10:03:42,943] {dag.py:2396} INFO - Sync 1 DAGs
[2021-11-28 10:03:42,953] {logging_mixin.py:109} INFO - [2021-11-28 10:03:42,952] {dag.py:2928} INFO - Setting next_dagrun for example_task_group_decorator to 2021-11-27T10:03:42.952819+00:00
[2021-11-28 10:03:42,962] {processor.py:171} INFO - Processing /home/airflow/.local/lib/python3.7/site-packages/airflow/example_dags/example_task_group_decorator.py took 0.269 seconds
[2021-11-28 10:04:13,592] {processor.py:163} INFO - Started process (PID=660) to work on /home/airflow/.local/lib/python3.7/site-packages/airflow/example_dags/example_task_group_decorator.py
[2021-11-28 10:04:13,593] {processor.py:625} INFO - Processing file /home/airflow/.local/lib/python3.7/site-packages/airflow/example_dags/example_task_group_decorator.py for tasks to queue
[2021-11-28 10:04:13,593] {logging_mixin.py:109} INFO - [2021-11-28 10:04:13,593] {dagbag.py:500} INFO - Filling up the DagBag from /home/airflow/.local/lib/python3.7/site-packages/airflow/example_dags/example_task_group_decorator.py
[2021-11-28 10:04:13,618] {processor.py:637} INFO - DAG(s) dict_keys(['example_task_group_decorator']) retrieved from /home/airflow/.local/lib/python3.7/site-packages/airflow/example_dags/example_task_group_decorator.py
[2021-11-28 10:04:13,830] {logging_mixin.py:109} INFO - [2021-11-28 10:04:13,829] {dag.py:2396} INFO - Sync 1 DAGs
[2021-11-28 10:04:13,840] {logging_mixin.py:109} INFO - [2021-11-28 10:04:13,840] {dag.py:2928} INFO - Setting next_dagrun for example_task_group_decorator to 2021-11-27T10:04:13.840514+00:00
[2021-11-28 10:04:13,851] {processor.py:171} INFO - Processing /home/airflow/.local/lib/python3.7/site-packages/airflow/example_dags/example_task_group_decorator.py took 0.260 seconds
[2021-11-28 10:04:44,699] {processor.py:163} INFO - Started process (PID=720) to work on /home/airflow/.local/lib/python3.7/site-packages/airflow/example_dags/example_task_group_decorator.py
[2021-11-28 10:04:44,700] {processor.py:625} INFO - Processing file /home/airflow/.local/lib/python3.7/site-packages/airflow/example_dags/example_task_group_decorator.py for tasks to queue
[2021-11-28 10:04:44,700] {logging_mixin.py:109} INFO - [2021-11-28 10:04:44,700] {dagbag.py:500} INFO - Filling up the DagBag from /home/airflow/.local/lib/python3.7/site-packages/airflow/example_dags/example_task_group_decorator.py
[2021-11-28 10:04:44,744] {processor.py:637} INFO - DAG(s) dict_keys(['example_task_group_decorator']) retrieved from /home/airflow/.local/lib/python3.7/site-packages/airflow/example_dags/example_task_group_decorator.py
[2021-11-28 10:04:44,953] {logging_mixin.py:109} INFO - [2021-11-28 10:04:44,953] {dag.py:2396} INFO - Sync 1 DAGs
[2021-11-28 10:04:44,963] {logging_mixin.py:109} INFO - [2021-11-28 10:04:44,963] {dag.py:2928} INFO - Setting next_dagrun for example_task_group_decorator to 2021-11-27T10:04:44.963455+00:00
[2021-11-28 10:04:44,997] {processor.py:171} INFO - Processing /home/airflow/.local/lib/python3.7/site-packages/airflow/example_dags/example_task_group_decorator.py took 0.301 seconds
[2021-11-28 10:05:15,685] {processor.py:163} INFO - Started process (PID=771) to work on /home/airflow/.local/lib/python3.7/site-packages/airflow/example_dags/example_task_group_decorator.py
[2021-11-28 10:05:15,686] {processor.py:625} INFO - Processing file /home/airflow/.local/lib/python3.7/site-packages/airflow/example_dags/example_task_group_decorator.py for tasks to queue
[2021-11-28 10:05:15,687] {logging_mixin.py:109} INFO - [2021-11-28 10:05:15,687] {dagbag.py:500} INFO - Filling up the DagBag from /home/airflow/.local/lib/python3.7/site-packages/airflow/example_dags/example_task_group_decorator.py
[2021-11-28 10:05:15,731] {processor.py:637} INFO - DAG(s) dict_keys(['example_task_group_decorator']) retrieved from /home/airflow/.local/lib/python3.7/site-packages/airflow/example_dags/example_task_group_decorator.py
[2021-11-28 10:05:15,932] {logging_mixin.py:109} INFO - [2021-11-28 10:05:15,932] {dag.py:2396} INFO - Sync 1 DAGs
[2021-11-28 10:05:15,943] {logging_mixin.py:109} INFO - [2021-11-28 10:05:15,943] {dag.py:2928} INFO - Setting next_dagrun for example_task_group_decorator to 2021-11-27T10:05:15.943435+00:00
[2021-11-28 10:05:15,952] {processor.py:171} INFO - Processing /home/airflow/.local/lib/python3.7/site-packages/airflow/example_dags/example_task_group_decorator.py took 0.270 seconds
[2021-11-28 10:05:46,739] {processor.py:163} INFO - Started process (PID=831) to work on /home/airflow/.local/lib/python3.7/site-packages/airflow/example_dags/example_task_group_decorator.py
[2021-11-28 10:05:46,741] {processor.py:625} INFO - Processing file /home/airflow/.local/lib/python3.7/site-packages/airflow/example_dags/example_task_group_decorator.py for tasks to queue
[2021-11-28 10:05:46,741] {logging_mixin.py:109} INFO - [2021-11-28 10:05:46,741] {dagbag.py:500} INFO - Filling up the DagBag from /home/airflow/.local/lib/python3.7/site-packages/airflow/example_dags/example_task_group_decorator.py
[2021-11-28 10:05:46,788] {processor.py:637} INFO - DAG(s) dict_keys(['example_task_group_decorator']) retrieved from /home/airflow/.local/lib/python3.7/site-packages/airflow/example_dags/example_task_group_decorator.py
[2021-11-28 10:05:46,998] {logging_mixin.py:109} INFO - [2021-11-28 10:05:46,998] {dag.py:2396} INFO - Sync 1 DAGs
[2021-11-28 10:05:47,009] {logging_mixin.py:109} INFO - [2021-11-28 10:05:47,009] {dag.py:2928} INFO - Setting next_dagrun for example_task_group_decorator to 2021-11-27T10:05:47.009438+00:00
[2021-11-28 10:05:47,021] {processor.py:171} INFO - Processing /home/airflow/.local/lib/python3.7/site-packages/airflow/example_dags/example_task_group_decorator.py took 0.284 seconds
[2021-11-28 10:06:17,119] {processor.py:163} INFO - Started process (PID=884) to work on /home/airflow/.local/lib/python3.7/site-packages/airflow/example_dags/example_task_group_decorator.py
[2021-11-28 10:06:17,120] {processor.py:625} INFO - Processing file /home/airflow/.local/lib/python3.7/site-packages/airflow/example_dags/example_task_group_decorator.py for tasks to queue
[2021-11-28 10:06:17,121] {logging_mixin.py:109} INFO - [2021-11-28 10:06:17,121] {dagbag.py:500} INFO - Filling up the DagBag from /home/airflow/.local/lib/python3.7/site-packages/airflow/example_dags/example_task_group_decorator.py
[2021-11-28 10:06:17,165] {processor.py:637} INFO - DAG(s) dict_keys(['example_task_group_decorator']) retrieved from /home/airflow/.local/lib/python3.7/site-packages/airflow/example_dags/example_task_group_decorator.py
[2021-11-28 10:06:17,374] {logging_mixin.py:109} INFO - [2021-11-28 10:06:17,374] {dag.py:2396} INFO - Sync 1 DAGs
[2021-11-28 10:06:17,385] {logging_mixin.py:109} INFO - [2021-11-28 10:06:17,385] {dag.py:2928} INFO - Setting next_dagrun for example_task_group_decorator to 2021-11-27T10:06:17.384834+00:00
[2021-11-28 10:06:17,396] {processor.py:171} INFO - Processing /home/airflow/.local/lib/python3.7/site-packages/airflow/example_dags/example_task_group_decorator.py took 0.279 seconds
[2021-11-28 10:06:47,725] {processor.py:163} INFO - Started process (PID=943) to work on /home/airflow/.local/lib/python3.7/site-packages/airflow/example_dags/example_task_group_decorator.py
[2021-11-28 10:06:47,726] {processor.py:625} INFO - Processing file /home/airflow/.local/lib/python3.7/site-packages/airflow/example_dags/example_task_group_decorator.py for tasks to queue
[2021-11-28 10:06:47,726] {logging_mixin.py:109} INFO - [2021-11-28 10:06:47,726] {dagbag.py:500} INFO - Filling up the DagBag from /home/airflow/.local/lib/python3.7/site-packages/airflow/example_dags/example_task_group_decorator.py
[2021-11-28 10:06:47,754] {processor.py:637} INFO - DAG(s) dict_keys(['example_task_group_decorator']) retrieved from /home/airflow/.local/lib/python3.7/site-packages/airflow/example_dags/example_task_group_decorator.py
[2021-11-28 10:06:48,022] {logging_mixin.py:109} INFO - [2021-11-28 10:06:48,022] {dag.py:2396} INFO - Sync 1 DAGs
[2021-11-28 10:06:48,035] {logging_mixin.py:109} INFO - [2021-11-28 10:06:48,035] {dag.py:2928} INFO - Setting next_dagrun for example_task_group_decorator to 2021-11-27T10:06:48.034824+00:00
[2021-11-28 10:06:48,046] {processor.py:171} INFO - Processing /home/airflow/.local/lib/python3.7/site-packages/airflow/example_dags/example_task_group_decorator.py took 0.323 seconds
[2021-11-28 10:07:18,396] {processor.py:163} INFO - Started process (PID=994) to work on /home/airflow/.local/lib/python3.7/site-packages/airflow/example_dags/example_task_group_decorator.py
[2021-11-28 10:07:18,397] {processor.py:625} INFO - Processing file /home/airflow/.local/lib/python3.7/site-packages/airflow/example_dags/example_task_group_decorator.py for tasks to queue
[2021-11-28 10:07:18,398] {logging_mixin.py:109} INFO - [2021-11-28 10:07:18,398] {dagbag.py:500} INFO - Filling up the DagBag from /home/airflow/.local/lib/python3.7/site-packages/airflow/example_dags/example_task_group_decorator.py
[2021-11-28 10:07:18,507] {processor.py:637} INFO - DAG(s) dict_keys(['example_task_group_decorator']) retrieved from /home/airflow/.local/lib/python3.7/site-packages/airflow/example_dags/example_task_group_decorator.py
[2021-11-28 10:07:18,657] {logging_mixin.py:109} INFO - [2021-11-28 10:07:18,657] {dag.py:2396} INFO - Sync 1 DAGs
[2021-11-28 10:07:18,668] {logging_mixin.py:109} INFO - [2021-11-28 10:07:18,668] {dag.py:2928} INFO - Setting next_dagrun for example_task_group_decorator to 2021-11-27T10:07:18.667973+00:00
[2021-11-28 10:07:18,678] {processor.py:171} INFO - Processing /home/airflow/.local/lib/python3.7/site-packages/airflow/example_dags/example_task_group_decorator.py took 0.285 seconds
[2021-11-28 10:07:49,216] {processor.py:163} INFO - Started process (PID=1055) to work on /home/airflow/.local/lib/python3.7/site-packages/airflow/example_dags/example_task_group_decorator.py
[2021-11-28 10:07:49,217] {processor.py:625} INFO - Processing file /home/airflow/.local/lib/python3.7/site-packages/airflow/example_dags/example_task_group_decorator.py for tasks to queue
[2021-11-28 10:07:49,217] {logging_mixin.py:109} INFO - [2021-11-28 10:07:49,217] {dagbag.py:500} INFO - Filling up the DagBag from /home/airflow/.local/lib/python3.7/site-packages/airflow/example_dags/example_task_group_decorator.py
[2021-11-28 10:07:49,327] {processor.py:637} INFO - DAG(s) dict_keys(['example_task_group_decorator']) retrieved from /home/airflow/.local/lib/python3.7/site-packages/airflow/example_dags/example_task_group_decorator.py
[2021-11-28 10:07:49,483] {logging_mixin.py:109} INFO - [2021-11-28 10:07:49,483] {dag.py:2396} INFO - Sync 1 DAGs
[2021-11-28 10:07:49,496] {logging_mixin.py:109} INFO - [2021-11-28 10:07:49,496] {dag.py:2928} INFO - Setting next_dagrun for example_task_group_decorator to 2021-11-27T10:07:49.496679+00:00
[2021-11-28 10:07:49,507] {processor.py:171} INFO - Processing /home/airflow/.local/lib/python3.7/site-packages/airflow/example_dags/example_task_group_decorator.py took 0.294 seconds
[2021-11-28 10:08:20,050] {processor.py:163} INFO - Started process (PID=1115) to work on /home/airflow/.local/lib/python3.7/site-packages/airflow/example_dags/example_task_group_decorator.py
[2021-11-28 10:08:20,051] {processor.py:625} INFO - Processing file /home/airflow/.local/lib/python3.7/site-packages/airflow/example_dags/example_task_group_decorator.py for tasks to queue
[2021-11-28 10:08:20,052] {logging_mixin.py:109} INFO - [2021-11-28 10:08:20,052] {dagbag.py:500} INFO - Filling up the DagBag from /home/airflow/.local/lib/python3.7/site-packages/airflow/example_dags/example_task_group_decorator.py
[2021-11-28 10:08:20,165] {processor.py:637} INFO - DAG(s) dict_keys(['example_task_group_decorator']) retrieved from /home/airflow/.local/lib/python3.7/site-packages/airflow/example_dags/example_task_group_decorator.py
[2021-11-28 10:08:20,319] {logging_mixin.py:109} INFO - [2021-11-28 10:08:20,319] {dag.py:2396} INFO - Sync 1 DAGs
[2021-11-28 10:08:20,330] {logging_mixin.py:109} INFO - [2021-11-28 10:08:20,330] {dag.py:2928} INFO - Setting next_dagrun for example_task_group_decorator to 2021-11-27T10:08:20.330269+00:00
[2021-11-28 10:08:20,340] {processor.py:171} INFO - Processing /home/airflow/.local/lib/python3.7/site-packages/airflow/example_dags/example_task_group_decorator.py took 0.293 seconds
[2021-11-28 10:08:50,830] {processor.py:163} INFO - Started process (PID=1166) to work on /home/airflow/.local/lib/python3.7/site-packages/airflow/example_dags/example_task_group_decorator.py
[2021-11-28 10:08:50,830] {processor.py:625} INFO - Processing file /home/airflow/.local/lib/python3.7/site-packages/airflow/example_dags/example_task_group_decorator.py for tasks to queue
[2021-11-28 10:08:50,831] {logging_mixin.py:109} INFO - [2021-11-28 10:08:50,831] {dagbag.py:500} INFO - Filling up the DagBag from /home/airflow/.local/lib/python3.7/site-packages/airflow/example_dags/example_task_group_decorator.py
[2021-11-28 10:08:50,930] {processor.py:637} INFO - DAG(s) dict_keys(['example_task_group_decorator']) retrieved from /home/airflow/.local/lib/python3.7/site-packages/airflow/example_dags/example_task_group_decorator.py
[2021-11-28 10:08:51,074] {logging_mixin.py:109} INFO - [2021-11-28 10:08:51,073] {dag.py:2396} INFO - Sync 1 DAGs
[2021-11-28 10:08:51,084] {logging_mixin.py:109} INFO - [2021-11-28 10:08:51,084] {dag.py:2928} INFO - Setting next_dagrun for example_task_group_decorator to 2021-11-27T10:08:51.084021+00:00
[2021-11-28 10:08:51,093] {processor.py:171} INFO - Processing /home/airflow/.local/lib/python3.7/site-packages/airflow/example_dags/example_task_group_decorator.py took 0.265 seconds
[2021-11-28 10:09:21,615] {processor.py:163} INFO - Started process (PID=1226) to work on /home/airflow/.local/lib/python3.7/site-packages/airflow/example_dags/example_task_group_decorator.py
[2021-11-28 10:09:21,617] {processor.py:625} INFO - Processing file /home/airflow/.local/lib/python3.7/site-packages/airflow/example_dags/example_task_group_decorator.py for tasks to queue
[2021-11-28 10:09:21,618] {logging_mixin.py:109} INFO - [2021-11-28 10:09:21,618] {dagbag.py:500} INFO - Filling up the DagBag from /home/airflow/.local/lib/python3.7/site-packages/airflow/example_dags/example_task_group_decorator.py
[2021-11-28 10:09:21,714] {processor.py:637} INFO - DAG(s) dict_keys(['example_task_group_decorator']) retrieved from /home/airflow/.local/lib/python3.7/site-packages/airflow/example_dags/example_task_group_decorator.py
[2021-11-28 10:09:21,862] {logging_mixin.py:109} INFO - [2021-11-28 10:09:21,862] {dag.py:2396} INFO - Sync 1 DAGs
[2021-11-28 10:09:21,876] {logging_mixin.py:109} INFO - [2021-11-28 10:09:21,876] {dag.py:2928} INFO - Setting next_dagrun for example_task_group_decorator to 2021-11-27T10:09:21.875858+00:00
[2021-11-28 10:09:21,890] {processor.py:171} INFO - Processing /home/airflow/.local/lib/python3.7/site-packages/airflow/example_dags/example_task_group_decorator.py took 0.276 seconds
[2021-11-28 10:09:52,372] {processor.py:163} INFO - Started process (PID=1277) to work on /home/airflow/.local/lib/python3.7/site-packages/airflow/example_dags/example_task_group_decorator.py
[2021-11-28 10:09:52,373] {processor.py:625} INFO - Processing file /home/airflow/.local/lib/python3.7/site-packages/airflow/example_dags/example_task_group_decorator.py for tasks to queue
[2021-11-28 10:09:52,373] {logging_mixin.py:109} INFO - [2021-11-28 10:09:52,373] {dagbag.py:500} INFO - Filling up the DagBag from /home/airflow/.local/lib/python3.7/site-packages/airflow/example_dags/example_task_group_decorator.py
[2021-11-28 10:09:52,470] {processor.py:637} INFO - DAG(s) dict_keys(['example_task_group_decorator']) retrieved from /home/airflow/.local/lib/python3.7/site-packages/airflow/example_dags/example_task_group_decorator.py
[2021-11-28 10:09:52,624] {logging_mixin.py:109} INFO - [2021-11-28 10:09:52,624] {dag.py:2396} INFO - Sync 1 DAGs
[2021-11-28 10:09:52,636] {logging_mixin.py:109} INFO - [2021-11-28 10:09:52,636] {dag.py:2928} INFO - Setting next_dagrun for example_task_group_decorator to 2021-11-27T10:09:52.636081+00:00
[2021-11-28 10:09:52,647] {processor.py:171} INFO - Processing /home/airflow/.local/lib/python3.7/site-packages/airflow/example_dags/example_task_group_decorator.py took 0.277 seconds
[2021-11-28 10:10:23,065] {processor.py:163} INFO - Started process (PID=1337) to work on /home/airflow/.local/lib/python3.7/site-packages/airflow/example_dags/example_task_group_decorator.py
[2021-11-28 10:10:23,066] {processor.py:625} INFO - Processing file /home/airflow/.local/lib/python3.7/site-packages/airflow/example_dags/example_task_group_decorator.py for tasks to queue
[2021-11-28 10:10:23,066] {logging_mixin.py:109} INFO - [2021-11-28 10:10:23,066] {dagbag.py:500} INFO - Filling up the DagBag from /home/airflow/.local/lib/python3.7/site-packages/airflow/example_dags/example_task_group_decorator.py
[2021-11-28 10:10:23,158] {processor.py:637} INFO - DAG(s) dict_keys(['example_task_group_decorator']) retrieved from /home/airflow/.local/lib/python3.7/site-packages/airflow/example_dags/example_task_group_decorator.py
[2021-11-28 10:10:23,291] {logging_mixin.py:109} INFO - [2021-11-28 10:10:23,290] {dag.py:2396} INFO - Sync 1 DAGs
[2021-11-28 10:10:23,300] {logging_mixin.py:109} INFO - [2021-11-28 10:10:23,300] {dag.py:2928} INFO - Setting next_dagrun for example_task_group_decorator to 2021-11-27T10:10:23.300347+00:00
[2021-11-28 10:10:23,309] {processor.py:171} INFO - Processing /home/airflow/.local/lib/python3.7/site-packages/airflow/example_dags/example_task_group_decorator.py took 0.245 seconds
[2021-11-28 10:10:53,543] {processor.py:163} INFO - Started process (PID=1397) to work on /home/airflow/.local/lib/python3.7/site-packages/airflow/example_dags/example_task_group_decorator.py
[2021-11-28 10:10:53,544] {processor.py:625} INFO - Processing file /home/airflow/.local/lib/python3.7/site-packages/airflow/example_dags/example_task_group_decorator.py for tasks to queue
[2021-11-28 10:10:53,545] {logging_mixin.py:109} INFO - [2021-11-28 10:10:53,544] {dagbag.py:500} INFO - Filling up the DagBag from /home/airflow/.local/lib/python3.7/site-packages/airflow/example_dags/example_task_group_decorator.py
[2021-11-28 10:10:53,580] {processor.py:637} INFO - DAG(s) dict_keys(['example_task_group_decorator']) retrieved from /home/airflow/.local/lib/python3.7/site-packages/airflow/example_dags/example_task_group_decorator.py
[2021-11-28 10:10:53,747] {logging_mixin.py:109} INFO - [2021-11-28 10:10:53,747] {dag.py:2396} INFO - Sync 1 DAGs
[2021-11-28 10:10:53,758] {logging_mixin.py:109} INFO - [2021-11-28 10:10:53,758] {dag.py:2928} INFO - Setting next_dagrun for example_task_group_decorator to 2021-11-27T10:10:53.758584+00:00
[2021-11-28 10:10:53,768] {processor.py:171} INFO - Processing /home/airflow/.local/lib/python3.7/site-packages/airflow/example_dags/example_task_group_decorator.py took 0.227 seconds
[2021-11-28 10:11:24,362] {processor.py:163} INFO - Started process (PID=1446) to work on /home/airflow/.local/lib/python3.7/site-packages/airflow/example_dags/example_task_group_decorator.py
[2021-11-28 10:11:24,363] {processor.py:625} INFO - Processing file /home/airflow/.local/lib/python3.7/site-packages/airflow/example_dags/example_task_group_decorator.py for tasks to queue
[2021-11-28 10:11:24,363] {logging_mixin.py:109} INFO - [2021-11-28 10:11:24,363] {dagbag.py:500} INFO - Filling up the DagBag from /home/airflow/.local/lib/python3.7/site-packages/airflow/example_dags/example_task_group_decorator.py
[2021-11-28 10:11:24,403] {processor.py:637} INFO - DAG(s) dict_keys(['example_task_group_decorator']) retrieved from /home/airflow/.local/lib/python3.7/site-packages/airflow/example_dags/example_task_group_decorator.py
[2021-11-28 10:11:24,551] {logging_mixin.py:109} INFO - [2021-11-28 10:11:24,551] {dag.py:2396} INFO - Sync 1 DAGs
[2021-11-28 10:11:24,561] {logging_mixin.py:109} INFO - [2021-11-28 10:11:24,561] {dag.py:2928} INFO - Setting next_dagrun for example_task_group_decorator to 2021-11-27T10:11:24.561586+00:00
[2021-11-28 10:11:24,571] {processor.py:171} INFO - Processing /home/airflow/.local/lib/python3.7/site-packages/airflow/example_dags/example_task_group_decorator.py took 0.212 seconds
[2021-11-28 10:11:55,098] {processor.py:163} INFO - Started process (PID=1506) to work on /home/airflow/.local/lib/python3.7/site-packages/airflow/example_dags/example_task_group_decorator.py
[2021-11-28 10:11:55,099] {processor.py:625} INFO - Processing file /home/airflow/.local/lib/python3.7/site-packages/airflow/example_dags/example_task_group_decorator.py for tasks to queue
[2021-11-28 10:11:55,100] {logging_mixin.py:109} INFO - [2021-11-28 10:11:55,099] {dagbag.py:500} INFO - Filling up the DagBag from /home/airflow/.local/lib/python3.7/site-packages/airflow/example_dags/example_task_group_decorator.py
[2021-11-28 10:11:55,148] {processor.py:637} INFO - DAG(s) dict_keys(['example_task_group_decorator']) retrieved from /home/airflow/.local/lib/python3.7/site-packages/airflow/example_dags/example_task_group_decorator.py
[2021-11-28 10:11:55,313] {logging_mixin.py:109} INFO - [2021-11-28 10:11:55,313] {dag.py:2396} INFO - Sync 1 DAGs
[2021-11-28 10:11:55,325] {logging_mixin.py:109} INFO - [2021-11-28 10:11:55,325] {dag.py:2928} INFO - Setting next_dagrun for example_task_group_decorator to 2021-11-27T10:11:55.324861+00:00
[2021-11-28 10:11:55,336] {processor.py:171} INFO - Processing /home/airflow/.local/lib/python3.7/site-packages/airflow/example_dags/example_task_group_decorator.py took 0.241 seconds
[2021-11-28 10:12:25,802] {processor.py:163} INFO - Started process (PID=1557) to work on /home/airflow/.local/lib/python3.7/site-packages/airflow/example_dags/example_task_group_decorator.py
[2021-11-28 10:12:25,804] {processor.py:625} INFO - Processing file /home/airflow/.local/lib/python3.7/site-packages/airflow/example_dags/example_task_group_decorator.py for tasks to queue
[2021-11-28 10:12:25,805] {logging_mixin.py:109} INFO - [2021-11-28 10:12:25,805] {dagbag.py:500} INFO - Filling up the DagBag from /home/airflow/.local/lib/python3.7/site-packages/airflow/example_dags/example_task_group_decorator.py
[2021-11-28 10:12:25,848] {processor.py:637} INFO - DAG(s) dict_keys(['example_task_group_decorator']) retrieved from /home/airflow/.local/lib/python3.7/site-packages/airflow/example_dags/example_task_group_decorator.py
[2021-11-28 10:12:26,000] {logging_mixin.py:109} INFO - [2021-11-28 10:12:26,000] {dag.py:2396} INFO - Sync 1 DAGs
[2021-11-28 10:12:26,011] {logging_mixin.py:109} INFO - [2021-11-28 10:12:26,011] {dag.py:2928} INFO - Setting next_dagrun for example_task_group_decorator to 2021-11-27T10:12:26.011345+00:00
[2021-11-28 10:12:26,024] {processor.py:171} INFO - Processing /home/airflow/.local/lib/python3.7/site-packages/airflow/example_dags/example_task_group_decorator.py took 0.225 seconds
[2021-11-28 10:12:56,563] {processor.py:163} INFO - Started process (PID=1617) to work on /home/airflow/.local/lib/python3.7/site-packages/airflow/example_dags/example_task_group_decorator.py
[2021-11-28 10:12:56,564] {processor.py:625} INFO - Processing file /home/airflow/.local/lib/python3.7/site-packages/airflow/example_dags/example_task_group_decorator.py for tasks to queue
[2021-11-28 10:12:56,564] {logging_mixin.py:109} INFO - [2021-11-28 10:12:56,564] {dagbag.py:500} INFO - Filling up the DagBag from /home/airflow/.local/lib/python3.7/site-packages/airflow/example_dags/example_task_group_decorator.py
[2021-11-28 10:12:56,592] {processor.py:637} INFO - DAG(s) dict_keys(['example_task_group_decorator']) retrieved from /home/airflow/.local/lib/python3.7/site-packages/airflow/example_dags/example_task_group_decorator.py
[2021-11-28 10:12:56,748] {logging_mixin.py:109} INFO - [2021-11-28 10:12:56,748] {dag.py:2396} INFO - Sync 1 DAGs
[2021-11-28 10:12:56,760] {logging_mixin.py:109} INFO - [2021-11-28 10:12:56,760] {dag.py:2928} INFO - Setting next_dagrun for example_task_group_decorator to 2021-11-27T10:12:56.760340+00:00
[2021-11-28 10:12:56,770] {processor.py:171} INFO - Processing /home/airflow/.local/lib/python3.7/site-packages/airflow/example_dags/example_task_group_decorator.py took 0.209 seconds
[2021-11-28 10:13:27,334] {processor.py:163} INFO - Started process (PID=1668) to work on /home/airflow/.local/lib/python3.7/site-packages/airflow/example_dags/example_task_group_decorator.py
[2021-11-28 10:13:27,335] {processor.py:625} INFO - Processing file /home/airflow/.local/lib/python3.7/site-packages/airflow/example_dags/example_task_group_decorator.py for tasks to queue
[2021-11-28 10:13:27,335] {logging_mixin.py:109} INFO - [2021-11-28 10:13:27,335] {dagbag.py:500} INFO - Filling up the DagBag from /home/airflow/.local/lib/python3.7/site-packages/airflow/example_dags/example_task_group_decorator.py
[2021-11-28 10:13:27,377] {processor.py:637} INFO - DAG(s) dict_keys(['example_task_group_decorator']) retrieved from /home/airflow/.local/lib/python3.7/site-packages/airflow/example_dags/example_task_group_decorator.py
[2021-11-28 10:13:27,524] {logging_mixin.py:109} INFO - [2021-11-28 10:13:27,524] {dag.py:2396} INFO - Sync 1 DAGs
[2021-11-28 10:13:27,534] {logging_mixin.py:109} INFO - [2021-11-28 10:13:27,534] {dag.py:2928} INFO - Setting next_dagrun for example_task_group_decorator to 2021-11-27T10:13:27.534069+00:00
[2021-11-28 10:13:27,543] {processor.py:171} INFO - Processing /home/airflow/.local/lib/python3.7/site-packages/airflow/example_dags/example_task_group_decorator.py took 0.213 seconds
[2021-11-28 10:13:58,212] {processor.py:163} INFO - Started process (PID=1728) to work on /home/airflow/.local/lib/python3.7/site-packages/airflow/example_dags/example_task_group_decorator.py
[2021-11-28 10:13:58,213] {processor.py:625} INFO - Processing file /home/airflow/.local/lib/python3.7/site-packages/airflow/example_dags/example_task_group_decorator.py for tasks to queue
[2021-11-28 10:13:58,213] {logging_mixin.py:109} INFO - [2021-11-28 10:13:58,213] {dagbag.py:500} INFO - Filling up the DagBag from /home/airflow/.local/lib/python3.7/site-packages/airflow/example_dags/example_task_group_decorator.py
[2021-11-28 10:13:58,242] {processor.py:637} INFO - DAG(s) dict_keys(['example_task_group_decorator']) retrieved from /home/airflow/.local/lib/python3.7/site-packages/airflow/example_dags/example_task_group_decorator.py
[2021-11-28 10:13:58,389] {logging_mixin.py:109} INFO - [2021-11-28 10:13:58,389] {dag.py:2396} INFO - Sync 1 DAGs
[2021-11-28 10:13:58,400] {logging_mixin.py:109} INFO - [2021-11-28 10:13:58,400] {dag.py:2928} INFO - Setting next_dagrun for example_task_group_decorator to 2021-11-27T10:13:58.400354+00:00
[2021-11-28 10:13:58,412] {processor.py:171} INFO - Processing /home/airflow/.local/lib/python3.7/site-packages/airflow/example_dags/example_task_group_decorator.py took 0.203 seconds
[2021-11-28 10:14:28,961] {processor.py:163} INFO - Started process (PID=1789) to work on /home/airflow/.local/lib/python3.7/site-packages/airflow/example_dags/example_task_group_decorator.py
[2021-11-28 10:14:28,962] {processor.py:625} INFO - Processing file /home/airflow/.local/lib/python3.7/site-packages/airflow/example_dags/example_task_group_decorator.py for tasks to queue
[2021-11-28 10:14:28,962] {logging_mixin.py:109} INFO - [2021-11-28 10:14:28,962] {dagbag.py:500} INFO - Filling up the DagBag from /home/airflow/.local/lib/python3.7/site-packages/airflow/example_dags/example_task_group_decorator.py
[2021-11-28 10:14:29,007] {processor.py:637} INFO - DAG(s) dict_keys(['example_task_group_decorator']) retrieved from /home/airflow/.local/lib/python3.7/site-packages/airflow/example_dags/example_task_group_decorator.py
[2021-11-28 10:14:29,188] {logging_mixin.py:109} INFO - [2021-11-28 10:14:29,188] {dag.py:2396} INFO - Sync 1 DAGs
[2021-11-28 10:14:29,198] {logging_mixin.py:109} INFO - [2021-11-28 10:14:29,198] {dag.py:2928} INFO - Setting next_dagrun for example_task_group_decorator to 2021-11-27T10:14:29.198121+00:00
[2021-11-28 10:14:29,207] {processor.py:171} INFO - Processing /home/airflow/.local/lib/python3.7/site-packages/airflow/example_dags/example_task_group_decorator.py took 0.249 seconds
[2021-11-28 10:14:59,704] {processor.py:163} INFO - Started process (PID=1840) to work on /home/airflow/.local/lib/python3.7/site-packages/airflow/example_dags/example_task_group_decorator.py
[2021-11-28 10:14:59,705] {processor.py:625} INFO - Processing file /home/airflow/.local/lib/python3.7/site-packages/airflow/example_dags/example_task_group_decorator.py for tasks to queue
[2021-11-28 10:14:59,705] {logging_mixin.py:109} INFO - [2021-11-28 10:14:59,705] {dagbag.py:500} INFO - Filling up the DagBag from /home/airflow/.local/lib/python3.7/site-packages/airflow/example_dags/example_task_group_decorator.py
[2021-11-28 10:14:59,731] {processor.py:637} INFO - DAG(s) dict_keys(['example_task_group_decorator']) retrieved from /home/airflow/.local/lib/python3.7/site-packages/airflow/example_dags/example_task_group_decorator.py
[2021-11-28 10:14:59,881] {logging_mixin.py:109} INFO - [2021-11-28 10:14:59,881] {dag.py:2396} INFO - Sync 1 DAGs
[2021-11-28 10:14:59,893] {logging_mixin.py:109} INFO - [2021-11-28 10:14:59,893] {dag.py:2928} INFO - Setting next_dagrun for example_task_group_decorator to 2021-11-27T10:14:59.893070+00:00
[2021-11-28 10:14:59,906] {processor.py:171} INFO - Processing /home/airflow/.local/lib/python3.7/site-packages/airflow/example_dags/example_task_group_decorator.py took 0.203 seconds
[2021-11-28 10:15:30,464] {processor.py:163} INFO - Started process (PID=1900) to work on /home/airflow/.local/lib/python3.7/site-packages/airflow/example_dags/example_task_group_decorator.py
[2021-11-28 10:15:30,466] {processor.py:625} INFO - Processing file /home/airflow/.local/lib/python3.7/site-packages/airflow/example_dags/example_task_group_decorator.py for tasks to queue
[2021-11-28 10:15:30,466] {logging_mixin.py:109} INFO - [2021-11-28 10:15:30,466] {dagbag.py:500} INFO - Filling up the DagBag from /home/airflow/.local/lib/python3.7/site-packages/airflow/example_dags/example_task_group_decorator.py
[2021-11-28 10:15:30,508] {processor.py:637} INFO - DAG(s) dict_keys(['example_task_group_decorator']) retrieved from /home/airflow/.local/lib/python3.7/site-packages/airflow/example_dags/example_task_group_decorator.py
[2021-11-28 10:15:30,671] {logging_mixin.py:109} INFO - [2021-11-28 10:15:30,671] {dag.py:2396} INFO - Sync 1 DAGs
[2021-11-28 10:15:30,682] {logging_mixin.py:109} INFO - [2021-11-28 10:15:30,682] {dag.py:2928} INFO - Setting next_dagrun for example_task_group_decorator to 2021-11-27T10:15:30.682609+00:00
[2021-11-28 10:15:30,694] {processor.py:171} INFO - Processing /home/airflow/.local/lib/python3.7/site-packages/airflow/example_dags/example_task_group_decorator.py took 0.233 seconds
[2021-11-28 10:16:01,141] {processor.py:163} INFO - Started process (PID=1951) to work on /home/airflow/.local/lib/python3.7/site-packages/airflow/example_dags/example_task_group_decorator.py
[2021-11-28 10:16:01,142] {processor.py:625} INFO - Processing file /home/airflow/.local/lib/python3.7/site-packages/airflow/example_dags/example_task_group_decorator.py for tasks to queue
[2021-11-28 10:16:01,142] {logging_mixin.py:109} INFO - [2021-11-28 10:16:01,142] {dagbag.py:500} INFO - Filling up the DagBag from /home/airflow/.local/lib/python3.7/site-packages/airflow/example_dags/example_task_group_decorator.py
[2021-11-28 10:16:01,174] {processor.py:637} INFO - DAG(s) dict_keys(['example_task_group_decorator']) retrieved from /home/airflow/.local/lib/python3.7/site-packages/airflow/example_dags/example_task_group_decorator.py
[2021-11-28 10:16:01,359] {logging_mixin.py:109} INFO - [2021-11-28 10:16:01,358] {dag.py:2396} INFO - Sync 1 DAGs
[2021-11-28 10:16:01,374] {logging_mixin.py:109} INFO - [2021-11-28 10:16:01,374] {dag.py:2928} INFO - Setting next_dagrun for example_task_group_decorator to 2021-11-27T10:16:01.374271+00:00
[2021-11-28 10:16:01,389] {processor.py:171} INFO - Processing /home/airflow/.local/lib/python3.7/site-packages/airflow/example_dags/example_task_group_decorator.py took 0.250 seconds
[2021-11-28 10:16:31,874] {processor.py:163} INFO - Started process (PID=2012) to work on /home/airflow/.local/lib/python3.7/site-packages/airflow/example_dags/example_task_group_decorator.py
[2021-11-28 10:16:31,874] {processor.py:625} INFO - Processing file /home/airflow/.local/lib/python3.7/site-packages/airflow/example_dags/example_task_group_decorator.py for tasks to queue
[2021-11-28 10:16:31,875] {logging_mixin.py:109} INFO - [2021-11-28 10:16:31,875] {dagbag.py:500} INFO - Filling up the DagBag from /home/airflow/.local/lib/python3.7/site-packages/airflow/example_dags/example_task_group_decorator.py
[2021-11-28 10:16:31,903] {processor.py:637} INFO - DAG(s) dict_keys(['example_task_group_decorator']) retrieved from /home/airflow/.local/lib/python3.7/site-packages/airflow/example_dags/example_task_group_decorator.py
[2021-11-28 10:16:32,057] {logging_mixin.py:109} INFO - [2021-11-28 10:16:32,056] {dag.py:2396} INFO - Sync 1 DAGs
[2021-11-28 10:16:32,069] {logging_mixin.py:109} INFO - [2021-11-28 10:16:32,068] {dag.py:2928} INFO - Setting next_dagrun for example_task_group_decorator to 2021-11-27T10:16:32.068763+00:00
[2021-11-28 10:16:32,079] {processor.py:171} INFO - Processing /home/airflow/.local/lib/python3.7/site-packages/airflow/example_dags/example_task_group_decorator.py took 0.207 seconds
[2021-11-28 10:17:02,589] {processor.py:163} INFO - Started process (PID=2072) to work on /home/airflow/.local/lib/python3.7/site-packages/airflow/example_dags/example_task_group_decorator.py
[2021-11-28 10:17:02,590] {processor.py:625} INFO - Processing file /home/airflow/.local/lib/python3.7/site-packages/airflow/example_dags/example_task_group_decorator.py for tasks to queue
[2021-11-28 10:17:02,590] {logging_mixin.py:109} INFO - [2021-11-28 10:17:02,590] {dagbag.py:500} INFO - Filling up the DagBag from /home/airflow/.local/lib/python3.7/site-packages/airflow/example_dags/example_task_group_decorator.py
[2021-11-28 10:17:02,621] {processor.py:637} INFO - DAG(s) dict_keys(['example_task_group_decorator']) retrieved from /home/airflow/.local/lib/python3.7/site-packages/airflow/example_dags/example_task_group_decorator.py
[2021-11-28 10:17:02,776] {logging_mixin.py:109} INFO - [2021-11-28 10:17:02,776] {dag.py:2396} INFO - Sync 1 DAGs
[2021-11-28 10:17:02,788] {logging_mixin.py:109} INFO - [2021-11-28 10:17:02,788] {dag.py:2928} INFO - Setting next_dagrun for example_task_group_decorator to 2021-11-27T10:17:02.788352+00:00
[2021-11-28 10:17:02,799] {processor.py:171} INFO - Processing /home/airflow/.local/lib/python3.7/site-packages/airflow/example_dags/example_task_group_decorator.py took 0.213 seconds
