[2021-11-28 09:45:02,382] {processor.py:163} INFO - Started process (PID=282) to work on /home/airflow/.local/lib/python3.7/site-packages/airflow/example_dags/example_xcom.py
[2021-11-28 09:45:02,383] {processor.py:625} INFO - Processing file /home/airflow/.local/lib/python3.7/site-packages/airflow/example_dags/example_xcom.py for tasks to queue
[2021-11-28 09:45:02,384] {logging_mixin.py:109} INFO - [2021-11-28 09:45:02,384] {dagbag.py:500} INFO - Filling up the DagBag from /home/airflow/.local/lib/python3.7/site-packages/airflow/example_dags/example_xcom.py
[2021-11-28 09:45:02,415] {processor.py:637} INFO - DAG(s) dict_keys(['example_xcom']) retrieved from /home/airflow/.local/lib/python3.7/site-packages/airflow/example_dags/example_xcom.py
[2021-11-28 09:45:03,402] {logging_mixin.py:109} INFO - [2021-11-28 09:45:03,402] {providers_manager.py:156} WARNING - Exception when importing 'airflow.providers.google.leveldb.hooks.leveldb.LevelDBHook' from 'apache-airflow-providers-google' package: No module named 'plyvel'
[2021-11-28 09:45:03,642] {logging_mixin.py:109} INFO - [2021-11-28 09:45:03,642] {providers_manager.py:156} WARNING - Exception when importing 'airflow.providers.google.leveldb.hooks.leveldb.LevelDBHook' from 'apache-airflow-providers-google' package: No module named 'plyvel'
[2021-11-28 09:45:03,667] {logging_mixin.py:109} INFO - [2021-11-28 09:45:03,667] {manager.py:496} INFO - Created Permission View: can read on DAG:example_xcom
[2021-11-28 09:45:03,676] {logging_mixin.py:109} INFO - [2021-11-28 09:45:03,676] {manager.py:496} INFO - Created Permission View: can edit on DAG:example_xcom
[2021-11-28 09:45:03,676] {logging_mixin.py:109} INFO - [2021-11-28 09:45:03,676] {dag.py:2396} INFO - Sync 1 DAGs
[2021-11-28 09:45:03,685] {logging_mixin.py:109} INFO - [2021-11-28 09:45:03,684] {dag.py:2415} INFO - Creating ORM DAG for example_xcom
[2021-11-28 09:45:03,693] {logging_mixin.py:109} INFO - [2021-11-28 09:45:03,693] {dag.py:2928} INFO - Setting next_dagrun for example_xcom to 2021-01-01T00:00:00+00:00
[2021-11-28 09:45:03,703] {processor.py:171} INFO - Processing /home/airflow/.local/lib/python3.7/site-packages/airflow/example_dags/example_xcom.py took 1.324 seconds
[2021-11-28 09:45:34,665] {processor.py:163} INFO - Started process (PID=490) to work on /home/airflow/.local/lib/python3.7/site-packages/airflow/example_dags/example_xcom.py
[2021-11-28 09:45:34,666] {processor.py:625} INFO - Processing file /home/airflow/.local/lib/python3.7/site-packages/airflow/example_dags/example_xcom.py for tasks to queue
[2021-11-28 09:45:34,667] {logging_mixin.py:109} INFO - [2021-11-28 09:45:34,666] {dagbag.py:500} INFO - Filling up the DagBag from /home/airflow/.local/lib/python3.7/site-packages/airflow/example_dags/example_xcom.py
[2021-11-28 09:45:34,695] {processor.py:637} INFO - DAG(s) dict_keys(['example_xcom']) retrieved from /home/airflow/.local/lib/python3.7/site-packages/airflow/example_dags/example_xcom.py
[2021-11-28 09:45:34,891] {logging_mixin.py:109} INFO - [2021-11-28 09:45:34,891] {dag.py:2396} INFO - Sync 1 DAGs
[2021-11-28 09:45:34,901] {logging_mixin.py:109} INFO - [2021-11-28 09:45:34,901] {dag.py:2928} INFO - Setting next_dagrun for example_xcom to 2021-01-01T00:00:00+00:00
[2021-11-28 09:45:34,909] {processor.py:171} INFO - Processing /home/airflow/.local/lib/python3.7/site-packages/airflow/example_dags/example_xcom.py took 0.247 seconds
[2021-11-28 09:46:05,321] {processor.py:163} INFO - Started process (PID=550) to work on /home/airflow/.local/lib/python3.7/site-packages/airflow/example_dags/example_xcom.py
[2021-11-28 09:46:05,322] {processor.py:625} INFO - Processing file /home/airflow/.local/lib/python3.7/site-packages/airflow/example_dags/example_xcom.py for tasks to queue
[2021-11-28 09:46:05,323] {logging_mixin.py:109} INFO - [2021-11-28 09:46:05,322] {dagbag.py:500} INFO - Filling up the DagBag from /home/airflow/.local/lib/python3.7/site-packages/airflow/example_dags/example_xcom.py
[2021-11-28 09:46:05,350] {processor.py:637} INFO - DAG(s) dict_keys(['example_xcom']) retrieved from /home/airflow/.local/lib/python3.7/site-packages/airflow/example_dags/example_xcom.py
[2021-11-28 09:46:05,554] {logging_mixin.py:109} INFO - [2021-11-28 09:46:05,554] {dag.py:2396} INFO - Sync 1 DAGs
[2021-11-28 09:46:05,564] {logging_mixin.py:109} INFO - [2021-11-28 09:46:05,564] {dag.py:2928} INFO - Setting next_dagrun for example_xcom to 2021-01-01T00:00:00+00:00
[2021-11-28 09:46:05,572] {processor.py:171} INFO - Processing /home/airflow/.local/lib/python3.7/site-packages/airflow/example_dags/example_xcom.py took 0.254 seconds
[2021-11-28 09:46:35,614] {processor.py:163} INFO - Started process (PID=611) to work on /home/airflow/.local/lib/python3.7/site-packages/airflow/example_dags/example_xcom.py
[2021-11-28 09:46:35,615] {processor.py:625} INFO - Processing file /home/airflow/.local/lib/python3.7/site-packages/airflow/example_dags/example_xcom.py for tasks to queue
[2021-11-28 09:46:35,616] {logging_mixin.py:109} INFO - [2021-11-28 09:46:35,616] {dagbag.py:500} INFO - Filling up the DagBag from /home/airflow/.local/lib/python3.7/site-packages/airflow/example_dags/example_xcom.py
[2021-11-28 09:46:35,644] {processor.py:637} INFO - DAG(s) dict_keys(['example_xcom']) retrieved from /home/airflow/.local/lib/python3.7/site-packages/airflow/example_dags/example_xcom.py
[2021-11-28 09:46:35,870] {logging_mixin.py:109} INFO - [2021-11-28 09:46:35,870] {dag.py:2396} INFO - Sync 1 DAGs
[2021-11-28 09:46:35,881] {logging_mixin.py:109} INFO - [2021-11-28 09:46:35,881] {dag.py:2928} INFO - Setting next_dagrun for example_xcom to 2021-01-01T00:00:00+00:00
[2021-11-28 09:46:35,890] {processor.py:171} INFO - Processing /home/airflow/.local/lib/python3.7/site-packages/airflow/example_dags/example_xcom.py took 0.279 seconds
[2021-11-28 09:48:49,916] {processor.py:163} INFO - Started process (PID=48) to work on /home/airflow/.local/lib/python3.7/site-packages/airflow/example_dags/example_xcom.py
[2021-11-28 09:48:49,917] {processor.py:625} INFO - Processing file /home/airflow/.local/lib/python3.7/site-packages/airflow/example_dags/example_xcom.py for tasks to queue
[2021-11-28 09:48:49,917] {logging_mixin.py:109} INFO - [2021-11-28 09:48:49,917] {dagbag.py:500} INFO - Filling up the DagBag from /home/airflow/.local/lib/python3.7/site-packages/airflow/example_dags/example_xcom.py
[2021-11-28 09:48:49,942] {processor.py:637} INFO - DAG(s) dict_keys(['example_xcom']) retrieved from /home/airflow/.local/lib/python3.7/site-packages/airflow/example_dags/example_xcom.py
[2021-11-28 09:48:50,186] {logging_mixin.py:109} INFO - [2021-11-28 09:48:50,186] {dag.py:2396} INFO - Sync 1 DAGs
[2021-11-28 09:48:50,197] {logging_mixin.py:109} INFO - [2021-11-28 09:48:50,197] {dag.py:2928} INFO - Setting next_dagrun for example_xcom to 2021-01-01T00:00:00+00:00
[2021-11-28 09:48:50,207] {processor.py:171} INFO - Processing /home/airflow/.local/lib/python3.7/site-packages/airflow/example_dags/example_xcom.py took 0.293 seconds
[2021-11-28 09:49:21,093] {processor.py:163} INFO - Started process (PID=108) to work on /home/airflow/.local/lib/python3.7/site-packages/airflow/example_dags/example_xcom.py
[2021-11-28 09:49:21,094] {processor.py:625} INFO - Processing file /home/airflow/.local/lib/python3.7/site-packages/airflow/example_dags/example_xcom.py for tasks to queue
[2021-11-28 09:49:21,095] {logging_mixin.py:109} INFO - [2021-11-28 09:49:21,095] {dagbag.py:500} INFO - Filling up the DagBag from /home/airflow/.local/lib/python3.7/site-packages/airflow/example_dags/example_xcom.py
[2021-11-28 09:49:21,115] {processor.py:637} INFO - DAG(s) dict_keys(['example_xcom']) retrieved from /home/airflow/.local/lib/python3.7/site-packages/airflow/example_dags/example_xcom.py
[2021-11-28 09:49:21,331] {logging_mixin.py:109} INFO - [2021-11-28 09:49:21,331] {dag.py:2396} INFO - Sync 1 DAGs
[2021-11-28 09:49:21,342] {logging_mixin.py:109} INFO - [2021-11-28 09:49:21,342] {dag.py:2928} INFO - Setting next_dagrun for example_xcom to 2021-01-01T00:00:00+00:00
[2021-11-28 09:49:21,351] {processor.py:171} INFO - Processing /home/airflow/.local/lib/python3.7/site-packages/airflow/example_dags/example_xcom.py took 0.260 seconds
[2021-11-28 09:49:52,127] {processor.py:163} INFO - Started process (PID=159) to work on /home/airflow/.local/lib/python3.7/site-packages/airflow/example_dags/example_xcom.py
[2021-11-28 09:49:52,127] {processor.py:625} INFO - Processing file /home/airflow/.local/lib/python3.7/site-packages/airflow/example_dags/example_xcom.py for tasks to queue
[2021-11-28 09:49:52,128] {logging_mixin.py:109} INFO - [2021-11-28 09:49:52,128] {dagbag.py:500} INFO - Filling up the DagBag from /home/airflow/.local/lib/python3.7/site-packages/airflow/example_dags/example_xcom.py
[2021-11-28 09:49:52,149] {processor.py:637} INFO - DAG(s) dict_keys(['example_xcom']) retrieved from /home/airflow/.local/lib/python3.7/site-packages/airflow/example_dags/example_xcom.py
[2021-11-28 09:49:52,370] {logging_mixin.py:109} INFO - [2021-11-28 09:49:52,370] {dag.py:2396} INFO - Sync 1 DAGs
[2021-11-28 09:49:52,381] {logging_mixin.py:109} INFO - [2021-11-28 09:49:52,381] {dag.py:2928} INFO - Setting next_dagrun for example_xcom to 2021-01-01T00:00:00+00:00
[2021-11-28 09:49:52,390] {processor.py:171} INFO - Processing /home/airflow/.local/lib/python3.7/site-packages/airflow/example_dags/example_xcom.py took 0.266 seconds
[2021-11-28 09:50:23,133] {processor.py:163} INFO - Started process (PID=219) to work on /home/airflow/.local/lib/python3.7/site-packages/airflow/example_dags/example_xcom.py
[2021-11-28 09:50:23,134] {processor.py:625} INFO - Processing file /home/airflow/.local/lib/python3.7/site-packages/airflow/example_dags/example_xcom.py for tasks to queue
[2021-11-28 09:50:23,135] {logging_mixin.py:109} INFO - [2021-11-28 09:50:23,135] {dagbag.py:500} INFO - Filling up the DagBag from /home/airflow/.local/lib/python3.7/site-packages/airflow/example_dags/example_xcom.py
[2021-11-28 09:50:23,162] {processor.py:637} INFO - DAG(s) dict_keys(['example_xcom']) retrieved from /home/airflow/.local/lib/python3.7/site-packages/airflow/example_dags/example_xcom.py
[2021-11-28 09:50:23,380] {logging_mixin.py:109} INFO - [2021-11-28 09:50:23,379] {dag.py:2396} INFO - Sync 1 DAGs
[2021-11-28 09:50:23,389] {logging_mixin.py:109} INFO - [2021-11-28 09:50:23,389] {dag.py:2928} INFO - Setting next_dagrun for example_xcom to 2021-01-01T00:00:00+00:00
[2021-11-28 09:50:23,397] {processor.py:171} INFO - Processing /home/airflow/.local/lib/python3.7/site-packages/airflow/example_dags/example_xcom.py took 0.267 seconds
[2021-11-28 09:50:54,301] {processor.py:163} INFO - Started process (PID=282) to work on /home/airflow/.local/lib/python3.7/site-packages/airflow/example_dags/example_xcom.py
[2021-11-28 09:50:54,302] {processor.py:625} INFO - Processing file /home/airflow/.local/lib/python3.7/site-packages/airflow/example_dags/example_xcom.py for tasks to queue
[2021-11-28 09:50:54,303] {logging_mixin.py:109} INFO - [2021-11-28 09:50:54,302] {dagbag.py:500} INFO - Filling up the DagBag from /home/airflow/.local/lib/python3.7/site-packages/airflow/example_dags/example_xcom.py
[2021-11-28 09:50:54,329] {processor.py:637} INFO - DAG(s) dict_keys(['example_xcom']) retrieved from /home/airflow/.local/lib/python3.7/site-packages/airflow/example_dags/example_xcom.py
[2021-11-28 09:50:54,543] {logging_mixin.py:109} INFO - [2021-11-28 09:50:54,543] {dag.py:2396} INFO - Sync 1 DAGs
[2021-11-28 09:50:54,553] {logging_mixin.py:109} INFO - [2021-11-28 09:50:54,553] {dag.py:2928} INFO - Setting next_dagrun for example_xcom to 2021-01-01T00:00:00+00:00
[2021-11-28 09:50:54,562] {processor.py:171} INFO - Processing /home/airflow/.local/lib/python3.7/site-packages/airflow/example_dags/example_xcom.py took 0.264 seconds
[2021-11-28 09:51:48,460] {processor.py:163} INFO - Started process (PID=47) to work on /home/airflow/.local/lib/python3.7/site-packages/airflow/example_dags/example_xcom.py
[2021-11-28 09:51:48,461] {processor.py:625} INFO - Processing file /home/airflow/.local/lib/python3.7/site-packages/airflow/example_dags/example_xcom.py for tasks to queue
[2021-11-28 09:51:48,462] {logging_mixin.py:109} INFO - [2021-11-28 09:51:48,462] {dagbag.py:500} INFO - Filling up the DagBag from /home/airflow/.local/lib/python3.7/site-packages/airflow/example_dags/example_xcom.py
[2021-11-28 09:51:48,491] {processor.py:637} INFO - DAG(s) dict_keys(['example_xcom']) retrieved from /home/airflow/.local/lib/python3.7/site-packages/airflow/example_dags/example_xcom.py
[2021-11-28 09:51:48,716] {logging_mixin.py:109} INFO - [2021-11-28 09:51:48,716] {dag.py:2396} INFO - Sync 1 DAGs
[2021-11-28 09:51:48,731] {logging_mixin.py:109} INFO - [2021-11-28 09:51:48,730] {dag.py:2928} INFO - Setting next_dagrun for example_xcom to 2021-01-01T00:00:00+00:00
[2021-11-28 09:51:48,740] {processor.py:171} INFO - Processing /home/airflow/.local/lib/python3.7/site-packages/airflow/example_dags/example_xcom.py took 0.282 seconds
[2021-11-28 09:52:18,803] {processor.py:163} INFO - Started process (PID=109) to work on /home/airflow/.local/lib/python3.7/site-packages/airflow/example_dags/example_xcom.py
[2021-11-28 09:52:18,804] {processor.py:625} INFO - Processing file /home/airflow/.local/lib/python3.7/site-packages/airflow/example_dags/example_xcom.py for tasks to queue
[2021-11-28 09:52:18,805] {logging_mixin.py:109} INFO - [2021-11-28 09:52:18,805] {dagbag.py:500} INFO - Filling up the DagBag from /home/airflow/.local/lib/python3.7/site-packages/airflow/example_dags/example_xcom.py
[2021-11-28 09:52:18,831] {processor.py:637} INFO - DAG(s) dict_keys(['example_xcom']) retrieved from /home/airflow/.local/lib/python3.7/site-packages/airflow/example_dags/example_xcom.py
[2021-11-28 09:52:19,036] {logging_mixin.py:109} INFO - [2021-11-28 09:52:19,036] {dag.py:2396} INFO - Sync 1 DAGs
[2021-11-28 09:52:19,046] {logging_mixin.py:109} INFO - [2021-11-28 09:52:19,046] {dag.py:2928} INFO - Setting next_dagrun for example_xcom to 2021-01-01T00:00:00+00:00
[2021-11-28 09:52:19,055] {processor.py:171} INFO - Processing /home/airflow/.local/lib/python3.7/site-packages/airflow/example_dags/example_xcom.py took 0.255 seconds
[2021-11-28 09:52:49,776] {processor.py:163} INFO - Started process (PID=160) to work on /home/airflow/.local/lib/python3.7/site-packages/airflow/example_dags/example_xcom.py
[2021-11-28 09:52:49,777] {processor.py:625} INFO - Processing file /home/airflow/.local/lib/python3.7/site-packages/airflow/example_dags/example_xcom.py for tasks to queue
[2021-11-28 09:52:49,778] {logging_mixin.py:109} INFO - [2021-11-28 09:52:49,778] {dagbag.py:500} INFO - Filling up the DagBag from /home/airflow/.local/lib/python3.7/site-packages/airflow/example_dags/example_xcom.py
[2021-11-28 09:52:49,805] {processor.py:637} INFO - DAG(s) dict_keys(['example_xcom']) retrieved from /home/airflow/.local/lib/python3.7/site-packages/airflow/example_dags/example_xcom.py
[2021-11-28 09:52:50,021] {logging_mixin.py:109} INFO - [2021-11-28 09:52:50,021] {dag.py:2396} INFO - Sync 1 DAGs
[2021-11-28 09:52:50,031] {logging_mixin.py:109} INFO - [2021-11-28 09:52:50,031] {dag.py:2928} INFO - Setting next_dagrun for example_xcom to 2021-01-01T00:00:00+00:00
[2021-11-28 09:52:50,043] {processor.py:171} INFO - Processing /home/airflow/.local/lib/python3.7/site-packages/airflow/example_dags/example_xcom.py took 0.270 seconds
[2021-11-28 09:58:34,126] {processor.py:163} INFO - Started process (PID=47) to work on /home/airflow/.local/lib/python3.7/site-packages/airflow/example_dags/example_xcom.py
[2021-11-28 09:58:34,128] {processor.py:625} INFO - Processing file /home/airflow/.local/lib/python3.7/site-packages/airflow/example_dags/example_xcom.py for tasks to queue
[2021-11-28 09:58:34,128] {logging_mixin.py:109} INFO - [2021-11-28 09:58:34,128] {dagbag.py:500} INFO - Filling up the DagBag from /home/airflow/.local/lib/python3.7/site-packages/airflow/example_dags/example_xcom.py
[2021-11-28 09:58:34,162] {processor.py:637} INFO - DAG(s) dict_keys(['example_xcom']) retrieved from /home/airflow/.local/lib/python3.7/site-packages/airflow/example_dags/example_xcom.py
[2021-11-28 09:58:34,408] {logging_mixin.py:109} INFO - [2021-11-28 09:58:34,408] {dag.py:2396} INFO - Sync 1 DAGs
[2021-11-28 09:58:34,421] {logging_mixin.py:109} INFO - [2021-11-28 09:58:34,421] {dag.py:2928} INFO - Setting next_dagrun for example_xcom to 2021-01-01T00:00:00+00:00
[2021-11-28 09:58:34,431] {processor.py:171} INFO - Processing /home/airflow/.local/lib/python3.7/site-packages/airflow/example_dags/example_xcom.py took 0.308 seconds
[2021-11-28 09:59:05,086] {processor.py:163} INFO - Started process (PID=107) to work on /home/airflow/.local/lib/python3.7/site-packages/airflow/example_dags/example_xcom.py
[2021-11-28 09:59:05,086] {processor.py:625} INFO - Processing file /home/airflow/.local/lib/python3.7/site-packages/airflow/example_dags/example_xcom.py for tasks to queue
[2021-11-28 09:59:05,087] {logging_mixin.py:109} INFO - [2021-11-28 09:59:05,087] {dagbag.py:500} INFO - Filling up the DagBag from /home/airflow/.local/lib/python3.7/site-packages/airflow/example_dags/example_xcom.py
[2021-11-28 09:59:05,106] {processor.py:637} INFO - DAG(s) dict_keys(['example_xcom']) retrieved from /home/airflow/.local/lib/python3.7/site-packages/airflow/example_dags/example_xcom.py
[2021-11-28 09:59:05,323] {logging_mixin.py:109} INFO - [2021-11-28 09:59:05,323] {dag.py:2396} INFO - Sync 1 DAGs
[2021-11-28 09:59:05,333] {logging_mixin.py:109} INFO - [2021-11-28 09:59:05,333] {dag.py:2928} INFO - Setting next_dagrun for example_xcom to 2021-01-01T00:00:00+00:00
[2021-11-28 09:59:05,344] {processor.py:171} INFO - Processing /home/airflow/.local/lib/python3.7/site-packages/airflow/example_dags/example_xcom.py took 0.260 seconds
[2021-11-28 09:59:35,931] {processor.py:163} INFO - Started process (PID=167) to work on /home/airflow/.local/lib/python3.7/site-packages/airflow/example_dags/example_xcom.py
[2021-11-28 09:59:35,933] {processor.py:625} INFO - Processing file /home/airflow/.local/lib/python3.7/site-packages/airflow/example_dags/example_xcom.py for tasks to queue
[2021-11-28 09:59:35,933] {logging_mixin.py:109} INFO - [2021-11-28 09:59:35,933] {dagbag.py:500} INFO - Filling up the DagBag from /home/airflow/.local/lib/python3.7/site-packages/airflow/example_dags/example_xcom.py
[2021-11-28 09:59:35,962] {processor.py:637} INFO - DAG(s) dict_keys(['example_xcom']) retrieved from /home/airflow/.local/lib/python3.7/site-packages/airflow/example_dags/example_xcom.py
[2021-11-28 09:59:36,176] {logging_mixin.py:109} INFO - [2021-11-28 09:59:36,175] {dag.py:2396} INFO - Sync 1 DAGs
[2021-11-28 09:59:36,185] {logging_mixin.py:109} INFO - [2021-11-28 09:59:36,185] {dag.py:2928} INFO - Setting next_dagrun for example_xcom to 2021-01-01T00:00:00+00:00
[2021-11-28 09:59:36,194] {processor.py:171} INFO - Processing /home/airflow/.local/lib/python3.7/site-packages/airflow/example_dags/example_xcom.py took 0.266 seconds
[2021-11-28 10:00:06,856] {processor.py:163} INFO - Started process (PID=218) to work on /home/airflow/.local/lib/python3.7/site-packages/airflow/example_dags/example_xcom.py
[2021-11-28 10:00:06,857] {processor.py:625} INFO - Processing file /home/airflow/.local/lib/python3.7/site-packages/airflow/example_dags/example_xcom.py for tasks to queue
[2021-11-28 10:00:06,858] {logging_mixin.py:109} INFO - [2021-11-28 10:00:06,858] {dagbag.py:500} INFO - Filling up the DagBag from /home/airflow/.local/lib/python3.7/site-packages/airflow/example_dags/example_xcom.py
[2021-11-28 10:00:06,883] {processor.py:637} INFO - DAG(s) dict_keys(['example_xcom']) retrieved from /home/airflow/.local/lib/python3.7/site-packages/airflow/example_dags/example_xcom.py
[2021-11-28 10:00:07,086] {logging_mixin.py:109} INFO - [2021-11-28 10:00:07,086] {dag.py:2396} INFO - Sync 1 DAGs
[2021-11-28 10:00:07,097] {logging_mixin.py:109} INFO - [2021-11-28 10:00:07,097] {dag.py:2928} INFO - Setting next_dagrun for example_xcom to 2021-01-01T00:00:00+00:00
[2021-11-28 10:00:07,106] {processor.py:171} INFO - Processing /home/airflow/.local/lib/python3.7/site-packages/airflow/example_dags/example_xcom.py took 0.252 seconds
[2021-11-28 10:00:37,654] {processor.py:163} INFO - Started process (PID=278) to work on /home/airflow/.local/lib/python3.7/site-packages/airflow/example_dags/example_xcom.py
[2021-11-28 10:00:37,660] {processor.py:625} INFO - Processing file /home/airflow/.local/lib/python3.7/site-packages/airflow/example_dags/example_xcom.py for tasks to queue
[2021-11-28 10:00:37,661] {logging_mixin.py:109} INFO - [2021-11-28 10:00:37,661] {dagbag.py:500} INFO - Filling up the DagBag from /home/airflow/.local/lib/python3.7/site-packages/airflow/example_dags/example_xcom.py
[2021-11-28 10:00:37,688] {processor.py:637} INFO - DAG(s) dict_keys(['example_xcom']) retrieved from /home/airflow/.local/lib/python3.7/site-packages/airflow/example_dags/example_xcom.py
[2021-11-28 10:00:37,888] {logging_mixin.py:109} INFO - [2021-11-28 10:00:37,888] {dag.py:2396} INFO - Sync 1 DAGs
[2021-11-28 10:00:37,899] {logging_mixin.py:109} INFO - [2021-11-28 10:00:37,899] {dag.py:2928} INFO - Setting next_dagrun for example_xcom to 2021-01-01T00:00:00+00:00
[2021-11-28 10:00:37,909] {processor.py:171} INFO - Processing /home/airflow/.local/lib/python3.7/site-packages/airflow/example_dags/example_xcom.py took 0.258 seconds
[2021-11-28 10:01:08,653] {processor.py:163} INFO - Started process (PID=329) to work on /home/airflow/.local/lib/python3.7/site-packages/airflow/example_dags/example_xcom.py
[2021-11-28 10:01:08,654] {processor.py:625} INFO - Processing file /home/airflow/.local/lib/python3.7/site-packages/airflow/example_dags/example_xcom.py for tasks to queue
[2021-11-28 10:01:08,654] {logging_mixin.py:109} INFO - [2021-11-28 10:01:08,654] {dagbag.py:500} INFO - Filling up the DagBag from /home/airflow/.local/lib/python3.7/site-packages/airflow/example_dags/example_xcom.py
[2021-11-28 10:01:08,683] {processor.py:637} INFO - DAG(s) dict_keys(['example_xcom']) retrieved from /home/airflow/.local/lib/python3.7/site-packages/airflow/example_dags/example_xcom.py
[2021-11-28 10:01:08,896] {logging_mixin.py:109} INFO - [2021-11-28 10:01:08,896] {dag.py:2396} INFO - Sync 1 DAGs
[2021-11-28 10:01:08,907] {logging_mixin.py:109} INFO - [2021-11-28 10:01:08,907] {dag.py:2928} INFO - Setting next_dagrun for example_xcom to 2021-01-01T00:00:00+00:00
[2021-11-28 10:01:08,916] {processor.py:171} INFO - Processing /home/airflow/.local/lib/python3.7/site-packages/airflow/example_dags/example_xcom.py took 0.266 seconds
[2021-11-28 10:01:39,529] {processor.py:163} INFO - Started process (PID=389) to work on /home/airflow/.local/lib/python3.7/site-packages/airflow/example_dags/example_xcom.py
[2021-11-28 10:01:39,530] {processor.py:625} INFO - Processing file /home/airflow/.local/lib/python3.7/site-packages/airflow/example_dags/example_xcom.py for tasks to queue
[2021-11-28 10:01:39,530] {logging_mixin.py:109} INFO - [2021-11-28 10:01:39,530] {dagbag.py:500} INFO - Filling up the DagBag from /home/airflow/.local/lib/python3.7/site-packages/airflow/example_dags/example_xcom.py
[2021-11-28 10:01:39,549] {processor.py:637} INFO - DAG(s) dict_keys(['example_xcom']) retrieved from /home/airflow/.local/lib/python3.7/site-packages/airflow/example_dags/example_xcom.py
[2021-11-28 10:01:39,760] {logging_mixin.py:109} INFO - [2021-11-28 10:01:39,760] {dag.py:2396} INFO - Sync 1 DAGs
[2021-11-28 10:01:39,770] {logging_mixin.py:109} INFO - [2021-11-28 10:01:39,770] {dag.py:2928} INFO - Setting next_dagrun for example_xcom to 2021-01-01T00:00:00+00:00
[2021-11-28 10:01:39,778] {processor.py:171} INFO - Processing /home/airflow/.local/lib/python3.7/site-packages/airflow/example_dags/example_xcom.py took 0.252 seconds
[2021-11-28 10:02:10,449] {processor.py:163} INFO - Started process (PID=449) to work on /home/airflow/.local/lib/python3.7/site-packages/airflow/example_dags/example_xcom.py
[2021-11-28 10:02:10,450] {processor.py:625} INFO - Processing file /home/airflow/.local/lib/python3.7/site-packages/airflow/example_dags/example_xcom.py for tasks to queue
[2021-11-28 10:02:10,451] {logging_mixin.py:109} INFO - [2021-11-28 10:02:10,451] {dagbag.py:500} INFO - Filling up the DagBag from /home/airflow/.local/lib/python3.7/site-packages/airflow/example_dags/example_xcom.py
[2021-11-28 10:02:10,482] {processor.py:637} INFO - DAG(s) dict_keys(['example_xcom']) retrieved from /home/airflow/.local/lib/python3.7/site-packages/airflow/example_dags/example_xcom.py
[2021-11-28 10:02:10,713] {logging_mixin.py:109} INFO - [2021-11-28 10:02:10,713] {dag.py:2396} INFO - Sync 1 DAGs
[2021-11-28 10:02:10,725] {logging_mixin.py:109} INFO - [2021-11-28 10:02:10,725] {dag.py:2928} INFO - Setting next_dagrun for example_xcom to 2021-01-01T00:00:00+00:00
[2021-11-28 10:02:10,734] {processor.py:171} INFO - Processing /home/airflow/.local/lib/python3.7/site-packages/airflow/example_dags/example_xcom.py took 0.288 seconds
[2021-11-28 10:02:41,409] {processor.py:163} INFO - Started process (PID=500) to work on /home/airflow/.local/lib/python3.7/site-packages/airflow/example_dags/example_xcom.py
[2021-11-28 10:02:41,410] {processor.py:625} INFO - Processing file /home/airflow/.local/lib/python3.7/site-packages/airflow/example_dags/example_xcom.py for tasks to queue
[2021-11-28 10:02:41,410] {logging_mixin.py:109} INFO - [2021-11-28 10:02:41,410] {dagbag.py:500} INFO - Filling up the DagBag from /home/airflow/.local/lib/python3.7/site-packages/airflow/example_dags/example_xcom.py
[2021-11-28 10:02:41,429] {processor.py:637} INFO - DAG(s) dict_keys(['example_xcom']) retrieved from /home/airflow/.local/lib/python3.7/site-packages/airflow/example_dags/example_xcom.py
[2021-11-28 10:02:41,645] {logging_mixin.py:109} INFO - [2021-11-28 10:02:41,644] {dag.py:2396} INFO - Sync 1 DAGs
[2021-11-28 10:02:41,656] {logging_mixin.py:109} INFO - [2021-11-28 10:02:41,656] {dag.py:2928} INFO - Setting next_dagrun for example_xcom to 2021-01-01T00:00:00+00:00
[2021-11-28 10:02:41,667] {processor.py:171} INFO - Processing /home/airflow/.local/lib/python3.7/site-packages/airflow/example_dags/example_xcom.py took 0.260 seconds
[2021-11-28 10:03:12,340] {processor.py:163} INFO - Started process (PID=560) to work on /home/airflow/.local/lib/python3.7/site-packages/airflow/example_dags/example_xcom.py
[2021-11-28 10:03:12,340] {processor.py:625} INFO - Processing file /home/airflow/.local/lib/python3.7/site-packages/airflow/example_dags/example_xcom.py for tasks to queue
[2021-11-28 10:03:12,341] {logging_mixin.py:109} INFO - [2021-11-28 10:03:12,341] {dagbag.py:500} INFO - Filling up the DagBag from /home/airflow/.local/lib/python3.7/site-packages/airflow/example_dags/example_xcom.py
[2021-11-28 10:03:12,363] {processor.py:637} INFO - DAG(s) dict_keys(['example_xcom']) retrieved from /home/airflow/.local/lib/python3.7/site-packages/airflow/example_dags/example_xcom.py
[2021-11-28 10:03:12,582] {logging_mixin.py:109} INFO - [2021-11-28 10:03:12,581] {dag.py:2396} INFO - Sync 1 DAGs
[2021-11-28 10:03:12,592] {logging_mixin.py:109} INFO - [2021-11-28 10:03:12,592] {dag.py:2928} INFO - Setting next_dagrun for example_xcom to 2021-01-01T00:00:00+00:00
[2021-11-28 10:03:12,601] {processor.py:171} INFO - Processing /home/airflow/.local/lib/python3.7/site-packages/airflow/example_dags/example_xcom.py took 0.263 seconds
[2021-11-28 10:03:43,307] {processor.py:163} INFO - Started process (PID=611) to work on /home/airflow/.local/lib/python3.7/site-packages/airflow/example_dags/example_xcom.py
[2021-11-28 10:03:43,308] {processor.py:625} INFO - Processing file /home/airflow/.local/lib/python3.7/site-packages/airflow/example_dags/example_xcom.py for tasks to queue
[2021-11-28 10:03:43,309] {logging_mixin.py:109} INFO - [2021-11-28 10:03:43,309] {dagbag.py:500} INFO - Filling up the DagBag from /home/airflow/.local/lib/python3.7/site-packages/airflow/example_dags/example_xcom.py
[2021-11-28 10:03:43,337] {processor.py:637} INFO - DAG(s) dict_keys(['example_xcom']) retrieved from /home/airflow/.local/lib/python3.7/site-packages/airflow/example_dags/example_xcom.py
[2021-11-28 10:03:43,548] {logging_mixin.py:109} INFO - [2021-11-28 10:03:43,548] {dag.py:2396} INFO - Sync 1 DAGs
[2021-11-28 10:03:43,558] {logging_mixin.py:109} INFO - [2021-11-28 10:03:43,558] {dag.py:2928} INFO - Setting next_dagrun for example_xcom to 2021-01-01T00:00:00+00:00
[2021-11-28 10:03:43,567] {processor.py:171} INFO - Processing /home/airflow/.local/lib/python3.7/site-packages/airflow/example_dags/example_xcom.py took 0.262 seconds
[2021-11-28 10:04:14,324] {processor.py:163} INFO - Started process (PID=671) to work on /home/airflow/.local/lib/python3.7/site-packages/airflow/example_dags/example_xcom.py
[2021-11-28 10:04:14,325] {processor.py:625} INFO - Processing file /home/airflow/.local/lib/python3.7/site-packages/airflow/example_dags/example_xcom.py for tasks to queue
[2021-11-28 10:04:14,326] {logging_mixin.py:109} INFO - [2021-11-28 10:04:14,326] {dagbag.py:500} INFO - Filling up the DagBag from /home/airflow/.local/lib/python3.7/site-packages/airflow/example_dags/example_xcom.py
[2021-11-28 10:04:14,352] {processor.py:637} INFO - DAG(s) dict_keys(['example_xcom']) retrieved from /home/airflow/.local/lib/python3.7/site-packages/airflow/example_dags/example_xcom.py
[2021-11-28 10:04:14,584] {logging_mixin.py:109} INFO - [2021-11-28 10:04:14,584] {dag.py:2396} INFO - Sync 1 DAGs
[2021-11-28 10:04:14,595] {logging_mixin.py:109} INFO - [2021-11-28 10:04:14,595] {dag.py:2928} INFO - Setting next_dagrun for example_xcom to 2021-01-01T00:00:00+00:00
[2021-11-28 10:04:14,606] {processor.py:171} INFO - Processing /home/airflow/.local/lib/python3.7/site-packages/airflow/example_dags/example_xcom.py took 0.285 seconds
[2021-11-28 10:04:45,325] {processor.py:163} INFO - Started process (PID=731) to work on /home/airflow/.local/lib/python3.7/site-packages/airflow/example_dags/example_xcom.py
[2021-11-28 10:04:45,326] {processor.py:625} INFO - Processing file /home/airflow/.local/lib/python3.7/site-packages/airflow/example_dags/example_xcom.py for tasks to queue
[2021-11-28 10:04:45,327] {logging_mixin.py:109} INFO - [2021-11-28 10:04:45,327] {dagbag.py:500} INFO - Filling up the DagBag from /home/airflow/.local/lib/python3.7/site-packages/airflow/example_dags/example_xcom.py
[2021-11-28 10:04:45,346] {processor.py:637} INFO - DAG(s) dict_keys(['example_xcom']) retrieved from /home/airflow/.local/lib/python3.7/site-packages/airflow/example_dags/example_xcom.py
[2021-11-28 10:04:45,574] {logging_mixin.py:109} INFO - [2021-11-28 10:04:45,574] {dag.py:2396} INFO - Sync 1 DAGs
[2021-11-28 10:04:45,585] {logging_mixin.py:109} INFO - [2021-11-28 10:04:45,584] {dag.py:2928} INFO - Setting next_dagrun for example_xcom to 2021-01-01T00:00:00+00:00
[2021-11-28 10:04:45,594] {processor.py:171} INFO - Processing /home/airflow/.local/lib/python3.7/site-packages/airflow/example_dags/example_xcom.py took 0.270 seconds
[2021-11-28 10:05:16,347] {processor.py:163} INFO - Started process (PID=782) to work on /home/airflow/.local/lib/python3.7/site-packages/airflow/example_dags/example_xcom.py
[2021-11-28 10:05:16,348] {processor.py:625} INFO - Processing file /home/airflow/.local/lib/python3.7/site-packages/airflow/example_dags/example_xcom.py for tasks to queue
[2021-11-28 10:05:16,348] {logging_mixin.py:109} INFO - [2021-11-28 10:05:16,348] {dagbag.py:500} INFO - Filling up the DagBag from /home/airflow/.local/lib/python3.7/site-packages/airflow/example_dags/example_xcom.py
[2021-11-28 10:05:16,375] {processor.py:637} INFO - DAG(s) dict_keys(['example_xcom']) retrieved from /home/airflow/.local/lib/python3.7/site-packages/airflow/example_dags/example_xcom.py
[2021-11-28 10:05:16,575] {logging_mixin.py:109} INFO - [2021-11-28 10:05:16,575] {dag.py:2396} INFO - Sync 1 DAGs
[2021-11-28 10:05:16,585] {logging_mixin.py:109} INFO - [2021-11-28 10:05:16,585] {dag.py:2928} INFO - Setting next_dagrun for example_xcom to 2021-01-01T00:00:00+00:00
[2021-11-28 10:05:16,594] {processor.py:171} INFO - Processing /home/airflow/.local/lib/python3.7/site-packages/airflow/example_dags/example_xcom.py took 0.250 seconds
[2021-11-28 10:05:47,490] {processor.py:163} INFO - Started process (PID=842) to work on /home/airflow/.local/lib/python3.7/site-packages/airflow/example_dags/example_xcom.py
[2021-11-28 10:05:47,491] {processor.py:625} INFO - Processing file /home/airflow/.local/lib/python3.7/site-packages/airflow/example_dags/example_xcom.py for tasks to queue
[2021-11-28 10:05:47,491] {logging_mixin.py:109} INFO - [2021-11-28 10:05:47,491] {dagbag.py:500} INFO - Filling up the DagBag from /home/airflow/.local/lib/python3.7/site-packages/airflow/example_dags/example_xcom.py
[2021-11-28 10:05:47,516] {processor.py:637} INFO - DAG(s) dict_keys(['example_xcom']) retrieved from /home/airflow/.local/lib/python3.7/site-packages/airflow/example_dags/example_xcom.py
[2021-11-28 10:05:47,761] {logging_mixin.py:109} INFO - [2021-11-28 10:05:47,761] {dag.py:2396} INFO - Sync 1 DAGs
[2021-11-28 10:05:47,774] {logging_mixin.py:109} INFO - [2021-11-28 10:05:47,774] {dag.py:2928} INFO - Setting next_dagrun for example_xcom to 2021-01-01T00:00:00+00:00
[2021-11-28 10:05:47,783] {processor.py:171} INFO - Processing /home/airflow/.local/lib/python3.7/site-packages/airflow/example_dags/example_xcom.py took 0.295 seconds
[2021-11-28 10:06:17,877] {processor.py:163} INFO - Started process (PID=893) to work on /home/airflow/.local/lib/python3.7/site-packages/airflow/example_dags/example_xcom.py
[2021-11-28 10:06:17,879] {processor.py:625} INFO - Processing file /home/airflow/.local/lib/python3.7/site-packages/airflow/example_dags/example_xcom.py for tasks to queue
[2021-11-28 10:06:17,879] {logging_mixin.py:109} INFO - [2021-11-28 10:06:17,879] {dagbag.py:500} INFO - Filling up the DagBag from /home/airflow/.local/lib/python3.7/site-packages/airflow/example_dags/example_xcom.py
[2021-11-28 10:06:17,909] {processor.py:637} INFO - DAG(s) dict_keys(['example_xcom']) retrieved from /home/airflow/.local/lib/python3.7/site-packages/airflow/example_dags/example_xcom.py
[2021-11-28 10:06:18,120] {logging_mixin.py:109} INFO - [2021-11-28 10:06:18,120] {dag.py:2396} INFO - Sync 1 DAGs
[2021-11-28 10:06:18,130] {logging_mixin.py:109} INFO - [2021-11-28 10:06:18,130] {dag.py:2928} INFO - Setting next_dagrun for example_xcom to 2021-01-01T00:00:00+00:00
[2021-11-28 10:06:18,140] {processor.py:171} INFO - Processing /home/airflow/.local/lib/python3.7/site-packages/airflow/example_dags/example_xcom.py took 0.266 seconds
[2021-11-28 10:06:48,431] {processor.py:163} INFO - Started process (PID=953) to work on /home/airflow/.local/lib/python3.7/site-packages/airflow/example_dags/example_xcom.py
[2021-11-28 10:06:48,432] {processor.py:625} INFO - Processing file /home/airflow/.local/lib/python3.7/site-packages/airflow/example_dags/example_xcom.py for tasks to queue
[2021-11-28 10:06:48,432] {logging_mixin.py:109} INFO - [2021-11-28 10:06:48,432] {dagbag.py:500} INFO - Filling up the DagBag from /home/airflow/.local/lib/python3.7/site-packages/airflow/example_dags/example_xcom.py
[2021-11-28 10:06:48,455] {processor.py:637} INFO - DAG(s) dict_keys(['example_xcom']) retrieved from /home/airflow/.local/lib/python3.7/site-packages/airflow/example_dags/example_xcom.py
[2021-11-28 10:06:48,665] {logging_mixin.py:109} INFO - [2021-11-28 10:06:48,664] {dag.py:2396} INFO - Sync 1 DAGs
[2021-11-28 10:06:48,675] {logging_mixin.py:109} INFO - [2021-11-28 10:06:48,675] {dag.py:2928} INFO - Setting next_dagrun for example_xcom to 2021-01-01T00:00:00+00:00
[2021-11-28 10:06:48,685] {processor.py:171} INFO - Processing /home/airflow/.local/lib/python3.7/site-packages/airflow/example_dags/example_xcom.py took 0.256 seconds
[2021-11-28 10:07:19,279] {processor.py:163} INFO - Started process (PID=1004) to work on /home/airflow/.local/lib/python3.7/site-packages/airflow/example_dags/example_xcom.py
[2021-11-28 10:07:19,280] {processor.py:625} INFO - Processing file /home/airflow/.local/lib/python3.7/site-packages/airflow/example_dags/example_xcom.py for tasks to queue
[2021-11-28 10:07:19,280] {logging_mixin.py:109} INFO - [2021-11-28 10:07:19,280] {dagbag.py:500} INFO - Filling up the DagBag from /home/airflow/.local/lib/python3.7/site-packages/airflow/example_dags/example_xcom.py
[2021-11-28 10:07:19,308] {processor.py:637} INFO - DAG(s) dict_keys(['example_xcom']) retrieved from /home/airflow/.local/lib/python3.7/site-packages/airflow/example_dags/example_xcom.py
[2021-11-28 10:07:19,556] {logging_mixin.py:109} INFO - [2021-11-28 10:07:19,556] {dag.py:2396} INFO - Sync 1 DAGs
[2021-11-28 10:07:19,572] {logging_mixin.py:109} INFO - [2021-11-28 10:07:19,572] {dag.py:2928} INFO - Setting next_dagrun for example_xcom to 2021-01-01T00:00:00+00:00
[2021-11-28 10:07:19,583] {processor.py:171} INFO - Processing /home/airflow/.local/lib/python3.7/site-packages/airflow/example_dags/example_xcom.py took 0.306 seconds
[2021-11-28 10:07:50,028] {processor.py:163} INFO - Started process (PID=1064) to work on /home/airflow/.local/lib/python3.7/site-packages/airflow/example_dags/example_xcom.py
[2021-11-28 10:07:50,029] {processor.py:625} INFO - Processing file /home/airflow/.local/lib/python3.7/site-packages/airflow/example_dags/example_xcom.py for tasks to queue
[2021-11-28 10:07:50,030] {logging_mixin.py:109} INFO - [2021-11-28 10:07:50,030] {dagbag.py:500} INFO - Filling up the DagBag from /home/airflow/.local/lib/python3.7/site-packages/airflow/example_dags/example_xcom.py
[2021-11-28 10:07:50,061] {processor.py:637} INFO - DAG(s) dict_keys(['example_xcom']) retrieved from /home/airflow/.local/lib/python3.7/site-packages/airflow/example_dags/example_xcom.py
[2021-11-28 10:07:50,282] {logging_mixin.py:109} INFO - [2021-11-28 10:07:50,282] {dag.py:2396} INFO - Sync 1 DAGs
[2021-11-28 10:07:50,297] {logging_mixin.py:109} INFO - [2021-11-28 10:07:50,297] {dag.py:2928} INFO - Setting next_dagrun for example_xcom to 2021-01-01T00:00:00+00:00
[2021-11-28 10:07:50,307] {processor.py:171} INFO - Processing /home/airflow/.local/lib/python3.7/site-packages/airflow/example_dags/example_xcom.py took 0.282 seconds
[2021-11-28 10:08:20,781] {processor.py:163} INFO - Started process (PID=1124) to work on /home/airflow/.local/lib/python3.7/site-packages/airflow/example_dags/example_xcom.py
[2021-11-28 10:08:20,782] {processor.py:625} INFO - Processing file /home/airflow/.local/lib/python3.7/site-packages/airflow/example_dags/example_xcom.py for tasks to queue
[2021-11-28 10:08:20,783] {logging_mixin.py:109} INFO - [2021-11-28 10:08:20,783] {dagbag.py:500} INFO - Filling up the DagBag from /home/airflow/.local/lib/python3.7/site-packages/airflow/example_dags/example_xcom.py
[2021-11-28 10:08:20,810] {processor.py:637} INFO - DAG(s) dict_keys(['example_xcom']) retrieved from /home/airflow/.local/lib/python3.7/site-packages/airflow/example_dags/example_xcom.py
[2021-11-28 10:08:21,027] {logging_mixin.py:109} INFO - [2021-11-28 10:08:21,027] {dag.py:2396} INFO - Sync 1 DAGs
[2021-11-28 10:08:21,040] {logging_mixin.py:109} INFO - [2021-11-28 10:08:21,040] {dag.py:2928} INFO - Setting next_dagrun for example_xcom to 2021-01-01T00:00:00+00:00
[2021-11-28 10:08:21,051] {processor.py:171} INFO - Processing /home/airflow/.local/lib/python3.7/site-packages/airflow/example_dags/example_xcom.py took 0.272 seconds
[2021-11-28 10:08:51,641] {processor.py:163} INFO - Started process (PID=1175) to work on /home/airflow/.local/lib/python3.7/site-packages/airflow/example_dags/example_xcom.py
[2021-11-28 10:08:51,642] {processor.py:625} INFO - Processing file /home/airflow/.local/lib/python3.7/site-packages/airflow/example_dags/example_xcom.py for tasks to queue
[2021-11-28 10:08:51,643] {logging_mixin.py:109} INFO - [2021-11-28 10:08:51,643] {dagbag.py:500} INFO - Filling up the DagBag from /home/airflow/.local/lib/python3.7/site-packages/airflow/example_dags/example_xcom.py
[2021-11-28 10:08:51,735] {processor.py:637} INFO - DAG(s) dict_keys(['example_xcom']) retrieved from /home/airflow/.local/lib/python3.7/site-packages/airflow/example_dags/example_xcom.py
[2021-11-28 10:08:51,874] {logging_mixin.py:109} INFO - [2021-11-28 10:08:51,874] {dag.py:2396} INFO - Sync 1 DAGs
[2021-11-28 10:08:51,885] {logging_mixin.py:109} INFO - [2021-11-28 10:08:51,885] {dag.py:2928} INFO - Setting next_dagrun for example_xcom to 2021-01-01T00:00:00+00:00
[2021-11-28 10:08:51,896] {processor.py:171} INFO - Processing /home/airflow/.local/lib/python3.7/site-packages/airflow/example_dags/example_xcom.py took 0.258 seconds
[2021-11-28 10:09:22,470] {processor.py:163} INFO - Started process (PID=1235) to work on /home/airflow/.local/lib/python3.7/site-packages/airflow/example_dags/example_xcom.py
[2021-11-28 10:09:22,471] {processor.py:625} INFO - Processing file /home/airflow/.local/lib/python3.7/site-packages/airflow/example_dags/example_xcom.py for tasks to queue
[2021-11-28 10:09:22,471] {logging_mixin.py:109} INFO - [2021-11-28 10:09:22,471] {dagbag.py:500} INFO - Filling up the DagBag from /home/airflow/.local/lib/python3.7/site-packages/airflow/example_dags/example_xcom.py
[2021-11-28 10:09:22,557] {processor.py:637} INFO - DAG(s) dict_keys(['example_xcom']) retrieved from /home/airflow/.local/lib/python3.7/site-packages/airflow/example_dags/example_xcom.py
[2021-11-28 10:09:22,715] {logging_mixin.py:109} INFO - [2021-11-28 10:09:22,715] {dag.py:2396} INFO - Sync 1 DAGs
[2021-11-28 10:09:22,725] {logging_mixin.py:109} INFO - [2021-11-28 10:09:22,725] {dag.py:2928} INFO - Setting next_dagrun for example_xcom to 2021-01-01T00:00:00+00:00
[2021-11-28 10:09:22,734] {processor.py:171} INFO - Processing /home/airflow/.local/lib/python3.7/site-packages/airflow/example_dags/example_xcom.py took 0.266 seconds
[2021-11-28 10:09:53,129] {processor.py:163} INFO - Started process (PID=1286) to work on /home/airflow/.local/lib/python3.7/site-packages/airflow/example_dags/example_xcom.py
[2021-11-28 10:09:53,131] {processor.py:625} INFO - Processing file /home/airflow/.local/lib/python3.7/site-packages/airflow/example_dags/example_xcom.py for tasks to queue
[2021-11-28 10:09:53,131] {logging_mixin.py:109} INFO - [2021-11-28 10:09:53,131] {dagbag.py:500} INFO - Filling up the DagBag from /home/airflow/.local/lib/python3.7/site-packages/airflow/example_dags/example_xcom.py
[2021-11-28 10:09:53,228] {processor.py:637} INFO - DAG(s) dict_keys(['example_xcom']) retrieved from /home/airflow/.local/lib/python3.7/site-packages/airflow/example_dags/example_xcom.py
[2021-11-28 10:09:53,369] {logging_mixin.py:109} INFO - [2021-11-28 10:09:53,369] {dag.py:2396} INFO - Sync 1 DAGs
[2021-11-28 10:09:53,380] {logging_mixin.py:109} INFO - [2021-11-28 10:09:53,379] {dag.py:2928} INFO - Setting next_dagrun for example_xcom to 2021-01-01T00:00:00+00:00
[2021-11-28 10:09:53,389] {processor.py:171} INFO - Processing /home/airflow/.local/lib/python3.7/site-packages/airflow/example_dags/example_xcom.py took 0.262 seconds
[2021-11-28 10:10:23,873] {processor.py:163} INFO - Started process (PID=1346) to work on /home/airflow/.local/lib/python3.7/site-packages/airflow/example_dags/example_xcom.py
[2021-11-28 10:10:23,875] {processor.py:625} INFO - Processing file /home/airflow/.local/lib/python3.7/site-packages/airflow/example_dags/example_xcom.py for tasks to queue
[2021-11-28 10:10:23,875] {logging_mixin.py:109} INFO - [2021-11-28 10:10:23,875] {dagbag.py:500} INFO - Filling up the DagBag from /home/airflow/.local/lib/python3.7/site-packages/airflow/example_dags/example_xcom.py
[2021-11-28 10:10:23,954] {processor.py:637} INFO - DAG(s) dict_keys(['example_xcom']) retrieved from /home/airflow/.local/lib/python3.7/site-packages/airflow/example_dags/example_xcom.py
[2021-11-28 10:10:24,100] {logging_mixin.py:109} INFO - [2021-11-28 10:10:24,100] {dag.py:2396} INFO - Sync 1 DAGs
[2021-11-28 10:10:24,110] {logging_mixin.py:109} INFO - [2021-11-28 10:10:24,110] {dag.py:2928} INFO - Setting next_dagrun for example_xcom to 2021-01-01T00:00:00+00:00
[2021-11-28 10:10:24,119] {processor.py:171} INFO - Processing /home/airflow/.local/lib/python3.7/site-packages/airflow/example_dags/example_xcom.py took 0.248 seconds
[2021-11-28 10:10:54,214] {processor.py:163} INFO - Started process (PID=1407) to work on /home/airflow/.local/lib/python3.7/site-packages/airflow/example_dags/example_xcom.py
[2021-11-28 10:10:54,215] {processor.py:625} INFO - Processing file /home/airflow/.local/lib/python3.7/site-packages/airflow/example_dags/example_xcom.py for tasks to queue
[2021-11-28 10:10:54,215] {logging_mixin.py:109} INFO - [2021-11-28 10:10:54,215] {dagbag.py:500} INFO - Filling up the DagBag from /home/airflow/.local/lib/python3.7/site-packages/airflow/example_dags/example_xcom.py
[2021-11-28 10:10:54,245] {processor.py:637} INFO - DAG(s) dict_keys(['example_xcom']) retrieved from /home/airflow/.local/lib/python3.7/site-packages/airflow/example_dags/example_xcom.py
[2021-11-28 10:10:54,413] {logging_mixin.py:109} INFO - [2021-11-28 10:10:54,412] {dag.py:2396} INFO - Sync 1 DAGs
[2021-11-28 10:10:54,426] {logging_mixin.py:109} INFO - [2021-11-28 10:10:54,426] {dag.py:2928} INFO - Setting next_dagrun for example_xcom to 2021-01-01T00:00:00+00:00
[2021-11-28 10:10:54,435] {processor.py:171} INFO - Processing /home/airflow/.local/lib/python3.7/site-packages/airflow/example_dags/example_xcom.py took 0.224 seconds
[2021-11-28 10:11:24,897] {processor.py:163} INFO - Started process (PID=1457) to work on /home/airflow/.local/lib/python3.7/site-packages/airflow/example_dags/example_xcom.py
[2021-11-28 10:11:24,898] {processor.py:625} INFO - Processing file /home/airflow/.local/lib/python3.7/site-packages/airflow/example_dags/example_xcom.py for tasks to queue
[2021-11-28 10:11:24,899] {logging_mixin.py:109} INFO - [2021-11-28 10:11:24,898] {dagbag.py:500} INFO - Filling up the DagBag from /home/airflow/.local/lib/python3.7/site-packages/airflow/example_dags/example_xcom.py
[2021-11-28 10:11:24,919] {processor.py:637} INFO - DAG(s) dict_keys(['example_xcom']) retrieved from /home/airflow/.local/lib/python3.7/site-packages/airflow/example_dags/example_xcom.py
[2021-11-28 10:11:25,061] {logging_mixin.py:109} INFO - [2021-11-28 10:11:25,061] {dag.py:2396} INFO - Sync 1 DAGs
[2021-11-28 10:11:25,073] {logging_mixin.py:109} INFO - [2021-11-28 10:11:25,072] {dag.py:2928} INFO - Setting next_dagrun for example_xcom to 2021-01-01T00:00:00+00:00
[2021-11-28 10:11:25,083] {processor.py:171} INFO - Processing /home/airflow/.local/lib/python3.7/site-packages/airflow/example_dags/example_xcom.py took 0.188 seconds
[2021-11-28 10:11:55,694] {processor.py:163} INFO - Started process (PID=1517) to work on /home/airflow/.local/lib/python3.7/site-packages/airflow/example_dags/example_xcom.py
[2021-11-28 10:11:55,695] {processor.py:625} INFO - Processing file /home/airflow/.local/lib/python3.7/site-packages/airflow/example_dags/example_xcom.py for tasks to queue
[2021-11-28 10:11:55,695] {logging_mixin.py:109} INFO - [2021-11-28 10:11:55,695] {dagbag.py:500} INFO - Filling up the DagBag from /home/airflow/.local/lib/python3.7/site-packages/airflow/example_dags/example_xcom.py
[2021-11-28 10:11:55,717] {processor.py:637} INFO - DAG(s) dict_keys(['example_xcom']) retrieved from /home/airflow/.local/lib/python3.7/site-packages/airflow/example_dags/example_xcom.py
[2021-11-28 10:11:55,877] {logging_mixin.py:109} INFO - [2021-11-28 10:11:55,877] {dag.py:2396} INFO - Sync 1 DAGs
[2021-11-28 10:11:55,887] {logging_mixin.py:109} INFO - [2021-11-28 10:11:55,887] {dag.py:2928} INFO - Setting next_dagrun for example_xcom to 2021-01-01T00:00:00+00:00
[2021-11-28 10:11:55,897] {processor.py:171} INFO - Processing /home/airflow/.local/lib/python3.7/site-packages/airflow/example_dags/example_xcom.py took 0.205 seconds
[2021-11-28 10:12:26,362] {processor.py:163} INFO - Started process (PID=1568) to work on /home/airflow/.local/lib/python3.7/site-packages/airflow/example_dags/example_xcom.py
[2021-11-28 10:12:26,363] {processor.py:625} INFO - Processing file /home/airflow/.local/lib/python3.7/site-packages/airflow/example_dags/example_xcom.py for tasks to queue
[2021-11-28 10:12:26,363] {logging_mixin.py:109} INFO - [2021-11-28 10:12:26,363] {dagbag.py:500} INFO - Filling up the DagBag from /home/airflow/.local/lib/python3.7/site-packages/airflow/example_dags/example_xcom.py
[2021-11-28 10:12:26,380] {processor.py:637} INFO - DAG(s) dict_keys(['example_xcom']) retrieved from /home/airflow/.local/lib/python3.7/site-packages/airflow/example_dags/example_xcom.py
[2021-11-28 10:12:26,528] {logging_mixin.py:109} INFO - [2021-11-28 10:12:26,528] {dag.py:2396} INFO - Sync 1 DAGs
[2021-11-28 10:12:26,539] {logging_mixin.py:109} INFO - [2021-11-28 10:12:26,539] {dag.py:2928} INFO - Setting next_dagrun for example_xcom to 2021-01-01T00:00:00+00:00
[2021-11-28 10:12:26,551] {processor.py:171} INFO - Processing /home/airflow/.local/lib/python3.7/site-packages/airflow/example_dags/example_xcom.py took 0.191 seconds
[2021-11-28 10:12:57,209] {processor.py:163} INFO - Started process (PID=1628) to work on /home/airflow/.local/lib/python3.7/site-packages/airflow/example_dags/example_xcom.py
[2021-11-28 10:12:57,212] {processor.py:625} INFO - Processing file /home/airflow/.local/lib/python3.7/site-packages/airflow/example_dags/example_xcom.py for tasks to queue
[2021-11-28 10:12:57,212] {logging_mixin.py:109} INFO - [2021-11-28 10:12:57,212] {dagbag.py:500} INFO - Filling up the DagBag from /home/airflow/.local/lib/python3.7/site-packages/airflow/example_dags/example_xcom.py
[2021-11-28 10:12:57,238] {processor.py:637} INFO - DAG(s) dict_keys(['example_xcom']) retrieved from /home/airflow/.local/lib/python3.7/site-packages/airflow/example_dags/example_xcom.py
[2021-11-28 10:12:57,382] {logging_mixin.py:109} INFO - [2021-11-28 10:12:57,382] {dag.py:2396} INFO - Sync 1 DAGs
[2021-11-28 10:12:57,394] {logging_mixin.py:109} INFO - [2021-11-28 10:12:57,394] {dag.py:2928} INFO - Setting next_dagrun for example_xcom to 2021-01-01T00:00:00+00:00
[2021-11-28 10:12:57,403] {processor.py:171} INFO - Processing /home/airflow/.local/lib/python3.7/site-packages/airflow/example_dags/example_xcom.py took 0.197 seconds
[2021-11-28 10:13:27,929] {processor.py:163} INFO - Started process (PID=1679) to work on /home/airflow/.local/lib/python3.7/site-packages/airflow/example_dags/example_xcom.py
[2021-11-28 10:13:27,930] {processor.py:625} INFO - Processing file /home/airflow/.local/lib/python3.7/site-packages/airflow/example_dags/example_xcom.py for tasks to queue
[2021-11-28 10:13:27,931] {logging_mixin.py:109} INFO - [2021-11-28 10:13:27,931] {dagbag.py:500} INFO - Filling up the DagBag from /home/airflow/.local/lib/python3.7/site-packages/airflow/example_dags/example_xcom.py
[2021-11-28 10:13:27,950] {processor.py:637} INFO - DAG(s) dict_keys(['example_xcom']) retrieved from /home/airflow/.local/lib/python3.7/site-packages/airflow/example_dags/example_xcom.py
[2021-11-28 10:13:28,100] {logging_mixin.py:109} INFO - [2021-11-28 10:13:28,100] {dag.py:2396} INFO - Sync 1 DAGs
[2021-11-28 10:13:28,112] {logging_mixin.py:109} INFO - [2021-11-28 10:13:28,112] {dag.py:2928} INFO - Setting next_dagrun for example_xcom to 2021-01-01T00:00:00+00:00
[2021-11-28 10:13:28,122] {processor.py:171} INFO - Processing /home/airflow/.local/lib/python3.7/site-packages/airflow/example_dags/example_xcom.py took 0.195 seconds
[2021-11-28 10:13:58,776] {processor.py:163} INFO - Started process (PID=1739) to work on /home/airflow/.local/lib/python3.7/site-packages/airflow/example_dags/example_xcom.py
[2021-11-28 10:13:58,777] {processor.py:625} INFO - Processing file /home/airflow/.local/lib/python3.7/site-packages/airflow/example_dags/example_xcom.py for tasks to queue
[2021-11-28 10:13:58,778] {logging_mixin.py:109} INFO - [2021-11-28 10:13:58,778] {dagbag.py:500} INFO - Filling up the DagBag from /home/airflow/.local/lib/python3.7/site-packages/airflow/example_dags/example_xcom.py
[2021-11-28 10:13:58,799] {processor.py:637} INFO - DAG(s) dict_keys(['example_xcom']) retrieved from /home/airflow/.local/lib/python3.7/site-packages/airflow/example_dags/example_xcom.py
[2021-11-28 10:13:58,995] {logging_mixin.py:109} INFO - [2021-11-28 10:13:58,995] {dag.py:2396} INFO - Sync 1 DAGs
[2021-11-28 10:13:59,006] {logging_mixin.py:109} INFO - [2021-11-28 10:13:59,006] {dag.py:2928} INFO - Setting next_dagrun for example_xcom to 2021-01-01T00:00:00+00:00
[2021-11-28 10:13:59,016] {processor.py:171} INFO - Processing /home/airflow/.local/lib/python3.7/site-packages/airflow/example_dags/example_xcom.py took 0.242 seconds
[2021-11-28 10:14:29,555] {processor.py:163} INFO - Started process (PID=1800) to work on /home/airflow/.local/lib/python3.7/site-packages/airflow/example_dags/example_xcom.py
[2021-11-28 10:14:29,556] {processor.py:625} INFO - Processing file /home/airflow/.local/lib/python3.7/site-packages/airflow/example_dags/example_xcom.py for tasks to queue
[2021-11-28 10:14:29,556] {logging_mixin.py:109} INFO - [2021-11-28 10:14:29,556] {dagbag.py:500} INFO - Filling up the DagBag from /home/airflow/.local/lib/python3.7/site-packages/airflow/example_dags/example_xcom.py
[2021-11-28 10:14:29,575] {processor.py:637} INFO - DAG(s) dict_keys(['example_xcom']) retrieved from /home/airflow/.local/lib/python3.7/site-packages/airflow/example_dags/example_xcom.py
[2021-11-28 10:14:29,731] {logging_mixin.py:109} INFO - [2021-11-28 10:14:29,731] {dag.py:2396} INFO - Sync 1 DAGs
[2021-11-28 10:14:29,740] {logging_mixin.py:109} INFO - [2021-11-28 10:14:29,740] {dag.py:2928} INFO - Setting next_dagrun for example_xcom to 2021-01-01T00:00:00+00:00
[2021-11-28 10:14:29,750] {processor.py:171} INFO - Processing /home/airflow/.local/lib/python3.7/site-packages/airflow/example_dags/example_xcom.py took 0.197 seconds
[2021-11-28 10:15:00,318] {processor.py:163} INFO - Started process (PID=1851) to work on /home/airflow/.local/lib/python3.7/site-packages/airflow/example_dags/example_xcom.py
[2021-11-28 10:15:00,319] {processor.py:625} INFO - Processing file /home/airflow/.local/lib/python3.7/site-packages/airflow/example_dags/example_xcom.py for tasks to queue
[2021-11-28 10:15:00,320] {logging_mixin.py:109} INFO - [2021-11-28 10:15:00,320] {dagbag.py:500} INFO - Filling up the DagBag from /home/airflow/.local/lib/python3.7/site-packages/airflow/example_dags/example_xcom.py
[2021-11-28 10:15:00,348] {processor.py:637} INFO - DAG(s) dict_keys(['example_xcom']) retrieved from /home/airflow/.local/lib/python3.7/site-packages/airflow/example_dags/example_xcom.py
[2021-11-28 10:15:00,497] {logging_mixin.py:109} INFO - [2021-11-28 10:15:00,497] {dag.py:2396} INFO - Sync 1 DAGs
[2021-11-28 10:15:00,511] {logging_mixin.py:109} INFO - [2021-11-28 10:15:00,511] {dag.py:2928} INFO - Setting next_dagrun for example_xcom to 2021-01-01T00:00:00+00:00
[2021-11-28 10:15:00,522] {processor.py:171} INFO - Processing /home/airflow/.local/lib/python3.7/site-packages/airflow/example_dags/example_xcom.py took 0.207 seconds
[2021-11-28 10:15:31,004] {processor.py:163} INFO - Started process (PID=1911) to work on /home/airflow/.local/lib/python3.7/site-packages/airflow/example_dags/example_xcom.py
[2021-11-28 10:15:31,005] {processor.py:625} INFO - Processing file /home/airflow/.local/lib/python3.7/site-packages/airflow/example_dags/example_xcom.py for tasks to queue
[2021-11-28 10:15:31,006] {logging_mixin.py:109} INFO - [2021-11-28 10:15:31,006] {dagbag.py:500} INFO - Filling up the DagBag from /home/airflow/.local/lib/python3.7/site-packages/airflow/example_dags/example_xcom.py
[2021-11-28 10:15:31,034] {processor.py:637} INFO - DAG(s) dict_keys(['example_xcom']) retrieved from /home/airflow/.local/lib/python3.7/site-packages/airflow/example_dags/example_xcom.py
[2021-11-28 10:15:31,185] {logging_mixin.py:109} INFO - [2021-11-28 10:15:31,185] {dag.py:2396} INFO - Sync 1 DAGs
[2021-11-28 10:15:31,194] {logging_mixin.py:109} INFO - [2021-11-28 10:15:31,194] {dag.py:2928} INFO - Setting next_dagrun for example_xcom to 2021-01-01T00:00:00+00:00
[2021-11-28 10:15:31,204] {processor.py:171} INFO - Processing /home/airflow/.local/lib/python3.7/site-packages/airflow/example_dags/example_xcom.py took 0.203 seconds
[2021-11-28 10:16:01,724] {processor.py:163} INFO - Started process (PID=1962) to work on /home/airflow/.local/lib/python3.7/site-packages/airflow/example_dags/example_xcom.py
[2021-11-28 10:16:01,725] {processor.py:625} INFO - Processing file /home/airflow/.local/lib/python3.7/site-packages/airflow/example_dags/example_xcom.py for tasks to queue
[2021-11-28 10:16:01,725] {logging_mixin.py:109} INFO - [2021-11-28 10:16:01,725] {dagbag.py:500} INFO - Filling up the DagBag from /home/airflow/.local/lib/python3.7/site-packages/airflow/example_dags/example_xcom.py
[2021-11-28 10:16:01,746] {processor.py:637} INFO - DAG(s) dict_keys(['example_xcom']) retrieved from /home/airflow/.local/lib/python3.7/site-packages/airflow/example_dags/example_xcom.py
[2021-11-28 10:16:01,906] {logging_mixin.py:109} INFO - [2021-11-28 10:16:01,905] {dag.py:2396} INFO - Sync 1 DAGs
[2021-11-28 10:16:01,918] {logging_mixin.py:109} INFO - [2021-11-28 10:16:01,918] {dag.py:2928} INFO - Setting next_dagrun for example_xcom to 2021-01-01T00:00:00+00:00
[2021-11-28 10:16:01,928] {processor.py:171} INFO - Processing /home/airflow/.local/lib/python3.7/site-packages/airflow/example_dags/example_xcom.py took 0.206 seconds
[2021-11-28 10:16:32,448] {processor.py:163} INFO - Started process (PID=2023) to work on /home/airflow/.local/lib/python3.7/site-packages/airflow/example_dags/example_xcom.py
[2021-11-28 10:16:32,449] {processor.py:625} INFO - Processing file /home/airflow/.local/lib/python3.7/site-packages/airflow/example_dags/example_xcom.py for tasks to queue
[2021-11-28 10:16:32,449] {logging_mixin.py:109} INFO - [2021-11-28 10:16:32,449] {dagbag.py:500} INFO - Filling up the DagBag from /home/airflow/.local/lib/python3.7/site-packages/airflow/example_dags/example_xcom.py
[2021-11-28 10:16:32,471] {processor.py:637} INFO - DAG(s) dict_keys(['example_xcom']) retrieved from /home/airflow/.local/lib/python3.7/site-packages/airflow/example_dags/example_xcom.py
[2021-11-28 10:16:32,629] {logging_mixin.py:109} INFO - [2021-11-28 10:16:32,628] {dag.py:2396} INFO - Sync 1 DAGs
[2021-11-28 10:16:32,642] {logging_mixin.py:109} INFO - [2021-11-28 10:16:32,642] {dag.py:2928} INFO - Setting next_dagrun for example_xcom to 2021-01-01T00:00:00+00:00
[2021-11-28 10:16:32,653] {processor.py:171} INFO - Processing /home/airflow/.local/lib/python3.7/site-packages/airflow/example_dags/example_xcom.py took 0.207 seconds
[2021-11-28 10:17:03,200] {processor.py:163} INFO - Started process (PID=2083) to work on /home/airflow/.local/lib/python3.7/site-packages/airflow/example_dags/example_xcom.py
[2021-11-28 10:17:03,201] {processor.py:625} INFO - Processing file /home/airflow/.local/lib/python3.7/site-packages/airflow/example_dags/example_xcom.py for tasks to queue
[2021-11-28 10:17:03,201] {logging_mixin.py:109} INFO - [2021-11-28 10:17:03,201] {dagbag.py:500} INFO - Filling up the DagBag from /home/airflow/.local/lib/python3.7/site-packages/airflow/example_dags/example_xcom.py
[2021-11-28 10:17:03,222] {processor.py:637} INFO - DAG(s) dict_keys(['example_xcom']) retrieved from /home/airflow/.local/lib/python3.7/site-packages/airflow/example_dags/example_xcom.py
[2021-11-28 10:17:03,368] {logging_mixin.py:109} INFO - [2021-11-28 10:17:03,367] {dag.py:2396} INFO - Sync 1 DAGs
[2021-11-28 10:17:03,378] {logging_mixin.py:109} INFO - [2021-11-28 10:17:03,378] {dag.py:2928} INFO - Setting next_dagrun for example_xcom to 2021-01-01T00:00:00+00:00
[2021-11-28 10:17:03,388] {processor.py:171} INFO - Processing /home/airflow/.local/lib/python3.7/site-packages/airflow/example_dags/example_xcom.py took 0.190 seconds
[2021-11-28 10:17:33,883] {processor.py:163} INFO - Started process (PID=2134) to work on /home/airflow/.local/lib/python3.7/site-packages/airflow/example_dags/example_xcom.py
[2021-11-28 10:17:33,884] {processor.py:625} INFO - Processing file /home/airflow/.local/lib/python3.7/site-packages/airflow/example_dags/example_xcom.py for tasks to queue
[2021-11-28 10:17:33,884] {logging_mixin.py:109} INFO - [2021-11-28 10:17:33,884] {dagbag.py:500} INFO - Filling up the DagBag from /home/airflow/.local/lib/python3.7/site-packages/airflow/example_dags/example_xcom.py
[2021-11-28 10:17:33,904] {processor.py:637} INFO - DAG(s) dict_keys(['example_xcom']) retrieved from /home/airflow/.local/lib/python3.7/site-packages/airflow/example_dags/example_xcom.py
[2021-11-28 10:17:34,049] {logging_mixin.py:109} INFO - [2021-11-28 10:17:34,049] {dag.py:2396} INFO - Sync 1 DAGs
[2021-11-28 10:17:34,058] {logging_mixin.py:109} INFO - [2021-11-28 10:17:34,058] {dag.py:2928} INFO - Setting next_dagrun for example_xcom to 2021-01-01T00:00:00+00:00
[2021-11-28 10:17:34,068] {processor.py:171} INFO - Processing /home/airflow/.local/lib/python3.7/site-packages/airflow/example_dags/example_xcom.py took 0.186 seconds
