[2021-11-28 09:45:09,428] {processor.py:163} INFO - Started process (PID=413) to work on /home/airflow/.local/lib/python3.7/site-packages/airflow/example_dags/example_branch_labels.py
[2021-11-28 09:45:09,429] {processor.py:625} INFO - Processing file /home/airflow/.local/lib/python3.7/site-packages/airflow/example_dags/example_branch_labels.py for tasks to queue
[2021-11-28 09:45:09,430] {logging_mixin.py:109} INFO - [2021-11-28 09:45:09,430] {dagbag.py:500} INFO - Filling up the DagBag from /home/airflow/.local/lib/python3.7/site-packages/airflow/example_dags/example_branch_labels.py
[2021-11-28 09:45:09,454] {processor.py:637} INFO - DAG(s) dict_keys(['example_branch_labels']) retrieved from /home/airflow/.local/lib/python3.7/site-packages/airflow/example_dags/example_branch_labels.py
[2021-11-28 09:45:10,463] {logging_mixin.py:109} INFO - [2021-11-28 09:45:10,463] {providers_manager.py:156} WARNING - Exception when importing 'airflow.providers.google.leveldb.hooks.leveldb.LevelDBHook' from 'apache-airflow-providers-google' package: No module named 'plyvel'
[2021-11-28 09:45:10,726] {logging_mixin.py:109} INFO - [2021-11-28 09:45:10,726] {providers_manager.py:156} WARNING - Exception when importing 'airflow.providers.google.leveldb.hooks.leveldb.LevelDBHook' from 'apache-airflow-providers-google' package: No module named 'plyvel'
[2021-11-28 09:45:10,746] {logging_mixin.py:109} INFO - [2021-11-28 09:45:10,746] {manager.py:496} INFO - Created Permission View: can read on DAG:example_branch_labels
[2021-11-28 09:45:10,754] {logging_mixin.py:109} INFO - [2021-11-28 09:45:10,754] {manager.py:496} INFO - Created Permission View: can edit on DAG:example_branch_labels
[2021-11-28 09:45:10,755] {logging_mixin.py:109} INFO - [2021-11-28 09:45:10,754] {dag.py:2396} INFO - Sync 1 DAGs
[2021-11-28 09:45:10,759] {logging_mixin.py:109} INFO - [2021-11-28 09:45:10,759] {dag.py:2415} INFO - Creating ORM DAG for example_branch_labels
[2021-11-28 09:45:10,766] {logging_mixin.py:109} INFO - [2021-11-28 09:45:10,766] {dag.py:2928} INFO - Setting next_dagrun for example_branch_labels to 2021-11-27 00:00:00+00:00
[2021-11-28 09:45:10,776] {processor.py:171} INFO - Processing /home/airflow/.local/lib/python3.7/site-packages/airflow/example_dags/example_branch_labels.py took 1.350 seconds
[2021-11-28 09:45:41,482] {processor.py:163} INFO - Started process (PID=510) to work on /home/airflow/.local/lib/python3.7/site-packages/airflow/example_dags/example_branch_labels.py
[2021-11-28 09:45:41,483] {processor.py:625} INFO - Processing file /home/airflow/.local/lib/python3.7/site-packages/airflow/example_dags/example_branch_labels.py for tasks to queue
[2021-11-28 09:45:41,484] {logging_mixin.py:109} INFO - [2021-11-28 09:45:41,484] {dagbag.py:500} INFO - Filling up the DagBag from /home/airflow/.local/lib/python3.7/site-packages/airflow/example_dags/example_branch_labels.py
[2021-11-28 09:45:41,503] {processor.py:637} INFO - DAG(s) dict_keys(['example_branch_labels']) retrieved from /home/airflow/.local/lib/python3.7/site-packages/airflow/example_dags/example_branch_labels.py
[2021-11-28 09:45:41,510] {logging_mixin.py:109} INFO - [2021-11-28 09:45:41,510] {dag.py:2396} INFO - Sync 1 DAGs
[2021-11-28 09:45:41,523] {logging_mixin.py:109} INFO - [2021-11-28 09:45:41,523] {dag.py:2928} INFO - Setting next_dagrun for example_branch_labels to 2021-11-27 00:00:00+00:00
[2021-11-28 09:45:41,530] {processor.py:171} INFO - Processing /home/airflow/.local/lib/python3.7/site-packages/airflow/example_dags/example_branch_labels.py took 0.051 seconds
[2021-11-28 09:46:11,723] {processor.py:163} INFO - Started process (PID=570) to work on /home/airflow/.local/lib/python3.7/site-packages/airflow/example_dags/example_branch_labels.py
[2021-11-28 09:46:11,724] {processor.py:625} INFO - Processing file /home/airflow/.local/lib/python3.7/site-packages/airflow/example_dags/example_branch_labels.py for tasks to queue
[2021-11-28 09:46:11,724] {logging_mixin.py:109} INFO - [2021-11-28 09:46:11,724] {dagbag.py:500} INFO - Filling up the DagBag from /home/airflow/.local/lib/python3.7/site-packages/airflow/example_dags/example_branch_labels.py
[2021-11-28 09:46:11,743] {processor.py:637} INFO - DAG(s) dict_keys(['example_branch_labels']) retrieved from /home/airflow/.local/lib/python3.7/site-packages/airflow/example_dags/example_branch_labels.py
[2021-11-28 09:46:11,753] {logging_mixin.py:109} INFO - [2021-11-28 09:46:11,753] {dag.py:2396} INFO - Sync 1 DAGs
[2021-11-28 09:46:11,770] {logging_mixin.py:109} INFO - [2021-11-28 09:46:11,770] {dag.py:2928} INFO - Setting next_dagrun for example_branch_labels to 2021-11-27 00:00:00+00:00
[2021-11-28 09:46:11,781] {processor.py:171} INFO - Processing /home/airflow/.local/lib/python3.7/site-packages/airflow/example_dags/example_branch_labels.py took 0.059 seconds
[2021-11-28 09:46:41,957] {processor.py:163} INFO - Started process (PID=621) to work on /home/airflow/.local/lib/python3.7/site-packages/airflow/example_dags/example_branch_labels.py
[2021-11-28 09:46:41,958] {processor.py:625} INFO - Processing file /home/airflow/.local/lib/python3.7/site-packages/airflow/example_dags/example_branch_labels.py for tasks to queue
[2021-11-28 09:46:41,958] {logging_mixin.py:109} INFO - [2021-11-28 09:46:41,958] {dagbag.py:500} INFO - Filling up the DagBag from /home/airflow/.local/lib/python3.7/site-packages/airflow/example_dags/example_branch_labels.py
[2021-11-28 09:46:41,978] {processor.py:637} INFO - DAG(s) dict_keys(['example_branch_labels']) retrieved from /home/airflow/.local/lib/python3.7/site-packages/airflow/example_dags/example_branch_labels.py
[2021-11-28 09:46:41,988] {logging_mixin.py:109} INFO - [2021-11-28 09:46:41,988] {dag.py:2396} INFO - Sync 1 DAGs
[2021-11-28 09:46:42,002] {logging_mixin.py:109} INFO - [2021-11-28 09:46:42,002] {dag.py:2928} INFO - Setting next_dagrun for example_branch_labels to 2021-11-27 00:00:00+00:00
[2021-11-28 09:46:42,014] {processor.py:171} INFO - Processing /home/airflow/.local/lib/python3.7/site-packages/airflow/example_dags/example_branch_labels.py took 0.059 seconds
[2021-11-28 09:48:50,775] {processor.py:163} INFO - Started process (PID=59) to work on /home/airflow/.local/lib/python3.7/site-packages/airflow/example_dags/example_branch_labels.py
[2021-11-28 09:48:50,776] {processor.py:625} INFO - Processing file /home/airflow/.local/lib/python3.7/site-packages/airflow/example_dags/example_branch_labels.py for tasks to queue
[2021-11-28 09:48:50,776] {logging_mixin.py:109} INFO - [2021-11-28 09:48:50,776] {dagbag.py:500} INFO - Filling up the DagBag from /home/airflow/.local/lib/python3.7/site-packages/airflow/example_dags/example_branch_labels.py
[2021-11-28 09:48:50,797] {processor.py:637} INFO - DAG(s) dict_keys(['example_branch_labels']) retrieved from /home/airflow/.local/lib/python3.7/site-packages/airflow/example_dags/example_branch_labels.py
[2021-11-28 09:48:50,805] {logging_mixin.py:109} INFO - [2021-11-28 09:48:50,805] {dag.py:2396} INFO - Sync 1 DAGs
[2021-11-28 09:48:50,817] {logging_mixin.py:109} INFO - [2021-11-28 09:48:50,817] {dag.py:2928} INFO - Setting next_dagrun for example_branch_labels to 2021-11-27 00:00:00+00:00
[2021-11-28 09:48:50,825] {processor.py:171} INFO - Processing /home/airflow/.local/lib/python3.7/site-packages/airflow/example_dags/example_branch_labels.py took 0.053 seconds
[2021-11-28 09:49:21,891] {processor.py:163} INFO - Started process (PID=119) to work on /home/airflow/.local/lib/python3.7/site-packages/airflow/example_dags/example_branch_labels.py
[2021-11-28 09:49:21,892] {processor.py:625} INFO - Processing file /home/airflow/.local/lib/python3.7/site-packages/airflow/example_dags/example_branch_labels.py for tasks to queue
[2021-11-28 09:49:21,893] {logging_mixin.py:109} INFO - [2021-11-28 09:49:21,893] {dagbag.py:500} INFO - Filling up the DagBag from /home/airflow/.local/lib/python3.7/site-packages/airflow/example_dags/example_branch_labels.py
[2021-11-28 09:49:21,919] {processor.py:637} INFO - DAG(s) dict_keys(['example_branch_labels']) retrieved from /home/airflow/.local/lib/python3.7/site-packages/airflow/example_dags/example_branch_labels.py
[2021-11-28 09:49:21,925] {logging_mixin.py:109} INFO - [2021-11-28 09:49:21,925] {dag.py:2396} INFO - Sync 1 DAGs
[2021-11-28 09:49:21,938] {logging_mixin.py:109} INFO - [2021-11-28 09:49:21,938] {dag.py:2928} INFO - Setting next_dagrun for example_branch_labels to 2021-11-27 00:00:00+00:00
[2021-11-28 09:49:21,948] {processor.py:171} INFO - Processing /home/airflow/.local/lib/python3.7/site-packages/airflow/example_dags/example_branch_labels.py took 0.059 seconds
[2021-11-28 09:49:52,844] {processor.py:163} INFO - Started process (PID=179) to work on /home/airflow/.local/lib/python3.7/site-packages/airflow/example_dags/example_branch_labels.py
[2021-11-28 09:49:52,845] {processor.py:625} INFO - Processing file /home/airflow/.local/lib/python3.7/site-packages/airflow/example_dags/example_branch_labels.py for tasks to queue
[2021-11-28 09:49:52,845] {logging_mixin.py:109} INFO - [2021-11-28 09:49:52,845] {dagbag.py:500} INFO - Filling up the DagBag from /home/airflow/.local/lib/python3.7/site-packages/airflow/example_dags/example_branch_labels.py
[2021-11-28 09:49:52,869] {processor.py:637} INFO - DAG(s) dict_keys(['example_branch_labels']) retrieved from /home/airflow/.local/lib/python3.7/site-packages/airflow/example_dags/example_branch_labels.py
[2021-11-28 09:49:52,876] {logging_mixin.py:109} INFO - [2021-11-28 09:49:52,876] {dag.py:2396} INFO - Sync 1 DAGs
[2021-11-28 09:49:52,888] {logging_mixin.py:109} INFO - [2021-11-28 09:49:52,888] {dag.py:2928} INFO - Setting next_dagrun for example_branch_labels to 2021-11-27 00:00:00+00:00
[2021-11-28 09:49:52,896] {processor.py:171} INFO - Processing /home/airflow/.local/lib/python3.7/site-packages/airflow/example_dags/example_branch_labels.py took 0.054 seconds
[2021-11-28 09:50:23,958] {processor.py:163} INFO - Started process (PID=230) to work on /home/airflow/.local/lib/python3.7/site-packages/airflow/example_dags/example_branch_labels.py
[2021-11-28 09:50:23,959] {processor.py:625} INFO - Processing file /home/airflow/.local/lib/python3.7/site-packages/airflow/example_dags/example_branch_labels.py for tasks to queue
[2021-11-28 09:50:23,960] {logging_mixin.py:109} INFO - [2021-11-28 09:50:23,960] {dagbag.py:500} INFO - Filling up the DagBag from /home/airflow/.local/lib/python3.7/site-packages/airflow/example_dags/example_branch_labels.py
[2021-11-28 09:50:23,983] {processor.py:637} INFO - DAG(s) dict_keys(['example_branch_labels']) retrieved from /home/airflow/.local/lib/python3.7/site-packages/airflow/example_dags/example_branch_labels.py
[2021-11-28 09:50:23,994] {logging_mixin.py:109} INFO - [2021-11-28 09:50:23,994] {dag.py:2396} INFO - Sync 1 DAGs
[2021-11-28 09:50:24,014] {logging_mixin.py:109} INFO - [2021-11-28 09:50:24,014] {dag.py:2928} INFO - Setting next_dagrun for example_branch_labels to 2021-11-27 00:00:00+00:00
[2021-11-28 09:50:24,025] {processor.py:171} INFO - Processing /home/airflow/.local/lib/python3.7/site-packages/airflow/example_dags/example_branch_labels.py took 0.070 seconds
[2021-11-28 09:50:54,868] {processor.py:163} INFO - Started process (PID=290) to work on /home/airflow/.local/lib/python3.7/site-packages/airflow/example_dags/example_branch_labels.py
[2021-11-28 09:50:54,869] {processor.py:625} INFO - Processing file /home/airflow/.local/lib/python3.7/site-packages/airflow/example_dags/example_branch_labels.py for tasks to queue
[2021-11-28 09:50:54,869] {logging_mixin.py:109} INFO - [2021-11-28 09:50:54,869] {dagbag.py:500} INFO - Filling up the DagBag from /home/airflow/.local/lib/python3.7/site-packages/airflow/example_dags/example_branch_labels.py
[2021-11-28 09:50:54,885] {processor.py:637} INFO - DAG(s) dict_keys(['example_branch_labels']) retrieved from /home/airflow/.local/lib/python3.7/site-packages/airflow/example_dags/example_branch_labels.py
[2021-11-28 09:50:54,892] {logging_mixin.py:109} INFO - [2021-11-28 09:50:54,892] {dag.py:2396} INFO - Sync 1 DAGs
[2021-11-28 09:50:54,904] {logging_mixin.py:109} INFO - [2021-11-28 09:50:54,904] {dag.py:2928} INFO - Setting next_dagrun for example_branch_labels to 2021-11-27 00:00:00+00:00
[2021-11-28 09:50:54,912] {processor.py:171} INFO - Processing /home/airflow/.local/lib/python3.7/site-packages/airflow/example_dags/example_branch_labels.py took 0.046 seconds
[2021-11-28 09:51:49,308] {processor.py:163} INFO - Started process (PID=58) to work on /home/airflow/.local/lib/python3.7/site-packages/airflow/example_dags/example_branch_labels.py
[2021-11-28 09:51:49,310] {processor.py:625} INFO - Processing file /home/airflow/.local/lib/python3.7/site-packages/airflow/example_dags/example_branch_labels.py for tasks to queue
[2021-11-28 09:51:49,311] {logging_mixin.py:109} INFO - [2021-11-28 09:51:49,311] {dagbag.py:500} INFO - Filling up the DagBag from /home/airflow/.local/lib/python3.7/site-packages/airflow/example_dags/example_branch_labels.py
[2021-11-28 09:51:49,345] {processor.py:637} INFO - DAG(s) dict_keys(['example_branch_labels']) retrieved from /home/airflow/.local/lib/python3.7/site-packages/airflow/example_dags/example_branch_labels.py
[2021-11-28 09:51:49,359] {logging_mixin.py:109} INFO - [2021-11-28 09:51:49,359] {dag.py:2396} INFO - Sync 1 DAGs
[2021-11-28 09:51:49,385] {logging_mixin.py:109} INFO - [2021-11-28 09:51:49,385] {dag.py:2928} INFO - Setting next_dagrun for example_branch_labels to 2021-11-27 00:00:00+00:00
[2021-11-28 09:51:49,399] {processor.py:171} INFO - Processing /home/airflow/.local/lib/python3.7/site-packages/airflow/example_dags/example_branch_labels.py took 0.093 seconds
[2021-11-28 09:52:19,620] {processor.py:163} INFO - Started process (PID=120) to work on /home/airflow/.local/lib/python3.7/site-packages/airflow/example_dags/example_branch_labels.py
[2021-11-28 09:52:19,621] {processor.py:625} INFO - Processing file /home/airflow/.local/lib/python3.7/site-packages/airflow/example_dags/example_branch_labels.py for tasks to queue
[2021-11-28 09:52:19,622] {logging_mixin.py:109} INFO - [2021-11-28 09:52:19,622] {dagbag.py:500} INFO - Filling up the DagBag from /home/airflow/.local/lib/python3.7/site-packages/airflow/example_dags/example_branch_labels.py
[2021-11-28 09:52:19,647] {processor.py:637} INFO - DAG(s) dict_keys(['example_branch_labels']) retrieved from /home/airflow/.local/lib/python3.7/site-packages/airflow/example_dags/example_branch_labels.py
[2021-11-28 09:52:19,659] {logging_mixin.py:109} INFO - [2021-11-28 09:52:19,659] {dag.py:2396} INFO - Sync 1 DAGs
[2021-11-28 09:52:19,679] {logging_mixin.py:109} INFO - [2021-11-28 09:52:19,679] {dag.py:2928} INFO - Setting next_dagrun for example_branch_labels to 2021-11-27 00:00:00+00:00
[2021-11-28 09:52:19,690] {processor.py:171} INFO - Processing /home/airflow/.local/lib/python3.7/site-packages/airflow/example_dags/example_branch_labels.py took 0.073 seconds
[2021-11-28 09:52:50,521] {processor.py:163} INFO - Started process (PID=177) to work on /home/airflow/.local/lib/python3.7/site-packages/airflow/example_dags/example_branch_labels.py
[2021-11-28 09:52:50,522] {processor.py:625} INFO - Processing file /home/airflow/.local/lib/python3.7/site-packages/airflow/example_dags/example_branch_labels.py for tasks to queue
[2021-11-28 09:52:50,522] {logging_mixin.py:109} INFO - [2021-11-28 09:52:50,522] {dagbag.py:500} INFO - Filling up the DagBag from /home/airflow/.local/lib/python3.7/site-packages/airflow/example_dags/example_branch_labels.py
[2021-11-28 09:52:50,539] {processor.py:637} INFO - DAG(s) dict_keys(['example_branch_labels']) retrieved from /home/airflow/.local/lib/python3.7/site-packages/airflow/example_dags/example_branch_labels.py
[2021-11-28 09:52:50,548] {logging_mixin.py:109} INFO - [2021-11-28 09:52:50,548] {dag.py:2396} INFO - Sync 1 DAGs
[2021-11-28 09:52:50,563] {logging_mixin.py:109} INFO - [2021-11-28 09:52:50,563] {dag.py:2928} INFO - Setting next_dagrun for example_branch_labels to 2021-11-27 00:00:00+00:00
[2021-11-28 09:52:50,575] {processor.py:171} INFO - Processing /home/airflow/.local/lib/python3.7/site-packages/airflow/example_dags/example_branch_labels.py took 0.056 seconds
[2021-11-28 09:58:34,916] {processor.py:163} INFO - Started process (PID=58) to work on /home/airflow/.local/lib/python3.7/site-packages/airflow/example_dags/example_branch_labels.py
[2021-11-28 09:58:34,917] {processor.py:625} INFO - Processing file /home/airflow/.local/lib/python3.7/site-packages/airflow/example_dags/example_branch_labels.py for tasks to queue
[2021-11-28 09:58:34,918] {logging_mixin.py:109} INFO - [2021-11-28 09:58:34,917] {dagbag.py:500} INFO - Filling up the DagBag from /home/airflow/.local/lib/python3.7/site-packages/airflow/example_dags/example_branch_labels.py
[2021-11-28 09:58:34,942] {processor.py:637} INFO - DAG(s) dict_keys(['example_branch_labels']) retrieved from /home/airflow/.local/lib/python3.7/site-packages/airflow/example_dags/example_branch_labels.py
[2021-11-28 09:58:34,952] {logging_mixin.py:109} INFO - [2021-11-28 09:58:34,952] {dag.py:2396} INFO - Sync 1 DAGs
[2021-11-28 09:58:34,979] {logging_mixin.py:109} INFO - [2021-11-28 09:58:34,979] {dag.py:2928} INFO - Setting next_dagrun for example_branch_labels to 2021-11-27 00:00:00+00:00
[2021-11-28 09:58:34,991] {processor.py:171} INFO - Processing /home/airflow/.local/lib/python3.7/site-packages/airflow/example_dags/example_branch_labels.py took 0.078 seconds
[2021-11-28 09:59:05,784] {processor.py:163} INFO - Started process (PID=118) to work on /home/airflow/.local/lib/python3.7/site-packages/airflow/example_dags/example_branch_labels.py
[2021-11-28 09:59:05,785] {processor.py:625} INFO - Processing file /home/airflow/.local/lib/python3.7/site-packages/airflow/example_dags/example_branch_labels.py for tasks to queue
[2021-11-28 09:59:05,785] {logging_mixin.py:109} INFO - [2021-11-28 09:59:05,785] {dagbag.py:500} INFO - Filling up the DagBag from /home/airflow/.local/lib/python3.7/site-packages/airflow/example_dags/example_branch_labels.py
[2021-11-28 09:59:05,804] {processor.py:637} INFO - DAG(s) dict_keys(['example_branch_labels']) retrieved from /home/airflow/.local/lib/python3.7/site-packages/airflow/example_dags/example_branch_labels.py
[2021-11-28 09:59:05,814] {logging_mixin.py:109} INFO - [2021-11-28 09:59:05,814] {dag.py:2396} INFO - Sync 1 DAGs
[2021-11-28 09:59:05,838] {logging_mixin.py:109} INFO - [2021-11-28 09:59:05,838] {dag.py:2928} INFO - Setting next_dagrun for example_branch_labels to 2021-11-27 00:00:00+00:00
[2021-11-28 09:59:05,849] {processor.py:171} INFO - Processing /home/airflow/.local/lib/python3.7/site-packages/airflow/example_dags/example_branch_labels.py took 0.067 seconds
[2021-11-28 09:59:36,654] {processor.py:163} INFO - Started process (PID=178) to work on /home/airflow/.local/lib/python3.7/site-packages/airflow/example_dags/example_branch_labels.py
[2021-11-28 09:59:36,660] {processor.py:625} INFO - Processing file /home/airflow/.local/lib/python3.7/site-packages/airflow/example_dags/example_branch_labels.py for tasks to queue
[2021-11-28 09:59:36,661] {logging_mixin.py:109} INFO - [2021-11-28 09:59:36,661] {dagbag.py:500} INFO - Filling up the DagBag from /home/airflow/.local/lib/python3.7/site-packages/airflow/example_dags/example_branch_labels.py
[2021-11-28 09:59:36,679] {processor.py:637} INFO - DAG(s) dict_keys(['example_branch_labels']) retrieved from /home/airflow/.local/lib/python3.7/site-packages/airflow/example_dags/example_branch_labels.py
[2021-11-28 09:59:36,691] {logging_mixin.py:109} INFO - [2021-11-28 09:59:36,691] {dag.py:2396} INFO - Sync 1 DAGs
[2021-11-28 09:59:36,711] {logging_mixin.py:109} INFO - [2021-11-28 09:59:36,711] {dag.py:2928} INFO - Setting next_dagrun for example_branch_labels to 2021-11-27 00:00:00+00:00
[2021-11-28 09:59:36,722] {processor.py:171} INFO - Processing /home/airflow/.local/lib/python3.7/site-packages/airflow/example_dags/example_branch_labels.py took 0.070 seconds
[2021-11-28 10:00:07,538] {processor.py:163} INFO - Started process (PID=229) to work on /home/airflow/.local/lib/python3.7/site-packages/airflow/example_dags/example_branch_labels.py
[2021-11-28 10:00:07,539] {processor.py:625} INFO - Processing file /home/airflow/.local/lib/python3.7/site-packages/airflow/example_dags/example_branch_labels.py for tasks to queue
[2021-11-28 10:00:07,539] {logging_mixin.py:109} INFO - [2021-11-28 10:00:07,539] {dagbag.py:500} INFO - Filling up the DagBag from /home/airflow/.local/lib/python3.7/site-packages/airflow/example_dags/example_branch_labels.py
[2021-11-28 10:00:07,561] {processor.py:637} INFO - DAG(s) dict_keys(['example_branch_labels']) retrieved from /home/airflow/.local/lib/python3.7/site-packages/airflow/example_dags/example_branch_labels.py
[2021-11-28 10:00:07,569] {logging_mixin.py:109} INFO - [2021-11-28 10:00:07,568] {dag.py:2396} INFO - Sync 1 DAGs
[2021-11-28 10:00:07,580] {logging_mixin.py:109} INFO - [2021-11-28 10:00:07,580] {dag.py:2928} INFO - Setting next_dagrun for example_branch_labels to 2021-11-27 00:00:00+00:00
[2021-11-28 10:00:07,589] {processor.py:171} INFO - Processing /home/airflow/.local/lib/python3.7/site-packages/airflow/example_dags/example_branch_labels.py took 0.054 seconds
[2021-11-28 10:00:38,446] {processor.py:163} INFO - Started process (PID=289) to work on /home/airflow/.local/lib/python3.7/site-packages/airflow/example_dags/example_branch_labels.py
[2021-11-28 10:00:38,447] {processor.py:625} INFO - Processing file /home/airflow/.local/lib/python3.7/site-packages/airflow/example_dags/example_branch_labels.py for tasks to queue
[2021-11-28 10:00:38,448] {logging_mixin.py:109} INFO - [2021-11-28 10:00:38,447] {dagbag.py:500} INFO - Filling up the DagBag from /home/airflow/.local/lib/python3.7/site-packages/airflow/example_dags/example_branch_labels.py
[2021-11-28 10:00:38,470] {processor.py:637} INFO - DAG(s) dict_keys(['example_branch_labels']) retrieved from /home/airflow/.local/lib/python3.7/site-packages/airflow/example_dags/example_branch_labels.py
[2021-11-28 10:00:38,477] {logging_mixin.py:109} INFO - [2021-11-28 10:00:38,477] {dag.py:2396} INFO - Sync 1 DAGs
[2021-11-28 10:00:38,490] {logging_mixin.py:109} INFO - [2021-11-28 10:00:38,490] {dag.py:2928} INFO - Setting next_dagrun for example_branch_labels to 2021-11-27 00:00:00+00:00
[2021-11-28 10:00:38,499] {processor.py:171} INFO - Processing /home/airflow/.local/lib/python3.7/site-packages/airflow/example_dags/example_branch_labels.py took 0.055 seconds
[2021-11-28 10:01:09,334] {processor.py:163} INFO - Started process (PID=340) to work on /home/airflow/.local/lib/python3.7/site-packages/airflow/example_dags/example_branch_labels.py
[2021-11-28 10:01:09,335] {processor.py:625} INFO - Processing file /home/airflow/.local/lib/python3.7/site-packages/airflow/example_dags/example_branch_labels.py for tasks to queue
[2021-11-28 10:01:09,336] {logging_mixin.py:109} INFO - [2021-11-28 10:01:09,335] {dagbag.py:500} INFO - Filling up the DagBag from /home/airflow/.local/lib/python3.7/site-packages/airflow/example_dags/example_branch_labels.py
[2021-11-28 10:01:09,353] {processor.py:637} INFO - DAG(s) dict_keys(['example_branch_labels']) retrieved from /home/airflow/.local/lib/python3.7/site-packages/airflow/example_dags/example_branch_labels.py
[2021-11-28 10:01:09,365] {logging_mixin.py:109} INFO - [2021-11-28 10:01:09,365] {dag.py:2396} INFO - Sync 1 DAGs
[2021-11-28 10:01:09,381] {logging_mixin.py:109} INFO - [2021-11-28 10:01:09,381] {dag.py:2928} INFO - Setting next_dagrun for example_branch_labels to 2021-11-27 00:00:00+00:00
[2021-11-28 10:01:09,389] {processor.py:171} INFO - Processing /home/airflow/.local/lib/python3.7/site-packages/airflow/example_dags/example_branch_labels.py took 0.057 seconds
[2021-11-28 10:01:40,301] {processor.py:163} INFO - Started process (PID=400) to work on /home/airflow/.local/lib/python3.7/site-packages/airflow/example_dags/example_branch_labels.py
[2021-11-28 10:01:40,303] {processor.py:625} INFO - Processing file /home/airflow/.local/lib/python3.7/site-packages/airflow/example_dags/example_branch_labels.py for tasks to queue
[2021-11-28 10:01:40,303] {logging_mixin.py:109} INFO - [2021-11-28 10:01:40,303] {dagbag.py:500} INFO - Filling up the DagBag from /home/airflow/.local/lib/python3.7/site-packages/airflow/example_dags/example_branch_labels.py
[2021-11-28 10:01:40,327] {processor.py:637} INFO - DAG(s) dict_keys(['example_branch_labels']) retrieved from /home/airflow/.local/lib/python3.7/site-packages/airflow/example_dags/example_branch_labels.py
[2021-11-28 10:01:40,339] {logging_mixin.py:109} INFO - [2021-11-28 10:01:40,339] {dag.py:2396} INFO - Sync 1 DAGs
[2021-11-28 10:01:40,358] {logging_mixin.py:109} INFO - [2021-11-28 10:01:40,358] {dag.py:2928} INFO - Setting next_dagrun for example_branch_labels to 2021-11-27 00:00:00+00:00
[2021-11-28 10:01:40,368] {processor.py:171} INFO - Processing /home/airflow/.local/lib/python3.7/site-packages/airflow/example_dags/example_branch_labels.py took 0.069 seconds
[2021-11-28 10:02:11,214] {processor.py:163} INFO - Started process (PID=460) to work on /home/airflow/.local/lib/python3.7/site-packages/airflow/example_dags/example_branch_labels.py
[2021-11-28 10:02:11,215] {processor.py:625} INFO - Processing file /home/airflow/.local/lib/python3.7/site-packages/airflow/example_dags/example_branch_labels.py for tasks to queue
[2021-11-28 10:02:11,216] {logging_mixin.py:109} INFO - [2021-11-28 10:02:11,215] {dagbag.py:500} INFO - Filling up the DagBag from /home/airflow/.local/lib/python3.7/site-packages/airflow/example_dags/example_branch_labels.py
[2021-11-28 10:02:11,241] {processor.py:637} INFO - DAG(s) dict_keys(['example_branch_labels']) retrieved from /home/airflow/.local/lib/python3.7/site-packages/airflow/example_dags/example_branch_labels.py
[2021-11-28 10:02:11,253] {logging_mixin.py:109} INFO - [2021-11-28 10:02:11,253] {dag.py:2396} INFO - Sync 1 DAGs
[2021-11-28 10:02:11,275] {logging_mixin.py:109} INFO - [2021-11-28 10:02:11,275] {dag.py:2928} INFO - Setting next_dagrun for example_branch_labels to 2021-11-27 00:00:00+00:00
[2021-11-28 10:02:11,288] {processor.py:171} INFO - Processing /home/airflow/.local/lib/python3.7/site-packages/airflow/example_dags/example_branch_labels.py took 0.077 seconds
[2021-11-28 10:02:42,124] {processor.py:163} INFO - Started process (PID=511) to work on /home/airflow/.local/lib/python3.7/site-packages/airflow/example_dags/example_branch_labels.py
[2021-11-28 10:02:42,125] {processor.py:625} INFO - Processing file /home/airflow/.local/lib/python3.7/site-packages/airflow/example_dags/example_branch_labels.py for tasks to queue
[2021-11-28 10:02:42,126] {logging_mixin.py:109} INFO - [2021-11-28 10:02:42,126] {dagbag.py:500} INFO - Filling up the DagBag from /home/airflow/.local/lib/python3.7/site-packages/airflow/example_dags/example_branch_labels.py
[2021-11-28 10:02:42,148] {processor.py:637} INFO - DAG(s) dict_keys(['example_branch_labels']) retrieved from /home/airflow/.local/lib/python3.7/site-packages/airflow/example_dags/example_branch_labels.py
[2021-11-28 10:02:42,155] {logging_mixin.py:109} INFO - [2021-11-28 10:02:42,155] {dag.py:2396} INFO - Sync 1 DAGs
[2021-11-28 10:02:42,167] {logging_mixin.py:109} INFO - [2021-11-28 10:02:42,167] {dag.py:2928} INFO - Setting next_dagrun for example_branch_labels to 2021-11-27 00:00:00+00:00
[2021-11-28 10:02:42,175] {processor.py:171} INFO - Processing /home/airflow/.local/lib/python3.7/site-packages/airflow/example_dags/example_branch_labels.py took 0.053 seconds
[2021-11-28 10:03:13,078] {processor.py:163} INFO - Started process (PID=571) to work on /home/airflow/.local/lib/python3.7/site-packages/airflow/example_dags/example_branch_labels.py
[2021-11-28 10:03:13,079] {processor.py:625} INFO - Processing file /home/airflow/.local/lib/python3.7/site-packages/airflow/example_dags/example_branch_labels.py for tasks to queue
[2021-11-28 10:03:13,079] {logging_mixin.py:109} INFO - [2021-11-28 10:03:13,079] {dagbag.py:500} INFO - Filling up the DagBag from /home/airflow/.local/lib/python3.7/site-packages/airflow/example_dags/example_branch_labels.py
[2021-11-28 10:03:13,103] {processor.py:637} INFO - DAG(s) dict_keys(['example_branch_labels']) retrieved from /home/airflow/.local/lib/python3.7/site-packages/airflow/example_dags/example_branch_labels.py
[2021-11-28 10:03:13,115] {logging_mixin.py:109} INFO - [2021-11-28 10:03:13,115] {dag.py:2396} INFO - Sync 1 DAGs
[2021-11-28 10:03:13,136] {logging_mixin.py:109} INFO - [2021-11-28 10:03:13,136] {dag.py:2928} INFO - Setting next_dagrun for example_branch_labels to 2021-11-27 00:00:00+00:00
[2021-11-28 10:03:13,147] {processor.py:171} INFO - Processing /home/airflow/.local/lib/python3.7/site-packages/airflow/example_dags/example_branch_labels.py took 0.072 seconds
[2021-11-28 10:03:44,062] {processor.py:163} INFO - Started process (PID=622) to work on /home/airflow/.local/lib/python3.7/site-packages/airflow/example_dags/example_branch_labels.py
[2021-11-28 10:03:44,063] {processor.py:625} INFO - Processing file /home/airflow/.local/lib/python3.7/site-packages/airflow/example_dags/example_branch_labels.py for tasks to queue
[2021-11-28 10:03:44,064] {logging_mixin.py:109} INFO - [2021-11-28 10:03:44,064] {dagbag.py:500} INFO - Filling up the DagBag from /home/airflow/.local/lib/python3.7/site-packages/airflow/example_dags/example_branch_labels.py
[2021-11-28 10:03:44,088] {processor.py:637} INFO - DAG(s) dict_keys(['example_branch_labels']) retrieved from /home/airflow/.local/lib/python3.7/site-packages/airflow/example_dags/example_branch_labels.py
[2021-11-28 10:03:44,097] {logging_mixin.py:109} INFO - [2021-11-28 10:03:44,097] {dag.py:2396} INFO - Sync 1 DAGs
[2021-11-28 10:03:44,115] {logging_mixin.py:109} INFO - [2021-11-28 10:03:44,115] {dag.py:2928} INFO - Setting next_dagrun for example_branch_labels to 2021-11-27 00:00:00+00:00
[2021-11-28 10:03:44,124] {processor.py:171} INFO - Processing /home/airflow/.local/lib/python3.7/site-packages/airflow/example_dags/example_branch_labels.py took 0.065 seconds
[2021-11-28 10:04:15,013] {processor.py:163} INFO - Started process (PID=682) to work on /home/airflow/.local/lib/python3.7/site-packages/airflow/example_dags/example_branch_labels.py
[2021-11-28 10:04:15,014] {processor.py:625} INFO - Processing file /home/airflow/.local/lib/python3.7/site-packages/airflow/example_dags/example_branch_labels.py for tasks to queue
[2021-11-28 10:04:15,014] {logging_mixin.py:109} INFO - [2021-11-28 10:04:15,014] {dagbag.py:500} INFO - Filling up the DagBag from /home/airflow/.local/lib/python3.7/site-packages/airflow/example_dags/example_branch_labels.py
[2021-11-28 10:04:15,032] {processor.py:637} INFO - DAG(s) dict_keys(['example_branch_labels']) retrieved from /home/airflow/.local/lib/python3.7/site-packages/airflow/example_dags/example_branch_labels.py
[2021-11-28 10:04:15,038] {logging_mixin.py:109} INFO - [2021-11-28 10:04:15,038] {dag.py:2396} INFO - Sync 1 DAGs
[2021-11-28 10:04:15,050] {logging_mixin.py:109} INFO - [2021-11-28 10:04:15,050] {dag.py:2928} INFO - Setting next_dagrun for example_branch_labels to 2021-11-27 00:00:00+00:00
[2021-11-28 10:04:15,058] {processor.py:171} INFO - Processing /home/airflow/.local/lib/python3.7/site-packages/airflow/example_dags/example_branch_labels.py took 0.047 seconds
[2021-11-28 10:04:46,075] {processor.py:163} INFO - Started process (PID=742) to work on /home/airflow/.local/lib/python3.7/site-packages/airflow/example_dags/example_branch_labels.py
[2021-11-28 10:04:46,075] {processor.py:625} INFO - Processing file /home/airflow/.local/lib/python3.7/site-packages/airflow/example_dags/example_branch_labels.py for tasks to queue
[2021-11-28 10:04:46,076] {logging_mixin.py:109} INFO - [2021-11-28 10:04:46,076] {dagbag.py:500} INFO - Filling up the DagBag from /home/airflow/.local/lib/python3.7/site-packages/airflow/example_dags/example_branch_labels.py
[2021-11-28 10:04:46,099] {processor.py:637} INFO - DAG(s) dict_keys(['example_branch_labels']) retrieved from /home/airflow/.local/lib/python3.7/site-packages/airflow/example_dags/example_branch_labels.py
[2021-11-28 10:04:46,113] {logging_mixin.py:109} INFO - [2021-11-28 10:04:46,112] {dag.py:2396} INFO - Sync 1 DAGs
[2021-11-28 10:04:46,134] {logging_mixin.py:109} INFO - [2021-11-28 10:04:46,134] {dag.py:2928} INFO - Setting next_dagrun for example_branch_labels to 2021-11-27 00:00:00+00:00
[2021-11-28 10:04:46,147] {processor.py:171} INFO - Processing /home/airflow/.local/lib/python3.7/site-packages/airflow/example_dags/example_branch_labels.py took 0.074 seconds
[2021-11-28 10:05:17,165] {processor.py:163} INFO - Started process (PID=793) to work on /home/airflow/.local/lib/python3.7/site-packages/airflow/example_dags/example_branch_labels.py
[2021-11-28 10:05:17,166] {processor.py:625} INFO - Processing file /home/airflow/.local/lib/python3.7/site-packages/airflow/example_dags/example_branch_labels.py for tasks to queue
[2021-11-28 10:05:17,166] {logging_mixin.py:109} INFO - [2021-11-28 10:05:17,166] {dagbag.py:500} INFO - Filling up the DagBag from /home/airflow/.local/lib/python3.7/site-packages/airflow/example_dags/example_branch_labels.py
[2021-11-28 10:05:17,185] {processor.py:637} INFO - DAG(s) dict_keys(['example_branch_labels']) retrieved from /home/airflow/.local/lib/python3.7/site-packages/airflow/example_dags/example_branch_labels.py
[2021-11-28 10:05:17,196] {logging_mixin.py:109} INFO - [2021-11-28 10:05:17,196] {dag.py:2396} INFO - Sync 1 DAGs
[2021-11-28 10:05:17,214] {logging_mixin.py:109} INFO - [2021-11-28 10:05:17,214] {dag.py:2928} INFO - Setting next_dagrun for example_branch_labels to 2021-11-27 00:00:00+00:00
[2021-11-28 10:05:17,222] {processor.py:171} INFO - Processing /home/airflow/.local/lib/python3.7/site-packages/airflow/example_dags/example_branch_labels.py took 0.060 seconds
[2021-11-28 10:05:48,289] {processor.py:163} INFO - Started process (PID=853) to work on /home/airflow/.local/lib/python3.7/site-packages/airflow/example_dags/example_branch_labels.py
[2021-11-28 10:05:48,290] {processor.py:625} INFO - Processing file /home/airflow/.local/lib/python3.7/site-packages/airflow/example_dags/example_branch_labels.py for tasks to queue
[2021-11-28 10:05:48,291] {logging_mixin.py:109} INFO - [2021-11-28 10:05:48,291] {dagbag.py:500} INFO - Filling up the DagBag from /home/airflow/.local/lib/python3.7/site-packages/airflow/example_dags/example_branch_labels.py
[2021-11-28 10:05:48,317] {processor.py:637} INFO - DAG(s) dict_keys(['example_branch_labels']) retrieved from /home/airflow/.local/lib/python3.7/site-packages/airflow/example_dags/example_branch_labels.py
[2021-11-28 10:05:48,328] {logging_mixin.py:109} INFO - [2021-11-28 10:05:48,328] {dag.py:2396} INFO - Sync 1 DAGs
[2021-11-28 10:05:48,349] {logging_mixin.py:109} INFO - [2021-11-28 10:05:48,349] {dag.py:2928} INFO - Setting next_dagrun for example_branch_labels to 2021-11-27 00:00:00+00:00
[2021-11-28 10:05:48,360] {processor.py:171} INFO - Processing /home/airflow/.local/lib/python3.7/site-packages/airflow/example_dags/example_branch_labels.py took 0.074 seconds
[2021-11-28 10:06:18,790] {processor.py:163} INFO - Started process (PID=904) to work on /home/airflow/.local/lib/python3.7/site-packages/airflow/example_dags/example_branch_labels.py
[2021-11-28 10:06:18,793] {processor.py:625} INFO - Processing file /home/airflow/.local/lib/python3.7/site-packages/airflow/example_dags/example_branch_labels.py for tasks to queue
[2021-11-28 10:06:18,794] {logging_mixin.py:109} INFO - [2021-11-28 10:06:18,793] {dagbag.py:500} INFO - Filling up the DagBag from /home/airflow/.local/lib/python3.7/site-packages/airflow/example_dags/example_branch_labels.py
[2021-11-28 10:06:18,818] {processor.py:637} INFO - DAG(s) dict_keys(['example_branch_labels']) retrieved from /home/airflow/.local/lib/python3.7/site-packages/airflow/example_dags/example_branch_labels.py
[2021-11-28 10:06:18,829] {logging_mixin.py:109} INFO - [2021-11-28 10:06:18,829] {dag.py:2396} INFO - Sync 1 DAGs
[2021-11-28 10:06:18,849] {logging_mixin.py:109} INFO - [2021-11-28 10:06:18,849] {dag.py:2928} INFO - Setting next_dagrun for example_branch_labels to 2021-11-27 00:00:00+00:00
[2021-11-28 10:06:18,859] {processor.py:171} INFO - Processing /home/airflow/.local/lib/python3.7/site-packages/airflow/example_dags/example_branch_labels.py took 0.071 seconds
[2021-11-28 10:06:49,417] {processor.py:163} INFO - Started process (PID=964) to work on /home/airflow/.local/lib/python3.7/site-packages/airflow/example_dags/example_branch_labels.py
[2021-11-28 10:06:49,419] {processor.py:625} INFO - Processing file /home/airflow/.local/lib/python3.7/site-packages/airflow/example_dags/example_branch_labels.py for tasks to queue
[2021-11-28 10:06:49,420] {logging_mixin.py:109} INFO - [2021-11-28 10:06:49,419] {dagbag.py:500} INFO - Filling up the DagBag from /home/airflow/.local/lib/python3.7/site-packages/airflow/example_dags/example_branch_labels.py
[2021-11-28 10:06:49,451] {processor.py:637} INFO - DAG(s) dict_keys(['example_branch_labels']) retrieved from /home/airflow/.local/lib/python3.7/site-packages/airflow/example_dags/example_branch_labels.py
[2021-11-28 10:06:49,464] {logging_mixin.py:109} INFO - [2021-11-28 10:06:49,464] {dag.py:2396} INFO - Sync 1 DAGs
[2021-11-28 10:06:49,485] {logging_mixin.py:109} INFO - [2021-11-28 10:06:49,484] {dag.py:2928} INFO - Setting next_dagrun for example_branch_labels to 2021-11-27 00:00:00+00:00
[2021-11-28 10:06:49,506] {processor.py:171} INFO - Processing /home/airflow/.local/lib/python3.7/site-packages/airflow/example_dags/example_branch_labels.py took 0.092 seconds
[2021-11-28 10:07:20,218] {processor.py:163} INFO - Started process (PID=1024) to work on /home/airflow/.local/lib/python3.7/site-packages/airflow/example_dags/example_branch_labels.py
[2021-11-28 10:07:20,219] {processor.py:625} INFO - Processing file /home/airflow/.local/lib/python3.7/site-packages/airflow/example_dags/example_branch_labels.py for tasks to queue
[2021-11-28 10:07:20,219] {logging_mixin.py:109} INFO - [2021-11-28 10:07:20,219] {dagbag.py:500} INFO - Filling up the DagBag from /home/airflow/.local/lib/python3.7/site-packages/airflow/example_dags/example_branch_labels.py
[2021-11-28 10:07:20,240] {processor.py:637} INFO - DAG(s) dict_keys(['example_branch_labels']) retrieved from /home/airflow/.local/lib/python3.7/site-packages/airflow/example_dags/example_branch_labels.py
[2021-11-28 10:07:20,253] {logging_mixin.py:109} INFO - [2021-11-28 10:07:20,252] {dag.py:2396} INFO - Sync 1 DAGs
[2021-11-28 10:07:20,336] {logging_mixin.py:109} INFO - [2021-11-28 10:07:20,336] {dag.py:2928} INFO - Setting next_dagrun for example_branch_labels to 2021-11-27 00:00:00+00:00
[2021-11-28 10:07:20,344] {processor.py:171} INFO - Processing /home/airflow/.local/lib/python3.7/site-packages/airflow/example_dags/example_branch_labels.py took 0.128 seconds
[2021-11-28 10:07:51,046] {processor.py:163} INFO - Started process (PID=1075) to work on /home/airflow/.local/lib/python3.7/site-packages/airflow/example_dags/example_branch_labels.py
[2021-11-28 10:07:51,047] {processor.py:625} INFO - Processing file /home/airflow/.local/lib/python3.7/site-packages/airflow/example_dags/example_branch_labels.py for tasks to queue
[2021-11-28 10:07:51,048] {logging_mixin.py:109} INFO - [2021-11-28 10:07:51,048] {dagbag.py:500} INFO - Filling up the DagBag from /home/airflow/.local/lib/python3.7/site-packages/airflow/example_dags/example_branch_labels.py
[2021-11-28 10:07:51,074] {processor.py:637} INFO - DAG(s) dict_keys(['example_branch_labels']) retrieved from /home/airflow/.local/lib/python3.7/site-packages/airflow/example_dags/example_branch_labels.py
[2021-11-28 10:07:51,083] {logging_mixin.py:109} INFO - [2021-11-28 10:07:51,083] {dag.py:2396} INFO - Sync 1 DAGs
[2021-11-28 10:07:51,168] {logging_mixin.py:109} INFO - [2021-11-28 10:07:51,168] {dag.py:2928} INFO - Setting next_dagrun for example_branch_labels to 2021-11-27 00:00:00+00:00
[2021-11-28 10:07:51,176] {processor.py:171} INFO - Processing /home/airflow/.local/lib/python3.7/site-packages/airflow/example_dags/example_branch_labels.py took 0.133 seconds
[2021-11-28 10:08:21,802] {processor.py:163} INFO - Started process (PID=1135) to work on /home/airflow/.local/lib/python3.7/site-packages/airflow/example_dags/example_branch_labels.py
[2021-11-28 10:08:21,803] {processor.py:625} INFO - Processing file /home/airflow/.local/lib/python3.7/site-packages/airflow/example_dags/example_branch_labels.py for tasks to queue
[2021-11-28 10:08:21,804] {logging_mixin.py:109} INFO - [2021-11-28 10:08:21,804] {dagbag.py:500} INFO - Filling up the DagBag from /home/airflow/.local/lib/python3.7/site-packages/airflow/example_dags/example_branch_labels.py
[2021-11-28 10:08:21,825] {processor.py:637} INFO - DAG(s) dict_keys(['example_branch_labels']) retrieved from /home/airflow/.local/lib/python3.7/site-packages/airflow/example_dags/example_branch_labels.py
[2021-11-28 10:08:21,838] {logging_mixin.py:109} INFO - [2021-11-28 10:08:21,838] {dag.py:2396} INFO - Sync 1 DAGs
[2021-11-28 10:08:21,919] {logging_mixin.py:109} INFO - [2021-11-28 10:08:21,919] {dag.py:2928} INFO - Setting next_dagrun for example_branch_labels to 2021-11-27 00:00:00+00:00
[2021-11-28 10:08:21,927] {processor.py:171} INFO - Processing /home/airflow/.local/lib/python3.7/site-packages/airflow/example_dags/example_branch_labels.py took 0.127 seconds
[2021-11-28 10:08:52,606] {processor.py:163} INFO - Started process (PID=1186) to work on /home/airflow/.local/lib/python3.7/site-packages/airflow/example_dags/example_branch_labels.py
[2021-11-28 10:08:52,607] {processor.py:625} INFO - Processing file /home/airflow/.local/lib/python3.7/site-packages/airflow/example_dags/example_branch_labels.py for tasks to queue
[2021-11-28 10:08:52,608] {logging_mixin.py:109} INFO - [2021-11-28 10:08:52,607] {dagbag.py:500} INFO - Filling up the DagBag from /home/airflow/.local/lib/python3.7/site-packages/airflow/example_dags/example_branch_labels.py
[2021-11-28 10:08:52,627] {processor.py:637} INFO - DAG(s) dict_keys(['example_branch_labels']) retrieved from /home/airflow/.local/lib/python3.7/site-packages/airflow/example_dags/example_branch_labels.py
[2021-11-28 10:08:52,704] {logging_mixin.py:109} INFO - [2021-11-28 10:08:52,704] {dag.py:2396} INFO - Sync 1 DAGs
[2021-11-28 10:08:52,716] {logging_mixin.py:109} INFO - [2021-11-28 10:08:52,715] {dag.py:2928} INFO - Setting next_dagrun for example_branch_labels to 2021-11-27 00:00:00+00:00
[2021-11-28 10:08:52,723] {processor.py:171} INFO - Processing /home/airflow/.local/lib/python3.7/site-packages/airflow/example_dags/example_branch_labels.py took 0.118 seconds
[2021-11-28 10:09:23,422] {processor.py:163} INFO - Started process (PID=1246) to work on /home/airflow/.local/lib/python3.7/site-packages/airflow/example_dags/example_branch_labels.py
[2021-11-28 10:09:23,423] {processor.py:625} INFO - Processing file /home/airflow/.local/lib/python3.7/site-packages/airflow/example_dags/example_branch_labels.py for tasks to queue
[2021-11-28 10:09:23,424] {logging_mixin.py:109} INFO - [2021-11-28 10:09:23,423] {dagbag.py:500} INFO - Filling up the DagBag from /home/airflow/.local/lib/python3.7/site-packages/airflow/example_dags/example_branch_labels.py
[2021-11-28 10:09:23,518] {processor.py:637} INFO - DAG(s) dict_keys(['example_branch_labels']) retrieved from /home/airflow/.local/lib/python3.7/site-packages/airflow/example_dags/example_branch_labels.py
[2021-11-28 10:09:23,524] {logging_mixin.py:109} INFO - [2021-11-28 10:09:23,524] {dag.py:2396} INFO - Sync 1 DAGs
[2021-11-28 10:09:23,537] {logging_mixin.py:109} INFO - [2021-11-28 10:09:23,537] {dag.py:2928} INFO - Setting next_dagrun for example_branch_labels to 2021-11-27 00:00:00+00:00
[2021-11-28 10:09:23,546] {processor.py:171} INFO - Processing /home/airflow/.local/lib/python3.7/site-packages/airflow/example_dags/example_branch_labels.py took 0.127 seconds
[2021-11-28 10:09:54,123] {processor.py:163} INFO - Started process (PID=1304) to work on /home/airflow/.local/lib/python3.7/site-packages/airflow/example_dags/example_branch_labels.py
[2021-11-28 10:09:54,126] {processor.py:625} INFO - Processing file /home/airflow/.local/lib/python3.7/site-packages/airflow/example_dags/example_branch_labels.py for tasks to queue
[2021-11-28 10:09:54,127] {logging_mixin.py:109} INFO - [2021-11-28 10:09:54,127] {dagbag.py:500} INFO - Filling up the DagBag from /home/airflow/.local/lib/python3.7/site-packages/airflow/example_dags/example_branch_labels.py
[2021-11-28 10:09:54,223] {processor.py:637} INFO - DAG(s) dict_keys(['example_branch_labels']) retrieved from /home/airflow/.local/lib/python3.7/site-packages/airflow/example_dags/example_branch_labels.py
[2021-11-28 10:09:54,229] {logging_mixin.py:109} INFO - [2021-11-28 10:09:54,229] {dag.py:2396} INFO - Sync 1 DAGs
[2021-11-28 10:09:54,240] {logging_mixin.py:109} INFO - [2021-11-28 10:09:54,240] {dag.py:2928} INFO - Setting next_dagrun for example_branch_labels to 2021-11-27 00:00:00+00:00
[2021-11-28 10:09:54,248] {processor.py:171} INFO - Processing /home/airflow/.local/lib/python3.7/site-packages/airflow/example_dags/example_branch_labels.py took 0.128 seconds
[2021-11-28 10:10:24,769] {processor.py:163} INFO - Started process (PID=1357) to work on /home/airflow/.local/lib/python3.7/site-packages/airflow/example_dags/example_branch_labels.py
[2021-11-28 10:10:24,770] {processor.py:625} INFO - Processing file /home/airflow/.local/lib/python3.7/site-packages/airflow/example_dags/example_branch_labels.py for tasks to queue
[2021-11-28 10:10:24,770] {logging_mixin.py:109} INFO - [2021-11-28 10:10:24,770] {dagbag.py:500} INFO - Filling up the DagBag from /home/airflow/.local/lib/python3.7/site-packages/airflow/example_dags/example_branch_labels.py
[2021-11-28 10:10:24,858] {processor.py:637} INFO - DAG(s) dict_keys(['example_branch_labels']) retrieved from /home/airflow/.local/lib/python3.7/site-packages/airflow/example_dags/example_branch_labels.py
[2021-11-28 10:10:24,865] {logging_mixin.py:109} INFO - [2021-11-28 10:10:24,865] {dag.py:2396} INFO - Sync 1 DAGs
[2021-11-28 10:10:24,877] {logging_mixin.py:109} INFO - [2021-11-28 10:10:24,877] {dag.py:2928} INFO - Setting next_dagrun for example_branch_labels to 2021-11-27 00:00:00+00:00
[2021-11-28 10:10:24,884] {processor.py:171} INFO - Processing /home/airflow/.local/lib/python3.7/site-packages/airflow/example_dags/example_branch_labels.py took 0.118 seconds
[2021-11-28 10:10:55,866] {processor.py:163} INFO - Started process (PID=1417) to work on /home/airflow/.local/lib/python3.7/site-packages/airflow/example_dags/example_branch_labels.py
[2021-11-28 10:10:55,867] {processor.py:625} INFO - Processing file /home/airflow/.local/lib/python3.7/site-packages/airflow/example_dags/example_branch_labels.py for tasks to queue
[2021-11-28 10:10:55,868] {logging_mixin.py:109} INFO - [2021-11-28 10:10:55,868] {dagbag.py:500} INFO - Filling up the DagBag from /home/airflow/.local/lib/python3.7/site-packages/airflow/example_dags/example_branch_labels.py
[2021-11-28 10:10:55,890] {processor.py:637} INFO - DAG(s) dict_keys(['example_branch_labels']) retrieved from /home/airflow/.local/lib/python3.7/site-packages/airflow/example_dags/example_branch_labels.py
[2021-11-28 10:10:55,897] {logging_mixin.py:109} INFO - [2021-11-28 10:10:55,897] {dag.py:2396} INFO - Sync 1 DAGs
[2021-11-28 10:10:55,908] {logging_mixin.py:109} INFO - [2021-11-28 10:10:55,908] {dag.py:2928} INFO - Setting next_dagrun for example_branch_labels to 2021-11-27 00:00:00+00:00
[2021-11-28 10:10:55,916] {processor.py:171} INFO - Processing /home/airflow/.local/lib/python3.7/site-packages/airflow/example_dags/example_branch_labels.py took 0.053 seconds
[2021-11-28 10:11:26,549] {processor.py:163} INFO - Started process (PID=1468) to work on /home/airflow/.local/lib/python3.7/site-packages/airflow/example_dags/example_branch_labels.py
[2021-11-28 10:11:26,550] {processor.py:625} INFO - Processing file /home/airflow/.local/lib/python3.7/site-packages/airflow/example_dags/example_branch_labels.py for tasks to queue
[2021-11-28 10:11:26,551] {logging_mixin.py:109} INFO - [2021-11-28 10:11:26,551] {dagbag.py:500} INFO - Filling up the DagBag from /home/airflow/.local/lib/python3.7/site-packages/airflow/example_dags/example_branch_labels.py
[2021-11-28 10:11:26,574] {processor.py:637} INFO - DAG(s) dict_keys(['example_branch_labels']) retrieved from /home/airflow/.local/lib/python3.7/site-packages/airflow/example_dags/example_branch_labels.py
[2021-11-28 10:11:26,583] {logging_mixin.py:109} INFO - [2021-11-28 10:11:26,583] {dag.py:2396} INFO - Sync 1 DAGs
[2021-11-28 10:11:26,598] {logging_mixin.py:109} INFO - [2021-11-28 10:11:26,598] {dag.py:2928} INFO - Setting next_dagrun for example_branch_labels to 2021-11-27 00:00:00+00:00
[2021-11-28 10:11:26,606] {processor.py:171} INFO - Processing /home/airflow/.local/lib/python3.7/site-packages/airflow/example_dags/example_branch_labels.py took 0.060 seconds
[2021-11-28 10:11:57,329] {processor.py:163} INFO - Started process (PID=1528) to work on /home/airflow/.local/lib/python3.7/site-packages/airflow/example_dags/example_branch_labels.py
[2021-11-28 10:11:57,330] {processor.py:625} INFO - Processing file /home/airflow/.local/lib/python3.7/site-packages/airflow/example_dags/example_branch_labels.py for tasks to queue
[2021-11-28 10:11:57,331] {logging_mixin.py:109} INFO - [2021-11-28 10:11:57,331] {dagbag.py:500} INFO - Filling up the DagBag from /home/airflow/.local/lib/python3.7/site-packages/airflow/example_dags/example_branch_labels.py
[2021-11-28 10:11:57,357] {processor.py:637} INFO - DAG(s) dict_keys(['example_branch_labels']) retrieved from /home/airflow/.local/lib/python3.7/site-packages/airflow/example_dags/example_branch_labels.py
[2021-11-28 10:11:57,368] {logging_mixin.py:109} INFO - [2021-11-28 10:11:57,368] {dag.py:2396} INFO - Sync 1 DAGs
[2021-11-28 10:11:57,389] {logging_mixin.py:109} INFO - [2021-11-28 10:11:57,389] {dag.py:2928} INFO - Setting next_dagrun for example_branch_labels to 2021-11-27 00:00:00+00:00
[2021-11-28 10:11:57,400] {processor.py:171} INFO - Processing /home/airflow/.local/lib/python3.7/site-packages/airflow/example_dags/example_branch_labels.py took 0.074 seconds
[2021-11-28 10:12:28,004] {processor.py:163} INFO - Started process (PID=1579) to work on /home/airflow/.local/lib/python3.7/site-packages/airflow/example_dags/example_branch_labels.py
[2021-11-28 10:12:28,005] {processor.py:625} INFO - Processing file /home/airflow/.local/lib/python3.7/site-packages/airflow/example_dags/example_branch_labels.py for tasks to queue
[2021-11-28 10:12:28,005] {logging_mixin.py:109} INFO - [2021-11-28 10:12:28,005] {dagbag.py:500} INFO - Filling up the DagBag from /home/airflow/.local/lib/python3.7/site-packages/airflow/example_dags/example_branch_labels.py
[2021-11-28 10:12:28,030] {processor.py:637} INFO - DAG(s) dict_keys(['example_branch_labels']) retrieved from /home/airflow/.local/lib/python3.7/site-packages/airflow/example_dags/example_branch_labels.py
[2021-11-28 10:12:28,042] {logging_mixin.py:109} INFO - [2021-11-28 10:12:28,042] {dag.py:2396} INFO - Sync 1 DAGs
[2021-11-28 10:12:28,061] {logging_mixin.py:109} INFO - [2021-11-28 10:12:28,061] {dag.py:2928} INFO - Setting next_dagrun for example_branch_labels to 2021-11-27 00:00:00+00:00
[2021-11-28 10:12:28,072] {processor.py:171} INFO - Processing /home/airflow/.local/lib/python3.7/site-packages/airflow/example_dags/example_branch_labels.py took 0.071 seconds
[2021-11-28 10:12:58,808] {processor.py:163} INFO - Started process (PID=1639) to work on /home/airflow/.local/lib/python3.7/site-packages/airflow/example_dags/example_branch_labels.py
[2021-11-28 10:12:58,809] {processor.py:625} INFO - Processing file /home/airflow/.local/lib/python3.7/site-packages/airflow/example_dags/example_branch_labels.py for tasks to queue
[2021-11-28 10:12:58,809] {logging_mixin.py:109} INFO - [2021-11-28 10:12:58,809] {dagbag.py:500} INFO - Filling up the DagBag from /home/airflow/.local/lib/python3.7/site-packages/airflow/example_dags/example_branch_labels.py
[2021-11-28 10:12:58,833] {processor.py:637} INFO - DAG(s) dict_keys(['example_branch_labels']) retrieved from /home/airflow/.local/lib/python3.7/site-packages/airflow/example_dags/example_branch_labels.py
[2021-11-28 10:12:58,845] {logging_mixin.py:109} INFO - [2021-11-28 10:12:58,844] {dag.py:2396} INFO - Sync 1 DAGs
[2021-11-28 10:12:58,864] {logging_mixin.py:109} INFO - [2021-11-28 10:12:58,864] {dag.py:2928} INFO - Setting next_dagrun for example_branch_labels to 2021-11-27 00:00:00+00:00
[2021-11-28 10:12:58,875] {processor.py:171} INFO - Processing /home/airflow/.local/lib/python3.7/site-packages/airflow/example_dags/example_branch_labels.py took 0.070 seconds
[2021-11-28 10:13:29,550] {processor.py:163} INFO - Started process (PID=1699) to work on /home/airflow/.local/lib/python3.7/site-packages/airflow/example_dags/example_branch_labels.py
[2021-11-28 10:13:29,550] {processor.py:625} INFO - Processing file /home/airflow/.local/lib/python3.7/site-packages/airflow/example_dags/example_branch_labels.py for tasks to queue
[2021-11-28 10:13:29,551] {logging_mixin.py:109} INFO - [2021-11-28 10:13:29,551] {dagbag.py:500} INFO - Filling up the DagBag from /home/airflow/.local/lib/python3.7/site-packages/airflow/example_dags/example_branch_labels.py
[2021-11-28 10:13:29,571] {processor.py:637} INFO - DAG(s) dict_keys(['example_branch_labels']) retrieved from /home/airflow/.local/lib/python3.7/site-packages/airflow/example_dags/example_branch_labels.py
[2021-11-28 10:13:29,581] {logging_mixin.py:109} INFO - [2021-11-28 10:13:29,581] {dag.py:2396} INFO - Sync 1 DAGs
[2021-11-28 10:13:29,599] {logging_mixin.py:109} INFO - [2021-11-28 10:13:29,599] {dag.py:2928} INFO - Setting next_dagrun for example_branch_labels to 2021-11-27 00:00:00+00:00
[2021-11-28 10:13:29,609] {processor.py:171} INFO - Processing /home/airflow/.local/lib/python3.7/site-packages/airflow/example_dags/example_branch_labels.py took 0.062 seconds
[2021-11-28 10:14:00,394] {processor.py:163} INFO - Started process (PID=1750) to work on /home/airflow/.local/lib/python3.7/site-packages/airflow/example_dags/example_branch_labels.py
[2021-11-28 10:14:00,395] {processor.py:625} INFO - Processing file /home/airflow/.local/lib/python3.7/site-packages/airflow/example_dags/example_branch_labels.py for tasks to queue
[2021-11-28 10:14:00,396] {logging_mixin.py:109} INFO - [2021-11-28 10:14:00,396] {dagbag.py:500} INFO - Filling up the DagBag from /home/airflow/.local/lib/python3.7/site-packages/airflow/example_dags/example_branch_labels.py
[2021-11-28 10:14:00,421] {processor.py:637} INFO - DAG(s) dict_keys(['example_branch_labels']) retrieved from /home/airflow/.local/lib/python3.7/site-packages/airflow/example_dags/example_branch_labels.py
[2021-11-28 10:14:00,432] {logging_mixin.py:109} INFO - [2021-11-28 10:14:00,432] {dag.py:2396} INFO - Sync 1 DAGs
[2021-11-28 10:14:00,453] {logging_mixin.py:109} INFO - [2021-11-28 10:14:00,453] {dag.py:2928} INFO - Setting next_dagrun for example_branch_labels to 2021-11-27 00:00:00+00:00
[2021-11-28 10:14:00,463] {processor.py:171} INFO - Processing /home/airflow/.local/lib/python3.7/site-packages/airflow/example_dags/example_branch_labels.py took 0.071 seconds
[2021-11-28 10:14:31,207] {processor.py:163} INFO - Started process (PID=1811) to work on /home/airflow/.local/lib/python3.7/site-packages/airflow/example_dags/example_branch_labels.py
[2021-11-28 10:14:31,208] {processor.py:625} INFO - Processing file /home/airflow/.local/lib/python3.7/site-packages/airflow/example_dags/example_branch_labels.py for tasks to queue
[2021-11-28 10:14:31,208] {logging_mixin.py:109} INFO - [2021-11-28 10:14:31,208] {dagbag.py:500} INFO - Filling up the DagBag from /home/airflow/.local/lib/python3.7/site-packages/airflow/example_dags/example_branch_labels.py
[2021-11-28 10:14:31,234] {processor.py:637} INFO - DAG(s) dict_keys(['example_branch_labels']) retrieved from /home/airflow/.local/lib/python3.7/site-packages/airflow/example_dags/example_branch_labels.py
[2021-11-28 10:14:31,246] {logging_mixin.py:109} INFO - [2021-11-28 10:14:31,246] {dag.py:2396} INFO - Sync 1 DAGs
[2021-11-28 10:14:31,265] {logging_mixin.py:109} INFO - [2021-11-28 10:14:31,265] {dag.py:2928} INFO - Setting next_dagrun for example_branch_labels to 2021-11-27 00:00:00+00:00
[2021-11-28 10:14:31,276] {processor.py:171} INFO - Processing /home/airflow/.local/lib/python3.7/site-packages/airflow/example_dags/example_branch_labels.py took 0.072 seconds
[2021-11-28 10:15:01,891] {processor.py:163} INFO - Started process (PID=1862) to work on /home/airflow/.local/lib/python3.7/site-packages/airflow/example_dags/example_branch_labels.py
[2021-11-28 10:15:01,892] {processor.py:625} INFO - Processing file /home/airflow/.local/lib/python3.7/site-packages/airflow/example_dags/example_branch_labels.py for tasks to queue
[2021-11-28 10:15:01,893] {logging_mixin.py:109} INFO - [2021-11-28 10:15:01,893] {dagbag.py:500} INFO - Filling up the DagBag from /home/airflow/.local/lib/python3.7/site-packages/airflow/example_dags/example_branch_labels.py
[2021-11-28 10:15:01,917] {processor.py:637} INFO - DAG(s) dict_keys(['example_branch_labels']) retrieved from /home/airflow/.local/lib/python3.7/site-packages/airflow/example_dags/example_branch_labels.py
[2021-11-28 10:15:01,928] {logging_mixin.py:109} INFO - [2021-11-28 10:15:01,928] {dag.py:2396} INFO - Sync 1 DAGs
[2021-11-28 10:15:01,947] {logging_mixin.py:109} INFO - [2021-11-28 10:15:01,947] {dag.py:2928} INFO - Setting next_dagrun for example_branch_labels to 2021-11-27 00:00:00+00:00
[2021-11-28 10:15:01,959] {processor.py:171} INFO - Processing /home/airflow/.local/lib/python3.7/site-packages/airflow/example_dags/example_branch_labels.py took 0.070 seconds
[2021-11-28 10:15:32,593] {processor.py:163} INFO - Started process (PID=1922) to work on /home/airflow/.local/lib/python3.7/site-packages/airflow/example_dags/example_branch_labels.py
[2021-11-28 10:15:32,594] {processor.py:625} INFO - Processing file /home/airflow/.local/lib/python3.7/site-packages/airflow/example_dags/example_branch_labels.py for tasks to queue
[2021-11-28 10:15:32,594] {logging_mixin.py:109} INFO - [2021-11-28 10:15:32,594] {dagbag.py:500} INFO - Filling up the DagBag from /home/airflow/.local/lib/python3.7/site-packages/airflow/example_dags/example_branch_labels.py
[2021-11-28 10:15:32,614] {processor.py:637} INFO - DAG(s) dict_keys(['example_branch_labels']) retrieved from /home/airflow/.local/lib/python3.7/site-packages/airflow/example_dags/example_branch_labels.py
[2021-11-28 10:15:32,625] {logging_mixin.py:109} INFO - [2021-11-28 10:15:32,624] {dag.py:2396} INFO - Sync 1 DAGs
[2021-11-28 10:15:32,645] {logging_mixin.py:109} INFO - [2021-11-28 10:15:32,645] {dag.py:2928} INFO - Setting next_dagrun for example_branch_labels to 2021-11-27 00:00:00+00:00
[2021-11-28 10:15:32,655] {processor.py:171} INFO - Processing /home/airflow/.local/lib/python3.7/site-packages/airflow/example_dags/example_branch_labels.py took 0.064 seconds
[2021-11-28 10:16:03,364] {processor.py:163} INFO - Started process (PID=1983) to work on /home/airflow/.local/lib/python3.7/site-packages/airflow/example_dags/example_branch_labels.py
[2021-11-28 10:16:03,365] {processor.py:625} INFO - Processing file /home/airflow/.local/lib/python3.7/site-packages/airflow/example_dags/example_branch_labels.py for tasks to queue
[2021-11-28 10:16:03,366] {logging_mixin.py:109} INFO - [2021-11-28 10:16:03,366] {dagbag.py:500} INFO - Filling up the DagBag from /home/airflow/.local/lib/python3.7/site-packages/airflow/example_dags/example_branch_labels.py
[2021-11-28 10:16:03,392] {processor.py:637} INFO - DAG(s) dict_keys(['example_branch_labels']) retrieved from /home/airflow/.local/lib/python3.7/site-packages/airflow/example_dags/example_branch_labels.py
[2021-11-28 10:16:03,400] {logging_mixin.py:109} INFO - [2021-11-28 10:16:03,400] {dag.py:2396} INFO - Sync 1 DAGs
[2021-11-28 10:16:03,416] {logging_mixin.py:109} INFO - [2021-11-28 10:16:03,416] {dag.py:2928} INFO - Setting next_dagrun for example_branch_labels to 2021-11-27 00:00:00+00:00
[2021-11-28 10:16:03,427] {processor.py:171} INFO - Processing /home/airflow/.local/lib/python3.7/site-packages/airflow/example_dags/example_branch_labels.py took 0.066 seconds
[2021-11-28 10:16:34,131] {processor.py:163} INFO - Started process (PID=2034) to work on /home/airflow/.local/lib/python3.7/site-packages/airflow/example_dags/example_branch_labels.py
[2021-11-28 10:16:34,132] {processor.py:625} INFO - Processing file /home/airflow/.local/lib/python3.7/site-packages/airflow/example_dags/example_branch_labels.py for tasks to queue
[2021-11-28 10:16:34,133] {logging_mixin.py:109} INFO - [2021-11-28 10:16:34,132] {dagbag.py:500} INFO - Filling up the DagBag from /home/airflow/.local/lib/python3.7/site-packages/airflow/example_dags/example_branch_labels.py
[2021-11-28 10:16:34,154] {processor.py:637} INFO - DAG(s) dict_keys(['example_branch_labels']) retrieved from /home/airflow/.local/lib/python3.7/site-packages/airflow/example_dags/example_branch_labels.py
[2021-11-28 10:16:34,165] {logging_mixin.py:109} INFO - [2021-11-28 10:16:34,165] {dag.py:2396} INFO - Sync 1 DAGs
[2021-11-28 10:16:34,184] {logging_mixin.py:109} INFO - [2021-11-28 10:16:34,184] {dag.py:2928} INFO - Setting next_dagrun for example_branch_labels to 2021-11-27 00:00:00+00:00
[2021-11-28 10:16:34,197] {processor.py:171} INFO - Processing /home/airflow/.local/lib/python3.7/site-packages/airflow/example_dags/example_branch_labels.py took 0.068 seconds
[2021-11-28 10:17:04,786] {processor.py:163} INFO - Started process (PID=2094) to work on /home/airflow/.local/lib/python3.7/site-packages/airflow/example_dags/example_branch_labels.py
[2021-11-28 10:17:04,787] {processor.py:625} INFO - Processing file /home/airflow/.local/lib/python3.7/site-packages/airflow/example_dags/example_branch_labels.py for tasks to queue
[2021-11-28 10:17:04,788] {logging_mixin.py:109} INFO - [2021-11-28 10:17:04,788] {dagbag.py:500} INFO - Filling up the DagBag from /home/airflow/.local/lib/python3.7/site-packages/airflow/example_dags/example_branch_labels.py
[2021-11-28 10:17:04,817] {processor.py:637} INFO - DAG(s) dict_keys(['example_branch_labels']) retrieved from /home/airflow/.local/lib/python3.7/site-packages/airflow/example_dags/example_branch_labels.py
[2021-11-28 10:17:04,831] {logging_mixin.py:109} INFO - [2021-11-28 10:17:04,830] {dag.py:2396} INFO - Sync 1 DAGs
[2021-11-28 10:17:04,844] {logging_mixin.py:109} INFO - [2021-11-28 10:17:04,844] {dag.py:2928} INFO - Setting next_dagrun for example_branch_labels to 2021-11-27 00:00:00+00:00
[2021-11-28 10:17:04,852] {processor.py:171} INFO - Processing /home/airflow/.local/lib/python3.7/site-packages/airflow/example_dags/example_branch_labels.py took 0.069 seconds
[2021-11-28 10:17:35,474] {processor.py:163} INFO - Started process (PID=2145) to work on /home/airflow/.local/lib/python3.7/site-packages/airflow/example_dags/example_branch_labels.py
[2021-11-28 10:17:35,475] {processor.py:625} INFO - Processing file /home/airflow/.local/lib/python3.7/site-packages/airflow/example_dags/example_branch_labels.py for tasks to queue
[2021-11-28 10:17:35,476] {logging_mixin.py:109} INFO - [2021-11-28 10:17:35,476] {dagbag.py:500} INFO - Filling up the DagBag from /home/airflow/.local/lib/python3.7/site-packages/airflow/example_dags/example_branch_labels.py
[2021-11-28 10:17:35,500] {processor.py:637} INFO - DAG(s) dict_keys(['example_branch_labels']) retrieved from /home/airflow/.local/lib/python3.7/site-packages/airflow/example_dags/example_branch_labels.py
[2021-11-28 10:17:35,510] {logging_mixin.py:109} INFO - [2021-11-28 10:17:35,510] {dag.py:2396} INFO - Sync 1 DAGs
[2021-11-28 10:17:35,529] {logging_mixin.py:109} INFO - [2021-11-28 10:17:35,529] {dag.py:2928} INFO - Setting next_dagrun for example_branch_labels to 2021-11-27 00:00:00+00:00
[2021-11-28 10:17:35,540] {processor.py:171} INFO - Processing /home/airflow/.local/lib/python3.7/site-packages/airflow/example_dags/example_branch_labels.py took 0.069 seconds
