[2021-11-28 09:44:45,867] {processor.py:163} INFO - Started process (PID=30) to work on /home/airflow/.local/lib/python3.7/site-packages/airflow/example_dags/example_branch_day_of_week_operator.py
[2021-11-28 09:44:45,868] {processor.py:625} INFO - Processing file /home/airflow/.local/lib/python3.7/site-packages/airflow/example_dags/example_branch_day_of_week_operator.py for tasks to queue
[2021-11-28 09:44:45,869] {logging_mixin.py:109} INFO - [2021-11-28 09:44:45,869] {dagbag.py:500} INFO - Filling up the DagBag from /home/airflow/.local/lib/python3.7/site-packages/airflow/example_dags/example_branch_day_of_week_operator.py
[2021-11-28 09:44:45,897] {processor.py:637} INFO - DAG(s) dict_keys(['example_weekday_branch_operator']) retrieved from /home/airflow/.local/lib/python3.7/site-packages/airflow/example_dags/example_branch_day_of_week_operator.py
[2021-11-28 09:44:49,214] {logging_mixin.py:109} INFO - [2021-11-28 09:44:49,213] {providers_manager.py:156} WARNING - Exception when importing 'airflow.providers.google.leveldb.hooks.leveldb.LevelDBHook' from 'apache-airflow-providers-google' package: No module named 'plyvel'
[2021-11-28 09:44:50,136] {logging_mixin.py:109} INFO - [2021-11-28 09:44:50,136] {providers_manager.py:156} WARNING - Exception when importing 'airflow.providers.google.leveldb.hooks.leveldb.LevelDBHook' from 'apache-airflow-providers-google' package: No module named 'plyvel'
[2021-11-28 09:44:50,182] {logging_mixin.py:109} INFO - [2021-11-28 09:44:50,182] {manager.py:496} INFO - Created Permission View: can read on DAG:example_weekday_branch_operator
[2021-11-28 09:44:50,201] {logging_mixin.py:109} INFO - [2021-11-28 09:44:50,201] {manager.py:496} INFO - Created Permission View: can edit on DAG:example_weekday_branch_operator
[2021-11-28 09:44:50,201] {logging_mixin.py:109} INFO - [2021-11-28 09:44:50,201] {dag.py:2396} INFO - Sync 1 DAGs
[2021-11-28 09:44:50,209] {logging_mixin.py:109} INFO - [2021-11-28 09:44:50,209] {dag.py:2415} INFO - Creating ORM DAG for example_weekday_branch_operator
[2021-11-28 09:44:50,220] {logging_mixin.py:109} INFO - [2021-11-28 09:44:50,220] {dag.py:2928} INFO - Setting next_dagrun for example_weekday_branch_operator to 2021-11-27 00:00:00+00:00
[2021-11-28 09:44:50,241] {processor.py:171} INFO - Processing /home/airflow/.local/lib/python3.7/site-packages/airflow/example_dags/example_branch_day_of_week_operator.py took 4.377 seconds
[2021-11-28 09:45:20,892] {processor.py:163} INFO - Started process (PID=463) to work on /home/airflow/.local/lib/python3.7/site-packages/airflow/example_dags/example_branch_day_of_week_operator.py
[2021-11-28 09:45:20,894] {processor.py:625} INFO - Processing file /home/airflow/.local/lib/python3.7/site-packages/airflow/example_dags/example_branch_day_of_week_operator.py for tasks to queue
[2021-11-28 09:45:20,894] {logging_mixin.py:109} INFO - [2021-11-28 09:45:20,894] {dagbag.py:500} INFO - Filling up the DagBag from /home/airflow/.local/lib/python3.7/site-packages/airflow/example_dags/example_branch_day_of_week_operator.py
[2021-11-28 09:45:20,913] {processor.py:637} INFO - DAG(s) dict_keys(['example_weekday_branch_operator']) retrieved from /home/airflow/.local/lib/python3.7/site-packages/airflow/example_dags/example_branch_day_of_week_operator.py
[2021-11-28 09:45:20,920] {logging_mixin.py:109} INFO - [2021-11-28 09:45:20,920] {dag.py:2396} INFO - Sync 1 DAGs
[2021-11-28 09:45:20,933] {logging_mixin.py:109} INFO - [2021-11-28 09:45:20,933] {dag.py:2928} INFO - Setting next_dagrun for example_weekday_branch_operator to 2021-11-27 00:00:00+00:00
[2021-11-28 09:45:20,943] {processor.py:171} INFO - Processing /home/airflow/.local/lib/python3.7/site-packages/airflow/example_dags/example_branch_day_of_week_operator.py took 0.053 seconds
[2021-11-28 09:45:51,626] {processor.py:163} INFO - Started process (PID=523) to work on /home/airflow/.local/lib/python3.7/site-packages/airflow/example_dags/example_branch_day_of_week_operator.py
[2021-11-28 09:45:51,627] {processor.py:625} INFO - Processing file /home/airflow/.local/lib/python3.7/site-packages/airflow/example_dags/example_branch_day_of_week_operator.py for tasks to queue
[2021-11-28 09:45:51,628] {logging_mixin.py:109} INFO - [2021-11-28 09:45:51,628] {dagbag.py:500} INFO - Filling up the DagBag from /home/airflow/.local/lib/python3.7/site-packages/airflow/example_dags/example_branch_day_of_week_operator.py
[2021-11-28 09:45:51,654] {processor.py:637} INFO - DAG(s) dict_keys(['example_weekday_branch_operator']) retrieved from /home/airflow/.local/lib/python3.7/site-packages/airflow/example_dags/example_branch_day_of_week_operator.py
[2021-11-28 09:45:51,662] {logging_mixin.py:109} INFO - [2021-11-28 09:45:51,662] {dag.py:2396} INFO - Sync 1 DAGs
[2021-11-28 09:45:51,678] {logging_mixin.py:109} INFO - [2021-11-28 09:45:51,678] {dag.py:2928} INFO - Setting next_dagrun for example_weekday_branch_operator to 2021-11-27 00:00:00+00:00
[2021-11-28 09:45:51,687] {processor.py:171} INFO - Processing /home/airflow/.local/lib/python3.7/site-packages/airflow/example_dags/example_branch_day_of_week_operator.py took 0.063 seconds
[2021-11-28 09:46:21,887] {processor.py:163} INFO - Started process (PID=574) to work on /home/airflow/.local/lib/python3.7/site-packages/airflow/example_dags/example_branch_day_of_week_operator.py
[2021-11-28 09:46:21,888] {processor.py:625} INFO - Processing file /home/airflow/.local/lib/python3.7/site-packages/airflow/example_dags/example_branch_day_of_week_operator.py for tasks to queue
[2021-11-28 09:46:21,889] {logging_mixin.py:109} INFO - [2021-11-28 09:46:21,889] {dagbag.py:500} INFO - Filling up the DagBag from /home/airflow/.local/lib/python3.7/site-packages/airflow/example_dags/example_branch_day_of_week_operator.py
[2021-11-28 09:46:21,909] {processor.py:637} INFO - DAG(s) dict_keys(['example_weekday_branch_operator']) retrieved from /home/airflow/.local/lib/python3.7/site-packages/airflow/example_dags/example_branch_day_of_week_operator.py
[2021-11-28 09:46:21,920] {logging_mixin.py:109} INFO - [2021-11-28 09:46:21,920] {dag.py:2396} INFO - Sync 1 DAGs
[2021-11-28 09:46:21,937] {logging_mixin.py:109} INFO - [2021-11-28 09:46:21,937] {dag.py:2928} INFO - Setting next_dagrun for example_weekday_branch_operator to 2021-11-27 00:00:00+00:00
[2021-11-28 09:46:21,946] {processor.py:171} INFO - Processing /home/airflow/.local/lib/python3.7/site-packages/airflow/example_dags/example_branch_day_of_week_operator.py took 0.060 seconds
[2021-11-28 09:48:48,889] {processor.py:163} INFO - Started process (PID=30) to work on /home/airflow/.local/lib/python3.7/site-packages/airflow/example_dags/example_branch_day_of_week_operator.py
[2021-11-28 09:48:48,890] {processor.py:625} INFO - Processing file /home/airflow/.local/lib/python3.7/site-packages/airflow/example_dags/example_branch_day_of_week_operator.py for tasks to queue
[2021-11-28 09:48:48,890] {logging_mixin.py:109} INFO - [2021-11-28 09:48:48,890] {dagbag.py:500} INFO - Filling up the DagBag from /home/airflow/.local/lib/python3.7/site-packages/airflow/example_dags/example_branch_day_of_week_operator.py
[2021-11-28 09:48:48,915] {processor.py:637} INFO - DAG(s) dict_keys(['example_weekday_branch_operator']) retrieved from /home/airflow/.local/lib/python3.7/site-packages/airflow/example_dags/example_branch_day_of_week_operator.py
[2021-11-28 09:48:48,922] {logging_mixin.py:109} INFO - [2021-11-28 09:48:48,922] {dag.py:2396} INFO - Sync 1 DAGs
[2021-11-28 09:48:48,937] {logging_mixin.py:109} INFO - [2021-11-28 09:48:48,936] {dag.py:2928} INFO - Setting next_dagrun for example_weekday_branch_operator to 2021-11-27 00:00:00+00:00
[2021-11-28 09:48:48,947] {processor.py:171} INFO - Processing /home/airflow/.local/lib/python3.7/site-packages/airflow/example_dags/example_branch_day_of_week_operator.py took 0.060 seconds
[2021-11-28 09:49:19,967] {processor.py:163} INFO - Started process (PID=90) to work on /home/airflow/.local/lib/python3.7/site-packages/airflow/example_dags/example_branch_day_of_week_operator.py
[2021-11-28 09:49:19,969] {processor.py:625} INFO - Processing file /home/airflow/.local/lib/python3.7/site-packages/airflow/example_dags/example_branch_day_of_week_operator.py for tasks to queue
[2021-11-28 09:49:19,969] {logging_mixin.py:109} INFO - [2021-11-28 09:49:19,969] {dagbag.py:500} INFO - Filling up the DagBag from /home/airflow/.local/lib/python3.7/site-packages/airflow/example_dags/example_branch_day_of_week_operator.py
[2021-11-28 09:49:19,990] {processor.py:637} INFO - DAG(s) dict_keys(['example_weekday_branch_operator']) retrieved from /home/airflow/.local/lib/python3.7/site-packages/airflow/example_dags/example_branch_day_of_week_operator.py
[2021-11-28 09:49:20,004] {logging_mixin.py:109} INFO - [2021-11-28 09:49:20,003] {dag.py:2396} INFO - Sync 1 DAGs
[2021-11-28 09:49:20,029] {logging_mixin.py:109} INFO - [2021-11-28 09:49:20,029] {dag.py:2928} INFO - Setting next_dagrun for example_weekday_branch_operator to 2021-11-27 00:00:00+00:00
[2021-11-28 09:49:20,040] {processor.py:171} INFO - Processing /home/airflow/.local/lib/python3.7/site-packages/airflow/example_dags/example_branch_day_of_week_operator.py took 0.075 seconds
[2021-11-28 09:49:50,111] {processor.py:163} INFO - Started process (PID=141) to work on /home/airflow/.local/lib/python3.7/site-packages/airflow/example_dags/example_branch_day_of_week_operator.py
[2021-11-28 09:49:50,112] {processor.py:625} INFO - Processing file /home/airflow/.local/lib/python3.7/site-packages/airflow/example_dags/example_branch_day_of_week_operator.py for tasks to queue
[2021-11-28 09:49:50,112] {logging_mixin.py:109} INFO - [2021-11-28 09:49:50,112] {dagbag.py:500} INFO - Filling up the DagBag from /home/airflow/.local/lib/python3.7/site-packages/airflow/example_dags/example_branch_day_of_week_operator.py
[2021-11-28 09:49:50,131] {processor.py:637} INFO - DAG(s) dict_keys(['example_weekday_branch_operator']) retrieved from /home/airflow/.local/lib/python3.7/site-packages/airflow/example_dags/example_branch_day_of_week_operator.py
[2021-11-28 09:49:50,141] {logging_mixin.py:109} INFO - [2021-11-28 09:49:50,141] {dag.py:2396} INFO - Sync 1 DAGs
[2021-11-28 09:49:50,160] {logging_mixin.py:109} INFO - [2021-11-28 09:49:50,160] {dag.py:2928} INFO - Setting next_dagrun for example_weekday_branch_operator to 2021-11-27 00:00:00+00:00
[2021-11-28 09:49:50,171] {processor.py:171} INFO - Processing /home/airflow/.local/lib/python3.7/site-packages/airflow/example_dags/example_branch_day_of_week_operator.py took 0.062 seconds
[2021-11-28 09:50:21,068] {processor.py:163} INFO - Started process (PID=201) to work on /home/airflow/.local/lib/python3.7/site-packages/airflow/example_dags/example_branch_day_of_week_operator.py
[2021-11-28 09:50:21,069] {processor.py:625} INFO - Processing file /home/airflow/.local/lib/python3.7/site-packages/airflow/example_dags/example_branch_day_of_week_operator.py for tasks to queue
[2021-11-28 09:50:21,070] {logging_mixin.py:109} INFO - [2021-11-28 09:50:21,070] {dagbag.py:500} INFO - Filling up the DagBag from /home/airflow/.local/lib/python3.7/site-packages/airflow/example_dags/example_branch_day_of_week_operator.py
[2021-11-28 09:50:21,092] {processor.py:637} INFO - DAG(s) dict_keys(['example_weekday_branch_operator']) retrieved from /home/airflow/.local/lib/python3.7/site-packages/airflow/example_dags/example_branch_day_of_week_operator.py
[2021-11-28 09:50:21,103] {logging_mixin.py:109} INFO - [2021-11-28 09:50:21,103] {dag.py:2396} INFO - Sync 1 DAGs
[2021-11-28 09:50:21,123] {logging_mixin.py:109} INFO - [2021-11-28 09:50:21,123] {dag.py:2928} INFO - Setting next_dagrun for example_weekday_branch_operator to 2021-11-27 00:00:00+00:00
[2021-11-28 09:50:21,134] {processor.py:171} INFO - Processing /home/airflow/.local/lib/python3.7/site-packages/airflow/example_dags/example_branch_day_of_week_operator.py took 0.068 seconds
[2021-11-28 09:50:51,179] {processor.py:163} INFO - Started process (PID=252) to work on /home/airflow/.local/lib/python3.7/site-packages/airflow/example_dags/example_branch_day_of_week_operator.py
[2021-11-28 09:50:51,180] {processor.py:625} INFO - Processing file /home/airflow/.local/lib/python3.7/site-packages/airflow/example_dags/example_branch_day_of_week_operator.py for tasks to queue
[2021-11-28 09:50:51,180] {logging_mixin.py:109} INFO - [2021-11-28 09:50:51,180] {dagbag.py:500} INFO - Filling up the DagBag from /home/airflow/.local/lib/python3.7/site-packages/airflow/example_dags/example_branch_day_of_week_operator.py
[2021-11-28 09:50:51,201] {processor.py:637} INFO - DAG(s) dict_keys(['example_weekday_branch_operator']) retrieved from /home/airflow/.local/lib/python3.7/site-packages/airflow/example_dags/example_branch_day_of_week_operator.py
[2021-11-28 09:50:51,211] {logging_mixin.py:109} INFO - [2021-11-28 09:50:51,211] {dag.py:2396} INFO - Sync 1 DAGs
[2021-11-28 09:50:51,226] {logging_mixin.py:109} INFO - [2021-11-28 09:50:51,226] {dag.py:2928} INFO - Setting next_dagrun for example_weekday_branch_operator to 2021-11-27 00:00:00+00:00
[2021-11-28 09:50:51,235] {processor.py:171} INFO - Processing /home/airflow/.local/lib/python3.7/site-packages/airflow/example_dags/example_branch_day_of_week_operator.py took 0.059 seconds
[2021-11-28 09:51:47,467] {processor.py:163} INFO - Started process (PID=29) to work on /home/airflow/.local/lib/python3.7/site-packages/airflow/example_dags/example_branch_day_of_week_operator.py
[2021-11-28 09:51:47,468] {processor.py:625} INFO - Processing file /home/airflow/.local/lib/python3.7/site-packages/airflow/example_dags/example_branch_day_of_week_operator.py for tasks to queue
[2021-11-28 09:51:47,468] {logging_mixin.py:109} INFO - [2021-11-28 09:51:47,468] {dagbag.py:500} INFO - Filling up the DagBag from /home/airflow/.local/lib/python3.7/site-packages/airflow/example_dags/example_branch_day_of_week_operator.py
[2021-11-28 09:51:47,489] {processor.py:637} INFO - DAG(s) dict_keys(['example_weekday_branch_operator']) retrieved from /home/airflow/.local/lib/python3.7/site-packages/airflow/example_dags/example_branch_day_of_week_operator.py
[2021-11-28 09:51:47,496] {logging_mixin.py:109} INFO - [2021-11-28 09:51:47,496] {dag.py:2396} INFO - Sync 1 DAGs
[2021-11-28 09:51:47,509] {logging_mixin.py:109} INFO - [2021-11-28 09:51:47,509] {dag.py:2928} INFO - Setting next_dagrun for example_weekday_branch_operator to 2021-11-27 00:00:00+00:00
[2021-11-28 09:51:47,517] {processor.py:171} INFO - Processing /home/airflow/.local/lib/python3.7/site-packages/airflow/example_dags/example_branch_day_of_week_operator.py took 0.052 seconds
[2021-11-28 09:52:17,549] {processor.py:163} INFO - Started process (PID=91) to work on /home/airflow/.local/lib/python3.7/site-packages/airflow/example_dags/example_branch_day_of_week_operator.py
[2021-11-28 09:52:17,550] {processor.py:625} INFO - Processing file /home/airflow/.local/lib/python3.7/site-packages/airflow/example_dags/example_branch_day_of_week_operator.py for tasks to queue
[2021-11-28 09:52:17,551] {logging_mixin.py:109} INFO - [2021-11-28 09:52:17,551] {dagbag.py:500} INFO - Filling up the DagBag from /home/airflow/.local/lib/python3.7/site-packages/airflow/example_dags/example_branch_day_of_week_operator.py
[2021-11-28 09:52:17,577] {processor.py:637} INFO - DAG(s) dict_keys(['example_weekday_branch_operator']) retrieved from /home/airflow/.local/lib/python3.7/site-packages/airflow/example_dags/example_branch_day_of_week_operator.py
[2021-11-28 09:52:17,588] {logging_mixin.py:109} INFO - [2021-11-28 09:52:17,588] {dag.py:2396} INFO - Sync 1 DAGs
[2021-11-28 09:52:17,608] {logging_mixin.py:109} INFO - [2021-11-28 09:52:17,608] {dag.py:2928} INFO - Setting next_dagrun for example_weekday_branch_operator to 2021-11-27 00:00:00+00:00
[2021-11-28 09:52:17,619] {processor.py:171} INFO - Processing /home/airflow/.local/lib/python3.7/site-packages/airflow/example_dags/example_branch_day_of_week_operator.py took 0.072 seconds
[2021-11-28 09:52:47,823] {processor.py:163} INFO - Started process (PID=142) to work on /home/airflow/.local/lib/python3.7/site-packages/airflow/example_dags/example_branch_day_of_week_operator.py
[2021-11-28 09:52:47,824] {processor.py:625} INFO - Processing file /home/airflow/.local/lib/python3.7/site-packages/airflow/example_dags/example_branch_day_of_week_operator.py for tasks to queue
[2021-11-28 09:52:47,825] {logging_mixin.py:109} INFO - [2021-11-28 09:52:47,824] {dagbag.py:500} INFO - Filling up the DagBag from /home/airflow/.local/lib/python3.7/site-packages/airflow/example_dags/example_branch_day_of_week_operator.py
[2021-11-28 09:52:47,844] {processor.py:637} INFO - DAG(s) dict_keys(['example_weekday_branch_operator']) retrieved from /home/airflow/.local/lib/python3.7/site-packages/airflow/example_dags/example_branch_day_of_week_operator.py
[2021-11-28 09:52:47,851] {logging_mixin.py:109} INFO - [2021-11-28 09:52:47,851] {dag.py:2396} INFO - Sync 1 DAGs
[2021-11-28 09:52:47,865] {logging_mixin.py:109} INFO - [2021-11-28 09:52:47,865] {dag.py:2928} INFO - Setting next_dagrun for example_weekday_branch_operator to 2021-11-27 00:00:00+00:00
[2021-11-28 09:52:47,874] {processor.py:171} INFO - Processing /home/airflow/.local/lib/python3.7/site-packages/airflow/example_dags/example_branch_day_of_week_operator.py took 0.053 seconds
[2021-11-28 09:53:18,744] {processor.py:163} INFO - Started process (PID=202) to work on /home/airflow/.local/lib/python3.7/site-packages/airflow/example_dags/example_branch_day_of_week_operator.py
[2021-11-28 09:53:18,745] {processor.py:625} INFO - Processing file /home/airflow/.local/lib/python3.7/site-packages/airflow/example_dags/example_branch_day_of_week_operator.py for tasks to queue
[2021-11-28 09:53:18,745] {logging_mixin.py:109} INFO - [2021-11-28 09:53:18,745] {dagbag.py:500} INFO - Filling up the DagBag from /home/airflow/.local/lib/python3.7/site-packages/airflow/example_dags/example_branch_day_of_week_operator.py
[2021-11-28 09:53:18,764] {processor.py:637} INFO - DAG(s) dict_keys(['example_weekday_branch_operator']) retrieved from /home/airflow/.local/lib/python3.7/site-packages/airflow/example_dags/example_branch_day_of_week_operator.py
[2021-11-28 09:53:18,770] {logging_mixin.py:109} INFO - [2021-11-28 09:53:18,770] {dag.py:2396} INFO - Sync 1 DAGs
[2021-11-28 09:53:18,783] {logging_mixin.py:109} INFO - [2021-11-28 09:53:18,782] {dag.py:2928} INFO - Setting next_dagrun for example_weekday_branch_operator to 2021-11-27 00:00:00+00:00
[2021-11-28 09:53:18,792] {processor.py:171} INFO - Processing /home/airflow/.local/lib/python3.7/site-packages/airflow/example_dags/example_branch_day_of_week_operator.py took 0.050 seconds
[2021-11-28 09:58:32,961] {processor.py:163} INFO - Started process (PID=29) to work on /home/airflow/.local/lib/python3.7/site-packages/airflow/example_dags/example_branch_day_of_week_operator.py
[2021-11-28 09:58:32,962] {processor.py:625} INFO - Processing file /home/airflow/.local/lib/python3.7/site-packages/airflow/example_dags/example_branch_day_of_week_operator.py for tasks to queue
[2021-11-28 09:58:32,963] {logging_mixin.py:109} INFO - [2021-11-28 09:58:32,963] {dagbag.py:500} INFO - Filling up the DagBag from /home/airflow/.local/lib/python3.7/site-packages/airflow/example_dags/example_branch_day_of_week_operator.py
[2021-11-28 09:58:32,987] {processor.py:637} INFO - DAG(s) dict_keys(['example_weekday_branch_operator']) retrieved from /home/airflow/.local/lib/python3.7/site-packages/airflow/example_dags/example_branch_day_of_week_operator.py
[2021-11-28 09:58:32,994] {logging_mixin.py:109} INFO - [2021-11-28 09:58:32,994] {dag.py:2396} INFO - Sync 1 DAGs
[2021-11-28 09:58:33,008] {logging_mixin.py:109} INFO - [2021-11-28 09:58:33,008] {dag.py:2928} INFO - Setting next_dagrun for example_weekday_branch_operator to 2021-11-27 00:00:00+00:00
[2021-11-28 09:58:33,020] {processor.py:171} INFO - Processing /home/airflow/.local/lib/python3.7/site-packages/airflow/example_dags/example_branch_day_of_week_operator.py took 0.061 seconds
[2021-11-28 09:59:03,124] {processor.py:163} INFO - Started process (PID=89) to work on /home/airflow/.local/lib/python3.7/site-packages/airflow/example_dags/example_branch_day_of_week_operator.py
[2021-11-28 09:59:03,126] {processor.py:625} INFO - Processing file /home/airflow/.local/lib/python3.7/site-packages/airflow/example_dags/example_branch_day_of_week_operator.py for tasks to queue
[2021-11-28 09:59:03,126] {logging_mixin.py:109} INFO - [2021-11-28 09:59:03,126] {dagbag.py:500} INFO - Filling up the DagBag from /home/airflow/.local/lib/python3.7/site-packages/airflow/example_dags/example_branch_day_of_week_operator.py
[2021-11-28 09:59:03,153] {processor.py:637} INFO - DAG(s) dict_keys(['example_weekday_branch_operator']) retrieved from /home/airflow/.local/lib/python3.7/site-packages/airflow/example_dags/example_branch_day_of_week_operator.py
[2021-11-28 09:59:03,163] {logging_mixin.py:109} INFO - [2021-11-28 09:59:03,163] {dag.py:2396} INFO - Sync 1 DAGs
[2021-11-28 09:59:03,179] {logging_mixin.py:109} INFO - [2021-11-28 09:59:03,179] {dag.py:2928} INFO - Setting next_dagrun for example_weekday_branch_operator to 2021-11-27 00:00:00+00:00
[2021-11-28 09:59:03,188] {processor.py:171} INFO - Processing /home/airflow/.local/lib/python3.7/site-packages/airflow/example_dags/example_branch_day_of_week_operator.py took 0.066 seconds
[2021-11-28 09:59:33,983] {processor.py:163} INFO - Started process (PID=140) to work on /home/airflow/.local/lib/python3.7/site-packages/airflow/example_dags/example_branch_day_of_week_operator.py
[2021-11-28 09:59:33,985] {processor.py:625} INFO - Processing file /home/airflow/.local/lib/python3.7/site-packages/airflow/example_dags/example_branch_day_of_week_operator.py for tasks to queue
[2021-11-28 09:59:33,985] {logging_mixin.py:109} INFO - [2021-11-28 09:59:33,985] {dagbag.py:500} INFO - Filling up the DagBag from /home/airflow/.local/lib/python3.7/site-packages/airflow/example_dags/example_branch_day_of_week_operator.py
[2021-11-28 09:59:34,009] {processor.py:637} INFO - DAG(s) dict_keys(['example_weekday_branch_operator']) retrieved from /home/airflow/.local/lib/python3.7/site-packages/airflow/example_dags/example_branch_day_of_week_operator.py
[2021-11-28 09:59:34,019] {logging_mixin.py:109} INFO - [2021-11-28 09:59:34,019] {dag.py:2396} INFO - Sync 1 DAGs
[2021-11-28 09:59:34,039] {logging_mixin.py:109} INFO - [2021-11-28 09:59:34,039] {dag.py:2928} INFO - Setting next_dagrun for example_weekday_branch_operator to 2021-11-27 00:00:00+00:00
[2021-11-28 09:59:34,051] {processor.py:171} INFO - Processing /home/airflow/.local/lib/python3.7/site-packages/airflow/example_dags/example_branch_day_of_week_operator.py took 0.070 seconds
[2021-11-28 10:00:04,861] {processor.py:163} INFO - Started process (PID=200) to work on /home/airflow/.local/lib/python3.7/site-packages/airflow/example_dags/example_branch_day_of_week_operator.py
[2021-11-28 10:00:04,862] {processor.py:625} INFO - Processing file /home/airflow/.local/lib/python3.7/site-packages/airflow/example_dags/example_branch_day_of_week_operator.py for tasks to queue
[2021-11-28 10:00:04,863] {logging_mixin.py:109} INFO - [2021-11-28 10:00:04,863] {dagbag.py:500} INFO - Filling up the DagBag from /home/airflow/.local/lib/python3.7/site-packages/airflow/example_dags/example_branch_day_of_week_operator.py
[2021-11-28 10:00:04,888] {processor.py:637} INFO - DAG(s) dict_keys(['example_weekday_branch_operator']) retrieved from /home/airflow/.local/lib/python3.7/site-packages/airflow/example_dags/example_branch_day_of_week_operator.py
[2021-11-28 10:00:04,900] {logging_mixin.py:109} INFO - [2021-11-28 10:00:04,899] {dag.py:2396} INFO - Sync 1 DAGs
[2021-11-28 10:00:04,919] {logging_mixin.py:109} INFO - [2021-11-28 10:00:04,919] {dag.py:2928} INFO - Setting next_dagrun for example_weekday_branch_operator to 2021-11-27 00:00:00+00:00
[2021-11-28 10:00:04,931] {processor.py:171} INFO - Processing /home/airflow/.local/lib/python3.7/site-packages/airflow/example_dags/example_branch_day_of_week_operator.py took 0.072 seconds
[2021-11-28 10:00:35,722] {processor.py:163} INFO - Started process (PID=260) to work on /home/airflow/.local/lib/python3.7/site-packages/airflow/example_dags/example_branch_day_of_week_operator.py
[2021-11-28 10:00:35,723] {processor.py:625} INFO - Processing file /home/airflow/.local/lib/python3.7/site-packages/airflow/example_dags/example_branch_day_of_week_operator.py for tasks to queue
[2021-11-28 10:00:35,723] {logging_mixin.py:109} INFO - [2021-11-28 10:00:35,723] {dagbag.py:500} INFO - Filling up the DagBag from /home/airflow/.local/lib/python3.7/site-packages/airflow/example_dags/example_branch_day_of_week_operator.py
[2021-11-28 10:00:35,741] {processor.py:637} INFO - DAG(s) dict_keys(['example_weekday_branch_operator']) retrieved from /home/airflow/.local/lib/python3.7/site-packages/airflow/example_dags/example_branch_day_of_week_operator.py
[2021-11-28 10:00:35,748] {logging_mixin.py:109} INFO - [2021-11-28 10:00:35,748] {dag.py:2396} INFO - Sync 1 DAGs
[2021-11-28 10:00:35,762] {logging_mixin.py:109} INFO - [2021-11-28 10:00:35,762] {dag.py:2928} INFO - Setting next_dagrun for example_weekday_branch_operator to 2021-11-27 00:00:00+00:00
[2021-11-28 10:00:35,772] {processor.py:171} INFO - Processing /home/airflow/.local/lib/python3.7/site-packages/airflow/example_dags/example_branch_day_of_week_operator.py took 0.051 seconds
[2021-11-28 10:01:06,637] {processor.py:163} INFO - Started process (PID=311) to work on /home/airflow/.local/lib/python3.7/site-packages/airflow/example_dags/example_branch_day_of_week_operator.py
[2021-11-28 10:01:06,638] {processor.py:625} INFO - Processing file /home/airflow/.local/lib/python3.7/site-packages/airflow/example_dags/example_branch_day_of_week_operator.py for tasks to queue
[2021-11-28 10:01:06,639] {logging_mixin.py:109} INFO - [2021-11-28 10:01:06,639] {dagbag.py:500} INFO - Filling up the DagBag from /home/airflow/.local/lib/python3.7/site-packages/airflow/example_dags/example_branch_day_of_week_operator.py
[2021-11-28 10:01:06,666] {processor.py:637} INFO - DAG(s) dict_keys(['example_weekday_branch_operator']) retrieved from /home/airflow/.local/lib/python3.7/site-packages/airflow/example_dags/example_branch_day_of_week_operator.py
[2021-11-28 10:01:06,673] {logging_mixin.py:109} INFO - [2021-11-28 10:01:06,673] {dag.py:2396} INFO - Sync 1 DAGs
[2021-11-28 10:01:06,686] {logging_mixin.py:109} INFO - [2021-11-28 10:01:06,686] {dag.py:2928} INFO - Setting next_dagrun for example_weekday_branch_operator to 2021-11-27 00:00:00+00:00
[2021-11-28 10:01:06,694] {processor.py:171} INFO - Processing /home/airflow/.local/lib/python3.7/site-packages/airflow/example_dags/example_branch_day_of_week_operator.py took 0.060 seconds
[2021-11-28 10:01:37,549] {processor.py:163} INFO - Started process (PID=371) to work on /home/airflow/.local/lib/python3.7/site-packages/airflow/example_dags/example_branch_day_of_week_operator.py
[2021-11-28 10:01:37,550] {processor.py:625} INFO - Processing file /home/airflow/.local/lib/python3.7/site-packages/airflow/example_dags/example_branch_day_of_week_operator.py for tasks to queue
[2021-11-28 10:01:37,550] {logging_mixin.py:109} INFO - [2021-11-28 10:01:37,550] {dagbag.py:500} INFO - Filling up the DagBag from /home/airflow/.local/lib/python3.7/site-packages/airflow/example_dags/example_branch_day_of_week_operator.py
[2021-11-28 10:01:37,578] {processor.py:637} INFO - DAG(s) dict_keys(['example_weekday_branch_operator']) retrieved from /home/airflow/.local/lib/python3.7/site-packages/airflow/example_dags/example_branch_day_of_week_operator.py
[2021-11-28 10:01:37,589] {logging_mixin.py:109} INFO - [2021-11-28 10:01:37,588] {dag.py:2396} INFO - Sync 1 DAGs
[2021-11-28 10:01:37,608] {logging_mixin.py:109} INFO - [2021-11-28 10:01:37,608] {dag.py:2928} INFO - Setting next_dagrun for example_weekday_branch_operator to 2021-11-27 00:00:00+00:00
[2021-11-28 10:01:37,615] {processor.py:171} INFO - Processing /home/airflow/.local/lib/python3.7/site-packages/airflow/example_dags/example_branch_day_of_week_operator.py took 0.069 seconds
[2021-11-28 10:02:08,510] {processor.py:163} INFO - Started process (PID=422) to work on /home/airflow/.local/lib/python3.7/site-packages/airflow/example_dags/example_branch_day_of_week_operator.py
[2021-11-28 10:02:08,511] {processor.py:625} INFO - Processing file /home/airflow/.local/lib/python3.7/site-packages/airflow/example_dags/example_branch_day_of_week_operator.py for tasks to queue
[2021-11-28 10:02:08,511] {logging_mixin.py:109} INFO - [2021-11-28 10:02:08,511] {dagbag.py:500} INFO - Filling up the DagBag from /home/airflow/.local/lib/python3.7/site-packages/airflow/example_dags/example_branch_day_of_week_operator.py
[2021-11-28 10:02:08,535] {processor.py:637} INFO - DAG(s) dict_keys(['example_weekday_branch_operator']) retrieved from /home/airflow/.local/lib/python3.7/site-packages/airflow/example_dags/example_branch_day_of_week_operator.py
[2021-11-28 10:02:08,541] {logging_mixin.py:109} INFO - [2021-11-28 10:02:08,540] {dag.py:2396} INFO - Sync 1 DAGs
[2021-11-28 10:02:08,551] {logging_mixin.py:109} INFO - [2021-11-28 10:02:08,551] {dag.py:2928} INFO - Setting next_dagrun for example_weekday_branch_operator to 2021-11-27 00:00:00+00:00
[2021-11-28 10:02:08,558] {processor.py:171} INFO - Processing /home/airflow/.local/lib/python3.7/site-packages/airflow/example_dags/example_branch_day_of_week_operator.py took 0.051 seconds
[2021-11-28 10:02:39,458] {processor.py:163} INFO - Started process (PID=482) to work on /home/airflow/.local/lib/python3.7/site-packages/airflow/example_dags/example_branch_day_of_week_operator.py
[2021-11-28 10:02:39,459] {processor.py:625} INFO - Processing file /home/airflow/.local/lib/python3.7/site-packages/airflow/example_dags/example_branch_day_of_week_operator.py for tasks to queue
[2021-11-28 10:02:39,460] {logging_mixin.py:109} INFO - [2021-11-28 10:02:39,460] {dagbag.py:500} INFO - Filling up the DagBag from /home/airflow/.local/lib/python3.7/site-packages/airflow/example_dags/example_branch_day_of_week_operator.py
[2021-11-28 10:02:39,484] {processor.py:637} INFO - DAG(s) dict_keys(['example_weekday_branch_operator']) retrieved from /home/airflow/.local/lib/python3.7/site-packages/airflow/example_dags/example_branch_day_of_week_operator.py
[2021-11-28 10:02:39,491] {logging_mixin.py:109} INFO - [2021-11-28 10:02:39,491] {dag.py:2396} INFO - Sync 1 DAGs
[2021-11-28 10:02:39,506] {logging_mixin.py:109} INFO - [2021-11-28 10:02:39,506] {dag.py:2928} INFO - Setting next_dagrun for example_weekday_branch_operator to 2021-11-27 00:00:00+00:00
[2021-11-28 10:02:39,516] {processor.py:171} INFO - Processing /home/airflow/.local/lib/python3.7/site-packages/airflow/example_dags/example_branch_day_of_week_operator.py took 0.061 seconds
[2021-11-28 10:03:10,352] {processor.py:163} INFO - Started process (PID=542) to work on /home/airflow/.local/lib/python3.7/site-packages/airflow/example_dags/example_branch_day_of_week_operator.py
[2021-11-28 10:03:10,353] {processor.py:625} INFO - Processing file /home/airflow/.local/lib/python3.7/site-packages/airflow/example_dags/example_branch_day_of_week_operator.py for tasks to queue
[2021-11-28 10:03:10,354] {logging_mixin.py:109} INFO - [2021-11-28 10:03:10,354] {dagbag.py:500} INFO - Filling up the DagBag from /home/airflow/.local/lib/python3.7/site-packages/airflow/example_dags/example_branch_day_of_week_operator.py
[2021-11-28 10:03:10,377] {processor.py:637} INFO - DAG(s) dict_keys(['example_weekday_branch_operator']) retrieved from /home/airflow/.local/lib/python3.7/site-packages/airflow/example_dags/example_branch_day_of_week_operator.py
[2021-11-28 10:03:10,384] {logging_mixin.py:109} INFO - [2021-11-28 10:03:10,384] {dag.py:2396} INFO - Sync 1 DAGs
[2021-11-28 10:03:10,401] {logging_mixin.py:109} INFO - [2021-11-28 10:03:10,401] {dag.py:2928} INFO - Setting next_dagrun for example_weekday_branch_operator to 2021-11-27 00:00:00+00:00
[2021-11-28 10:03:10,411] {processor.py:171} INFO - Processing /home/airflow/.local/lib/python3.7/site-packages/airflow/example_dags/example_branch_day_of_week_operator.py took 0.062 seconds
[2021-11-28 10:03:41,322] {processor.py:163} INFO - Started process (PID=593) to work on /home/airflow/.local/lib/python3.7/site-packages/airflow/example_dags/example_branch_day_of_week_operator.py
[2021-11-28 10:03:41,323] {processor.py:625} INFO - Processing file /home/airflow/.local/lib/python3.7/site-packages/airflow/example_dags/example_branch_day_of_week_operator.py for tasks to queue
[2021-11-28 10:03:41,324] {logging_mixin.py:109} INFO - [2021-11-28 10:03:41,324] {dagbag.py:500} INFO - Filling up the DagBag from /home/airflow/.local/lib/python3.7/site-packages/airflow/example_dags/example_branch_day_of_week_operator.py
[2021-11-28 10:03:41,349] {processor.py:637} INFO - DAG(s) dict_keys(['example_weekday_branch_operator']) retrieved from /home/airflow/.local/lib/python3.7/site-packages/airflow/example_dags/example_branch_day_of_week_operator.py
[2021-11-28 10:03:41,360] {logging_mixin.py:109} INFO - [2021-11-28 10:03:41,359] {dag.py:2396} INFO - Sync 1 DAGs
[2021-11-28 10:03:41,382] {logging_mixin.py:109} INFO - [2021-11-28 10:03:41,382] {dag.py:2928} INFO - Setting next_dagrun for example_weekday_branch_operator to 2021-11-27 00:00:00+00:00
[2021-11-28 10:03:41,393] {processor.py:171} INFO - Processing /home/airflow/.local/lib/python3.7/site-packages/airflow/example_dags/example_branch_day_of_week_operator.py took 0.074 seconds
[2021-11-28 10:04:12,271] {processor.py:163} INFO - Started process (PID=653) to work on /home/airflow/.local/lib/python3.7/site-packages/airflow/example_dags/example_branch_day_of_week_operator.py
[2021-11-28 10:04:12,272] {processor.py:625} INFO - Processing file /home/airflow/.local/lib/python3.7/site-packages/airflow/example_dags/example_branch_day_of_week_operator.py for tasks to queue
[2021-11-28 10:04:12,272] {logging_mixin.py:109} INFO - [2021-11-28 10:04:12,272] {dagbag.py:500} INFO - Filling up the DagBag from /home/airflow/.local/lib/python3.7/site-packages/airflow/example_dags/example_branch_day_of_week_operator.py
[2021-11-28 10:04:12,295] {processor.py:637} INFO - DAG(s) dict_keys(['example_weekday_branch_operator']) retrieved from /home/airflow/.local/lib/python3.7/site-packages/airflow/example_dags/example_branch_day_of_week_operator.py
[2021-11-28 10:04:12,301] {logging_mixin.py:109} INFO - [2021-11-28 10:04:12,300] {dag.py:2396} INFO - Sync 1 DAGs
[2021-11-28 10:04:12,312] {logging_mixin.py:109} INFO - [2021-11-28 10:04:12,311] {dag.py:2928} INFO - Setting next_dagrun for example_weekday_branch_operator to 2021-11-27 00:00:00+00:00
[2021-11-28 10:04:12,320] {processor.py:171} INFO - Processing /home/airflow/.local/lib/python3.7/site-packages/airflow/example_dags/example_branch_day_of_week_operator.py took 0.052 seconds
[2021-11-28 10:04:43,218] {processor.py:163} INFO - Started process (PID=704) to work on /home/airflow/.local/lib/python3.7/site-packages/airflow/example_dags/example_branch_day_of_week_operator.py
[2021-11-28 10:04:43,219] {processor.py:625} INFO - Processing file /home/airflow/.local/lib/python3.7/site-packages/airflow/example_dags/example_branch_day_of_week_operator.py for tasks to queue
[2021-11-28 10:04:43,220] {logging_mixin.py:109} INFO - [2021-11-28 10:04:43,220] {dagbag.py:500} INFO - Filling up the DagBag from /home/airflow/.local/lib/python3.7/site-packages/airflow/example_dags/example_branch_day_of_week_operator.py
[2021-11-28 10:04:43,242] {processor.py:637} INFO - DAG(s) dict_keys(['example_weekday_branch_operator']) retrieved from /home/airflow/.local/lib/python3.7/site-packages/airflow/example_dags/example_branch_day_of_week_operator.py
[2021-11-28 10:04:43,248] {logging_mixin.py:109} INFO - [2021-11-28 10:04:43,248] {dag.py:2396} INFO - Sync 1 DAGs
[2021-11-28 10:04:43,260] {logging_mixin.py:109} INFO - [2021-11-28 10:04:43,260] {dag.py:2928} INFO - Setting next_dagrun for example_weekday_branch_operator to 2021-11-27 00:00:00+00:00
[2021-11-28 10:04:43,268] {processor.py:171} INFO - Processing /home/airflow/.local/lib/python3.7/site-packages/airflow/example_dags/example_branch_day_of_week_operator.py took 0.053 seconds
[2021-11-28 10:05:13,298] {processor.py:163} INFO - Started process (PID=764) to work on /home/airflow/.local/lib/python3.7/site-packages/airflow/example_dags/example_branch_day_of_week_operator.py
[2021-11-28 10:05:13,299] {processor.py:625} INFO - Processing file /home/airflow/.local/lib/python3.7/site-packages/airflow/example_dags/example_branch_day_of_week_operator.py for tasks to queue
[2021-11-28 10:05:13,299] {logging_mixin.py:109} INFO - [2021-11-28 10:05:13,299] {dagbag.py:500} INFO - Filling up the DagBag from /home/airflow/.local/lib/python3.7/site-packages/airflow/example_dags/example_branch_day_of_week_operator.py
[2021-11-28 10:05:13,318] {processor.py:637} INFO - DAG(s) dict_keys(['example_weekday_branch_operator']) retrieved from /home/airflow/.local/lib/python3.7/site-packages/airflow/example_dags/example_branch_day_of_week_operator.py
[2021-11-28 10:05:13,329] {logging_mixin.py:109} INFO - [2021-11-28 10:05:13,329] {dag.py:2396} INFO - Sync 1 DAGs
[2021-11-28 10:05:13,350] {logging_mixin.py:109} INFO - [2021-11-28 10:05:13,350] {dag.py:2928} INFO - Setting next_dagrun for example_weekday_branch_operator to 2021-11-27 00:00:00+00:00
[2021-11-28 10:05:13,365] {processor.py:171} INFO - Processing /home/airflow/.local/lib/python3.7/site-packages/airflow/example_dags/example_branch_day_of_week_operator.py took 0.069 seconds
[2021-11-28 10:05:44,345] {processor.py:163} INFO - Started process (PID=822) to work on /home/airflow/.local/lib/python3.7/site-packages/airflow/example_dags/example_branch_day_of_week_operator.py
[2021-11-28 10:05:44,346] {processor.py:625} INFO - Processing file /home/airflow/.local/lib/python3.7/site-packages/airflow/example_dags/example_branch_day_of_week_operator.py for tasks to queue
[2021-11-28 10:05:44,346] {logging_mixin.py:109} INFO - [2021-11-28 10:05:44,346] {dagbag.py:500} INFO - Filling up the DagBag from /home/airflow/.local/lib/python3.7/site-packages/airflow/example_dags/example_branch_day_of_week_operator.py
[2021-11-28 10:05:44,371] {processor.py:637} INFO - DAG(s) dict_keys(['example_weekday_branch_operator']) retrieved from /home/airflow/.local/lib/python3.7/site-packages/airflow/example_dags/example_branch_day_of_week_operator.py
[2021-11-28 10:05:44,378] {logging_mixin.py:109} INFO - [2021-11-28 10:05:44,378] {dag.py:2396} INFO - Sync 1 DAGs
[2021-11-28 10:05:44,392] {logging_mixin.py:109} INFO - [2021-11-28 10:05:44,392] {dag.py:2928} INFO - Setting next_dagrun for example_weekday_branch_operator to 2021-11-27 00:00:00+00:00
[2021-11-28 10:05:44,401] {processor.py:171} INFO - Processing /home/airflow/.local/lib/python3.7/site-packages/airflow/example_dags/example_branch_day_of_week_operator.py took 0.059 seconds
[2021-11-28 10:06:14,510] {processor.py:163} INFO - Started process (PID=875) to work on /home/airflow/.local/lib/python3.7/site-packages/airflow/example_dags/example_branch_day_of_week_operator.py
[2021-11-28 10:06:14,511] {processor.py:625} INFO - Processing file /home/airflow/.local/lib/python3.7/site-packages/airflow/example_dags/example_branch_day_of_week_operator.py for tasks to queue
[2021-11-28 10:06:14,511] {logging_mixin.py:109} INFO - [2021-11-28 10:06:14,511] {dagbag.py:500} INFO - Filling up the DagBag from /home/airflow/.local/lib/python3.7/site-packages/airflow/example_dags/example_branch_day_of_week_operator.py
[2021-11-28 10:06:14,535] {processor.py:637} INFO - DAG(s) dict_keys(['example_weekday_branch_operator']) retrieved from /home/airflow/.local/lib/python3.7/site-packages/airflow/example_dags/example_branch_day_of_week_operator.py
[2021-11-28 10:06:14,541] {logging_mixin.py:109} INFO - [2021-11-28 10:06:14,541] {dag.py:2396} INFO - Sync 1 DAGs
[2021-11-28 10:06:14,552] {logging_mixin.py:109} INFO - [2021-11-28 10:06:14,552] {dag.py:2928} INFO - Setting next_dagrun for example_weekday_branch_operator to 2021-11-27 00:00:00+00:00
[2021-11-28 10:06:14,624] {processor.py:171} INFO - Processing /home/airflow/.local/lib/python3.7/site-packages/airflow/example_dags/example_branch_day_of_week_operator.py took 0.117 seconds
[2021-11-28 10:06:45,023] {processor.py:163} INFO - Started process (PID=935) to work on /home/airflow/.local/lib/python3.7/site-packages/airflow/example_dags/example_branch_day_of_week_operator.py
[2021-11-28 10:06:45,024] {processor.py:625} INFO - Processing file /home/airflow/.local/lib/python3.7/site-packages/airflow/example_dags/example_branch_day_of_week_operator.py for tasks to queue
[2021-11-28 10:06:45,025] {logging_mixin.py:109} INFO - [2021-11-28 10:06:45,025] {dagbag.py:500} INFO - Filling up the DagBag from /home/airflow/.local/lib/python3.7/site-packages/airflow/example_dags/example_branch_day_of_week_operator.py
[2021-11-28 10:06:45,048] {processor.py:637} INFO - DAG(s) dict_keys(['example_weekday_branch_operator']) retrieved from /home/airflow/.local/lib/python3.7/site-packages/airflow/example_dags/example_branch_day_of_week_operator.py
[2021-11-28 10:06:45,054] {logging_mixin.py:109} INFO - [2021-11-28 10:06:45,054] {dag.py:2396} INFO - Sync 1 DAGs
[2021-11-28 10:06:45,069] {logging_mixin.py:109} INFO - [2021-11-28 10:06:45,069] {dag.py:2928} INFO - Setting next_dagrun for example_weekday_branch_operator to 2021-11-27 00:00:00+00:00
[2021-11-28 10:06:45,146] {processor.py:171} INFO - Processing /home/airflow/.local/lib/python3.7/site-packages/airflow/example_dags/example_branch_day_of_week_operator.py took 0.126 seconds
[2021-11-28 10:07:15,687] {processor.py:163} INFO - Started process (PID=986) to work on /home/airflow/.local/lib/python3.7/site-packages/airflow/example_dags/example_branch_day_of_week_operator.py
[2021-11-28 10:07:15,688] {processor.py:625} INFO - Processing file /home/airflow/.local/lib/python3.7/site-packages/airflow/example_dags/example_branch_day_of_week_operator.py for tasks to queue
[2021-11-28 10:07:15,689] {logging_mixin.py:109} INFO - [2021-11-28 10:07:15,688] {dagbag.py:500} INFO - Filling up the DagBag from /home/airflow/.local/lib/python3.7/site-packages/airflow/example_dags/example_branch_day_of_week_operator.py
[2021-11-28 10:07:15,714] {processor.py:637} INFO - DAG(s) dict_keys(['example_weekday_branch_operator']) retrieved from /home/airflow/.local/lib/python3.7/site-packages/airflow/example_dags/example_branch_day_of_week_operator.py
[2021-11-28 10:07:15,725] {logging_mixin.py:109} INFO - [2021-11-28 10:07:15,725] {dag.py:2396} INFO - Sync 1 DAGs
[2021-11-28 10:07:15,806] {logging_mixin.py:109} INFO - [2021-11-28 10:07:15,806] {dag.py:2928} INFO - Setting next_dagrun for example_weekday_branch_operator to 2021-11-27 00:00:00+00:00
[2021-11-28 10:07:15,814] {processor.py:171} INFO - Processing /home/airflow/.local/lib/python3.7/site-packages/airflow/example_dags/example_branch_day_of_week_operator.py took 0.130 seconds
[2021-11-28 10:07:46,523] {processor.py:163} INFO - Started process (PID=1046) to work on /home/airflow/.local/lib/python3.7/site-packages/airflow/example_dags/example_branch_day_of_week_operator.py
[2021-11-28 10:07:46,524] {processor.py:625} INFO - Processing file /home/airflow/.local/lib/python3.7/site-packages/airflow/example_dags/example_branch_day_of_week_operator.py for tasks to queue
[2021-11-28 10:07:46,525] {logging_mixin.py:109} INFO - [2021-11-28 10:07:46,525] {dagbag.py:500} INFO - Filling up the DagBag from /home/airflow/.local/lib/python3.7/site-packages/airflow/example_dags/example_branch_day_of_week_operator.py
[2021-11-28 10:07:46,552] {processor.py:637} INFO - DAG(s) dict_keys(['example_weekday_branch_operator']) retrieved from /home/airflow/.local/lib/python3.7/site-packages/airflow/example_dags/example_branch_day_of_week_operator.py
[2021-11-28 10:07:46,566] {logging_mixin.py:109} INFO - [2021-11-28 10:07:46,566] {dag.py:2396} INFO - Sync 1 DAGs
[2021-11-28 10:07:46,647] {logging_mixin.py:109} INFO - [2021-11-28 10:07:46,647] {dag.py:2928} INFO - Setting next_dagrun for example_weekday_branch_operator to 2021-11-27 00:00:00+00:00
[2021-11-28 10:07:46,657] {processor.py:171} INFO - Processing /home/airflow/.local/lib/python3.7/site-packages/airflow/example_dags/example_branch_day_of_week_operator.py took 0.137 seconds
[2021-11-28 10:08:17,335] {processor.py:163} INFO - Started process (PID=1097) to work on /home/airflow/.local/lib/python3.7/site-packages/airflow/example_dags/example_branch_day_of_week_operator.py
[2021-11-28 10:08:17,336] {processor.py:625} INFO - Processing file /home/airflow/.local/lib/python3.7/site-packages/airflow/example_dags/example_branch_day_of_week_operator.py for tasks to queue
[2021-11-28 10:08:17,337] {logging_mixin.py:109} INFO - [2021-11-28 10:08:17,337] {dagbag.py:500} INFO - Filling up the DagBag from /home/airflow/.local/lib/python3.7/site-packages/airflow/example_dags/example_branch_day_of_week_operator.py
[2021-11-28 10:08:17,363] {processor.py:637} INFO - DAG(s) dict_keys(['example_weekday_branch_operator']) retrieved from /home/airflow/.local/lib/python3.7/site-packages/airflow/example_dags/example_branch_day_of_week_operator.py
[2021-11-28 10:08:17,373] {logging_mixin.py:109} INFO - [2021-11-28 10:08:17,373] {dag.py:2396} INFO - Sync 1 DAGs
[2021-11-28 10:08:17,453] {logging_mixin.py:109} INFO - [2021-11-28 10:08:17,453] {dag.py:2928} INFO - Setting next_dagrun for example_weekday_branch_operator to 2021-11-27 00:00:00+00:00
[2021-11-28 10:08:17,461] {processor.py:171} INFO - Processing /home/airflow/.local/lib/python3.7/site-packages/airflow/example_dags/example_branch_day_of_week_operator.py took 0.129 seconds
[2021-11-28 10:08:48,134] {processor.py:163} INFO - Started process (PID=1157) to work on /home/airflow/.local/lib/python3.7/site-packages/airflow/example_dags/example_branch_day_of_week_operator.py
[2021-11-28 10:08:48,136] {processor.py:625} INFO - Processing file /home/airflow/.local/lib/python3.7/site-packages/airflow/example_dags/example_branch_day_of_week_operator.py for tasks to queue
[2021-11-28 10:08:48,136] {logging_mixin.py:109} INFO - [2021-11-28 10:08:48,136] {dagbag.py:500} INFO - Filling up the DagBag from /home/airflow/.local/lib/python3.7/site-packages/airflow/example_dags/example_branch_day_of_week_operator.py
[2021-11-28 10:08:48,166] {processor.py:637} INFO - DAG(s) dict_keys(['example_weekday_branch_operator']) retrieved from /home/airflow/.local/lib/python3.7/site-packages/airflow/example_dags/example_branch_day_of_week_operator.py
[2021-11-28 10:08:48,240] {logging_mixin.py:109} INFO - [2021-11-28 10:08:48,240] {dag.py:2396} INFO - Sync 1 DAGs
[2021-11-28 10:08:48,253] {logging_mixin.py:109} INFO - [2021-11-28 10:08:48,253] {dag.py:2928} INFO - Setting next_dagrun for example_weekday_branch_operator to 2021-11-27 00:00:00+00:00
[2021-11-28 10:08:48,261] {processor.py:171} INFO - Processing /home/airflow/.local/lib/python3.7/site-packages/airflow/example_dags/example_branch_day_of_week_operator.py took 0.129 seconds
[2021-11-28 10:09:18,909] {processor.py:163} INFO - Started process (PID=1217) to work on /home/airflow/.local/lib/python3.7/site-packages/airflow/example_dags/example_branch_day_of_week_operator.py
[2021-11-28 10:09:18,910] {processor.py:625} INFO - Processing file /home/airflow/.local/lib/python3.7/site-packages/airflow/example_dags/example_branch_day_of_week_operator.py for tasks to queue
[2021-11-28 10:09:18,911] {logging_mixin.py:109} INFO - [2021-11-28 10:09:18,911] {dagbag.py:500} INFO - Filling up the DagBag from /home/airflow/.local/lib/python3.7/site-packages/airflow/example_dags/example_branch_day_of_week_operator.py
[2021-11-28 10:09:19,015] {processor.py:637} INFO - DAG(s) dict_keys(['example_weekday_branch_operator']) retrieved from /home/airflow/.local/lib/python3.7/site-packages/airflow/example_dags/example_branch_day_of_week_operator.py
[2021-11-28 10:09:19,023] {logging_mixin.py:109} INFO - [2021-11-28 10:09:19,023] {dag.py:2396} INFO - Sync 1 DAGs
[2021-11-28 10:09:19,040] {logging_mixin.py:109} INFO - [2021-11-28 10:09:19,040] {dag.py:2928} INFO - Setting next_dagrun for example_weekday_branch_operator to 2021-11-27 00:00:00+00:00
[2021-11-28 10:09:19,050] {processor.py:171} INFO - Processing /home/airflow/.local/lib/python3.7/site-packages/airflow/example_dags/example_branch_day_of_week_operator.py took 0.144 seconds
[2021-11-28 10:09:49,725] {processor.py:163} INFO - Started process (PID=1268) to work on /home/airflow/.local/lib/python3.7/site-packages/airflow/example_dags/example_branch_day_of_week_operator.py
[2021-11-28 10:09:49,726] {processor.py:625} INFO - Processing file /home/airflow/.local/lib/python3.7/site-packages/airflow/example_dags/example_branch_day_of_week_operator.py for tasks to queue
[2021-11-28 10:09:49,726] {logging_mixin.py:109} INFO - [2021-11-28 10:09:49,726] {dagbag.py:500} INFO - Filling up the DagBag from /home/airflow/.local/lib/python3.7/site-packages/airflow/example_dags/example_branch_day_of_week_operator.py
[2021-11-28 10:09:49,812] {processor.py:637} INFO - DAG(s) dict_keys(['example_weekday_branch_operator']) retrieved from /home/airflow/.local/lib/python3.7/site-packages/airflow/example_dags/example_branch_day_of_week_operator.py
[2021-11-28 10:09:49,817] {logging_mixin.py:109} INFO - [2021-11-28 10:09:49,817] {dag.py:2396} INFO - Sync 1 DAGs
[2021-11-28 10:09:49,828] {logging_mixin.py:109} INFO - [2021-11-28 10:09:49,828] {dag.py:2928} INFO - Setting next_dagrun for example_weekday_branch_operator to 2021-11-27 00:00:00+00:00
[2021-11-28 10:09:49,836] {processor.py:171} INFO - Processing /home/airflow/.local/lib/python3.7/site-packages/airflow/example_dags/example_branch_day_of_week_operator.py took 0.114 seconds
[2021-11-28 10:10:20,399] {processor.py:163} INFO - Started process (PID=1328) to work on /home/airflow/.local/lib/python3.7/site-packages/airflow/example_dags/example_branch_day_of_week_operator.py
[2021-11-28 10:10:20,400] {processor.py:625} INFO - Processing file /home/airflow/.local/lib/python3.7/site-packages/airflow/example_dags/example_branch_day_of_week_operator.py for tasks to queue
[2021-11-28 10:10:20,400] {logging_mixin.py:109} INFO - [2021-11-28 10:10:20,400] {dagbag.py:500} INFO - Filling up the DagBag from /home/airflow/.local/lib/python3.7/site-packages/airflow/example_dags/example_branch_day_of_week_operator.py
[2021-11-28 10:10:20,489] {processor.py:637} INFO - DAG(s) dict_keys(['example_weekday_branch_operator']) retrieved from /home/airflow/.local/lib/python3.7/site-packages/airflow/example_dags/example_branch_day_of_week_operator.py
[2021-11-28 10:10:20,495] {logging_mixin.py:109} INFO - [2021-11-28 10:10:20,495] {dag.py:2396} INFO - Sync 1 DAGs
[2021-11-28 10:10:20,507] {logging_mixin.py:109} INFO - [2021-11-28 10:10:20,507] {dag.py:2928} INFO - Setting next_dagrun for example_weekday_branch_operator to 2021-11-27 00:00:00+00:00
[2021-11-28 10:10:20,515] {processor.py:171} INFO - Processing /home/airflow/.local/lib/python3.7/site-packages/airflow/example_dags/example_branch_day_of_week_operator.py took 0.119 seconds
[2021-11-28 10:10:51,148] {processor.py:163} INFO - Started process (PID=1379) to work on /home/airflow/.local/lib/python3.7/site-packages/airflow/example_dags/example_branch_day_of_week_operator.py
[2021-11-28 10:10:51,149] {processor.py:625} INFO - Processing file /home/airflow/.local/lib/python3.7/site-packages/airflow/example_dags/example_branch_day_of_week_operator.py for tasks to queue
[2021-11-28 10:10:51,150] {logging_mixin.py:109} INFO - [2021-11-28 10:10:51,150] {dagbag.py:500} INFO - Filling up the DagBag from /home/airflow/.local/lib/python3.7/site-packages/airflow/example_dags/example_branch_day_of_week_operator.py
[2021-11-28 10:10:51,176] {processor.py:637} INFO - DAG(s) dict_keys(['example_weekday_branch_operator']) retrieved from /home/airflow/.local/lib/python3.7/site-packages/airflow/example_dags/example_branch_day_of_week_operator.py
[2021-11-28 10:10:51,185] {logging_mixin.py:109} INFO - [2021-11-28 10:10:51,184] {dag.py:2396} INFO - Sync 1 DAGs
[2021-11-28 10:10:51,204] {logging_mixin.py:109} INFO - [2021-11-28 10:10:51,204] {dag.py:2928} INFO - Setting next_dagrun for example_weekday_branch_operator to 2021-11-27 00:00:00+00:00
[2021-11-28 10:10:51,213] {processor.py:171} INFO - Processing /home/airflow/.local/lib/python3.7/site-packages/airflow/example_dags/example_branch_day_of_week_operator.py took 0.068 seconds
[2021-11-28 10:11:22,062] {processor.py:163} INFO - Started process (PID=1439) to work on /home/airflow/.local/lib/python3.7/site-packages/airflow/example_dags/example_branch_day_of_week_operator.py
[2021-11-28 10:11:22,063] {processor.py:625} INFO - Processing file /home/airflow/.local/lib/python3.7/site-packages/airflow/example_dags/example_branch_day_of_week_operator.py for tasks to queue
[2021-11-28 10:11:22,063] {logging_mixin.py:109} INFO - [2021-11-28 10:11:22,063] {dagbag.py:500} INFO - Filling up the DagBag from /home/airflow/.local/lib/python3.7/site-packages/airflow/example_dags/example_branch_day_of_week_operator.py
[2021-11-28 10:11:22,086] {processor.py:637} INFO - DAG(s) dict_keys(['example_weekday_branch_operator']) retrieved from /home/airflow/.local/lib/python3.7/site-packages/airflow/example_dags/example_branch_day_of_week_operator.py
[2021-11-28 10:11:22,093] {logging_mixin.py:109} INFO - [2021-11-28 10:11:22,093] {dag.py:2396} INFO - Sync 1 DAGs
[2021-11-28 10:11:22,105] {logging_mixin.py:109} INFO - [2021-11-28 10:11:22,105] {dag.py:2928} INFO - Setting next_dagrun for example_weekday_branch_operator to 2021-11-27 00:00:00+00:00
[2021-11-28 10:11:22,114] {processor.py:171} INFO - Processing /home/airflow/.local/lib/python3.7/site-packages/airflow/example_dags/example_branch_day_of_week_operator.py took 0.055 seconds
[2021-11-28 10:11:52,782] {processor.py:163} INFO - Started process (PID=1490) to work on /home/airflow/.local/lib/python3.7/site-packages/airflow/example_dags/example_branch_day_of_week_operator.py
[2021-11-28 10:11:52,783] {processor.py:625} INFO - Processing file /home/airflow/.local/lib/python3.7/site-packages/airflow/example_dags/example_branch_day_of_week_operator.py for tasks to queue
[2021-11-28 10:11:52,784] {logging_mixin.py:109} INFO - [2021-11-28 10:11:52,784] {dagbag.py:500} INFO - Filling up the DagBag from /home/airflow/.local/lib/python3.7/site-packages/airflow/example_dags/example_branch_day_of_week_operator.py
[2021-11-28 10:11:52,809] {processor.py:637} INFO - DAG(s) dict_keys(['example_weekday_branch_operator']) retrieved from /home/airflow/.local/lib/python3.7/site-packages/airflow/example_dags/example_branch_day_of_week_operator.py
[2021-11-28 10:11:52,814] {logging_mixin.py:109} INFO - [2021-11-28 10:11:52,814] {dag.py:2396} INFO - Sync 1 DAGs
[2021-11-28 10:11:52,827] {logging_mixin.py:109} INFO - [2021-11-28 10:11:52,827] {dag.py:2928} INFO - Setting next_dagrun for example_weekday_branch_operator to 2021-11-27 00:00:00+00:00
[2021-11-28 10:11:52,835] {processor.py:171} INFO - Processing /home/airflow/.local/lib/python3.7/site-packages/airflow/example_dags/example_branch_day_of_week_operator.py took 0.056 seconds
[2021-11-28 10:12:23,538] {processor.py:163} INFO - Started process (PID=1550) to work on /home/airflow/.local/lib/python3.7/site-packages/airflow/example_dags/example_branch_day_of_week_operator.py
[2021-11-28 10:12:23,540] {processor.py:625} INFO - Processing file /home/airflow/.local/lib/python3.7/site-packages/airflow/example_dags/example_branch_day_of_week_operator.py for tasks to queue
[2021-11-28 10:12:23,540] {logging_mixin.py:109} INFO - [2021-11-28 10:12:23,540] {dagbag.py:500} INFO - Filling up the DagBag from /home/airflow/.local/lib/python3.7/site-packages/airflow/example_dags/example_branch_day_of_week_operator.py
[2021-11-28 10:12:23,566] {processor.py:637} INFO - DAG(s) dict_keys(['example_weekday_branch_operator']) retrieved from /home/airflow/.local/lib/python3.7/site-packages/airflow/example_dags/example_branch_day_of_week_operator.py
[2021-11-28 10:12:23,577] {logging_mixin.py:109} INFO - [2021-11-28 10:12:23,576] {dag.py:2396} INFO - Sync 1 DAGs
[2021-11-28 10:12:23,597] {logging_mixin.py:109} INFO - [2021-11-28 10:12:23,597] {dag.py:2928} INFO - Setting next_dagrun for example_weekday_branch_operator to 2021-11-27 00:00:00+00:00
[2021-11-28 10:12:23,609] {processor.py:171} INFO - Processing /home/airflow/.local/lib/python3.7/site-packages/airflow/example_dags/example_branch_day_of_week_operator.py took 0.073 seconds
[2021-11-28 10:12:54,219] {processor.py:163} INFO - Started process (PID=1610) to work on /home/airflow/.local/lib/python3.7/site-packages/airflow/example_dags/example_branch_day_of_week_operator.py
[2021-11-28 10:12:54,221] {processor.py:625} INFO - Processing file /home/airflow/.local/lib/python3.7/site-packages/airflow/example_dags/example_branch_day_of_week_operator.py for tasks to queue
[2021-11-28 10:12:54,221] {logging_mixin.py:109} INFO - [2021-11-28 10:12:54,221] {dagbag.py:500} INFO - Filling up the DagBag from /home/airflow/.local/lib/python3.7/site-packages/airflow/example_dags/example_branch_day_of_week_operator.py
[2021-11-28 10:12:54,247] {processor.py:637} INFO - DAG(s) dict_keys(['example_weekday_branch_operator']) retrieved from /home/airflow/.local/lib/python3.7/site-packages/airflow/example_dags/example_branch_day_of_week_operator.py
[2021-11-28 10:12:54,257] {logging_mixin.py:109} INFO - [2021-11-28 10:12:54,256] {dag.py:2396} INFO - Sync 1 DAGs
[2021-11-28 10:12:54,272] {logging_mixin.py:109} INFO - [2021-11-28 10:12:54,272] {dag.py:2928} INFO - Setting next_dagrun for example_weekday_branch_operator to 2021-11-27 00:00:00+00:00
[2021-11-28 10:12:54,280] {processor.py:171} INFO - Processing /home/airflow/.local/lib/python3.7/site-packages/airflow/example_dags/example_branch_day_of_week_operator.py took 0.064 seconds
[2021-11-28 10:13:25,060] {processor.py:163} INFO - Started process (PID=1661) to work on /home/airflow/.local/lib/python3.7/site-packages/airflow/example_dags/example_branch_day_of_week_operator.py
[2021-11-28 10:13:25,061] {processor.py:625} INFO - Processing file /home/airflow/.local/lib/python3.7/site-packages/airflow/example_dags/example_branch_day_of_week_operator.py for tasks to queue
[2021-11-28 10:13:25,061] {logging_mixin.py:109} INFO - [2021-11-28 10:13:25,061] {dagbag.py:500} INFO - Filling up the DagBag from /home/airflow/.local/lib/python3.7/site-packages/airflow/example_dags/example_branch_day_of_week_operator.py
[2021-11-28 10:13:25,080] {processor.py:637} INFO - DAG(s) dict_keys(['example_weekday_branch_operator']) retrieved from /home/airflow/.local/lib/python3.7/site-packages/airflow/example_dags/example_branch_day_of_week_operator.py
[2021-11-28 10:13:25,089] {logging_mixin.py:109} INFO - [2021-11-28 10:13:25,089] {dag.py:2396} INFO - Sync 1 DAGs
[2021-11-28 10:13:25,104] {logging_mixin.py:109} INFO - [2021-11-28 10:13:25,104] {dag.py:2928} INFO - Setting next_dagrun for example_weekday_branch_operator to 2021-11-27 00:00:00+00:00
[2021-11-28 10:13:25,116] {processor.py:171} INFO - Processing /home/airflow/.local/lib/python3.7/site-packages/airflow/example_dags/example_branch_day_of_week_operator.py took 0.057 seconds
[2021-11-28 10:13:55,861] {processor.py:163} INFO - Started process (PID=1721) to work on /home/airflow/.local/lib/python3.7/site-packages/airflow/example_dags/example_branch_day_of_week_operator.py
[2021-11-28 10:13:55,862] {processor.py:625} INFO - Processing file /home/airflow/.local/lib/python3.7/site-packages/airflow/example_dags/example_branch_day_of_week_operator.py for tasks to queue
[2021-11-28 10:13:55,863] {logging_mixin.py:109} INFO - [2021-11-28 10:13:55,863] {dagbag.py:500} INFO - Filling up the DagBag from /home/airflow/.local/lib/python3.7/site-packages/airflow/example_dags/example_branch_day_of_week_operator.py
[2021-11-28 10:13:55,888] {processor.py:637} INFO - DAG(s) dict_keys(['example_weekday_branch_operator']) retrieved from /home/airflow/.local/lib/python3.7/site-packages/airflow/example_dags/example_branch_day_of_week_operator.py
[2021-11-28 10:13:55,898] {logging_mixin.py:109} INFO - [2021-11-28 10:13:55,898] {dag.py:2396} INFO - Sync 1 DAGs
[2021-11-28 10:13:55,918] {logging_mixin.py:109} INFO - [2021-11-28 10:13:55,918] {dag.py:2928} INFO - Setting next_dagrun for example_weekday_branch_operator to 2021-11-27 00:00:00+00:00
[2021-11-28 10:13:55,928] {processor.py:171} INFO - Processing /home/airflow/.local/lib/python3.7/site-packages/airflow/example_dags/example_branch_day_of_week_operator.py took 0.070 seconds
[2021-11-28 10:14:26,631] {processor.py:163} INFO - Started process (PID=1773) to work on /home/airflow/.local/lib/python3.7/site-packages/airflow/example_dags/example_branch_day_of_week_operator.py
[2021-11-28 10:14:26,632] {processor.py:625} INFO - Processing file /home/airflow/.local/lib/python3.7/site-packages/airflow/example_dags/example_branch_day_of_week_operator.py for tasks to queue
[2021-11-28 10:14:26,633] {logging_mixin.py:109} INFO - [2021-11-28 10:14:26,633] {dagbag.py:500} INFO - Filling up the DagBag from /home/airflow/.local/lib/python3.7/site-packages/airflow/example_dags/example_branch_day_of_week_operator.py
[2021-11-28 10:14:26,668] {processor.py:637} INFO - DAG(s) dict_keys(['example_weekday_branch_operator']) retrieved from /home/airflow/.local/lib/python3.7/site-packages/airflow/example_dags/example_branch_day_of_week_operator.py
[2021-11-28 10:14:26,682] {logging_mixin.py:109} INFO - [2021-11-28 10:14:26,681] {dag.py:2396} INFO - Sync 1 DAGs
[2021-11-28 10:14:26,698] {logging_mixin.py:109} INFO - [2021-11-28 10:14:26,698] {dag.py:2928} INFO - Setting next_dagrun for example_weekday_branch_operator to 2021-11-27 00:00:00+00:00
[2021-11-28 10:14:26,706] {processor.py:171} INFO - Processing /home/airflow/.local/lib/python3.7/site-packages/airflow/example_dags/example_branch_day_of_week_operator.py took 0.077 seconds
[2021-11-28 10:14:57,410] {processor.py:163} INFO - Started process (PID=1833) to work on /home/airflow/.local/lib/python3.7/site-packages/airflow/example_dags/example_branch_day_of_week_operator.py
[2021-11-28 10:14:57,411] {processor.py:625} INFO - Processing file /home/airflow/.local/lib/python3.7/site-packages/airflow/example_dags/example_branch_day_of_week_operator.py for tasks to queue
[2021-11-28 10:14:57,411] {logging_mixin.py:109} INFO - [2021-11-28 10:14:57,411] {dagbag.py:500} INFO - Filling up the DagBag from /home/airflow/.local/lib/python3.7/site-packages/airflow/example_dags/example_branch_day_of_week_operator.py
[2021-11-28 10:14:57,438] {processor.py:637} INFO - DAG(s) dict_keys(['example_weekday_branch_operator']) retrieved from /home/airflow/.local/lib/python3.7/site-packages/airflow/example_dags/example_branch_day_of_week_operator.py
[2021-11-28 10:14:57,449] {logging_mixin.py:109} INFO - [2021-11-28 10:14:57,448] {dag.py:2396} INFO - Sync 1 DAGs
[2021-11-28 10:14:57,468] {logging_mixin.py:109} INFO - [2021-11-28 10:14:57,467] {dag.py:2928} INFO - Setting next_dagrun for example_weekday_branch_operator to 2021-11-27 00:00:00+00:00
[2021-11-28 10:14:57,478] {processor.py:171} INFO - Processing /home/airflow/.local/lib/python3.7/site-packages/airflow/example_dags/example_branch_day_of_week_operator.py took 0.071 seconds
[2021-11-28 10:15:28,134] {processor.py:163} INFO - Started process (PID=1893) to work on /home/airflow/.local/lib/python3.7/site-packages/airflow/example_dags/example_branch_day_of_week_operator.py
[2021-11-28 10:15:28,135] {processor.py:625} INFO - Processing file /home/airflow/.local/lib/python3.7/site-packages/airflow/example_dags/example_branch_day_of_week_operator.py for tasks to queue
[2021-11-28 10:15:28,136] {logging_mixin.py:109} INFO - [2021-11-28 10:15:28,135] {dagbag.py:500} INFO - Filling up the DagBag from /home/airflow/.local/lib/python3.7/site-packages/airflow/example_dags/example_branch_day_of_week_operator.py
[2021-11-28 10:15:28,158] {processor.py:637} INFO - DAG(s) dict_keys(['example_weekday_branch_operator']) retrieved from /home/airflow/.local/lib/python3.7/site-packages/airflow/example_dags/example_branch_day_of_week_operator.py
[2021-11-28 10:15:28,169] {logging_mixin.py:109} INFO - [2021-11-28 10:15:28,169] {dag.py:2396} INFO - Sync 1 DAGs
[2021-11-28 10:15:28,191] {logging_mixin.py:109} INFO - [2021-11-28 10:15:28,191] {dag.py:2928} INFO - Setting next_dagrun for example_weekday_branch_operator to 2021-11-27 00:00:00+00:00
[2021-11-28 10:15:28,203] {processor.py:171} INFO - Processing /home/airflow/.local/lib/python3.7/site-packages/airflow/example_dags/example_branch_day_of_week_operator.py took 0.071 seconds
[2021-11-28 10:15:58,828] {processor.py:163} INFO - Started process (PID=1944) to work on /home/airflow/.local/lib/python3.7/site-packages/airflow/example_dags/example_branch_day_of_week_operator.py
[2021-11-28 10:15:58,829] {processor.py:625} INFO - Processing file /home/airflow/.local/lib/python3.7/site-packages/airflow/example_dags/example_branch_day_of_week_operator.py for tasks to queue
[2021-11-28 10:15:58,829] {logging_mixin.py:109} INFO - [2021-11-28 10:15:58,829] {dagbag.py:500} INFO - Filling up the DagBag from /home/airflow/.local/lib/python3.7/site-packages/airflow/example_dags/example_branch_day_of_week_operator.py
[2021-11-28 10:15:58,855] {processor.py:637} INFO - DAG(s) dict_keys(['example_weekday_branch_operator']) retrieved from /home/airflow/.local/lib/python3.7/site-packages/airflow/example_dags/example_branch_day_of_week_operator.py
[2021-11-28 10:15:58,867] {logging_mixin.py:109} INFO - [2021-11-28 10:15:58,866] {dag.py:2396} INFO - Sync 1 DAGs
[2021-11-28 10:15:58,885] {logging_mixin.py:109} INFO - [2021-11-28 10:15:58,885] {dag.py:2928} INFO - Setting next_dagrun for example_weekday_branch_operator to 2021-11-27 00:00:00+00:00
[2021-11-28 10:15:58,893] {processor.py:171} INFO - Processing /home/airflow/.local/lib/python3.7/site-packages/airflow/example_dags/example_branch_day_of_week_operator.py took 0.068 seconds
[2021-11-28 10:16:29,589] {processor.py:163} INFO - Started process (PID=2005) to work on /home/airflow/.local/lib/python3.7/site-packages/airflow/example_dags/example_branch_day_of_week_operator.py
[2021-11-28 10:16:29,590] {processor.py:625} INFO - Processing file /home/airflow/.local/lib/python3.7/site-packages/airflow/example_dags/example_branch_day_of_week_operator.py for tasks to queue
[2021-11-28 10:16:29,591] {logging_mixin.py:109} INFO - [2021-11-28 10:16:29,591] {dagbag.py:500} INFO - Filling up the DagBag from /home/airflow/.local/lib/python3.7/site-packages/airflow/example_dags/example_branch_day_of_week_operator.py
[2021-11-28 10:16:29,615] {processor.py:637} INFO - DAG(s) dict_keys(['example_weekday_branch_operator']) retrieved from /home/airflow/.local/lib/python3.7/site-packages/airflow/example_dags/example_branch_day_of_week_operator.py
[2021-11-28 10:16:29,622] {logging_mixin.py:109} INFO - [2021-11-28 10:16:29,622] {dag.py:2396} INFO - Sync 1 DAGs
[2021-11-28 10:16:29,638] {logging_mixin.py:109} INFO - [2021-11-28 10:16:29,638] {dag.py:2928} INFO - Setting next_dagrun for example_weekday_branch_operator to 2021-11-27 00:00:00+00:00
[2021-11-28 10:16:29,647] {processor.py:171} INFO - Processing /home/airflow/.local/lib/python3.7/site-packages/airflow/example_dags/example_branch_day_of_week_operator.py took 0.061 seconds
[2021-11-28 10:17:00,332] {processor.py:163} INFO - Started process (PID=2056) to work on /home/airflow/.local/lib/python3.7/site-packages/airflow/example_dags/example_branch_day_of_week_operator.py
[2021-11-28 10:17:00,333] {processor.py:625} INFO - Processing file /home/airflow/.local/lib/python3.7/site-packages/airflow/example_dags/example_branch_day_of_week_operator.py for tasks to queue
[2021-11-28 10:17:00,333] {logging_mixin.py:109} INFO - [2021-11-28 10:17:00,333] {dagbag.py:500} INFO - Filling up the DagBag from /home/airflow/.local/lib/python3.7/site-packages/airflow/example_dags/example_branch_day_of_week_operator.py
[2021-11-28 10:17:00,358] {processor.py:637} INFO - DAG(s) dict_keys(['example_weekday_branch_operator']) retrieved from /home/airflow/.local/lib/python3.7/site-packages/airflow/example_dags/example_branch_day_of_week_operator.py
[2021-11-28 10:17:00,368] {logging_mixin.py:109} INFO - [2021-11-28 10:17:00,368] {dag.py:2396} INFO - Sync 1 DAGs
[2021-11-28 10:17:00,384] {logging_mixin.py:109} INFO - [2021-11-28 10:17:00,384] {dag.py:2928} INFO - Setting next_dagrun for example_weekday_branch_operator to 2021-11-27 00:00:00+00:00
[2021-11-28 10:17:00,392] {processor.py:171} INFO - Processing /home/airflow/.local/lib/python3.7/site-packages/airflow/example_dags/example_branch_day_of_week_operator.py took 0.063 seconds
[2021-11-28 10:17:30,991] {processor.py:163} INFO - Started process (PID=2116) to work on /home/airflow/.local/lib/python3.7/site-packages/airflow/example_dags/example_branch_day_of_week_operator.py
[2021-11-28 10:17:30,992] {processor.py:625} INFO - Processing file /home/airflow/.local/lib/python3.7/site-packages/airflow/example_dags/example_branch_day_of_week_operator.py for tasks to queue
[2021-11-28 10:17:30,992] {logging_mixin.py:109} INFO - [2021-11-28 10:17:30,992] {dagbag.py:500} INFO - Filling up the DagBag from /home/airflow/.local/lib/python3.7/site-packages/airflow/example_dags/example_branch_day_of_week_operator.py
[2021-11-28 10:17:31,012] {processor.py:637} INFO - DAG(s) dict_keys(['example_weekday_branch_operator']) retrieved from /home/airflow/.local/lib/python3.7/site-packages/airflow/example_dags/example_branch_day_of_week_operator.py
[2021-11-28 10:17:31,022] {logging_mixin.py:109} INFO - [2021-11-28 10:17:31,022] {dag.py:2396} INFO - Sync 1 DAGs
[2021-11-28 10:17:31,037] {logging_mixin.py:109} INFO - [2021-11-28 10:17:31,037] {dag.py:2928} INFO - Setting next_dagrun for example_weekday_branch_operator to 2021-11-27 00:00:00+00:00
[2021-11-28 10:17:31,045] {processor.py:171} INFO - Processing /home/airflow/.local/lib/python3.7/site-packages/airflow/example_dags/example_branch_day_of_week_operator.py took 0.056 seconds
