[2021-11-28 09:45:09,266] {processor.py:163} INFO - Started process (PID=412) to work on /home/airflow/.local/lib/python3.7/site-packages/airflow/example_dags/example_bash_operator.py
[2021-11-28 09:45:09,267] {processor.py:625} INFO - Processing file /home/airflow/.local/lib/python3.7/site-packages/airflow/example_dags/example_bash_operator.py for tasks to queue
[2021-11-28 09:45:09,267] {logging_mixin.py:109} INFO - [2021-11-28 09:45:09,267] {dagbag.py:500} INFO - Filling up the DagBag from /home/airflow/.local/lib/python3.7/site-packages/airflow/example_dags/example_bash_operator.py
[2021-11-28 09:45:09,289] {processor.py:637} INFO - DAG(s) dict_keys(['example_bash_operator']) retrieved from /home/airflow/.local/lib/python3.7/site-packages/airflow/example_dags/example_bash_operator.py
[2021-11-28 09:45:10,297] {logging_mixin.py:109} INFO - [2021-11-28 09:45:10,297] {providers_manager.py:156} WARNING - Exception when importing 'airflow.providers.google.leveldb.hooks.leveldb.LevelDBHook' from 'apache-airflow-providers-google' package: No module named 'plyvel'
[2021-11-28 09:45:10,540] {logging_mixin.py:109} INFO - [2021-11-28 09:45:10,540] {providers_manager.py:156} WARNING - Exception when importing 'airflow.providers.google.leveldb.hooks.leveldb.LevelDBHook' from 'apache-airflow-providers-google' package: No module named 'plyvel'
[2021-11-28 09:45:10,561] {logging_mixin.py:109} INFO - [2021-11-28 09:45:10,561] {manager.py:496} INFO - Created Permission View: can read on DAG:example_bash_operator
[2021-11-28 09:45:10,571] {logging_mixin.py:109} INFO - [2021-11-28 09:45:10,571] {manager.py:496} INFO - Created Permission View: can edit on DAG:example_bash_operator
[2021-11-28 09:45:10,571] {logging_mixin.py:109} INFO - [2021-11-28 09:45:10,571] {dag.py:2396} INFO - Sync 1 DAGs
[2021-11-28 09:45:10,578] {logging_mixin.py:109} INFO - [2021-11-28 09:45:10,578] {dag.py:2415} INFO - Creating ORM DAG for example_bash_operator
[2021-11-28 09:45:10,586] {logging_mixin.py:109} INFO - [2021-11-28 09:45:10,586] {dag.py:2928} INFO - Setting next_dagrun for example_bash_operator to 2021-11-27 00:00:00+00:00
[2021-11-28 09:45:10,595] {processor.py:171} INFO - Processing /home/airflow/.local/lib/python3.7/site-packages/airflow/example_dags/example_bash_operator.py took 1.331 seconds
[2021-11-28 09:45:41,477] {processor.py:163} INFO - Started process (PID=509) to work on /home/airflow/.local/lib/python3.7/site-packages/airflow/example_dags/example_bash_operator.py
[2021-11-28 09:45:41,480] {processor.py:625} INFO - Processing file /home/airflow/.local/lib/python3.7/site-packages/airflow/example_dags/example_bash_operator.py for tasks to queue
[2021-11-28 09:45:41,480] {logging_mixin.py:109} INFO - [2021-11-28 09:45:41,480] {dagbag.py:500} INFO - Filling up the DagBag from /home/airflow/.local/lib/python3.7/site-packages/airflow/example_dags/example_bash_operator.py
[2021-11-28 09:45:41,502] {processor.py:637} INFO - DAG(s) dict_keys(['example_bash_operator']) retrieved from /home/airflow/.local/lib/python3.7/site-packages/airflow/example_dags/example_bash_operator.py
[2021-11-28 09:45:41,510] {logging_mixin.py:109} INFO - [2021-11-28 09:45:41,510] {dag.py:2396} INFO - Sync 1 DAGs
[2021-11-28 09:45:41,523] {logging_mixin.py:109} INFO - [2021-11-28 09:45:41,523] {dag.py:2928} INFO - Setting next_dagrun for example_bash_operator to 2021-11-27 00:00:00+00:00
[2021-11-28 09:45:41,534] {processor.py:171} INFO - Processing /home/airflow/.local/lib/python3.7/site-packages/airflow/example_dags/example_bash_operator.py took 0.059 seconds
[2021-11-28 09:46:11,722] {processor.py:163} INFO - Started process (PID=569) to work on /home/airflow/.local/lib/python3.7/site-packages/airflow/example_dags/example_bash_operator.py
[2021-11-28 09:46:11,723] {processor.py:625} INFO - Processing file /home/airflow/.local/lib/python3.7/site-packages/airflow/example_dags/example_bash_operator.py for tasks to queue
[2021-11-28 09:46:11,724] {logging_mixin.py:109} INFO - [2021-11-28 09:46:11,724] {dagbag.py:500} INFO - Filling up the DagBag from /home/airflow/.local/lib/python3.7/site-packages/airflow/example_dags/example_bash_operator.py
[2021-11-28 09:46:11,757] {processor.py:637} INFO - DAG(s) dict_keys(['example_bash_operator']) retrieved from /home/airflow/.local/lib/python3.7/site-packages/airflow/example_dags/example_bash_operator.py
[2021-11-28 09:46:11,767] {logging_mixin.py:109} INFO - [2021-11-28 09:46:11,767] {dag.py:2396} INFO - Sync 1 DAGs
[2021-11-28 09:46:11,784] {logging_mixin.py:109} INFO - [2021-11-28 09:46:11,784] {dag.py:2928} INFO - Setting next_dagrun for example_bash_operator to 2021-11-27 00:00:00+00:00
[2021-11-28 09:46:11,796] {processor.py:171} INFO - Processing /home/airflow/.local/lib/python3.7/site-packages/airflow/example_dags/example_bash_operator.py took 0.078 seconds
[2021-11-28 09:46:41,954] {processor.py:163} INFO - Started process (PID=620) to work on /home/airflow/.local/lib/python3.7/site-packages/airflow/example_dags/example_bash_operator.py
[2021-11-28 09:46:41,955] {processor.py:625} INFO - Processing file /home/airflow/.local/lib/python3.7/site-packages/airflow/example_dags/example_bash_operator.py for tasks to queue
[2021-11-28 09:46:41,955] {logging_mixin.py:109} INFO - [2021-11-28 09:46:41,955] {dagbag.py:500} INFO - Filling up the DagBag from /home/airflow/.local/lib/python3.7/site-packages/airflow/example_dags/example_bash_operator.py
[2021-11-28 09:46:41,976] {processor.py:637} INFO - DAG(s) dict_keys(['example_bash_operator']) retrieved from /home/airflow/.local/lib/python3.7/site-packages/airflow/example_dags/example_bash_operator.py
[2021-11-28 09:46:41,986] {logging_mixin.py:109} INFO - [2021-11-28 09:46:41,985] {dag.py:2396} INFO - Sync 1 DAGs
[2021-11-28 09:46:42,002] {logging_mixin.py:109} INFO - [2021-11-28 09:46:42,001] {dag.py:2928} INFO - Setting next_dagrun for example_bash_operator to 2021-11-27 00:00:00+00:00
[2021-11-28 09:46:42,010] {processor.py:171} INFO - Processing /home/airflow/.local/lib/python3.7/site-packages/airflow/example_dags/example_bash_operator.py took 0.059 seconds
[2021-11-28 09:48:50,704] {processor.py:163} INFO - Started process (PID=58) to work on /home/airflow/.local/lib/python3.7/site-packages/airflow/example_dags/example_bash_operator.py
[2021-11-28 09:48:50,705] {processor.py:625} INFO - Processing file /home/airflow/.local/lib/python3.7/site-packages/airflow/example_dags/example_bash_operator.py for tasks to queue
[2021-11-28 09:48:50,706] {logging_mixin.py:109} INFO - [2021-11-28 09:48:50,706] {dagbag.py:500} INFO - Filling up the DagBag from /home/airflow/.local/lib/python3.7/site-packages/airflow/example_dags/example_bash_operator.py
[2021-11-28 09:48:50,729] {processor.py:637} INFO - DAG(s) dict_keys(['example_bash_operator']) retrieved from /home/airflow/.local/lib/python3.7/site-packages/airflow/example_dags/example_bash_operator.py
[2021-11-28 09:48:50,739] {logging_mixin.py:109} INFO - [2021-11-28 09:48:50,739] {dag.py:2396} INFO - Sync 1 DAGs
[2021-11-28 09:48:50,756] {logging_mixin.py:109} INFO - [2021-11-28 09:48:50,755] {dag.py:2928} INFO - Setting next_dagrun for example_bash_operator to 2021-11-27 00:00:00+00:00
[2021-11-28 09:48:50,764] {processor.py:171} INFO - Processing /home/airflow/.local/lib/python3.7/site-packages/airflow/example_dags/example_bash_operator.py took 0.062 seconds
[2021-11-28 09:49:21,852] {processor.py:163} INFO - Started process (PID=118) to work on /home/airflow/.local/lib/python3.7/site-packages/airflow/example_dags/example_bash_operator.py
[2021-11-28 09:49:21,853] {processor.py:625} INFO - Processing file /home/airflow/.local/lib/python3.7/site-packages/airflow/example_dags/example_bash_operator.py for tasks to queue
[2021-11-28 09:49:21,854] {logging_mixin.py:109} INFO - [2021-11-28 09:49:21,854] {dagbag.py:500} INFO - Filling up the DagBag from /home/airflow/.local/lib/python3.7/site-packages/airflow/example_dags/example_bash_operator.py
[2021-11-28 09:49:21,882] {processor.py:637} INFO - DAG(s) dict_keys(['example_bash_operator']) retrieved from /home/airflow/.local/lib/python3.7/site-packages/airflow/example_dags/example_bash_operator.py
[2021-11-28 09:49:21,890] {logging_mixin.py:109} INFO - [2021-11-28 09:49:21,889] {dag.py:2396} INFO - Sync 1 DAGs
[2021-11-28 09:49:21,901] {logging_mixin.py:109} INFO - [2021-11-28 09:49:21,901] {dag.py:2928} INFO - Setting next_dagrun for example_bash_operator to 2021-11-27 00:00:00+00:00
[2021-11-28 09:49:21,909] {processor.py:171} INFO - Processing /home/airflow/.local/lib/python3.7/site-packages/airflow/example_dags/example_bash_operator.py took 0.060 seconds
[2021-11-28 09:49:52,840] {processor.py:163} INFO - Started process (PID=178) to work on /home/airflow/.local/lib/python3.7/site-packages/airflow/example_dags/example_bash_operator.py
[2021-11-28 09:49:52,842] {processor.py:625} INFO - Processing file /home/airflow/.local/lib/python3.7/site-packages/airflow/example_dags/example_bash_operator.py for tasks to queue
[2021-11-28 09:49:52,842] {logging_mixin.py:109} INFO - [2021-11-28 09:49:52,842] {dagbag.py:500} INFO - Filling up the DagBag from /home/airflow/.local/lib/python3.7/site-packages/airflow/example_dags/example_bash_operator.py
[2021-11-28 09:49:52,871] {processor.py:637} INFO - DAG(s) dict_keys(['example_bash_operator']) retrieved from /home/airflow/.local/lib/python3.7/site-packages/airflow/example_dags/example_bash_operator.py
[2021-11-28 09:49:52,884] {logging_mixin.py:109} INFO - [2021-11-28 09:49:52,884] {dag.py:2396} INFO - Sync 1 DAGs
[2021-11-28 09:49:52,903] {logging_mixin.py:109} INFO - [2021-11-28 09:49:52,903] {dag.py:2928} INFO - Setting next_dagrun for example_bash_operator to 2021-11-27 00:00:00+00:00
[2021-11-28 09:49:52,911] {processor.py:171} INFO - Processing /home/airflow/.local/lib/python3.7/site-packages/airflow/example_dags/example_bash_operator.py took 0.074 seconds
[2021-11-28 09:50:23,912] {processor.py:163} INFO - Started process (PID=229) to work on /home/airflow/.local/lib/python3.7/site-packages/airflow/example_dags/example_bash_operator.py
[2021-11-28 09:50:23,913] {processor.py:625} INFO - Processing file /home/airflow/.local/lib/python3.7/site-packages/airflow/example_dags/example_bash_operator.py for tasks to queue
[2021-11-28 09:50:23,914] {logging_mixin.py:109} INFO - [2021-11-28 09:50:23,913] {dagbag.py:500} INFO - Filling up the DagBag from /home/airflow/.local/lib/python3.7/site-packages/airflow/example_dags/example_bash_operator.py
[2021-11-28 09:50:23,941] {processor.py:637} INFO - DAG(s) dict_keys(['example_bash_operator']) retrieved from /home/airflow/.local/lib/python3.7/site-packages/airflow/example_dags/example_bash_operator.py
[2021-11-28 09:50:23,948] {logging_mixin.py:109} INFO - [2021-11-28 09:50:23,948] {dag.py:2396} INFO - Sync 1 DAGs
[2021-11-28 09:50:23,960] {logging_mixin.py:109} INFO - [2021-11-28 09:50:23,960] {dag.py:2928} INFO - Setting next_dagrun for example_bash_operator to 2021-11-27 00:00:00+00:00
[2021-11-28 09:50:23,968] {processor.py:171} INFO - Processing /home/airflow/.local/lib/python3.7/site-packages/airflow/example_dags/example_bash_operator.py took 0.059 seconds
[2021-11-28 09:50:54,807] {processor.py:163} INFO - Started process (PID=289) to work on /home/airflow/.local/lib/python3.7/site-packages/airflow/example_dags/example_bash_operator.py
[2021-11-28 09:50:54,808] {processor.py:625} INFO - Processing file /home/airflow/.local/lib/python3.7/site-packages/airflow/example_dags/example_bash_operator.py for tasks to queue
[2021-11-28 09:50:54,808] {logging_mixin.py:109} INFO - [2021-11-28 09:50:54,808] {dagbag.py:500} INFO - Filling up the DagBag from /home/airflow/.local/lib/python3.7/site-packages/airflow/example_dags/example_bash_operator.py
[2021-11-28 09:50:54,830] {processor.py:637} INFO - DAG(s) dict_keys(['example_bash_operator']) retrieved from /home/airflow/.local/lib/python3.7/site-packages/airflow/example_dags/example_bash_operator.py
[2021-11-28 09:50:54,837] {logging_mixin.py:109} INFO - [2021-11-28 09:50:54,837] {dag.py:2396} INFO - Sync 1 DAGs
[2021-11-28 09:50:54,849] {logging_mixin.py:109} INFO - [2021-11-28 09:50:54,849] {dag.py:2928} INFO - Setting next_dagrun for example_bash_operator to 2021-11-27 00:00:00+00:00
[2021-11-28 09:50:54,858] {processor.py:171} INFO - Processing /home/airflow/.local/lib/python3.7/site-packages/airflow/example_dags/example_bash_operator.py took 0.053 seconds
[2021-11-28 09:51:49,235] {processor.py:163} INFO - Started process (PID=57) to work on /home/airflow/.local/lib/python3.7/site-packages/airflow/example_dags/example_bash_operator.py
[2021-11-28 09:51:49,236] {processor.py:625} INFO - Processing file /home/airflow/.local/lib/python3.7/site-packages/airflow/example_dags/example_bash_operator.py for tasks to queue
[2021-11-28 09:51:49,237] {logging_mixin.py:109} INFO - [2021-11-28 09:51:49,237] {dagbag.py:500} INFO - Filling up the DagBag from /home/airflow/.local/lib/python3.7/site-packages/airflow/example_dags/example_bash_operator.py
[2021-11-28 09:51:49,267] {processor.py:637} INFO - DAG(s) dict_keys(['example_bash_operator']) retrieved from /home/airflow/.local/lib/python3.7/site-packages/airflow/example_dags/example_bash_operator.py
[2021-11-28 09:51:49,278] {logging_mixin.py:109} INFO - [2021-11-28 09:51:49,278] {dag.py:2396} INFO - Sync 1 DAGs
[2021-11-28 09:51:49,298] {logging_mixin.py:109} INFO - [2021-11-28 09:51:49,298] {dag.py:2928} INFO - Setting next_dagrun for example_bash_operator to 2021-11-27 00:00:00+00:00
[2021-11-28 09:51:49,310] {processor.py:171} INFO - Processing /home/airflow/.local/lib/python3.7/site-packages/airflow/example_dags/example_bash_operator.py took 0.078 seconds
[2021-11-28 09:52:19,569] {processor.py:163} INFO - Started process (PID=119) to work on /home/airflow/.local/lib/python3.7/site-packages/airflow/example_dags/example_bash_operator.py
[2021-11-28 09:52:19,570] {processor.py:625} INFO - Processing file /home/airflow/.local/lib/python3.7/site-packages/airflow/example_dags/example_bash_operator.py for tasks to queue
[2021-11-28 09:52:19,571] {logging_mixin.py:109} INFO - [2021-11-28 09:52:19,571] {dagbag.py:500} INFO - Filling up the DagBag from /home/airflow/.local/lib/python3.7/site-packages/airflow/example_dags/example_bash_operator.py
[2021-11-28 09:52:19,599] {processor.py:637} INFO - DAG(s) dict_keys(['example_bash_operator']) retrieved from /home/airflow/.local/lib/python3.7/site-packages/airflow/example_dags/example_bash_operator.py
[2021-11-28 09:52:19,607] {logging_mixin.py:109} INFO - [2021-11-28 09:52:19,607] {dag.py:2396} INFO - Sync 1 DAGs
[2021-11-28 09:52:19,619] {logging_mixin.py:109} INFO - [2021-11-28 09:52:19,619] {dag.py:2928} INFO - Setting next_dagrun for example_bash_operator to 2021-11-27 00:00:00+00:00
[2021-11-28 09:52:19,627] {processor.py:171} INFO - Processing /home/airflow/.local/lib/python3.7/site-packages/airflow/example_dags/example_bash_operator.py took 0.060 seconds
[2021-11-28 09:52:50,452] {processor.py:163} INFO - Started process (PID=170) to work on /home/airflow/.local/lib/python3.7/site-packages/airflow/example_dags/example_bash_operator.py
[2021-11-28 09:52:50,453] {processor.py:625} INFO - Processing file /home/airflow/.local/lib/python3.7/site-packages/airflow/example_dags/example_bash_operator.py for tasks to queue
[2021-11-28 09:52:50,454] {logging_mixin.py:109} INFO - [2021-11-28 09:52:50,454] {dagbag.py:500} INFO - Filling up the DagBag from /home/airflow/.local/lib/python3.7/site-packages/airflow/example_dags/example_bash_operator.py
[2021-11-28 09:52:50,474] {processor.py:637} INFO - DAG(s) dict_keys(['example_bash_operator']) retrieved from /home/airflow/.local/lib/python3.7/site-packages/airflow/example_dags/example_bash_operator.py
[2021-11-28 09:52:50,481] {logging_mixin.py:109} INFO - [2021-11-28 09:52:50,481] {dag.py:2396} INFO - Sync 1 DAGs
[2021-11-28 09:52:50,494] {logging_mixin.py:109} INFO - [2021-11-28 09:52:50,494] {dag.py:2928} INFO - Setting next_dagrun for example_bash_operator to 2021-11-27 00:00:00+00:00
[2021-11-28 09:52:50,502] {processor.py:171} INFO - Processing /home/airflow/.local/lib/python3.7/site-packages/airflow/example_dags/example_bash_operator.py took 0.052 seconds
[2021-11-28 09:58:34,911] {processor.py:163} INFO - Started process (PID=57) to work on /home/airflow/.local/lib/python3.7/site-packages/airflow/example_dags/example_bash_operator.py
[2021-11-28 09:58:34,912] {processor.py:625} INFO - Processing file /home/airflow/.local/lib/python3.7/site-packages/airflow/example_dags/example_bash_operator.py for tasks to queue
[2021-11-28 09:58:34,913] {logging_mixin.py:109} INFO - [2021-11-28 09:58:34,913] {dagbag.py:500} INFO - Filling up the DagBag from /home/airflow/.local/lib/python3.7/site-packages/airflow/example_dags/example_bash_operator.py
[2021-11-28 09:58:34,936] {processor.py:637} INFO - DAG(s) dict_keys(['example_bash_operator']) retrieved from /home/airflow/.local/lib/python3.7/site-packages/airflow/example_dags/example_bash_operator.py
[2021-11-28 09:58:34,943] {logging_mixin.py:109} INFO - [2021-11-28 09:58:34,943] {dag.py:2396} INFO - Sync 1 DAGs
[2021-11-28 09:58:34,957] {logging_mixin.py:109} INFO - [2021-11-28 09:58:34,957] {dag.py:2928} INFO - Setting next_dagrun for example_bash_operator to 2021-11-27 00:00:00+00:00
[2021-11-28 09:58:34,965] {processor.py:171} INFO - Processing /home/airflow/.local/lib/python3.7/site-packages/airflow/example_dags/example_bash_operator.py took 0.056 seconds
[2021-11-28 09:59:05,730] {processor.py:163} INFO - Started process (PID=117) to work on /home/airflow/.local/lib/python3.7/site-packages/airflow/example_dags/example_bash_operator.py
[2021-11-28 09:59:05,731] {processor.py:625} INFO - Processing file /home/airflow/.local/lib/python3.7/site-packages/airflow/example_dags/example_bash_operator.py for tasks to queue
[2021-11-28 09:59:05,732] {logging_mixin.py:109} INFO - [2021-11-28 09:59:05,732] {dagbag.py:500} INFO - Filling up the DagBag from /home/airflow/.local/lib/python3.7/site-packages/airflow/example_dags/example_bash_operator.py
[2021-11-28 09:59:05,760] {processor.py:637} INFO - DAG(s) dict_keys(['example_bash_operator']) retrieved from /home/airflow/.local/lib/python3.7/site-packages/airflow/example_dags/example_bash_operator.py
[2021-11-28 09:59:05,768] {logging_mixin.py:109} INFO - [2021-11-28 09:59:05,768] {dag.py:2396} INFO - Sync 1 DAGs
[2021-11-28 09:59:05,781] {logging_mixin.py:109} INFO - [2021-11-28 09:59:05,781] {dag.py:2928} INFO - Setting next_dagrun for example_bash_operator to 2021-11-27 00:00:00+00:00
[2021-11-28 09:59:05,789] {processor.py:171} INFO - Processing /home/airflow/.local/lib/python3.7/site-packages/airflow/example_dags/example_bash_operator.py took 0.062 seconds
[2021-11-28 09:59:36,607] {processor.py:163} INFO - Started process (PID=177) to work on /home/airflow/.local/lib/python3.7/site-packages/airflow/example_dags/example_bash_operator.py
[2021-11-28 09:59:36,608] {processor.py:625} INFO - Processing file /home/airflow/.local/lib/python3.7/site-packages/airflow/example_dags/example_bash_operator.py for tasks to queue
[2021-11-28 09:59:36,609] {logging_mixin.py:109} INFO - [2021-11-28 09:59:36,609] {dagbag.py:500} INFO - Filling up the DagBag from /home/airflow/.local/lib/python3.7/site-packages/airflow/example_dags/example_bash_operator.py
[2021-11-28 09:59:36,639] {processor.py:637} INFO - DAG(s) dict_keys(['example_bash_operator']) retrieved from /home/airflow/.local/lib/python3.7/site-packages/airflow/example_dags/example_bash_operator.py
[2021-11-28 09:59:36,646] {logging_mixin.py:109} INFO - [2021-11-28 09:59:36,646] {dag.py:2396} INFO - Sync 1 DAGs
[2021-11-28 09:59:36,658] {logging_mixin.py:109} INFO - [2021-11-28 09:59:36,658] {dag.py:2928} INFO - Setting next_dagrun for example_bash_operator to 2021-11-27 00:00:00+00:00
[2021-11-28 09:59:36,666] {processor.py:171} INFO - Processing /home/airflow/.local/lib/python3.7/site-packages/airflow/example_dags/example_bash_operator.py took 0.062 seconds
[2021-11-28 10:00:07,523] {processor.py:163} INFO - Started process (PID=228) to work on /home/airflow/.local/lib/python3.7/site-packages/airflow/example_dags/example_bash_operator.py
[2021-11-28 10:00:07,524] {processor.py:625} INFO - Processing file /home/airflow/.local/lib/python3.7/site-packages/airflow/example_dags/example_bash_operator.py for tasks to queue
[2021-11-28 10:00:07,525] {logging_mixin.py:109} INFO - [2021-11-28 10:00:07,525] {dagbag.py:500} INFO - Filling up the DagBag from /home/airflow/.local/lib/python3.7/site-packages/airflow/example_dags/example_bash_operator.py
[2021-11-28 10:00:07,554] {processor.py:637} INFO - DAG(s) dict_keys(['example_bash_operator']) retrieved from /home/airflow/.local/lib/python3.7/site-packages/airflow/example_dags/example_bash_operator.py
[2021-11-28 10:00:07,561] {logging_mixin.py:109} INFO - [2021-11-28 10:00:07,561] {dag.py:2396} INFO - Sync 1 DAGs
[2021-11-28 10:00:07,573] {logging_mixin.py:109} INFO - [2021-11-28 10:00:07,573] {dag.py:2928} INFO - Setting next_dagrun for example_bash_operator to 2021-11-27 00:00:00+00:00
[2021-11-28 10:00:07,581] {processor.py:171} INFO - Processing /home/airflow/.local/lib/python3.7/site-packages/airflow/example_dags/example_bash_operator.py took 0.060 seconds
[2021-11-28 10:00:38,374] {processor.py:163} INFO - Started process (PID=288) to work on /home/airflow/.local/lib/python3.7/site-packages/airflow/example_dags/example_bash_operator.py
[2021-11-28 10:00:38,375] {processor.py:625} INFO - Processing file /home/airflow/.local/lib/python3.7/site-packages/airflow/example_dags/example_bash_operator.py for tasks to queue
[2021-11-28 10:00:38,375] {logging_mixin.py:109} INFO - [2021-11-28 10:00:38,375] {dagbag.py:500} INFO - Filling up the DagBag from /home/airflow/.local/lib/python3.7/site-packages/airflow/example_dags/example_bash_operator.py
[2021-11-28 10:00:38,401] {processor.py:637} INFO - DAG(s) dict_keys(['example_bash_operator']) retrieved from /home/airflow/.local/lib/python3.7/site-packages/airflow/example_dags/example_bash_operator.py
[2021-11-28 10:00:38,413] {logging_mixin.py:109} INFO - [2021-11-28 10:00:38,413] {dag.py:2396} INFO - Sync 1 DAGs
[2021-11-28 10:00:38,431] {logging_mixin.py:109} INFO - [2021-11-28 10:00:38,431] {dag.py:2928} INFO - Setting next_dagrun for example_bash_operator to 2021-11-27 00:00:00+00:00
[2021-11-28 10:00:38,439] {processor.py:171} INFO - Processing /home/airflow/.local/lib/python3.7/site-packages/airflow/example_dags/example_bash_operator.py took 0.068 seconds
[2021-11-28 10:01:09,295] {processor.py:163} INFO - Started process (PID=339) to work on /home/airflow/.local/lib/python3.7/site-packages/airflow/example_dags/example_bash_operator.py
[2021-11-28 10:01:09,296] {processor.py:625} INFO - Processing file /home/airflow/.local/lib/python3.7/site-packages/airflow/example_dags/example_bash_operator.py for tasks to queue
[2021-11-28 10:01:09,297] {logging_mixin.py:109} INFO - [2021-11-28 10:01:09,297] {dagbag.py:500} INFO - Filling up the DagBag from /home/airflow/.local/lib/python3.7/site-packages/airflow/example_dags/example_bash_operator.py
[2021-11-28 10:01:09,332] {processor.py:637} INFO - DAG(s) dict_keys(['example_bash_operator']) retrieved from /home/airflow/.local/lib/python3.7/site-packages/airflow/example_dags/example_bash_operator.py
[2021-11-28 10:01:09,343] {logging_mixin.py:109} INFO - [2021-11-28 10:01:09,343] {dag.py:2396} INFO - Sync 1 DAGs
[2021-11-28 10:01:09,359] {logging_mixin.py:109} INFO - [2021-11-28 10:01:09,359] {dag.py:2928} INFO - Setting next_dagrun for example_bash_operator to 2021-11-27 00:00:00+00:00
[2021-11-28 10:01:09,370] {processor.py:171} INFO - Processing /home/airflow/.local/lib/python3.7/site-packages/airflow/example_dags/example_bash_operator.py took 0.077 seconds
[2021-11-28 10:01:40,207] {processor.py:163} INFO - Started process (PID=399) to work on /home/airflow/.local/lib/python3.7/site-packages/airflow/example_dags/example_bash_operator.py
[2021-11-28 10:01:40,208] {processor.py:625} INFO - Processing file /home/airflow/.local/lib/python3.7/site-packages/airflow/example_dags/example_bash_operator.py for tasks to queue
[2021-11-28 10:01:40,208] {logging_mixin.py:109} INFO - [2021-11-28 10:01:40,208] {dagbag.py:500} INFO - Filling up the DagBag from /home/airflow/.local/lib/python3.7/site-packages/airflow/example_dags/example_bash_operator.py
[2021-11-28 10:01:40,263] {processor.py:637} INFO - DAG(s) dict_keys(['example_bash_operator']) retrieved from /home/airflow/.local/lib/python3.7/site-packages/airflow/example_dags/example_bash_operator.py
[2021-11-28 10:01:40,271] {logging_mixin.py:109} INFO - [2021-11-28 10:01:40,270] {dag.py:2396} INFO - Sync 1 DAGs
[2021-11-28 10:01:40,283] {logging_mixin.py:109} INFO - [2021-11-28 10:01:40,283] {dag.py:2928} INFO - Setting next_dagrun for example_bash_operator to 2021-11-27 00:00:00+00:00
[2021-11-28 10:01:40,291] {processor.py:171} INFO - Processing /home/airflow/.local/lib/python3.7/site-packages/airflow/example_dags/example_bash_operator.py took 0.086 seconds
[2021-11-28 10:02:11,202] {processor.py:163} INFO - Started process (PID=459) to work on /home/airflow/.local/lib/python3.7/site-packages/airflow/example_dags/example_bash_operator.py
[2021-11-28 10:02:11,204] {processor.py:625} INFO - Processing file /home/airflow/.local/lib/python3.7/site-packages/airflow/example_dags/example_bash_operator.py for tasks to queue
[2021-11-28 10:02:11,204] {logging_mixin.py:109} INFO - [2021-11-28 10:02:11,204] {dagbag.py:500} INFO - Filling up the DagBag from /home/airflow/.local/lib/python3.7/site-packages/airflow/example_dags/example_bash_operator.py
[2021-11-28 10:02:11,235] {processor.py:637} INFO - DAG(s) dict_keys(['example_bash_operator']) retrieved from /home/airflow/.local/lib/python3.7/site-packages/airflow/example_dags/example_bash_operator.py
[2021-11-28 10:02:11,244] {logging_mixin.py:109} INFO - [2021-11-28 10:02:11,244] {dag.py:2396} INFO - Sync 1 DAGs
[2021-11-28 10:02:11,261] {logging_mixin.py:109} INFO - [2021-11-28 10:02:11,261] {dag.py:2928} INFO - Setting next_dagrun for example_bash_operator to 2021-11-27 00:00:00+00:00
[2021-11-28 10:02:11,272] {processor.py:171} INFO - Processing /home/airflow/.local/lib/python3.7/site-packages/airflow/example_dags/example_bash_operator.py took 0.073 seconds
[2021-11-28 10:02:42,118] {processor.py:163} INFO - Started process (PID=510) to work on /home/airflow/.local/lib/python3.7/site-packages/airflow/example_dags/example_bash_operator.py
[2021-11-28 10:02:42,119] {processor.py:625} INFO - Processing file /home/airflow/.local/lib/python3.7/site-packages/airflow/example_dags/example_bash_operator.py for tasks to queue
[2021-11-28 10:02:42,120] {logging_mixin.py:109} INFO - [2021-11-28 10:02:42,120] {dagbag.py:500} INFO - Filling up the DagBag from /home/airflow/.local/lib/python3.7/site-packages/airflow/example_dags/example_bash_operator.py
[2021-11-28 10:02:42,149] {processor.py:637} INFO - DAG(s) dict_keys(['example_bash_operator']) retrieved from /home/airflow/.local/lib/python3.7/site-packages/airflow/example_dags/example_bash_operator.py
[2021-11-28 10:02:42,161] {logging_mixin.py:109} INFO - [2021-11-28 10:02:42,161] {dag.py:2396} INFO - Sync 1 DAGs
[2021-11-28 10:02:42,181] {logging_mixin.py:109} INFO - [2021-11-28 10:02:42,181] {dag.py:2928} INFO - Setting next_dagrun for example_bash_operator to 2021-11-27 00:00:00+00:00
[2021-11-28 10:02:42,191] {processor.py:171} INFO - Processing /home/airflow/.local/lib/python3.7/site-packages/airflow/example_dags/example_bash_operator.py took 0.075 seconds
[2021-11-28 10:03:13,050] {processor.py:163} INFO - Started process (PID=570) to work on /home/airflow/.local/lib/python3.7/site-packages/airflow/example_dags/example_bash_operator.py
[2021-11-28 10:03:13,051] {processor.py:625} INFO - Processing file /home/airflow/.local/lib/python3.7/site-packages/airflow/example_dags/example_bash_operator.py for tasks to queue
[2021-11-28 10:03:13,052] {logging_mixin.py:109} INFO - [2021-11-28 10:03:13,052] {dagbag.py:500} INFO - Filling up the DagBag from /home/airflow/.local/lib/python3.7/site-packages/airflow/example_dags/example_bash_operator.py
[2021-11-28 10:03:13,077] {processor.py:637} INFO - DAG(s) dict_keys(['example_bash_operator']) retrieved from /home/airflow/.local/lib/python3.7/site-packages/airflow/example_dags/example_bash_operator.py
[2021-11-28 10:03:13,084] {logging_mixin.py:109} INFO - [2021-11-28 10:03:13,084] {dag.py:2396} INFO - Sync 1 DAGs
[2021-11-28 10:03:13,095] {logging_mixin.py:109} INFO - [2021-11-28 10:03:13,095] {dag.py:2928} INFO - Setting next_dagrun for example_bash_operator to 2021-11-27 00:00:00+00:00
[2021-11-28 10:03:13,103] {processor.py:171} INFO - Processing /home/airflow/.local/lib/python3.7/site-packages/airflow/example_dags/example_bash_operator.py took 0.056 seconds
[2021-11-28 10:03:44,018] {processor.py:163} INFO - Started process (PID=621) to work on /home/airflow/.local/lib/python3.7/site-packages/airflow/example_dags/example_bash_operator.py
[2021-11-28 10:03:44,019] {processor.py:625} INFO - Processing file /home/airflow/.local/lib/python3.7/site-packages/airflow/example_dags/example_bash_operator.py for tasks to queue
[2021-11-28 10:03:44,020] {logging_mixin.py:109} INFO - [2021-11-28 10:03:44,019] {dagbag.py:500} INFO - Filling up the DagBag from /home/airflow/.local/lib/python3.7/site-packages/airflow/example_dags/example_bash_operator.py
[2021-11-28 10:03:44,048] {processor.py:637} INFO - DAG(s) dict_keys(['example_bash_operator']) retrieved from /home/airflow/.local/lib/python3.7/site-packages/airflow/example_dags/example_bash_operator.py
[2021-11-28 10:03:44,060] {logging_mixin.py:109} INFO - [2021-11-28 10:03:44,060] {dag.py:2396} INFO - Sync 1 DAGs
[2021-11-28 10:03:44,080] {logging_mixin.py:109} INFO - [2021-11-28 10:03:44,080] {dag.py:2928} INFO - Setting next_dagrun for example_bash_operator to 2021-11-27 00:00:00+00:00
[2021-11-28 10:03:44,091] {processor.py:171} INFO - Processing /home/airflow/.local/lib/python3.7/site-packages/airflow/example_dags/example_bash_operator.py took 0.076 seconds
[2021-11-28 10:04:14,981] {processor.py:163} INFO - Started process (PID=681) to work on /home/airflow/.local/lib/python3.7/site-packages/airflow/example_dags/example_bash_operator.py
[2021-11-28 10:04:14,982] {processor.py:625} INFO - Processing file /home/airflow/.local/lib/python3.7/site-packages/airflow/example_dags/example_bash_operator.py for tasks to queue
[2021-11-28 10:04:14,983] {logging_mixin.py:109} INFO - [2021-11-28 10:04:14,982] {dagbag.py:500} INFO - Filling up the DagBag from /home/airflow/.local/lib/python3.7/site-packages/airflow/example_dags/example_bash_operator.py
[2021-11-28 10:04:15,003] {processor.py:637} INFO - DAG(s) dict_keys(['example_bash_operator']) retrieved from /home/airflow/.local/lib/python3.7/site-packages/airflow/example_dags/example_bash_operator.py
[2021-11-28 10:04:15,011] {logging_mixin.py:109} INFO - [2021-11-28 10:04:15,011] {dag.py:2396} INFO - Sync 1 DAGs
[2021-11-28 10:04:15,024] {logging_mixin.py:109} INFO - [2021-11-28 10:04:15,024] {dag.py:2928} INFO - Setting next_dagrun for example_bash_operator to 2021-11-27 00:00:00+00:00
[2021-11-28 10:04:15,034] {processor.py:171} INFO - Processing /home/airflow/.local/lib/python3.7/site-packages/airflow/example_dags/example_bash_operator.py took 0.055 seconds
[2021-11-28 10:04:46,037] {processor.py:163} INFO - Started process (PID=741) to work on /home/airflow/.local/lib/python3.7/site-packages/airflow/example_dags/example_bash_operator.py
[2021-11-28 10:04:46,039] {processor.py:625} INFO - Processing file /home/airflow/.local/lib/python3.7/site-packages/airflow/example_dags/example_bash_operator.py for tasks to queue
[2021-11-28 10:04:46,039] {logging_mixin.py:109} INFO - [2021-11-28 10:04:46,039] {dagbag.py:500} INFO - Filling up the DagBag from /home/airflow/.local/lib/python3.7/site-packages/airflow/example_dags/example_bash_operator.py
[2021-11-28 10:04:46,072] {processor.py:637} INFO - DAG(s) dict_keys(['example_bash_operator']) retrieved from /home/airflow/.local/lib/python3.7/site-packages/airflow/example_dags/example_bash_operator.py
[2021-11-28 10:04:46,086] {logging_mixin.py:109} INFO - [2021-11-28 10:04:46,086] {dag.py:2396} INFO - Sync 1 DAGs
[2021-11-28 10:04:46,106] {logging_mixin.py:109} INFO - [2021-11-28 10:04:46,106] {dag.py:2928} INFO - Setting next_dagrun for example_bash_operator to 2021-11-27 00:00:00+00:00
[2021-11-28 10:04:46,116] {processor.py:171} INFO - Processing /home/airflow/.local/lib/python3.7/site-packages/airflow/example_dags/example_bash_operator.py took 0.082 seconds
[2021-11-28 10:05:17,123] {processor.py:163} INFO - Started process (PID=792) to work on /home/airflow/.local/lib/python3.7/site-packages/airflow/example_dags/example_bash_operator.py
[2021-11-28 10:05:17,124] {processor.py:625} INFO - Processing file /home/airflow/.local/lib/python3.7/site-packages/airflow/example_dags/example_bash_operator.py for tasks to queue
[2021-11-28 10:05:17,124] {logging_mixin.py:109} INFO - [2021-11-28 10:05:17,124] {dagbag.py:500} INFO - Filling up the DagBag from /home/airflow/.local/lib/python3.7/site-packages/airflow/example_dags/example_bash_operator.py
[2021-11-28 10:05:17,145] {processor.py:637} INFO - DAG(s) dict_keys(['example_bash_operator']) retrieved from /home/airflow/.local/lib/python3.7/site-packages/airflow/example_dags/example_bash_operator.py
[2021-11-28 10:05:17,155] {logging_mixin.py:109} INFO - [2021-11-28 10:05:17,155] {dag.py:2396} INFO - Sync 1 DAGs
[2021-11-28 10:05:17,171] {logging_mixin.py:109} INFO - [2021-11-28 10:05:17,171] {dag.py:2928} INFO - Setting next_dagrun for example_bash_operator to 2021-11-27 00:00:00+00:00
[2021-11-28 10:05:17,181] {processor.py:171} INFO - Processing /home/airflow/.local/lib/python3.7/site-packages/airflow/example_dags/example_bash_operator.py took 0.060 seconds
[2021-11-28 10:05:48,235] {processor.py:163} INFO - Started process (PID=852) to work on /home/airflow/.local/lib/python3.7/site-packages/airflow/example_dags/example_bash_operator.py
[2021-11-28 10:05:48,236] {processor.py:625} INFO - Processing file /home/airflow/.local/lib/python3.7/site-packages/airflow/example_dags/example_bash_operator.py for tasks to queue
[2021-11-28 10:05:48,237] {logging_mixin.py:109} INFO - [2021-11-28 10:05:48,236] {dagbag.py:500} INFO - Filling up the DagBag from /home/airflow/.local/lib/python3.7/site-packages/airflow/example_dags/example_bash_operator.py
[2021-11-28 10:05:48,266] {processor.py:637} INFO - DAG(s) dict_keys(['example_bash_operator']) retrieved from /home/airflow/.local/lib/python3.7/site-packages/airflow/example_dags/example_bash_operator.py
[2021-11-28 10:05:48,277] {logging_mixin.py:109} INFO - [2021-11-28 10:05:48,277] {dag.py:2396} INFO - Sync 1 DAGs
[2021-11-28 10:05:48,295] {logging_mixin.py:109} INFO - [2021-11-28 10:05:48,295] {dag.py:2928} INFO - Setting next_dagrun for example_bash_operator to 2021-11-27 00:00:00+00:00
[2021-11-28 10:05:48,364] {processor.py:171} INFO - Processing /home/airflow/.local/lib/python3.7/site-packages/airflow/example_dags/example_bash_operator.py took 0.132 seconds
[2021-11-28 10:06:18,664] {processor.py:163} INFO - Started process (PID=903) to work on /home/airflow/.local/lib/python3.7/site-packages/airflow/example_dags/example_bash_operator.py
[2021-11-28 10:06:18,667] {processor.py:625} INFO - Processing file /home/airflow/.local/lib/python3.7/site-packages/airflow/example_dags/example_bash_operator.py for tasks to queue
[2021-11-28 10:06:18,667] {logging_mixin.py:109} INFO - [2021-11-28 10:06:18,667] {dagbag.py:500} INFO - Filling up the DagBag from /home/airflow/.local/lib/python3.7/site-packages/airflow/example_dags/example_bash_operator.py
[2021-11-28 10:06:18,690] {processor.py:637} INFO - DAG(s) dict_keys(['example_bash_operator']) retrieved from /home/airflow/.local/lib/python3.7/site-packages/airflow/example_dags/example_bash_operator.py
[2021-11-28 10:06:18,706] {logging_mixin.py:109} INFO - [2021-11-28 10:06:18,706] {dag.py:2396} INFO - Sync 1 DAGs
[2021-11-28 10:06:18,786] {logging_mixin.py:109} INFO - [2021-11-28 10:06:18,786] {dag.py:2928} INFO - Setting next_dagrun for example_bash_operator to 2021-11-27 00:00:00+00:00
[2021-11-28 10:06:18,794] {processor.py:171} INFO - Processing /home/airflow/.local/lib/python3.7/site-packages/airflow/example_dags/example_bash_operator.py took 0.132 seconds
[2021-11-28 10:06:49,336] {processor.py:163} INFO - Started process (PID=963) to work on /home/airflow/.local/lib/python3.7/site-packages/airflow/example_dags/example_bash_operator.py
[2021-11-28 10:06:49,337] {processor.py:625} INFO - Processing file /home/airflow/.local/lib/python3.7/site-packages/airflow/example_dags/example_bash_operator.py for tasks to queue
[2021-11-28 10:06:49,337] {logging_mixin.py:109} INFO - [2021-11-28 10:06:49,337] {dagbag.py:500} INFO - Filling up the DagBag from /home/airflow/.local/lib/python3.7/site-packages/airflow/example_dags/example_bash_operator.py
[2021-11-28 10:06:49,356] {processor.py:637} INFO - DAG(s) dict_keys(['example_bash_operator']) retrieved from /home/airflow/.local/lib/python3.7/site-packages/airflow/example_dags/example_bash_operator.py
[2021-11-28 10:06:49,364] {logging_mixin.py:109} INFO - [2021-11-28 10:06:49,364] {dag.py:2396} INFO - Sync 1 DAGs
[2021-11-28 10:06:49,463] {logging_mixin.py:109} INFO - [2021-11-28 10:06:49,463] {dag.py:2928} INFO - Setting next_dagrun for example_bash_operator to 2021-11-27 00:00:00+00:00
[2021-11-28 10:06:49,477] {processor.py:171} INFO - Processing /home/airflow/.local/lib/python3.7/site-packages/airflow/example_dags/example_bash_operator.py took 0.143 seconds
[2021-11-28 10:07:20,154] {processor.py:163} INFO - Started process (PID=1023) to work on /home/airflow/.local/lib/python3.7/site-packages/airflow/example_dags/example_bash_operator.py
[2021-11-28 10:07:20,155] {processor.py:625} INFO - Processing file /home/airflow/.local/lib/python3.7/site-packages/airflow/example_dags/example_bash_operator.py for tasks to queue
[2021-11-28 10:07:20,156] {logging_mixin.py:109} INFO - [2021-11-28 10:07:20,156] {dagbag.py:500} INFO - Filling up the DagBag from /home/airflow/.local/lib/python3.7/site-packages/airflow/example_dags/example_bash_operator.py
[2021-11-28 10:07:20,188] {processor.py:637} INFO - DAG(s) dict_keys(['example_bash_operator']) retrieved from /home/airflow/.local/lib/python3.7/site-packages/airflow/example_dags/example_bash_operator.py
[2021-11-28 10:07:20,195] {logging_mixin.py:109} INFO - [2021-11-28 10:07:20,195] {dag.py:2396} INFO - Sync 1 DAGs
[2021-11-28 10:07:20,275] {logging_mixin.py:109} INFO - [2021-11-28 10:07:20,275] {dag.py:2928} INFO - Setting next_dagrun for example_bash_operator to 2021-11-27 00:00:00+00:00
[2021-11-28 10:07:20,285] {processor.py:171} INFO - Processing /home/airflow/.local/lib/python3.7/site-packages/airflow/example_dags/example_bash_operator.py took 0.134 seconds
[2021-11-28 10:07:50,991] {processor.py:163} INFO - Started process (PID=1074) to work on /home/airflow/.local/lib/python3.7/site-packages/airflow/example_dags/example_bash_operator.py
[2021-11-28 10:07:50,993] {processor.py:625} INFO - Processing file /home/airflow/.local/lib/python3.7/site-packages/airflow/example_dags/example_bash_operator.py for tasks to queue
[2021-11-28 10:07:50,993] {logging_mixin.py:109} INFO - [2021-11-28 10:07:50,993] {dagbag.py:500} INFO - Filling up the DagBag from /home/airflow/.local/lib/python3.7/site-packages/airflow/example_dags/example_bash_operator.py
[2021-11-28 10:07:51,026] {processor.py:637} INFO - DAG(s) dict_keys(['example_bash_operator']) retrieved from /home/airflow/.local/lib/python3.7/site-packages/airflow/example_dags/example_bash_operator.py
[2021-11-28 10:07:51,037] {logging_mixin.py:109} INFO - [2021-11-28 10:07:51,037] {dag.py:2396} INFO - Sync 1 DAGs
[2021-11-28 10:07:51,124] {logging_mixin.py:109} INFO - [2021-11-28 10:07:51,123] {dag.py:2928} INFO - Setting next_dagrun for example_bash_operator to 2021-11-27 00:00:00+00:00
[2021-11-28 10:07:51,134] {processor.py:171} INFO - Processing /home/airflow/.local/lib/python3.7/site-packages/airflow/example_dags/example_bash_operator.py took 0.146 seconds
[2021-11-28 10:08:21,746] {processor.py:163} INFO - Started process (PID=1134) to work on /home/airflow/.local/lib/python3.7/site-packages/airflow/example_dags/example_bash_operator.py
[2021-11-28 10:08:21,748] {processor.py:625} INFO - Processing file /home/airflow/.local/lib/python3.7/site-packages/airflow/example_dags/example_bash_operator.py for tasks to queue
[2021-11-28 10:08:21,749] {logging_mixin.py:109} INFO - [2021-11-28 10:08:21,749] {dagbag.py:500} INFO - Filling up the DagBag from /home/airflow/.local/lib/python3.7/site-packages/airflow/example_dags/example_bash_operator.py
[2021-11-28 10:08:21,798] {processor.py:637} INFO - DAG(s) dict_keys(['example_bash_operator']) retrieved from /home/airflow/.local/lib/python3.7/site-packages/airflow/example_dags/example_bash_operator.py
[2021-11-28 10:08:21,877] {logging_mixin.py:109} INFO - [2021-11-28 10:08:21,876] {dag.py:2396} INFO - Sync 1 DAGs
[2021-11-28 10:08:21,889] {logging_mixin.py:109} INFO - [2021-11-28 10:08:21,889] {dag.py:2928} INFO - Setting next_dagrun for example_bash_operator to 2021-11-27 00:00:00+00:00
[2021-11-28 10:08:21,898] {processor.py:171} INFO - Processing /home/airflow/.local/lib/python3.7/site-packages/airflow/example_dags/example_bash_operator.py took 0.154 seconds
[2021-11-28 10:08:52,571] {processor.py:163} INFO - Started process (PID=1185) to work on /home/airflow/.local/lib/python3.7/site-packages/airflow/example_dags/example_bash_operator.py
[2021-11-28 10:08:52,572] {processor.py:625} INFO - Processing file /home/airflow/.local/lib/python3.7/site-packages/airflow/example_dags/example_bash_operator.py for tasks to queue
[2021-11-28 10:08:52,572] {logging_mixin.py:109} INFO - [2021-11-28 10:08:52,572] {dagbag.py:500} INFO - Filling up the DagBag from /home/airflow/.local/lib/python3.7/site-packages/airflow/example_dags/example_bash_operator.py
[2021-11-28 10:08:52,664] {processor.py:637} INFO - DAG(s) dict_keys(['example_bash_operator']) retrieved from /home/airflow/.local/lib/python3.7/site-packages/airflow/example_dags/example_bash_operator.py
[2021-11-28 10:08:52,671] {logging_mixin.py:109} INFO - [2021-11-28 10:08:52,671] {dag.py:2396} INFO - Sync 1 DAGs
[2021-11-28 10:08:52,683] {logging_mixin.py:109} INFO - [2021-11-28 10:08:52,683] {dag.py:2928} INFO - Setting next_dagrun for example_bash_operator to 2021-11-27 00:00:00+00:00
[2021-11-28 10:08:52,691] {processor.py:171} INFO - Processing /home/airflow/.local/lib/python3.7/site-packages/airflow/example_dags/example_bash_operator.py took 0.122 seconds
[2021-11-28 10:09:23,398] {processor.py:163} INFO - Started process (PID=1245) to work on /home/airflow/.local/lib/python3.7/site-packages/airflow/example_dags/example_bash_operator.py
[2021-11-28 10:09:23,399] {processor.py:625} INFO - Processing file /home/airflow/.local/lib/python3.7/site-packages/airflow/example_dags/example_bash_operator.py for tasks to queue
[2021-11-28 10:09:23,400] {logging_mixin.py:109} INFO - [2021-11-28 10:09:23,400] {dagbag.py:500} INFO - Filling up the DagBag from /home/airflow/.local/lib/python3.7/site-packages/airflow/example_dags/example_bash_operator.py
[2021-11-28 10:09:23,498] {processor.py:637} INFO - DAG(s) dict_keys(['example_bash_operator']) retrieved from /home/airflow/.local/lib/python3.7/site-packages/airflow/example_dags/example_bash_operator.py
[2021-11-28 10:09:23,505] {logging_mixin.py:109} INFO - [2021-11-28 10:09:23,505] {dag.py:2396} INFO - Sync 1 DAGs
[2021-11-28 10:09:23,516] {logging_mixin.py:109} INFO - [2021-11-28 10:09:23,516] {dag.py:2928} INFO - Setting next_dagrun for example_bash_operator to 2021-11-27 00:00:00+00:00
[2021-11-28 10:09:23,524] {processor.py:171} INFO - Processing /home/airflow/.local/lib/python3.7/site-packages/airflow/example_dags/example_bash_operator.py took 0.128 seconds
[2021-11-28 10:09:53,976] {processor.py:163} INFO - Started process (PID=1296) to work on /home/airflow/.local/lib/python3.7/site-packages/airflow/example_dags/example_bash_operator.py
[2021-11-28 10:09:53,977] {processor.py:625} INFO - Processing file /home/airflow/.local/lib/python3.7/site-packages/airflow/example_dags/example_bash_operator.py for tasks to queue
[2021-11-28 10:09:53,977] {logging_mixin.py:109} INFO - [2021-11-28 10:09:53,977] {dagbag.py:500} INFO - Filling up the DagBag from /home/airflow/.local/lib/python3.7/site-packages/airflow/example_dags/example_bash_operator.py
[2021-11-28 10:09:54,074] {processor.py:637} INFO - DAG(s) dict_keys(['example_bash_operator']) retrieved from /home/airflow/.local/lib/python3.7/site-packages/airflow/example_dags/example_bash_operator.py
[2021-11-28 10:09:54,083] {logging_mixin.py:109} INFO - [2021-11-28 10:09:54,083] {dag.py:2396} INFO - Sync 1 DAGs
[2021-11-28 10:09:54,098] {logging_mixin.py:109} INFO - [2021-11-28 10:09:54,097] {dag.py:2928} INFO - Setting next_dagrun for example_bash_operator to 2021-11-27 00:00:00+00:00
[2021-11-28 10:09:54,107] {processor.py:171} INFO - Processing /home/airflow/.local/lib/python3.7/site-packages/airflow/example_dags/example_bash_operator.py took 0.133 seconds
[2021-11-28 10:10:24,740] {processor.py:163} INFO - Started process (PID=1356) to work on /home/airflow/.local/lib/python3.7/site-packages/airflow/example_dags/example_bash_operator.py
[2021-11-28 10:10:24,741] {processor.py:625} INFO - Processing file /home/airflow/.local/lib/python3.7/site-packages/airflow/example_dags/example_bash_operator.py for tasks to queue
[2021-11-28 10:10:24,741] {logging_mixin.py:109} INFO - [2021-11-28 10:10:24,741] {dagbag.py:500} INFO - Filling up the DagBag from /home/airflow/.local/lib/python3.7/site-packages/airflow/example_dags/example_bash_operator.py
[2021-11-28 10:10:24,824] {processor.py:637} INFO - DAG(s) dict_keys(['example_bash_operator']) retrieved from /home/airflow/.local/lib/python3.7/site-packages/airflow/example_dags/example_bash_operator.py
[2021-11-28 10:10:24,831] {logging_mixin.py:109} INFO - [2021-11-28 10:10:24,831] {dag.py:2396} INFO - Sync 1 DAGs
[2021-11-28 10:10:24,842] {logging_mixin.py:109} INFO - [2021-11-28 10:10:24,842] {dag.py:2928} INFO - Setting next_dagrun for example_bash_operator to 2021-11-27 00:00:00+00:00
[2021-11-28 10:10:24,850] {processor.py:171} INFO - Processing /home/airflow/.local/lib/python3.7/site-packages/airflow/example_dags/example_bash_operator.py took 0.112 seconds
[2021-11-28 10:10:55,792] {processor.py:163} INFO - Started process (PID=1416) to work on /home/airflow/.local/lib/python3.7/site-packages/airflow/example_dags/example_bash_operator.py
[2021-11-28 10:10:55,793] {processor.py:625} INFO - Processing file /home/airflow/.local/lib/python3.7/site-packages/airflow/example_dags/example_bash_operator.py for tasks to queue
[2021-11-28 10:10:55,793] {logging_mixin.py:109} INFO - [2021-11-28 10:10:55,793] {dagbag.py:500} INFO - Filling up the DagBag from /home/airflow/.local/lib/python3.7/site-packages/airflow/example_dags/example_bash_operator.py
[2021-11-28 10:10:55,812] {processor.py:637} INFO - DAG(s) dict_keys(['example_bash_operator']) retrieved from /home/airflow/.local/lib/python3.7/site-packages/airflow/example_dags/example_bash_operator.py
[2021-11-28 10:10:55,824] {logging_mixin.py:109} INFO - [2021-11-28 10:10:55,824] {dag.py:2396} INFO - Sync 1 DAGs
[2021-11-28 10:10:55,842] {logging_mixin.py:109} INFO - [2021-11-28 10:10:55,842] {dag.py:2928} INFO - Setting next_dagrun for example_bash_operator to 2021-11-27 00:00:00+00:00
[2021-11-28 10:10:55,853] {processor.py:171} INFO - Processing /home/airflow/.local/lib/python3.7/site-packages/airflow/example_dags/example_bash_operator.py took 0.062 seconds
[2021-11-28 10:11:26,467] {processor.py:163} INFO - Started process (PID=1467) to work on /home/airflow/.local/lib/python3.7/site-packages/airflow/example_dags/example_bash_operator.py
[2021-11-28 10:11:26,468] {processor.py:625} INFO - Processing file /home/airflow/.local/lib/python3.7/site-packages/airflow/example_dags/example_bash_operator.py for tasks to queue
[2021-11-28 10:11:26,469] {logging_mixin.py:109} INFO - [2021-11-28 10:11:26,469] {dagbag.py:500} INFO - Filling up the DagBag from /home/airflow/.local/lib/python3.7/site-packages/airflow/example_dags/example_bash_operator.py
[2021-11-28 10:11:26,501] {processor.py:637} INFO - DAG(s) dict_keys(['example_bash_operator']) retrieved from /home/airflow/.local/lib/python3.7/site-packages/airflow/example_dags/example_bash_operator.py
[2021-11-28 10:11:26,517] {logging_mixin.py:109} INFO - [2021-11-28 10:11:26,517] {dag.py:2396} INFO - Sync 1 DAGs
[2021-11-28 10:11:26,533] {logging_mixin.py:109} INFO - [2021-11-28 10:11:26,533] {dag.py:2928} INFO - Setting next_dagrun for example_bash_operator to 2021-11-27 00:00:00+00:00
[2021-11-28 10:11:26,543] {processor.py:171} INFO - Processing /home/airflow/.local/lib/python3.7/site-packages/airflow/example_dags/example_bash_operator.py took 0.079 seconds
[2021-11-28 10:11:57,263] {processor.py:163} INFO - Started process (PID=1527) to work on /home/airflow/.local/lib/python3.7/site-packages/airflow/example_dags/example_bash_operator.py
[2021-11-28 10:11:57,264] {processor.py:625} INFO - Processing file /home/airflow/.local/lib/python3.7/site-packages/airflow/example_dags/example_bash_operator.py for tasks to queue
[2021-11-28 10:11:57,265] {logging_mixin.py:109} INFO - [2021-11-28 10:11:57,265] {dagbag.py:500} INFO - Filling up the DagBag from /home/airflow/.local/lib/python3.7/site-packages/airflow/example_dags/example_bash_operator.py
[2021-11-28 10:11:57,293] {processor.py:637} INFO - DAG(s) dict_keys(['example_bash_operator']) retrieved from /home/airflow/.local/lib/python3.7/site-packages/airflow/example_dags/example_bash_operator.py
[2021-11-28 10:11:57,305] {logging_mixin.py:109} INFO - [2021-11-28 10:11:57,305] {dag.py:2396} INFO - Sync 1 DAGs
[2021-11-28 10:11:57,326] {logging_mixin.py:109} INFO - [2021-11-28 10:11:57,326] {dag.py:2928} INFO - Setting next_dagrun for example_bash_operator to 2021-11-27 00:00:00+00:00
[2021-11-28 10:11:57,336] {processor.py:171} INFO - Processing /home/airflow/.local/lib/python3.7/site-packages/airflow/example_dags/example_bash_operator.py took 0.075 seconds
[2021-11-28 10:12:27,928] {processor.py:163} INFO - Started process (PID=1578) to work on /home/airflow/.local/lib/python3.7/site-packages/airflow/example_dags/example_bash_operator.py
[2021-11-28 10:12:27,929] {processor.py:625} INFO - Processing file /home/airflow/.local/lib/python3.7/site-packages/airflow/example_dags/example_bash_operator.py for tasks to queue
[2021-11-28 10:12:27,930] {logging_mixin.py:109} INFO - [2021-11-28 10:12:27,930] {dagbag.py:500} INFO - Filling up the DagBag from /home/airflow/.local/lib/python3.7/site-packages/airflow/example_dags/example_bash_operator.py
[2021-11-28 10:12:27,958] {processor.py:637} INFO - DAG(s) dict_keys(['example_bash_operator']) retrieved from /home/airflow/.local/lib/python3.7/site-packages/airflow/example_dags/example_bash_operator.py
[2021-11-28 10:12:27,969] {logging_mixin.py:109} INFO - [2021-11-28 10:12:27,969] {dag.py:2396} INFO - Sync 1 DAGs
[2021-11-28 10:12:27,984] {logging_mixin.py:109} INFO - [2021-11-28 10:12:27,984] {dag.py:2928} INFO - Setting next_dagrun for example_bash_operator to 2021-11-27 00:00:00+00:00
[2021-11-28 10:12:27,992] {processor.py:171} INFO - Processing /home/airflow/.local/lib/python3.7/site-packages/airflow/example_dags/example_bash_operator.py took 0.066 seconds
[2021-11-28 10:12:58,791] {processor.py:163} INFO - Started process (PID=1638) to work on /home/airflow/.local/lib/python3.7/site-packages/airflow/example_dags/example_bash_operator.py
[2021-11-28 10:12:58,793] {processor.py:625} INFO - Processing file /home/airflow/.local/lib/python3.7/site-packages/airflow/example_dags/example_bash_operator.py for tasks to queue
[2021-11-28 10:12:58,793] {logging_mixin.py:109} INFO - [2021-11-28 10:12:58,793] {dagbag.py:500} INFO - Filling up the DagBag from /home/airflow/.local/lib/python3.7/site-packages/airflow/example_dags/example_bash_operator.py
[2021-11-28 10:12:58,822] {processor.py:637} INFO - DAG(s) dict_keys(['example_bash_operator']) retrieved from /home/airflow/.local/lib/python3.7/site-packages/airflow/example_dags/example_bash_operator.py
[2021-11-28 10:12:58,834] {logging_mixin.py:109} INFO - [2021-11-28 10:12:58,834] {dag.py:2396} INFO - Sync 1 DAGs
[2021-11-28 10:12:58,854] {logging_mixin.py:109} INFO - [2021-11-28 10:12:58,853] {dag.py:2928} INFO - Setting next_dagrun for example_bash_operator to 2021-11-27 00:00:00+00:00
[2021-11-28 10:12:58,864] {processor.py:171} INFO - Processing /home/airflow/.local/lib/python3.7/site-packages/airflow/example_dags/example_bash_operator.py took 0.076 seconds
[2021-11-28 10:13:29,541] {processor.py:163} INFO - Started process (PID=1698) to work on /home/airflow/.local/lib/python3.7/site-packages/airflow/example_dags/example_bash_operator.py
[2021-11-28 10:13:29,543] {processor.py:625} INFO - Processing file /home/airflow/.local/lib/python3.7/site-packages/airflow/example_dags/example_bash_operator.py for tasks to queue
[2021-11-28 10:13:29,543] {logging_mixin.py:109} INFO - [2021-11-28 10:13:29,543] {dagbag.py:500} INFO - Filling up the DagBag from /home/airflow/.local/lib/python3.7/site-packages/airflow/example_dags/example_bash_operator.py
[2021-11-28 10:13:29,566] {processor.py:637} INFO - DAG(s) dict_keys(['example_bash_operator']) retrieved from /home/airflow/.local/lib/python3.7/site-packages/airflow/example_dags/example_bash_operator.py
[2021-11-28 10:13:29,577] {logging_mixin.py:109} INFO - [2021-11-28 10:13:29,577] {dag.py:2396} INFO - Sync 1 DAGs
[2021-11-28 10:13:29,595] {logging_mixin.py:109} INFO - [2021-11-28 10:13:29,594] {dag.py:2928} INFO - Setting next_dagrun for example_bash_operator to 2021-11-27 00:00:00+00:00
[2021-11-28 10:13:29,605] {processor.py:171} INFO - Processing /home/airflow/.local/lib/python3.7/site-packages/airflow/example_dags/example_bash_operator.py took 0.067 seconds
[2021-11-28 10:14:00,364] {processor.py:163} INFO - Started process (PID=1749) to work on /home/airflow/.local/lib/python3.7/site-packages/airflow/example_dags/example_bash_operator.py
[2021-11-28 10:14:00,365] {processor.py:625} INFO - Processing file /home/airflow/.local/lib/python3.7/site-packages/airflow/example_dags/example_bash_operator.py for tasks to queue
[2021-11-28 10:14:00,366] {logging_mixin.py:109} INFO - [2021-11-28 10:14:00,365] {dagbag.py:500} INFO - Filling up the DagBag from /home/airflow/.local/lib/python3.7/site-packages/airflow/example_dags/example_bash_operator.py
[2021-11-28 10:14:00,395] {processor.py:637} INFO - DAG(s) dict_keys(['example_bash_operator']) retrieved from /home/airflow/.local/lib/python3.7/site-packages/airflow/example_dags/example_bash_operator.py
[2021-11-28 10:14:00,407] {logging_mixin.py:109} INFO - [2021-11-28 10:14:00,406] {dag.py:2396} INFO - Sync 1 DAGs
[2021-11-28 10:14:00,427] {logging_mixin.py:109} INFO - [2021-11-28 10:14:00,427] {dag.py:2928} INFO - Setting next_dagrun for example_bash_operator to 2021-11-27 00:00:00+00:00
[2021-11-28 10:14:00,439] {processor.py:171} INFO - Processing /home/airflow/.local/lib/python3.7/site-packages/airflow/example_dags/example_bash_operator.py took 0.078 seconds
[2021-11-28 10:14:31,135] {processor.py:163} INFO - Started process (PID=1810) to work on /home/airflow/.local/lib/python3.7/site-packages/airflow/example_dags/example_bash_operator.py
[2021-11-28 10:14:31,137] {processor.py:625} INFO - Processing file /home/airflow/.local/lib/python3.7/site-packages/airflow/example_dags/example_bash_operator.py for tasks to queue
[2021-11-28 10:14:31,137] {logging_mixin.py:109} INFO - [2021-11-28 10:14:31,137] {dagbag.py:500} INFO - Filling up the DagBag from /home/airflow/.local/lib/python3.7/site-packages/airflow/example_dags/example_bash_operator.py
[2021-11-28 10:14:31,166] {processor.py:637} INFO - DAG(s) dict_keys(['example_bash_operator']) retrieved from /home/airflow/.local/lib/python3.7/site-packages/airflow/example_dags/example_bash_operator.py
[2021-11-28 10:14:31,174] {logging_mixin.py:109} INFO - [2021-11-28 10:14:31,174] {dag.py:2396} INFO - Sync 1 DAGs
[2021-11-28 10:14:31,186] {logging_mixin.py:109} INFO - [2021-11-28 10:14:31,186] {dag.py:2928} INFO - Setting next_dagrun for example_bash_operator to 2021-11-27 00:00:00+00:00
[2021-11-28 10:14:31,194] {processor.py:171} INFO - Processing /home/airflow/.local/lib/python3.7/site-packages/airflow/example_dags/example_bash_operator.py took 0.061 seconds
[2021-11-28 10:15:01,886] {processor.py:163} INFO - Started process (PID=1861) to work on /home/airflow/.local/lib/python3.7/site-packages/airflow/example_dags/example_bash_operator.py
[2021-11-28 10:15:01,887] {processor.py:625} INFO - Processing file /home/airflow/.local/lib/python3.7/site-packages/airflow/example_dags/example_bash_operator.py for tasks to queue
[2021-11-28 10:15:01,888] {logging_mixin.py:109} INFO - [2021-11-28 10:15:01,888] {dagbag.py:500} INFO - Filling up the DagBag from /home/airflow/.local/lib/python3.7/site-packages/airflow/example_dags/example_bash_operator.py
[2021-11-28 10:15:01,917] {processor.py:637} INFO - DAG(s) dict_keys(['example_bash_operator']) retrieved from /home/airflow/.local/lib/python3.7/site-packages/airflow/example_dags/example_bash_operator.py
[2021-11-28 10:15:01,928] {logging_mixin.py:109} INFO - [2021-11-28 10:15:01,928] {dag.py:2396} INFO - Sync 1 DAGs
[2021-11-28 10:15:01,948] {logging_mixin.py:109} INFO - [2021-11-28 10:15:01,948] {dag.py:2928} INFO - Setting next_dagrun for example_bash_operator to 2021-11-27 00:00:00+00:00
[2021-11-28 10:15:01,961] {processor.py:171} INFO - Processing /home/airflow/.local/lib/python3.7/site-packages/airflow/example_dags/example_bash_operator.py took 0.078 seconds
[2021-11-28 10:15:32,587] {processor.py:163} INFO - Started process (PID=1921) to work on /home/airflow/.local/lib/python3.7/site-packages/airflow/example_dags/example_bash_operator.py
[2021-11-28 10:15:32,588] {processor.py:625} INFO - Processing file /home/airflow/.local/lib/python3.7/site-packages/airflow/example_dags/example_bash_operator.py for tasks to queue
[2021-11-28 10:15:32,589] {logging_mixin.py:109} INFO - [2021-11-28 10:15:32,588] {dagbag.py:500} INFO - Filling up the DagBag from /home/airflow/.local/lib/python3.7/site-packages/airflow/example_dags/example_bash_operator.py
[2021-11-28 10:15:32,618] {processor.py:637} INFO - DAG(s) dict_keys(['example_bash_operator']) retrieved from /home/airflow/.local/lib/python3.7/site-packages/airflow/example_dags/example_bash_operator.py
[2021-11-28 10:15:32,630] {logging_mixin.py:109} INFO - [2021-11-28 10:15:32,630] {dag.py:2396} INFO - Sync 1 DAGs
[2021-11-28 10:15:32,650] {logging_mixin.py:109} INFO - [2021-11-28 10:15:32,650] {dag.py:2928} INFO - Setting next_dagrun for example_bash_operator to 2021-11-27 00:00:00+00:00
[2021-11-28 10:15:32,659] {processor.py:171} INFO - Processing /home/airflow/.local/lib/python3.7/site-packages/airflow/example_dags/example_bash_operator.py took 0.074 seconds
[2021-11-28 10:16:03,310] {processor.py:163} INFO - Started process (PID=1982) to work on /home/airflow/.local/lib/python3.7/site-packages/airflow/example_dags/example_bash_operator.py
[2021-11-28 10:16:03,311] {processor.py:625} INFO - Processing file /home/airflow/.local/lib/python3.7/site-packages/airflow/example_dags/example_bash_operator.py for tasks to queue
[2021-11-28 10:16:03,312] {logging_mixin.py:109} INFO - [2021-11-28 10:16:03,312] {dagbag.py:500} INFO - Filling up the DagBag from /home/airflow/.local/lib/python3.7/site-packages/airflow/example_dags/example_bash_operator.py
[2021-11-28 10:16:03,334] {processor.py:637} INFO - DAG(s) dict_keys(['example_bash_operator']) retrieved from /home/airflow/.local/lib/python3.7/site-packages/airflow/example_dags/example_bash_operator.py
[2021-11-28 10:16:03,342] {logging_mixin.py:109} INFO - [2021-11-28 10:16:03,342] {dag.py:2396} INFO - Sync 1 DAGs
[2021-11-28 10:16:03,356] {logging_mixin.py:109} INFO - [2021-11-28 10:16:03,356] {dag.py:2928} INFO - Setting next_dagrun for example_bash_operator to 2021-11-27 00:00:00+00:00
[2021-11-28 10:16:03,364] {processor.py:171} INFO - Processing /home/airflow/.local/lib/python3.7/site-packages/airflow/example_dags/example_bash_operator.py took 0.057 seconds
[2021-11-28 10:16:34,058] {processor.py:163} INFO - Started process (PID=2033) to work on /home/airflow/.local/lib/python3.7/site-packages/airflow/example_dags/example_bash_operator.py
[2021-11-28 10:16:34,059] {processor.py:625} INFO - Processing file /home/airflow/.local/lib/python3.7/site-packages/airflow/example_dags/example_bash_operator.py for tasks to queue
[2021-11-28 10:16:34,059] {logging_mixin.py:109} INFO - [2021-11-28 10:16:34,059] {dagbag.py:500} INFO - Filling up the DagBag from /home/airflow/.local/lib/python3.7/site-packages/airflow/example_dags/example_bash_operator.py
[2021-11-28 10:16:34,083] {processor.py:637} INFO - DAG(s) dict_keys(['example_bash_operator']) retrieved from /home/airflow/.local/lib/python3.7/site-packages/airflow/example_dags/example_bash_operator.py
[2021-11-28 10:16:34,094] {logging_mixin.py:109} INFO - [2021-11-28 10:16:34,094] {dag.py:2396} INFO - Sync 1 DAGs
[2021-11-28 10:16:34,115] {logging_mixin.py:109} INFO - [2021-11-28 10:16:34,115] {dag.py:2928} INFO - Setting next_dagrun for example_bash_operator to 2021-11-27 00:00:00+00:00
[2021-11-28 10:16:34,126] {processor.py:171} INFO - Processing /home/airflow/.local/lib/python3.7/site-packages/airflow/example_dags/example_bash_operator.py took 0.070 seconds
[2021-11-28 10:17:04,767] {processor.py:163} INFO - Started process (PID=2093) to work on /home/airflow/.local/lib/python3.7/site-packages/airflow/example_dags/example_bash_operator.py
[2021-11-28 10:17:04,768] {processor.py:625} INFO - Processing file /home/airflow/.local/lib/python3.7/site-packages/airflow/example_dags/example_bash_operator.py for tasks to queue
[2021-11-28 10:17:04,769] {logging_mixin.py:109} INFO - [2021-11-28 10:17:04,769] {dagbag.py:500} INFO - Filling up the DagBag from /home/airflow/.local/lib/python3.7/site-packages/airflow/example_dags/example_bash_operator.py
[2021-11-28 10:17:04,803] {processor.py:637} INFO - DAG(s) dict_keys(['example_bash_operator']) retrieved from /home/airflow/.local/lib/python3.7/site-packages/airflow/example_dags/example_bash_operator.py
[2021-11-28 10:17:04,817] {logging_mixin.py:109} INFO - [2021-11-28 10:17:04,817] {dag.py:2396} INFO - Sync 1 DAGs
[2021-11-28 10:17:04,833] {logging_mixin.py:109} INFO - [2021-11-28 10:17:04,833] {dag.py:2928} INFO - Setting next_dagrun for example_bash_operator to 2021-11-27 00:00:00+00:00
[2021-11-28 10:17:04,842] {processor.py:171} INFO - Processing /home/airflow/.local/lib/python3.7/site-packages/airflow/example_dags/example_bash_operator.py took 0.077 seconds
[2021-11-28 10:17:35,451] {processor.py:163} INFO - Started process (PID=2144) to work on /home/airflow/.local/lib/python3.7/site-packages/airflow/example_dags/example_bash_operator.py
[2021-11-28 10:17:35,452] {processor.py:625} INFO - Processing file /home/airflow/.local/lib/python3.7/site-packages/airflow/example_dags/example_bash_operator.py for tasks to queue
[2021-11-28 10:17:35,453] {logging_mixin.py:109} INFO - [2021-11-28 10:17:35,453] {dagbag.py:500} INFO - Filling up the DagBag from /home/airflow/.local/lib/python3.7/site-packages/airflow/example_dags/example_bash_operator.py
[2021-11-28 10:17:35,481] {processor.py:637} INFO - DAG(s) dict_keys(['example_bash_operator']) retrieved from /home/airflow/.local/lib/python3.7/site-packages/airflow/example_dags/example_bash_operator.py
[2021-11-28 10:17:35,493] {logging_mixin.py:109} INFO - [2021-11-28 10:17:35,493] {dag.py:2396} INFO - Sync 1 DAGs
[2021-11-28 10:17:35,512] {logging_mixin.py:109} INFO - [2021-11-28 10:17:35,512] {dag.py:2928} INFO - Setting next_dagrun for example_bash_operator to 2021-11-27 00:00:00+00:00
[2021-11-28 10:17:35,522] {processor.py:171} INFO - Processing /home/airflow/.local/lib/python3.7/site-packages/airflow/example_dags/example_bash_operator.py took 0.074 seconds
