[2021-11-28 09:45:01,056] {processor.py:163} INFO - Started process (PID=257) to work on /home/airflow/.local/lib/python3.7/site-packages/airflow/example_dags/example_branch_python_dop_operator_3.py
[2021-11-28 09:45:01,057] {processor.py:625} INFO - Processing file /home/airflow/.local/lib/python3.7/site-packages/airflow/example_dags/example_branch_python_dop_operator_3.py for tasks to queue
[2021-11-28 09:45:01,057] {logging_mixin.py:109} INFO - [2021-11-28 09:45:01,057] {dagbag.py:500} INFO - Filling up the DagBag from /home/airflow/.local/lib/python3.7/site-packages/airflow/example_dags/example_branch_python_dop_operator_3.py
[2021-11-28 09:45:01,089] {processor.py:637} INFO - DAG(s) dict_keys(['example_branch_dop_operator_v3']) retrieved from /home/airflow/.local/lib/python3.7/site-packages/airflow/example_dags/example_branch_python_dop_operator_3.py
[2021-11-28 09:45:02,193] {logging_mixin.py:109} INFO - [2021-11-28 09:45:02,193] {providers_manager.py:156} WARNING - Exception when importing 'airflow.providers.google.leveldb.hooks.leveldb.LevelDBHook' from 'apache-airflow-providers-google' package: No module named 'plyvel'
[2021-11-28 09:45:02,478] {logging_mixin.py:109} INFO - [2021-11-28 09:45:02,477] {providers_manager.py:156} WARNING - Exception when importing 'airflow.providers.google.leveldb.hooks.leveldb.LevelDBHook' from 'apache-airflow-providers-google' package: No module named 'plyvel'
[2021-11-28 09:45:02,498] {logging_mixin.py:109} INFO - [2021-11-28 09:45:02,498] {manager.py:496} INFO - Created Permission View: can read on DAG:example_branch_dop_operator_v3
[2021-11-28 09:45:02,507] {logging_mixin.py:109} INFO - [2021-11-28 09:45:02,507] {manager.py:496} INFO - Created Permission View: can edit on DAG:example_branch_dop_operator_v3
[2021-11-28 09:45:02,508] {logging_mixin.py:109} INFO - [2021-11-28 09:45:02,507] {dag.py:2396} INFO - Sync 1 DAGs
[2021-11-28 09:45:02,514] {logging_mixin.py:109} INFO - [2021-11-28 09:45:02,513] {dag.py:2415} INFO - Creating ORM DAG for example_branch_dop_operator_v3
[2021-11-28 09:45:02,524] {logging_mixin.py:109} INFO - [2021-11-28 09:45:02,524] {dag.py:2928} INFO - Setting next_dagrun for example_branch_dop_operator_v3 to 2021-11-28T09:44:00+00:00
[2021-11-28 09:45:02,537] {processor.py:171} INFO - Processing /home/airflow/.local/lib/python3.7/site-packages/airflow/example_dags/example_branch_python_dop_operator_3.py took 1.484 seconds
[2021-11-28 09:45:32,582] {processor.py:163} INFO - Started process (PID=489) to work on /home/airflow/.local/lib/python3.7/site-packages/airflow/example_dags/example_branch_python_dop_operator_3.py
[2021-11-28 09:45:32,583] {processor.py:625} INFO - Processing file /home/airflow/.local/lib/python3.7/site-packages/airflow/example_dags/example_branch_python_dop_operator_3.py for tasks to queue
[2021-11-28 09:45:32,583] {logging_mixin.py:109} INFO - [2021-11-28 09:45:32,583] {dagbag.py:500} INFO - Filling up the DagBag from /home/airflow/.local/lib/python3.7/site-packages/airflow/example_dags/example_branch_python_dop_operator_3.py
[2021-11-28 09:45:32,603] {processor.py:637} INFO - DAG(s) dict_keys(['example_branch_dop_operator_v3']) retrieved from /home/airflow/.local/lib/python3.7/site-packages/airflow/example_dags/example_branch_python_dop_operator_3.py
[2021-11-28 09:45:32,613] {logging_mixin.py:109} INFO - [2021-11-28 09:45:32,613] {dag.py:2396} INFO - Sync 1 DAGs
[2021-11-28 09:45:32,638] {logging_mixin.py:109} INFO - [2021-11-28 09:45:32,638] {dag.py:2928} INFO - Setting next_dagrun for example_branch_dop_operator_v3 to 2021-11-28T09:44:00+00:00
[2021-11-28 09:45:32,649] {processor.py:171} INFO - Processing /home/airflow/.local/lib/python3.7/site-packages/airflow/example_dags/example_branch_python_dop_operator_3.py took 0.069 seconds
[2021-11-28 09:46:03,250] {processor.py:163} INFO - Started process (PID=549) to work on /home/airflow/.local/lib/python3.7/site-packages/airflow/example_dags/example_branch_python_dop_operator_3.py
[2021-11-28 09:46:03,251] {processor.py:625} INFO - Processing file /home/airflow/.local/lib/python3.7/site-packages/airflow/example_dags/example_branch_python_dop_operator_3.py for tasks to queue
[2021-11-28 09:46:03,252] {logging_mixin.py:109} INFO - [2021-11-28 09:46:03,252] {dagbag.py:500} INFO - Filling up the DagBag from /home/airflow/.local/lib/python3.7/site-packages/airflow/example_dags/example_branch_python_dop_operator_3.py
[2021-11-28 09:46:03,273] {processor.py:637} INFO - DAG(s) dict_keys(['example_branch_dop_operator_v3']) retrieved from /home/airflow/.local/lib/python3.7/site-packages/airflow/example_dags/example_branch_python_dop_operator_3.py
[2021-11-28 09:46:03,280] {logging_mixin.py:109} INFO - [2021-11-28 09:46:03,280] {dag.py:2396} INFO - Sync 1 DAGs
[2021-11-28 09:46:03,295] {logging_mixin.py:109} INFO - [2021-11-28 09:46:03,295] {dag.py:2928} INFO - Setting next_dagrun for example_branch_dop_operator_v3 to 2021-11-28T09:45:00+00:00
[2021-11-28 09:46:03,303] {processor.py:171} INFO - Processing /home/airflow/.local/lib/python3.7/site-packages/airflow/example_dags/example_branch_python_dop_operator_3.py took 0.056 seconds
[2021-11-28 09:46:33,449] {processor.py:163} INFO - Started process (PID=600) to work on /home/airflow/.local/lib/python3.7/site-packages/airflow/example_dags/example_branch_python_dop_operator_3.py
[2021-11-28 09:46:33,450] {processor.py:625} INFO - Processing file /home/airflow/.local/lib/python3.7/site-packages/airflow/example_dags/example_branch_python_dop_operator_3.py for tasks to queue
[2021-11-28 09:46:33,450] {logging_mixin.py:109} INFO - [2021-11-28 09:46:33,450] {dagbag.py:500} INFO - Filling up the DagBag from /home/airflow/.local/lib/python3.7/site-packages/airflow/example_dags/example_branch_python_dop_operator_3.py
[2021-11-28 09:46:33,478] {processor.py:637} INFO - DAG(s) dict_keys(['example_branch_dop_operator_v3']) retrieved from /home/airflow/.local/lib/python3.7/site-packages/airflow/example_dags/example_branch_python_dop_operator_3.py
[2021-11-28 09:46:33,488] {logging_mixin.py:109} INFO - [2021-11-28 09:46:33,488] {dag.py:2396} INFO - Sync 1 DAGs
[2021-11-28 09:46:33,514] {logging_mixin.py:109} INFO - [2021-11-28 09:46:33,514] {dag.py:2928} INFO - Setting next_dagrun for example_branch_dop_operator_v3 to 2021-11-28T09:45:00+00:00
[2021-11-28 09:46:33,524] {processor.py:171} INFO - Processing /home/airflow/.local/lib/python3.7/site-packages/airflow/example_dags/example_branch_python_dop_operator_3.py took 0.078 seconds
[2021-11-28 09:48:49,849] {processor.py:163} INFO - Started process (PID=47) to work on /home/airflow/.local/lib/python3.7/site-packages/airflow/example_dags/example_branch_python_dop_operator_3.py
[2021-11-28 09:48:49,850] {processor.py:625} INFO - Processing file /home/airflow/.local/lib/python3.7/site-packages/airflow/example_dags/example_branch_python_dop_operator_3.py for tasks to queue
[2021-11-28 09:48:49,850] {logging_mixin.py:109} INFO - [2021-11-28 09:48:49,850] {dagbag.py:500} INFO - Filling up the DagBag from /home/airflow/.local/lib/python3.7/site-packages/airflow/example_dags/example_branch_python_dop_operator_3.py
[2021-11-28 09:48:49,868] {processor.py:637} INFO - DAG(s) dict_keys(['example_branch_dop_operator_v3']) retrieved from /home/airflow/.local/lib/python3.7/site-packages/airflow/example_dags/example_branch_python_dop_operator_3.py
[2021-11-28 09:48:49,874] {logging_mixin.py:109} INFO - [2021-11-28 09:48:49,874] {dag.py:2396} INFO - Sync 1 DAGs
[2021-11-28 09:48:49,893] {logging_mixin.py:109} INFO - [2021-11-28 09:48:49,893] {dag.py:2928} INFO - Setting next_dagrun for example_branch_dop_operator_v3 to 2021-11-28T09:47:00+00:00
[2021-11-28 09:48:49,904] {processor.py:171} INFO - Processing /home/airflow/.local/lib/python3.7/site-packages/airflow/example_dags/example_branch_python_dop_operator_3.py took 0.057 seconds
[2021-11-28 09:49:21,016] {processor.py:163} INFO - Started process (PID=107) to work on /home/airflow/.local/lib/python3.7/site-packages/airflow/example_dags/example_branch_python_dop_operator_3.py
[2021-11-28 09:49:21,017] {processor.py:625} INFO - Processing file /home/airflow/.local/lib/python3.7/site-packages/airflow/example_dags/example_branch_python_dop_operator_3.py for tasks to queue
[2021-11-28 09:49:21,018] {logging_mixin.py:109} INFO - [2021-11-28 09:49:21,018] {dagbag.py:500} INFO - Filling up the DagBag from /home/airflow/.local/lib/python3.7/site-packages/airflow/example_dags/example_branch_python_dop_operator_3.py
[2021-11-28 09:49:21,044] {processor.py:637} INFO - DAG(s) dict_keys(['example_branch_dop_operator_v3']) retrieved from /home/airflow/.local/lib/python3.7/site-packages/airflow/example_dags/example_branch_python_dop_operator_3.py
[2021-11-28 09:49:21,057] {logging_mixin.py:109} INFO - [2021-11-28 09:49:21,056] {dag.py:2396} INFO - Sync 1 DAGs
[2021-11-28 09:49:21,073] {logging_mixin.py:109} INFO - [2021-11-28 09:49:21,073] {dag.py:2928} INFO - Setting next_dagrun for example_branch_dop_operator_v3 to 2021-11-28T09:48:00+00:00
[2021-11-28 09:49:21,082] {processor.py:171} INFO - Processing /home/airflow/.local/lib/python3.7/site-packages/airflow/example_dags/example_branch_python_dop_operator_3.py took 0.068 seconds
[2021-11-28 09:49:52,086] {processor.py:163} INFO - Started process (PID=158) to work on /home/airflow/.local/lib/python3.7/site-packages/airflow/example_dags/example_branch_python_dop_operator_3.py
[2021-11-28 09:49:52,087] {processor.py:625} INFO - Processing file /home/airflow/.local/lib/python3.7/site-packages/airflow/example_dags/example_branch_python_dop_operator_3.py for tasks to queue
[2021-11-28 09:49:52,087] {logging_mixin.py:109} INFO - [2021-11-28 09:49:52,087] {dagbag.py:500} INFO - Filling up the DagBag from /home/airflow/.local/lib/python3.7/site-packages/airflow/example_dags/example_branch_python_dop_operator_3.py
[2021-11-28 09:49:52,112] {processor.py:637} INFO - DAG(s) dict_keys(['example_branch_dop_operator_v3']) retrieved from /home/airflow/.local/lib/python3.7/site-packages/airflow/example_dags/example_branch_python_dop_operator_3.py
[2021-11-28 09:49:52,119] {logging_mixin.py:109} INFO - [2021-11-28 09:49:52,119] {dag.py:2396} INFO - Sync 1 DAGs
[2021-11-28 09:49:52,146] {logging_mixin.py:109} INFO - [2021-11-28 09:49:52,146] {dag.py:2928} INFO - Setting next_dagrun for example_branch_dop_operator_v3 to 2021-11-28T09:48:00+00:00
[2021-11-28 09:49:52,155] {processor.py:171} INFO - Processing /home/airflow/.local/lib/python3.7/site-packages/airflow/example_dags/example_branch_python_dop_operator_3.py took 0.072 seconds
[2021-11-28 09:50:23,049] {processor.py:163} INFO - Started process (PID=218) to work on /home/airflow/.local/lib/python3.7/site-packages/airflow/example_dags/example_branch_python_dop_operator_3.py
[2021-11-28 09:50:23,050] {processor.py:625} INFO - Processing file /home/airflow/.local/lib/python3.7/site-packages/airflow/example_dags/example_branch_python_dop_operator_3.py for tasks to queue
[2021-11-28 09:50:23,050] {logging_mixin.py:109} INFO - [2021-11-28 09:50:23,050] {dagbag.py:500} INFO - Filling up the DagBag from /home/airflow/.local/lib/python3.7/site-packages/airflow/example_dags/example_branch_python_dop_operator_3.py
[2021-11-28 09:50:23,073] {processor.py:637} INFO - DAG(s) dict_keys(['example_branch_dop_operator_v3']) retrieved from /home/airflow/.local/lib/python3.7/site-packages/airflow/example_dags/example_branch_python_dop_operator_3.py
[2021-11-28 09:50:23,083] {logging_mixin.py:109} INFO - [2021-11-28 09:50:23,083] {dag.py:2396} INFO - Sync 1 DAGs
[2021-11-28 09:50:23,108] {logging_mixin.py:109} INFO - [2021-11-28 09:50:23,108] {dag.py:2928} INFO - Setting next_dagrun for example_branch_dop_operator_v3 to 2021-11-28T09:49:00+00:00
[2021-11-28 09:50:23,118] {processor.py:171} INFO - Processing /home/airflow/.local/lib/python3.7/site-packages/airflow/example_dags/example_branch_python_dop_operator_3.py took 0.071 seconds
[2021-11-28 09:50:54,102] {processor.py:163} INFO - Started process (PID=278) to work on /home/airflow/.local/lib/python3.7/site-packages/airflow/example_dags/example_branch_python_dop_operator_3.py
[2021-11-28 09:50:54,103] {processor.py:625} INFO - Processing file /home/airflow/.local/lib/python3.7/site-packages/airflow/example_dags/example_branch_python_dop_operator_3.py for tasks to queue
[2021-11-28 09:50:54,104] {logging_mixin.py:109} INFO - [2021-11-28 09:50:54,104] {dagbag.py:500} INFO - Filling up the DagBag from /home/airflow/.local/lib/python3.7/site-packages/airflow/example_dags/example_branch_python_dop_operator_3.py
[2021-11-28 09:50:54,129] {processor.py:637} INFO - DAG(s) dict_keys(['example_branch_dop_operator_v3']) retrieved from /home/airflow/.local/lib/python3.7/site-packages/airflow/example_dags/example_branch_python_dop_operator_3.py
[2021-11-28 09:50:54,140] {logging_mixin.py:109} INFO - [2021-11-28 09:50:54,140] {dag.py:2396} INFO - Sync 1 DAGs
[2021-11-28 09:50:54,164] {logging_mixin.py:109} INFO - [2021-11-28 09:50:54,164] {dag.py:2928} INFO - Setting next_dagrun for example_branch_dop_operator_v3 to 2021-11-28T09:49:00+00:00
[2021-11-28 09:50:54,173] {processor.py:171} INFO - Processing /home/airflow/.local/lib/python3.7/site-packages/airflow/example_dags/example_branch_python_dop_operator_3.py took 0.074 seconds
[2021-11-28 09:51:48,418] {processor.py:163} INFO - Started process (PID=46) to work on /home/airflow/.local/lib/python3.7/site-packages/airflow/example_dags/example_branch_python_dop_operator_3.py
[2021-11-28 09:51:48,420] {processor.py:625} INFO - Processing file /home/airflow/.local/lib/python3.7/site-packages/airflow/example_dags/example_branch_python_dop_operator_3.py for tasks to queue
[2021-11-28 09:51:48,420] {logging_mixin.py:109} INFO - [2021-11-28 09:51:48,420] {dagbag.py:500} INFO - Filling up the DagBag from /home/airflow/.local/lib/python3.7/site-packages/airflow/example_dags/example_branch_python_dop_operator_3.py
[2021-11-28 09:51:48,449] {processor.py:637} INFO - DAG(s) dict_keys(['example_branch_dop_operator_v3']) retrieved from /home/airflow/.local/lib/python3.7/site-packages/airflow/example_dags/example_branch_python_dop_operator_3.py
[2021-11-28 09:51:48,462] {logging_mixin.py:109} INFO - [2021-11-28 09:51:48,462] {dag.py:2396} INFO - Sync 1 DAGs
[2021-11-28 09:51:48,492] {logging_mixin.py:109} INFO - [2021-11-28 09:51:48,492] {dag.py:2928} INFO - Setting next_dagrun for example_branch_dop_operator_v3 to 2021-11-28T09:50:00+00:00
[2021-11-28 09:51:48,503] {processor.py:171} INFO - Processing /home/airflow/.local/lib/python3.7/site-packages/airflow/example_dags/example_branch_python_dop_operator_3.py took 0.088 seconds
[2021-11-28 09:52:18,728] {processor.py:163} INFO - Started process (PID=108) to work on /home/airflow/.local/lib/python3.7/site-packages/airflow/example_dags/example_branch_python_dop_operator_3.py
[2021-11-28 09:52:18,729] {processor.py:625} INFO - Processing file /home/airflow/.local/lib/python3.7/site-packages/airflow/example_dags/example_branch_python_dop_operator_3.py for tasks to queue
[2021-11-28 09:52:18,730] {logging_mixin.py:109} INFO - [2021-11-28 09:52:18,730] {dagbag.py:500} INFO - Filling up the DagBag from /home/airflow/.local/lib/python3.7/site-packages/airflow/example_dags/example_branch_python_dop_operator_3.py
[2021-11-28 09:52:18,757] {processor.py:637} INFO - DAG(s) dict_keys(['example_branch_dop_operator_v3']) retrieved from /home/airflow/.local/lib/python3.7/site-packages/airflow/example_dags/example_branch_python_dop_operator_3.py
[2021-11-28 09:52:18,765] {logging_mixin.py:109} INFO - [2021-11-28 09:52:18,764] {dag.py:2396} INFO - Sync 1 DAGs
[2021-11-28 09:52:18,784] {logging_mixin.py:109} INFO - [2021-11-28 09:52:18,784] {dag.py:2928} INFO - Setting next_dagrun for example_branch_dop_operator_v3 to 2021-11-28T09:51:00+00:00
[2021-11-28 09:52:18,794] {processor.py:171} INFO - Processing /home/airflow/.local/lib/python3.7/site-packages/airflow/example_dags/example_branch_python_dop_operator_3.py took 0.068 seconds
[2021-11-28 09:52:49,724] {processor.py:163} INFO - Started process (PID=159) to work on /home/airflow/.local/lib/python3.7/site-packages/airflow/example_dags/example_branch_python_dop_operator_3.py
[2021-11-28 09:52:49,725] {processor.py:625} INFO - Processing file /home/airflow/.local/lib/python3.7/site-packages/airflow/example_dags/example_branch_python_dop_operator_3.py for tasks to queue
[2021-11-28 09:52:49,725] {logging_mixin.py:109} INFO - [2021-11-28 09:52:49,725] {dagbag.py:500} INFO - Filling up the DagBag from /home/airflow/.local/lib/python3.7/site-packages/airflow/example_dags/example_branch_python_dop_operator_3.py
[2021-11-28 09:52:49,753] {processor.py:637} INFO - DAG(s) dict_keys(['example_branch_dop_operator_v3']) retrieved from /home/airflow/.local/lib/python3.7/site-packages/airflow/example_dags/example_branch_python_dop_operator_3.py
[2021-11-28 09:52:49,761] {logging_mixin.py:109} INFO - [2021-11-28 09:52:49,761] {dag.py:2396} INFO - Sync 1 DAGs
[2021-11-28 09:52:49,778] {logging_mixin.py:109} INFO - [2021-11-28 09:52:49,778] {dag.py:2928} INFO - Setting next_dagrun for example_branch_dop_operator_v3 to 2021-11-28T09:51:00+00:00
[2021-11-28 09:52:49,788] {processor.py:171} INFO - Processing /home/airflow/.local/lib/python3.7/site-packages/airflow/example_dags/example_branch_python_dop_operator_3.py took 0.068 seconds
[2021-11-28 09:58:34,073] {processor.py:163} INFO - Started process (PID=46) to work on /home/airflow/.local/lib/python3.7/site-packages/airflow/example_dags/example_branch_python_dop_operator_3.py
[2021-11-28 09:58:34,074] {processor.py:625} INFO - Processing file /home/airflow/.local/lib/python3.7/site-packages/airflow/example_dags/example_branch_python_dop_operator_3.py for tasks to queue
[2021-11-28 09:58:34,075] {logging_mixin.py:109} INFO - [2021-11-28 09:58:34,075] {dagbag.py:500} INFO - Filling up the DagBag from /home/airflow/.local/lib/python3.7/site-packages/airflow/example_dags/example_branch_python_dop_operator_3.py
[2021-11-28 09:58:34,100] {processor.py:637} INFO - DAG(s) dict_keys(['example_branch_dop_operator_v3']) retrieved from /home/airflow/.local/lib/python3.7/site-packages/airflow/example_dags/example_branch_python_dop_operator_3.py
[2021-11-28 09:58:34,107] {logging_mixin.py:109} INFO - [2021-11-28 09:58:34,107] {dag.py:2396} INFO - Sync 1 DAGs
[2021-11-28 09:58:34,125] {logging_mixin.py:109} INFO - [2021-11-28 09:58:34,125] {dag.py:2928} INFO - Setting next_dagrun for example_branch_dop_operator_v3 to 2021-11-28T09:57:00+00:00
[2021-11-28 09:58:34,136] {processor.py:171} INFO - Processing /home/airflow/.local/lib/python3.7/site-packages/airflow/example_dags/example_branch_python_dop_operator_3.py took 0.066 seconds
[2021-11-28 09:59:05,029] {processor.py:163} INFO - Started process (PID=106) to work on /home/airflow/.local/lib/python3.7/site-packages/airflow/example_dags/example_branch_python_dop_operator_3.py
[2021-11-28 09:59:05,030] {processor.py:625} INFO - Processing file /home/airflow/.local/lib/python3.7/site-packages/airflow/example_dags/example_branch_python_dop_operator_3.py for tasks to queue
[2021-11-28 09:59:05,030] {logging_mixin.py:109} INFO - [2021-11-28 09:59:05,030] {dagbag.py:500} INFO - Filling up the DagBag from /home/airflow/.local/lib/python3.7/site-packages/airflow/example_dags/example_branch_python_dop_operator_3.py
[2021-11-28 09:59:05,047] {processor.py:637} INFO - DAG(s) dict_keys(['example_branch_dop_operator_v3']) retrieved from /home/airflow/.local/lib/python3.7/site-packages/airflow/example_dags/example_branch_python_dop_operator_3.py
[2021-11-28 09:59:05,053] {logging_mixin.py:109} INFO - [2021-11-28 09:59:05,053] {dag.py:2396} INFO - Sync 1 DAGs
[2021-11-28 09:59:05,068] {logging_mixin.py:109} INFO - [2021-11-28 09:59:05,068] {dag.py:2928} INFO - Setting next_dagrun for example_branch_dop_operator_v3 to 2021-11-28T09:58:00+00:00
[2021-11-28 09:59:05,076] {processor.py:171} INFO - Processing /home/airflow/.local/lib/python3.7/site-packages/airflow/example_dags/example_branch_python_dop_operator_3.py took 0.048 seconds
[2021-11-28 09:59:35,878] {processor.py:163} INFO - Started process (PID=166) to work on /home/airflow/.local/lib/python3.7/site-packages/airflow/example_dags/example_branch_python_dop_operator_3.py
[2021-11-28 09:59:35,879] {processor.py:625} INFO - Processing file /home/airflow/.local/lib/python3.7/site-packages/airflow/example_dags/example_branch_python_dop_operator_3.py for tasks to queue
[2021-11-28 09:59:35,879] {logging_mixin.py:109} INFO - [2021-11-28 09:59:35,879] {dagbag.py:500} INFO - Filling up the DagBag from /home/airflow/.local/lib/python3.7/site-packages/airflow/example_dags/example_branch_python_dop_operator_3.py
[2021-11-28 09:59:35,896] {processor.py:637} INFO - DAG(s) dict_keys(['example_branch_dop_operator_v3']) retrieved from /home/airflow/.local/lib/python3.7/site-packages/airflow/example_dags/example_branch_python_dop_operator_3.py
[2021-11-28 09:59:35,903] {logging_mixin.py:109} INFO - [2021-11-28 09:59:35,902] {dag.py:2396} INFO - Sync 1 DAGs
[2021-11-28 09:59:35,918] {logging_mixin.py:109} INFO - [2021-11-28 09:59:35,918] {dag.py:2928} INFO - Setting next_dagrun for example_branch_dop_operator_v3 to 2021-11-28T09:58:00+00:00
[2021-11-28 09:59:35,926] {processor.py:171} INFO - Processing /home/airflow/.local/lib/python3.7/site-packages/airflow/example_dags/example_branch_python_dop_operator_3.py took 0.050 seconds
[2021-11-28 10:00:06,794] {processor.py:163} INFO - Started process (PID=217) to work on /home/airflow/.local/lib/python3.7/site-packages/airflow/example_dags/example_branch_python_dop_operator_3.py
[2021-11-28 10:00:06,795] {processor.py:625} INFO - Processing file /home/airflow/.local/lib/python3.7/site-packages/airflow/example_dags/example_branch_python_dop_operator_3.py for tasks to queue
[2021-11-28 10:00:06,796] {logging_mixin.py:109} INFO - [2021-11-28 10:00:06,796] {dagbag.py:500} INFO - Filling up the DagBag from /home/airflow/.local/lib/python3.7/site-packages/airflow/example_dags/example_branch_python_dop_operator_3.py
[2021-11-28 10:00:06,822] {processor.py:637} INFO - DAG(s) dict_keys(['example_branch_dop_operator_v3']) retrieved from /home/airflow/.local/lib/python3.7/site-packages/airflow/example_dags/example_branch_python_dop_operator_3.py
[2021-11-28 10:00:06,833] {logging_mixin.py:109} INFO - [2021-11-28 10:00:06,833] {dag.py:2396} INFO - Sync 1 DAGs
[2021-11-28 10:00:06,860] {logging_mixin.py:109} INFO - [2021-11-28 10:00:06,860] {dag.py:2928} INFO - Setting next_dagrun for example_branch_dop_operator_v3 to 2021-11-28T09:59:00+00:00
[2021-11-28 10:00:06,869] {processor.py:171} INFO - Processing /home/airflow/.local/lib/python3.7/site-packages/airflow/example_dags/example_branch_python_dop_operator_3.py took 0.077 seconds
[2021-11-28 10:00:37,609] {processor.py:163} INFO - Started process (PID=277) to work on /home/airflow/.local/lib/python3.7/site-packages/airflow/example_dags/example_branch_python_dop_operator_3.py
[2021-11-28 10:00:37,610] {processor.py:625} INFO - Processing file /home/airflow/.local/lib/python3.7/site-packages/airflow/example_dags/example_branch_python_dop_operator_3.py for tasks to queue
[2021-11-28 10:00:37,610] {logging_mixin.py:109} INFO - [2021-11-28 10:00:37,610] {dagbag.py:500} INFO - Filling up the DagBag from /home/airflow/.local/lib/python3.7/site-packages/airflow/example_dags/example_branch_python_dop_operator_3.py
[2021-11-28 10:00:37,635] {processor.py:637} INFO - DAG(s) dict_keys(['example_branch_dop_operator_v3']) retrieved from /home/airflow/.local/lib/python3.7/site-packages/airflow/example_dags/example_branch_python_dop_operator_3.py
[2021-11-28 10:00:37,642] {logging_mixin.py:109} INFO - [2021-11-28 10:00:37,642] {dag.py:2396} INFO - Sync 1 DAGs
[2021-11-28 10:00:37,659] {logging_mixin.py:109} INFO - [2021-11-28 10:00:37,658] {dag.py:2928} INFO - Setting next_dagrun for example_branch_dop_operator_v3 to 2021-11-28T09:59:00+00:00
[2021-11-28 10:00:37,667] {processor.py:171} INFO - Processing /home/airflow/.local/lib/python3.7/site-packages/airflow/example_dags/example_branch_python_dop_operator_3.py took 0.061 seconds
[2021-11-28 10:01:08,570] {processor.py:163} INFO - Started process (PID=328) to work on /home/airflow/.local/lib/python3.7/site-packages/airflow/example_dags/example_branch_python_dop_operator_3.py
[2021-11-28 10:01:08,571] {processor.py:625} INFO - Processing file /home/airflow/.local/lib/python3.7/site-packages/airflow/example_dags/example_branch_python_dop_operator_3.py for tasks to queue
[2021-11-28 10:01:08,571] {logging_mixin.py:109} INFO - [2021-11-28 10:01:08,571] {dagbag.py:500} INFO - Filling up the DagBag from /home/airflow/.local/lib/python3.7/site-packages/airflow/example_dags/example_branch_python_dop_operator_3.py
[2021-11-28 10:01:08,602] {processor.py:637} INFO - DAG(s) dict_keys(['example_branch_dop_operator_v3']) retrieved from /home/airflow/.local/lib/python3.7/site-packages/airflow/example_dags/example_branch_python_dop_operator_3.py
[2021-11-28 10:01:08,611] {logging_mixin.py:109} INFO - [2021-11-28 10:01:08,611] {dag.py:2396} INFO - Sync 1 DAGs
[2021-11-28 10:01:08,628] {logging_mixin.py:109} INFO - [2021-11-28 10:01:08,628] {dag.py:2928} INFO - Setting next_dagrun for example_branch_dop_operator_v3 to 2021-11-28T10:00:00+00:00
[2021-11-28 10:01:08,638] {processor.py:171} INFO - Processing /home/airflow/.local/lib/python3.7/site-packages/airflow/example_dags/example_branch_python_dop_operator_3.py took 0.071 seconds
[2021-11-28 10:01:39,489] {processor.py:163} INFO - Started process (PID=388) to work on /home/airflow/.local/lib/python3.7/site-packages/airflow/example_dags/example_branch_python_dop_operator_3.py
[2021-11-28 10:01:39,490] {processor.py:625} INFO - Processing file /home/airflow/.local/lib/python3.7/site-packages/airflow/example_dags/example_branch_python_dop_operator_3.py for tasks to queue
[2021-11-28 10:01:39,490] {logging_mixin.py:109} INFO - [2021-11-28 10:01:39,490] {dagbag.py:500} INFO - Filling up the DagBag from /home/airflow/.local/lib/python3.7/site-packages/airflow/example_dags/example_branch_python_dop_operator_3.py
[2021-11-28 10:01:39,517] {processor.py:637} INFO - DAG(s) dict_keys(['example_branch_dop_operator_v3']) retrieved from /home/airflow/.local/lib/python3.7/site-packages/airflow/example_dags/example_branch_python_dop_operator_3.py
[2021-11-28 10:01:39,528] {logging_mixin.py:109} INFO - [2021-11-28 10:01:39,528] {dag.py:2396} INFO - Sync 1 DAGs
[2021-11-28 10:01:39,555] {logging_mixin.py:109} INFO - [2021-11-28 10:01:39,555] {dag.py:2928} INFO - Setting next_dagrun for example_branch_dop_operator_v3 to 2021-11-28T10:00:00+00:00
[2021-11-28 10:01:39,565] {processor.py:171} INFO - Processing /home/airflow/.local/lib/python3.7/site-packages/airflow/example_dags/example_branch_python_dop_operator_3.py took 0.079 seconds
[2021-11-28 10:02:10,394] {processor.py:163} INFO - Started process (PID=448) to work on /home/airflow/.local/lib/python3.7/site-packages/airflow/example_dags/example_branch_python_dop_operator_3.py
[2021-11-28 10:02:10,398] {processor.py:625} INFO - Processing file /home/airflow/.local/lib/python3.7/site-packages/airflow/example_dags/example_branch_python_dop_operator_3.py for tasks to queue
[2021-11-28 10:02:10,398] {logging_mixin.py:109} INFO - [2021-11-28 10:02:10,398] {dagbag.py:500} INFO - Filling up the DagBag from /home/airflow/.local/lib/python3.7/site-packages/airflow/example_dags/example_branch_python_dop_operator_3.py
[2021-11-28 10:02:10,424] {processor.py:637} INFO - DAG(s) dict_keys(['example_branch_dop_operator_v3']) retrieved from /home/airflow/.local/lib/python3.7/site-packages/airflow/example_dags/example_branch_python_dop_operator_3.py
[2021-11-28 10:02:10,432] {logging_mixin.py:109} INFO - [2021-11-28 10:02:10,432] {dag.py:2396} INFO - Sync 1 DAGs
[2021-11-28 10:02:10,450] {logging_mixin.py:109} INFO - [2021-11-28 10:02:10,450] {dag.py:2928} INFO - Setting next_dagrun for example_branch_dop_operator_v3 to 2021-11-28T10:01:00+00:00
[2021-11-28 10:02:10,460] {processor.py:171} INFO - Processing /home/airflow/.local/lib/python3.7/site-packages/airflow/example_dags/example_branch_python_dop_operator_3.py took 0.069 seconds
[2021-11-28 10:02:41,374] {processor.py:163} INFO - Started process (PID=499) to work on /home/airflow/.local/lib/python3.7/site-packages/airflow/example_dags/example_branch_python_dop_operator_3.py
[2021-11-28 10:02:41,375] {processor.py:625} INFO - Processing file /home/airflow/.local/lib/python3.7/site-packages/airflow/example_dags/example_branch_python_dop_operator_3.py for tasks to queue
[2021-11-28 10:02:41,375] {logging_mixin.py:109} INFO - [2021-11-28 10:02:41,375] {dagbag.py:500} INFO - Filling up the DagBag from /home/airflow/.local/lib/python3.7/site-packages/airflow/example_dags/example_branch_python_dop_operator_3.py
[2021-11-28 10:02:41,402] {processor.py:637} INFO - DAG(s) dict_keys(['example_branch_dop_operator_v3']) retrieved from /home/airflow/.local/lib/python3.7/site-packages/airflow/example_dags/example_branch_python_dop_operator_3.py
[2021-11-28 10:02:41,413] {logging_mixin.py:109} INFO - [2021-11-28 10:02:41,413] {dag.py:2396} INFO - Sync 1 DAGs
[2021-11-28 10:02:41,437] {logging_mixin.py:109} INFO - [2021-11-28 10:02:41,437] {dag.py:2928} INFO - Setting next_dagrun for example_branch_dop_operator_v3 to 2021-11-28T10:01:00+00:00
[2021-11-28 10:02:41,449] {processor.py:171} INFO - Processing /home/airflow/.local/lib/python3.7/site-packages/airflow/example_dags/example_branch_python_dop_operator_3.py took 0.078 seconds
[2021-11-28 10:03:12,330] {processor.py:163} INFO - Started process (PID=559) to work on /home/airflow/.local/lib/python3.7/site-packages/airflow/example_dags/example_branch_python_dop_operator_3.py
[2021-11-28 10:03:12,332] {processor.py:625} INFO - Processing file /home/airflow/.local/lib/python3.7/site-packages/airflow/example_dags/example_branch_python_dop_operator_3.py for tasks to queue
[2021-11-28 10:03:12,332] {logging_mixin.py:109} INFO - [2021-11-28 10:03:12,332] {dagbag.py:500} INFO - Filling up the DagBag from /home/airflow/.local/lib/python3.7/site-packages/airflow/example_dags/example_branch_python_dop_operator_3.py
[2021-11-28 10:03:12,359] {processor.py:637} INFO - DAG(s) dict_keys(['example_branch_dop_operator_v3']) retrieved from /home/airflow/.local/lib/python3.7/site-packages/airflow/example_dags/example_branch_python_dop_operator_3.py
[2021-11-28 10:03:12,367] {logging_mixin.py:109} INFO - [2021-11-28 10:03:12,367] {dag.py:2396} INFO - Sync 1 DAGs
[2021-11-28 10:03:12,382] {logging_mixin.py:109} INFO - [2021-11-28 10:03:12,382] {dag.py:2928} INFO - Setting next_dagrun for example_branch_dop_operator_v3 to 2021-11-28T10:02:00+00:00
[2021-11-28 10:03:12,390] {processor.py:171} INFO - Processing /home/airflow/.local/lib/python3.7/site-packages/airflow/example_dags/example_branch_python_dop_operator_3.py took 0.063 seconds
[2021-11-28 10:03:43,241] {processor.py:163} INFO - Started process (PID=610) to work on /home/airflow/.local/lib/python3.7/site-packages/airflow/example_dags/example_branch_python_dop_operator_3.py
[2021-11-28 10:03:43,242] {processor.py:625} INFO - Processing file /home/airflow/.local/lib/python3.7/site-packages/airflow/example_dags/example_branch_python_dop_operator_3.py for tasks to queue
[2021-11-28 10:03:43,242] {logging_mixin.py:109} INFO - [2021-11-28 10:03:43,242] {dagbag.py:500} INFO - Filling up the DagBag from /home/airflow/.local/lib/python3.7/site-packages/airflow/example_dags/example_branch_python_dop_operator_3.py
[2021-11-28 10:03:43,261] {processor.py:637} INFO - DAG(s) dict_keys(['example_branch_dop_operator_v3']) retrieved from /home/airflow/.local/lib/python3.7/site-packages/airflow/example_dags/example_branch_python_dop_operator_3.py
[2021-11-28 10:03:43,268] {logging_mixin.py:109} INFO - [2021-11-28 10:03:43,268] {dag.py:2396} INFO - Sync 1 DAGs
[2021-11-28 10:03:43,285] {logging_mixin.py:109} INFO - [2021-11-28 10:03:43,285] {dag.py:2928} INFO - Setting next_dagrun for example_branch_dop_operator_v3 to 2021-11-28T10:02:00+00:00
[2021-11-28 10:03:43,294] {processor.py:171} INFO - Processing /home/airflow/.local/lib/python3.7/site-packages/airflow/example_dags/example_branch_python_dop_operator_3.py took 0.055 seconds
[2021-11-28 10:04:14,239] {processor.py:163} INFO - Started process (PID=670) to work on /home/airflow/.local/lib/python3.7/site-packages/airflow/example_dags/example_branch_python_dop_operator_3.py
[2021-11-28 10:04:14,240] {processor.py:625} INFO - Processing file /home/airflow/.local/lib/python3.7/site-packages/airflow/example_dags/example_branch_python_dop_operator_3.py for tasks to queue
[2021-11-28 10:04:14,240] {logging_mixin.py:109} INFO - [2021-11-28 10:04:14,240] {dagbag.py:500} INFO - Filling up the DagBag from /home/airflow/.local/lib/python3.7/site-packages/airflow/example_dags/example_branch_python_dop_operator_3.py
[2021-11-28 10:04:14,267] {processor.py:637} INFO - DAG(s) dict_keys(['example_branch_dop_operator_v3']) retrieved from /home/airflow/.local/lib/python3.7/site-packages/airflow/example_dags/example_branch_python_dop_operator_3.py
[2021-11-28 10:04:14,277] {logging_mixin.py:109} INFO - [2021-11-28 10:04:14,277] {dag.py:2396} INFO - Sync 1 DAGs
[2021-11-28 10:04:14,302] {logging_mixin.py:109} INFO - [2021-11-28 10:04:14,302] {dag.py:2928} INFO - Setting next_dagrun for example_branch_dop_operator_v3 to 2021-11-28T10:03:00+00:00
[2021-11-28 10:04:14,312] {processor.py:171} INFO - Processing /home/airflow/.local/lib/python3.7/site-packages/airflow/example_dags/example_branch_python_dop_operator_3.py took 0.076 seconds
[2021-11-28 10:04:45,314] {processor.py:163} INFO - Started process (PID=730) to work on /home/airflow/.local/lib/python3.7/site-packages/airflow/example_dags/example_branch_python_dop_operator_3.py
[2021-11-28 10:04:45,315] {processor.py:625} INFO - Processing file /home/airflow/.local/lib/python3.7/site-packages/airflow/example_dags/example_branch_python_dop_operator_3.py for tasks to queue
[2021-11-28 10:04:45,315] {logging_mixin.py:109} INFO - [2021-11-28 10:04:45,315] {dagbag.py:500} INFO - Filling up the DagBag from /home/airflow/.local/lib/python3.7/site-packages/airflow/example_dags/example_branch_python_dop_operator_3.py
[2021-11-28 10:04:45,335] {processor.py:637} INFO - DAG(s) dict_keys(['example_branch_dop_operator_v3']) retrieved from /home/airflow/.local/lib/python3.7/site-packages/airflow/example_dags/example_branch_python_dop_operator_3.py
[2021-11-28 10:04:45,342] {logging_mixin.py:109} INFO - [2021-11-28 10:04:45,342] {dag.py:2396} INFO - Sync 1 DAGs
[2021-11-28 10:04:45,358] {logging_mixin.py:109} INFO - [2021-11-28 10:04:45,358] {dag.py:2928} INFO - Setting next_dagrun for example_branch_dop_operator_v3 to 2021-11-28T10:03:00+00:00
[2021-11-28 10:04:45,366] {processor.py:171} INFO - Processing /home/airflow/.local/lib/python3.7/site-packages/airflow/example_dags/example_branch_python_dop_operator_3.py took 0.054 seconds
[2021-11-28 10:05:16,265] {processor.py:163} INFO - Started process (PID=781) to work on /home/airflow/.local/lib/python3.7/site-packages/airflow/example_dags/example_branch_python_dop_operator_3.py
[2021-11-28 10:05:16,266] {processor.py:625} INFO - Processing file /home/airflow/.local/lib/python3.7/site-packages/airflow/example_dags/example_branch_python_dop_operator_3.py for tasks to queue
[2021-11-28 10:05:16,266] {logging_mixin.py:109} INFO - [2021-11-28 10:05:16,266] {dagbag.py:500} INFO - Filling up the DagBag from /home/airflow/.local/lib/python3.7/site-packages/airflow/example_dags/example_branch_python_dop_operator_3.py
[2021-11-28 10:05:16,285] {processor.py:637} INFO - DAG(s) dict_keys(['example_branch_dop_operator_v3']) retrieved from /home/airflow/.local/lib/python3.7/site-packages/airflow/example_dags/example_branch_python_dop_operator_3.py
[2021-11-28 10:05:16,294] {logging_mixin.py:109} INFO - [2021-11-28 10:05:16,294] {dag.py:2396} INFO - Sync 1 DAGs
[2021-11-28 10:05:16,320] {logging_mixin.py:109} INFO - [2021-11-28 10:05:16,320] {dag.py:2928} INFO - Setting next_dagrun for example_branch_dop_operator_v3 to 2021-11-28T10:04:00+00:00
[2021-11-28 10:05:16,332] {processor.py:171} INFO - Processing /home/airflow/.local/lib/python3.7/site-packages/airflow/example_dags/example_branch_python_dop_operator_3.py took 0.069 seconds
[2021-11-28 10:05:47,416] {processor.py:163} INFO - Started process (PID=841) to work on /home/airflow/.local/lib/python3.7/site-packages/airflow/example_dags/example_branch_python_dop_operator_3.py
[2021-11-28 10:05:47,417] {processor.py:625} INFO - Processing file /home/airflow/.local/lib/python3.7/site-packages/airflow/example_dags/example_branch_python_dop_operator_3.py for tasks to queue
[2021-11-28 10:05:47,417] {logging_mixin.py:109} INFO - [2021-11-28 10:05:47,417] {dagbag.py:500} INFO - Filling up the DagBag from /home/airflow/.local/lib/python3.7/site-packages/airflow/example_dags/example_branch_python_dop_operator_3.py
[2021-11-28 10:05:47,437] {processor.py:637} INFO - DAG(s) dict_keys(['example_branch_dop_operator_v3']) retrieved from /home/airflow/.local/lib/python3.7/site-packages/airflow/example_dags/example_branch_python_dop_operator_3.py
[2021-11-28 10:05:47,444] {logging_mixin.py:109} INFO - [2021-11-28 10:05:47,444] {dag.py:2396} INFO - Sync 1 DAGs
[2021-11-28 10:05:47,466] {logging_mixin.py:109} INFO - [2021-11-28 10:05:47,466] {dag.py:2928} INFO - Setting next_dagrun for example_branch_dop_operator_v3 to 2021-11-28T10:04:00+00:00
[2021-11-28 10:05:47,478] {processor.py:171} INFO - Processing /home/airflow/.local/lib/python3.7/site-packages/airflow/example_dags/example_branch_python_dop_operator_3.py took 0.064 seconds
[2021-11-28 10:06:17,733] {processor.py:163} INFO - Started process (PID=892) to work on /home/airflow/.local/lib/python3.7/site-packages/airflow/example_dags/example_branch_python_dop_operator_3.py
[2021-11-28 10:06:17,734] {processor.py:625} INFO - Processing file /home/airflow/.local/lib/python3.7/site-packages/airflow/example_dags/example_branch_python_dop_operator_3.py for tasks to queue
[2021-11-28 10:06:17,735] {logging_mixin.py:109} INFO - [2021-11-28 10:06:17,735] {dagbag.py:500} INFO - Filling up the DagBag from /home/airflow/.local/lib/python3.7/site-packages/airflow/example_dags/example_branch_python_dop_operator_3.py
[2021-11-28 10:06:17,764] {processor.py:637} INFO - DAG(s) dict_keys(['example_branch_dop_operator_v3']) retrieved from /home/airflow/.local/lib/python3.7/site-packages/airflow/example_dags/example_branch_python_dop_operator_3.py
[2021-11-28 10:06:17,774] {logging_mixin.py:109} INFO - [2021-11-28 10:06:17,774] {dag.py:2396} INFO - Sync 1 DAGs
[2021-11-28 10:06:17,796] {logging_mixin.py:109} INFO - [2021-11-28 10:06:17,796] {dag.py:2928} INFO - Setting next_dagrun for example_branch_dop_operator_v3 to 2021-11-28T10:05:00+00:00
[2021-11-28 10:06:17,880] {processor.py:171} INFO - Processing /home/airflow/.local/lib/python3.7/site-packages/airflow/example_dags/example_branch_python_dop_operator_3.py took 0.149 seconds
[2021-11-28 10:06:48,429] {processor.py:163} INFO - Started process (PID=952) to work on /home/airflow/.local/lib/python3.7/site-packages/airflow/example_dags/example_branch_python_dop_operator_3.py
[2021-11-28 10:06:48,431] {processor.py:625} INFO - Processing file /home/airflow/.local/lib/python3.7/site-packages/airflow/example_dags/example_branch_python_dop_operator_3.py for tasks to queue
[2021-11-28 10:06:48,431] {logging_mixin.py:109} INFO - [2021-11-28 10:06:48,431] {dagbag.py:500} INFO - Filling up the DagBag from /home/airflow/.local/lib/python3.7/site-packages/airflow/example_dags/example_branch_python_dop_operator_3.py
[2021-11-28 10:06:48,457] {processor.py:637} INFO - DAG(s) dict_keys(['example_branch_dop_operator_v3']) retrieved from /home/airflow/.local/lib/python3.7/site-packages/airflow/example_dags/example_branch_python_dop_operator_3.py
[2021-11-28 10:06:48,465] {logging_mixin.py:109} INFO - [2021-11-28 10:06:48,465] {dag.py:2396} INFO - Sync 1 DAGs
[2021-11-28 10:06:48,547] {logging_mixin.py:109} INFO - [2021-11-28 10:06:48,547] {dag.py:2928} INFO - Setting next_dagrun for example_branch_dop_operator_v3 to 2021-11-28T10:05:00+00:00
[2021-11-28 10:06:48,555] {processor.py:171} INFO - Processing /home/airflow/.local/lib/python3.7/site-packages/airflow/example_dags/example_branch_python_dop_operator_3.py took 0.128 seconds
[2021-11-28 10:07:19,132] {processor.py:163} INFO - Started process (PID=1003) to work on /home/airflow/.local/lib/python3.7/site-packages/airflow/example_dags/example_branch_python_dop_operator_3.py
[2021-11-28 10:07:19,133] {processor.py:625} INFO - Processing file /home/airflow/.local/lib/python3.7/site-packages/airflow/example_dags/example_branch_python_dop_operator_3.py for tasks to queue
[2021-11-28 10:07:19,134] {logging_mixin.py:109} INFO - [2021-11-28 10:07:19,133] {dagbag.py:500} INFO - Filling up the DagBag from /home/airflow/.local/lib/python3.7/site-packages/airflow/example_dags/example_branch_python_dop_operator_3.py
[2021-11-28 10:07:19,164] {processor.py:637} INFO - DAG(s) dict_keys(['example_branch_dop_operator_v3']) retrieved from /home/airflow/.local/lib/python3.7/site-packages/airflow/example_dags/example_branch_python_dop_operator_3.py
[2021-11-28 10:07:19,176] {logging_mixin.py:109} INFO - [2021-11-28 10:07:19,175] {dag.py:2396} INFO - Sync 1 DAGs
[2021-11-28 10:07:19,260] {logging_mixin.py:109} INFO - [2021-11-28 10:07:19,260] {dag.py:2928} INFO - Setting next_dagrun for example_branch_dop_operator_v3 to 2021-11-28T10:06:00+00:00
[2021-11-28 10:07:19,267] {processor.py:171} INFO - Processing /home/airflow/.local/lib/python3.7/site-packages/airflow/example_dags/example_branch_python_dop_operator_3.py took 0.138 seconds
[2021-11-28 10:07:49,971] {processor.py:163} INFO - Started process (PID=1063) to work on /home/airflow/.local/lib/python3.7/site-packages/airflow/example_dags/example_branch_python_dop_operator_3.py
[2021-11-28 10:07:49,972] {processor.py:625} INFO - Processing file /home/airflow/.local/lib/python3.7/site-packages/airflow/example_dags/example_branch_python_dop_operator_3.py for tasks to queue
[2021-11-28 10:07:49,973] {logging_mixin.py:109} INFO - [2021-11-28 10:07:49,973] {dagbag.py:500} INFO - Filling up the DagBag from /home/airflow/.local/lib/python3.7/site-packages/airflow/example_dags/example_branch_python_dop_operator_3.py
[2021-11-28 10:07:49,991] {processor.py:637} INFO - DAG(s) dict_keys(['example_branch_dop_operator_v3']) retrieved from /home/airflow/.local/lib/python3.7/site-packages/airflow/example_dags/example_branch_python_dop_operator_3.py
[2021-11-28 10:07:49,997] {logging_mixin.py:109} INFO - [2021-11-28 10:07:49,997] {dag.py:2396} INFO - Sync 1 DAGs
[2021-11-28 10:07:50,076] {logging_mixin.py:109} INFO - [2021-11-28 10:07:50,076] {dag.py:2928} INFO - Setting next_dagrun for example_branch_dop_operator_v3 to 2021-11-28T10:06:00+00:00
[2021-11-28 10:07:50,086] {processor.py:171} INFO - Processing /home/airflow/.local/lib/python3.7/site-packages/airflow/example_dags/example_branch_python_dop_operator_3.py took 0.116 seconds
[2021-11-28 10:08:20,745] {processor.py:163} INFO - Started process (PID=1123) to work on /home/airflow/.local/lib/python3.7/site-packages/airflow/example_dags/example_branch_python_dop_operator_3.py
[2021-11-28 10:08:20,746] {processor.py:625} INFO - Processing file /home/airflow/.local/lib/python3.7/site-packages/airflow/example_dags/example_branch_python_dop_operator_3.py for tasks to queue
[2021-11-28 10:08:20,747] {logging_mixin.py:109} INFO - [2021-11-28 10:08:20,746] {dagbag.py:500} INFO - Filling up the DagBag from /home/airflow/.local/lib/python3.7/site-packages/airflow/example_dags/example_branch_python_dop_operator_3.py
[2021-11-28 10:08:20,769] {processor.py:637} INFO - DAG(s) dict_keys(['example_branch_dop_operator_v3']) retrieved from /home/airflow/.local/lib/python3.7/site-packages/airflow/example_dags/example_branch_python_dop_operator_3.py
[2021-11-28 10:08:20,776] {logging_mixin.py:109} INFO - [2021-11-28 10:08:20,776] {dag.py:2396} INFO - Sync 1 DAGs
[2021-11-28 10:08:20,873] {logging_mixin.py:109} INFO - [2021-11-28 10:08:20,873] {dag.py:2928} INFO - Setting next_dagrun for example_branch_dop_operator_v3 to 2021-11-28T10:07:00+00:00
[2021-11-28 10:08:20,883] {processor.py:171} INFO - Processing /home/airflow/.local/lib/python3.7/site-packages/airflow/example_dags/example_branch_python_dop_operator_3.py took 0.141 seconds
[2021-11-28 10:08:51,612] {processor.py:163} INFO - Started process (PID=1174) to work on /home/airflow/.local/lib/python3.7/site-packages/airflow/example_dags/example_branch_python_dop_operator_3.py
[2021-11-28 10:08:51,613] {processor.py:625} INFO - Processing file /home/airflow/.local/lib/python3.7/site-packages/airflow/example_dags/example_branch_python_dop_operator_3.py for tasks to queue
[2021-11-28 10:08:51,613] {logging_mixin.py:109} INFO - [2021-11-28 10:08:51,613] {dagbag.py:500} INFO - Filling up the DagBag from /home/airflow/.local/lib/python3.7/site-packages/airflow/example_dags/example_branch_python_dop_operator_3.py
[2021-11-28 10:08:51,711] {processor.py:637} INFO - DAG(s) dict_keys(['example_branch_dop_operator_v3']) retrieved from /home/airflow/.local/lib/python3.7/site-packages/airflow/example_dags/example_branch_python_dop_operator_3.py
[2021-11-28 10:08:51,717] {logging_mixin.py:109} INFO - [2021-11-28 10:08:51,716] {dag.py:2396} INFO - Sync 1 DAGs
[2021-11-28 10:08:51,730] {logging_mixin.py:109} INFO - [2021-11-28 10:08:51,730] {dag.py:2928} INFO - Setting next_dagrun for example_branch_dop_operator_v3 to 2021-11-28T10:07:00+00:00
[2021-11-28 10:08:51,737] {processor.py:171} INFO - Processing /home/airflow/.local/lib/python3.7/site-packages/airflow/example_dags/example_branch_python_dop_operator_3.py took 0.128 seconds
[2021-11-28 10:09:22,329] {processor.py:163} INFO - Started process (PID=1234) to work on /home/airflow/.local/lib/python3.7/site-packages/airflow/example_dags/example_branch_python_dop_operator_3.py
[2021-11-28 10:09:22,329] {processor.py:625} INFO - Processing file /home/airflow/.local/lib/python3.7/site-packages/airflow/example_dags/example_branch_python_dop_operator_3.py for tasks to queue
[2021-11-28 10:09:22,330] {logging_mixin.py:109} INFO - [2021-11-28 10:09:22,329] {dagbag.py:500} INFO - Filling up the DagBag from /home/airflow/.local/lib/python3.7/site-packages/airflow/example_dags/example_branch_python_dop_operator_3.py
[2021-11-28 10:09:22,418] {processor.py:637} INFO - DAG(s) dict_keys(['example_branch_dop_operator_v3']) retrieved from /home/airflow/.local/lib/python3.7/site-packages/airflow/example_dags/example_branch_python_dop_operator_3.py
[2021-11-28 10:09:22,427] {logging_mixin.py:109} INFO - [2021-11-28 10:09:22,427] {dag.py:2396} INFO - Sync 1 DAGs
[2021-11-28 10:09:22,446] {logging_mixin.py:109} INFO - [2021-11-28 10:09:22,446] {dag.py:2928} INFO - Setting next_dagrun for example_branch_dop_operator_v3 to 2021-11-28T10:08:00+00:00
[2021-11-28 10:09:22,456] {processor.py:171} INFO - Processing /home/airflow/.local/lib/python3.7/site-packages/airflow/example_dags/example_branch_python_dop_operator_3.py took 0.129 seconds
[2021-11-28 10:09:53,015] {processor.py:163} INFO - Started process (PID=1285) to work on /home/airflow/.local/lib/python3.7/site-packages/airflow/example_dags/example_branch_python_dop_operator_3.py
[2021-11-28 10:09:53,016] {processor.py:625} INFO - Processing file /home/airflow/.local/lib/python3.7/site-packages/airflow/example_dags/example_branch_python_dop_operator_3.py for tasks to queue
[2021-11-28 10:09:53,017] {logging_mixin.py:109} INFO - [2021-11-28 10:09:53,017] {dagbag.py:500} INFO - Filling up the DagBag from /home/airflow/.local/lib/python3.7/site-packages/airflow/example_dags/example_branch_python_dop_operator_3.py
[2021-11-28 10:09:53,108] {processor.py:637} INFO - DAG(s) dict_keys(['example_branch_dop_operator_v3']) retrieved from /home/airflow/.local/lib/python3.7/site-packages/airflow/example_dags/example_branch_python_dop_operator_3.py
[2021-11-28 10:09:53,114] {logging_mixin.py:109} INFO - [2021-11-28 10:09:53,114] {dag.py:2396} INFO - Sync 1 DAGs
[2021-11-28 10:09:53,128] {logging_mixin.py:109} INFO - [2021-11-28 10:09:53,128] {dag.py:2928} INFO - Setting next_dagrun for example_branch_dop_operator_v3 to 2021-11-28T10:08:00+00:00
[2021-11-28 10:09:53,136] {processor.py:171} INFO - Processing /home/airflow/.local/lib/python3.7/site-packages/airflow/example_dags/example_branch_python_dop_operator_3.py took 0.124 seconds
[2021-11-28 10:10:23,841] {processor.py:163} INFO - Started process (PID=1345) to work on /home/airflow/.local/lib/python3.7/site-packages/airflow/example_dags/example_branch_python_dop_operator_3.py
[2021-11-28 10:10:23,842] {processor.py:625} INFO - Processing file /home/airflow/.local/lib/python3.7/site-packages/airflow/example_dags/example_branch_python_dop_operator_3.py for tasks to queue
[2021-11-28 10:10:23,842] {logging_mixin.py:109} INFO - [2021-11-28 10:10:23,842] {dagbag.py:500} INFO - Filling up the DagBag from /home/airflow/.local/lib/python3.7/site-packages/airflow/example_dags/example_branch_python_dop_operator_3.py
[2021-11-28 10:10:23,924] {processor.py:637} INFO - DAG(s) dict_keys(['example_branch_dop_operator_v3']) retrieved from /home/airflow/.local/lib/python3.7/site-packages/airflow/example_dags/example_branch_python_dop_operator_3.py
[2021-11-28 10:10:23,929] {logging_mixin.py:109} INFO - [2021-11-28 10:10:23,929] {dag.py:2396} INFO - Sync 1 DAGs
[2021-11-28 10:10:23,943] {logging_mixin.py:109} INFO - [2021-11-28 10:10:23,943] {dag.py:2928} INFO - Setting next_dagrun for example_branch_dop_operator_v3 to 2021-11-28T10:09:00+00:00
[2021-11-28 10:10:23,951] {processor.py:171} INFO - Processing /home/airflow/.local/lib/python3.7/site-packages/airflow/example_dags/example_branch_python_dop_operator_3.py took 0.111 seconds
[2021-11-28 10:10:54,111] {processor.py:163} INFO - Started process (PID=1405) to work on /home/airflow/.local/lib/python3.7/site-packages/airflow/example_dags/example_branch_python_dop_operator_3.py
[2021-11-28 10:10:54,112] {processor.py:625} INFO - Processing file /home/airflow/.local/lib/python3.7/site-packages/airflow/example_dags/example_branch_python_dop_operator_3.py for tasks to queue
[2021-11-28 10:10:54,113] {logging_mixin.py:109} INFO - [2021-11-28 10:10:54,113] {dagbag.py:500} INFO - Filling up the DagBag from /home/airflow/.local/lib/python3.7/site-packages/airflow/example_dags/example_branch_python_dop_operator_3.py
[2021-11-28 10:10:54,144] {processor.py:637} INFO - DAG(s) dict_keys(['example_branch_dop_operator_v3']) retrieved from /home/airflow/.local/lib/python3.7/site-packages/airflow/example_dags/example_branch_python_dop_operator_3.py
[2021-11-28 10:10:54,155] {logging_mixin.py:109} INFO - [2021-11-28 10:10:54,154] {dag.py:2396} INFO - Sync 1 DAGs
[2021-11-28 10:10:54,182] {logging_mixin.py:109} INFO - [2021-11-28 10:10:54,182] {dag.py:2928} INFO - Setting next_dagrun for example_branch_dop_operator_v3 to 2021-11-28T10:09:00+00:00
[2021-11-28 10:10:54,192] {processor.py:171} INFO - Processing /home/airflow/.local/lib/python3.7/site-packages/airflow/example_dags/example_branch_python_dop_operator_3.py took 0.085 seconds
[2021-11-28 10:11:24,888] {processor.py:163} INFO - Started process (PID=1456) to work on /home/airflow/.local/lib/python3.7/site-packages/airflow/example_dags/example_branch_python_dop_operator_3.py
[2021-11-28 10:11:24,888] {processor.py:625} INFO - Processing file /home/airflow/.local/lib/python3.7/site-packages/airflow/example_dags/example_branch_python_dop_operator_3.py for tasks to queue
[2021-11-28 10:11:24,889] {logging_mixin.py:109} INFO - [2021-11-28 10:11:24,889] {dagbag.py:500} INFO - Filling up the DagBag from /home/airflow/.local/lib/python3.7/site-packages/airflow/example_dags/example_branch_python_dop_operator_3.py
[2021-11-28 10:11:24,911] {processor.py:637} INFO - DAG(s) dict_keys(['example_branch_dop_operator_v3']) retrieved from /home/airflow/.local/lib/python3.7/site-packages/airflow/example_dags/example_branch_python_dop_operator_3.py
[2021-11-28 10:11:24,918] {logging_mixin.py:109} INFO - [2021-11-28 10:11:24,918] {dag.py:2396} INFO - Sync 1 DAGs
[2021-11-28 10:11:24,934] {logging_mixin.py:109} INFO - [2021-11-28 10:11:24,934] {dag.py:2928} INFO - Setting next_dagrun for example_branch_dop_operator_v3 to 2021-11-28T10:10:00+00:00
[2021-11-28 10:11:24,942] {processor.py:171} INFO - Processing /home/airflow/.local/lib/python3.7/site-packages/airflow/example_dags/example_branch_python_dop_operator_3.py took 0.057 seconds
[2021-11-28 10:11:55,618] {processor.py:163} INFO - Started process (PID=1516) to work on /home/airflow/.local/lib/python3.7/site-packages/airflow/example_dags/example_branch_python_dop_operator_3.py
[2021-11-28 10:11:55,619] {processor.py:625} INFO - Processing file /home/airflow/.local/lib/python3.7/site-packages/airflow/example_dags/example_branch_python_dop_operator_3.py for tasks to queue
[2021-11-28 10:11:55,620] {logging_mixin.py:109} INFO - [2021-11-28 10:11:55,620] {dagbag.py:500} INFO - Filling up the DagBag from /home/airflow/.local/lib/python3.7/site-packages/airflow/example_dags/example_branch_python_dop_operator_3.py
[2021-11-28 10:11:55,648] {processor.py:637} INFO - DAG(s) dict_keys(['example_branch_dop_operator_v3']) retrieved from /home/airflow/.local/lib/python3.7/site-packages/airflow/example_dags/example_branch_python_dop_operator_3.py
[2021-11-28 10:11:55,656] {logging_mixin.py:109} INFO - [2021-11-28 10:11:55,656] {dag.py:2396} INFO - Sync 1 DAGs
[2021-11-28 10:11:55,676] {logging_mixin.py:109} INFO - [2021-11-28 10:11:55,676] {dag.py:2928} INFO - Setting next_dagrun for example_branch_dop_operator_v3 to 2021-11-28T10:10:00+00:00
[2021-11-28 10:11:55,686] {processor.py:171} INFO - Processing /home/airflow/.local/lib/python3.7/site-packages/airflow/example_dags/example_branch_python_dop_operator_3.py took 0.069 seconds
[2021-11-28 10:12:26,338] {processor.py:163} INFO - Started process (PID=1567) to work on /home/airflow/.local/lib/python3.7/site-packages/airflow/example_dags/example_branch_python_dop_operator_3.py
[2021-11-28 10:12:26,339] {processor.py:625} INFO - Processing file /home/airflow/.local/lib/python3.7/site-packages/airflow/example_dags/example_branch_python_dop_operator_3.py for tasks to queue
[2021-11-28 10:12:26,340] {logging_mixin.py:109} INFO - [2021-11-28 10:12:26,339] {dagbag.py:500} INFO - Filling up the DagBag from /home/airflow/.local/lib/python3.7/site-packages/airflow/example_dags/example_branch_python_dop_operator_3.py
[2021-11-28 10:12:26,366] {processor.py:637} INFO - DAG(s) dict_keys(['example_branch_dop_operator_v3']) retrieved from /home/airflow/.local/lib/python3.7/site-packages/airflow/example_dags/example_branch_python_dop_operator_3.py
[2021-11-28 10:12:26,376] {logging_mixin.py:109} INFO - [2021-11-28 10:12:26,376] {dag.py:2396} INFO - Sync 1 DAGs
[2021-11-28 10:12:26,400] {logging_mixin.py:109} INFO - [2021-11-28 10:12:26,400] {dag.py:2928} INFO - Setting next_dagrun for example_branch_dop_operator_v3 to 2021-11-28T10:11:00+00:00
[2021-11-28 10:12:26,411] {processor.py:171} INFO - Processing /home/airflow/.local/lib/python3.7/site-packages/airflow/example_dags/example_branch_python_dop_operator_3.py took 0.077 seconds
[2021-11-28 10:12:57,185] {processor.py:163} INFO - Started process (PID=1627) to work on /home/airflow/.local/lib/python3.7/site-packages/airflow/example_dags/example_branch_python_dop_operator_3.py
[2021-11-28 10:12:57,186] {processor.py:625} INFO - Processing file /home/airflow/.local/lib/python3.7/site-packages/airflow/example_dags/example_branch_python_dop_operator_3.py for tasks to queue
[2021-11-28 10:12:57,186] {logging_mixin.py:109} INFO - [2021-11-28 10:12:57,186] {dagbag.py:500} INFO - Filling up the DagBag from /home/airflow/.local/lib/python3.7/site-packages/airflow/example_dags/example_branch_python_dop_operator_3.py
[2021-11-28 10:12:57,213] {processor.py:637} INFO - DAG(s) dict_keys(['example_branch_dop_operator_v3']) retrieved from /home/airflow/.local/lib/python3.7/site-packages/airflow/example_dags/example_branch_python_dop_operator_3.py
[2021-11-28 10:12:57,219] {logging_mixin.py:109} INFO - [2021-11-28 10:12:57,219] {dag.py:2396} INFO - Sync 1 DAGs
[2021-11-28 10:12:57,236] {logging_mixin.py:109} INFO - [2021-11-28 10:12:57,236] {dag.py:2928} INFO - Setting next_dagrun for example_branch_dop_operator_v3 to 2021-11-28T10:11:00+00:00
[2021-11-28 10:12:57,245] {processor.py:171} INFO - Processing /home/airflow/.local/lib/python3.7/site-packages/airflow/example_dags/example_branch_python_dop_operator_3.py took 0.063 seconds
[2021-11-28 10:13:27,877] {processor.py:163} INFO - Started process (PID=1678) to work on /home/airflow/.local/lib/python3.7/site-packages/airflow/example_dags/example_branch_python_dop_operator_3.py
[2021-11-28 10:13:27,877] {processor.py:625} INFO - Processing file /home/airflow/.local/lib/python3.7/site-packages/airflow/example_dags/example_branch_python_dop_operator_3.py for tasks to queue
[2021-11-28 10:13:27,878] {logging_mixin.py:109} INFO - [2021-11-28 10:13:27,878] {dagbag.py:500} INFO - Filling up the DagBag from /home/airflow/.local/lib/python3.7/site-packages/airflow/example_dags/example_branch_python_dop_operator_3.py
[2021-11-28 10:13:27,898] {processor.py:637} INFO - DAG(s) dict_keys(['example_branch_dop_operator_v3']) retrieved from /home/airflow/.local/lib/python3.7/site-packages/airflow/example_dags/example_branch_python_dop_operator_3.py
[2021-11-28 10:13:27,905] {logging_mixin.py:109} INFO - [2021-11-28 10:13:27,905] {dag.py:2396} INFO - Sync 1 DAGs
[2021-11-28 10:13:27,921] {logging_mixin.py:109} INFO - [2021-11-28 10:13:27,921] {dag.py:2928} INFO - Setting next_dagrun for example_branch_dop_operator_v3 to 2021-11-28T10:12:00+00:00
[2021-11-28 10:13:27,930] {processor.py:171} INFO - Processing /home/airflow/.local/lib/python3.7/site-packages/airflow/example_dags/example_branch_python_dop_operator_3.py took 0.055 seconds
[2021-11-28 10:13:58,724] {processor.py:163} INFO - Started process (PID=1738) to work on /home/airflow/.local/lib/python3.7/site-packages/airflow/example_dags/example_branch_python_dop_operator_3.py
[2021-11-28 10:13:58,725] {processor.py:625} INFO - Processing file /home/airflow/.local/lib/python3.7/site-packages/airflow/example_dags/example_branch_python_dop_operator_3.py for tasks to queue
[2021-11-28 10:13:58,726] {logging_mixin.py:109} INFO - [2021-11-28 10:13:58,726] {dagbag.py:500} INFO - Filling up the DagBag from /home/airflow/.local/lib/python3.7/site-packages/airflow/example_dags/example_branch_python_dop_operator_3.py
[2021-11-28 10:13:58,751] {processor.py:637} INFO - DAG(s) dict_keys(['example_branch_dop_operator_v3']) retrieved from /home/airflow/.local/lib/python3.7/site-packages/airflow/example_dags/example_branch_python_dop_operator_3.py
[2021-11-28 10:13:58,761] {logging_mixin.py:109} INFO - [2021-11-28 10:13:58,761] {dag.py:2396} INFO - Sync 1 DAGs
[2021-11-28 10:13:58,787] {logging_mixin.py:109} INFO - [2021-11-28 10:13:58,787] {dag.py:2928} INFO - Setting next_dagrun for example_branch_dop_operator_v3 to 2021-11-28T10:12:00+00:00
[2021-11-28 10:13:58,797] {processor.py:171} INFO - Processing /home/airflow/.local/lib/python3.7/site-packages/airflow/example_dags/example_branch_python_dop_operator_3.py took 0.075 seconds
[2021-11-28 10:14:29,509] {processor.py:163} INFO - Started process (PID=1799) to work on /home/airflow/.local/lib/python3.7/site-packages/airflow/example_dags/example_branch_python_dop_operator_3.py
[2021-11-28 10:14:29,510] {processor.py:625} INFO - Processing file /home/airflow/.local/lib/python3.7/site-packages/airflow/example_dags/example_branch_python_dop_operator_3.py for tasks to queue
[2021-11-28 10:14:29,511] {logging_mixin.py:109} INFO - [2021-11-28 10:14:29,511] {dagbag.py:500} INFO - Filling up the DagBag from /home/airflow/.local/lib/python3.7/site-packages/airflow/example_dags/example_branch_python_dop_operator_3.py
[2021-11-28 10:14:29,537] {processor.py:637} INFO - DAG(s) dict_keys(['example_branch_dop_operator_v3']) retrieved from /home/airflow/.local/lib/python3.7/site-packages/airflow/example_dags/example_branch_python_dop_operator_3.py
[2021-11-28 10:14:29,547] {logging_mixin.py:109} INFO - [2021-11-28 10:14:29,547] {dag.py:2396} INFO - Sync 1 DAGs
[2021-11-28 10:14:29,572] {logging_mixin.py:109} INFO - [2021-11-28 10:14:29,571] {dag.py:2928} INFO - Setting next_dagrun for example_branch_dop_operator_v3 to 2021-11-28T10:13:00+00:00
[2021-11-28 10:14:29,583] {processor.py:171} INFO - Processing /home/airflow/.local/lib/python3.7/site-packages/airflow/example_dags/example_branch_python_dop_operator_3.py took 0.076 seconds
[2021-11-28 10:15:00,232] {processor.py:163} INFO - Started process (PID=1850) to work on /home/airflow/.local/lib/python3.7/site-packages/airflow/example_dags/example_branch_python_dop_operator_3.py
[2021-11-28 10:15:00,233] {processor.py:625} INFO - Processing file /home/airflow/.local/lib/python3.7/site-packages/airflow/example_dags/example_branch_python_dop_operator_3.py for tasks to queue
[2021-11-28 10:15:00,234] {logging_mixin.py:109} INFO - [2021-11-28 10:15:00,233] {dagbag.py:500} INFO - Filling up the DagBag from /home/airflow/.local/lib/python3.7/site-packages/airflow/example_dags/example_branch_python_dop_operator_3.py
[2021-11-28 10:15:00,261] {processor.py:637} INFO - DAG(s) dict_keys(['example_branch_dop_operator_v3']) retrieved from /home/airflow/.local/lib/python3.7/site-packages/airflow/example_dags/example_branch_python_dop_operator_3.py
[2021-11-28 10:15:00,271] {logging_mixin.py:109} INFO - [2021-11-28 10:15:00,271] {dag.py:2396} INFO - Sync 1 DAGs
[2021-11-28 10:15:00,297] {logging_mixin.py:109} INFO - [2021-11-28 10:15:00,297] {dag.py:2928} INFO - Setting next_dagrun for example_branch_dop_operator_v3 to 2021-11-28T10:14:00+00:00
[2021-11-28 10:15:00,306] {processor.py:171} INFO - Processing /home/airflow/.local/lib/python3.7/site-packages/airflow/example_dags/example_branch_python_dop_operator_3.py took 0.077 seconds
[2021-11-28 10:15:30,980] {processor.py:163} INFO - Started process (PID=1910) to work on /home/airflow/.local/lib/python3.7/site-packages/airflow/example_dags/example_branch_python_dop_operator_3.py
[2021-11-28 10:15:30,981] {processor.py:625} INFO - Processing file /home/airflow/.local/lib/python3.7/site-packages/airflow/example_dags/example_branch_python_dop_operator_3.py for tasks to queue
[2021-11-28 10:15:30,981] {logging_mixin.py:109} INFO - [2021-11-28 10:15:30,981] {dagbag.py:500} INFO - Filling up the DagBag from /home/airflow/.local/lib/python3.7/site-packages/airflow/example_dags/example_branch_python_dop_operator_3.py
[2021-11-28 10:15:31,006] {processor.py:637} INFO - DAG(s) dict_keys(['example_branch_dop_operator_v3']) retrieved from /home/airflow/.local/lib/python3.7/site-packages/airflow/example_dags/example_branch_python_dop_operator_3.py
[2021-11-28 10:15:31,012] {logging_mixin.py:109} INFO - [2021-11-28 10:15:31,012] {dag.py:2396} INFO - Sync 1 DAGs
[2021-11-28 10:15:31,028] {logging_mixin.py:109} INFO - [2021-11-28 10:15:31,027] {dag.py:2928} INFO - Setting next_dagrun for example_branch_dop_operator_v3 to 2021-11-28T10:14:00+00:00
[2021-11-28 10:15:31,037] {processor.py:171} INFO - Processing /home/airflow/.local/lib/python3.7/site-packages/airflow/example_dags/example_branch_python_dop_operator_3.py took 0.060 seconds
[2021-11-28 10:16:01,682] {processor.py:163} INFO - Started process (PID=1961) to work on /home/airflow/.local/lib/python3.7/site-packages/airflow/example_dags/example_branch_python_dop_operator_3.py
[2021-11-28 10:16:01,684] {processor.py:625} INFO - Processing file /home/airflow/.local/lib/python3.7/site-packages/airflow/example_dags/example_branch_python_dop_operator_3.py for tasks to queue
[2021-11-28 10:16:01,684] {logging_mixin.py:109} INFO - [2021-11-28 10:16:01,684] {dagbag.py:500} INFO - Filling up the DagBag from /home/airflow/.local/lib/python3.7/site-packages/airflow/example_dags/example_branch_python_dop_operator_3.py
[2021-11-28 10:16:01,715] {processor.py:637} INFO - DAG(s) dict_keys(['example_branch_dop_operator_v3']) retrieved from /home/airflow/.local/lib/python3.7/site-packages/airflow/example_dags/example_branch_python_dop_operator_3.py
[2021-11-28 10:16:01,722] {logging_mixin.py:109} INFO - [2021-11-28 10:16:01,722] {dag.py:2396} INFO - Sync 1 DAGs
[2021-11-28 10:16:01,738] {logging_mixin.py:109} INFO - [2021-11-28 10:16:01,738] {dag.py:2928} INFO - Setting next_dagrun for example_branch_dop_operator_v3 to 2021-11-28T10:15:00+00:00
[2021-11-28 10:16:01,746] {processor.py:171} INFO - Processing /home/airflow/.local/lib/python3.7/site-packages/airflow/example_dags/example_branch_python_dop_operator_3.py took 0.068 seconds
[2021-11-28 10:16:32,375] {processor.py:163} INFO - Started process (PID=2022) to work on /home/airflow/.local/lib/python3.7/site-packages/airflow/example_dags/example_branch_python_dop_operator_3.py
[2021-11-28 10:16:32,376] {processor.py:625} INFO - Processing file /home/airflow/.local/lib/python3.7/site-packages/airflow/example_dags/example_branch_python_dop_operator_3.py for tasks to queue
[2021-11-28 10:16:32,376] {logging_mixin.py:109} INFO - [2021-11-28 10:16:32,376] {dagbag.py:500} INFO - Filling up the DagBag from /home/airflow/.local/lib/python3.7/site-packages/airflow/example_dags/example_branch_python_dop_operator_3.py
[2021-11-28 10:16:32,396] {processor.py:637} INFO - DAG(s) dict_keys(['example_branch_dop_operator_v3']) retrieved from /home/airflow/.local/lib/python3.7/site-packages/airflow/example_dags/example_branch_python_dop_operator_3.py
[2021-11-28 10:16:32,408] {logging_mixin.py:109} INFO - [2021-11-28 10:16:32,408] {dag.py:2396} INFO - Sync 1 DAGs
[2021-11-28 10:16:32,429] {logging_mixin.py:109} INFO - [2021-11-28 10:16:32,429] {dag.py:2928} INFO - Setting next_dagrun for example_branch_dop_operator_v3 to 2021-11-28T10:15:00+00:00
[2021-11-28 10:16:32,438] {processor.py:171} INFO - Processing /home/airflow/.local/lib/python3.7/site-packages/airflow/example_dags/example_branch_python_dop_operator_3.py took 0.064 seconds
[2021-11-28 10:17:03,109] {processor.py:163} INFO - Started process (PID=2082) to work on /home/airflow/.local/lib/python3.7/site-packages/airflow/example_dags/example_branch_python_dop_operator_3.py
[2021-11-28 10:17:03,110] {processor.py:625} INFO - Processing file /home/airflow/.local/lib/python3.7/site-packages/airflow/example_dags/example_branch_python_dop_operator_3.py for tasks to queue
[2021-11-28 10:17:03,111] {logging_mixin.py:109} INFO - [2021-11-28 10:17:03,111] {dagbag.py:500} INFO - Filling up the DagBag from /home/airflow/.local/lib/python3.7/site-packages/airflow/example_dags/example_branch_python_dop_operator_3.py
[2021-11-28 10:17:03,141] {processor.py:637} INFO - DAG(s) dict_keys(['example_branch_dop_operator_v3']) retrieved from /home/airflow/.local/lib/python3.7/site-packages/airflow/example_dags/example_branch_python_dop_operator_3.py
[2021-11-28 10:17:03,156] {logging_mixin.py:109} INFO - [2021-11-28 10:17:03,156] {dag.py:2396} INFO - Sync 1 DAGs
[2021-11-28 10:17:03,178] {logging_mixin.py:109} INFO - [2021-11-28 10:17:03,178] {dag.py:2928} INFO - Setting next_dagrun for example_branch_dop_operator_v3 to 2021-11-28T10:16:00+00:00
[2021-11-28 10:17:03,187] {processor.py:171} INFO - Processing /home/airflow/.local/lib/python3.7/site-packages/airflow/example_dags/example_branch_python_dop_operator_3.py took 0.082 seconds
[2021-11-28 10:17:33,823] {processor.py:163} INFO - Started process (PID=2133) to work on /home/airflow/.local/lib/python3.7/site-packages/airflow/example_dags/example_branch_python_dop_operator_3.py
[2021-11-28 10:17:33,824] {processor.py:625} INFO - Processing file /home/airflow/.local/lib/python3.7/site-packages/airflow/example_dags/example_branch_python_dop_operator_3.py for tasks to queue
[2021-11-28 10:17:33,824] {logging_mixin.py:109} INFO - [2021-11-28 10:17:33,824] {dagbag.py:500} INFO - Filling up the DagBag from /home/airflow/.local/lib/python3.7/site-packages/airflow/example_dags/example_branch_python_dop_operator_3.py
[2021-11-28 10:17:33,851] {processor.py:637} INFO - DAG(s) dict_keys(['example_branch_dop_operator_v3']) retrieved from /home/airflow/.local/lib/python3.7/site-packages/airflow/example_dags/example_branch_python_dop_operator_3.py
[2021-11-28 10:17:33,860] {logging_mixin.py:109} INFO - [2021-11-28 10:17:33,860] {dag.py:2396} INFO - Sync 1 DAGs
[2021-11-28 10:17:33,884] {logging_mixin.py:109} INFO - [2021-11-28 10:17:33,884] {dag.py:2928} INFO - Setting next_dagrun for example_branch_dop_operator_v3 to 2021-11-28T10:16:00+00:00
[2021-11-28 10:17:33,894] {processor.py:171} INFO - Processing /home/airflow/.local/lib/python3.7/site-packages/airflow/example_dags/example_branch_python_dop_operator_3.py took 0.074 seconds
