[2021-11-28 09:44:56,785] {processor.py:163} INFO - Started process (PID=170) to work on /home/airflow/.local/lib/python3.7/site-packages/airflow/example_dags/tutorial.py
[2021-11-28 09:44:56,786] {processor.py:625} INFO - Processing file /home/airflow/.local/lib/python3.7/site-packages/airflow/example_dags/tutorial.py for tasks to queue
[2021-11-28 09:44:56,787] {logging_mixin.py:109} INFO - [2021-11-28 09:44:56,787] {dagbag.py:500} INFO - Filling up the DagBag from /home/airflow/.local/lib/python3.7/site-packages/airflow/example_dags/tutorial.py
[2021-11-28 09:44:56,812] {processor.py:637} INFO - DAG(s) dict_keys(['tutorial']) retrieved from /home/airflow/.local/lib/python3.7/site-packages/airflow/example_dags/tutorial.py
[2021-11-28 09:44:57,799] {logging_mixin.py:109} INFO - [2021-11-28 09:44:57,798] {providers_manager.py:156} WARNING - Exception when importing 'airflow.providers.google.leveldb.hooks.leveldb.LevelDBHook' from 'apache-airflow-providers-google' package: No module named 'plyvel'
[2021-11-28 09:44:58,058] {logging_mixin.py:109} INFO - [2021-11-28 09:44:58,058] {providers_manager.py:156} WARNING - Exception when importing 'airflow.providers.google.leveldb.hooks.leveldb.LevelDBHook' from 'apache-airflow-providers-google' package: No module named 'plyvel'
[2021-11-28 09:44:58,096] {logging_mixin.py:109} INFO - [2021-11-28 09:44:58,096] {manager.py:496} INFO - Created Permission View: can read on DAG:tutorial
[2021-11-28 09:44:58,119] {logging_mixin.py:109} INFO - [2021-11-28 09:44:58,119] {manager.py:496} INFO - Created Permission View: can edit on DAG:tutorial
[2021-11-28 09:44:58,120] {logging_mixin.py:109} INFO - [2021-11-28 09:44:58,119] {dag.py:2396} INFO - Sync 1 DAGs
[2021-11-28 09:44:58,126] {logging_mixin.py:109} INFO - [2021-11-28 09:44:58,125] {dag.py:2415} INFO - Creating ORM DAG for tutorial
[2021-11-28 09:44:58,132] {logging_mixin.py:109} INFO - [2021-11-28 09:44:58,132] {dag.py:2928} INFO - Setting next_dagrun for tutorial to 2021-11-27T09:44:58.132438+00:00
[2021-11-28 09:44:58,174] {processor.py:171} INFO - Processing /home/airflow/.local/lib/python3.7/site-packages/airflow/example_dags/tutorial.py took 1.392 seconds
[2021-11-28 09:45:28,238] {processor.py:163} INFO - Started process (PID=483) to work on /home/airflow/.local/lib/python3.7/site-packages/airflow/example_dags/tutorial.py
[2021-11-28 09:45:28,239] {processor.py:625} INFO - Processing file /home/airflow/.local/lib/python3.7/site-packages/airflow/example_dags/tutorial.py for tasks to queue
[2021-11-28 09:45:28,240] {logging_mixin.py:109} INFO - [2021-11-28 09:45:28,240] {dagbag.py:500} INFO - Filling up the DagBag from /home/airflow/.local/lib/python3.7/site-packages/airflow/example_dags/tutorial.py
[2021-11-28 09:45:28,267] {processor.py:637} INFO - DAG(s) dict_keys(['tutorial']) retrieved from /home/airflow/.local/lib/python3.7/site-packages/airflow/example_dags/tutorial.py
[2021-11-28 09:45:28,278] {logging_mixin.py:109} INFO - [2021-11-28 09:45:28,278] {dag.py:2396} INFO - Sync 1 DAGs
[2021-11-28 09:45:28,300] {logging_mixin.py:109} INFO - [2021-11-28 09:45:28,300] {dag.py:2928} INFO - Setting next_dagrun for tutorial to 2021-11-27T09:45:28.299933+00:00
[2021-11-28 09:45:28,308] {processor.py:171} INFO - Processing /home/airflow/.local/lib/python3.7/site-packages/airflow/example_dags/tutorial.py took 0.072 seconds
[2021-11-28 09:45:59,015] {processor.py:163} INFO - Started process (PID=540) to work on /home/airflow/.local/lib/python3.7/site-packages/airflow/example_dags/tutorial.py
[2021-11-28 09:45:59,016] {processor.py:625} INFO - Processing file /home/airflow/.local/lib/python3.7/site-packages/airflow/example_dags/tutorial.py for tasks to queue
[2021-11-28 09:45:59,017] {logging_mixin.py:109} INFO - [2021-11-28 09:45:59,016] {dagbag.py:500} INFO - Filling up the DagBag from /home/airflow/.local/lib/python3.7/site-packages/airflow/example_dags/tutorial.py
[2021-11-28 09:45:59,037] {processor.py:637} INFO - DAG(s) dict_keys(['tutorial']) retrieved from /home/airflow/.local/lib/python3.7/site-packages/airflow/example_dags/tutorial.py
[2021-11-28 09:45:59,046] {logging_mixin.py:109} INFO - [2021-11-28 09:45:59,046] {dag.py:2396} INFO - Sync 1 DAGs
[2021-11-28 09:45:59,061] {logging_mixin.py:109} INFO - [2021-11-28 09:45:59,061] {dag.py:2928} INFO - Setting next_dagrun for tutorial to 2021-11-27T09:45:59.061407+00:00
[2021-11-28 09:45:59,071] {processor.py:171} INFO - Processing /home/airflow/.local/lib/python3.7/site-packages/airflow/example_dags/tutorial.py took 0.058 seconds
[2021-11-28 09:46:29,205] {processor.py:163} INFO - Started process (PID=593) to work on /home/airflow/.local/lib/python3.7/site-packages/airflow/example_dags/tutorial.py
[2021-11-28 09:46:29,206] {processor.py:625} INFO - Processing file /home/airflow/.local/lib/python3.7/site-packages/airflow/example_dags/tutorial.py for tasks to queue
[2021-11-28 09:46:29,207] {logging_mixin.py:109} INFO - [2021-11-28 09:46:29,207] {dagbag.py:500} INFO - Filling up the DagBag from /home/airflow/.local/lib/python3.7/site-packages/airflow/example_dags/tutorial.py
[2021-11-28 09:46:29,231] {processor.py:637} INFO - DAG(s) dict_keys(['tutorial']) retrieved from /home/airflow/.local/lib/python3.7/site-packages/airflow/example_dags/tutorial.py
[2021-11-28 09:46:29,241] {logging_mixin.py:109} INFO - [2021-11-28 09:46:29,241] {dag.py:2396} INFO - Sync 1 DAGs
[2021-11-28 09:46:29,259] {logging_mixin.py:109} INFO - [2021-11-28 09:46:29,259] {dag.py:2928} INFO - Setting next_dagrun for tutorial to 2021-11-27T09:46:29.258904+00:00
[2021-11-28 09:46:29,273] {processor.py:171} INFO - Processing /home/airflow/.local/lib/python3.7/site-packages/airflow/example_dags/tutorial.py took 0.070 seconds
[2021-11-28 09:48:49,590] {processor.py:163} INFO - Started process (PID=41) to work on /home/airflow/.local/lib/python3.7/site-packages/airflow/example_dags/tutorial.py
[2021-11-28 09:48:49,591] {processor.py:625} INFO - Processing file /home/airflow/.local/lib/python3.7/site-packages/airflow/example_dags/tutorial.py for tasks to queue
[2021-11-28 09:48:49,591] {logging_mixin.py:109} INFO - [2021-11-28 09:48:49,591] {dagbag.py:500} INFO - Filling up the DagBag from /home/airflow/.local/lib/python3.7/site-packages/airflow/example_dags/tutorial.py
[2021-11-28 09:48:49,609] {processor.py:637} INFO - DAG(s) dict_keys(['tutorial']) retrieved from /home/airflow/.local/lib/python3.7/site-packages/airflow/example_dags/tutorial.py
[2021-11-28 09:48:49,618] {logging_mixin.py:109} INFO - [2021-11-28 09:48:49,618] {dag.py:2396} INFO - Sync 1 DAGs
[2021-11-28 09:48:49,632] {logging_mixin.py:109} INFO - [2021-11-28 09:48:49,631] {dag.py:2928} INFO - Setting next_dagrun for tutorial to 2021-11-27T09:48:49.631692+00:00
[2021-11-28 09:48:49,642] {processor.py:171} INFO - Processing /home/airflow/.local/lib/python3.7/site-packages/airflow/example_dags/tutorial.py took 0.054 seconds
[2021-11-28 09:49:20,781] {processor.py:163} INFO - Started process (PID=101) to work on /home/airflow/.local/lib/python3.7/site-packages/airflow/example_dags/tutorial.py
[2021-11-28 09:49:20,782] {processor.py:625} INFO - Processing file /home/airflow/.local/lib/python3.7/site-packages/airflow/example_dags/tutorial.py for tasks to queue
[2021-11-28 09:49:20,782] {logging_mixin.py:109} INFO - [2021-11-28 09:49:20,782] {dagbag.py:500} INFO - Filling up the DagBag from /home/airflow/.local/lib/python3.7/site-packages/airflow/example_dags/tutorial.py
[2021-11-28 09:49:20,800] {processor.py:637} INFO - DAG(s) dict_keys(['tutorial']) retrieved from /home/airflow/.local/lib/python3.7/site-packages/airflow/example_dags/tutorial.py
[2021-11-28 09:49:20,806] {logging_mixin.py:109} INFO - [2021-11-28 09:49:20,806] {dag.py:2396} INFO - Sync 1 DAGs
[2021-11-28 09:49:20,817] {logging_mixin.py:109} INFO - [2021-11-28 09:49:20,816] {dag.py:2928} INFO - Setting next_dagrun for tutorial to 2021-11-27T09:49:20.816797+00:00
[2021-11-28 09:49:20,825] {processor.py:171} INFO - Processing /home/airflow/.local/lib/python3.7/site-packages/airflow/example_dags/tutorial.py took 0.045 seconds
[2021-11-28 09:49:51,808] {processor.py:163} INFO - Started process (PID=152) to work on /home/airflow/.local/lib/python3.7/site-packages/airflow/example_dags/tutorial.py
[2021-11-28 09:49:51,809] {processor.py:625} INFO - Processing file /home/airflow/.local/lib/python3.7/site-packages/airflow/example_dags/tutorial.py for tasks to queue
[2021-11-28 09:49:51,810] {logging_mixin.py:109} INFO - [2021-11-28 09:49:51,810] {dagbag.py:500} INFO - Filling up the DagBag from /home/airflow/.local/lib/python3.7/site-packages/airflow/example_dags/tutorial.py
[2021-11-28 09:49:51,831] {processor.py:637} INFO - DAG(s) dict_keys(['tutorial']) retrieved from /home/airflow/.local/lib/python3.7/site-packages/airflow/example_dags/tutorial.py
[2021-11-28 09:49:51,841] {logging_mixin.py:109} INFO - [2021-11-28 09:49:51,841] {dag.py:2396} INFO - Sync 1 DAGs
[2021-11-28 09:49:51,859] {logging_mixin.py:109} INFO - [2021-11-28 09:49:51,858] {dag.py:2928} INFO - Setting next_dagrun for tutorial to 2021-11-27T09:49:51.858707+00:00
[2021-11-28 09:49:51,870] {processor.py:171} INFO - Processing /home/airflow/.local/lib/python3.7/site-packages/airflow/example_dags/tutorial.py took 0.064 seconds
[2021-11-28 09:50:22,757] {processor.py:163} INFO - Started process (PID=212) to work on /home/airflow/.local/lib/python3.7/site-packages/airflow/example_dags/tutorial.py
[2021-11-28 09:50:22,757] {processor.py:625} INFO - Processing file /home/airflow/.local/lib/python3.7/site-packages/airflow/example_dags/tutorial.py for tasks to queue
[2021-11-28 09:50:22,758] {logging_mixin.py:109} INFO - [2021-11-28 09:50:22,758] {dagbag.py:500} INFO - Filling up the DagBag from /home/airflow/.local/lib/python3.7/site-packages/airflow/example_dags/tutorial.py
[2021-11-28 09:50:22,776] {processor.py:637} INFO - DAG(s) dict_keys(['tutorial']) retrieved from /home/airflow/.local/lib/python3.7/site-packages/airflow/example_dags/tutorial.py
[2021-11-28 09:50:22,786] {logging_mixin.py:109} INFO - [2021-11-28 09:50:22,786] {dag.py:2396} INFO - Sync 1 DAGs
[2021-11-28 09:50:22,803] {logging_mixin.py:109} INFO - [2021-11-28 09:50:22,803] {dag.py:2928} INFO - Setting next_dagrun for tutorial to 2021-11-27T09:50:22.803433+00:00
[2021-11-28 09:50:22,814] {processor.py:171} INFO - Processing /home/airflow/.local/lib/python3.7/site-packages/airflow/example_dags/tutorial.py took 0.059 seconds
[2021-11-28 09:50:53,754] {processor.py:163} INFO - Started process (PID=272) to work on /home/airflow/.local/lib/python3.7/site-packages/airflow/example_dags/tutorial.py
[2021-11-28 09:50:53,755] {processor.py:625} INFO - Processing file /home/airflow/.local/lib/python3.7/site-packages/airflow/example_dags/tutorial.py for tasks to queue
[2021-11-28 09:50:53,756] {logging_mixin.py:109} INFO - [2021-11-28 09:50:53,756] {dagbag.py:500} INFO - Filling up the DagBag from /home/airflow/.local/lib/python3.7/site-packages/airflow/example_dags/tutorial.py
[2021-11-28 09:50:53,780] {processor.py:637} INFO - DAG(s) dict_keys(['tutorial']) retrieved from /home/airflow/.local/lib/python3.7/site-packages/airflow/example_dags/tutorial.py
[2021-11-28 09:50:53,788] {logging_mixin.py:109} INFO - [2021-11-28 09:50:53,788] {dag.py:2396} INFO - Sync 1 DAGs
[2021-11-28 09:50:53,802] {logging_mixin.py:109} INFO - [2021-11-28 09:50:53,802] {dag.py:2928} INFO - Setting next_dagrun for tutorial to 2021-11-27T09:50:53.802576+00:00
[2021-11-28 09:50:53,812] {processor.py:171} INFO - Processing /home/airflow/.local/lib/python3.7/site-packages/airflow/example_dags/tutorial.py took 0.061 seconds
[2021-11-28 09:51:48,130] {processor.py:163} INFO - Started process (PID=40) to work on /home/airflow/.local/lib/python3.7/site-packages/airflow/example_dags/tutorial.py
[2021-11-28 09:51:48,131] {processor.py:625} INFO - Processing file /home/airflow/.local/lib/python3.7/site-packages/airflow/example_dags/tutorial.py for tasks to queue
[2021-11-28 09:51:48,131] {logging_mixin.py:109} INFO - [2021-11-28 09:51:48,131] {dagbag.py:500} INFO - Filling up the DagBag from /home/airflow/.local/lib/python3.7/site-packages/airflow/example_dags/tutorial.py
[2021-11-28 09:51:48,147] {processor.py:637} INFO - DAG(s) dict_keys(['tutorial']) retrieved from /home/airflow/.local/lib/python3.7/site-packages/airflow/example_dags/tutorial.py
[2021-11-28 09:51:48,154] {logging_mixin.py:109} INFO - [2021-11-28 09:51:48,154] {dag.py:2396} INFO - Sync 1 DAGs
[2021-11-28 09:51:48,165] {logging_mixin.py:109} INFO - [2021-11-28 09:51:48,165] {dag.py:2928} INFO - Setting next_dagrun for tutorial to 2021-11-27T09:51:48.164896+00:00
[2021-11-28 09:51:48,173] {processor.py:171} INFO - Processing /home/airflow/.local/lib/python3.7/site-packages/airflow/example_dags/tutorial.py took 0.045 seconds
[2021-11-28 09:52:18,438] {processor.py:163} INFO - Started process (PID=102) to work on /home/airflow/.local/lib/python3.7/site-packages/airflow/example_dags/tutorial.py
[2021-11-28 09:52:18,439] {processor.py:625} INFO - Processing file /home/airflow/.local/lib/python3.7/site-packages/airflow/example_dags/tutorial.py for tasks to queue
[2021-11-28 09:52:18,440] {logging_mixin.py:109} INFO - [2021-11-28 09:52:18,440] {dagbag.py:500} INFO - Filling up the DagBag from /home/airflow/.local/lib/python3.7/site-packages/airflow/example_dags/tutorial.py
[2021-11-28 09:52:18,466] {processor.py:637} INFO - DAG(s) dict_keys(['tutorial']) retrieved from /home/airflow/.local/lib/python3.7/site-packages/airflow/example_dags/tutorial.py
[2021-11-28 09:52:18,477] {logging_mixin.py:109} INFO - [2021-11-28 09:52:18,477] {dag.py:2396} INFO - Sync 1 DAGs
[2021-11-28 09:52:18,490] {logging_mixin.py:109} INFO - [2021-11-28 09:52:18,490] {dag.py:2928} INFO - Setting next_dagrun for tutorial to 2021-11-27T09:52:18.489993+00:00
[2021-11-28 09:52:18,501] {processor.py:171} INFO - Processing /home/airflow/.local/lib/python3.7/site-packages/airflow/example_dags/tutorial.py took 0.066 seconds
[2021-11-28 09:52:49,401] {processor.py:163} INFO - Started process (PID=153) to work on /home/airflow/.local/lib/python3.7/site-packages/airflow/example_dags/tutorial.py
[2021-11-28 09:52:49,402] {processor.py:625} INFO - Processing file /home/airflow/.local/lib/python3.7/site-packages/airflow/example_dags/tutorial.py for tasks to queue
[2021-11-28 09:52:49,402] {logging_mixin.py:109} INFO - [2021-11-28 09:52:49,402] {dagbag.py:500} INFO - Filling up the DagBag from /home/airflow/.local/lib/python3.7/site-packages/airflow/example_dags/tutorial.py
[2021-11-28 09:52:49,420] {processor.py:637} INFO - DAG(s) dict_keys(['tutorial']) retrieved from /home/airflow/.local/lib/python3.7/site-packages/airflow/example_dags/tutorial.py
[2021-11-28 09:52:49,430] {logging_mixin.py:109} INFO - [2021-11-28 09:52:49,430] {dag.py:2396} INFO - Sync 1 DAGs
[2021-11-28 09:52:49,443] {logging_mixin.py:109} INFO - [2021-11-28 09:52:49,443] {dag.py:2928} INFO - Setting next_dagrun for tutorial to 2021-11-27T09:52:49.443140+00:00
[2021-11-28 09:52:49,451] {processor.py:171} INFO - Processing /home/airflow/.local/lib/python3.7/site-packages/airflow/example_dags/tutorial.py took 0.051 seconds
[2021-11-28 09:58:33,823] {processor.py:163} INFO - Started process (PID=40) to work on /home/airflow/.local/lib/python3.7/site-packages/airflow/example_dags/tutorial.py
[2021-11-28 09:58:33,824] {processor.py:625} INFO - Processing file /home/airflow/.local/lib/python3.7/site-packages/airflow/example_dags/tutorial.py for tasks to queue
[2021-11-28 09:58:33,825] {logging_mixin.py:109} INFO - [2021-11-28 09:58:33,825] {dagbag.py:500} INFO - Filling up the DagBag from /home/airflow/.local/lib/python3.7/site-packages/airflow/example_dags/tutorial.py
[2021-11-28 09:58:33,844] {processor.py:637} INFO - DAG(s) dict_keys(['tutorial']) retrieved from /home/airflow/.local/lib/python3.7/site-packages/airflow/example_dags/tutorial.py
[2021-11-28 09:58:33,851] {logging_mixin.py:109} INFO - [2021-11-28 09:58:33,851] {dag.py:2396} INFO - Sync 1 DAGs
[2021-11-28 09:58:33,863] {logging_mixin.py:109} INFO - [2021-11-28 09:58:33,863] {dag.py:2928} INFO - Setting next_dagrun for tutorial to 2021-11-27T09:58:33.863622+00:00
[2021-11-28 09:58:33,873] {processor.py:171} INFO - Processing /home/airflow/.local/lib/python3.7/site-packages/airflow/example_dags/tutorial.py took 0.052 seconds
[2021-11-28 09:59:04,759] {processor.py:163} INFO - Started process (PID=100) to work on /home/airflow/.local/lib/python3.7/site-packages/airflow/example_dags/tutorial.py
[2021-11-28 09:59:04,760] {processor.py:625} INFO - Processing file /home/airflow/.local/lib/python3.7/site-packages/airflow/example_dags/tutorial.py for tasks to queue
[2021-11-28 09:59:04,761] {logging_mixin.py:109} INFO - [2021-11-28 09:59:04,761] {dagbag.py:500} INFO - Filling up the DagBag from /home/airflow/.local/lib/python3.7/site-packages/airflow/example_dags/tutorial.py
[2021-11-28 09:59:04,786] {processor.py:637} INFO - DAG(s) dict_keys(['tutorial']) retrieved from /home/airflow/.local/lib/python3.7/site-packages/airflow/example_dags/tutorial.py
[2021-11-28 09:59:04,796] {logging_mixin.py:109} INFO - [2021-11-28 09:59:04,796] {dag.py:2396} INFO - Sync 1 DAGs
[2021-11-28 09:59:04,814] {logging_mixin.py:109} INFO - [2021-11-28 09:59:04,814] {dag.py:2928} INFO - Setting next_dagrun for tutorial to 2021-11-27T09:59:04.813732+00:00
[2021-11-28 09:59:04,828] {processor.py:171} INFO - Processing /home/airflow/.local/lib/python3.7/site-packages/airflow/example_dags/tutorial.py took 0.071 seconds
[2021-11-28 09:59:35,587] {processor.py:163} INFO - Started process (PID=151) to work on /home/airflow/.local/lib/python3.7/site-packages/airflow/example_dags/tutorial.py
[2021-11-28 09:59:35,589] {processor.py:625} INFO - Processing file /home/airflow/.local/lib/python3.7/site-packages/airflow/example_dags/tutorial.py for tasks to queue
[2021-11-28 09:59:35,589] {logging_mixin.py:109} INFO - [2021-11-28 09:59:35,589] {dagbag.py:500} INFO - Filling up the DagBag from /home/airflow/.local/lib/python3.7/site-packages/airflow/example_dags/tutorial.py
[2021-11-28 09:59:35,614] {processor.py:637} INFO - DAG(s) dict_keys(['tutorial']) retrieved from /home/airflow/.local/lib/python3.7/site-packages/airflow/example_dags/tutorial.py
[2021-11-28 09:59:35,621] {logging_mixin.py:109} INFO - [2021-11-28 09:59:35,621] {dag.py:2396} INFO - Sync 1 DAGs
[2021-11-28 09:59:35,632] {logging_mixin.py:109} INFO - [2021-11-28 09:59:35,632] {dag.py:2928} INFO - Setting next_dagrun for tutorial to 2021-11-27T09:59:35.632698+00:00
[2021-11-28 09:59:35,641] {processor.py:171} INFO - Processing /home/airflow/.local/lib/python3.7/site-packages/airflow/example_dags/tutorial.py took 0.057 seconds
[2021-11-28 10:00:06,511] {processor.py:163} INFO - Started process (PID=211) to work on /home/airflow/.local/lib/python3.7/site-packages/airflow/example_dags/tutorial.py
[2021-11-28 10:00:06,512] {processor.py:625} INFO - Processing file /home/airflow/.local/lib/python3.7/site-packages/airflow/example_dags/tutorial.py for tasks to queue
[2021-11-28 10:00:06,513] {logging_mixin.py:109} INFO - [2021-11-28 10:00:06,513] {dagbag.py:500} INFO - Filling up the DagBag from /home/airflow/.local/lib/python3.7/site-packages/airflow/example_dags/tutorial.py
[2021-11-28 10:00:06,539] {processor.py:637} INFO - DAG(s) dict_keys(['tutorial']) retrieved from /home/airflow/.local/lib/python3.7/site-packages/airflow/example_dags/tutorial.py
[2021-11-28 10:00:06,550] {logging_mixin.py:109} INFO - [2021-11-28 10:00:06,550] {dag.py:2396} INFO - Sync 1 DAGs
[2021-11-28 10:00:06,568] {logging_mixin.py:109} INFO - [2021-11-28 10:00:06,568] {dag.py:2928} INFO - Setting next_dagrun for tutorial to 2021-11-27T10:00:06.568071+00:00
[2021-11-28 10:00:06,579] {processor.py:171} INFO - Processing /home/airflow/.local/lib/python3.7/site-packages/airflow/example_dags/tutorial.py took 0.071 seconds
[2021-11-28 10:00:37,366] {processor.py:163} INFO - Started process (PID=271) to work on /home/airflow/.local/lib/python3.7/site-packages/airflow/example_dags/tutorial.py
[2021-11-28 10:00:37,367] {processor.py:625} INFO - Processing file /home/airflow/.local/lib/python3.7/site-packages/airflow/example_dags/tutorial.py for tasks to queue
[2021-11-28 10:00:37,368] {logging_mixin.py:109} INFO - [2021-11-28 10:00:37,368] {dagbag.py:500} INFO - Filling up the DagBag from /home/airflow/.local/lib/python3.7/site-packages/airflow/example_dags/tutorial.py
[2021-11-28 10:00:37,392] {processor.py:637} INFO - DAG(s) dict_keys(['tutorial']) retrieved from /home/airflow/.local/lib/python3.7/site-packages/airflow/example_dags/tutorial.py
[2021-11-28 10:00:37,398] {logging_mixin.py:109} INFO - [2021-11-28 10:00:37,397] {dag.py:2396} INFO - Sync 1 DAGs
[2021-11-28 10:00:37,408] {logging_mixin.py:109} INFO - [2021-11-28 10:00:37,408] {dag.py:2928} INFO - Setting next_dagrun for tutorial to 2021-11-27T10:00:37.408290+00:00
[2021-11-28 10:00:37,416] {processor.py:171} INFO - Processing /home/airflow/.local/lib/python3.7/site-packages/airflow/example_dags/tutorial.py took 0.053 seconds
[2021-11-28 10:01:08,279] {processor.py:163} INFO - Started process (PID=322) to work on /home/airflow/.local/lib/python3.7/site-packages/airflow/example_dags/tutorial.py
[2021-11-28 10:01:08,280] {processor.py:625} INFO - Processing file /home/airflow/.local/lib/python3.7/site-packages/airflow/example_dags/tutorial.py for tasks to queue
[2021-11-28 10:01:08,281] {logging_mixin.py:109} INFO - [2021-11-28 10:01:08,281] {dagbag.py:500} INFO - Filling up the DagBag from /home/airflow/.local/lib/python3.7/site-packages/airflow/example_dags/tutorial.py
[2021-11-28 10:01:08,306] {processor.py:637} INFO - DAG(s) dict_keys(['tutorial']) retrieved from /home/airflow/.local/lib/python3.7/site-packages/airflow/example_dags/tutorial.py
[2021-11-28 10:01:08,312] {logging_mixin.py:109} INFO - [2021-11-28 10:01:08,312] {dag.py:2396} INFO - Sync 1 DAGs
[2021-11-28 10:01:08,323] {logging_mixin.py:109} INFO - [2021-11-28 10:01:08,323] {dag.py:2928} INFO - Setting next_dagrun for tutorial to 2021-11-27T10:01:08.323453+00:00
[2021-11-28 10:01:08,332] {processor.py:171} INFO - Processing /home/airflow/.local/lib/python3.7/site-packages/airflow/example_dags/tutorial.py took 0.056 seconds
[2021-11-28 10:01:39,205] {processor.py:163} INFO - Started process (PID=382) to work on /home/airflow/.local/lib/python3.7/site-packages/airflow/example_dags/tutorial.py
[2021-11-28 10:01:39,206] {processor.py:625} INFO - Processing file /home/airflow/.local/lib/python3.7/site-packages/airflow/example_dags/tutorial.py for tasks to queue
[2021-11-28 10:01:39,207] {logging_mixin.py:109} INFO - [2021-11-28 10:01:39,207] {dagbag.py:500} INFO - Filling up the DagBag from /home/airflow/.local/lib/python3.7/site-packages/airflow/example_dags/tutorial.py
[2021-11-28 10:01:39,231] {processor.py:637} INFO - DAG(s) dict_keys(['tutorial']) retrieved from /home/airflow/.local/lib/python3.7/site-packages/airflow/example_dags/tutorial.py
[2021-11-28 10:01:39,242] {logging_mixin.py:109} INFO - [2021-11-28 10:01:39,241] {dag.py:2396} INFO - Sync 1 DAGs
[2021-11-28 10:01:39,258] {logging_mixin.py:109} INFO - [2021-11-28 10:01:39,258] {dag.py:2928} INFO - Setting next_dagrun for tutorial to 2021-11-27T10:01:39.258560+00:00
[2021-11-28 10:01:39,269] {processor.py:171} INFO - Processing /home/airflow/.local/lib/python3.7/site-packages/airflow/example_dags/tutorial.py took 0.066 seconds
[2021-11-28 10:02:10,162] {processor.py:163} INFO - Started process (PID=442) to work on /home/airflow/.local/lib/python3.7/site-packages/airflow/example_dags/tutorial.py
[2021-11-28 10:02:10,167] {processor.py:625} INFO - Processing file /home/airflow/.local/lib/python3.7/site-packages/airflow/example_dags/tutorial.py for tasks to queue
[2021-11-28 10:02:10,168] {logging_mixin.py:109} INFO - [2021-11-28 10:02:10,168] {dagbag.py:500} INFO - Filling up the DagBag from /home/airflow/.local/lib/python3.7/site-packages/airflow/example_dags/tutorial.py
[2021-11-28 10:02:10,196] {processor.py:637} INFO - DAG(s) dict_keys(['tutorial']) retrieved from /home/airflow/.local/lib/python3.7/site-packages/airflow/example_dags/tutorial.py
[2021-11-28 10:02:10,207] {logging_mixin.py:109} INFO - [2021-11-28 10:02:10,207] {dag.py:2396} INFO - Sync 1 DAGs
[2021-11-28 10:02:10,226] {logging_mixin.py:109} INFO - [2021-11-28 10:02:10,225] {dag.py:2928} INFO - Setting next_dagrun for tutorial to 2021-11-27T10:02:10.225581+00:00
[2021-11-28 10:02:10,238] {processor.py:171} INFO - Processing /home/airflow/.local/lib/python3.7/site-packages/airflow/example_dags/tutorial.py took 0.079 seconds
[2021-11-28 10:02:41,116] {processor.py:163} INFO - Started process (PID=493) to work on /home/airflow/.local/lib/python3.7/site-packages/airflow/example_dags/tutorial.py
[2021-11-28 10:02:41,118] {processor.py:625} INFO - Processing file /home/airflow/.local/lib/python3.7/site-packages/airflow/example_dags/tutorial.py for tasks to queue
[2021-11-28 10:02:41,118] {logging_mixin.py:109} INFO - [2021-11-28 10:02:41,118] {dagbag.py:500} INFO - Filling up the DagBag from /home/airflow/.local/lib/python3.7/site-packages/airflow/example_dags/tutorial.py
[2021-11-28 10:02:41,145] {processor.py:637} INFO - DAG(s) dict_keys(['tutorial']) retrieved from /home/airflow/.local/lib/python3.7/site-packages/airflow/example_dags/tutorial.py
[2021-11-28 10:02:41,157] {logging_mixin.py:109} INFO - [2021-11-28 10:02:41,157] {dag.py:2396} INFO - Sync 1 DAGs
[2021-11-28 10:02:41,173] {logging_mixin.py:109} INFO - [2021-11-28 10:02:41,173] {dag.py:2928} INFO - Setting next_dagrun for tutorial to 2021-11-27T10:02:41.173016+00:00
[2021-11-28 10:02:41,181] {processor.py:171} INFO - Processing /home/airflow/.local/lib/python3.7/site-packages/airflow/example_dags/tutorial.py took 0.068 seconds
[2021-11-28 10:03:11,985] {processor.py:163} INFO - Started process (PID=553) to work on /home/airflow/.local/lib/python3.7/site-packages/airflow/example_dags/tutorial.py
[2021-11-28 10:03:11,986] {processor.py:625} INFO - Processing file /home/airflow/.local/lib/python3.7/site-packages/airflow/example_dags/tutorial.py for tasks to queue
[2021-11-28 10:03:11,987] {logging_mixin.py:109} INFO - [2021-11-28 10:03:11,987] {dagbag.py:500} INFO - Filling up the DagBag from /home/airflow/.local/lib/python3.7/site-packages/airflow/example_dags/tutorial.py
[2021-11-28 10:03:12,015] {processor.py:637} INFO - DAG(s) dict_keys(['tutorial']) retrieved from /home/airflow/.local/lib/python3.7/site-packages/airflow/example_dags/tutorial.py
[2021-11-28 10:03:12,031] {logging_mixin.py:109} INFO - [2021-11-28 10:03:12,031] {dag.py:2396} INFO - Sync 1 DAGs
[2021-11-28 10:03:12,053] {logging_mixin.py:109} INFO - [2021-11-28 10:03:12,052] {dag.py:2928} INFO - Setting next_dagrun for tutorial to 2021-11-27T10:03:12.052669+00:00
[2021-11-28 10:03:12,063] {processor.py:171} INFO - Processing /home/airflow/.local/lib/python3.7/site-packages/airflow/example_dags/tutorial.py took 0.081 seconds
[2021-11-28 10:03:42,974] {processor.py:163} INFO - Started process (PID=604) to work on /home/airflow/.local/lib/python3.7/site-packages/airflow/example_dags/tutorial.py
[2021-11-28 10:03:42,975] {processor.py:625} INFO - Processing file /home/airflow/.local/lib/python3.7/site-packages/airflow/example_dags/tutorial.py for tasks to queue
[2021-11-28 10:03:42,975] {logging_mixin.py:109} INFO - [2021-11-28 10:03:42,975] {dagbag.py:500} INFO - Filling up the DagBag from /home/airflow/.local/lib/python3.7/site-packages/airflow/example_dags/tutorial.py
[2021-11-28 10:03:42,993] {processor.py:637} INFO - DAG(s) dict_keys(['tutorial']) retrieved from /home/airflow/.local/lib/python3.7/site-packages/airflow/example_dags/tutorial.py
[2021-11-28 10:03:42,999] {logging_mixin.py:109} INFO - [2021-11-28 10:03:42,999] {dag.py:2396} INFO - Sync 1 DAGs
[2021-11-28 10:03:43,009] {logging_mixin.py:109} INFO - [2021-11-28 10:03:43,009] {dag.py:2928} INFO - Setting next_dagrun for tutorial to 2021-11-27T10:03:43.009557+00:00
[2021-11-28 10:03:43,018] {processor.py:171} INFO - Processing /home/airflow/.local/lib/python3.7/site-packages/airflow/example_dags/tutorial.py took 0.045 seconds
[2021-11-28 10:04:13,865] {processor.py:163} INFO - Started process (PID=664) to work on /home/airflow/.local/lib/python3.7/site-packages/airflow/example_dags/tutorial.py
[2021-11-28 10:04:13,866] {processor.py:625} INFO - Processing file /home/airflow/.local/lib/python3.7/site-packages/airflow/example_dags/tutorial.py for tasks to queue
[2021-11-28 10:04:13,867] {logging_mixin.py:109} INFO - [2021-11-28 10:04:13,867] {dagbag.py:500} INFO - Filling up the DagBag from /home/airflow/.local/lib/python3.7/site-packages/airflow/example_dags/tutorial.py
[2021-11-28 10:04:13,889] {processor.py:637} INFO - DAG(s) dict_keys(['tutorial']) retrieved from /home/airflow/.local/lib/python3.7/site-packages/airflow/example_dags/tutorial.py
[2021-11-28 10:04:13,895] {logging_mixin.py:109} INFO - [2021-11-28 10:04:13,895] {dag.py:2396} INFO - Sync 1 DAGs
[2021-11-28 10:04:13,905] {logging_mixin.py:109} INFO - [2021-11-28 10:04:13,905] {dag.py:2928} INFO - Setting next_dagrun for tutorial to 2021-11-27T10:04:13.905328+00:00
[2021-11-28 10:04:13,913] {processor.py:171} INFO - Processing /home/airflow/.local/lib/python3.7/site-packages/airflow/example_dags/tutorial.py took 0.050 seconds
[2021-11-28 10:04:45,010] {processor.py:163} INFO - Started process (PID=724) to work on /home/airflow/.local/lib/python3.7/site-packages/airflow/example_dags/tutorial.py
[2021-11-28 10:04:45,010] {processor.py:625} INFO - Processing file /home/airflow/.local/lib/python3.7/site-packages/airflow/example_dags/tutorial.py for tasks to queue
[2021-11-28 10:04:45,011] {logging_mixin.py:109} INFO - [2021-11-28 10:04:45,011] {dagbag.py:500} INFO - Filling up the DagBag from /home/airflow/.local/lib/python3.7/site-packages/airflow/example_dags/tutorial.py
[2021-11-28 10:04:45,033] {processor.py:637} INFO - DAG(s) dict_keys(['tutorial']) retrieved from /home/airflow/.local/lib/python3.7/site-packages/airflow/example_dags/tutorial.py
[2021-11-28 10:04:45,045] {logging_mixin.py:109} INFO - [2021-11-28 10:04:45,045] {dag.py:2396} INFO - Sync 1 DAGs
[2021-11-28 10:04:45,065] {logging_mixin.py:109} INFO - [2021-11-28 10:04:45,065] {dag.py:2928} INFO - Setting next_dagrun for tutorial to 2021-11-27T10:04:45.064773+00:00
[2021-11-28 10:04:45,080] {processor.py:171} INFO - Processing /home/airflow/.local/lib/python3.7/site-packages/airflow/example_dags/tutorial.py took 0.072 seconds
[2021-11-28 10:05:15,966] {processor.py:163} INFO - Started process (PID=775) to work on /home/airflow/.local/lib/python3.7/site-packages/airflow/example_dags/tutorial.py
[2021-11-28 10:05:15,968] {processor.py:625} INFO - Processing file /home/airflow/.local/lib/python3.7/site-packages/airflow/example_dags/tutorial.py for tasks to queue
[2021-11-28 10:05:15,968] {logging_mixin.py:109} INFO - [2021-11-28 10:05:15,968] {dagbag.py:500} INFO - Filling up the DagBag from /home/airflow/.local/lib/python3.7/site-packages/airflow/example_dags/tutorial.py
[2021-11-28 10:05:15,993] {processor.py:637} INFO - DAG(s) dict_keys(['tutorial']) retrieved from /home/airflow/.local/lib/python3.7/site-packages/airflow/example_dags/tutorial.py
[2021-11-28 10:05:16,000] {logging_mixin.py:109} INFO - [2021-11-28 10:05:16,000] {dag.py:2396} INFO - Sync 1 DAGs
[2021-11-28 10:05:16,013] {logging_mixin.py:109} INFO - [2021-11-28 10:05:16,013] {dag.py:2928} INFO - Setting next_dagrun for tutorial to 2021-11-27T10:05:16.013482+00:00
[2021-11-28 10:05:16,022] {processor.py:171} INFO - Processing /home/airflow/.local/lib/python3.7/site-packages/airflow/example_dags/tutorial.py took 0.059 seconds
[2021-11-28 10:05:47,036] {processor.py:163} INFO - Started process (PID=835) to work on /home/airflow/.local/lib/python3.7/site-packages/airflow/example_dags/tutorial.py
[2021-11-28 10:05:47,037] {processor.py:625} INFO - Processing file /home/airflow/.local/lib/python3.7/site-packages/airflow/example_dags/tutorial.py for tasks to queue
[2021-11-28 10:05:47,038] {logging_mixin.py:109} INFO - [2021-11-28 10:05:47,038] {dagbag.py:500} INFO - Filling up the DagBag from /home/airflow/.local/lib/python3.7/site-packages/airflow/example_dags/tutorial.py
[2021-11-28 10:05:47,066] {processor.py:637} INFO - DAG(s) dict_keys(['tutorial']) retrieved from /home/airflow/.local/lib/python3.7/site-packages/airflow/example_dags/tutorial.py
[2021-11-28 10:05:47,077] {logging_mixin.py:109} INFO - [2021-11-28 10:05:47,077] {dag.py:2396} INFO - Sync 1 DAGs
[2021-11-28 10:05:47,097] {logging_mixin.py:109} INFO - [2021-11-28 10:05:47,097] {dag.py:2928} INFO - Setting next_dagrun for tutorial to 2021-11-27T10:05:47.097099+00:00
[2021-11-28 10:05:47,109] {processor.py:171} INFO - Processing /home/airflow/.local/lib/python3.7/site-packages/airflow/example_dags/tutorial.py took 0.075 seconds
[2021-11-28 10:06:17,242] {processor.py:163} INFO - Started process (PID=885) to work on /home/airflow/.local/lib/python3.7/site-packages/airflow/example_dags/tutorial.py
[2021-11-28 10:06:17,243] {processor.py:625} INFO - Processing file /home/airflow/.local/lib/python3.7/site-packages/airflow/example_dags/tutorial.py for tasks to queue
[2021-11-28 10:06:17,244] {logging_mixin.py:109} INFO - [2021-11-28 10:06:17,244] {dagbag.py:500} INFO - Filling up the DagBag from /home/airflow/.local/lib/python3.7/site-packages/airflow/example_dags/tutorial.py
[2021-11-28 10:06:17,268] {processor.py:637} INFO - DAG(s) dict_keys(['tutorial']) retrieved from /home/airflow/.local/lib/python3.7/site-packages/airflow/example_dags/tutorial.py
[2021-11-28 10:06:17,276] {logging_mixin.py:109} INFO - [2021-11-28 10:06:17,276] {dag.py:2396} INFO - Sync 1 DAGs
[2021-11-28 10:06:17,288] {logging_mixin.py:109} INFO - [2021-11-28 10:06:17,288] {dag.py:2928} INFO - Setting next_dagrun for tutorial to 2021-11-27T10:06:17.288671+00:00
[2021-11-28 10:06:17,356] {processor.py:171} INFO - Processing /home/airflow/.local/lib/python3.7/site-packages/airflow/example_dags/tutorial.py took 0.117 seconds
[2021-11-28 10:06:48,029] {processor.py:163} INFO - Started process (PID=946) to work on /home/airflow/.local/lib/python3.7/site-packages/airflow/example_dags/tutorial.py
[2021-11-28 10:06:48,031] {processor.py:625} INFO - Processing file /home/airflow/.local/lib/python3.7/site-packages/airflow/example_dags/tutorial.py for tasks to queue
[2021-11-28 10:06:48,031] {logging_mixin.py:109} INFO - [2021-11-28 10:06:48,031] {dagbag.py:500} INFO - Filling up the DagBag from /home/airflow/.local/lib/python3.7/site-packages/airflow/example_dags/tutorial.py
[2021-11-28 10:06:48,059] {processor.py:637} INFO - DAG(s) dict_keys(['tutorial']) retrieved from /home/airflow/.local/lib/python3.7/site-packages/airflow/example_dags/tutorial.py
[2021-11-28 10:06:48,071] {logging_mixin.py:109} INFO - [2021-11-28 10:06:48,070] {dag.py:2396} INFO - Sync 1 DAGs
[2021-11-28 10:06:48,091] {logging_mixin.py:109} INFO - [2021-11-28 10:06:48,091] {dag.py:2928} INFO - Setting next_dagrun for tutorial to 2021-11-27T10:06:48.091021+00:00
[2021-11-28 10:06:48,171] {processor.py:171} INFO - Processing /home/airflow/.local/lib/python3.7/site-packages/airflow/example_dags/tutorial.py took 0.144 seconds
[2021-11-28 10:07:18,691] {processor.py:163} INFO - Started process (PID=997) to work on /home/airflow/.local/lib/python3.7/site-packages/airflow/example_dags/tutorial.py
[2021-11-28 10:07:18,691] {processor.py:625} INFO - Processing file /home/airflow/.local/lib/python3.7/site-packages/airflow/example_dags/tutorial.py for tasks to queue
[2021-11-28 10:07:18,692] {logging_mixin.py:109} INFO - [2021-11-28 10:07:18,692] {dagbag.py:500} INFO - Filling up the DagBag from /home/airflow/.local/lib/python3.7/site-packages/airflow/example_dags/tutorial.py
[2021-11-28 10:07:18,728] {processor.py:637} INFO - DAG(s) dict_keys(['tutorial']) retrieved from /home/airflow/.local/lib/python3.7/site-packages/airflow/example_dags/tutorial.py
[2021-11-28 10:07:18,735] {logging_mixin.py:109} INFO - [2021-11-28 10:07:18,735] {dag.py:2396} INFO - Sync 1 DAGs
[2021-11-28 10:07:18,814] {logging_mixin.py:109} INFO - [2021-11-28 10:07:18,814] {dag.py:2928} INFO - Setting next_dagrun for tutorial to 2021-11-27T10:07:18.814047+00:00
[2021-11-28 10:07:18,824] {processor.py:171} INFO - Processing /home/airflow/.local/lib/python3.7/site-packages/airflow/example_dags/tutorial.py took 0.135 seconds
[2021-11-28 10:07:49,522] {processor.py:163} INFO - Started process (PID=1057) to work on /home/airflow/.local/lib/python3.7/site-packages/airflow/example_dags/tutorial.py
[2021-11-28 10:07:49,523] {processor.py:625} INFO - Processing file /home/airflow/.local/lib/python3.7/site-packages/airflow/example_dags/tutorial.py for tasks to queue
[2021-11-28 10:07:49,523] {logging_mixin.py:109} INFO - [2021-11-28 10:07:49,523] {dagbag.py:500} INFO - Filling up the DagBag from /home/airflow/.local/lib/python3.7/site-packages/airflow/example_dags/tutorial.py
[2021-11-28 10:07:49,545] {processor.py:637} INFO - DAG(s) dict_keys(['tutorial']) retrieved from /home/airflow/.local/lib/python3.7/site-packages/airflow/example_dags/tutorial.py
[2021-11-28 10:07:49,555] {logging_mixin.py:109} INFO - [2021-11-28 10:07:49,555] {dag.py:2396} INFO - Sync 1 DAGs
[2021-11-28 10:07:49,655] {logging_mixin.py:109} INFO - [2021-11-28 10:07:49,655] {dag.py:2928} INFO - Setting next_dagrun for tutorial to 2021-11-27T10:07:49.655446+00:00
[2021-11-28 10:07:49,668] {processor.py:171} INFO - Processing /home/airflow/.local/lib/python3.7/site-packages/airflow/example_dags/tutorial.py took 0.147 seconds
[2021-11-28 10:08:20,329] {processor.py:163} INFO - Started process (PID=1117) to work on /home/airflow/.local/lib/python3.7/site-packages/airflow/example_dags/tutorial.py
[2021-11-28 10:08:20,330] {processor.py:625} INFO - Processing file /home/airflow/.local/lib/python3.7/site-packages/airflow/example_dags/tutorial.py for tasks to queue
[2021-11-28 10:08:20,331] {logging_mixin.py:109} INFO - [2021-11-28 10:08:20,330] {dagbag.py:500} INFO - Filling up the DagBag from /home/airflow/.local/lib/python3.7/site-packages/airflow/example_dags/tutorial.py
[2021-11-28 10:08:20,357] {processor.py:637} INFO - DAG(s) dict_keys(['tutorial']) retrieved from /home/airflow/.local/lib/python3.7/site-packages/airflow/example_dags/tutorial.py
[2021-11-28 10:08:20,364] {logging_mixin.py:109} INFO - [2021-11-28 10:08:20,364] {dag.py:2396} INFO - Sync 1 DAGs
[2021-11-28 10:08:20,446] {logging_mixin.py:109} INFO - [2021-11-28 10:08:20,446] {dag.py:2928} INFO - Setting next_dagrun for tutorial to 2021-11-27T10:08:20.446474+00:00
[2021-11-28 10:08:20,455] {processor.py:171} INFO - Processing /home/airflow/.local/lib/python3.7/site-packages/airflow/example_dags/tutorial.py took 0.128 seconds
[2021-11-28 10:08:51,107] {processor.py:163} INFO - Started process (PID=1168) to work on /home/airflow/.local/lib/python3.7/site-packages/airflow/example_dags/tutorial.py
[2021-11-28 10:08:51,107] {processor.py:625} INFO - Processing file /home/airflow/.local/lib/python3.7/site-packages/airflow/example_dags/tutorial.py for tasks to queue
[2021-11-28 10:08:51,108] {logging_mixin.py:109} INFO - [2021-11-28 10:08:51,108] {dagbag.py:500} INFO - Filling up the DagBag from /home/airflow/.local/lib/python3.7/site-packages/airflow/example_dags/tutorial.py
[2021-11-28 10:08:51,194] {processor.py:637} INFO - DAG(s) dict_keys(['tutorial']) retrieved from /home/airflow/.local/lib/python3.7/site-packages/airflow/example_dags/tutorial.py
[2021-11-28 10:08:51,202] {logging_mixin.py:109} INFO - [2021-11-28 10:08:51,202] {dag.py:2396} INFO - Sync 1 DAGs
[2021-11-28 10:08:51,212] {logging_mixin.py:109} INFO - [2021-11-28 10:08:51,212] {dag.py:2928} INFO - Setting next_dagrun for tutorial to 2021-11-27T10:08:51.212564+00:00
[2021-11-28 10:08:51,222] {processor.py:171} INFO - Processing /home/airflow/.local/lib/python3.7/site-packages/airflow/example_dags/tutorial.py took 0.117 seconds
[2021-11-28 10:09:21,902] {processor.py:163} INFO - Started process (PID=1228) to work on /home/airflow/.local/lib/python3.7/site-packages/airflow/example_dags/tutorial.py
[2021-11-28 10:09:21,903] {processor.py:625} INFO - Processing file /home/airflow/.local/lib/python3.7/site-packages/airflow/example_dags/tutorial.py for tasks to queue
[2021-11-28 10:09:21,904] {logging_mixin.py:109} INFO - [2021-11-28 10:09:21,904] {dagbag.py:500} INFO - Filling up the DagBag from /home/airflow/.local/lib/python3.7/site-packages/airflow/example_dags/tutorial.py
[2021-11-28 10:09:22,013] {processor.py:637} INFO - DAG(s) dict_keys(['tutorial']) retrieved from /home/airflow/.local/lib/python3.7/site-packages/airflow/example_dags/tutorial.py
[2021-11-28 10:09:22,019] {logging_mixin.py:109} INFO - [2021-11-28 10:09:22,019] {dag.py:2396} INFO - Sync 1 DAGs
[2021-11-28 10:09:22,031] {logging_mixin.py:109} INFO - [2021-11-28 10:09:22,031] {dag.py:2928} INFO - Setting next_dagrun for tutorial to 2021-11-27T10:09:22.031575+00:00
[2021-11-28 10:09:22,042] {processor.py:171} INFO - Processing /home/airflow/.local/lib/python3.7/site-packages/airflow/example_dags/tutorial.py took 0.143 seconds
[2021-11-28 10:09:52,664] {processor.py:163} INFO - Started process (PID=1279) to work on /home/airflow/.local/lib/python3.7/site-packages/airflow/example_dags/tutorial.py
[2021-11-28 10:09:52,665] {processor.py:625} INFO - Processing file /home/airflow/.local/lib/python3.7/site-packages/airflow/example_dags/tutorial.py for tasks to queue
[2021-11-28 10:09:52,665] {logging_mixin.py:109} INFO - [2021-11-28 10:09:52,665] {dagbag.py:500} INFO - Filling up the DagBag from /home/airflow/.local/lib/python3.7/site-packages/airflow/example_dags/tutorial.py
[2021-11-28 10:09:52,752] {processor.py:637} INFO - DAG(s) dict_keys(['tutorial']) retrieved from /home/airflow/.local/lib/python3.7/site-packages/airflow/example_dags/tutorial.py
[2021-11-28 10:09:52,758] {logging_mixin.py:109} INFO - [2021-11-28 10:09:52,758] {dag.py:2396} INFO - Sync 1 DAGs
[2021-11-28 10:09:52,767] {logging_mixin.py:109} INFO - [2021-11-28 10:09:52,767] {dag.py:2928} INFO - Setting next_dagrun for tutorial to 2021-11-27T10:09:52.767455+00:00
[2021-11-28 10:09:52,775] {processor.py:171} INFO - Processing /home/airflow/.local/lib/python3.7/site-packages/airflow/example_dags/tutorial.py took 0.114 seconds
[2021-11-28 10:10:23,325] {processor.py:163} INFO - Started process (PID=1339) to work on /home/airflow/.local/lib/python3.7/site-packages/airflow/example_dags/tutorial.py
[2021-11-28 10:10:23,326] {processor.py:625} INFO - Processing file /home/airflow/.local/lib/python3.7/site-packages/airflow/example_dags/tutorial.py for tasks to queue
[2021-11-28 10:10:23,327] {logging_mixin.py:109} INFO - [2021-11-28 10:10:23,326] {dagbag.py:500} INFO - Filling up the DagBag from /home/airflow/.local/lib/python3.7/site-packages/airflow/example_dags/tutorial.py
[2021-11-28 10:10:23,421] {processor.py:637} INFO - DAG(s) dict_keys(['tutorial']) retrieved from /home/airflow/.local/lib/python3.7/site-packages/airflow/example_dags/tutorial.py
[2021-11-28 10:10:23,426] {logging_mixin.py:109} INFO - [2021-11-28 10:10:23,426] {dag.py:2396} INFO - Sync 1 DAGs
[2021-11-28 10:10:23,436] {logging_mixin.py:109} INFO - [2021-11-28 10:10:23,436] {dag.py:2928} INFO - Setting next_dagrun for tutorial to 2021-11-27T10:10:23.436567+00:00
[2021-11-28 10:10:23,444] {processor.py:171} INFO - Processing /home/airflow/.local/lib/python3.7/site-packages/airflow/example_dags/tutorial.py took 0.122 seconds
[2021-11-28 10:10:53,614] {processor.py:163} INFO - Started process (PID=1398) to work on /home/airflow/.local/lib/python3.7/site-packages/airflow/example_dags/tutorial.py
[2021-11-28 10:10:53,616] {processor.py:625} INFO - Processing file /home/airflow/.local/lib/python3.7/site-packages/airflow/example_dags/tutorial.py for tasks to queue
[2021-11-28 10:10:53,616] {logging_mixin.py:109} INFO - [2021-11-28 10:10:53,616] {dagbag.py:500} INFO - Filling up the DagBag from /home/airflow/.local/lib/python3.7/site-packages/airflow/example_dags/tutorial.py
[2021-11-28 10:10:53,644] {processor.py:637} INFO - DAG(s) dict_keys(['tutorial']) retrieved from /home/airflow/.local/lib/python3.7/site-packages/airflow/example_dags/tutorial.py
[2021-11-28 10:10:53,656] {logging_mixin.py:109} INFO - [2021-11-28 10:10:53,656] {dag.py:2396} INFO - Sync 1 DAGs
[2021-11-28 10:10:53,677] {logging_mixin.py:109} INFO - [2021-11-28 10:10:53,677] {dag.py:2928} INFO - Setting next_dagrun for tutorial to 2021-11-27T10:10:53.677357+00:00
[2021-11-28 10:10:53,690] {processor.py:171} INFO - Processing /home/airflow/.local/lib/python3.7/site-packages/airflow/example_dags/tutorial.py took 0.078 seconds
[2021-11-28 10:11:24,585] {processor.py:163} INFO - Started process (PID=1450) to work on /home/airflow/.local/lib/python3.7/site-packages/airflow/example_dags/tutorial.py
[2021-11-28 10:11:24,586] {processor.py:625} INFO - Processing file /home/airflow/.local/lib/python3.7/site-packages/airflow/example_dags/tutorial.py for tasks to queue
[2021-11-28 10:11:24,587] {logging_mixin.py:109} INFO - [2021-11-28 10:11:24,587] {dagbag.py:500} INFO - Filling up the DagBag from /home/airflow/.local/lib/python3.7/site-packages/airflow/example_dags/tutorial.py
[2021-11-28 10:11:24,614] {processor.py:637} INFO - DAG(s) dict_keys(['tutorial']) retrieved from /home/airflow/.local/lib/python3.7/site-packages/airflow/example_dags/tutorial.py
[2021-11-28 10:11:24,624] {logging_mixin.py:109} INFO - [2021-11-28 10:11:24,624] {dag.py:2396} INFO - Sync 1 DAGs
[2021-11-28 10:11:24,642] {logging_mixin.py:109} INFO - [2021-11-28 10:11:24,642] {dag.py:2928} INFO - Setting next_dagrun for tutorial to 2021-11-27T10:11:24.642009+00:00
[2021-11-28 10:11:24,654] {processor.py:171} INFO - Processing /home/airflow/.local/lib/python3.7/site-packages/airflow/example_dags/tutorial.py took 0.072 seconds
[2021-11-28 10:11:55,350] {processor.py:163} INFO - Started process (PID=1510) to work on /home/airflow/.local/lib/python3.7/site-packages/airflow/example_dags/tutorial.py
[2021-11-28 10:11:55,352] {processor.py:625} INFO - Processing file /home/airflow/.local/lib/python3.7/site-packages/airflow/example_dags/tutorial.py for tasks to queue
[2021-11-28 10:11:55,352] {logging_mixin.py:109} INFO - [2021-11-28 10:11:55,352] {dagbag.py:500} INFO - Filling up the DagBag from /home/airflow/.local/lib/python3.7/site-packages/airflow/example_dags/tutorial.py
[2021-11-28 10:11:55,381] {processor.py:637} INFO - DAG(s) dict_keys(['tutorial']) retrieved from /home/airflow/.local/lib/python3.7/site-packages/airflow/example_dags/tutorial.py
[2021-11-28 10:11:55,388] {logging_mixin.py:109} INFO - [2021-11-28 10:11:55,388] {dag.py:2396} INFO - Sync 1 DAGs
[2021-11-28 10:11:55,400] {logging_mixin.py:109} INFO - [2021-11-28 10:11:55,400] {dag.py:2928} INFO - Setting next_dagrun for tutorial to 2021-11-27T10:11:55.400488+00:00
[2021-11-28 10:11:55,409] {processor.py:171} INFO - Processing /home/airflow/.local/lib/python3.7/site-packages/airflow/example_dags/tutorial.py took 0.062 seconds
[2021-11-28 10:12:26,036] {processor.py:163} INFO - Started process (PID=1561) to work on /home/airflow/.local/lib/python3.7/site-packages/airflow/example_dags/tutorial.py
[2021-11-28 10:12:26,037] {processor.py:625} INFO - Processing file /home/airflow/.local/lib/python3.7/site-packages/airflow/example_dags/tutorial.py for tasks to queue
[2021-11-28 10:12:26,038] {logging_mixin.py:109} INFO - [2021-11-28 10:12:26,038] {dagbag.py:500} INFO - Filling up the DagBag from /home/airflow/.local/lib/python3.7/site-packages/airflow/example_dags/tutorial.py
[2021-11-28 10:12:26,063] {processor.py:637} INFO - DAG(s) dict_keys(['tutorial']) retrieved from /home/airflow/.local/lib/python3.7/site-packages/airflow/example_dags/tutorial.py
[2021-11-28 10:12:26,074] {logging_mixin.py:109} INFO - [2021-11-28 10:12:26,074] {dag.py:2396} INFO - Sync 1 DAGs
[2021-11-28 10:12:26,093] {logging_mixin.py:109} INFO - [2021-11-28 10:12:26,093] {dag.py:2928} INFO - Setting next_dagrun for tutorial to 2021-11-27T10:12:26.093086+00:00
[2021-11-28 10:12:26,106] {processor.py:171} INFO - Processing /home/airflow/.local/lib/python3.7/site-packages/airflow/example_dags/tutorial.py took 0.073 seconds
[2021-11-28 10:12:56,782] {processor.py:163} INFO - Started process (PID=1621) to work on /home/airflow/.local/lib/python3.7/site-packages/airflow/example_dags/tutorial.py
[2021-11-28 10:12:56,783] {processor.py:625} INFO - Processing file /home/airflow/.local/lib/python3.7/site-packages/airflow/example_dags/tutorial.py for tasks to queue
[2021-11-28 10:12:56,784] {logging_mixin.py:109} INFO - [2021-11-28 10:12:56,784] {dagbag.py:500} INFO - Filling up the DagBag from /home/airflow/.local/lib/python3.7/site-packages/airflow/example_dags/tutorial.py
[2021-11-28 10:12:56,809] {processor.py:637} INFO - DAG(s) dict_keys(['tutorial']) retrieved from /home/airflow/.local/lib/python3.7/site-packages/airflow/example_dags/tutorial.py
[2021-11-28 10:12:56,816] {logging_mixin.py:109} INFO - [2021-11-28 10:12:56,816] {dag.py:2396} INFO - Sync 1 DAGs
[2021-11-28 10:12:56,829] {logging_mixin.py:109} INFO - [2021-11-28 10:12:56,829] {dag.py:2928} INFO - Setting next_dagrun for tutorial to 2021-11-27T10:12:56.828863+00:00
[2021-11-28 10:12:56,838] {processor.py:171} INFO - Processing /home/airflow/.local/lib/python3.7/site-packages/airflow/example_dags/tutorial.py took 0.059 seconds
[2021-11-28 10:13:27,557] {processor.py:163} INFO - Started process (PID=1672) to work on /home/airflow/.local/lib/python3.7/site-packages/airflow/example_dags/tutorial.py
[2021-11-28 10:13:27,558] {processor.py:625} INFO - Processing file /home/airflow/.local/lib/python3.7/site-packages/airflow/example_dags/tutorial.py for tasks to queue
[2021-11-28 10:13:27,558] {logging_mixin.py:109} INFO - [2021-11-28 10:13:27,558] {dagbag.py:500} INFO - Filling up the DagBag from /home/airflow/.local/lib/python3.7/site-packages/airflow/example_dags/tutorial.py
[2021-11-28 10:13:27,585] {processor.py:637} INFO - DAG(s) dict_keys(['tutorial']) retrieved from /home/airflow/.local/lib/python3.7/site-packages/airflow/example_dags/tutorial.py
[2021-11-28 10:13:27,595] {logging_mixin.py:109} INFO - [2021-11-28 10:13:27,595] {dag.py:2396} INFO - Sync 1 DAGs
[2021-11-28 10:13:27,616] {logging_mixin.py:109} INFO - [2021-11-28 10:13:27,616] {dag.py:2928} INFO - Setting next_dagrun for tutorial to 2021-11-27T10:13:27.615749+00:00
[2021-11-28 10:13:27,627] {processor.py:171} INFO - Processing /home/airflow/.local/lib/python3.7/site-packages/airflow/example_dags/tutorial.py took 0.074 seconds
[2021-11-28 10:13:58,426] {processor.py:163} INFO - Started process (PID=1732) to work on /home/airflow/.local/lib/python3.7/site-packages/airflow/example_dags/tutorial.py
[2021-11-28 10:13:58,427] {processor.py:625} INFO - Processing file /home/airflow/.local/lib/python3.7/site-packages/airflow/example_dags/tutorial.py for tasks to queue
[2021-11-28 10:13:58,428] {logging_mixin.py:109} INFO - [2021-11-28 10:13:58,428] {dagbag.py:500} INFO - Filling up the DagBag from /home/airflow/.local/lib/python3.7/site-packages/airflow/example_dags/tutorial.py
[2021-11-28 10:13:58,455] {processor.py:637} INFO - DAG(s) dict_keys(['tutorial']) retrieved from /home/airflow/.local/lib/python3.7/site-packages/airflow/example_dags/tutorial.py
[2021-11-28 10:13:58,466] {logging_mixin.py:109} INFO - [2021-11-28 10:13:58,465] {dag.py:2396} INFO - Sync 1 DAGs
[2021-11-28 10:13:58,485] {logging_mixin.py:109} INFO - [2021-11-28 10:13:58,485] {dag.py:2928} INFO - Setting next_dagrun for tutorial to 2021-11-27T10:13:58.484758+00:00
[2021-11-28 10:13:58,496] {processor.py:171} INFO - Processing /home/airflow/.local/lib/python3.7/site-packages/airflow/example_dags/tutorial.py took 0.073 seconds
[2021-11-28 10:14:29,219] {processor.py:163} INFO - Started process (PID=1793) to work on /home/airflow/.local/lib/python3.7/site-packages/airflow/example_dags/tutorial.py
[2021-11-28 10:14:29,219] {processor.py:625} INFO - Processing file /home/airflow/.local/lib/python3.7/site-packages/airflow/example_dags/tutorial.py for tasks to queue
[2021-11-28 10:14:29,220] {logging_mixin.py:109} INFO - [2021-11-28 10:14:29,220] {dagbag.py:500} INFO - Filling up the DagBag from /home/airflow/.local/lib/python3.7/site-packages/airflow/example_dags/tutorial.py
[2021-11-28 10:14:29,237] {processor.py:637} INFO - DAG(s) dict_keys(['tutorial']) retrieved from /home/airflow/.local/lib/python3.7/site-packages/airflow/example_dags/tutorial.py
[2021-11-28 10:14:29,243] {logging_mixin.py:109} INFO - [2021-11-28 10:14:29,243] {dag.py:2396} INFO - Sync 1 DAGs
[2021-11-28 10:14:29,254] {logging_mixin.py:109} INFO - [2021-11-28 10:14:29,254] {dag.py:2928} INFO - Setting next_dagrun for tutorial to 2021-11-27T10:14:29.253867+00:00
[2021-11-28 10:14:29,262] {processor.py:171} INFO - Processing /home/airflow/.local/lib/python3.7/site-packages/airflow/example_dags/tutorial.py took 0.045 seconds
[2021-11-28 10:14:59,937] {processor.py:163} INFO - Started process (PID=1844) to work on /home/airflow/.local/lib/python3.7/site-packages/airflow/example_dags/tutorial.py
[2021-11-28 10:14:59,938] {processor.py:625} INFO - Processing file /home/airflow/.local/lib/python3.7/site-packages/airflow/example_dags/tutorial.py for tasks to queue
[2021-11-28 10:14:59,938] {logging_mixin.py:109} INFO - [2021-11-28 10:14:59,938] {dagbag.py:500} INFO - Filling up the DagBag from /home/airflow/.local/lib/python3.7/site-packages/airflow/example_dags/tutorial.py
[2021-11-28 10:14:59,958] {processor.py:637} INFO - DAG(s) dict_keys(['tutorial']) retrieved from /home/airflow/.local/lib/python3.7/site-packages/airflow/example_dags/tutorial.py
[2021-11-28 10:14:59,965] {logging_mixin.py:109} INFO - [2021-11-28 10:14:59,965] {dag.py:2396} INFO - Sync 1 DAGs
[2021-11-28 10:14:59,976] {logging_mixin.py:109} INFO - [2021-11-28 10:14:59,976] {dag.py:2928} INFO - Setting next_dagrun for tutorial to 2021-11-27T10:14:59.976204+00:00
[2021-11-28 10:14:59,984] {processor.py:171} INFO - Processing /home/airflow/.local/lib/python3.7/site-packages/airflow/example_dags/tutorial.py took 0.049 seconds
[2021-11-28 10:15:30,706] {processor.py:163} INFO - Started process (PID=1904) to work on /home/airflow/.local/lib/python3.7/site-packages/airflow/example_dags/tutorial.py
[2021-11-28 10:15:30,707] {processor.py:625} INFO - Processing file /home/airflow/.local/lib/python3.7/site-packages/airflow/example_dags/tutorial.py for tasks to queue
[2021-11-28 10:15:30,708] {logging_mixin.py:109} INFO - [2021-11-28 10:15:30,707] {dagbag.py:500} INFO - Filling up the DagBag from /home/airflow/.local/lib/python3.7/site-packages/airflow/example_dags/tutorial.py
[2021-11-28 10:15:30,734] {processor.py:637} INFO - DAG(s) dict_keys(['tutorial']) retrieved from /home/airflow/.local/lib/python3.7/site-packages/airflow/example_dags/tutorial.py
[2021-11-28 10:15:30,744] {logging_mixin.py:109} INFO - [2021-11-28 10:15:30,744] {dag.py:2396} INFO - Sync 1 DAGs
[2021-11-28 10:15:30,763] {logging_mixin.py:109} INFO - [2021-11-28 10:15:30,763] {dag.py:2928} INFO - Setting next_dagrun for tutorial to 2021-11-27T10:15:30.762797+00:00
[2021-11-28 10:15:30,776] {processor.py:171} INFO - Processing /home/airflow/.local/lib/python3.7/site-packages/airflow/example_dags/tutorial.py took 0.073 seconds
[2021-11-28 10:16:01,402] {processor.py:163} INFO - Started process (PID=1955) to work on /home/airflow/.local/lib/python3.7/site-packages/airflow/example_dags/tutorial.py
[2021-11-28 10:16:01,403] {processor.py:625} INFO - Processing file /home/airflow/.local/lib/python3.7/site-packages/airflow/example_dags/tutorial.py for tasks to queue
[2021-11-28 10:16:01,403] {logging_mixin.py:109} INFO - [2021-11-28 10:16:01,403] {dagbag.py:500} INFO - Filling up the DagBag from /home/airflow/.local/lib/python3.7/site-packages/airflow/example_dags/tutorial.py
[2021-11-28 10:16:01,427] {processor.py:637} INFO - DAG(s) dict_keys(['tutorial']) retrieved from /home/airflow/.local/lib/python3.7/site-packages/airflow/example_dags/tutorial.py
[2021-11-28 10:16:01,436] {logging_mixin.py:109} INFO - [2021-11-28 10:16:01,436] {dag.py:2396} INFO - Sync 1 DAGs
[2021-11-28 10:16:01,451] {logging_mixin.py:109} INFO - [2021-11-28 10:16:01,451] {dag.py:2928} INFO - Setting next_dagrun for tutorial to 2021-11-27T10:16:01.451148+00:00
[2021-11-28 10:16:01,461] {processor.py:171} INFO - Processing /home/airflow/.local/lib/python3.7/site-packages/airflow/example_dags/tutorial.py took 0.061 seconds
[2021-11-28 10:16:32,101] {processor.py:163} INFO - Started process (PID=2016) to work on /home/airflow/.local/lib/python3.7/site-packages/airflow/example_dags/tutorial.py
[2021-11-28 10:16:32,102] {processor.py:625} INFO - Processing file /home/airflow/.local/lib/python3.7/site-packages/airflow/example_dags/tutorial.py for tasks to queue
[2021-11-28 10:16:32,102] {logging_mixin.py:109} INFO - [2021-11-28 10:16:32,102] {dagbag.py:500} INFO - Filling up the DagBag from /home/airflow/.local/lib/python3.7/site-packages/airflow/example_dags/tutorial.py
[2021-11-28 10:16:32,126] {processor.py:637} INFO - DAG(s) dict_keys(['tutorial']) retrieved from /home/airflow/.local/lib/python3.7/site-packages/airflow/example_dags/tutorial.py
[2021-11-28 10:16:32,137] {logging_mixin.py:109} INFO - [2021-11-28 10:16:32,136] {dag.py:2396} INFO - Sync 1 DAGs
[2021-11-28 10:16:32,153] {logging_mixin.py:109} INFO - [2021-11-28 10:16:32,153] {dag.py:2928} INFO - Setting next_dagrun for tutorial to 2021-11-27T10:16:32.153620+00:00
[2021-11-28 10:16:32,161] {processor.py:171} INFO - Processing /home/airflow/.local/lib/python3.7/site-packages/airflow/example_dags/tutorial.py took 0.062 seconds
[2021-11-28 10:17:02,822] {processor.py:163} INFO - Started process (PID=2076) to work on /home/airflow/.local/lib/python3.7/site-packages/airflow/example_dags/tutorial.py
[2021-11-28 10:17:02,822] {processor.py:625} INFO - Processing file /home/airflow/.local/lib/python3.7/site-packages/airflow/example_dags/tutorial.py for tasks to queue
[2021-11-28 10:17:02,823] {logging_mixin.py:109} INFO - [2021-11-28 10:17:02,823] {dagbag.py:500} INFO - Filling up the DagBag from /home/airflow/.local/lib/python3.7/site-packages/airflow/example_dags/tutorial.py
[2021-11-28 10:17:02,846] {processor.py:637} INFO - DAG(s) dict_keys(['tutorial']) retrieved from /home/airflow/.local/lib/python3.7/site-packages/airflow/example_dags/tutorial.py
[2021-11-28 10:17:02,857] {logging_mixin.py:109} INFO - [2021-11-28 10:17:02,857] {dag.py:2396} INFO - Sync 1 DAGs
[2021-11-28 10:17:02,870] {logging_mixin.py:109} INFO - [2021-11-28 10:17:02,870] {dag.py:2928} INFO - Setting next_dagrun for tutorial to 2021-11-27T10:17:02.870526+00:00
[2021-11-28 10:17:02,879] {processor.py:171} INFO - Processing /home/airflow/.local/lib/python3.7/site-packages/airflow/example_dags/tutorial.py took 0.060 seconds
