[2021-11-28 09:44:45,868] {processor.py:163} INFO - Started process (PID=31) to work on /home/airflow/.local/lib/python3.7/site-packages/airflow/example_dags/tutorial_etl_dag.py
[2021-11-28 09:44:45,869] {processor.py:625} INFO - Processing file /home/airflow/.local/lib/python3.7/site-packages/airflow/example_dags/tutorial_etl_dag.py for tasks to queue
[2021-11-28 09:44:45,869] {logging_mixin.py:109} INFO - [2021-11-28 09:44:45,869] {dagbag.py:500} INFO - Filling up the DagBag from /home/airflow/.local/lib/python3.7/site-packages/airflow/example_dags/tutorial_etl_dag.py
[2021-11-28 09:44:45,896] {processor.py:637} INFO - DAG(s) dict_keys(['tutorial_etl_dag']) retrieved from /home/airflow/.local/lib/python3.7/site-packages/airflow/example_dags/tutorial_etl_dag.py
[2021-11-28 09:44:49,213] {logging_mixin.py:109} INFO - [2021-11-28 09:44:49,213] {providers_manager.py:156} WARNING - Exception when importing 'airflow.providers.google.leveldb.hooks.leveldb.LevelDBHook' from 'apache-airflow-providers-google' package: No module named 'plyvel'
[2021-11-28 09:44:50,134] {logging_mixin.py:109} INFO - [2021-11-28 09:44:50,134] {providers_manager.py:156} WARNING - Exception when importing 'airflow.providers.google.leveldb.hooks.leveldb.LevelDBHook' from 'apache-airflow-providers-google' package: No module named 'plyvel'
[2021-11-28 09:44:50,177] {logging_mixin.py:109} INFO - [2021-11-28 09:44:50,177] {manager.py:496} INFO - Created Permission View: can read on DAG:tutorial_etl_dag
[2021-11-28 09:44:50,192] {logging_mixin.py:109} INFO - [2021-11-28 09:44:50,192] {manager.py:496} INFO - Created Permission View: can edit on DAG:tutorial_etl_dag
[2021-11-28 09:44:50,193] {logging_mixin.py:109} INFO - [2021-11-28 09:44:50,192] {dag.py:2396} INFO - Sync 1 DAGs
[2021-11-28 09:44:50,198] {logging_mixin.py:109} INFO - [2021-11-28 09:44:50,198] {dag.py:2415} INFO - Creating ORM DAG for tutorial_etl_dag
[2021-11-28 09:44:50,205] {logging_mixin.py:109} INFO - [2021-11-28 09:44:50,205] {dag.py:2928} INFO - Setting next_dagrun for tutorial_etl_dag to None
[2021-11-28 09:44:50,221] {processor.py:171} INFO - Processing /home/airflow/.local/lib/python3.7/site-packages/airflow/example_dags/tutorial_etl_dag.py took 4.355 seconds
[2021-11-28 09:45:20,895] {processor.py:163} INFO - Started process (PID=464) to work on /home/airflow/.local/lib/python3.7/site-packages/airflow/example_dags/tutorial_etl_dag.py
[2021-11-28 09:45:20,896] {processor.py:625} INFO - Processing file /home/airflow/.local/lib/python3.7/site-packages/airflow/example_dags/tutorial_etl_dag.py for tasks to queue
[2021-11-28 09:45:20,896] {logging_mixin.py:109} INFO - [2021-11-28 09:45:20,896] {dagbag.py:500} INFO - Filling up the DagBag from /home/airflow/.local/lib/python3.7/site-packages/airflow/example_dags/tutorial_etl_dag.py
[2021-11-28 09:45:20,914] {processor.py:637} INFO - DAG(s) dict_keys(['tutorial_etl_dag']) retrieved from /home/airflow/.local/lib/python3.7/site-packages/airflow/example_dags/tutorial_etl_dag.py
[2021-11-28 09:45:20,921] {logging_mixin.py:109} INFO - [2021-11-28 09:45:20,921] {dag.py:2396} INFO - Sync 1 DAGs
[2021-11-28 09:45:20,937] {logging_mixin.py:109} INFO - [2021-11-28 09:45:20,936] {dag.py:2928} INFO - Setting next_dagrun for tutorial_etl_dag to None
[2021-11-28 09:45:20,945] {processor.py:171} INFO - Processing /home/airflow/.local/lib/python3.7/site-packages/airflow/example_dags/tutorial_etl_dag.py took 0.052 seconds
[2021-11-28 09:45:51,629] {processor.py:163} INFO - Started process (PID=524) to work on /home/airflow/.local/lib/python3.7/site-packages/airflow/example_dags/tutorial_etl_dag.py
[2021-11-28 09:45:51,630] {processor.py:625} INFO - Processing file /home/airflow/.local/lib/python3.7/site-packages/airflow/example_dags/tutorial_etl_dag.py for tasks to queue
[2021-11-28 09:45:51,631] {logging_mixin.py:109} INFO - [2021-11-28 09:45:51,631] {dagbag.py:500} INFO - Filling up the DagBag from /home/airflow/.local/lib/python3.7/site-packages/airflow/example_dags/tutorial_etl_dag.py
[2021-11-28 09:45:51,652] {processor.py:637} INFO - DAG(s) dict_keys(['tutorial_etl_dag']) retrieved from /home/airflow/.local/lib/python3.7/site-packages/airflow/example_dags/tutorial_etl_dag.py
[2021-11-28 09:45:51,663] {logging_mixin.py:109} INFO - [2021-11-28 09:45:51,663] {dag.py:2396} INFO - Sync 1 DAGs
[2021-11-28 09:45:51,678] {logging_mixin.py:109} INFO - [2021-11-28 09:45:51,678] {dag.py:2928} INFO - Setting next_dagrun for tutorial_etl_dag to None
[2021-11-28 09:45:51,687] {processor.py:171} INFO - Processing /home/airflow/.local/lib/python3.7/site-packages/airflow/example_dags/tutorial_etl_dag.py took 0.060 seconds
[2021-11-28 09:46:21,891] {processor.py:163} INFO - Started process (PID=575) to work on /home/airflow/.local/lib/python3.7/site-packages/airflow/example_dags/tutorial_etl_dag.py
[2021-11-28 09:46:21,892] {processor.py:625} INFO - Processing file /home/airflow/.local/lib/python3.7/site-packages/airflow/example_dags/tutorial_etl_dag.py for tasks to queue
[2021-11-28 09:46:21,892] {logging_mixin.py:109} INFO - [2021-11-28 09:46:21,892] {dagbag.py:500} INFO - Filling up the DagBag from /home/airflow/.local/lib/python3.7/site-packages/airflow/example_dags/tutorial_etl_dag.py
[2021-11-28 09:46:21,914] {processor.py:637} INFO - DAG(s) dict_keys(['tutorial_etl_dag']) retrieved from /home/airflow/.local/lib/python3.7/site-packages/airflow/example_dags/tutorial_etl_dag.py
[2021-11-28 09:46:21,921] {logging_mixin.py:109} INFO - [2021-11-28 09:46:21,921] {dag.py:2396} INFO - Sync 1 DAGs
[2021-11-28 09:46:21,931] {logging_mixin.py:109} INFO - [2021-11-28 09:46:21,931] {dag.py:2928} INFO - Setting next_dagrun for tutorial_etl_dag to None
[2021-11-28 09:46:21,940] {processor.py:171} INFO - Processing /home/airflow/.local/lib/python3.7/site-packages/airflow/example_dags/tutorial_etl_dag.py took 0.052 seconds
[2021-11-28 09:48:48,894] {processor.py:163} INFO - Started process (PID=31) to work on /home/airflow/.local/lib/python3.7/site-packages/airflow/example_dags/tutorial_etl_dag.py
[2021-11-28 09:48:48,895] {processor.py:625} INFO - Processing file /home/airflow/.local/lib/python3.7/site-packages/airflow/example_dags/tutorial_etl_dag.py for tasks to queue
[2021-11-28 09:48:48,895] {logging_mixin.py:109} INFO - [2021-11-28 09:48:48,895] {dagbag.py:500} INFO - Filling up the DagBag from /home/airflow/.local/lib/python3.7/site-packages/airflow/example_dags/tutorial_etl_dag.py
[2021-11-28 09:48:48,919] {processor.py:637} INFO - DAG(s) dict_keys(['tutorial_etl_dag']) retrieved from /home/airflow/.local/lib/python3.7/site-packages/airflow/example_dags/tutorial_etl_dag.py
[2021-11-28 09:48:48,928] {logging_mixin.py:109} INFO - [2021-11-28 09:48:48,928] {dag.py:2396} INFO - Sync 1 DAGs
[2021-11-28 09:48:48,945] {logging_mixin.py:109} INFO - [2021-11-28 09:48:48,945] {dag.py:2928} INFO - Setting next_dagrun for tutorial_etl_dag to None
[2021-11-28 09:48:48,955] {processor.py:171} INFO - Processing /home/airflow/.local/lib/python3.7/site-packages/airflow/example_dags/tutorial_etl_dag.py took 0.065 seconds
[2021-11-28 09:49:19,971] {processor.py:163} INFO - Started process (PID=91) to work on /home/airflow/.local/lib/python3.7/site-packages/airflow/example_dags/tutorial_etl_dag.py
[2021-11-28 09:49:19,972] {processor.py:625} INFO - Processing file /home/airflow/.local/lib/python3.7/site-packages/airflow/example_dags/tutorial_etl_dag.py for tasks to queue
[2021-11-28 09:49:19,973] {logging_mixin.py:109} INFO - [2021-11-28 09:49:19,973] {dagbag.py:500} INFO - Filling up the DagBag from /home/airflow/.local/lib/python3.7/site-packages/airflow/example_dags/tutorial_etl_dag.py
[2021-11-28 09:49:19,997] {processor.py:637} INFO - DAG(s) dict_keys(['tutorial_etl_dag']) retrieved from /home/airflow/.local/lib/python3.7/site-packages/airflow/example_dags/tutorial_etl_dag.py
[2021-11-28 09:49:20,010] {logging_mixin.py:109} INFO - [2021-11-28 09:49:20,010] {dag.py:2396} INFO - Sync 1 DAGs
[2021-11-28 09:49:20,032] {logging_mixin.py:109} INFO - [2021-11-28 09:49:20,032] {dag.py:2928} INFO - Setting next_dagrun for tutorial_etl_dag to None
[2021-11-28 09:49:20,043] {processor.py:171} INFO - Processing /home/airflow/.local/lib/python3.7/site-packages/airflow/example_dags/tutorial_etl_dag.py took 0.074 seconds
[2021-11-28 09:49:50,116] {processor.py:163} INFO - Started process (PID=142) to work on /home/airflow/.local/lib/python3.7/site-packages/airflow/example_dags/tutorial_etl_dag.py
[2021-11-28 09:49:50,117] {processor.py:625} INFO - Processing file /home/airflow/.local/lib/python3.7/site-packages/airflow/example_dags/tutorial_etl_dag.py for tasks to queue
[2021-11-28 09:49:50,118] {logging_mixin.py:109} INFO - [2021-11-28 09:49:50,118] {dagbag.py:500} INFO - Filling up the DagBag from /home/airflow/.local/lib/python3.7/site-packages/airflow/example_dags/tutorial_etl_dag.py
[2021-11-28 09:49:50,144] {processor.py:637} INFO - DAG(s) dict_keys(['tutorial_etl_dag']) retrieved from /home/airflow/.local/lib/python3.7/site-packages/airflow/example_dags/tutorial_etl_dag.py
[2021-11-28 09:49:50,153] {logging_mixin.py:109} INFO - [2021-11-28 09:49:50,153] {dag.py:2396} INFO - Sync 1 DAGs
[2021-11-28 09:49:50,171] {logging_mixin.py:109} INFO - [2021-11-28 09:49:50,170] {dag.py:2928} INFO - Setting next_dagrun for tutorial_etl_dag to None
[2021-11-28 09:49:50,181] {processor.py:171} INFO - Processing /home/airflow/.local/lib/python3.7/site-packages/airflow/example_dags/tutorial_etl_dag.py took 0.068 seconds
[2021-11-28 09:50:21,071] {processor.py:163} INFO - Started process (PID=202) to work on /home/airflow/.local/lib/python3.7/site-packages/airflow/example_dags/tutorial_etl_dag.py
[2021-11-28 09:50:21,072] {processor.py:625} INFO - Processing file /home/airflow/.local/lib/python3.7/site-packages/airflow/example_dags/tutorial_etl_dag.py for tasks to queue
[2021-11-28 09:50:21,072] {logging_mixin.py:109} INFO - [2021-11-28 09:50:21,072] {dagbag.py:500} INFO - Filling up the DagBag from /home/airflow/.local/lib/python3.7/site-packages/airflow/example_dags/tutorial_etl_dag.py
[2021-11-28 09:50:21,097] {processor.py:637} INFO - DAG(s) dict_keys(['tutorial_etl_dag']) retrieved from /home/airflow/.local/lib/python3.7/site-packages/airflow/example_dags/tutorial_etl_dag.py
[2021-11-28 09:50:21,108] {logging_mixin.py:109} INFO - [2021-11-28 09:50:21,108] {dag.py:2396} INFO - Sync 1 DAGs
[2021-11-28 09:50:21,127] {logging_mixin.py:109} INFO - [2021-11-28 09:50:21,126] {dag.py:2928} INFO - Setting next_dagrun for tutorial_etl_dag to None
[2021-11-28 09:50:21,138] {processor.py:171} INFO - Processing /home/airflow/.local/lib/python3.7/site-packages/airflow/example_dags/tutorial_etl_dag.py took 0.070 seconds
[2021-11-28 09:50:51,184] {processor.py:163} INFO - Started process (PID=253) to work on /home/airflow/.local/lib/python3.7/site-packages/airflow/example_dags/tutorial_etl_dag.py
[2021-11-28 09:50:51,185] {processor.py:625} INFO - Processing file /home/airflow/.local/lib/python3.7/site-packages/airflow/example_dags/tutorial_etl_dag.py for tasks to queue
[2021-11-28 09:50:51,186] {logging_mixin.py:109} INFO - [2021-11-28 09:50:51,185] {dagbag.py:500} INFO - Filling up the DagBag from /home/airflow/.local/lib/python3.7/site-packages/airflow/example_dags/tutorial_etl_dag.py
[2021-11-28 09:50:51,211] {processor.py:637} INFO - DAG(s) dict_keys(['tutorial_etl_dag']) retrieved from /home/airflow/.local/lib/python3.7/site-packages/airflow/example_dags/tutorial_etl_dag.py
[2021-11-28 09:50:51,223] {logging_mixin.py:109} INFO - [2021-11-28 09:50:51,223] {dag.py:2396} INFO - Sync 1 DAGs
[2021-11-28 09:50:51,243] {logging_mixin.py:109} INFO - [2021-11-28 09:50:51,243] {dag.py:2928} INFO - Setting next_dagrun for tutorial_etl_dag to None
[2021-11-28 09:50:51,253] {processor.py:171} INFO - Processing /home/airflow/.local/lib/python3.7/site-packages/airflow/example_dags/tutorial_etl_dag.py took 0.072 seconds
[2021-11-28 09:51:47,472] {processor.py:163} INFO - Started process (PID=30) to work on /home/airflow/.local/lib/python3.7/site-packages/airflow/example_dags/tutorial_etl_dag.py
[2021-11-28 09:51:47,473] {processor.py:625} INFO - Processing file /home/airflow/.local/lib/python3.7/site-packages/airflow/example_dags/tutorial_etl_dag.py for tasks to queue
[2021-11-28 09:51:47,474] {logging_mixin.py:109} INFO - [2021-11-28 09:51:47,474] {dagbag.py:500} INFO - Filling up the DagBag from /home/airflow/.local/lib/python3.7/site-packages/airflow/example_dags/tutorial_etl_dag.py
[2021-11-28 09:51:47,498] {processor.py:637} INFO - DAG(s) dict_keys(['tutorial_etl_dag']) retrieved from /home/airflow/.local/lib/python3.7/site-packages/airflow/example_dags/tutorial_etl_dag.py
[2021-11-28 09:51:47,505] {logging_mixin.py:109} INFO - [2021-11-28 09:51:47,505] {dag.py:2396} INFO - Sync 1 DAGs
[2021-11-28 09:51:47,517] {logging_mixin.py:109} INFO - [2021-11-28 09:51:47,517] {dag.py:2928} INFO - Setting next_dagrun for tutorial_etl_dag to None
[2021-11-28 09:51:47,527] {processor.py:171} INFO - Processing /home/airflow/.local/lib/python3.7/site-packages/airflow/example_dags/tutorial_etl_dag.py took 0.057 seconds
[2021-11-28 09:52:17,554] {processor.py:163} INFO - Started process (PID=92) to work on /home/airflow/.local/lib/python3.7/site-packages/airflow/example_dags/tutorial_etl_dag.py
[2021-11-28 09:52:17,555] {processor.py:625} INFO - Processing file /home/airflow/.local/lib/python3.7/site-packages/airflow/example_dags/tutorial_etl_dag.py for tasks to queue
[2021-11-28 09:52:17,556] {logging_mixin.py:109} INFO - [2021-11-28 09:52:17,555] {dagbag.py:500} INFO - Filling up the DagBag from /home/airflow/.local/lib/python3.7/site-packages/airflow/example_dags/tutorial_etl_dag.py
[2021-11-28 09:52:17,578] {processor.py:637} INFO - DAG(s) dict_keys(['tutorial_etl_dag']) retrieved from /home/airflow/.local/lib/python3.7/site-packages/airflow/example_dags/tutorial_etl_dag.py
[2021-11-28 09:52:17,585] {logging_mixin.py:109} INFO - [2021-11-28 09:52:17,585] {dag.py:2396} INFO - Sync 1 DAGs
[2021-11-28 09:52:17,595] {logging_mixin.py:109} INFO - [2021-11-28 09:52:17,595] {dag.py:2928} INFO - Setting next_dagrun for tutorial_etl_dag to None
[2021-11-28 09:52:17,603] {processor.py:171} INFO - Processing /home/airflow/.local/lib/python3.7/site-packages/airflow/example_dags/tutorial_etl_dag.py took 0.052 seconds
[2021-11-28 09:52:47,827] {processor.py:163} INFO - Started process (PID=143) to work on /home/airflow/.local/lib/python3.7/site-packages/airflow/example_dags/tutorial_etl_dag.py
[2021-11-28 09:52:47,828] {processor.py:625} INFO - Processing file /home/airflow/.local/lib/python3.7/site-packages/airflow/example_dags/tutorial_etl_dag.py for tasks to queue
[2021-11-28 09:52:47,829] {logging_mixin.py:109} INFO - [2021-11-28 09:52:47,828] {dagbag.py:500} INFO - Filling up the DagBag from /home/airflow/.local/lib/python3.7/site-packages/airflow/example_dags/tutorial_etl_dag.py
[2021-11-28 09:52:47,848] {processor.py:637} INFO - DAG(s) dict_keys(['tutorial_etl_dag']) retrieved from /home/airflow/.local/lib/python3.7/site-packages/airflow/example_dags/tutorial_etl_dag.py
[2021-11-28 09:52:47,855] {logging_mixin.py:109} INFO - [2021-11-28 09:52:47,855] {dag.py:2396} INFO - Sync 1 DAGs
[2021-11-28 09:52:47,866] {logging_mixin.py:109} INFO - [2021-11-28 09:52:47,866] {dag.py:2928} INFO - Setting next_dagrun for tutorial_etl_dag to None
[2021-11-28 09:52:47,876] {processor.py:171} INFO - Processing /home/airflow/.local/lib/python3.7/site-packages/airflow/example_dags/tutorial_etl_dag.py took 0.051 seconds
[2021-11-28 09:53:18,750] {processor.py:163} INFO - Started process (PID=203) to work on /home/airflow/.local/lib/python3.7/site-packages/airflow/example_dags/tutorial_etl_dag.py
[2021-11-28 09:53:18,752] {processor.py:625} INFO - Processing file /home/airflow/.local/lib/python3.7/site-packages/airflow/example_dags/tutorial_etl_dag.py for tasks to queue
[2021-11-28 09:53:18,752] {logging_mixin.py:109} INFO - [2021-11-28 09:53:18,752] {dagbag.py:500} INFO - Filling up the DagBag from /home/airflow/.local/lib/python3.7/site-packages/airflow/example_dags/tutorial_etl_dag.py
[2021-11-28 09:53:18,783] {processor.py:637} INFO - DAG(s) dict_keys(['tutorial_etl_dag']) retrieved from /home/airflow/.local/lib/python3.7/site-packages/airflow/example_dags/tutorial_etl_dag.py
[2021-11-28 09:53:18,793] {logging_mixin.py:109} INFO - [2021-11-28 09:53:18,793] {dag.py:2396} INFO - Sync 1 DAGs
[2021-11-28 09:53:18,812] {logging_mixin.py:109} INFO - [2021-11-28 09:53:18,812] {dag.py:2928} INFO - Setting next_dagrun for tutorial_etl_dag to None
[2021-11-28 09:53:18,823] {processor.py:171} INFO - Processing /home/airflow/.local/lib/python3.7/site-packages/airflow/example_dags/tutorial_etl_dag.py took 0.077 seconds
[2021-11-28 09:58:32,964] {processor.py:163} INFO - Started process (PID=30) to work on /home/airflow/.local/lib/python3.7/site-packages/airflow/example_dags/tutorial_etl_dag.py
[2021-11-28 09:58:32,965] {processor.py:625} INFO - Processing file /home/airflow/.local/lib/python3.7/site-packages/airflow/example_dags/tutorial_etl_dag.py for tasks to queue
[2021-11-28 09:58:32,965] {logging_mixin.py:109} INFO - [2021-11-28 09:58:32,965] {dagbag.py:500} INFO - Filling up the DagBag from /home/airflow/.local/lib/python3.7/site-packages/airflow/example_dags/tutorial_etl_dag.py
[2021-11-28 09:58:32,986] {processor.py:637} INFO - DAG(s) dict_keys(['tutorial_etl_dag']) retrieved from /home/airflow/.local/lib/python3.7/site-packages/airflow/example_dags/tutorial_etl_dag.py
[2021-11-28 09:58:32,993] {logging_mixin.py:109} INFO - [2021-11-28 09:58:32,993] {dag.py:2396} INFO - Sync 1 DAGs
[2021-11-28 09:58:33,006] {logging_mixin.py:109} INFO - [2021-11-28 09:58:33,006] {dag.py:2928} INFO - Setting next_dagrun for tutorial_etl_dag to None
[2021-11-28 09:58:33,018] {processor.py:171} INFO - Processing /home/airflow/.local/lib/python3.7/site-packages/airflow/example_dags/tutorial_etl_dag.py took 0.055 seconds
[2021-11-28 09:59:03,127] {processor.py:163} INFO - Started process (PID=90) to work on /home/airflow/.local/lib/python3.7/site-packages/airflow/example_dags/tutorial_etl_dag.py
[2021-11-28 09:59:03,128] {processor.py:625} INFO - Processing file /home/airflow/.local/lib/python3.7/site-packages/airflow/example_dags/tutorial_etl_dag.py for tasks to queue
[2021-11-28 09:59:03,128] {logging_mixin.py:109} INFO - [2021-11-28 09:59:03,128] {dagbag.py:500} INFO - Filling up the DagBag from /home/airflow/.local/lib/python3.7/site-packages/airflow/example_dags/tutorial_etl_dag.py
[2021-11-28 09:59:03,152] {processor.py:637} INFO - DAG(s) dict_keys(['tutorial_etl_dag']) retrieved from /home/airflow/.local/lib/python3.7/site-packages/airflow/example_dags/tutorial_etl_dag.py
[2021-11-28 09:59:03,161] {logging_mixin.py:109} INFO - [2021-11-28 09:59:03,160] {dag.py:2396} INFO - Sync 1 DAGs
[2021-11-28 09:59:03,178] {logging_mixin.py:109} INFO - [2021-11-28 09:59:03,178] {dag.py:2928} INFO - Setting next_dagrun for tutorial_etl_dag to None
[2021-11-28 09:59:03,191] {processor.py:171} INFO - Processing /home/airflow/.local/lib/python3.7/site-packages/airflow/example_dags/tutorial_etl_dag.py took 0.067 seconds
[2021-11-28 09:59:33,986] {processor.py:163} INFO - Started process (PID=141) to work on /home/airflow/.local/lib/python3.7/site-packages/airflow/example_dags/tutorial_etl_dag.py
[2021-11-28 09:59:33,987] {processor.py:625} INFO - Processing file /home/airflow/.local/lib/python3.7/site-packages/airflow/example_dags/tutorial_etl_dag.py for tasks to queue
[2021-11-28 09:59:33,988] {logging_mixin.py:109} INFO - [2021-11-28 09:59:33,988] {dagbag.py:500} INFO - Filling up the DagBag from /home/airflow/.local/lib/python3.7/site-packages/airflow/example_dags/tutorial_etl_dag.py
[2021-11-28 09:59:34,009] {processor.py:637} INFO - DAG(s) dict_keys(['tutorial_etl_dag']) retrieved from /home/airflow/.local/lib/python3.7/site-packages/airflow/example_dags/tutorial_etl_dag.py
[2021-11-28 09:59:34,019] {logging_mixin.py:109} INFO - [2021-11-28 09:59:34,019] {dag.py:2396} INFO - Sync 1 DAGs
[2021-11-28 09:59:34,037] {logging_mixin.py:109} INFO - [2021-11-28 09:59:34,037] {dag.py:2928} INFO - Setting next_dagrun for tutorial_etl_dag to None
[2021-11-28 09:59:34,048] {processor.py:171} INFO - Processing /home/airflow/.local/lib/python3.7/site-packages/airflow/example_dags/tutorial_etl_dag.py took 0.065 seconds
[2021-11-28 10:00:04,863] {processor.py:163} INFO - Started process (PID=201) to work on /home/airflow/.local/lib/python3.7/site-packages/airflow/example_dags/tutorial_etl_dag.py
[2021-11-28 10:00:04,864] {processor.py:625} INFO - Processing file /home/airflow/.local/lib/python3.7/site-packages/airflow/example_dags/tutorial_etl_dag.py for tasks to queue
[2021-11-28 10:00:04,865] {logging_mixin.py:109} INFO - [2021-11-28 10:00:04,865] {dagbag.py:500} INFO - Filling up the DagBag from /home/airflow/.local/lib/python3.7/site-packages/airflow/example_dags/tutorial_etl_dag.py
[2021-11-28 10:00:04,890] {processor.py:637} INFO - DAG(s) dict_keys(['tutorial_etl_dag']) retrieved from /home/airflow/.local/lib/python3.7/site-packages/airflow/example_dags/tutorial_etl_dag.py
[2021-11-28 10:00:04,903] {logging_mixin.py:109} INFO - [2021-11-28 10:00:04,903] {dag.py:2396} INFO - Sync 1 DAGs
[2021-11-28 10:00:04,920] {logging_mixin.py:109} INFO - [2021-11-28 10:00:04,920] {dag.py:2928} INFO - Setting next_dagrun for tutorial_etl_dag to None
[2021-11-28 10:00:04,933] {processor.py:171} INFO - Processing /home/airflow/.local/lib/python3.7/site-packages/airflow/example_dags/tutorial_etl_dag.py took 0.072 seconds
[2021-11-28 10:00:35,727] {processor.py:163} INFO - Started process (PID=261) to work on /home/airflow/.local/lib/python3.7/site-packages/airflow/example_dags/tutorial_etl_dag.py
[2021-11-28 10:00:35,728] {processor.py:625} INFO - Processing file /home/airflow/.local/lib/python3.7/site-packages/airflow/example_dags/tutorial_etl_dag.py for tasks to queue
[2021-11-28 10:00:35,728] {logging_mixin.py:109} INFO - [2021-11-28 10:00:35,728] {dagbag.py:500} INFO - Filling up the DagBag from /home/airflow/.local/lib/python3.7/site-packages/airflow/example_dags/tutorial_etl_dag.py
[2021-11-28 10:00:35,754] {processor.py:637} INFO - DAG(s) dict_keys(['tutorial_etl_dag']) retrieved from /home/airflow/.local/lib/python3.7/site-packages/airflow/example_dags/tutorial_etl_dag.py
[2021-11-28 10:00:35,764] {logging_mixin.py:109} INFO - [2021-11-28 10:00:35,764] {dag.py:2396} INFO - Sync 1 DAGs
[2021-11-28 10:00:35,782] {logging_mixin.py:109} INFO - [2021-11-28 10:00:35,782] {dag.py:2928} INFO - Setting next_dagrun for tutorial_etl_dag to None
[2021-11-28 10:00:35,793] {processor.py:171} INFO - Processing /home/airflow/.local/lib/python3.7/site-packages/airflow/example_dags/tutorial_etl_dag.py took 0.069 seconds
[2021-11-28 10:01:06,638] {processor.py:163} INFO - Started process (PID=312) to work on /home/airflow/.local/lib/python3.7/site-packages/airflow/example_dags/tutorial_etl_dag.py
[2021-11-28 10:01:06,639] {processor.py:625} INFO - Processing file /home/airflow/.local/lib/python3.7/site-packages/airflow/example_dags/tutorial_etl_dag.py for tasks to queue
[2021-11-28 10:01:06,640] {logging_mixin.py:109} INFO - [2021-11-28 10:01:06,639] {dagbag.py:500} INFO - Filling up the DagBag from /home/airflow/.local/lib/python3.7/site-packages/airflow/example_dags/tutorial_etl_dag.py
[2021-11-28 10:01:06,661] {processor.py:637} INFO - DAG(s) dict_keys(['tutorial_etl_dag']) retrieved from /home/airflow/.local/lib/python3.7/site-packages/airflow/example_dags/tutorial_etl_dag.py
[2021-11-28 10:01:06,671] {logging_mixin.py:109} INFO - [2021-11-28 10:01:06,671] {dag.py:2396} INFO - Sync 1 DAGs
[2021-11-28 10:01:06,690] {logging_mixin.py:109} INFO - [2021-11-28 10:01:06,690] {dag.py:2928} INFO - Setting next_dagrun for tutorial_etl_dag to None
[2021-11-28 10:01:06,702] {processor.py:171} INFO - Processing /home/airflow/.local/lib/python3.7/site-packages/airflow/example_dags/tutorial_etl_dag.py took 0.066 seconds
[2021-11-28 10:01:37,551] {processor.py:163} INFO - Started process (PID=372) to work on /home/airflow/.local/lib/python3.7/site-packages/airflow/example_dags/tutorial_etl_dag.py
[2021-11-28 10:01:37,552] {processor.py:625} INFO - Processing file /home/airflow/.local/lib/python3.7/site-packages/airflow/example_dags/tutorial_etl_dag.py for tasks to queue
[2021-11-28 10:01:37,553] {logging_mixin.py:109} INFO - [2021-11-28 10:01:37,553] {dagbag.py:500} INFO - Filling up the DagBag from /home/airflow/.local/lib/python3.7/site-packages/airflow/example_dags/tutorial_etl_dag.py
[2021-11-28 10:01:37,578] {processor.py:637} INFO - DAG(s) dict_keys(['tutorial_etl_dag']) retrieved from /home/airflow/.local/lib/python3.7/site-packages/airflow/example_dags/tutorial_etl_dag.py
[2021-11-28 10:01:37,590] {logging_mixin.py:109} INFO - [2021-11-28 10:01:37,590] {dag.py:2396} INFO - Sync 1 DAGs
[2021-11-28 10:01:37,607] {logging_mixin.py:109} INFO - [2021-11-28 10:01:37,607] {dag.py:2928} INFO - Setting next_dagrun for tutorial_etl_dag to None
[2021-11-28 10:01:37,619] {processor.py:171} INFO - Processing /home/airflow/.local/lib/python3.7/site-packages/airflow/example_dags/tutorial_etl_dag.py took 0.070 seconds
[2021-11-28 10:02:08,513] {processor.py:163} INFO - Started process (PID=423) to work on /home/airflow/.local/lib/python3.7/site-packages/airflow/example_dags/tutorial_etl_dag.py
[2021-11-28 10:02:08,514] {processor.py:625} INFO - Processing file /home/airflow/.local/lib/python3.7/site-packages/airflow/example_dags/tutorial_etl_dag.py for tasks to queue
[2021-11-28 10:02:08,515] {logging_mixin.py:109} INFO - [2021-11-28 10:02:08,514] {dagbag.py:500} INFO - Filling up the DagBag from /home/airflow/.local/lib/python3.7/site-packages/airflow/example_dags/tutorial_etl_dag.py
[2021-11-28 10:02:08,539] {processor.py:637} INFO - DAG(s) dict_keys(['tutorial_etl_dag']) retrieved from /home/airflow/.local/lib/python3.7/site-packages/airflow/example_dags/tutorial_etl_dag.py
[2021-11-28 10:02:08,549] {logging_mixin.py:109} INFO - [2021-11-28 10:02:08,549] {dag.py:2396} INFO - Sync 1 DAGs
[2021-11-28 10:02:08,566] {logging_mixin.py:109} INFO - [2021-11-28 10:02:08,566] {dag.py:2928} INFO - Setting next_dagrun for tutorial_etl_dag to None
[2021-11-28 10:02:08,576] {processor.py:171} INFO - Processing /home/airflow/.local/lib/python3.7/site-packages/airflow/example_dags/tutorial_etl_dag.py took 0.066 seconds
[2021-11-28 10:02:39,461] {processor.py:163} INFO - Started process (PID=483) to work on /home/airflow/.local/lib/python3.7/site-packages/airflow/example_dags/tutorial_etl_dag.py
[2021-11-28 10:02:39,462] {processor.py:625} INFO - Processing file /home/airflow/.local/lib/python3.7/site-packages/airflow/example_dags/tutorial_etl_dag.py for tasks to queue
[2021-11-28 10:02:39,462] {logging_mixin.py:109} INFO - [2021-11-28 10:02:39,462] {dagbag.py:500} INFO - Filling up the DagBag from /home/airflow/.local/lib/python3.7/site-packages/airflow/example_dags/tutorial_etl_dag.py
[2021-11-28 10:02:39,484] {processor.py:637} INFO - DAG(s) dict_keys(['tutorial_etl_dag']) retrieved from /home/airflow/.local/lib/python3.7/site-packages/airflow/example_dags/tutorial_etl_dag.py
[2021-11-28 10:02:39,492] {logging_mixin.py:109} INFO - [2021-11-28 10:02:39,492] {dag.py:2396} INFO - Sync 1 DAGs
[2021-11-28 10:02:39,504] {logging_mixin.py:109} INFO - [2021-11-28 10:02:39,504] {dag.py:2928} INFO - Setting next_dagrun for tutorial_etl_dag to None
[2021-11-28 10:02:39,513] {processor.py:171} INFO - Processing /home/airflow/.local/lib/python3.7/site-packages/airflow/example_dags/tutorial_etl_dag.py took 0.055 seconds
[2021-11-28 10:03:10,355] {processor.py:163} INFO - Started process (PID=543) to work on /home/airflow/.local/lib/python3.7/site-packages/airflow/example_dags/tutorial_etl_dag.py
[2021-11-28 10:03:10,356] {processor.py:625} INFO - Processing file /home/airflow/.local/lib/python3.7/site-packages/airflow/example_dags/tutorial_etl_dag.py for tasks to queue
[2021-11-28 10:03:10,357] {logging_mixin.py:109} INFO - [2021-11-28 10:03:10,357] {dagbag.py:500} INFO - Filling up the DagBag from /home/airflow/.local/lib/python3.7/site-packages/airflow/example_dags/tutorial_etl_dag.py
[2021-11-28 10:03:10,384] {processor.py:637} INFO - DAG(s) dict_keys(['tutorial_etl_dag']) retrieved from /home/airflow/.local/lib/python3.7/site-packages/airflow/example_dags/tutorial_etl_dag.py
[2021-11-28 10:03:10,396] {logging_mixin.py:109} INFO - [2021-11-28 10:03:10,396] {dag.py:2396} INFO - Sync 1 DAGs
[2021-11-28 10:03:10,417] {logging_mixin.py:109} INFO - [2021-11-28 10:03:10,417] {dag.py:2928} INFO - Setting next_dagrun for tutorial_etl_dag to None
[2021-11-28 10:03:10,429] {processor.py:171} INFO - Processing /home/airflow/.local/lib/python3.7/site-packages/airflow/example_dags/tutorial_etl_dag.py took 0.077 seconds
[2021-11-28 10:03:41,324] {processor.py:163} INFO - Started process (PID=594) to work on /home/airflow/.local/lib/python3.7/site-packages/airflow/example_dags/tutorial_etl_dag.py
[2021-11-28 10:03:41,325] {processor.py:625} INFO - Processing file /home/airflow/.local/lib/python3.7/site-packages/airflow/example_dags/tutorial_etl_dag.py for tasks to queue
[2021-11-28 10:03:41,325] {logging_mixin.py:109} INFO - [2021-11-28 10:03:41,325] {dagbag.py:500} INFO - Filling up the DagBag from /home/airflow/.local/lib/python3.7/site-packages/airflow/example_dags/tutorial_etl_dag.py
[2021-11-28 10:03:41,343] {processor.py:637} INFO - DAG(s) dict_keys(['tutorial_etl_dag']) retrieved from /home/airflow/.local/lib/python3.7/site-packages/airflow/example_dags/tutorial_etl_dag.py
[2021-11-28 10:03:41,352] {logging_mixin.py:109} INFO - [2021-11-28 10:03:41,352] {dag.py:2396} INFO - Sync 1 DAGs
[2021-11-28 10:03:41,370] {logging_mixin.py:109} INFO - [2021-11-28 10:03:41,370] {dag.py:2928} INFO - Setting next_dagrun for tutorial_etl_dag to None
[2021-11-28 10:03:41,381] {processor.py:171} INFO - Processing /home/airflow/.local/lib/python3.7/site-packages/airflow/example_dags/tutorial_etl_dag.py took 0.059 seconds
[2021-11-28 10:04:12,274] {processor.py:163} INFO - Started process (PID=654) to work on /home/airflow/.local/lib/python3.7/site-packages/airflow/example_dags/tutorial_etl_dag.py
[2021-11-28 10:04:12,275] {processor.py:625} INFO - Processing file /home/airflow/.local/lib/python3.7/site-packages/airflow/example_dags/tutorial_etl_dag.py for tasks to queue
[2021-11-28 10:04:12,276] {logging_mixin.py:109} INFO - [2021-11-28 10:04:12,276] {dagbag.py:500} INFO - Filling up the DagBag from /home/airflow/.local/lib/python3.7/site-packages/airflow/example_dags/tutorial_etl_dag.py
[2021-11-28 10:04:12,301] {processor.py:637} INFO - DAG(s) dict_keys(['tutorial_etl_dag']) retrieved from /home/airflow/.local/lib/python3.7/site-packages/airflow/example_dags/tutorial_etl_dag.py
[2021-11-28 10:04:12,310] {logging_mixin.py:109} INFO - [2021-11-28 10:04:12,310] {dag.py:2396} INFO - Sync 1 DAGs
[2021-11-28 10:04:12,327] {logging_mixin.py:109} INFO - [2021-11-28 10:04:12,327] {dag.py:2928} INFO - Setting next_dagrun for tutorial_etl_dag to None
[2021-11-28 10:04:12,338] {processor.py:171} INFO - Processing /home/airflow/.local/lib/python3.7/site-packages/airflow/example_dags/tutorial_etl_dag.py took 0.067 seconds
[2021-11-28 10:04:43,221] {processor.py:163} INFO - Started process (PID=705) to work on /home/airflow/.local/lib/python3.7/site-packages/airflow/example_dags/tutorial_etl_dag.py
[2021-11-28 10:04:43,222] {processor.py:625} INFO - Processing file /home/airflow/.local/lib/python3.7/site-packages/airflow/example_dags/tutorial_etl_dag.py for tasks to queue
[2021-11-28 10:04:43,223] {logging_mixin.py:109} INFO - [2021-11-28 10:04:43,223] {dagbag.py:500} INFO - Filling up the DagBag from /home/airflow/.local/lib/python3.7/site-packages/airflow/example_dags/tutorial_etl_dag.py
[2021-11-28 10:04:43,247] {processor.py:637} INFO - DAG(s) dict_keys(['tutorial_etl_dag']) retrieved from /home/airflow/.local/lib/python3.7/site-packages/airflow/example_dags/tutorial_etl_dag.py
[2021-11-28 10:04:43,256] {logging_mixin.py:109} INFO - [2021-11-28 10:04:43,256] {dag.py:2396} INFO - Sync 1 DAGs
[2021-11-28 10:04:43,273] {logging_mixin.py:109} INFO - [2021-11-28 10:04:43,273] {dag.py:2928} INFO - Setting next_dagrun for tutorial_etl_dag to None
[2021-11-28 10:04:43,285] {processor.py:171} INFO - Processing /home/airflow/.local/lib/python3.7/site-packages/airflow/example_dags/tutorial_etl_dag.py took 0.067 seconds
[2021-11-28 10:05:13,301] {processor.py:163} INFO - Started process (PID=765) to work on /home/airflow/.local/lib/python3.7/site-packages/airflow/example_dags/tutorial_etl_dag.py
[2021-11-28 10:05:13,303] {processor.py:625} INFO - Processing file /home/airflow/.local/lib/python3.7/site-packages/airflow/example_dags/tutorial_etl_dag.py for tasks to queue
[2021-11-28 10:05:13,304] {logging_mixin.py:109} INFO - [2021-11-28 10:05:13,304] {dagbag.py:500} INFO - Filling up the DagBag from /home/airflow/.local/lib/python3.7/site-packages/airflow/example_dags/tutorial_etl_dag.py
[2021-11-28 10:05:13,322] {processor.py:637} INFO - DAG(s) dict_keys(['tutorial_etl_dag']) retrieved from /home/airflow/.local/lib/python3.7/site-packages/airflow/example_dags/tutorial_etl_dag.py
[2021-11-28 10:05:13,331] {logging_mixin.py:109} INFO - [2021-11-28 10:05:13,331] {dag.py:2396} INFO - Sync 1 DAGs
[2021-11-28 10:05:13,349] {logging_mixin.py:109} INFO - [2021-11-28 10:05:13,349] {dag.py:2928} INFO - Setting next_dagrun for tutorial_etl_dag to None
[2021-11-28 10:05:13,361] {processor.py:171} INFO - Processing /home/airflow/.local/lib/python3.7/site-packages/airflow/example_dags/tutorial_etl_dag.py took 0.062 seconds
[2021-11-28 10:05:44,348] {processor.py:163} INFO - Started process (PID=823) to work on /home/airflow/.local/lib/python3.7/site-packages/airflow/example_dags/tutorial_etl_dag.py
[2021-11-28 10:05:44,349] {processor.py:625} INFO - Processing file /home/airflow/.local/lib/python3.7/site-packages/airflow/example_dags/tutorial_etl_dag.py for tasks to queue
[2021-11-28 10:05:44,350] {logging_mixin.py:109} INFO - [2021-11-28 10:05:44,350] {dagbag.py:500} INFO - Filling up the DagBag from /home/airflow/.local/lib/python3.7/site-packages/airflow/example_dags/tutorial_etl_dag.py
[2021-11-28 10:05:44,372] {processor.py:637} INFO - DAG(s) dict_keys(['tutorial_etl_dag']) retrieved from /home/airflow/.local/lib/python3.7/site-packages/airflow/example_dags/tutorial_etl_dag.py
[2021-11-28 10:05:44,381] {logging_mixin.py:109} INFO - [2021-11-28 10:05:44,381] {dag.py:2396} INFO - Sync 1 DAGs
[2021-11-28 10:05:44,398] {logging_mixin.py:109} INFO - [2021-11-28 10:05:44,398] {dag.py:2928} INFO - Setting next_dagrun for tutorial_etl_dag to None
[2021-11-28 10:05:44,406] {processor.py:171} INFO - Processing /home/airflow/.local/lib/python3.7/site-packages/airflow/example_dags/tutorial_etl_dag.py took 0.061 seconds
[2021-11-28 10:06:14,512] {processor.py:163} INFO - Started process (PID=876) to work on /home/airflow/.local/lib/python3.7/site-packages/airflow/example_dags/tutorial_etl_dag.py
[2021-11-28 10:06:14,513] {processor.py:625} INFO - Processing file /home/airflow/.local/lib/python3.7/site-packages/airflow/example_dags/tutorial_etl_dag.py for tasks to queue
[2021-11-28 10:06:14,513] {logging_mixin.py:109} INFO - [2021-11-28 10:06:14,513] {dagbag.py:500} INFO - Filling up the DagBag from /home/airflow/.local/lib/python3.7/site-packages/airflow/example_dags/tutorial_etl_dag.py
[2021-11-28 10:06:14,535] {processor.py:637} INFO - DAG(s) dict_keys(['tutorial_etl_dag']) retrieved from /home/airflow/.local/lib/python3.7/site-packages/airflow/example_dags/tutorial_etl_dag.py
[2021-11-28 10:06:14,540] {logging_mixin.py:109} INFO - [2021-11-28 10:06:14,540] {dag.py:2396} INFO - Sync 1 DAGs
[2021-11-28 10:06:14,550] {logging_mixin.py:109} INFO - [2021-11-28 10:06:14,550] {dag.py:2928} INFO - Setting next_dagrun for tutorial_etl_dag to None
[2021-11-28 10:06:14,622] {processor.py:171} INFO - Processing /home/airflow/.local/lib/python3.7/site-packages/airflow/example_dags/tutorial_etl_dag.py took 0.113 seconds
[2021-11-28 10:06:45,025] {processor.py:163} INFO - Started process (PID=936) to work on /home/airflow/.local/lib/python3.7/site-packages/airflow/example_dags/tutorial_etl_dag.py
[2021-11-28 10:06:45,026] {processor.py:625} INFO - Processing file /home/airflow/.local/lib/python3.7/site-packages/airflow/example_dags/tutorial_etl_dag.py for tasks to queue
[2021-11-28 10:06:45,027] {logging_mixin.py:109} INFO - [2021-11-28 10:06:45,027] {dagbag.py:500} INFO - Filling up the DagBag from /home/airflow/.local/lib/python3.7/site-packages/airflow/example_dags/tutorial_etl_dag.py
[2021-11-28 10:06:45,050] {processor.py:637} INFO - DAG(s) dict_keys(['tutorial_etl_dag']) retrieved from /home/airflow/.local/lib/python3.7/site-packages/airflow/example_dags/tutorial_etl_dag.py
[2021-11-28 10:06:45,060] {logging_mixin.py:109} INFO - [2021-11-28 10:06:45,060] {dag.py:2396} INFO - Sync 1 DAGs
[2021-11-28 10:06:45,074] {logging_mixin.py:109} INFO - [2021-11-28 10:06:45,074] {dag.py:2928} INFO - Setting next_dagrun for tutorial_etl_dag to None
[2021-11-28 10:06:45,149] {processor.py:171} INFO - Processing /home/airflow/.local/lib/python3.7/site-packages/airflow/example_dags/tutorial_etl_dag.py took 0.126 seconds
[2021-11-28 10:07:15,689] {processor.py:163} INFO - Started process (PID=987) to work on /home/airflow/.local/lib/python3.7/site-packages/airflow/example_dags/tutorial_etl_dag.py
[2021-11-28 10:07:15,690] {processor.py:625} INFO - Processing file /home/airflow/.local/lib/python3.7/site-packages/airflow/example_dags/tutorial_etl_dag.py for tasks to queue
[2021-11-28 10:07:15,690] {logging_mixin.py:109} INFO - [2021-11-28 10:07:15,690] {dagbag.py:500} INFO - Filling up the DagBag from /home/airflow/.local/lib/python3.7/site-packages/airflow/example_dags/tutorial_etl_dag.py
[2021-11-28 10:07:15,714] {processor.py:637} INFO - DAG(s) dict_keys(['tutorial_etl_dag']) retrieved from /home/airflow/.local/lib/python3.7/site-packages/airflow/example_dags/tutorial_etl_dag.py
[2021-11-28 10:07:15,723] {logging_mixin.py:109} INFO - [2021-11-28 10:07:15,723] {dag.py:2396} INFO - Sync 1 DAGs
[2021-11-28 10:07:15,803] {logging_mixin.py:109} INFO - [2021-11-28 10:07:15,803] {dag.py:2928} INFO - Setting next_dagrun for tutorial_etl_dag to None
[2021-11-28 10:07:15,811] {processor.py:171} INFO - Processing /home/airflow/.local/lib/python3.7/site-packages/airflow/example_dags/tutorial_etl_dag.py took 0.125 seconds
[2021-11-28 10:07:46,526] {processor.py:163} INFO - Started process (PID=1047) to work on /home/airflow/.local/lib/python3.7/site-packages/airflow/example_dags/tutorial_etl_dag.py
[2021-11-28 10:07:46,527] {processor.py:625} INFO - Processing file /home/airflow/.local/lib/python3.7/site-packages/airflow/example_dags/tutorial_etl_dag.py for tasks to queue
[2021-11-28 10:07:46,527] {logging_mixin.py:109} INFO - [2021-11-28 10:07:46,527] {dagbag.py:500} INFO - Filling up the DagBag from /home/airflow/.local/lib/python3.7/site-packages/airflow/example_dags/tutorial_etl_dag.py
[2021-11-28 10:07:46,551] {processor.py:637} INFO - DAG(s) dict_keys(['tutorial_etl_dag']) retrieved from /home/airflow/.local/lib/python3.7/site-packages/airflow/example_dags/tutorial_etl_dag.py
[2021-11-28 10:07:46,558] {logging_mixin.py:109} INFO - [2021-11-28 10:07:46,558] {dag.py:2396} INFO - Sync 1 DAGs
[2021-11-28 10:07:46,642] {logging_mixin.py:109} INFO - [2021-11-28 10:07:46,642] {dag.py:2928} INFO - Setting next_dagrun for tutorial_etl_dag to None
[2021-11-28 10:07:46,651] {processor.py:171} INFO - Processing /home/airflow/.local/lib/python3.7/site-packages/airflow/example_dags/tutorial_etl_dag.py took 0.128 seconds
[2021-11-28 10:08:17,338] {processor.py:163} INFO - Started process (PID=1098) to work on /home/airflow/.local/lib/python3.7/site-packages/airflow/example_dags/tutorial_etl_dag.py
[2021-11-28 10:08:17,339] {processor.py:625} INFO - Processing file /home/airflow/.local/lib/python3.7/site-packages/airflow/example_dags/tutorial_etl_dag.py for tasks to queue
[2021-11-28 10:08:17,340] {logging_mixin.py:109} INFO - [2021-11-28 10:08:17,339] {dagbag.py:500} INFO - Filling up the DagBag from /home/airflow/.local/lib/python3.7/site-packages/airflow/example_dags/tutorial_etl_dag.py
[2021-11-28 10:08:17,361] {processor.py:637} INFO - DAG(s) dict_keys(['tutorial_etl_dag']) retrieved from /home/airflow/.local/lib/python3.7/site-packages/airflow/example_dags/tutorial_etl_dag.py
[2021-11-28 10:08:17,367] {logging_mixin.py:109} INFO - [2021-11-28 10:08:17,367] {dag.py:2396} INFO - Sync 1 DAGs
[2021-11-28 10:08:17,444] {logging_mixin.py:109} INFO - [2021-11-28 10:08:17,444] {dag.py:2928} INFO - Setting next_dagrun for tutorial_etl_dag to None
[2021-11-28 10:08:17,452] {processor.py:171} INFO - Processing /home/airflow/.local/lib/python3.7/site-packages/airflow/example_dags/tutorial_etl_dag.py took 0.117 seconds
[2021-11-28 10:08:48,136] {processor.py:163} INFO - Started process (PID=1158) to work on /home/airflow/.local/lib/python3.7/site-packages/airflow/example_dags/tutorial_etl_dag.py
[2021-11-28 10:08:48,137] {processor.py:625} INFO - Processing file /home/airflow/.local/lib/python3.7/site-packages/airflow/example_dags/tutorial_etl_dag.py for tasks to queue
[2021-11-28 10:08:48,138] {logging_mixin.py:109} INFO - [2021-11-28 10:08:48,138] {dagbag.py:500} INFO - Filling up the DagBag from /home/airflow/.local/lib/python3.7/site-packages/airflow/example_dags/tutorial_etl_dag.py
[2021-11-28 10:08:48,235] {processor.py:637} INFO - DAG(s) dict_keys(['tutorial_etl_dag']) retrieved from /home/airflow/.local/lib/python3.7/site-packages/airflow/example_dags/tutorial_etl_dag.py
[2021-11-28 10:08:48,241] {logging_mixin.py:109} INFO - [2021-11-28 10:08:48,241] {dag.py:2396} INFO - Sync 1 DAGs
[2021-11-28 10:08:48,254] {logging_mixin.py:109} INFO - [2021-11-28 10:08:48,254] {dag.py:2928} INFO - Setting next_dagrun for tutorial_etl_dag to None
[2021-11-28 10:08:48,264] {processor.py:171} INFO - Processing /home/airflow/.local/lib/python3.7/site-packages/airflow/example_dags/tutorial_etl_dag.py took 0.131 seconds
[2021-11-28 10:09:18,913] {processor.py:163} INFO - Started process (PID=1218) to work on /home/airflow/.local/lib/python3.7/site-packages/airflow/example_dags/tutorial_etl_dag.py
[2021-11-28 10:09:18,915] {processor.py:625} INFO - Processing file /home/airflow/.local/lib/python3.7/site-packages/airflow/example_dags/tutorial_etl_dag.py for tasks to queue
[2021-11-28 10:09:18,915] {logging_mixin.py:109} INFO - [2021-11-28 10:09:18,915] {dagbag.py:500} INFO - Filling up the DagBag from /home/airflow/.local/lib/python3.7/site-packages/airflow/example_dags/tutorial_etl_dag.py
[2021-11-28 10:09:19,018] {processor.py:637} INFO - DAG(s) dict_keys(['tutorial_etl_dag']) retrieved from /home/airflow/.local/lib/python3.7/site-packages/airflow/example_dags/tutorial_etl_dag.py
[2021-11-28 10:09:19,024] {logging_mixin.py:109} INFO - [2021-11-28 10:09:19,023] {dag.py:2396} INFO - Sync 1 DAGs
[2021-11-28 10:09:19,036] {logging_mixin.py:109} INFO - [2021-11-28 10:09:19,035] {dag.py:2928} INFO - Setting next_dagrun for tutorial_etl_dag to None
[2021-11-28 10:09:19,046] {processor.py:171} INFO - Processing /home/airflow/.local/lib/python3.7/site-packages/airflow/example_dags/tutorial_etl_dag.py took 0.136 seconds
[2021-11-28 10:09:49,728] {processor.py:163} INFO - Started process (PID=1269) to work on /home/airflow/.local/lib/python3.7/site-packages/airflow/example_dags/tutorial_etl_dag.py
[2021-11-28 10:09:49,729] {processor.py:625} INFO - Processing file /home/airflow/.local/lib/python3.7/site-packages/airflow/example_dags/tutorial_etl_dag.py for tasks to queue
[2021-11-28 10:09:49,729] {logging_mixin.py:109} INFO - [2021-11-28 10:09:49,729] {dagbag.py:500} INFO - Filling up the DagBag from /home/airflow/.local/lib/python3.7/site-packages/airflow/example_dags/tutorial_etl_dag.py
[2021-11-28 10:09:49,818] {processor.py:637} INFO - DAG(s) dict_keys(['tutorial_etl_dag']) retrieved from /home/airflow/.local/lib/python3.7/site-packages/airflow/example_dags/tutorial_etl_dag.py
[2021-11-28 10:09:49,823] {logging_mixin.py:109} INFO - [2021-11-28 10:09:49,823] {dag.py:2396} INFO - Sync 1 DAGs
[2021-11-28 10:09:49,833] {logging_mixin.py:109} INFO - [2021-11-28 10:09:49,833] {dag.py:2928} INFO - Setting next_dagrun for tutorial_etl_dag to None
[2021-11-28 10:09:49,840] {processor.py:171} INFO - Processing /home/airflow/.local/lib/python3.7/site-packages/airflow/example_dags/tutorial_etl_dag.py took 0.115 seconds
[2021-11-28 10:10:20,402] {processor.py:163} INFO - Started process (PID=1329) to work on /home/airflow/.local/lib/python3.7/site-packages/airflow/example_dags/tutorial_etl_dag.py
[2021-11-28 10:10:20,403] {processor.py:625} INFO - Processing file /home/airflow/.local/lib/python3.7/site-packages/airflow/example_dags/tutorial_etl_dag.py for tasks to queue
[2021-11-28 10:10:20,404] {logging_mixin.py:109} INFO - [2021-11-28 10:10:20,404] {dagbag.py:500} INFO - Filling up the DagBag from /home/airflow/.local/lib/python3.7/site-packages/airflow/example_dags/tutorial_etl_dag.py
[2021-11-28 10:10:20,500] {processor.py:637} INFO - DAG(s) dict_keys(['tutorial_etl_dag']) retrieved from /home/airflow/.local/lib/python3.7/site-packages/airflow/example_dags/tutorial_etl_dag.py
[2021-11-28 10:10:20,506] {logging_mixin.py:109} INFO - [2021-11-28 10:10:20,506] {dag.py:2396} INFO - Sync 1 DAGs
[2021-11-28 10:10:20,516] {logging_mixin.py:109} INFO - [2021-11-28 10:10:20,516] {dag.py:2928} INFO - Setting next_dagrun for tutorial_etl_dag to None
[2021-11-28 10:10:20,524] {processor.py:171} INFO - Processing /home/airflow/.local/lib/python3.7/site-packages/airflow/example_dags/tutorial_etl_dag.py took 0.124 seconds
[2021-11-28 10:10:51,150] {processor.py:163} INFO - Started process (PID=1380) to work on /home/airflow/.local/lib/python3.7/site-packages/airflow/example_dags/tutorial_etl_dag.py
[2021-11-28 10:10:51,151] {processor.py:625} INFO - Processing file /home/airflow/.local/lib/python3.7/site-packages/airflow/example_dags/tutorial_etl_dag.py for tasks to queue
[2021-11-28 10:10:51,152] {logging_mixin.py:109} INFO - [2021-11-28 10:10:51,151] {dagbag.py:500} INFO - Filling up the DagBag from /home/airflow/.local/lib/python3.7/site-packages/airflow/example_dags/tutorial_etl_dag.py
[2021-11-28 10:10:51,173] {processor.py:637} INFO - DAG(s) dict_keys(['tutorial_etl_dag']) retrieved from /home/airflow/.local/lib/python3.7/site-packages/airflow/example_dags/tutorial_etl_dag.py
[2021-11-28 10:10:51,179] {logging_mixin.py:109} INFO - [2021-11-28 10:10:51,179] {dag.py:2396} INFO - Sync 1 DAGs
[2021-11-28 10:10:51,192] {logging_mixin.py:109} INFO - [2021-11-28 10:10:51,192] {dag.py:2928} INFO - Setting next_dagrun for tutorial_etl_dag to None
[2021-11-28 10:10:51,201] {processor.py:171} INFO - Processing /home/airflow/.local/lib/python3.7/site-packages/airflow/example_dags/tutorial_etl_dag.py took 0.053 seconds
[2021-11-28 10:11:22,064] {processor.py:163} INFO - Started process (PID=1440) to work on /home/airflow/.local/lib/python3.7/site-packages/airflow/example_dags/tutorial_etl_dag.py
[2021-11-28 10:11:22,065] {processor.py:625} INFO - Processing file /home/airflow/.local/lib/python3.7/site-packages/airflow/example_dags/tutorial_etl_dag.py for tasks to queue
[2021-11-28 10:11:22,066] {logging_mixin.py:109} INFO - [2021-11-28 10:11:22,066] {dagbag.py:500} INFO - Filling up the DagBag from /home/airflow/.local/lib/python3.7/site-packages/airflow/example_dags/tutorial_etl_dag.py
[2021-11-28 10:11:22,087] {processor.py:637} INFO - DAG(s) dict_keys(['tutorial_etl_dag']) retrieved from /home/airflow/.local/lib/python3.7/site-packages/airflow/example_dags/tutorial_etl_dag.py
[2021-11-28 10:11:22,093] {logging_mixin.py:109} INFO - [2021-11-28 10:11:22,093] {dag.py:2396} INFO - Sync 1 DAGs
[2021-11-28 10:11:22,104] {logging_mixin.py:109} INFO - [2021-11-28 10:11:22,104] {dag.py:2928} INFO - Setting next_dagrun for tutorial_etl_dag to None
[2021-11-28 10:11:22,112] {processor.py:171} INFO - Processing /home/airflow/.local/lib/python3.7/site-packages/airflow/example_dags/tutorial_etl_dag.py took 0.050 seconds
[2021-11-28 10:11:52,785] {processor.py:163} INFO - Started process (PID=1491) to work on /home/airflow/.local/lib/python3.7/site-packages/airflow/example_dags/tutorial_etl_dag.py
[2021-11-28 10:11:52,787] {processor.py:625} INFO - Processing file /home/airflow/.local/lib/python3.7/site-packages/airflow/example_dags/tutorial_etl_dag.py for tasks to queue
[2021-11-28 10:11:52,787] {logging_mixin.py:109} INFO - [2021-11-28 10:11:52,787] {dagbag.py:500} INFO - Filling up the DagBag from /home/airflow/.local/lib/python3.7/site-packages/airflow/example_dags/tutorial_etl_dag.py
[2021-11-28 10:11:52,811] {processor.py:637} INFO - DAG(s) dict_keys(['tutorial_etl_dag']) retrieved from /home/airflow/.local/lib/python3.7/site-packages/airflow/example_dags/tutorial_etl_dag.py
[2021-11-28 10:11:52,826] {logging_mixin.py:109} INFO - [2021-11-28 10:11:52,826] {dag.py:2396} INFO - Sync 1 DAGs
[2021-11-28 10:11:52,846] {logging_mixin.py:109} INFO - [2021-11-28 10:11:52,846] {dag.py:2928} INFO - Setting next_dagrun for tutorial_etl_dag to None
[2021-11-28 10:11:52,856] {processor.py:171} INFO - Processing /home/airflow/.local/lib/python3.7/site-packages/airflow/example_dags/tutorial_etl_dag.py took 0.074 seconds
[2021-11-28 10:12:23,541] {processor.py:163} INFO - Started process (PID=1551) to work on /home/airflow/.local/lib/python3.7/site-packages/airflow/example_dags/tutorial_etl_dag.py
[2021-11-28 10:12:23,542] {processor.py:625} INFO - Processing file /home/airflow/.local/lib/python3.7/site-packages/airflow/example_dags/tutorial_etl_dag.py for tasks to queue
[2021-11-28 10:12:23,542] {logging_mixin.py:109} INFO - [2021-11-28 10:12:23,542] {dagbag.py:500} INFO - Filling up the DagBag from /home/airflow/.local/lib/python3.7/site-packages/airflow/example_dags/tutorial_etl_dag.py
[2021-11-28 10:12:23,566] {processor.py:637} INFO - DAG(s) dict_keys(['tutorial_etl_dag']) retrieved from /home/airflow/.local/lib/python3.7/site-packages/airflow/example_dags/tutorial_etl_dag.py
[2021-11-28 10:12:23,573] {logging_mixin.py:109} INFO - [2021-11-28 10:12:23,573] {dag.py:2396} INFO - Sync 1 DAGs
[2021-11-28 10:12:23,585] {logging_mixin.py:109} INFO - [2021-11-28 10:12:23,584] {dag.py:2928} INFO - Setting next_dagrun for tutorial_etl_dag to None
[2021-11-28 10:12:23,593] {processor.py:171} INFO - Processing /home/airflow/.local/lib/python3.7/site-packages/airflow/example_dags/tutorial_etl_dag.py took 0.055 seconds
[2021-11-28 10:12:54,223] {processor.py:163} INFO - Started process (PID=1611) to work on /home/airflow/.local/lib/python3.7/site-packages/airflow/example_dags/tutorial_etl_dag.py
[2021-11-28 10:12:54,224] {processor.py:625} INFO - Processing file /home/airflow/.local/lib/python3.7/site-packages/airflow/example_dags/tutorial_etl_dag.py for tasks to queue
[2021-11-28 10:12:54,224] {logging_mixin.py:109} INFO - [2021-11-28 10:12:54,224] {dagbag.py:500} INFO - Filling up the DagBag from /home/airflow/.local/lib/python3.7/site-packages/airflow/example_dags/tutorial_etl_dag.py
[2021-11-28 10:12:54,248] {processor.py:637} INFO - DAG(s) dict_keys(['tutorial_etl_dag']) retrieved from /home/airflow/.local/lib/python3.7/site-packages/airflow/example_dags/tutorial_etl_dag.py
[2021-11-28 10:12:54,259] {logging_mixin.py:109} INFO - [2021-11-28 10:12:54,259] {dag.py:2396} INFO - Sync 1 DAGs
[2021-11-28 10:12:54,279] {logging_mixin.py:109} INFO - [2021-11-28 10:12:54,279] {dag.py:2928} INFO - Setting next_dagrun for tutorial_etl_dag to None
[2021-11-28 10:12:54,289] {processor.py:171} INFO - Processing /home/airflow/.local/lib/python3.7/site-packages/airflow/example_dags/tutorial_etl_dag.py took 0.069 seconds
[2021-11-28 10:13:25,065] {processor.py:163} INFO - Started process (PID=1662) to work on /home/airflow/.local/lib/python3.7/site-packages/airflow/example_dags/tutorial_etl_dag.py
[2021-11-28 10:13:25,066] {processor.py:625} INFO - Processing file /home/airflow/.local/lib/python3.7/site-packages/airflow/example_dags/tutorial_etl_dag.py for tasks to queue
[2021-11-28 10:13:25,067] {logging_mixin.py:109} INFO - [2021-11-28 10:13:25,067] {dagbag.py:500} INFO - Filling up the DagBag from /home/airflow/.local/lib/python3.7/site-packages/airflow/example_dags/tutorial_etl_dag.py
[2021-11-28 10:13:25,091] {processor.py:637} INFO - DAG(s) dict_keys(['tutorial_etl_dag']) retrieved from /home/airflow/.local/lib/python3.7/site-packages/airflow/example_dags/tutorial_etl_dag.py
[2021-11-28 10:13:25,099] {logging_mixin.py:109} INFO - [2021-11-28 10:13:25,099] {dag.py:2396} INFO - Sync 1 DAGs
[2021-11-28 10:13:25,111] {logging_mixin.py:109} INFO - [2021-11-28 10:13:25,111] {dag.py:2928} INFO - Setting next_dagrun for tutorial_etl_dag to None
[2021-11-28 10:13:25,119] {processor.py:171} INFO - Processing /home/airflow/.local/lib/python3.7/site-packages/airflow/example_dags/tutorial_etl_dag.py took 0.057 seconds
[2021-11-28 10:13:55,862] {processor.py:163} INFO - Started process (PID=1722) to work on /home/airflow/.local/lib/python3.7/site-packages/airflow/example_dags/tutorial_etl_dag.py
[2021-11-28 10:13:55,863] {processor.py:625} INFO - Processing file /home/airflow/.local/lib/python3.7/site-packages/airflow/example_dags/tutorial_etl_dag.py for tasks to queue
[2021-11-28 10:13:55,864] {logging_mixin.py:109} INFO - [2021-11-28 10:13:55,864] {dagbag.py:500} INFO - Filling up the DagBag from /home/airflow/.local/lib/python3.7/site-packages/airflow/example_dags/tutorial_etl_dag.py
[2021-11-28 10:13:55,887] {processor.py:637} INFO - DAG(s) dict_keys(['tutorial_etl_dag']) retrieved from /home/airflow/.local/lib/python3.7/site-packages/airflow/example_dags/tutorial_etl_dag.py
[2021-11-28 10:13:55,896] {logging_mixin.py:109} INFO - [2021-11-28 10:13:55,896] {dag.py:2396} INFO - Sync 1 DAGs
[2021-11-28 10:13:55,913] {logging_mixin.py:109} INFO - [2021-11-28 10:13:55,913] {dag.py:2928} INFO - Setting next_dagrun for tutorial_etl_dag to None
[2021-11-28 10:13:55,924] {processor.py:171} INFO - Processing /home/airflow/.local/lib/python3.7/site-packages/airflow/example_dags/tutorial_etl_dag.py took 0.064 seconds
[2021-11-28 10:14:26,632] {processor.py:163} INFO - Started process (PID=1774) to work on /home/airflow/.local/lib/python3.7/site-packages/airflow/example_dags/tutorial_etl_dag.py
[2021-11-28 10:14:26,633] {processor.py:625} INFO - Processing file /home/airflow/.local/lib/python3.7/site-packages/airflow/example_dags/tutorial_etl_dag.py for tasks to queue
[2021-11-28 10:14:26,634] {logging_mixin.py:109} INFO - [2021-11-28 10:14:26,634] {dagbag.py:500} INFO - Filling up the DagBag from /home/airflow/.local/lib/python3.7/site-packages/airflow/example_dags/tutorial_etl_dag.py
[2021-11-28 10:14:26,657] {processor.py:637} INFO - DAG(s) dict_keys(['tutorial_etl_dag']) retrieved from /home/airflow/.local/lib/python3.7/site-packages/airflow/example_dags/tutorial_etl_dag.py
[2021-11-28 10:14:26,667] {logging_mixin.py:109} INFO - [2021-11-28 10:14:26,667] {dag.py:2396} INFO - Sync 1 DAGs
[2021-11-28 10:14:26,684] {logging_mixin.py:109} INFO - [2021-11-28 10:14:26,684] {dag.py:2928} INFO - Setting next_dagrun for tutorial_etl_dag to None
[2021-11-28 10:14:26,695] {processor.py:171} INFO - Processing /home/airflow/.local/lib/python3.7/site-packages/airflow/example_dags/tutorial_etl_dag.py took 0.065 seconds
[2021-11-28 10:14:57,412] {processor.py:163} INFO - Started process (PID=1834) to work on /home/airflow/.local/lib/python3.7/site-packages/airflow/example_dags/tutorial_etl_dag.py
[2021-11-28 10:14:57,413] {processor.py:625} INFO - Processing file /home/airflow/.local/lib/python3.7/site-packages/airflow/example_dags/tutorial_etl_dag.py for tasks to queue
[2021-11-28 10:14:57,414] {logging_mixin.py:109} INFO - [2021-11-28 10:14:57,414] {dagbag.py:500} INFO - Filling up the DagBag from /home/airflow/.local/lib/python3.7/site-packages/airflow/example_dags/tutorial_etl_dag.py
[2021-11-28 10:14:57,436] {processor.py:637} INFO - DAG(s) dict_keys(['tutorial_etl_dag']) retrieved from /home/airflow/.local/lib/python3.7/site-packages/airflow/example_dags/tutorial_etl_dag.py
[2021-11-28 10:14:57,442] {logging_mixin.py:109} INFO - [2021-11-28 10:14:57,442] {dag.py:2396} INFO - Sync 1 DAGs
[2021-11-28 10:14:57,454] {logging_mixin.py:109} INFO - [2021-11-28 10:14:57,454] {dag.py:2928} INFO - Setting next_dagrun for tutorial_etl_dag to None
[2021-11-28 10:14:57,464] {processor.py:171} INFO - Processing /home/airflow/.local/lib/python3.7/site-packages/airflow/example_dags/tutorial_etl_dag.py took 0.054 seconds
[2021-11-28 10:15:28,140] {processor.py:163} INFO - Started process (PID=1894) to work on /home/airflow/.local/lib/python3.7/site-packages/airflow/example_dags/tutorial_etl_dag.py
[2021-11-28 10:15:28,141] {processor.py:625} INFO - Processing file /home/airflow/.local/lib/python3.7/site-packages/airflow/example_dags/tutorial_etl_dag.py for tasks to queue
[2021-11-28 10:15:28,142] {logging_mixin.py:109} INFO - [2021-11-28 10:15:28,142] {dagbag.py:500} INFO - Filling up the DagBag from /home/airflow/.local/lib/python3.7/site-packages/airflow/example_dags/tutorial_etl_dag.py
[2021-11-28 10:15:28,167] {processor.py:637} INFO - DAG(s) dict_keys(['tutorial_etl_dag']) retrieved from /home/airflow/.local/lib/python3.7/site-packages/airflow/example_dags/tutorial_etl_dag.py
[2021-11-28 10:15:28,175] {logging_mixin.py:109} INFO - [2021-11-28 10:15:28,175] {dag.py:2396} INFO - Sync 1 DAGs
[2021-11-28 10:15:28,188] {logging_mixin.py:109} INFO - [2021-11-28 10:15:28,187] {dag.py:2928} INFO - Setting next_dagrun for tutorial_etl_dag to None
[2021-11-28 10:15:28,197] {processor.py:171} INFO - Processing /home/airflow/.local/lib/python3.7/site-packages/airflow/example_dags/tutorial_etl_dag.py took 0.060 seconds
[2021-11-28 10:15:58,830] {processor.py:163} INFO - Started process (PID=1945) to work on /home/airflow/.local/lib/python3.7/site-packages/airflow/example_dags/tutorial_etl_dag.py
[2021-11-28 10:15:58,831] {processor.py:625} INFO - Processing file /home/airflow/.local/lib/python3.7/site-packages/airflow/example_dags/tutorial_etl_dag.py for tasks to queue
[2021-11-28 10:15:58,832] {logging_mixin.py:109} INFO - [2021-11-28 10:15:58,832] {dagbag.py:500} INFO - Filling up the DagBag from /home/airflow/.local/lib/python3.7/site-packages/airflow/example_dags/tutorial_etl_dag.py
[2021-11-28 10:15:58,854] {processor.py:637} INFO - DAG(s) dict_keys(['tutorial_etl_dag']) retrieved from /home/airflow/.local/lib/python3.7/site-packages/airflow/example_dags/tutorial_etl_dag.py
[2021-11-28 10:15:58,860] {logging_mixin.py:109} INFO - [2021-11-28 10:15:58,860] {dag.py:2396} INFO - Sync 1 DAGs
[2021-11-28 10:15:58,871] {logging_mixin.py:109} INFO - [2021-11-28 10:15:58,871] {dag.py:2928} INFO - Setting next_dagrun for tutorial_etl_dag to None
[2021-11-28 10:15:58,880] {processor.py:171} INFO - Processing /home/airflow/.local/lib/python3.7/site-packages/airflow/example_dags/tutorial_etl_dag.py took 0.052 seconds
[2021-11-28 10:16:29,593] {processor.py:163} INFO - Started process (PID=2006) to work on /home/airflow/.local/lib/python3.7/site-packages/airflow/example_dags/tutorial_etl_dag.py
[2021-11-28 10:16:29,594] {processor.py:625} INFO - Processing file /home/airflow/.local/lib/python3.7/site-packages/airflow/example_dags/tutorial_etl_dag.py for tasks to queue
[2021-11-28 10:16:29,594] {logging_mixin.py:109} INFO - [2021-11-28 10:16:29,594] {dagbag.py:500} INFO - Filling up the DagBag from /home/airflow/.local/lib/python3.7/site-packages/airflow/example_dags/tutorial_etl_dag.py
[2021-11-28 10:16:29,611] {processor.py:637} INFO - DAG(s) dict_keys(['tutorial_etl_dag']) retrieved from /home/airflow/.local/lib/python3.7/site-packages/airflow/example_dags/tutorial_etl_dag.py
[2021-11-28 10:16:29,618] {logging_mixin.py:109} INFO - [2021-11-28 10:16:29,618] {dag.py:2396} INFO - Sync 1 DAGs
[2021-11-28 10:16:29,631] {logging_mixin.py:109} INFO - [2021-11-28 10:16:29,630] {dag.py:2928} INFO - Setting next_dagrun for tutorial_etl_dag to None
[2021-11-28 10:16:29,640] {processor.py:171} INFO - Processing /home/airflow/.local/lib/python3.7/site-packages/airflow/example_dags/tutorial_etl_dag.py took 0.050 seconds
[2021-11-28 10:17:00,334] {processor.py:163} INFO - Started process (PID=2057) to work on /home/airflow/.local/lib/python3.7/site-packages/airflow/example_dags/tutorial_etl_dag.py
[2021-11-28 10:17:00,335] {processor.py:625} INFO - Processing file /home/airflow/.local/lib/python3.7/site-packages/airflow/example_dags/tutorial_etl_dag.py for tasks to queue
[2021-11-28 10:17:00,336] {logging_mixin.py:109} INFO - [2021-11-28 10:17:00,336] {dagbag.py:500} INFO - Filling up the DagBag from /home/airflow/.local/lib/python3.7/site-packages/airflow/example_dags/tutorial_etl_dag.py
[2021-11-28 10:17:00,360] {processor.py:637} INFO - DAG(s) dict_keys(['tutorial_etl_dag']) retrieved from /home/airflow/.local/lib/python3.7/site-packages/airflow/example_dags/tutorial_etl_dag.py
[2021-11-28 10:17:00,370] {logging_mixin.py:109} INFO - [2021-11-28 10:17:00,370] {dag.py:2396} INFO - Sync 1 DAGs
[2021-11-28 10:17:00,388] {logging_mixin.py:109} INFO - [2021-11-28 10:17:00,388] {dag.py:2928} INFO - Setting next_dagrun for tutorial_etl_dag to None
[2021-11-28 10:17:00,396] {processor.py:171} INFO - Processing /home/airflow/.local/lib/python3.7/site-packages/airflow/example_dags/tutorial_etl_dag.py took 0.064 seconds
[2021-11-28 10:17:30,995] {processor.py:163} INFO - Started process (PID=2117) to work on /home/airflow/.local/lib/python3.7/site-packages/airflow/example_dags/tutorial_etl_dag.py
[2021-11-28 10:17:30,996] {processor.py:625} INFO - Processing file /home/airflow/.local/lib/python3.7/site-packages/airflow/example_dags/tutorial_etl_dag.py for tasks to queue
[2021-11-28 10:17:30,997] {logging_mixin.py:109} INFO - [2021-11-28 10:17:30,997] {dagbag.py:500} INFO - Filling up the DagBag from /home/airflow/.local/lib/python3.7/site-packages/airflow/example_dags/tutorial_etl_dag.py
[2021-11-28 10:17:31,021] {processor.py:637} INFO - DAG(s) dict_keys(['tutorial_etl_dag']) retrieved from /home/airflow/.local/lib/python3.7/site-packages/airflow/example_dags/tutorial_etl_dag.py
[2021-11-28 10:17:31,031] {logging_mixin.py:109} INFO - [2021-11-28 10:17:31,030] {dag.py:2396} INFO - Sync 1 DAGs
[2021-11-28 10:17:31,048] {logging_mixin.py:109} INFO - [2021-11-28 10:17:31,047] {dag.py:2928} INFO - Setting next_dagrun for tutorial_etl_dag to None
[2021-11-28 10:17:31,058] {processor.py:171} INFO - Processing /home/airflow/.local/lib/python3.7/site-packages/airflow/example_dags/tutorial_etl_dag.py took 0.066 seconds
